/home3/jxiong7/IGCexpansion/IGCexpansion/CodonGeneconv.py:275: FutureWarning: comparison to `None` will result in an elementwise object comparison in the future.
  if not x == None:
number of sites to be analyzed:  133
Successfully loaded parameter value from ./test/save/MG94_YER074W_YIL069C_nonclock_save.txt
log likelihood =  -1251.96345229
Edge derivatives =  [-7.185706250919618e-05, -0.0003638938699760119, -0.001451999303235696, -0.00021391659359831783, -3.388822714062421e-05, 0.0019239407568251155, -1.7258329398416295e-05, 0.0021601017664691913, -0.0006364430337972016, 0.00097657671791207, 0.0017693942929277728, 7.525249285897373e-05]
other derivatives: [-0.00698037  0.0060254   0.00502496  0.0017053  -0.00309228  0.0017053 ]
Current x array =  [ -0.68199009  -0.50591591  -0.84527997   2.20490254  -2.00384782
   2.0108832  -13.34580604  -1.55194218  -2.33763834  -1.6087027
 -15.10859937  -3.03796376 -15.98371303  -2.60245343  -4.86168667
  -2.8282687   -2.92530247  -4.41933384]
log likelihood =  -1251.98804821
Edge derivatives =  [-7.175390256097301e-05, 0.01867641300765746, 0.03452879938018544, 0.0323253138569177, -3.402909931444406e-05, -0.020105267249089898, -1.7363862984601002e-05, -0.0396800261653385, -0.004592969000013936, -0.01213938814391824, -0.02871231808166541, 0.0018792365521694276]
other derivatives: [ 3.91855792 -2.58467026 -1.0701342  -0.07439667  0.13681074 -0.1195076 ]
Current x array =  [ -0.68897046  -0.49989051  -0.84025501   2.20660784  -2.0069401
   2.0125885  -13.3458779   -1.55230608  -2.33909034  -1.60891661
 -15.10863326  -3.03603982 -15.98373029  -2.60029333  -4.86232311
  -2.82729212  -2.92353308  -4.41925859]
log likelihood =  -1251.96345209
Edge derivatives =  [-7.185679942920291e-05, -0.0003109610461121126, -0.0013506473079913928, -0.0001224454408753073, -3.3888633568362255e-05, 0.001860807536956055, -1.725863487199534e-05, 0.002040482581415537, -0.0006478793373036473, 0.0009386484047825272, 0.001682242023295144, 8.019151600952013e-05]
other derivatives: [ 0.00427463 -0.00127329  0.00200089  0.00145519 -0.00272848  0.0013415 ]
Current x array =  [ -0.68200994  -0.50589878  -0.84526568   2.20490739  -2.00385661
   2.01088805 -13.34580624  -1.55194322  -2.33764247  -1.6087033
 -15.10859947  -3.03795829 -15.98371308  -2.60244729  -4.86168848
  -2.82826592  -2.92529744  -4.41933363]
      fun: 1251.9634520884742
 hess_inv: <18x18 LbfgsInvHessProduct with dtype=float64>
      jac: array([ -4.27462510e-03,   1.27329258e-03,  -2.00088834e-03,
        -1.45519152e-03,   2.72848411e-03,  -1.34150469e-03,
         7.18567994e-05,   3.10961046e-04,   1.35064731e-03,
         1.22445441e-04,   3.38886336e-05,  -1.86080754e-03,
         1.72586349e-05,  -2.04048258e-03,   6.47879337e-04,
        -9.38648405e-04,  -1.68224202e-03,  -8.01915160e-05])
  message: 'CONVERGENCE: REL_REDUCTION_OF_F_<=_FACTR*EPSMCH'
     nfev: 3
      nit: 1
   status: 0
  success: True
        x: array([ -0.68200994,  -0.50589878,  -0.84526568,   2.20490739,
        -2.00385661,   2.01088805, -13.34580624,  -1.55194322,
        -2.33764247,  -1.6087033 , -15.10859947,  -3.03795829,
       -15.98371308,  -2.60244729,  -4.86168848,  -2.82826592,
        -2.92529744,  -4.41933363])
number of sites to be analyzed:  133
Successfully loaded parameter value from ./test/save/MG94_Force_YER074W_YIL069C_nonclock_save.txt
log likelihood =  -1361.55302811
Edge derivatives =  [-1.9329747202990962e-05, -9.825147989506178e-05, -0.004056728848705671, -0.0007892176612955826, -6.448783191643045e-09, 0.0017472118811596021, -2.2243681720447475e-06, 0.006625428851682935, 0.0008217558645803036, 0.0019312452847305706, -0.0042065727302871, 0.004403001822951447]
other derivatives: [-0.00807177 -0.00436557 -0.00311502 -0.00372893  0.00641194  0.        ]
Current x array =  [ -0.68873925  -0.48364615  -0.86363754   2.09707737  -2.19471993
   0.33647224 -15.36121574  -1.35422348  -3.12519655  -1.2690459
 -15.08001192  -2.91099233 -18.2976553   -2.00888396  -4.72467256
  -2.58554853  -2.80946719  -3.74037378]
log likelihood =  -1361.57847078
Edge derivatives =  [-1.9080120065283572e-05, 0.0814320517949885, 0.029414515980018763, 0.20341705932913917, -4.1635795928957395e-07, -0.004919393087482141, -2.2175567230773265e-06, -0.12324065706102033, 0.005668041049688797, 0.0023703754016274614, 0.07940611741106499, -0.00034316526136488057]
other derivatives: [ 4.69740371  1.99993337  0.69935595 -0.01359695 -0.11482371  0.        ]
Current x array =  [ -0.69681102  -0.48801172  -0.86675256   2.09334845  -2.18830799
   0.33647224 -15.36123507  -1.35432173  -3.12925327  -1.26983511
 -15.08001192  -2.90924512 -18.29765753  -2.00225853  -4.72385081
  -2.58361729  -2.81367377  -3.73597077]
log likelihood =  -1361.55302748
Edge derivatives =  [-1.932852645725129e-05, 0.000303060241142461, -0.003891318227292162, 0.00021537959204709356, -8.491274676377945e-09, 0.0017139953882540776, -2.2243346504037223e-06, 0.0059883710127470735, 0.0008456560665438227, 0.0019331328266710135, -0.0037945974150921102, 0.0043799156090553945]
other derivatives: [ 0.01537046  0.00563887  0.0003638  -0.00381988  0.0058435   0.        ]
Current x array =  [ -0.68877893  -0.48366761  -0.86365285   2.09705904  -2.19468841
   0.33647224 -15.36121584  -1.35422396  -3.12521648  -1.26904978
 -15.08001192  -2.91098374 -18.29765531  -2.0088514   -4.72466852
  -2.58553904  -2.80948787  -3.74035213]
      fun: 1361.5530274840007
 hess_inv: <18x18 LbfgsInvHessProduct with dtype=float64>
      jac: array([ -1.53704605e-02,  -5.63886715e-03,  -3.63797881e-04,
         3.81987775e-03,  -5.84350346e-03,  -0.00000000e+00,
         1.93285265e-05,  -3.03060241e-04,   3.89131823e-03,
        -2.15379592e-04,   8.49127468e-09,  -1.71399539e-03,
         2.22433465e-06,  -5.98837101e-03,  -8.45656067e-04,
        -1.93313283e-03,   3.79459742e-03,  -4.37991561e-03])
  message: 'CONVERGENCE: REL_REDUCTION_OF_F_<=_FACTR*EPSMCH'
     nfev: 3
      nit: 1
   status: 0
  success: True
        x: array([ -0.68877893,  -0.48366761,  -0.86365285,   2.09705904,
        -2.19468841,   0.33647224, -15.36121584,  -1.35422396,
        -3.12521648,  -1.26904978, -15.08001192,  -2.91098374,
       -18.29765531,  -2.0088514 ,  -4.72466852,  -2.58553904,
        -2.80948787,  -3.74035213])
36
