/home3/jxiong7/IGCexpansion/IGCexpansion/CodonGeneconv.py:277: FutureWarning: comparison to `None` will result in an elementwise object comparison in the future.
  if not x == None:
number of sites to be analyzed:  107
Successfully loaded parameter value from ./test/save/MG94_YLR333C_YGR027C_nonclock_save.txt
log likelihood =  -1261.99870095
Edge derivatives =  [-2.3910959130980875e-05, -7.529028884045719e-05, 0.00012867876608940731, 0.0010207649498537863, -0.0021599010747119646, 0.00018109849636492592, -0.001882240114702522, 0.0002744013248686464, 0.0019695525910929934, -0.0026760876128292255, -0.0006010930270438641, -0.0006348349692324451]
other derivatives: [  6.57109922e-03  -2.27373675e-04  -6.82121026e-05   2.54658516e-03
   8.86757334e-04   0.00000000e+00]
Current x array =  [ -0.71987592  -0.51715559  -0.84359365   1.72269417  -1.90454132
   1.18808627 -13.76049713  -1.03859564  -1.53487372  -0.86035287
  -3.755285    -3.01581867  -3.43241759  -3.1760342   -3.74395097
  -3.01806114  -3.16611054  -3.51298069]
log likelihood =  -1262.00888635
Edge derivatives =  [-2.4462907841055556e-05, -0.04307583009667909, -0.057878150984481125, -0.10036648137438636, -0.005977211662074204, -0.009737265580704368, -0.00326947046799465, -0.009226497829741463, -0.011263002143807266, 0.013251214673494105, -0.006691897076475939, -0.002462319626670012]
other derivatives: [-3.0942374   0.11489192  0.04704361  0.02173692 -0.05920811  0.03481091]
Current x array =  [ -0.71330482  -0.51738296  -0.84366186   1.72524076  -1.90365456
   1.18808627 -13.76052104  -1.03867093  -1.53474504  -0.85933211
  -3.7574449   -3.01563757  -3.43429983  -3.1757598   -3.74198142
  -3.02073723  -3.16671164  -3.51361552]
log likelihood =  -1261.99870082
Edge derivatives =  [-2.3912912921552984e-05, -0.00022812886177558944, -7.616891543976712e-05, 0.0006629323982572377, -0.0021735697559475964, 0.00014566288592339494, -0.0018875466025335373, 0.00024075202386836941, 0.00192308143993547, -0.002620762460216919, -0.0006229117046897548, -0.0006416136547864326]
other derivatives: [ -4.16093826e-03   2.04636308e-04   9.09494702e-05   2.63753464e-03
   6.82121026e-04   1.13686838e-04]
Current x array =  [ -0.71985288  -0.51715638  -0.84359389   1.7227031   -1.90453821
   1.18808627 -13.76049722  -1.0385959   -1.53487327  -0.86034929
  -3.75529257  -3.01581804  -3.43242418  -3.17603324  -3.74394407
  -3.01807052  -3.16611265  -3.51298291]
      fun: 1261.9987008201972
 hess_inv: <18x18 LbfgsInvHessProduct with dtype=float64>
      jac: array([  4.16093826e-03,  -2.04636308e-04,  -9.09494702e-05,
        -2.63753464e-03,  -6.82121026e-04,  -1.13686838e-04,
         2.39129129e-05,   2.28128862e-04,   7.61689154e-05,
        -6.62932398e-04,   2.17356976e-03,  -1.45662886e-04,
         1.88754660e-03,  -2.40752024e-04,  -1.92308144e-03,
         2.62076246e-03,   6.22911705e-04,   6.41613655e-04])
  message: 'CONVERGENCE: REL_REDUCTION_OF_F_<=_FACTR*EPSMCH'
     nfev: 3
      nit: 1
   status: 0
  success: True
        x: array([ -0.71985288,  -0.51715638,  -0.84359389,   1.7227031 ,
        -1.90453821,   1.18808627, -13.76049722,  -1.0385959 ,
        -1.53487327,  -0.86034929,  -3.75529257,  -3.01581804,
        -3.43242418,  -3.17603324,  -3.74394407,  -3.01807052,
        -3.16611265,  -3.51298291])
number of sites to be analyzed:  107
Successfully loaded parameter value from ./test/save/MG94_Force_YLR333C_YGR027C_nonclock_save.txt
log likelihood =  -1345.64626406
Edge derivatives =  [-2.890913837861163e-05, 0.002960438794898046, -0.0025487421216948275, 0.00023503771119801065, 0.005989582718634881, 0.0046042753343734505, -0.0060359266471533835, 0.0003604748415066139, -0.0057700940853363525, 0.004541516551667235, 0.0001735427638413084, -0.004444951778742295]
other derivatives: [ 0.00836735  0.0026148   0.00025011 -0.00197815 -0.00095497  0.        ]
Current x array =  [ -0.7124811   -0.53779726  -0.86219192   1.37809574  -1.92542275
   0.33647224 -15.41021157  -0.62741645  -3.04592917  -0.62500371
  -3.41871569  -3.36697357  -3.42440495  -2.65742299  -3.3311918
  -2.62952029  -2.72544707  -2.93732334]
log likelihood =  -1345.66704894
Edge derivatives =  [-2.90252425394108e-05, -0.19629857079497487, -0.025045835625580187, -0.1927073664548688, -0.03549428490800763, -0.04466734101341012, 0.012089861745953532, -0.04260796376071077, 0.006176363048827405, -0.0814058612226991, -0.027663671600716755, 0.013257143920568343]
other derivatives: [-4.45529622 -1.02809281  0.03915375  0.25784175 -0.01593889  0.        ]
Current x array =  [ -0.70411375  -0.53518247  -0.86194181   1.37611758  -1.92637772
   0.33647224 -15.41024048  -0.62445601  -3.04847792  -0.62476867
  -3.41272611  -3.36236929  -3.43044088  -2.65706252  -3.3369619
  -2.62497878  -2.72527352  -2.94176829]
log likelihood =  -1345.64626322
Edge derivatives =  [-2.8909870837103316e-05, 0.0017052561129430321, -0.0026940678529970286, -0.0009830718059283816, 0.005728964439241979, 0.004294161334287824, -0.005922055481495644, 8.91117383498563e-05, -0.005694855992233849, 0.004001089801567548, -2.2295650523446175e-06, -0.004333922634255902]
other derivatives: [-0.01939497 -0.00381988  0.00052296 -0.00034106 -0.00100044  0.        ]
Current x array =  [ -0.71242835  -0.53778078  -0.86219035   1.37808327  -1.92542877
   0.33647224 -15.41021176  -0.62739779  -3.04594524  -0.62500223
  -3.41867794  -3.36694455  -3.424443    -2.65742072  -3.33122817
  -2.62949166  -2.72544597  -2.93735136]
      fun: 1345.6462632186885
 hess_inv: <18x18 LbfgsInvHessProduct with dtype=float64>
      jac: array([  1.93949745e-02,   3.81987775e-03,  -5.22959454e-04,
         3.41060513e-04,   1.00044417e-03,  -0.00000000e+00,
         2.89098708e-05,  -1.70525611e-03,   2.69406785e-03,
         9.83071806e-04,  -5.72896444e-03,  -4.29416133e-03,
         5.92205548e-03,  -8.91117383e-05,   5.69485599e-03,
        -4.00108980e-03,   2.22956505e-06,   4.33392263e-03])
  message: 'CONVERGENCE: REL_REDUCTION_OF_F_<=_FACTR*EPSMCH'
     nfev: 3
      nit: 1
   status: 0
  success: True
        x: array([ -0.71242835,  -0.53778078,  -0.86219035,   1.37808327,
        -1.92542877,   0.33647224, -15.41021176,  -0.62739779,
        -3.04594524,  -0.62500223,  -3.41867794,  -3.36694455,
        -3.424443  ,  -2.65742072,  -3.33122817,  -2.62949166,
        -2.72544597,  -2.93735136])
