/home3/jxiong7/IGCexpansion/IGCexpansion/CodonGeneconv.py:276: FutureWarning: comparison to `None` will result in an elementwise object comparison in the future.
  if not x == None:
number of sites to be analyzed:  303
Successfully loaded parameter value from ./test/save/MG94_PR_GR_nonclock_save.txt
log likelihood =  -9941.88937498
Edge derivatives =  [-0.02146501937918316, 0.3046097633458146, -0.1496613741540005, -0.07979571636001181, 0.16541127154366236, 0.12963161494448872, 0.3335758271351652, 0.15314018701607268, 0.17811379647122572, 0.12340882842013082, -0.029911085376416013, -0.030590422093442662, -0.017784371569831182, -0.0021476426135302387, 0.09919425823799499, 0.018876043784107288, 0.011367940567654694, 0.017366694415966416, 0.03504722642843351, 0.05433413433099865]
other derivatives: [ 2.28119461 -1.02354534 -6.13908924  0.36816346  0.44728949  0.07985363]
Current x array =  [-0.66432046 -0.75660127 -0.599479    0.54282018 -2.76291123 -1.72886284
  0.62768802  2.29843311  0.22798485 -0.37574045 -0.17241354 -0.14823882
 -0.3370115  -1.08419016 -0.97168809 -0.67264489 -2.33463287 -3.54976388
 -4.30590888 -2.76852198 -2.03078331 -1.16088299 -2.93210203 -3.3096286
 -2.60656546 -2.44815452]
log likelihood =  -10658.2284606
Edge derivatives =  [-34.233933508311885, -51.540653760363995, -41.78207835554745, -26.15692599476068, -56.853060422067436, -55.89308134834841, -42.20472571136554, -22.03877013864737, -34.749327039699985, -38.07070675945942, -10.913532340868226, -2.546970870301919, -2.081299305110555, -3.800156540448689, -15.284683972547546, -31.298164997972854, -5.267063296750162, -4.2281376504069605, -9.011194794590114, -11.512750349492602]
other derivatives: [ -268.09630072   294.68428693  1069.44826257   -25.74397513  -144.82538973
    20.52893251]
Current x array =  [-0.5669689  -0.91880284 -1.57234252  0.60116317 -2.69202912 -1.71620841
  0.62428645  2.34670472  0.20426797 -0.3883857  -0.14620076 -0.12769605
 -0.28414963 -1.05992198 -0.94346233 -0.65308825 -2.33937289 -3.55461155
 -4.30872717 -2.76886231 -2.01506396 -1.1578917  -2.93030055 -3.3068765
 -2.60101151 -2.43954417]
log likelihood =  -9941.88208511
Edge derivatives =  [-0.038202101108759434, 0.2831659747347539, -0.16839214565971689, -0.10015092886441308, 0.09151314796422216, 0.058389025687990426, 0.3264812916076336, 0.14456448092078794, 0.15011956538870563, 0.11925379459194078, -0.039821504238757605, -0.028224394097565997, -0.020075602509008764, 0.009979382648439276, 0.08657788403546485, 0.009545510491928422, 0.013176182212228466, 0.01595902279026528, 0.029450059928225608, 0.04201176605723567]
other derivatives: [ 0.83909981 -0.01564331  2.06782715  0.34597178  0.33105607  0.08494681]
Current x array =  [-0.66401341 -0.75711286 -0.60254747  0.5430042  -2.76268767 -1.72882293
  0.62767729  2.29858536  0.22791005 -0.37578033 -0.17233086 -0.14817403
 -0.33684477 -1.08411361 -0.97159906 -0.67258321 -2.33464782 -3.54977916
 -4.30591777 -2.76852305 -2.03073373 -1.16087356 -2.93209635 -3.30961992
 -2.60654794 -2.44812736]
log likelihood =  -9941.88105033
Edge derivatives =  [-0.052416497766823444, 0.24208294325491775, -0.17737036182727278, -0.10394353801286922, 0.08906781882647474, 0.05698436625834469, 0.30427854792421377, 0.1360004853971012, 0.13942437805947216, 0.10448782862448433, -0.04040537006963048, -0.029428430203645675, -0.020257420855965942, 0.00462525980164992, 0.08188632827246745, 0.0016062748357570378, 0.010524254866050048, 0.014391917834690765, 0.0274505167538404, 0.041421764610184764]
other derivatives: [-0.39581209 -0.06057235  0.08822099  0.34651748  0.21154847  0.07948984]
Current x array =  [-0.66365056 -0.75708948 -0.60178108  0.54309438 -2.76260397 -1.7288005
  0.62766681  2.29865908  0.22786535 -0.37580717 -0.17230886 -0.14816065
 -0.33675929 -1.08407591 -0.97156043 -0.67255203 -2.33465854 -3.54978651
 -4.3059231  -2.7685201  -2.03071135 -1.16087131 -2.93209285 -3.30961577
 -2.60654036 -2.44811667]
log likelihood =  -9941.88085559
Edge derivatives =  [-0.0537784388075675, 0.21967111710878906, -0.17486509352448965, -0.10318736743548335, 0.08778037329118826, 0.05557579507123167, 0.2924427026251058, 0.13144970912317525, 0.13511053980162124, 0.09809716304576076, -0.03946346392783627, -0.029397401757417015, -0.020316666466036783, 0.004255670836636062, 0.08053707679052213, 0.0016086876880238021, 0.010385697674329897, 0.014357038760652766, 0.027351985195136458, 0.041110208050532226]
other derivatives: [-0.04220055 -0.01855369 -0.15206751  0.31122909  0.17498678  0.07566996]
Current x array =  [-0.66375182 -0.75711564 -0.60170238  0.54323514 -2.76251359 -1.72876805
  0.62764607  2.29875886  0.22779369 -0.37584918 -0.17227238 -0.14813724
 -0.33663495 -1.08402037 -0.97150336 -0.67250908 -2.3346749  -3.54979842
 -4.30593131 -2.76851808 -2.0306779  -1.16087035 -2.93208849 -3.30960987
 -2.60652913 -2.44809979]
log likelihood =  -9941.8802449
Edge derivatives =  [-0.06559730972524708, 0.09933752988128974, -0.16768663646200788, -0.10353388028132562, 0.0641337410179631, 0.03319665462966981, 0.22454914961505612, 0.10440431957121125, 0.10159050416837134, 0.061297251991553336, -0.03760516683346453, -0.029226558816394604, -0.021212761850373664, 0.002264378578406806, 0.0687779471783071, -0.004257651507504567, 0.008427812600820497, 0.013122814593246677, 0.023960390087803707, 0.03631228761212757]
other derivatives: [ 0.53569238  0.19317667 -0.43764885  0.15661499 -0.08676579  0.05766196]
Current x array =  [-0.66393412 -0.75721669 -0.60160818  0.54396419 -2.76205944 -1.72859472
  0.62753106  2.29927961  0.22740414 -0.37607839 -0.17207317 -0.1480099
 -0.33596709 -1.0837211  -0.97119523 -0.67228106 -2.33476334 -3.54986373
 -4.30597639 -2.76850745 -2.03049591 -1.1608649  -2.93206472 -3.30957751
 -2.60646757 -2.4480075 ]
log likelihood =  -9941.87975669
Edge derivatives =  [-0.05634387663971907, -0.009976689165590136, -0.13878567201149572, -0.09279608228652528, 0.033091342773680976, 0.00666114659774264, 0.14031298645714754, 0.0719808103337011, 0.051786831867627, 0.019988668649311758, -0.03631894116434768, -0.02852895414586548, -0.0226949369506416, -0.0004276448119446691, 0.05066179847414598, -0.012098659730027439, 0.0046796648880128855, 0.011145504209911304, 0.016790630413064847, 0.027921144417255794]
other derivatives: [ 0.32050593 -0.08349161 -0.34979166 -0.05748007 -0.27557689  0.03565219]
Current x array =  [-0.66389934 -0.75707134 -0.60164381  0.54484593 -2.76176021 -1.72836194
  0.62734265  2.29988695  0.22683475 -0.37641964 -0.17181505 -0.14785585
 -0.33507183 -1.08331561 -0.97078741 -0.67199429 -2.33489266 -3.54996016
 -4.30604444 -2.7684946  -2.0302439  -1.16086677 -2.93203263 -3.30953167
 -2.60638189 -2.44787828]
log likelihood =  -9941.87956903
Edge derivatives =  [0.01577119261566562, -0.01919533795244799, -0.04286934168062706, -0.044625862931926295, 0.043790647411501515, 0.022042112033274552, 0.06863550321260742, 0.04774664179675431, 0.016630107885649004, -0.008982351008304024, -0.030360307781124293, -0.026999800694957027, -0.024049031488719466, -0.001365146238383741, 0.029341671231251754, -0.009635093237409298, 0.002501363140509971, 0.008749945962768478, 0.01175349736334047, 0.019924306338451103]
other derivatives: [ 0.00727596  0.74742275 -0.05875336 -0.24574547 -0.06239134  0.01546141]
Current x array =  [-0.66379777 -0.75749459 -0.60174181  0.54540772 -2.76211263 -1.72808382
  0.62706671  2.30038398  0.22604261 -0.37691921 -0.17152866 -0.14771711
 -0.33399768 -1.0828078  -0.97033513 -0.67170858 -2.3350886  -3.55010845
 -4.30615613 -2.7684846  -2.02991694 -1.16089876 -2.93199575 -3.30946722
 -2.60627314 -2.44770665]
log likelihood =  -9941.87936422
Edge derivatives =  [0.029265655776507415, -0.009618052916199882, -0.02498739699960438, -0.03523232201934099, 0.036969758323436075, 0.017817816444685164, 0.053558281003295155, 0.04286313966262463, 0.005986823560105492, -0.009600057796202266, -0.028306294958922812, -0.026014499379576977, -0.024071843593302056, -0.0011313239335583591, 0.02637670101266043, -0.006689337894380587, 0.0017259997654869297, 0.009129051098972309, 0.009528513403717992, 0.018122454766111185]
other derivatives: [ 0.00600267  0.05802576  0.03910827 -0.22791937  0.01218723  0.01218723]
Current x array =  [-0.66379962 -0.7571371  -0.60177934  0.54530961 -2.76224172 -1.72803339
  0.62703353  2.3004327   0.22589374 -0.37702526 -0.17146096 -0.14768581
 -0.33379735 -1.08270237 -0.97026077 -0.67167547 -2.33513862 -3.55014885
 -4.3061892  -2.7684843  -2.02984944 -1.16091124 -2.93198893 -3.30945181
 -2.60624963 -2.44766821]
log likelihood =  -9941.87930134
Edge derivatives =  [0.03360515453426022, 0.0026219828694333813, -0.015388075649148111, -0.029960458496822724, 0.0355706839822697, 0.0175168499450169, 0.04766372534777499, 0.04093174175985434, 0.004818941221643169, -0.007598782666042497, -0.026115003117572616, -0.025360158285035538, -0.02388392484663949, -0.0006092026061250561, 0.025108569302662698, -0.0036450598490315733, 0.0018219106575467353, 0.009389738097424744, 0.009160762565987954, 0.0176818265285984]
other derivatives: [-0.05384209 -0.1204171   0.02128218 -0.1546141   0.02619345  0.01164153]
Current x array =  [-0.66378552 -0.75705897 -0.60177992  0.54505346 -2.76235684 -1.72801418
  0.62704136  2.30040398  0.22582984 -0.37708527 -0.17142242 -0.14767204
 -0.33371644 -1.08264615 -0.97024571 -0.67168376 -2.3351753  -3.55018075
 -4.30621778 -2.76848584 -2.02981282 -1.16092286 -2.93198645 -3.30944068
 -2.60623689 -2.44764467]
log likelihood =  -9941.87922427
Edge derivatives =  [0.0447529639243589, 0.00986463948943761, 0.014317774927616378, -0.014598620603933592, 0.030644750785974173, 0.01547274793581277, 0.018869999690911327, 0.030460508631881614, -0.003244965572060665, -0.01054538639879396, -0.019884402695346776, -0.023673589437496645, -0.023692251930720075, 0.00043340270924981106, 0.01840157933470532, 0.0024953344237468866, 0.0018360873376505604, 0.009451662067444563, 0.007804130468031453, 0.015268551522940488]
other derivatives: [-0.034197   -0.14006218  0.07821654 -0.05893526  0.09313226  0.00545697]
Current x array =  [-0.66378907 -0.75705185 -0.60179547  0.54462598 -2.76256811 -1.7279215
  0.62704433  2.30045868  0.22557733 -0.37729845 -0.17126927 -0.14760396
 -0.33334664 -1.08242241 -0.97013426 -0.67165286 -2.33529534 -3.55028512
 -4.30630895 -2.7684867  -2.02966968 -1.16094878 -2.93197361 -3.3094012
 -2.60618696 -2.44755743]
log likelihood =  -9941.87920454
Edge derivatives =  [0.0006764773087047371, -0.04826600543364834, -0.0030488477782022044, -0.024928769748597212, -0.0027917572252599276, -0.014347806284657372, -0.02119387732471495, 0.011478505418524548, -0.013005418539876246, -0.019490353637836938, -0.013538090881361847, -0.021926291526655192, -0.023544985844060208, 0.0008010964061588091, 0.009746214205922032, 0.0003568369678134675, 0.0012958463390223829, 0.008720237830455717, 0.005397188592554197, 0.011024446494913964]
other derivatives: [-0.13569661 -0.02473826  0.10986696  0.11168595 -0.13187673 -0.00090949]
Current x array =  [-0.66377753 -0.75712313 -0.60180497  0.54427287 -2.76233464 -1.72785111
  0.62721015  2.30051442  0.22549564 -0.37747636 -0.17106428 -0.14750756
 -0.33308138 -1.08218143 -0.97008186 -0.67168025 -2.33543753 -3.55043872
 -4.3064557  -2.76848469 -2.02951788 -1.16094914 -2.93195811 -3.30934065
 -2.60612634 -2.44744681]
      fun: 9941.87920454072
 hess_inv: <26x26 LbfgsInvHessProduct with dtype=float64>
      jac: array([ 0.13569661,  0.02473826, -0.10986696, -0.11168595,  0.13187673,
        0.00090949, -0.00067648,  0.04826601,  0.00304885,  0.02492877,
        0.00279176,  0.01434781,  0.02119388, -0.01147851,  0.01300542,
        0.01949035,  0.01353809,  0.02192629,  0.02354499, -0.0008011 ,
       -0.00974621, -0.00035684, -0.00129585, -0.00872024, -0.00539719,
       -0.01102445])
  message: 'CONVERGENCE: REL_REDUCTION_OF_F_<=_FACTR*EPSMCH'
     nfev: 12
      nit: 10
   status: 0
  success: True
        x: array([-0.66377753, -0.75712313, -0.60180497,  0.54427287, -2.76233464,
       -1.72785111,  0.62721015,  2.30051442,  0.22549564, -0.37747636,
       -0.17106428, -0.14750756, -0.33308138, -1.08218143, -0.97008186,
       -0.67168025, -2.33543753, -3.55043872, -4.3064557 , -2.76848469,
       -2.02951788, -1.16094914, -2.93195811, -3.30934065, -2.60612634,
       -2.44744681])
number of sites to be analyzed:  303
log likelihood =  -12897.3182295
Edge derivatives =  [165.16661898858808, 305.6735471556225, 113.83835743533261, 127.27553127119026, 171.8224816572372, 193.21016099250312, 153.58100827509912, 74.71003805597846, 105.47592323563534, 115.52010588551987, -7.185813773133075, -28.677061845375317, -36.58947346470546, -26.433347702827707, 11.271916341042191, 73.58450272809614, -28.280544843607526, -36.61350442926456, -12.165571578571955, -12.240038851880934]
other derivatives: [   9.04237822   13.07525963    2.25973054  280.74045986 -818.15796875
    0.        ]
Current x array =  [-0.65779035 -0.61161194 -0.76840117  0.18232156 -0.10536052  0.33647224
 -2.30258509 -2.30258509 -2.30258509 -2.30258509 -2.30258509 -2.30258509
 -2.30258509 -2.30258509 -2.30258509 -2.30258509 -2.30258509 -2.30258509
 -2.30258509 -2.30258509 -2.30258509 -2.30258509 -2.30258509 -2.30258509
 -2.30258509 -2.30258509]
log likelihood =  -12078.8023483
Edge derivatives =  [158.02709725396141, 303.6699989844029, 112.2516312920542, 121.80967777574317, 165.49436551704102, 183.4867826009666, 147.99974479251563, 73.74501401508718, 100.85667691567309, 113.76272305729417, -6.025700062904796, -24.485494704290417, -32.00717153615013, -22.733773975273532, 12.163424574773167, 70.95448934280756, -25.570818864059234, -33.16411522559422, -10.151683531081712, -9.469985972777657]
other derivatives: [  95.99571058   49.51325536  -29.74284143   47.87798389 -394.22156988
    0.        ]
Current x array =  [-0.65719132 -0.61105842 -0.76769312  0.45901633 -0.91172819  0.33647224
 -2.13979865 -2.00131654 -2.19038723 -2.1771437  -2.13323871 -2.11215924
 -2.15121731 -2.22895168 -2.19862916 -2.18872972 -2.30966735 -2.3308489
 -2.33864728 -2.32863752 -2.29147561 -2.230061   -2.33045809 -2.33867097
 -2.31457535 -2.31464874]
log likelihood =  -11534.4215652
Edge derivatives =  [99.73971785966738, 264.72978958492774, 81.27741997960754, 83.17666964652967, 108.61015245723013, 121.92147673578344, 115.16997619427782, 51.05831033334558, 64.2077189111094, 93.78733763805322, -7.770477171429597, -19.206075201972915, -26.23904837267724, -17.87700109345493, 7.348163376022601, 54.557263181746045, -22.582016696912085, -28.350655112798513, -12.200661687193993, -10.091500754325716]
other derivatives: [-3345.06748914  -104.98952179   151.89452824  -274.71760404   302.24819056
     0.        ]
Current x array =  [-0.27930796 -0.43629637 -0.89526688  0.57178182 -2.29845253  0.33647224
 -1.53396678 -0.83353553 -1.75897654 -1.71014785 -1.49842693 -1.4091619
 -1.58348839 -1.94550766 -1.81199197 -1.75155733 -2.33249578 -2.42377279
 -2.46039157 -2.41497248 -2.24440228 -1.95786463 -2.42801254 -2.46521431
 -2.35301688 -2.35023537]
log likelihood =  -11154.3732191
Edge derivatives =  [103.31666924616965, 254.3256208591979, 83.70695434256605, 79.48206645296962, 101.71488093541322, 112.95854463575978, 110.04458683303615, 50.60563119043451, 65.11461226363923, 92.64155887131628, -7.067143945853596, -15.793607535866174, -22.747596667210622, -14.410125919453918, 8.968126808585106, 55.738978147598495, -19.03019502278311, -24.129225130562027, -8.803262316018152, -7.180178069797833]
other derivatives: [ 329.98905226 -463.51051424  145.89950297 -228.45852072  477.33701649
    0.        ]
Current x array =  [-0.66160477 -0.42611085 -0.8924832   0.62862581 -2.67058841  0.33647224
 -1.39430707 -0.55844057 -1.65923707 -1.60168931 -1.3518984  -1.24587415
 -1.450131   -1.8803036  -1.7227717  -1.64896159 -2.33854293 -2.4466209
 -2.49019509 -2.43614683 -2.23403268 -1.89402595 -2.45180985 -2.49594166
 -2.36310327 -2.35968614]
log likelihood =  -10982.8729248
Edge derivatives =  [96.77564208876372, 247.34417982992494, 79.48789543484239, 75.85129551942903, 96.58522092118493, 107.36828713795967, 105.56795405219458, 47.4994671123395, 62.402920181007005, 89.2791463838273, -7.633903357595865, -16.446879776243957, -23.21923407406205, -14.90484623260088, 7.968404296544213, 54.14743485014441, -19.1243908843385, -24.30885225683437, -9.116389396925747, -7.461061812986313]
other derivatives: [ 181.62791093 -401.59338823  151.22805053 -137.23965822  374.64469642
    0.        ]
Current x array =  [-0.63184711 -0.44650129 -0.8952289   0.49016781 -2.45499604  0.33647224
 -1.36603506 -0.49147098 -1.63620736 -1.5797808  -1.32226842 -1.21434266
 -1.42141426 -1.86560374 -1.70482984 -1.62473326 -2.33954869 -2.44949227
 -2.49462551 -2.43888574 -2.23103713 -1.87995693 -2.45594112 -2.50126202
 -2.36444977 -2.36036939]
log likelihood =  -10289.2972081
Edge derivatives =  [29.118144899867463, 93.3402536229241, 37.72896557956443, 21.312164114933793, 0.5351414604575068, -12.82070940700978, 22.290539958363187, 8.103126075152177, 18.268087728705694, 29.272814058420888, -8.136513246707048, -13.478479171648253, -18.59783835047091, -10.529857683783845, 2.0210315492781428, 29.273774344925094, -12.616420413143228, -17.514157094136014, -6.3204352953075515, -4.278806401817001]
other derivatives: [-800.25019997 -119.66803868  301.2642992   215.42473405  -15.44467523
    0.        ]
Current x array =  [-0.49618472 -0.67348281 -0.8288805  -0.10358599 -2.2125463   0.33647224
 -0.62077349  1.10492825 -1.07517118 -0.99863129 -0.54104562 -0.35600743
 -0.6878449  -1.50583648 -1.22444619 -1.0382142  -2.37432279 -2.56224896
 -2.64694078 -2.54329967 -2.16948667 -1.52084803 -2.58112852 -2.6630369
 -2.41479903 -2.40252296]
log likelihood =  -10137.1611306
Edge derivatives =  [30.47420322893456, 47.15415349457596, 41.014314157978276, 19.71631271753166, 4.628453973249152, -19.04484503664196, 7.701453225840025, 5.168575335349719, 17.476377742145466, 13.276255004686664, -3.9399289934184334, -10.605233173210278, -14.81938395289423, -7.276564626980837, 3.9216911631790548, 25.11223909776844, -8.134220036017162, -13.413471806197197, -1.6718631241144117, 0.15551476863707592]
other derivatives: [-308.50096664  256.45294954 -156.80525394  182.68783606  -38.75284165
    0.        ]
Current x array =  [-0.58553792 -0.93102534 -0.55086384 -0.00534107 -2.34396492  0.33647224
 -0.38015605  1.6252213  -0.88410266 -0.81460725 -0.31821751 -0.12151255
 -0.46170422 -1.39686574 -1.07139303 -0.84948487 -2.39066994 -2.60620472
 -2.70640757 -2.58228803 -2.15025769 -1.39454944 -2.62719411 -2.72363078
 -2.4342952  -2.41863567]
log likelihood =  -10066.4568079
Edge derivatives =  [34.987112863861476, 32.40935003915141, 40.92764347016278, 20.39449652893842, -0.7969313926525154, -21.37266720171492, 2.2285688611985304, 4.239004267263267, 8.9799157336127, 7.416181728597684, -3.7429687778740854, -9.137797578665179, -13.62130610340009, -5.8098257894631145, 3.497472625237898, 19.716124605195624, -6.969498634868062, -11.974461853518282, -1.3133169326717218, 0.6965032941032083]
other derivatives: [-159.6268703   182.7324013   -51.10505299  125.57684386   23.19302439
    0.        ]
Current x array =  [-0.61877683 -0.87184374 -0.58577308  0.10609029 -2.57150599  0.33647224
 -0.23109903  1.91519921 -0.7648493  -0.70250842 -0.18248692  0.01460761
 -0.33291787 -1.33258775 -0.97795379 -0.74391134 -2.39894288 -2.63306132
 -2.74252199 -2.60560914 -2.13773508 -1.31874353 -2.65397428 -2.75992069
 -2.4443515  -2.42680327]
log likelihood =  -10020.7956775
Edge derivatives =  [29.893040941509653, -22.56641476519353, 34.486464556030135, 15.478284284681864, -13.712249683048414, -30.444648193087453, -13.492703381115398, 0.5952224597142144, -8.016045795266368, -7.177026712219352, -3.553722068493008, -7.347208352240923, -12.01638601025946, -4.40557855332524, 2.0893133428821278, 6.234459881759777, -5.656999217810784, -9.8745655548344, -1.5712631126681749, 0.8526691658146759]
other derivatives: [ -11.03962859 -132.22525013 -136.01347746   63.66590242   -5.9215381     0.        ]
Current x array =  [-0.66182548 -0.70233365 -0.55512001  0.30947166 -2.75060953  0.33647224
  0.04845241  2.4113556  -0.53131036 -0.50014643  0.03156621  0.21301164
 -0.12516664 -1.22441958 -0.82614866 -0.56848361 -2.41615613 -2.6836821
 -2.81288126 -2.64737329 -2.1143898  -1.18129423 -2.70315763 -2.82900036
 -2.46175177 -2.43877394]
log likelihood =  -10007.3315951
Edge derivatives =  [31.13267677576209, -14.083424502030248, 35.3999969827665, 16.020338705880988, -9.887061645993555, -23.00931394009028, -8.781843831348876, 1.9437883739973378, -6.504583973780061, -4.973213849748429, -3.5257991595250027, -7.02429311190057, -11.800375815838965, -3.767345012597696, 1.8957148017047674, 4.994154929695088, -5.213289440345281, -9.52099392200561, -1.4546147931795113, 0.6674822244326085]
other derivatives: [  83.5814717     0.2914021   105.18797353   23.41221261   23.58210622
    0.        ]
Current x array =  [-0.68841013 -0.76106734 -0.64100046  0.42875684 -2.77400284  0.33647224
  0.09085591  2.41349474 -0.48470211 -0.47677169  0.0225688   0.18323923
 -0.13189596 -1.22089991 -0.82726214 -0.56883229 -2.42086819 -2.69401767
 -2.82903804 -2.65389498 -2.11118456 -1.16669175 -2.71121295 -2.84265266
 -2.46396288 -2.438292  ]
log likelihood =  -10002.0610145
Edge derivatives =  [29.805441459067946, -14.345359111452597, 34.686795956906565, 15.406738535714616, -8.93593977803118, -21.046364155290412, -8.4924007302592, 1.9365338782920365, -6.1394535314034435, -5.021616229967424, -3.3882531698669163, -6.98481875786821, -11.69712012741519, -3.8231966546642173, 1.78995262908302, 4.223800416080486, -5.1487501607581745, -9.422220350945501, -1.4188653009047854, 0.6874231329159539]
other derivatives: [ 88.42889656  18.93713488  29.41451385  11.61315595  20.50837793   0.        ]
Current x array =  [-0.68924836 -0.76981723 -0.61189569  0.47058895 -2.75965307  0.33647224
  0.10960501  2.40861049 -0.46212822 -0.46719419  0.01460376  0.16498947
 -0.13781453 -1.22031812 -0.8303521  -0.5711351  -2.42335407 -2.69890902
 -2.83697067 -2.65668899 -2.10987749 -1.16143377 -2.7148903  -2.84917584
 -2.46499716 -2.4379212 ]
log likelihood =  -9993.73391551
Edge derivatives =  [23.31665758163204, -13.347805727436269, 30.401499771134915, 11.812391110820851, -8.975233243672639, -17.660860735068187, -7.85013708863579, 1.4228911906761108, -5.760218848720161, -4.466713704815183, -3.329195575123369, -6.92041862032255, -11.505262559606347, -3.972845735679276, 1.2697082519683511, 2.0208858004655212, -5.156084860222679, -9.18708824745034, -1.744637331969905, 0.3004858607110784]
other derivatives: [ 57.88569979   2.17460183 -56.14419933 -16.18464012   1.24346116   0.        ]
Current x array =  [-0.68062312 -0.75881932 -0.58234411  0.57401056 -2.69165608  0.33647224
  0.16028213  2.35961239 -0.39555272 -0.44466283 -0.02398374  0.09241118
 -0.17091725 -1.22413289 -0.85049574 -0.59053839 -2.43075602 -2.71294864
 -2.86060495 -2.66388233 -2.10662826 -1.15263267 -2.72468419 -2.86788459
 -2.46735248 -2.43559264]
log likelihood =  -9987.99703757
Edge derivatives =  [15.784132451614832, -10.235436418026058, 25.194614215013424, 7.765546576995111, -8.492567047427876, -13.771807181967699, -6.404971110665742, 1.0779719908234666, -4.827531781528057, -3.187665594750323, -3.129132591660844, -6.694245465650609, -11.156913168780433, -3.831790578825364, 0.8556284530161911, 0.275583070578677, -4.949432017872963, -8.740358701810266, -1.9634358799661011, -0.045114221130421295]
other derivatives: [ 10.53158485  -0.7894414  -48.45769581 -32.60101948 -15.81902325   0.        ]
Current x array =  [-0.66786049 -0.75527136 -0.58495344  0.63487253 -2.63707478  0.33647224
  0.21842046  2.30413018 -0.31746735 -0.41837121 -0.06560168  0.01636785
 -0.20652965 -1.22701387 -0.87356078 -0.61166417 -2.43963457 -2.7300488
 -2.88941113 -2.67288366 -2.10320351 -1.14541844 -2.73682621 -2.89062756
 -2.47080088 -2.43345481]
log likelihood =  -9980.85406325
Edge derivatives =  [6.362824152451843, -4.0722452128782685, 17.933094112012128, 3.093461108633673, -5.092172374919185, -6.2349800885591575, -3.4574549226191973, 1.2835472227812745, -3.1920237799163353, -1.152474824915794, -2.3638436977239397, -5.945556918402631, -10.219791352178536, -3.128836054369677, 0.5599498221557412, -2.027135597290695, -4.148386303274043, -7.58139507550166, -1.901030950833338, -0.16806396113835886]
other derivatives: [-43.40363375  -6.08742994 -15.59947123 -38.70809451 -19.18160706   0.        ]
Current x array =  [-0.65330869 -0.75151301 -0.59571116  0.6557405  -2.63512231  0.33647224
  0.32897707  2.26464373 -0.17270891 -0.361317   -0.10762475 -0.07151663
 -0.23907166 -1.21940756 -0.89517851 -0.6260165  -2.45586614 -2.76396369
 -2.9453211  -2.69232102 -2.09628842 -1.12748355 -2.76224379 -2.93556801
 -2.47938844 -2.43230589]
log likelihood =  -9975.37275234
Edge derivatives =  [-12.926461097516603, -5.318644568669299, 1.6055649717670855, -6.327652990746546, -2.2597592741753134, 0.6773975237688777, -2.4374144517517244, 0.673123329108117, -1.3815963439842873, -0.2644168396537907, -0.761538439184828, -4.679189179999139, -8.605763417367998, -1.7692282607816558, 0.5724843227874153, -4.906921242754916, -2.581727119054221, -5.533142025037436, -1.3688252290093725, 0.05478000469816685]
other derivatives: [ -5.63704816e-01  -1.56122042e+01   9.68502718e+00   6.34204668e+07
  -5.60245098e+01   0.00000000e+00]
Current x array =  [-0.66689163 -0.74702067 -0.60563996  0.59159839 -2.618235    0.33647224
  0.49806557  2.23630761  0.05506371 -0.27031251 -0.15269758 -0.17644404
 -0.27236554 -1.19970788 -0.9194989  -0.63562091 -2.48080264 -2.81898776
 -3.03653938 -2.72380394 -2.08491737 -1.10147545 -2.80361388 -3.00845368
 -2.49406005 -2.43135669]
log likelihood =  -9980.85402978
Edge derivatives =  [6.362772927406486, -4.0722484819773985, 17.933053559835482, 3.0934352989487244, -5.092165988068265, -6.2349604733403, -3.4574521342338778, 1.2835452730846062, -3.1920187777926885, -1.1524724519288168, -2.363839059506025, -5.945553169312063, -10.219786442996153, -3.1288320826771763, 0.5599498483787888, -2.0271438059140587, -4.148381711713242, -7.581388974806698, -1.9010294160257384, -0.16806332809401803]
other derivatives: [-43.3954483   -6.07942638 -15.57109499 -38.69590728 -19.17160262   0.        ]
Current x array =  [-0.65330872 -0.75151299 -0.59571118  0.65574031 -2.63512226  0.33647224
  0.32897755  2.26464365 -0.17270826 -0.36131674 -0.10762488 -0.07151694
 -0.23907176 -1.2194075  -0.89517858 -0.62601653 -2.45586621 -2.76396385
 -2.94532136 -2.69232111 -2.09628839 -1.12748348 -2.76224391 -2.93556821
 -2.47938849 -2.43230588]
log likelihood =  -9975.78041536
Edge derivatives =  [-6.172641785622284, -4.877851796583911, 7.554204435334151, -3.0931967793540833, -3.339150523910197, -1.6418594798460502, -2.787812670212272, 0.861263783929916, -1.9989384074882692, -0.573688970615826, -1.2922466832245718, -5.092362991223875, -9.122511020109021, -2.216846062728301, 0.5676787274130369, -3.942825431975853, -3.096383159211707, -6.198661519142476, -1.5455364337880682, -0.019910657235950868]
other derivatives: [-14.7281753  -12.46626198   1.38061296 -19.85499694 -42.90850484   0.        ]
Current x array =  [-0.662364   -0.74851811 -0.60233037  0.612979   -2.62386408  0.33647224
  0.44170297  2.24575295 -0.02086018 -0.30064722 -0.13767337 -0.14146838
 -0.26126762 -1.20627441 -0.91139214 -0.63241946 -2.47249051 -2.80064648
 -3.00613341 -2.71330968 -2.0887077  -1.11014478 -2.7898239  -2.98415855
 -2.48916954 -2.43167309]
log likelihood =  -9981.23504644
Edge derivatives =  [-7.387382573139325, 17.989865021034074, 1.0739335890074624, -1.5454820060604297, 12.171575281265502, 17.24339922446632, 6.696991237469232, 4.733578546597301, 0.5042056744794832, 3.480581783774708, 1.258423219156119, -2.571460216447613, -6.512400794675209, 0.3496463118788601, 0.3520687089253478, -8.689879902903607, -0.2831003158195008, -2.80750386607998, -0.5386391566171503, 0.7029776922505936]
other derivatives: [-187.8994226    15.80028766   74.76992323  -20.1360308    59.58099791
    0.        ]
Current x array =  [-0.61547921 -0.76504129 -0.62594335  0.55489978 -2.95495322  0.33647224
  0.73807347  2.36264274  0.37845913 -0.1219094  -0.12732311 -0.20316593
 -0.2376372  -1.13875124 -0.89451303 -0.58491228 -2.51486697 -2.9069861
 -3.17945404 -2.776745   -2.06446487 -1.04407378 -2.87113666 -3.12330666
 -2.51991806 -2.43574371]
log likelihood =  -9972.35145786
Edge derivatives =  [-6.834694103444603, 3.6664779084348353, 5.073997573566555, -2.6290305940747998, 2.8204028848993525, 6.121643781965793, 0.9805201903744017, 2.3424839880392665, -0.9708572491603387, 1.0153975705662448, -0.29761185475812424, -4.077538580040441, -8.037319272137585, -1.202075116330688, 0.5010773948593058, -5.686274705851637, -1.9881724403138037, -4.841555252200627, -1.138564809795757, 0.2684235364520344]
other derivatives: [-76.5081495   -2.01325747  30.7616574  -19.97759682  -2.61679816   0.        ]
Current x array =  [-0.64454352 -0.75479842 -0.61130545  0.59090362 -2.74970804  0.33647224
  0.5543507   2.29018169  0.13091745 -0.2327106  -0.13373933 -0.16491906
 -0.25228591 -1.18060947 -0.90497654 -0.61436241 -2.48859742 -2.8410652
 -3.072011   -2.73742086 -2.07949322 -1.08503179 -2.82073014 -3.03704748
 -2.50085677 -2.43322029]
log likelihood =  -9970.3737565
Edge derivatives =  [-7.56529444041889, 3.8229917688250934, 3.3676761197644103, -2.906622833877865, 3.8042539259529278, 7.243492203488339, 1.3830686847243194, 2.574032864835969, -0.3476722720255335, 1.1703756107863816, 0.32241879326984807, -3.6348230755393613, -7.468622208232764, -0.7117857210192334, 0.822119293978956, -5.071127405832109, -1.4245654852008436, -4.165290243774047, -0.7504486864177928, 0.5804702583097056]
other derivatives: [ -5.3732947   -8.30041245  16.6517566   -5.67197276   2.03781383   0.        ]
Current x array =  [-0.66266118 -0.75274446 -0.60679119  0.54387727 -2.78201315  0.33647224
  0.58326433  2.30864322  0.18397357 -0.21321035 -0.12661699 -0.16182077
 -0.24687999 -1.16901532 -0.90323166 -0.6068707  -2.49369497 -2.85786774
 -3.10097752 -2.74612784 -2.07587768 -1.08343889 -2.83242349 -3.05861415
 -2.50560721 -2.43331268]
log likelihood =  -9969.8762535
Edge derivatives =  [-5.996431916389254, 1.8986363319708173, 4.115572238459007, -2.1768792104945573, 3.2507889535342063, 6.329916451937322, 0.8578415852263392, 2.544036607775304, -0.6556990797032797, 0.5944780892069493, 0.512869733270679, -3.479088157514414, -7.254791604237914, -0.5492445992817102, 0.9564455123042981, -4.503293550112175, -1.2306531706939177, -3.937460360239314, -0.5757506553237813, 0.743556222066015]
other derivatives: [ 9.62681952 -9.3730705   4.73155524  2.41634552  5.71435521  0.        ]
Current x array =  [-0.66646852 -0.7531713  -0.60246697  0.51630361 -2.80674739  0.33647224
  0.58321023  2.33680561  0.19382122 -0.20919978 -0.10960523 -0.13793548
 -0.23341608 -1.16081978 -0.89549718 -0.59630226 -2.4938616  -2.86346535
 -3.11113448 -2.74861766 -2.07434204 -1.08467847 -2.83588627 -3.06543178
 -2.50733212 -2.43362518]
log likelihood =  -9969.44720996
Edge derivatives =  [-5.707108548052683, -1.6972096714383342, 3.291988651598751, -2.2529504367679, 2.1591429991993643, 4.983599591997344, -0.05925834486565093, 2.2785328883719873, -1.2188236815071023, -0.30057690616152377, 0.6902969369241567, -3.282036907616132, -6.972254444338741, -0.3606873455924532, 0.9544018581646975, -4.131911333829836, -0.9946234980934939, -3.6258512865105628, -0.43840860735495546, 0.8220924086251007]
other derivatives: [ 8.09814082  0.49294613 -0.16480044  6.27478585  2.24572432  0.        ]
Current x array =  [-0.66638885 -0.75874766 -0.6005267   0.50669019 -2.82154196  0.33647224
  0.58881932  2.36907794  0.21777201 -0.2010415  -0.09077764 -0.11319833
 -0.21928962 -1.14923938 -0.8879732  -0.58454127 -2.49452286 -2.87396102
 -3.13043043 -2.75285708 -2.07131601 -1.08611282 -2.84199495 -3.07821641
 -2.50997216 -2.43326107]
log likelihood =  -9968.84072146
Edge derivatives =  [-3.2076822881472995, -5.306834002429119, 1.6573663348292487, -1.8070918393994369, 0.8017909726807679, 3.1119287427791886, -0.9170508390025978, 2.0941920699333787, -1.9998143827652446, -1.3038412743232628, 1.0972568237893467, -2.749902987145294, -6.2192884335291385, 0.08324757605059915, 0.9279418911779325, -2.7152074219429982, -0.4433631725364587, -2.791643686761221, -0.20317531471395459, 0.8932496275621336]
other derivatives: [ 24.31315806  -4.7375579  -13.84869392   1.9741492    4.99239832   0.        ]
Current x array =  [-0.67093268 -0.75710269 -0.59566346  0.52224861 -2.86027795  0.33647224
  0.59835083  2.42856328  0.28344259 -0.18401008 -0.05178883 -0.06125994
 -0.19305045 -1.12057292 -0.87602197 -0.56202978 -2.49567454 -2.90449672
 -3.18777795 -2.7637632  -2.06262328 -1.09394034 -2.85835906 -3.1148552
 -2.51681667 -2.4308447 ]
log likelihood =  -9968.36047795
Edge derivatives =  [-3.6618396243554874, -8.881771193714984, -2.2490947914240653, -3.0499049806681744, -2.1055421770690415, -0.4182340046455204, -2.57851195681208, 1.2563175528676103, -2.565283155266232, -2.2140863065554552, 1.2702266995464713, -2.448722367096674, -5.654898493176054, 0.29627607585751675, 0.7217738112399621, -1.1329708668803826, -0.13755215352120204, -2.2095419954496878, -0.14615255944746305, 0.7520370709614477]
other derivatives: [-16.69941412  -0.76688593  -8.16653483   5.1146344   -9.7850716    0.        ]
Current x array =  [-0.66104449 -0.7597215  -0.59693323  0.52210418 -2.85322002  0.33647224
  0.59074462  2.44204555  0.32586789 -0.18188333 -0.03103583 -0.02697982
 -0.1841689  -1.10000545 -0.87766272 -0.55530519 -2.49379767 -2.92968562
 -3.23816129 -2.76973711 -2.05548493 -1.10934499 -2.86904766 -3.14385959
 -2.52141829 -2.42686983]
log likelihood =  -9968.01524465
Edge derivatives =  [-2.8919978631151624, -6.370334519801186, -2.874584598042499, -3.019172405082522, -2.014207854918472, -0.4554051358062947, -2.1372893175009704, 1.2950055820955895, -2.108242094783925, -1.6763507006064133, 1.3089018973058248, -2.359581506438625, -5.468076786147833, 0.3455426500185188, 0.6714259437993443, -0.388579606701156, -0.06381822232650636, -2.0300688189985605, -0.14630467397505162, 0.6648309837370661]
other derivatives: [-11.07819116   1.2696546   -2.77577783  -0.29795046  -7.03967089   0.        ]
Current x array =  [-0.66243239 -0.76041345 -0.5988027   0.53856881 -2.85013237  0.33647224
  0.58428318  2.42841951  0.33617054 -0.18538008 -0.03229321 -0.02533746
 -0.18889547 -1.09533982 -0.88357311 -0.55912706 -2.49239387 -2.9384089
 -3.25646704 -2.7708236  -2.05307365 -1.11611123 -2.87177629 -3.15341268
 -2.52255326 -2.42477651]
log likelihood =  -9967.49872458
Edge derivatives =  [-0.9372273927255883, 0.26781650636160725, -3.947331960217121, -2.844455715496036, -2.229616154746161, -1.2738361693081715, -1.2895446633325915, 1.2039032659054443, -0.8467823208790556, -0.22726897714112634, 1.3531961538534165, -2.178775230535496, -4.9731001208018535, 0.39367382454709177, 0.5637990577039883, 1.5673919101059626, 0.04771274056382406, -1.6020117155658513, -0.18013396507241416, 0.4171101425575425]
other derivatives: [ -6.36700861 -10.58415364   3.36058292  -7.04549166  -1.94177119   0.        ]
Current x array =  [-0.66331073 -0.75423344 -0.60084236  0.55747249 -2.83539787  0.33647224
  0.55689687  2.38121458  0.34394085 -0.20445832 -0.04079463 -0.02230667
 -0.20556738 -1.08417297 -0.90257339 -0.57306224 -2.485491   -2.96032371
 -3.30490819 -2.77083556 -2.04696353 -1.1344     -2.87593631 -3.17565491
 -2.52463867 -2.41852458]
log likelihood =  -9967.24541563
Edge derivatives =  [1.2026908618689673, 3.7993138897614056, -3.9393072440896, -2.261958267864565, -2.573265812063954, -2.647307553407961, -0.9124098777217489, 0.9541088347702134, 0.30506254259563287, 0.5630067488244573, 1.4234280770309058, -1.9998519689836198, -4.432306622355466, 0.4952493537013835, 0.4559773339741397, 3.18637181963053, 0.2325272459065179, -1.1467539692226523, -0.08061336470387981, 0.25133285031175706]
other derivatives: [  7.00110832  17.10923243  17.49576768  -7.56626832   0.96770236   0.        ]
Current x array =  [-0.66671271 -0.76799563 -0.60576117  0.55566358 -2.82592771  0.33647224
  0.52655672  2.35341877  0.340854   -0.22745722 -0.0436512  -0.0080892
 -0.21583429 -1.06872078 -0.91680693 -0.58094536 -2.47565377 -2.98461939
 -3.35910816 -2.76991187 -2.03994811 -1.14852459 -2.87947526 -3.19894858
 -2.52693672 -2.41212443]
log likelihood =  -9966.9654442
Edge derivatives =  [1.3137781584228299, 5.303115083017716, -4.271926872524263, -2.2178464428427724, -2.4333348984684315, -2.6941983825295153, -0.7089403010009415, 0.8414373469064472, 0.7443263677281733, 0.9539637106862345, 1.4835900574918526, -1.9162852283850764, -4.209099495558037, 0.5175534662210515, 0.4279596470855739, 3.446139815152981, 0.2993446164557514, -0.9454601901283686, -0.06666470944951969, 0.19783999078147035]
other derivatives: [ 4.21732693  7.41947588  4.79740265 -4.53073881  1.68474799  0.        ]
Current x array =  [-0.66562293 -0.76324596 -0.60123632  0.54523896 -2.82303077  0.33647224
  0.52122929  2.33933805  0.34156899 -0.23510092 -0.05018843 -0.01105006
 -0.22307154 -1.06343837 -0.92368597 -0.58544675 -2.47205571 -2.99494406
 -3.38162019 -2.76980965 -2.03721572 -1.15075023 -2.88121222 -3.20872879
 -2.52798364 -2.40973759]
log likelihood =  -9966.68715224
Edge derivatives =  [1.6605363564529383, 5.686723800289806, -4.166267169033679, -1.8783920246619294, -2.3721617527548053, -3.1528419834521566, -0.6130340379991766, 0.5628719318870755, 1.2192025509324051, 1.2088931861224295, 1.5706279019834604, -1.7564567985567454, -3.7967521792562264, 0.5968971357925414, 0.37927079422826826, 3.587178562682476, 0.44358042591006364, -0.5698651590343935, -0.012285436271279981, 0.12338795255251539]
other derivatives: [ 4.49545041 -2.96677172 -2.54185579  3.16322257  1.80771167  0.        ]
Current x array =  [-0.66539447 -0.75838103 -0.59864931  0.52017145 -2.82169498  0.33647224
  0.51149978  2.33082579  0.33698242 -0.25025125 -0.05782386 -0.00994008
 -0.23116698 -1.05151824 -0.93151982 -0.58848954 -2.46396069 -3.01482437
 -3.42495751 -2.76921523 -2.0318617  -1.15101057 -2.88401727 -3.22667224
 -2.53000541 -2.40560913]
log likelihood =  -9966.44576456
Edge derivatives =  [1.9546154716957813, 5.181586451887339, -3.4074623184433768, -1.3876465333271342, -1.956285432823106, -3.260574810499258, -0.42737387579883, 0.22708552075744498, 1.6618796766001167, 1.3282745683857105, 1.5128510236609312, -1.6670271238399852, -3.426872696197288, 0.5583876155501033, 0.23759317829487114, 3.232535965629006, 0.48651534065005453, -0.2829869098810051, -0.01741038703587336, -0.020671456184336412]
other derivatives: [  3.18796083  -0.35761332 -20.02925612   4.79503797   0.50386006   0.        ]
Current x array =  [-0.66473164 -0.75950394 -0.59266902  0.51515286 -2.80957306  0.33647224
  0.49669886  2.32224011  0.31838179 -0.27271887 -0.071226   -0.01485655
 -0.24285491 -1.04071057 -0.93967928 -0.59267566 -2.45255189 -3.03535897
 -3.47106066 -2.76626162 -2.02633754 -1.14840557 -2.88438455 -3.24284797
 -2.53130833 -2.40089468]
log likelihood =  -9966.01881727
Edge derivatives =  [2.8964333319061346, 2.7055872795616738, -1.401443625630654, -0.19081208234849098, -1.2768997701453695, -3.495979879895736, -0.12676509194356442, -0.3099359111076581, 1.9371022301534433, 1.2050418461975563, 1.362293270260948, -1.4827005327987943, -2.8352443982204405, 0.5587641640435569, -0.008871406009249072, 2.291455912891168, 0.5873384377521373, 0.2298104925695693, -0.03726989494968552, -0.2675882259835598]
other derivatives: [  1.79024937  -3.62579158 -20.38232196   7.15608621  -0.08967618   0.        ]
Current x array =  [-0.66421748 -0.75764653 -0.59272303  0.50783376 -2.7983168   0.33647224
  0.47497335  2.32670209  0.28667121 -0.30962553 -0.08920023 -0.01828271
 -0.25715737 -1.01992175 -0.94772341 -0.59367567 -2.43220179 -3.07255636
 -3.5533973  -2.76161014 -2.01650741 -1.13990707 -2.88553426 -3.27171891
 -2.53400487 -2.39338172]
log likelihood =  -9965.68558255
Edge derivatives =  [3.5072112487580593, 3.0038956711376685, 2.1469803471310107, 1.9591055296630846, 2.140091025945309, 0.28193682778144313, 1.4783814402402988, -0.5138923996186641, 1.5517169856890645, 0.7907327686579094, 0.9372188579036065, -1.1823130476109194, -2.0338944088365403, 0.5225375332102182, -0.40066729200614937, -0.5735043583449453, 0.6584007111640031, 0.9147191553740887, -0.12350001023048757, -0.5762743967342183]
other derivatives: [-38.18659025  -9.47202352  -6.16782927  -0.67957444  12.80313882   0.        ]
Current x array =  [-0.65303313 -0.75383278 -0.59756014  0.52512851 -2.80875833  0.33647224
  0.48352155  2.33599034  0.26018508 -0.34974891 -0.12098304 -0.05296898
 -0.27663391 -0.99185152 -0.94632125 -0.58748056 -2.39677873 -3.14043984
 -3.69713242 -2.75390078 -2.00289832 -1.11402263 -2.88641052 -3.3157301
 -2.53986661 -2.38608847]
log likelihood =  -9965.27506279
Edge derivatives =  [2.8587979665378063, -1.8260910633852139, 1.3627277092818575, 1.811841688235111, 1.2888239365453813, -1.0964940733517121, 0.7391205136175182, -1.2313404980200473, 1.2165170530211897, -0.05138891542391097, 0.8901157703899041, -1.0403822910704896, -1.7174849346966983, 0.6066807168359135, -0.5195270643769796, -0.6864414592062091, 0.8225549562445512, 1.3042077192759778, -0.044139451608076294, -0.6713245765987699]
other derivatives: [ -6.53035386e+00  -5.43514034e+00  -2.09547579e+00   3.63797881e-03
   2.22098606e+00   0.00000000e+00]
Current x array =  [-0.66202988 -0.75577161 -0.59951253  0.53038471 -2.79283637  0.33647224
  0.47700276  2.35390161  0.26023109 -0.36428592 -0.11975459 -0.04361841
 -0.27687862 -0.97506781 -0.94561669 -0.58175575 -2.38462908 -3.16860722
 -3.75668648 -2.75293425 -1.99609615 -1.11231471 -2.88962207 -3.33819005
 -2.54285154 -2.38206093]
log likelihood =  -9965.19734572
Edge derivatives =  [2.28039989410661, -2.0221125718685933, 0.5992734079367988, 1.572088085481903, 1.176433599892893, -0.9868112725031375, 0.6036943793293921, -1.3248520132206216, 1.011778563151412, -0.30838979865007565, 0.8936235206044958, -0.984255486751582, -1.6233545172528607, 0.6469262076053741, -0.5174137310182705, -0.6049383745655141, 0.8720229572574353, 1.4017008481513393, -0.0012605881590025542, -0.6551349770101635]
other derivatives: [-0.95533323 -2.17660272  1.38115865 -1.36460585  0.60554157  0.        ]
Current x array =  [-0.66370282 -0.75734839 -0.60078851  0.53608315 -2.79266712  0.33647224
  0.48463013  2.35610691  0.27140357 -0.36165263 -0.11698133 -0.04417288
 -0.2751347  -0.97164741 -0.94284239 -0.57910751 -2.38153178 -3.17833937
 -3.77558047 -2.75315095 -1.99484238 -1.11256475 -2.89084057 -3.34424356
 -2.54420512 -2.38215788]
log likelihood =  -9965.10232947
Edge derivatives =  [1.0032116703604528, -1.5229231557592064, -0.4392956675500083, 1.2538504799123698, 1.434854394368653, -0.09834889040065775, 0.5778632194410492, -1.3954953239586638, 0.6677056027462445, -0.6762859259454489, 0.873848656822841, -0.8814988991925361, -1.4329102573755608, 0.6978519989161646, -0.4779945456800079, -0.7259956888817927, 0.935447317688069, 1.568392510848708, 0.08027461835117364, -0.5965274811023571]
other derivatives: [  4.85215423e+00   7.44694262e-01   4.55183908e+00  -2.59969966e+00
   3.45607987e-03   0.00000000e+00]
Current x array =  [-0.66536769 -0.7587583  -0.60198799  0.54072937 -2.79616186  0.33647224
  0.5036132   2.35659991  0.28943912 -0.35674092 -0.11508051 -0.05201078
 -0.27369043 -0.96661903 -0.93714359 -0.57507102 -2.37377348 -3.19885507
 -3.81546108 -2.7524648  -1.99279627 -1.11034525 -2.89194016 -3.3546813
 -2.54676053 -2.38288004]
log likelihood =  -9965.03629828
Edge derivatives =  [-0.38948711375450484, -0.9722645071421672, -1.8205392405979925, 0.7365681778955735, 1.068413949674027, 0.006600577336257851, 0.28043348497456994, -1.610070922234068, 0.4112389017750119, -0.9398079341204548, 0.8210990431748701, -0.7900060377256535, -1.2295910823307605, 0.7133945612388578, -0.44932754943112174, -0.46182852219287374, 0.9658969442930325, 1.7182539270666357, 0.1594084600514558, -0.5521040318227874]
other derivatives: [-0.66829671  4.37503331  5.94936864 -1.22799975 -3.19450919  0.        ]
Current x array =  [-0.66410618 -0.76069774 -0.60238339  0.5381522  -2.79503606  0.33647224
  0.5170988   2.35075466  0.30470107 -0.35329502 -0.11120607 -0.05612082
 -0.27303911 -0.9623194  -0.93368957 -0.57417211 -2.36463994 -3.22113085
 -3.85920847 -2.7507953  -1.99079138 -1.11208969 -2.89206055 -3.36449522
 -2.54914445 -2.38349558]
log likelihood =  -9964.98589656
Edge derivatives =  [-1.5357175722350116, 1.4699253782045343, -1.481146389636331, 1.008133330726066, 2.192154695866644, 2.0666934889376467, 0.7942433464676202, -1.546234730568654, 0.25964116605063725, -0.9251905481417354, 0.6155125701098568, -0.6504708406889361, -0.8807410683012679, 0.6707031479899249, -0.32607086544662733, -0.8210661973679942, 0.9525015113881683, 1.961349631517358, 0.28200961039297356, -0.44447481564435976]
other derivatives: [ 8.59636202  0.72595867 -0.55661076 -1.37588358  2.08437996  0.        ]
Current x array =  [-0.66615108 -0.75881978 -0.60023811  0.53530863 -2.80371044  0.33647224
  0.53956557  2.34230857  0.3104453  -0.35596387 -0.11441718 -0.07542592
 -0.27715478 -0.9561179  -0.9271512  -0.57377809 -2.34299391 -3.26464722
 -3.94614293 -2.74468206 -1.98690196 -1.10635075 -2.88914619 -3.3803734
 -2.55281404 -2.38442796]
log likelihood =  -9964.91739648
Edge derivatives =  [-1.5981706843061119, 0.4026795243831469, -1.5964747154042325, 0.8298922361349024, 1.4262164167000329, 1.2467851530748084, 0.4055975902347326, -1.610427497071438, 0.11084403719799274, -1.0077282882401892, 0.5810330533490518, -0.6685941159896525, -0.8866911302041993, 0.6249701403071753, -0.2906119371922953, -0.5847442929965879, 0.8812462587203074, 1.8731387258825531, 0.27188112204731224, -0.41635102500921006]
other derivatives: [ 0.51932147 -0.07275958 -2.4036126   0.24119799 -0.86129148  0.        ]
Current x array =  [-0.66418172 -0.75861065 -0.59946112  0.53195357 -2.80139628  0.33647224
  0.53615256  2.34569459  0.30710582 -0.35337519 -0.1083729  -0.06923862
 -0.27402551 -0.95953499 -0.92575232 -0.57474713 -2.34268432 -3.26332817
 -3.94267052 -2.74353294 -1.9880892  -1.10887233 -2.88716824 -3.37517034
 -2.55216515 -2.38559879]
log likelihood =  -9964.84596879
Edge derivatives =  [-1.4702977885818553, -0.5226061150239264, -1.0985586230871927, 0.8197087442544918, 0.5748903056243151, 0.4804675420271428, 0.06028396183573426, -1.565968441054723, -0.060158647364072504, -0.955151270543302, 0.4599182088742042, -0.679920254320707, -0.837778839796197, 0.5231297561075341, -0.17441727181860156, -0.291636720118036, 0.7270273666115327, 1.7306149365433483, 0.2759134932318075, -0.33151713837457086]
other derivatives: [-7.00165401 -1.80571078 -4.45197657  2.38323992 -2.24536052  0.        ]
Current x array =  [-0.66227984 -0.75801968 -0.59858254  0.52606076 -2.8017156   0.33647224
  0.5327756   2.35007281  0.2976167  -0.35004023 -0.09909458 -0.06300862
 -0.2698446  -0.9660002  -0.92205924 -0.57734112 -2.33727446 -3.26919309
 -3.95280802 -2.73952288 -1.9897387  -1.1113433  -2.8820324  -3.36693945
 -2.55134494 -2.38811813]
log likelihood =  -9964.77631299
Edge derivatives =  [-1.2356880191275703, -0.8302610478521333, -0.3171903964883921, 0.9188536345713452, -0.1587554117133625, -0.0020481464500485824, -0.13161726075772326, -1.4131720155454182, -0.18047621495223187, -0.7425155279831468, 0.2767779135837848, -0.6681041117344978, -0.7275458987332728, 0.39721685366359916, -0.005542616312850357, 0.06221001507286078, 0.5347882227116108, 1.5831407723165531, 0.3058370641453023, -0.20535004356830633]
other derivatives: [-9.69448593 -1.55014277 -4.02360456  3.90573405 -1.85536919  0.        ]
Current x array =  [-0.66160771 -0.75843457 -0.59860632  0.52074268 -2.80458157  0.33647224
  0.53131801  2.35333302  0.28730917 -0.34570134 -0.08820629 -0.05824517
 -0.26555959 -0.97368777 -0.9168593  -0.5811247  -2.32707642 -3.28397322
 -3.98001218 -2.73347413 -1.99106798 -1.11363893 -2.8750726  -3.35871256
 -2.55077324 -2.39142926]
log likelihood =  -9964.68089723
Edge derivatives =  [-1.1712517968976595, -0.8677347170429546, -0.0533794728627415, 0.6293480632786614, -1.8257977045814444, -0.9203384149808689, -0.5736167566638438, -1.0583354929597153, -0.5717110794485349, -0.2809967798476296, -0.10994123618914438, -0.5921101560518676, -0.4730064007450485, 0.14623637325676064, 0.3110284969358146, 0.8577151745853059, 0.13810365023043666, 1.2977982132597166, 0.34376080791939917, 0.049791174386947135]
other derivatives: [ -7.03585101 -11.06145646  -1.48884283   3.40878614  -2.19988578   0.        ]
Current x array =  [-0.66255817 -0.75416618 -0.59932708  0.52356295 -2.80925511  0.33647224
  0.53482211  2.3584201   0.28379871 -0.32812668 -0.06381432 -0.0487852
 -0.25519525 -0.99013142 -0.90486567 -0.58834145 -2.30440362 -3.32452223
 -4.05315952 -2.72117417 -1.99230344 -1.11876901 -2.86155993 -3.34324207
 -2.54992572 -2.39871763]
log likelihood =  -9964.62708025
Edge derivatives =  [-0.23039854000675392, 0.008599562548782691, 1.4764570983672012, 0.9171676366357521, -2.165993771305231, -0.6877563041730117, -0.3536548198690479, -0.4938674341188913, -0.4577172608801048, 0.45867168498255106, -0.565357337261505, -0.5401787298441749, -0.24937799420599555, -0.15559457939140495, 0.5378586260921303, 1.1024762151715004, -0.270248564568069, 0.9710721659876762, 0.39210291567735905, 0.2858561742716796]
other derivatives: [-5.72727004  6.59438228 -5.89079718  0.64010237  2.77268555  0.        ]
Current x array =  [-0.66265343 -0.76309727 -0.59761685  0.5283411  -2.81736791  0.33647224
  0.53303364  2.36132747  0.26990511 -0.31589146 -0.04843993 -0.04541825
 -0.24967014 -1.00733662 -0.89576518 -0.59742635 -2.27966969 -3.36798205
 -4.13228362 -2.70752686 -1.99222663 -1.11904589 -2.84708566 -3.32696113
 -2.54831441 -2.40498812]
log likelihood =  -9964.57873772
Edge derivatives =  [-0.6275238086686048, 0.30921373027533305, 0.8311505924669353, 0.7870380931318552, -1.6861592491332005, -0.3177753882835852, -0.1967943291575963, -0.6061546862512804, -0.45613662948399114, 0.31889228891969656, -0.4775389887167286, -0.5161695816275138, -0.26688746602316826, -0.0642178612070809, 0.42318767542153074, 0.7732178682854156, -0.14492223238314556, 1.1096512269396397, 0.36614895108837214, 0.1953639109818749]
other derivatives: [-2.73412297  0.85583451  2.58569344 -0.09222276  2.27209966  0.        ]
Current x array =  [-0.66354745 -0.76002353 -0.60071319  0.53132502 -2.81507303  0.33647224
  0.53634776  2.35836198  0.27817701 -0.31879271 -0.05673271 -0.05088361
 -0.2531961  -1.00150058 -0.89855627 -0.59483545 -2.28286855 -3.36644734
 -4.13022026 -2.71048165 -1.99027106 -1.1163578  -2.85127691 -3.33450721
 -2.54904976 -2.40275375]
log likelihood =  -9964.56169911
Edge derivatives =  [-0.7938663259908638, 0.26535750544368675, 0.4019834104870019, 0.627272056772417, -1.4893938064600776, -0.22400378966894285, -0.16992199154610804, -0.6342477272142271, -0.3975161232351405, 0.2849246268525501, -0.43105602855040265, -0.49998608103993547, -0.2653067326321993, -0.045313083235798135, 0.3745976262778239, 0.6185079054932345, -0.11205350705160981, 1.132740211304917, 0.35052224505264595, 0.1670535269338843]
other derivatives: [ 3.07463779 -0.76797733  0.40945451 -0.5667971   1.32822606  0.        ]
Current x array =  [-0.66511889 -0.75912581 -0.60006283  0.53349767 -2.81232437  0.33647224
  0.53622905  2.35686669  0.28213509 -0.31837416 -0.06062696 -0.05258863
 -0.25460773 -1.00074153 -0.9001073  -0.59437588 -2.28377407 -3.36782155
 -4.13225175 -2.7111815  -1.98911918 -1.11506495 -2.85246111 -3.33552816
 -2.54886309 -2.40194323]
log likelihood =  -9964.54753222
Edge derivatives =  [-0.8346208672360802, 0.36369956291838246, 0.20796948302332827, 0.518765612039287, -1.2721909491413275, -0.06356700904922596, -0.089869506096136, -0.595363513157302, -0.33906332685509677, 0.3314395424859913, -0.4520186084103547, -0.47710120481145385, -0.24012809217264985, -0.06627136070395301, 0.3308174160927092, 0.4089171544568867, -0.13308255935725857, 1.1117125588104217, 0.3264275374695621, 0.152255620288682]
other derivatives: [ 4.80886229 -0.75706339  0.07512426 -1.17743184  1.13504939  0.        ]
Current x array =  [-0.66558911 -0.7590503  -0.59998777  0.53560161 -2.81062189  0.33647224
  0.53553598  2.35530858  0.2835003  -0.31701728 -0.06399046 -0.05478242
 -0.25589231 -1.00211268 -0.9008353  -0.59498432 -2.28153917 -3.37495147
 -4.1447526  -2.71013435 -1.98774316 -1.11322479 -2.85188266 -3.33444794
 -2.5483751  -2.40173488]
log likelihood =  -9964.5067517
Edge derivatives =  [-0.7214150419990843, 0.24641493579435392, -0.09495209800844207, 0.20210547040720495, -0.7019144628558361, 0.23614202219201064, 0.09355474782438888, -0.4167298053013613, -0.17902414366683483, 0.47494089140627366, -0.5383998925438546, -0.4093148427885889, -0.16370762435459585, -0.17068325767760756, 0.20124397315338738, -0.26089981338772616, -0.260347549471203, 0.9469990522102352, 0.22631923879864024, 0.11787233168480693]
other derivatives: [ 5.9730155  -0.275395   -0.8587449  -2.17460183  0.44037733  0.        ]
Current x array =  [-0.66589267 -0.75907679 -0.59976022  0.53894854 -2.80528466  0.33647224
  0.52950378  2.35227999  0.28228134 -0.31156365 -0.07412715 -0.05991444
 -0.2589603  -1.01021757 -0.90268122 -0.59748624 -2.27397172 -3.39827052
 -4.18427138 -2.70556258 -1.98373098 -1.10749564 -2.84832658 -3.32530258
 -2.54580956 -2.40170081]
log likelihood =  -9964.46673441
Edge derivatives =  [-0.12741544182546355, -0.31191800515313894, -0.22043331961586485, -0.1954019854483907, -0.18837691105747156, 0.1304316797074827, 0.14265881120141266, -0.12355104216933609, -0.01872670801617171, 0.4487600789454183, -0.49539711825718713, -0.3097526753897141, -0.0820597589108644, -0.26677969402983925, 0.07568112159657436, -0.5653966038916904, -0.41657546511784505, 0.5926894581909453, 0.08896921006321616, 0.09486260795831236]
other derivatives: [ 8.88867362  1.89429556  1.67528924 -0.58898877 -0.72232069  0.        ]
Current x array =  [-0.66671654 -0.76008582 -0.60075504  0.53399296 -2.79954972  0.33647224
  0.51550057  2.35033097  0.27612436 -0.30266576 -0.08603355 -0.06089414
 -0.25988359 -1.02535897 -0.90488212 -0.59849601 -2.26919342 -3.42370437
 -4.2225165  -2.70064498 -1.9794116  -1.1047198  -2.84427116 -3.30397406
 -2.54092409 -2.40201032]
log likelihood =  -9964.50956664
Edge derivatives =  [0.6966773237755358, 0.76816055462028, -0.22477421797934344, -0.4211301492582631, 1.3437265137274468, 1.0356858844335026, 0.5581406730873275, 0.2896150930732499, 0.04955256406123931, 0.30535836027120034, -0.4293229402214009, -0.16154363279840392, 0.020413532823687387, -0.38747961974696793, -0.20305413392069271, -1.1839260507789882, -0.5616181137358798, 0.21086935183457797, -0.14089273160114774, -0.006451205962886064]
other derivatives: [-9.81654011 -7.8111043  -7.17736839 -0.62791514  2.35340849  0.        ]
Current x array =  [-0.66133116 -0.75502348 -0.5975532   0.53171963 -2.79888485  0.33647224
  0.50407674  2.342145    0.27312461 -0.29421307 -0.10850604 -0.07062352
 -0.26413797 -1.04083962 -0.90832217 -0.59708145 -2.26322874 -3.4619435
 -4.2821317  -2.6960184  -1.97218552 -1.09956393 -2.84231901 -3.2821035
 -2.53554033 -2.40107783]
log likelihood =  -9964.4504014
Edge derivatives =  [0.1578937551655576, 0.0607446851154797, -0.22152666178872787, -0.27235270880996276, 0.34095227019916974, 0.440000978634143, 0.28555107694999193, 0.019636482207648187, 0.004754561487162801, 0.39967339237899974, -0.4714703968818403, -0.25729474219028475, -0.045138807054638505, -0.3077492206148036, -0.019176308251311558, -0.7777213152924745, -0.4664910641055975, 0.4624006300683031, 0.009996645371466398, 0.060169533967664446]
other derivatives: [ 2.48164724 -1.43918442 -1.38188625 -0.59917511  0.31977834  0.        ]
Current x array =  [-0.66486202 -0.75834254 -0.59965245  0.53321011 -2.79932076  0.33647224
  0.51156664  2.34751203  0.27509136 -0.29975497 -0.09377222 -0.06424457
 -0.26134864 -1.03068991 -0.90606674 -0.59800889 -2.26713941 -3.43687247
 -4.24304571 -2.69905176 -1.97692321 -1.10294432 -2.84359891 -3.29644267
 -2.53907013 -2.40168921]
log likelihood =  -9964.44386379
Edge derivatives =  [0.2966589660435507, -0.07541910175531763, -0.12703009039099927, -0.28569212781024195, 0.20306856304034515, 0.2330221424892549, 0.19503119787968862, 0.053353162958950914, -0.04193630208912369, 0.3231605444913727, -0.4313130609401709, -0.24708837768425262, -0.04040709945311955, -0.3052033920106282, -0.002628286330349172, -0.5527111269228984, -0.47980207766255284, 0.39075827328787527, 0.0022350768017154465, 0.07198230058908572]
other derivatives: [ 0.498585   -0.45638444  0.01437002  0.21300366  0.17880666  0.        ]
Current x array =  [-0.66435114 -0.75890361 -0.6001015   0.53068194 -2.79984832  0.33647224
  0.50969114  2.34828627  0.27334113 -0.29836039 -0.09256036 -0.0620283
 -0.25985288 -1.03316482 -0.90555448 -0.59739731 -2.26807845 -3.43737699
 -4.24214991 -2.69897433 -1.97720373 -1.10484293 -2.84341261 -3.29206765
 -2.53842492 -2.40207797]
log likelihood =  -9964.44116181
Edge derivatives =  [0.3235406375805886, -0.13134820989232687, -0.11843354297463818, -0.2910473197336279, 0.08189970050635742, 0.08137800989370203, 0.11249228569244601, 0.052639552829278166, -0.0895594796317557, 0.23418305935573455, -0.37820604813811953, -0.23927529957404609, -0.04163928578099785, -0.28617370283984506, 0.00966326108404969, -0.33287474581081405, -0.4644461437744535, 0.35792305179705075, 0.0015087504312278205, 0.07519665440594325]
other derivatives: [ -8.94942787e-01  -3.63797881e-04   2.86308932e-01   5.54791768e-01
  -1.41881173e-02   0.00000000e+00]
Current x array =  [-0.66399016 -0.75917121 -0.60015611  0.5296994  -2.80021463  0.33647224
  0.50940054  2.34868694  0.27311672 -0.29795421 -0.09130937 -0.06030479
 -0.25867572 -1.03391905 -0.90531848 -0.59647947 -2.2697881  -3.43625588
 -4.23876259 -2.69967717 -1.97754053 -1.10675871 -2.84418654 -3.28990107
 -2.53820999 -2.40216314]
log likelihood =  -9964.43832419
Edge derivatives =  [0.3630390836993689, -0.08047043700719725, -0.10220139162292552, -0.28333283161654327, 0.032466792677313894, -0.022406047940575657, 0.052297249393194245, 0.06464209958586299, -0.12465516435013602, 0.12423122658030147, -0.2952400299382308, -0.22089817005033285, -0.0397136912715247, -0.25483900458281455, 0.014517229362713935, -0.07813075383963941, -0.4323928442636047, 0.3143368800265522, -0.004682915878000071, 0.07137834152068845]
other derivatives: [ -1.52722350e+00   3.06863512e-01   2.33376340e-01   6.85031409e-01
   1.09139364e-03   0.00000000e+00]
Current x array =  [-0.66383072 -0.75935607 -0.60011874  0.52924357 -2.80057569  0.33647224
  0.50920864  2.34858133  0.27303692 -0.29774758 -0.09083462 -0.05883169
 -0.25757932 -1.03482983 -0.90542976 -0.5951299  -2.27206661 -3.43617584
 -4.23649594 -2.70077233 -1.97761927 -1.10894159 -2.8456761  -3.28692972
 -2.53786449 -2.40204261]
log likelihood =  -9964.43307418
Edge derivatives =  [0.2800209681190603, 0.014553484009874884, -0.17822248944885524, -0.2921126367818804, 0.03621744249022529, -0.12581278988939903, -0.02779256750542039, 0.06723287013390572, -0.15866173182816667, -0.08496758057644471, -0.11894555947498954, -0.17339674697102697, -0.03378003774806164, -0.17722075499406936, -0.0054700011225881084, 0.26440059300902163, -0.33825650753422387, 0.24155863107331124, -0.027669453347521966, 0.04096829475930197]
other derivatives: [-2.0081643   0.61118044  0.59189915  0.46911737 -0.24956535  0.        ]
Current x array =  [-0.66370139 -0.75946745 -0.60024269  0.53025263 -2.80002927  0.33647224
  0.50998715  2.34768402  0.27372383 -0.29843504 -0.0916847  -0.05748105
 -0.25637015 -1.03568631 -0.9066141  -0.59244554 -2.27664414 -3.43796406
 -4.23515728 -2.70348871 -1.97715985 -1.11197811 -2.84983587 -3.28175827
 -2.53728392 -2.401281  ]
log likelihood =  -9964.44400096
Edge derivatives =  [0.7369821853162648, 0.6954952099924209, 0.748385392228575, 0.05930625862026172, 0.14830091827978986, -0.09284884016613804, 0.019228344502051353, 0.3215245998605773, -0.07435885686947796, -0.13489599525611448, 0.13524277153497372, -0.06474384964827759, 0.024988742757707398, -0.09499546105508073, 0.07455561477356942, 0.9225959598922324, -0.24452818885822608, -0.052075754822107176, -0.06001340721845834, 0.06609413758244131]
other derivatives: [ 4.90545062  0.0509317  -2.70083547  0.15643309  2.81397661  0.        ]
Current x array =  [-0.66531181 -0.75920392 -0.59912719  0.52955207 -2.80405806  0.33647224
  0.50965618  2.3473146   0.26543149 -0.29853893 -0.0896136  -0.05433766
 -0.25252704 -1.04347706 -0.90704856 -0.59017743 -2.27947322 -3.45326191
 -4.25206716 -2.7053679  -1.97662983 -1.11673319 -2.85480611 -3.26303203
 -2.53533822 -2.40154821]
log likelihood =  -9964.43113757
Edge derivatives =  [0.40760828846509267, 0.2045038567688393, 0.08149040890397641, -0.1940304006119586, 0.06741516760984911, -0.11669102841430545, -0.014486821848411685, 0.13851818732756394, -0.13506724650924762, -0.09888115265464739, -0.04795482964277484, -0.1428051696717626, -0.017235769903046816, -0.15427734294437545, 0.016927608145240525, 0.4482599893351591, -0.3120762786198009, 0.16036177776780228, -0.03666730775194481, 0.047955838352393365]
other derivatives: [-0.06330083  0.45547495 -0.33360266  0.38580765  0.60572347  0.        ]
Current x array =  [-0.66415064 -0.75939394 -0.5999315   0.5300572  -2.80115316  0.33647224
  0.50989482  2.34758097  0.27141056 -0.29846402 -0.09110694 -0.05660416
 -0.25529805 -1.03785966 -0.9067353  -0.59181282 -2.27743335 -3.44223162
 -4.23987454 -2.70401294 -1.97701199 -1.11330461 -2.85122239 -3.27653431
 -2.53674114 -2.40135554]
log likelihood =  -9964.4281107
Edge derivatives =  [0.22889262434695068, 0.24712772622354984, -0.0041869232999746375, -0.2021667942773155, 0.11712566209894615, -0.10180174880694892, -0.033788753397418714, 0.12765361326498292, -0.12602126263731195, -0.18989210310260649, 0.05522790506490259, -0.10693468536529016, -0.010365240799412437, -0.09987230322443519, -0.00876579354980389, 0.5046288115006797, -0.23568952308578967, 0.12298287121429048, -0.056528607032640774, 0.017480202274335]
other derivatives: [-0.00327418 -0.04201866 -0.0516593  -0.13587851  0.26047928  0.        ]
Current x array =  [-0.66418889 -0.75908478 -0.60005448  0.53206268 -2.80007166  0.33647224
  0.51150928  2.34673094  0.27205438 -0.29978548 -0.09240717 -0.05698982
 -0.25519997 -1.03775157 -0.90803339 -0.59050321 -2.27977045 -3.44530407
 -4.24238807 -2.70590909 -1.97636906 -1.11388872 -2.8545404  -3.27377175
 -2.5365395  -2.40062691]
log likelihood =  -9964.42672928
Edge derivatives =  [-0.028423087646160305, 0.18566442793785232, 0.020779074164276157, -0.15323363802129714, 0.15511690121982946, 0.006622021838639913, -0.025155844382276887, 0.1127691625918246, -0.04252409775017563, -0.15098737066645906, 0.10879328663085502, -0.07800097812484413, 0.0004338330640352925, -0.05681645690440686, -0.01802517824553518, 0.2997701391100767, -0.15400973816291152, 0.08938813099823212, -0.0603973740905953, 0.0020892837621773186]
other derivatives: [-0.37962309  1.73131411 -1.90211722 -0.53769327  0.04092726  0.        ]
Current x array =  [-0.66405997 -0.75991195 -0.59940527  0.53352826 -2.79943864  0.33647224
  0.51429332  2.34663211  0.27174881 -0.30211984 -0.0925101  -0.05827464
 -0.25542867 -1.03709938 -0.90935356 -0.59068717 -2.28018882 -3.45024261
 -4.24846239 -2.70742997 -1.9758701  -1.1121617  -2.8579027  -3.27138652
 -2.53678447 -2.40011281]
log likelihood =  -9964.4244249
Edge derivatives =  [-0.11850396877826036, 0.1515201757635357, 0.07868819986253457, -0.12308723077591709, 0.14006044006408458, 0.034010673455515894, -0.007689662166957545, 0.1217655383982389, -0.006047661272330251, -0.0873551886693259, 0.11874404741997893, -0.06139728218664867, 0.008793545195488132, -0.03890970126902644, -0.01502368691374023, 0.15796541582369644, -0.12372648855808649, 0.0619100158895095, -0.06804394805470472, -0.0036262725561536646]
other derivatives: [ 0.13351382  0.24938345 -0.10604708 -0.59626473  0.02437446  0.        ]
Current x array =  [-0.66422412 -0.75915402 -0.6000484   0.5337394  -2.799269    0.33647224
  0.51532998  2.34677662  0.27093776 -0.30308707 -0.09245121 -0.0589919
 -0.25553319 -1.03730269 -0.90989069 -0.5911471  -2.27968948 -3.45383372
 -4.25340654 -2.70781053 -1.97559119 -1.11086663 -2.85922372 -3.26948697
 -2.53682904 -2.39999726]
log likelihood =  -9964.42363869
Edge derivatives =  [-0.1450382892723493, 0.05888788917947452, 0.13607427004378056, -0.10202339898734034, 0.09263879745427406, 0.03251827572865085, -0.007324004103265835, 0.12451989426126459, 0.019913733438488346, -0.019496292617219607, 0.09697697050122021, -0.060565884013260955, 0.01278332036407738, -0.04129553470506234, -0.0026627305465388718, 0.033723027136366546, -0.12023141222079921, 0.050082409547857955, -0.06450185164925015, 0.003943691560016949]
other derivatives: [ 0.24301698 -0.15734258  0.19826984 -0.32505341 -0.00836735  0.        ]
Current x array =  [-0.66425623 -0.75897307 -0.60015317  0.53294408 -2.79942766  0.33647224
  0.51559876  2.34731028  0.2701774  -0.30347146 -0.09174006 -0.05923974
 -0.25553597 -1.03743448 -0.90988129 -0.59190388 -2.27866319 -3.45545256
 -4.25593542 -2.70760658 -1.97563632 -1.10972907 -2.85934955 -3.26873714
 -2.53696611 -2.40014911]
log likelihood =  -9964.42308459
Edge derivatives =  [-0.18515252922948755, -0.02638470143062177, 0.15318670788068786, -0.0763468831011434, 0.034849824144883024, 0.017752435738626948, -0.023870187256878006, 0.11452603545652573, 0.04403273333770952, 0.016606432809671556, 0.09920647955786707, -0.05448205650754673, 0.016320946141410074, -0.02699026156587027, 0.006826094979976105, -0.05184980384940768, -0.09029298033658556, 0.032749926497745066, -0.058243415534966994, 0.007393051251349925]
other derivatives: [ 0.02055458 -0.12314558  0.05602487 -0.08803909 -0.11787051  0.        ]
Current x array =  [-0.66420649 -0.75900469 -0.60010621  0.53219364 -2.79956879  0.33647224
  0.51601546  2.34775504  0.27004774 -0.30435035 -0.09091963 -0.05929318
 -0.25542098 -1.03713676 -0.91006962 -0.59226922 -2.27830203 -3.45707007
 -4.25759334 -2.70805174 -1.97564603 -1.10894898 -2.86053008 -3.26748877
 -2.53722356 -2.40012679]
log likelihood =  -9964.42265226
Edge derivatives =  [-0.1501925128895636, -0.03691235052172914, 0.13377958646302554, -0.04038798307963015, -0.0018773249010213267, 0.019434497614881252, -0.023747924659009267, 0.09805433714763968, 0.06561527788458399, 0.044755106183582055, 0.09396235073453793, -0.052101504511973935, 0.017631849227184665, -0.007925718583487569, 0.013407919625878173, -0.10719616227467993, -0.050210118677765855, 0.024284370009295578, -0.043877464191350746, 0.010758499085988471]
other derivatives: [ 0.27812348  0.34560799  0.54569682  0.15679689 -0.02783054  0.        ]
Current x array =  [-0.66426805 -0.75925492 -0.60026363  0.53144012 -2.79996417  0.33647224
  0.51585579  2.34803569  0.27085489 -0.3054678  -0.09016796 -0.05932102
 -0.25548266 -1.0361769  -0.91014535 -0.59247652 -2.27782666 -3.45813399
 -4.25809578 -2.70866581 -1.9756358  -1.10840179 -2.86199871 -3.26669074
 -2.53771121 -2.40001904]
log likelihood =  -9964.42229367
Edge derivatives =  [-0.08571329232437225, -0.01747269918475447, 0.06442309533526835, -0.0022195918170706125, -0.03849582489057923, 0.014049342118458874, -0.03492131271090457, 0.06774549218863886, 0.0664478817841313, 0.04246786726217716, 0.09416739601383167, -0.04827068942148911, 0.018233653698089484, 0.016522059419050723, 0.012543052027790269, -0.13099194894353267, 0.003850157197738277, 0.01424793221383519, -0.0298087717766346, 0.00902462812083693]
other derivatives: [-0.63228072 -0.25193003 -0.33796823  0.31577656  0.05056791  0.        ]
Current x array =  [-0.66401334 -0.75896827 -0.59993915  0.53086649 -2.80039652  0.33647224
  0.5153958   2.34813336  0.27239771 -0.3069359  -0.08956286 -0.05930115
 -0.25562095 -1.0347345  -0.91026093 -0.59237827 -2.2775402  -3.4592551
 -4.25807952 -2.70965187 -1.97553742 -1.10818048 -2.86413485 -3.2657206
 -2.53834847 -2.39976346]
log likelihood =  -9964.42200556
Edge derivatives =  [-0.07201104689100679, 0.015892146694839515, 0.01696748539089183, -0.006622350281478728, -0.01559762145087984, 0.028393082580951523, -0.02643105142193758, 0.05862674699798491, 0.06300893176873057, 0.02557980147696992, 0.09485321934207559, -0.049444618447830914, 0.016599716232153353, 0.021307695406485583, 0.006834504789173024, -0.10859472460182362, 0.012559691604290282, 0.022891394885023945, -0.026310261509787505, 0.005725188091973976]
other derivatives: [-0.07730705 -0.01273293 -0.13460522  0.18590072  0.03528839  0.        ]
Current x array =  [-0.66416445 -0.75908491 -0.60001928  0.53126018 -2.80026516  0.33647224
  0.51523624  2.34793743  0.27312206 -0.30713328 -0.08985624 -0.05939099
 -0.25580837 -1.03421261 -0.91028522 -0.59216622 -2.27764172 -3.45888836
 -4.25731968 -2.70984457 -1.97546533 -1.10837982 -2.86441438 -3.26617338
 -2.53847829 -2.39963685]
log likelihood =  -9964.42187328
Edge derivatives =  [-0.02310637613221822, 0.06877034294080087, -0.015191163437315525, -0.0013696650062708648, 0.004364974949268685, 0.037443941433329186, -0.017012740481958194, 0.05222910275988825, 0.052149001411732065, 0.00489390260046646, 0.09268706353829287, -0.050132444470371164, 0.01578641455974187, 0.02561319720339003, 0.0012335284473685704, -0.0640213458824761, 0.02195698255492401, 0.024886398819732453, -0.022527476716290643, 0.0028787726041310524]
other derivatives: [ 0.06148184  0.07657945  0.07130438  0.0693035   0.09076757  0.        ]
Current x array =  [-0.66419965 -0.75911865 -0.60008918  0.53160795 -2.80030285  0.33647224
  0.51481922  2.3477578   0.27378086 -0.30735527 -0.09006546 -0.05936677
 -0.25595376 -1.03373951 -0.91021167 -0.59191235 -2.27760276 -3.45884748
 -4.25682636 -2.71003331 -1.97538558 -1.10876565 -2.86477446 -3.26623882
 -2.53863045 -2.39952395]
log likelihood =  -9964.42177521
Edge derivatives =  [0.007560728528334115, 0.05357733380787899, -0.03759797196403137, 0.0022212588623992113, -0.0019347587003821776, 0.029926323974210467, -0.017214022252509592, 0.0422453817917498, 0.04008591572492448, -0.004448256885973834, 0.08045978471017048, -0.052156694537003216, 0.015751548828000603, 0.02616461569467335, -3.778445471314118e-05, -0.040907843887173945, 0.02842961347535722, 0.023223034731210707, -0.01698699689839145, 0.003123082615731909]
other derivatives: [ 0.24519977 -0.02837623 -0.01346052  0.04765752  0.11459633  0.        ]
Current x array =  [-0.6642563  -0.75906454 -0.60006358  0.53174418 -2.80025904  0.33647224
  0.51445719  2.34786427  0.27415131 -0.30759585 -0.09000396 -0.05928889
 -0.25607229 -1.03329564 -0.9100349  -0.59186516 -2.27719622 -3.45913466
 -4.25676735 -2.71009263 -1.97535235 -1.10896138 -2.86503205 -3.2661023
 -2.5388288  -2.39947571]
log likelihood =  -9964.4217544
Edge derivatives =  [0.04926392916362371, -0.05621796828498393, -0.10362848165444283, -0.005482912954344971, -0.03667568622495876, -0.01057526548579335, -0.025612315183623474, 0.007749793384457804, -0.009614735109312766, -0.03454943322160081, 0.030510968707043853, -0.060108345562190926, 0.01535416204172723, 0.01923179307754768, -0.009377754805147798, 0.010656416404491775, 0.03431798434067117, 0.01705814226599607, -0.004914747228030342, 0.0010616743299922682]
other derivatives: [-0.47602953 -0.05875336  0.43692125 -0.11496013 -0.14442776  0.        ]
Current x array =  [-0.66409382 -0.75903219 -0.60021683  0.53245191 -2.79980079  0.33647224
  0.51359362  2.34828679  0.27479532 -0.30811214 -0.08992969 -0.05912392
 -0.25649124 -1.03213597 -0.90941856 -0.59186272 -2.27568691 -3.46021126
 -4.25711651 -2.70998964 -1.97525242 -1.10947955 -2.86534997 -3.26581367
 -2.5393593  -2.39937858]
      fun: 9964.42175440002
 hess_inv: <26x26 LbfgsInvHessProduct with dtype=float64>
      jac: array([ 0.47602953,  0.05875336, -0.43692125,  0.11496013,  0.14442776,
       -0.        , -0.04926393,  0.05621797,  0.10362848,  0.00548291,
        0.03667569,  0.01057527,  0.02561232, -0.00774979,  0.00961474,
        0.03454943, -0.03051097,  0.06010835, -0.01535416, -0.01923179,
        0.00937775, -0.01065642, -0.03431798, -0.01705814,  0.00491475,
       -0.00106167])
  message: 'CONVERGENCE: REL_REDUCTION_OF_F_<=_FACTR*EPSMCH'
     nfev: 66
      nit: 60
   status: 0
  success: True
        x: array([-0.66409382, -0.75903219, -0.60021683,  0.53245191, -2.79980079,
        0.33647224,  0.51359362,  2.34828679,  0.27479532, -0.30811214,
       -0.08992969, -0.05912392, -0.25649124, -1.03213597, -0.90941856,
       -0.59186272, -2.27568691, -3.46021126, -4.25711651, -2.70998964,
       -1.97525242, -1.10947955, -2.86534997, -3.26581367, -2.5393593 ,
       -2.39937858])
