/home3/jxiong7/IGCexpansion/IGCexpansion/CodonGeneconv.py:277: FutureWarning: comparison to `None` will result in an elementwise object comparison in the future.
  if not x == None:
number of sites to be analyzed:  303
Successfully loaded parameter value from ./test/save/MG94_PR_GR_nonclock_save.txt
log likelihood =  -9941.87918931
Edge derivatives =  [0.009322394232579356, -0.03257650987348559, 0.004592581749868735, -0.02007459945968024, 0.0049839703200266205, -0.006525106608270326, -0.015971543538060573, 0.013888779600983489, -0.008881202804271071, -0.0157790051776793, -0.012571081012319338, -0.021775959631267425, -0.02345496116718137, 0.0008726034556766626, 0.010442533558767564, 0.00207816299752972, 0.001506648112579223, 0.008820164427407205, 0.005822959313705897, 0.011421039263387]
other derivatives: [ 0.11841621 -0.00309228 -0.04674803  0.05366019 -0.07858034 -0.0001819 ]
Current x array =  [-0.66384506 -0.75713671 -0.60175208  0.54432022 -2.76239601 -1.72785164
  0.62721048  2.30049071  0.22549414 -0.3774886  -0.17106565 -0.14751461
 -0.33309179 -1.08217579 -0.97008824 -0.67168982 -2.33544418 -3.55044949
 -4.30646726 -2.76848429 -2.02951309 -1.16094897 -2.93195747 -3.30933637
 -2.60612368 -2.44744139]
log likelihood =  -9975.84341624
Edge derivatives =  [5.5353577729101655, 14.94763973450362, 3.6105776354491264, 2.5178099918985652, 0.21250011161272597, 1.372635014471905, 3.034268633308951, 0.9639031200425597, -0.1956746557977158, 2.697535212336067, -0.24592741297735898, 0.1803982868703045, -0.1760724677674644, -0.26921111609519077, -1.7974325234346418, -1.5035929745455077, -0.5264809074497298, -0.5686021563441039, -1.0685694738779794, -1.193839042881664]
other derivatives: [-512.13482948    6.09743438  125.05224731  -21.25270839   44.15760486
    1.84500095]
Current x array =  [-0.54542885 -0.76022899 -0.64850011  0.59798041 -2.84097635 -1.72803354
  0.63653287  2.2679142   0.23008672 -0.3975632  -0.16608168 -0.15403972
 -0.34906333 -1.06828702 -0.97896945 -0.68746882 -2.34801526 -3.57222545
 -4.32992222 -2.76761169 -2.01907056 -1.1588708  -2.93045082 -3.3005162
 -2.60030073 -2.43602035]
log likelihood =  -9941.87918177
Edge derivatives =  [0.012019257064663669, -0.025401624977539727, 0.006636773965114293, -0.01868839556537992, 0.005283073111940428, -0.005672026368091609, -0.014489368356356613, 0.014372760436085943, -0.009008016860851398, -0.014538609990140977, -0.012685454930219331, -0.021700923005438043, -0.023535060363400376, 0.0007519755723283048, 0.00962855814750363, 0.001373667187816563, 0.00126691453042721, 0.008565517520858407, 0.00533242957119566, 0.01086373541975183]
other derivatives: [-0.07621566 -0.00436557  0.01145963  0.06366463 -0.05929905  0.0003638 ]
Current x array =  [-0.66379099 -0.75713812 -0.60177343  0.54434472 -2.76243189 -1.72785173
  0.62721474  2.30047584  0.22549624 -0.37749777 -0.17106337 -0.14751759
 -0.33309908 -1.08216945 -0.9700923  -0.67169702 -2.33544992 -3.55045944
 -4.30647797 -2.76848389 -2.02950832 -1.16094802 -2.93195678 -3.30933234
 -2.60612103 -2.44743618]
      fun: 9941.879181773838
 hess_inv: <26x26 LbfgsInvHessProduct with dtype=float64>
      jac: array([ 0.07621566,  0.00436557, -0.01145963, -0.06366463,  0.05929905,
       -0.0003638 , -0.01201926,  0.02540162, -0.00663677,  0.0186884 ,
       -0.00528307,  0.00567203,  0.01448937, -0.01437276,  0.00900802,
        0.01453861,  0.01268545,  0.02170092,  0.02353506, -0.00075198,
       -0.00962856, -0.00137367, -0.00126691, -0.00856552, -0.00533243,
       -0.01086374])
  message: 'CONVERGENCE: REL_REDUCTION_OF_F_<=_FACTR*EPSMCH'
     nfev: 3
      nit: 1
   status: 0
  success: True
        x: array([-0.66379099, -0.75713812, -0.60177343,  0.54434472, -2.76243189,
       -1.72785173,  0.62721474,  2.30047584,  0.22549624, -0.37749777,
       -0.17106337, -0.14751759, -0.33309908, -1.08216945, -0.9700923 ,
       -0.67169702, -2.33544992, -3.55045944, -4.30647797, -2.76848389,
       -2.02950832, -1.16094802, -2.93195678, -3.30933234, -2.60612103,
       -2.44743618])
number of sites to be analyzed:  303
Successfully loaded parameter value from ./test/save/MG94_Force_PR_GR_nonclock_save.txt
log likelihood =  -9964.4217544
Edge derivatives =  [0.049263929164602704, -0.056217968267385676, -0.10362848165449401, -0.005482912954315397, -0.036675686224922344, -0.010575265485951668, -0.02561231518319476, 0.007749793384237341, -0.009614735109468753, -0.034549433221662124, 0.030510968707027547, -0.060108345562188706, 0.015354162041723518, 0.019231793077559248, -0.009377754805140803, 0.010656416404487501, 0.03431798434066417, 0.017058142265995183, -0.004914747228025193, 0.0010616743299858289]
other derivatives: [-0.49076334 -0.09258656  0.40618033 -0.14315447 -0.19153958  0.        ]
Current x array =  [-0.66409382 -0.75903219 -0.60021683  0.53245191 -2.79980079  0.33647224
  0.51359362  2.34828679  0.27479532 -0.30811214 -0.08992969 -0.05912392
 -0.25649124 -1.03213597 -0.90941856 -0.59186272 -2.27568691 -3.46021126
 -4.25711651 -2.70998964 -1.97525242 -1.10947955 -2.86534997 -3.26581367
 -2.5393593  -2.39937858]
log likelihood =  -10799.2616051
Edge derivatives =  [-12.811544178322047, -10.139394168693768, -5.410324475046619, -5.041121794112735, -4.606341767699122, -5.458625255040068, -29.80702703524387, -15.118056095188393, -14.347360615229954, -32.62733137476875, -6.990861695074515, -3.513137574280579, -0.8398203652501155, -9.22438080689522, -9.083830854803555, -27.355457153226663, -6.11338408429466, -4.114619707437459, -4.700526098300578, -5.3900737043428695]
other derivatives: [ 1165.90090329   137.052848   -3953.20566895    12.55175448    28.118302
     0.        ]
Current x array =  [-1.15485716 -0.85161875 -0.19403649  0.38929744 -2.99134037  0.33647224
  0.56285755  2.29206882  0.17116684 -0.31359506 -0.12660538 -0.06969919
 -0.28210355 -1.02438617 -0.91903329 -0.62641216 -2.24517594 -3.5203196
 -4.24176234 -2.69075785 -1.98463018 -1.09882313 -2.83103198 -3.24875552
 -2.54427404 -2.3983169 ]
log likelihood =  -9964.4217094
Edge derivatives =  [0.06051869431926288, -0.03317342109907995, -0.08518200625548883, 0.0038405460867422525, -0.017061730733602398, 0.007924474674347426, -0.016456402228902905, 0.012634150202195271, 0.001851468075817042, -0.02742063970635225, 0.03325720824821131, -0.059957143986740076, 0.015964268727217748, 0.01938255259667624, -0.005244114915574305, 0.016150060528003884, 0.03511905439721333, 0.017788519277535345, -0.002147394122198165, 0.0038384654399569174]
other derivatives: [ 0.59426384  0.02401066 -0.20845619 -0.13897079 -0.04365575  0.        ]
Current x array =  [-0.66436395 -0.75908315 -0.59999325  0.53237311 -2.79990622  0.33647224
  0.51362073  2.34825585  0.27473828 -0.30811516 -0.08994988 -0.05912974
 -0.25650533 -1.0321317  -0.90942385 -0.59188174 -2.27567012 -3.46024434
 -4.25710806 -2.70997906 -1.97525759 -1.10947368 -2.86533108 -3.26580428
 -2.539362   -2.39937799]
log likelihood =  -9964.42165222
Edge derivatives =  [0.056689139739382, -0.03711773974093535, -0.08825251059024462, 0.0017857809954171244, -0.02244677977585663, 0.0025164198457257037, -0.018985209859317176, 0.011060046055374223, -0.001843034285287537, -0.029097289386287944, 0.03204311167676961, -0.06002353465046278, 0.015731128925734535, 0.01902289160481093, -0.006819622678341797, 0.013524310542287976, 0.03447606281245283, 0.017336601513462765, -0.0031501198251736445, 0.0028226784885274636]
other derivatives: [ 0.08021743 -0.03274181 -0.05620677 -0.13587851 -0.09913492  0.        ]
Current x array =  [-0.66423291 -0.7590736  -0.60005291  0.53235756 -2.79990253  0.33647224
  0.51362827  2.34825342  0.27472968 -0.30811418 -0.08995067 -0.05912776
 -0.25650667 -1.03212998 -0.90942297 -0.59188444 -2.27566618 -3.46025115
 -4.2571062  -2.70997684 -1.97525794 -1.10947152 -2.86532704 -3.26580221
 -2.53936208 -2.39937739]
log likelihood =  -9964.42163304
Edge derivatives =  [0.05675914632642309, -0.03167383590525119, -0.08401317245492743, 0.003188279128273644, -0.021061751268102058, 0.003346149072401383, -0.01775884862413593, 0.011356645332190315, -0.0013940318389576989, -0.027720330494493683, 0.031697165312634654, -0.059997653776250076, 0.015695338236473427, 0.01885459006446573, -0.006924434978085814, 0.012814870225633934, 0.03409324128807928, 0.01712842545640425, -0.0031855179751185264, 0.0027161785561942153]
other derivatives: [-0.01564331  0.03201421  0.0163709  -0.086402   -0.06129994  0.        ]
Current x array =  [-0.66419736 -0.7590861  -0.60006696  0.53230324 -2.79994248  0.33647224
  0.51365071  2.34823824  0.27469427 -0.30811362 -0.08995981 -0.05912695
 -0.25651431 -1.03212563 -0.90942379 -0.5918961  -2.27565345 -3.46027499
 -4.25709996 -2.70996927 -1.97526066 -1.10946613 -2.86531333 -3.26579532
 -2.53936335 -2.39937629]
      fun: 9964.421633038612
 hess_inv: <26x26 LbfgsInvHessProduct with dtype=float64>
      jac: array([ 0.01564331, -0.03201421, -0.0163709 ,  0.086402  ,  0.06129994,
       -0.        , -0.05675915,  0.03167384,  0.08401317, -0.00318828,
        0.02106175, -0.00334615,  0.01775885, -0.01135665,  0.00139403,
        0.02772033, -0.03169717,  0.05999765, -0.01569534, -0.01885459,
        0.00692443, -0.01281487, -0.03409324, -0.01712843,  0.00318552,
       -0.00271618])
  message: 'CONVERGENCE: REL_REDUCTION_OF_F_<=_FACTR*EPSMCH'
     nfev: 5
      nit: 3
   status: 0
  success: True
        x: array([-0.66419736, -0.7590861 , -0.60006696,  0.53230324, -2.79994248,
        0.33647224,  0.51365071,  2.34823824,  0.27469427, -0.30811362,
       -0.08995981, -0.05912695, -0.25651431, -1.03212563, -0.90942379,
       -0.5918961 , -2.27565345, -3.46027499, -4.25709996, -2.70996927,
       -1.97526066, -1.10946613, -2.86531333, -3.26579532, -2.53936335,
       -2.39937629])
