/home3/jxiong7/IGCexpansion/IGCexpansion/CodonGeneconv.py:277: FutureWarning: comparison to `None` will result in an elementwise object comparison in the future.
  if not x == None:
number of sites to be analyzed:  133
Successfully loaded parameter value from ./test/save/MG94_YER074W_YIL069C_nonclock_save.txt
log likelihood =  -1251.96345167
Edge derivatives =  [-7.18536532124874e-05, -0.00011114209142526477, -0.0009162833711866547, 1.8622253091016283e-05, -3.389074745993568e-05, 0.0013066226427216332, -1.72600175272748e-05, 0.0010682490747302431, -0.0006999188854479033, 0.0005816708081407551, 0.001083509942193861, 5.296063530732531e-05]
other derivatives: [ -3.45607987e-03   9.09494702e-05   2.27373675e-05   9.09494702e-04
  -1.59161573e-03  -9.09494702e-05]
Current x array =  [ -0.68199515  -0.50590226  -0.84525573   2.20493776  -2.0039114
   2.01090202 -13.34580805  -1.55194821  -2.33767108  -1.60870454
 -15.10860032  -3.03791798 -15.98371352  -2.60240808  -4.86170546
  -2.82824678  -2.92526238  -4.41933191]
log likelihood =  -1251.96688414
Edge derivatives =  [-7.161267832042421e-05, 0.019845280652264846, 0.025200696132785583, 0.029582006366004887, -3.3905987784687976e-05, -0.0068773343888475225, -1.728345920726932e-05, -0.008419651497306058, -0.0006878749096390357, 0.0024683830724587796, -0.008111326005824204, 0.001938185330751685]
other derivatives: [ 1.93215328 -0.05413767 -0.01234639 -0.04017693  0.06750724 -0.02326033]
Current x array =  [ -0.68545123  -0.50581131  -0.845233     2.20584726  -2.00550301
   2.01081108 -13.3458799   -1.55205935  -2.33858737  -1.60868592
 -15.10863421  -3.03661136 -15.98373078  -2.60133983  -4.86240538
  -2.82766511  -2.92417887  -4.41927895]
log likelihood =  -1251.96345164
Edge derivatives =  [-7.18529320368381e-05, -5.114616980952946e-05, -0.0008373678443432397, 0.0001077705367615589, -3.389079572918639e-05, 0.0012815524866383043, -1.7260090037736623e-05, 0.0010391710596402426, -0.000699943846991874, 0.0005871356359331559, 0.0010553428375723595, 5.861178743862827e-05]
other derivatives: [  2.43289833e-03  -6.82121026e-05  -2.27373675e-05   7.95807864e-04
  -1.34150469e-03  -1.59161573e-04]
Current x array =  [ -0.68200564  -0.50590198  -0.84525566   2.20494052  -2.00391623
   2.01090175 -13.34580827  -1.55194855  -2.33767386  -1.60870449
 -15.10860042  -3.03791402 -15.98371357  -2.60240484  -4.86170758
  -2.82824501  -2.92525909  -4.41933175]
      fun: 1251.9634516423982
 hess_inv: <18x18 LbfgsInvHessProduct with dtype=float64>
      jac: array([ -2.43289833e-03,   6.82121026e-05,   2.27373675e-05,
        -7.95807864e-04,   1.34150469e-03,   1.59161573e-04,
         7.18529320e-05,   5.11461698e-05,   8.37367844e-04,
        -1.07770537e-04,   3.38907957e-05,  -1.28155249e-03,
         1.72600900e-05,  -1.03917106e-03,   6.99943847e-04,
        -5.87135636e-04,  -1.05534284e-03,  -5.86117874e-05])
  message: 'CONVERGENCE: REL_REDUCTION_OF_F_<=_FACTR*EPSMCH'
     nfev: 3
      nit: 1
   status: 0
  success: True
        x: array([ -0.68200564,  -0.50590198,  -0.84525566,   2.20494052,
        -2.00391623,   2.01090175, -13.34580827,  -1.55194855,
        -2.33767386,  -1.60870449, -15.10860042,  -3.03791402,
       -15.98371357,  -2.60240484,  -4.86170758,  -2.82824501,
        -2.92525909,  -4.41933175])
number of sites to be analyzed:  133
Successfully loaded parameter value from ./test/save/MG94_Force_YER074W_YIL069C_nonclock_save.txt
log likelihood =  -1361.55302587
Edge derivatives =  [-1.9326510661197482e-05, 0.000253095769831152, -0.003896256002051568, 0.00028414944786442353, -1.3740177198989185e-08, 0.0014492906568670527, -2.2243528409501353e-06, 0.003857999733309858, 0.0007799413752842162, 0.0013782489070880144, -0.0032517449795134434, 0.004206593036358661]
other derivatives: [  1.27556632e-02   3.41060513e-04  -6.82121026e-05  -2.56932253e-03
   3.66071617e-03   0.00000000e+00]
Current x array =  [ -0.6887775   -0.48365662  -0.86364885   2.09701619  -2.19462095
   0.33647224 -15.36121611  -1.35422259  -3.12527355  -1.26905252
 -15.08001192  -2.91096157 -18.29765535  -2.00878048  -4.72465701
  -2.58551621  -2.80954077  -3.74029049]
log likelihood =  -1361.60496697
Edge derivatives =  [-1.9094834068848974e-05, -0.06690348782400943, -0.028671052646653594, -0.16991492097913874, 2.16811350042562e-07, -0.057321838571046724, -2.231238724906521e-06, -0.19077526626576152, -0.010513370691467301, -0.08285879863106888, -0.005214383276555878, -0.01956053344191791]
other derivatives: [-8.01005626 -0.20579591  0.12237251  0.24454039 -0.24938345  0.        ]
Current x array =  [ -0.67602183  -0.48331556  -0.86371707   2.09444687  -2.19096023
   0.33647224 -15.36123544  -1.35396949  -3.1291698   -1.26876837
 -15.08001193  -2.90951228 -18.29765757  -2.00492248  -4.72387707
  -2.58413796  -2.81279251  -3.7360839 ]
log likelihood =  -1361.55302558
Edge derivatives =  [-1.932599573038313e-05, 8.737148553736307e-05, -0.003958935418588827, -0.00013194759449575155, -1.3253521588337707e-08, 0.0013070008451626786, -2.2243698265841985e-06, 0.003390533268360474, 0.0007525507912556142, 0.0011743904542348416, -0.003260130531473171, 0.0041492578851283005]
other derivatives: [-0.00588898 -0.00015916  0.00020464 -0.00202363  0.00306954  0.        ]
Current x array =  [ -0.68874726  -0.48365581  -0.86364902   2.0970101   -2.19461227
   0.33647224 -15.36121616  -1.35422199  -3.12528278  -1.26905184
 -15.08001192  -2.91095813 -18.29765535  -2.00877133  -4.72465516
  -2.58551295  -2.80954847  -3.74028052]
      fun: 1361.5530255763563
 hess_inv: <18x18 LbfgsInvHessProduct with dtype=float64>
      jac: array([  5.88897819e-03,   1.59161573e-04,  -2.04636308e-04,
         2.02362571e-03,  -3.06954462e-03,  -0.00000000e+00,
         1.93259957e-05,  -8.73714855e-05,   3.95893542e-03,
         1.31947594e-04,   1.32535216e-08,  -1.30700085e-03,
         2.22436983e-06,  -3.39053327e-03,  -7.52550791e-04,
        -1.17439045e-03,   3.26013053e-03,  -4.14925789e-03])
  message: 'CONVERGENCE: REL_REDUCTION_OF_F_<=_FACTR*EPSMCH'
     nfev: 3
      nit: 1
   status: 0
  success: True
        x: array([ -0.68874726,  -0.48365581,  -0.86364902,   2.0970101 ,
        -2.19461227,   0.33647224, -15.36121616,  -1.35422199,
        -3.12528278,  -1.26905184, -15.08001192,  -2.91095813,
       -18.29765535,  -2.00877133,  -4.72465516,  -2.58551295,
        -2.80954847,  -3.74028052])
