/home3/jxiong7/IGCexpansion/IGCexpansion/CodonGeneconv.py:276: FutureWarning: comparison to `None` will result in an elementwise object comparison in the future.
  if not x == None:
number of sites to be analyzed:  185
Successfully loaded parameter value from ./test/save/MG94_YNL301C_YOL120C_nonclock_save.txt
log likelihood =  -2139.30757952
Edge derivatives =  [0.0006324149070451989, 0.00033503274841756303, 0.002128535539298898, -0.0018044613888779648, -0.006062744910886927, -0.0021835877295058592, 0.003063178438678791, -0.0024424155451112928, -0.0006054624868221184, -0.001721277791491338, -0.0014003528505652368, -0.001967454632459495]
other derivatives: [ 0.00836735  0.00263753  0.00454747 -0.0041382   0.00172804  0.00227374]
Current x array =  [-0.72158556 -0.54730574 -0.88720637  1.68013341 -2.06558001  0.90814307
 -4.78149103 -1.7332094  -2.47453943 -1.32413217 -4.25797885 -2.49386131
 -3.95283273 -2.24586244 -5.39840487 -2.56306805 -2.76366135 -2.69755227]
log likelihood =  -2139.33997283
Edge derivatives =  [-0.0021879807760674854, -0.06542551360944629, -0.08019408697812833, -0.061898074779228596, -0.00045026977677329813, 0.01031265731867606, -0.01746347096006734, 0.010907036858744612, -0.0012248397967087425, -0.026419285126966785, 0.0015629030232521685, -0.01990584546713456]
other derivatives: [-6.53167262 -1.31954039 -1.17743184  0.34042387 -0.14729267  0.01018634]
Current x array =  [-0.71321821 -0.54466821 -0.8826589   1.67599521 -2.06385197  0.9104168
 -4.78085861 -1.73287437 -2.4724109  -1.32593663 -4.2640416  -2.4960449
 -3.94976955 -2.24830486 -5.39901033 -2.56478932 -2.7650617  -2.69951972]
log likelihood =  -2139.30757922
Edge derivatives =  [0.000623487458359261, 0.00013494953112866415, 0.0018784002224160323, -0.001988134694674515, -0.006045808457761596, -0.002146198194439841, 0.0030008320339512465, -0.0024026906368133094, -0.0006074429780297029, -0.0017965875914243146, -0.0013921320277418964, -0.0020223774725083715]
other derivatives: [-0.01114131 -0.00131877  0.00100044 -0.00304681  0.00131877  0.00231921]
Current x array =  [-0.72156015 -0.54729773 -0.88719256  1.68012084 -2.06557477  0.90814997
 -4.78148911 -1.73320838 -2.47453297 -1.32413765 -4.25799727 -2.49386794
 -3.95282342 -2.24586986 -5.39840671 -2.56307327 -2.7636656  -2.69755824]
      fun: 2139.3075792163368
 hess_inv: <18x18 LbfgsInvHessProduct with dtype=float64>
      jac: array([ 0.01114131,  0.00131877, -0.00100044,  0.00304681, -0.00131877,
       -0.00231921, -0.00062349, -0.00013495, -0.0018784 ,  0.00198813,
        0.00604581,  0.0021462 , -0.00300083,  0.00240269,  0.00060744,
        0.00179659,  0.00139213,  0.00202238])
  message: 'CONVERGENCE: REL_REDUCTION_OF_F_<=_FACTR*EPSMCH'
     nfev: 3
      nit: 1
   status: 0
  success: True
        x: array([-0.72156015, -0.54729773, -0.88719256,  1.68012084, -2.06557477,
        0.90814997, -4.78148911, -1.73320838, -2.47453297, -1.32413765,
       -4.25799727, -2.49386794, -3.95282342, -2.24586986, -5.39840671,
       -2.56307327, -2.7636656 , -2.69755824])
number of sites to be analyzed:  185
Successfully loaded parameter value from ./test/save/MG94_Force_YNL301C_YOL120C_nonclock_save.txt
log likelihood =  -2215.07038211
Edge derivatives =  [-0.00014048521898969924, 0.0005814393778997284, -0.004247316359755671, -0.002935229341240686, 0.0034066372928883426, -0.0006438253003689665, 0.006822114251219799, -0.0005634270367589067, 0.013282829197210445, -0.0006028495440432158, 0.004067172015992701, -0.0020580765005857593]
other derivatives: [ 0.01505214 -0.00932232 -0.00186446  0.00741238 -0.00313776  0.        ]
Current x array =  [ -0.73658538  -0.54940463  -0.91225087   1.55110943  -2.20998655
   0.33647224 -12.68968032  -1.51589257  -2.97112012  -1.29779562
  -4.02201054  -2.23245114  -4.54453297  -2.08583895  -4.6993112
  -2.06853749  -2.79492242  -2.19217751]
log likelihood =  -2215.19342589
Edge derivatives =  [-0.00014277781244470674, -0.08489778918651883, 0.010202661248522801, -0.025618778331247427, -0.004379719404916063, -0.07508262490055617, -0.025772386429834322, -0.06101002756809887, -0.01922172591049767, -0.12441431182497098, -0.11204103248262223, -0.05794260339139279]
other derivatives: [-12.69945642   5.74987098   1.04282663  -0.02455636   0.0950422    0.        ]
Current x array =  [ -0.72153324  -0.55872695  -0.91411534   1.55852181  -2.21312431
   0.33647224 -12.68982081  -1.51531114  -2.97536743  -1.30073085
  -4.0186039   -2.23309497  -4.53771086  -2.08640238  -4.68602837
  -2.06914034  -2.79085524  -2.19423559]
log likelihood =  -2215.07038121
Edge derivatives =  [-0.000140492011208538, 0.0003427451180914587, -0.004212080087408671, -0.0030159824643697375, 0.0033832994110643833, -0.0008521853877287155, 0.006733520865364804, -0.0007366041966572756, 0.013194902373442924, -0.0009455658996126992, 0.003749255867147777, -0.0022165719344197643]
other derivatives: [-0.01855369  0.00641194  0.00095497  0.00727596 -0.00281943  0.        ]
Current x array =  [ -0.73654474  -0.5494298   -0.91225591   1.55112945  -2.20999502
   0.33647224 -12.6896807   -1.515891    -2.97113159  -1.29780355
  -4.02200134  -2.23245288  -4.54451455  -2.08584047  -4.69927533
  -2.06853912  -2.79491143  -2.19218307]
      fun: 2215.0703812130996
 hess_inv: <18x18 LbfgsInvHessProduct with dtype=float64>
      jac: array([ 0.01855369, -0.00641194, -0.00095497, -0.00727596,  0.00281943,
       -0.        ,  0.00014049, -0.00034275,  0.00421208,  0.00301598,
       -0.0033833 ,  0.00085219, -0.00673352,  0.0007366 , -0.0131949 ,
        0.00094557, -0.00374926,  0.00221657])
  message: 'CONVERGENCE: REL_REDUCTION_OF_F_<=_FACTR*EPSMCH'
     nfev: 3
      nit: 1
   status: 0
  success: True
        x: array([ -0.73654474,  -0.5494298 ,  -0.91225591,   1.55112945,
        -2.20999502,   0.33647224, -12.6896807 ,  -1.515891  ,
        -2.97113159,  -1.29780355,  -4.02200134,  -2.23245288,
        -4.54451455,  -2.08584047,  -4.69927533,  -2.06853912,
        -2.79491143,  -2.19218307])
