/home3/jxiong7/IGCexpansion/IGCexpansion/CodonGeneconv.py:277: FutureWarning: comparison to `None` will result in an elementwise object comparison in the future.
  if not x == None:
number of sites to be analyzed:  338
Successfully loaded parameter value from ./test/save/MG94_AR_GR_nonclock_save.txt
log likelihood =  -10427.8834529
Edge derivatives =  [-0.011014381272484774, 0.015570430702167348, -0.009614157290647768, 0.006978672920431195, -0.004698118531111267, 0.006380635743115204, 0.03886053726308214, -0.040334807974052644, 0.022090607953769936, 0.0032310306476338035, -0.003960552594829966, -0.028897935624455796, 0.026760419661718715, -0.001154299413272386, 0.015023997569372782, 0.012240111976781654, 0.01694897585353243, -0.01987023100190311, 0.008551261690566768, -0.0026630573275450153]
other derivatives: [ 0.07003109  0.00709406 -0.0174623   0.03183231  0.00545697 -0.01218723]
Current x array =  [-0.67541881 -0.79230915 -0.55423049  0.58494321 -3.05350191 -1.72681243
  0.96438264  2.5044146  -0.11524425  0.01227572 -0.03211176  0.01694171
 -0.38353007 -1.10854257 -0.6654213  -0.80893946 -2.18211961 -3.34817012
 -4.49830373 -2.78081471 -1.96352483 -1.89611138 -2.93435381 -3.62579828
 -2.46454927 -2.83449044]
log likelihood =  -10438.7819558
Edge derivatives =  [-0.3851763843789069, -4.407631212150202, -1.2229834261373544, -1.4531182690136035, -1.6116120519334323, -2.221767102631573, -3.2702992925047, -0.3602794876413924, -4.193987426636138, -2.5126180526220763, -0.1743021931667327, -0.12021862387925886, -0.20807438792988203, -0.23906679143954912, -1.979535556101688, -1.6345540986179923, -0.7998568635674239, 0.0013133447079290428, -0.8863311526101426, -0.36253932603523153]
other derivatives: [-296.13311199  -20.64825821   61.04364729   -5.09608071  -11.33321348
    0.51823008]
Current x array =  [-0.60538771 -0.78521509 -0.57169279  0.61677553 -3.04804494 -1.73899965
  0.95336825  2.51998503 -0.1248584   0.0192544  -0.03680988  0.02332234
 -0.34466953 -1.14887737 -0.64333069 -0.80570842 -2.18608016 -3.37706806
 -4.47154331 -2.78196901 -1.94850083 -1.88387127 -2.91740483 -3.64566851
 -2.45599801 -2.8371535 ]
log likelihood =  -10427.8834486
Edge derivatives =  [-0.011207751038245894, 0.012855008372572918, -0.010254606377420789, 0.0062240310580177205, -0.005605810199476813, 0.005082317144948001, 0.036845334886605796, -0.040507765181619776, 0.01942803686532857, 0.0016110985779385911, -0.0040723929704469235, -0.02897052750830856, 0.026610779882159374, -0.001314549428774625, 0.013759106508602681, 0.011191539844473963, 0.016434230834518282, -0.019858865295965297, 0.007981928031203768, -0.0028957649488613457]
other derivatives: [-0.10004442 -0.00763976  0.02401066  0.02728484 -0.0005457  -0.01200533]
Current x array =  [-0.67537441 -0.79230465 -0.55424156  0.58496339 -3.05349845 -1.72682015
  0.96437565  2.50442447 -0.11525034  0.01228015 -0.03211474  0.01694575
 -0.38350544 -1.10856814 -0.6654073  -0.80893741 -2.18212212 -3.34818844
 -4.49828676 -2.78081544 -1.96351531 -1.89610362 -2.93434306 -3.62581087
 -2.46454385 -2.83449213]
      fun: 10427.883448595101
 hess_inv: <26x26 LbfgsInvHessProduct with dtype=float64>
      jac: array([ 0.10004442,  0.00763976, -0.02401066, -0.02728484,  0.0005457 ,
        0.01200533,  0.01120775, -0.01285501,  0.01025461, -0.00622403,
        0.00560581, -0.00508232, -0.03684533,  0.04050777, -0.01942804,
       -0.0016111 ,  0.00407239,  0.02897053, -0.02661078,  0.00131455,
       -0.01375911, -0.01119154, -0.01643423,  0.01985887, -0.00798193,
        0.00289576])
  message: 'CONVERGENCE: REL_REDUCTION_OF_F_<=_FACTR*EPSMCH'
     nfev: 3
      nit: 1
   status: 0
  success: True
        x: array([-0.67537441, -0.79230465, -0.55424156,  0.58496339, -3.05349845,
       -1.72682015,  0.96437565,  2.50442447, -0.11525034,  0.01228015,
       -0.03211474,  0.01694575, -0.38350544, -1.10856814, -0.6654073 ,
       -0.80893741, -2.18212212, -3.34818844, -4.49828676, -2.78081544,
       -1.96351531, -1.89610362, -2.93434306, -3.62581087, -2.46454385,
       -2.83449213])
number of sites to be analyzed:  338
Successfully loaded parameter value from ./test/save/MG94_Force_AR_GR_nonclock_save.txt
log likelihood =  -10460.1358475
Edge derivatives =  [0.00593618237372695, -0.0011850394428688515, -0.012663361726523908, -0.031802209950802074, -0.00934542940680183, -0.006858251641672558, 0.014177217481703197, 0.02590303468375446, 0.009337725074266556, 0.011995637429247835, 0.01486350346668455, -0.016204693618712993, -0.01643253948918212, -0.0015235736998253646, -0.0015920616848091873, -0.029228661715128612, -0.0046608641596238565, -0.008087608613758374, 0.013806688218503158, 0.0034670731549856226]
other derivatives: [ 0.08058123  0.01873559  0.01109584  0.0336513  -0.02110028  0.        ]
Current x array =  [-0.67921585 -0.79366428 -0.55206148  0.58085861 -3.08211454  0.33647224
  0.86412447  2.55098531 -0.06678415  0.11040204  0.06261606  0.10644037
 -0.29297521 -1.0767232  -0.57762753 -0.77069204 -2.12452086 -3.27614596
 -4.46912081 -2.70725299 -1.90912891 -1.83319459 -2.86814075 -3.57772274
 -2.40313291 -2.76762671]
log likelihood =  -10474.8046454
Edge derivatives =  [1.292833854161754, 2.082007273002451, 0.6038135035832599, 1.8400859110283678, 0.6801348231362763, 0.37116440944892204, -1.638228412120008, -1.0106638494194953, -2.4855354101881035, -2.304712041614332, -1.0595517247109592, -0.3957002802180119, -0.07600224485346159, -0.25114188700116413, -0.6483924823542391, 1.1032353962292916, -0.24200986867215646, -0.10387318954006007, -1.1639612118096685, -0.5557177331396128]
other derivatives: [-355.36431824  -47.10236681  -31.96510079   -9.12223186    7.8272933     0.        ]
Current x array =  [-0.59863462 -0.77492869 -0.54096564  0.61450991 -3.10321482  0.33647224
  0.87006066  2.54980027 -0.07944751  0.07859983  0.05327063  0.09958212
 -0.27879799 -1.05082017 -0.5682898  -0.7586964  -2.10965736 -3.29235066
 -4.48555335 -2.70877656 -1.91072097 -1.86242325 -2.87280161 -3.58581035
 -2.38932622 -2.76415963]
log likelihood =  -10460.1358445
Edge derivatives =  [0.0065619810339723195, -0.00018306051319105787, -0.012294351587888386, -0.03080828448305284, -0.00898660550250302, -0.006642301518686555, 0.013400302791186425, 0.025440143124443593, 0.008124105072389476, 0.010887517514481387, 0.014350972139279543, -0.016396342770338017, -0.016465260978248103, -0.0016507622488669549, -0.0019257901927817178, -0.028732629076190674, -0.004781484984607412, -0.00813833835872204, 0.013251190045320015, 0.0031965798933506484]
other derivatives: [-0.06293703  0.00418368 -0.00272848  0.03001333 -0.01582521  0.        ]
Current x array =  [-0.67917886 -0.79365568 -0.55205638  0.58087405 -3.08212423  0.33647224
  0.8641272   2.55098477 -0.06678997  0.11038745  0.06261177  0.10643722
 -0.29296871 -1.07671131 -0.57762324 -0.77068654 -2.12451404 -3.2761534
 -4.46912835 -2.70725369 -1.90912964 -1.83320801 -2.86814289 -3.57772645
 -2.40312657 -2.76762511]
      fun: 10460.135844488277
 hess_inv: <26x26 LbfgsInvHessProduct with dtype=float64>
      jac: array([ 0.06293703, -0.00418368,  0.00272848, -0.03001333,  0.01582521,
       -0.        , -0.00656198,  0.00018306,  0.01229435,  0.03080828,
        0.00898661,  0.0066423 , -0.0134003 , -0.02544014, -0.00812411,
       -0.01088752, -0.01435097,  0.01639634,  0.01646526,  0.00165076,
        0.00192579,  0.02873263,  0.00478148,  0.00813834, -0.01325119,
       -0.00319658])
  message: 'CONVERGENCE: REL_REDUCTION_OF_F_<=_FACTR*EPSMCH'
     nfev: 3
      nit: 1
   status: 0
  success: True
        x: array([-0.67917886, -0.79365568, -0.55205638,  0.58087405, -3.08212423,
        0.33647224,  0.8641272 ,  2.55098477, -0.06678997,  0.11038745,
        0.06261177,  0.10643722, -0.29296871, -1.07671131, -0.57762324,
       -0.77068654, -2.12451404, -3.2761534 , -4.46912835, -2.70725369,
       -1.90912964, -1.83320801, -2.86814289, -3.57772645, -2.40312657,
       -2.76762511])
