/home3/jxiong7/IGCexpansion/IGCexpansion/CodonGeneconv.py:275: FutureWarning: comparison to `None` will result in an elementwise object comparison in the future.
  if not x == None:
number of sites to be analyzed:  112
Successfully loaded parameter value from ./test/save/MG94_YLR406C_YDL075W_nonclock_save.txt
log likelihood =  -1178.09909385
Edge derivatives =  [0.00033252968974308017, 0.0008445344082545214, 0.0031129199171077704, -0.0030331974657007432, 0.0052847834095637244, 0.0012899028530337087, 0.0013101624910956747, 0.0018718121025864398, 0.0007591273421738943, 0.00388205218868444, 0.0008465505804157655, 0.00033969941122866804]
other derivatives: [ 0.00027285  0.00968612  0.00088676 -0.00052296  0.00366072  0.00288765]
Current x array =  [-0.64418878 -0.48193634 -0.93057853  1.83999448 -2.45804079  0.50233183
 -3.20346727 -1.43916148 -2.21685246 -2.14525799 -3.61459399 -2.59451356
 -3.90527499 -2.80408212 -5.62041239 -2.4113659  -3.1781213  -3.28150426]
log likelihood =  -1178.11984329
Edge derivatives =  [-0.01018590976175529, -0.09136045109844737, -0.05706080051439143, -0.005893282097339858, -0.028875876084895287, -0.04042111768878129, -0.014230068341960684, -0.05917648402901368, -0.00685223340197041, -0.10026390763934513, -0.0389602591201948, -0.01941617341835051]
other derivatives: [-0.04567937 -4.1538442  -0.09215455  0.05927632 -0.10247732 -0.08951702]
Current x array =  [-0.64391593 -0.47225022 -0.92969177  1.83947152 -2.45438008  0.50521947
 -3.20313474 -1.43831695 -2.21373954 -2.14829119 -3.60930921 -2.59322366
 -3.90396483 -2.8022103  -5.61965326 -2.40748385 -3.17727475 -3.28116456]
log likelihood =  -1178.09909342
Edge derivatives =  [0.00028789163282201546, 0.0004367725714296, 0.0028483971775767197, -0.0030401750922328663, 0.005132933957419997, 0.0011061191526855751, 0.0012415349635184342, 0.0016002910555547173, 0.0007250926556336091, 0.0034181196376827927, 0.0006696204644526527, 0.00025321039915643384]
other derivatives: [ 0.00011369 -0.0086402   0.00047748 -0.00025011  0.00320597  0.00247837]
Current x array =  [-0.64418754 -0.48189259 -0.93057452  1.83999212 -2.45802426  0.50234487
 -3.20346576 -1.43915767 -2.2168384  -2.14527169 -3.61457013 -2.59450774
 -3.90526907 -2.80407366 -5.62040896 -2.41134837 -3.17811748 -3.28150273]
      fun: 1178.099093417244
 hess_inv: <18x18 LbfgsInvHessProduct with dtype=float64>
      jac: array([-0.00011369,  0.0086402 , -0.00047748,  0.00025011, -0.00320597,
       -0.00247837, -0.00028789, -0.00043677, -0.0028484 ,  0.00304018,
       -0.00513293, -0.00110612, -0.00124153, -0.00160029, -0.00072509,
       -0.00341812, -0.00066962, -0.00025321])
  message: 'CONVERGENCE: REL_REDUCTION_OF_F_<=_FACTR*EPSMCH'
     nfev: 3
      nit: 1
   status: 0
  success: True
        x: array([-0.64418754, -0.48189259, -0.93057452,  1.83999212, -2.45802426,
        0.50234487, -3.20346576, -1.43915767, -2.2168384 , -2.14527169,
       -3.61457013, -2.59450774, -3.90526907, -2.80407366, -5.62040896,
       -2.41134837, -3.17811748, -3.28150273])
number of sites to be analyzed:  112
Successfully loaded parameter value from ./test/save/MG94_Force_YLR406C_YDL075W_nonclock_save.txt
log likelihood =  -1195.08199857
Edge derivatives =  [-0.0007878510993435256, 0.0015876184495121903, 0.0008865288974635316, 0.0009746795275671349, -3.9050270189439074e-05, -0.00033987092202016067, 0.0011591029333520818, -0.002860241927097426, -0.003649879698845839, 7.095502777651475e-05, -0.006472762522807679, 0.00012709566590987653]
other derivatives: [-0.0026148   0.0020691  -0.00104592  0.00213731  0.00238742  0.        ]
Current x array =  [-0.65169284 -0.48016533 -0.94180817  1.78746404 -2.59540732  0.33647224
 -3.94489889 -1.31055815 -2.39853552 -2.00191808 -3.48965016 -2.51294578
 -3.8622615  -2.46277647 -5.15872284 -2.16517723 -2.83952059 -3.13790837]
log likelihood =  -1195.08543069
Edge derivatives =  [0.003209696377431643, -0.041432324200190634, -0.012871873908604031, -0.022337006116100788, -0.0011752906624225914, 0.007560441246256336, 0.0018538529481304175, 0.04115540403497846, -0.0019981762638184245, 0.003379254792309744, 0.06713492621608176, 0.0029764011068006135]
other derivatives: [ 1.52945177 -0.93605195  0.15170372 -0.06159553 -0.03369678  0.        ]
Current x array =  [-0.65430763 -0.47809623 -0.94285409  1.78960136 -2.5930199   0.33647224
 -3.94568674 -1.30897053 -2.397649   -2.0009434  -3.48968921 -2.51328566
 -3.8611024  -2.46563671 -5.16237272 -2.16510628 -2.84599335 -3.13778127]
log likelihood =  -1195.08199797
Edge derivatives =  [-0.0007358672180688662, 0.001024823679199649, 0.0007059320325741025, 0.0006692360075417625, -5.4170392991104155e-05, -0.00023735374796621245, 0.001167871254765064, -0.0022842717631976622, -0.0036282707500006617, 0.00011317610009761725, -0.005507461889363935, 0.00016362825848810492]
other derivatives: [ 0.0174623  -0.01018634  0.00095497  0.00131877  0.00190994  0.        ]
Current x array =  [-0.65172702 -0.48013828 -0.94182184  1.78749199 -2.59537611  0.33647224
 -3.94490919 -1.31053739 -2.39852393 -2.00190533 -3.48965067 -2.51295023
 -3.86224635 -2.46281386 -5.15877056 -2.16517631 -2.8396052  -3.1379067 ]
      fun: 1195.081997967418
 hess_inv: <18x18 LbfgsInvHessProduct with dtype=float64>
      jac: array([ -1.74622983e-02,   1.01863407e-02,  -9.54969437e-04,
        -1.31876732e-03,  -1.90993887e-03,  -0.00000000e+00,
         7.35867218e-04,  -1.02482368e-03,  -7.05932033e-04,
        -6.69236008e-04,   5.41703930e-05,   2.37353748e-04,
        -1.16787125e-03,   2.28427176e-03,   3.62827075e-03,
        -1.13176100e-04,   5.50746189e-03,  -1.63628258e-04])
  message: 'CONVERGENCE: REL_REDUCTION_OF_F_<=_FACTR*EPSMCH'
     nfev: 3
      nit: 1
   status: 0
  success: True
        x: array([-0.65172702, -0.48013828, -0.94182184,  1.78749199, -2.59537611,
        0.33647224, -3.94490919, -1.31053739, -2.39852393, -2.00190533,
       -3.48965067, -2.51295023, -3.86224635, -2.46281386, -5.15877056,
       -2.16517631, -2.8396052 , -3.1379067 ])
number of sites to be analyzed:  336
Successfully loaded parameter value from ./test/save/HKY_YLR406C_YDL075W_nonclock_save.txt
log likelihood =  -1268.61432615
Edge derivatives =  [7.445285117760325e-05, -0.0011871877615582185, -0.0020069708086950244, 0.0023385105173070464, -0.0024352226470446756, 0.0007271686931598006, 0.002600776414745558, -0.00030204906516934776, -0.003137775885701214, -0.0002563020441555888, 0.003372846222718367, -0.0028454696899667745]
other derivatives: [  1.01408659e-02  -9.09494702e-04  -2.72848411e-04  -9.09494702e-05
   2.27373675e-04]
Current x array =  [-0.69360659 -0.50735357 -0.88581627  2.33766175  2.08058386 -3.17842853
 -3.06483393 -3.3341589  -3.59607953 -5.05389311 -3.70282121 -5.2442836
 -4.11435112 -6.23802529 -3.75307629 -4.57183666 -4.44944271]
log likelihood =  -1268.63840118
Edge derivatives =  [-0.004626267278919016, -0.010796277317323882, 0.0026653402545600557, -0.02781336961584091, -0.0033271620222568472, -0.01782296021910457, -0.009170045681097454, -0.0008621565269269597, -0.006084817620045303, -0.0058737759526218195, -0.03290360659380305, 0.01850756503924176]
other derivatives: [-4.72473403  0.41586645  0.09977157 -0.0575028   0.0146656 ]
Current x array =  [-0.68346572 -0.50826306 -0.88608912  2.3375708   2.08081123 -3.17835408
 -3.06602112 -3.33616587 -3.59374102 -5.05632833 -3.70209405 -5.24168282
 -4.11465317 -6.24116306 -3.75333259 -4.56846382 -4.45228818]
log likelihood =  -1268.61432589
Edge derivatives =  [5.434076248014841e-05, -0.0012213041514318006, -0.001994994405094347, 0.002237581693608881, -0.0024391178472004307, 0.0006634714727846089, 0.0025617188431653077, -0.0003060288597978786, -0.003147759352112912, -0.0002771881741804802, 0.0032534766489504263, -0.002777495467209283]
other derivatives: [ -5.18411980e-03   4.09272616e-04   2.27373675e-05  -3.18323146e-04
   2.72848411e-04]
Current x array =  [-0.69357349 -0.50735653 -0.88581716  2.33766145  2.0805846  -3.17842829
 -3.06483781 -3.33416545 -3.5960719  -5.05390105 -3.70281884 -5.24427511
 -4.11435211 -6.23803553 -3.75307712 -4.57182566 -4.44945199]
      fun: 1268.6143258906004
 hess_inv: <17x17 LbfgsInvHessProduct with dtype=float64>
      jac: array([  5.18411980e-03,  -4.09272616e-04,  -2.27373675e-05,
         3.18323146e-04,  -2.72848411e-04,  -5.43407625e-05,
         1.22130415e-03,   1.99499441e-03,  -2.23758169e-03,
         2.43911785e-03,  -6.63471473e-04,  -2.56171884e-03,
         3.06028860e-04,   3.14775935e-03,   2.77188174e-04,
        -3.25347665e-03,   2.77749547e-03])
  message: 'CONVERGENCE: REL_REDUCTION_OF_F_<=_FACTR*EPSMCH'
     nfev: 3
      nit: 1
   status: 0
  success: True
        x: array([-0.69357349, -0.50735653, -0.88581716,  2.33766145,  2.0805846 ,
       -3.17842829, -3.06483781, -3.33416545, -3.5960719 , -5.05390105,
       -3.70281884, -5.24427511, -4.11435211, -6.23803553, -3.75307712,
       -4.57182566, -4.44945199])
number of sites to be analyzed:  336
Successfully loaded parameter value from ./test/save/HKY_Force_YLR406C_YDL075W_nonclock_save.txt
log likelihood =  -1313.93906159
Edge derivatives =  [0.008669954594419877, -0.005025139435411191, -0.0025262602778093127, 0.0010906122333003143, 0.011241931398196632, 0.010239505769109286, 0.0010962912805437715, -0.005637668636643049, 0.0012528933454015396, 0.0008883501899722285, -0.014041954689530407, 0.0004672064893400593]
other derivatives: [-0.05331913 -0.06089067  0.01009539 -0.01791705  0.        ]
Current x array =  [-0.71385601 -0.51022846 -0.90338285  2.39360988  0.33647224 -4.99811434
 -2.49641717 -3.46466284 -3.22573969 -4.56655048 -3.65521192 -4.95246884
 -3.59281731 -5.80107366 -3.31123542 -3.95348207 -4.24777097]
log likelihood =  -1315.22857779
Edge derivatives =  [0.01717046772232056, 0.5327949034903322, 0.3235479942804875, 0.25167889383599795, 0.027455900788104774, 0.0022638868725566585, 0.014023732859788557, 0.3457464898961707, 0.06903043596637091, 0.17907933215800287, 0.35541093879955526, 0.08482258824006632]
other derivatives: [ 23.52894626  19.87075393  -2.19895355   0.54358225   0.        ]
Current x array =  [-0.76717514 -0.57111913 -0.89328746  2.37569283  0.33647224 -4.98944439
 -2.50144231 -3.4671891  -3.22464908 -4.55530855 -3.64497242 -4.95137255
 -3.59845498 -5.79982077 -3.31034707 -3.96752402 -4.24730376]
log likelihood =  -1313.93905132
Edge derivatives =  [0.008698939581693686, -0.003404512180511958, -0.0015257216581917171, 0.0018783884874515877, 0.011312928923666182, 0.010258548760766456, 0.0011443828317413106, -0.0045733639937374435, 0.0014550447858311293, 0.0014489084168121322, -0.012944267676201243, 0.0007202742355755416]
other derivatives: [ 0.01591616  0.00109139  0.00404725 -0.01632543  0.        ]
Current x array =  [-0.71400204 -0.51039523 -0.9033552   2.3935608   0.33647224 -4.9980906
 -2.49643094 -3.46466976 -3.22573671 -4.56651969 -3.65518388 -4.95246584
 -3.59283275 -5.80107023 -3.31123298 -3.95352053 -4.24776969]
log likelihood =  -1313.93904902
Edge derivatives =  [0.008611740277920634, -0.00315445872416166, -0.0014284361546999733, 0.0017218630951782998, 0.011153650490958896, 0.009822379079184283, 0.0011318341510603881, -0.004360869136180716, 0.0014508579584863865, 0.0013613186445856282, -0.012512199357069445, 0.0007195393480465689]
other derivatives: [ 0.00634373  0.00798082  0.00209184 -0.01550688  0.        ]
Current x array =  [-0.71398177 -0.51041275 -0.90334223  2.39351602  0.33647224 -4.99806703
 -2.4964407  -3.46467422 -3.22573188 -4.56648905 -3.65515608 -4.95246275
 -3.5928455  -5.80106635 -3.31122924 -3.95355598 -4.24776782]
      fun: 1313.939049017948
 hess_inv: <17x17 LbfgsInvHessProduct with dtype=float64>
      jac: array([-0.00634373, -0.00798082, -0.00209184,  0.01550688, -0.        ,
       -0.00861174,  0.00315446,  0.00142844, -0.00172186, -0.01115365,
       -0.00982238, -0.00113183,  0.00436087, -0.00145086, -0.00136132,
        0.0125122 , -0.00071954])
  message: 'CONVERGENCE: REL_REDUCTION_OF_F_<=_FACTR*EPSMCH'
     nfev: 4
      nit: 2
   status: 0
  success: True
        x: array([-0.71398177, -0.51041275, -0.90334223,  2.39351602,  0.33647224,
       -4.99806703, -2.4964407 , -3.46467422, -3.22573188, -4.56648905,
       -3.65515608, -4.95246275, -3.5928455 , -5.80106635, -3.31122924,
       -3.95355598, -4.24776782])
