/home3/jxiong7/IGCexpansion/IGCexpansion/CodonGeneconv.py:277: FutureWarning: comparison to `None` will result in an elementwise object comparison in the future.
  if not x == None:
number of sites to be analyzed:  133
Successfully loaded parameter value from ./test/save/MG94_YER074W_YIL069C_nonclock_save.txt
log likelihood =  -1251.96345161
Edge derivatives =  [-7.185301159747925e-05, -7.314157947416189e-05, -0.0008209258197700575, 5.9668413347119253e-05, -3.389110736797641e-05, 0.0012003534176673325, -1.726025017094858e-05, 0.0009263316774670294, -0.0007046039027449602, 0.0005344095657598968, 0.0009791334960367326, 5.1023431281216336e-05]
other derivatives: [ -3.02406988e-03   6.82121026e-05   6.82121026e-05   8.18545232e-04
  -1.34150469e-03  -2.04636308e-04]
Current x array =  [ -0.68199574  -0.50590226  -0.84525576   2.20494377  -2.00392169
   2.0109011  -13.34580856  -1.55194876  -2.33767728  -1.60870405
 -15.10860056  -3.0379088  -15.98371364  -2.6024006   -4.86171043
  -2.82824262  -2.9252548   -4.41933151]
log likelihood =  -1251.96607562
Edge derivatives =  [-7.164461425415273e-05, 0.017050576168230358, 0.022144059011794615, 0.025184037962841632, -3.390411022295966e-05, -0.006126319718224416, -1.727957804532666e-05, -0.005731661197916793, -0.00047227371075128644, 0.002620167306418675, -0.006836647660487305, 0.0018380721903611397]
other derivatives: [ 1.69077339 -0.04331469 -0.02057732 -0.03540208  0.05800302 -0.01552962]
Current x array =  [ -0.68501981  -0.50583405  -0.84518754   2.20576231  -2.0052632
   2.01069646 -13.34588041  -1.5520219   -2.3384982   -1.60864438
 -15.10863445  -3.03670844 -15.9837309   -2.60147427  -4.86241504
  -2.82770821  -2.92427566  -4.41928049]
log likelihood =  -1251.96345159
Edge derivatives =  [-7.18523743431803e-05, -2.0578020036354783e-05, -0.0007501027756717238, 0.00013699398448474565, -3.389114920101045e-05, 0.0011774916771689625, -1.726031106502962e-05, 0.0009055016821555295, -0.0007039317097560782, 0.0005406627126474106, 0.0009547347191150024, 5.6500814976434555e-05]
other derivatives: [  2.25099939e-03  -6.82121026e-05   0.00000000e+00   7.27595761e-04
  -1.11413101e-03  -2.50111043e-04]
Current x array =  [ -0.6820051   -0.50590205  -0.84525555   2.2049463   -2.00392584
   2.01090047 -13.34580878  -1.55194898  -2.33767982  -1.60870386
 -15.10860066  -3.03790508 -15.98371369  -2.60239774  -4.86171261
  -2.82824097  -2.92525177  -4.41933135]
      fun: 1251.9634515884934
 hess_inv: <18x18 LbfgsInvHessProduct with dtype=float64>
      jac: array([ -2.25099939e-03,   6.82121026e-05,  -0.00000000e+00,
        -7.27595761e-04,   1.11413101e-03,   2.50111043e-04,
         7.18523743e-05,   2.05780200e-05,   7.50102776e-04,
        -1.36993984e-04,   3.38911492e-05,  -1.17749168e-03,
         1.72603111e-05,  -9.05501682e-04,   7.03931710e-04,
        -5.40662713e-04,  -9.54734719e-04,  -5.65008150e-05])
  message: 'CONVERGENCE: REL_REDUCTION_OF_F_<=_FACTR*EPSMCH'
     nfev: 3
      nit: 1
   status: 0
  success: True
        x: array([ -0.6820051 ,  -0.50590205,  -0.84525555,   2.2049463 ,
        -2.00392584,   2.01090047, -13.34580878,  -1.55194898,
        -2.33767982,  -1.60870386, -15.10860066,  -3.03790508,
       -15.98371369,  -2.60239774,  -4.86171261,  -2.82824097,
        -2.92525177,  -4.41933135])
number of sites to be analyzed:  133
Successfully loaded parameter value from ./test/save/MG94_Force_YER074W_YIL069C_nonclock_save.txt
log likelihood =  -1361.55302558
Edge derivatives =  [-1.932599573038313e-05, 8.737148553736307e-05, -0.003958935418588827, -0.00013194759449575155, -1.3253521588337707e-08, 0.0013070008451626786, -2.2243698265841985e-06, 0.003390533268360474, 0.0007525507912556142, 0.0011743904542348416, -0.003260130531473171, 0.0041492578851283005]
other derivatives: [-0.00588898 -0.00015916  0.00020464 -0.00202363  0.00306954  0.        ]
Current x array =  [ -0.68874726  -0.48365581  -0.86364902   2.0970101   -2.19461227
   0.33647224 -15.36121616  -1.35422199  -3.12528278  -1.26905184
 -15.08001192  -2.91095813 -18.29765535  -2.00877133  -4.72465516
  -2.58551295  -2.80954847  -3.74028052]
log likelihood =  -1361.56348816
Edge derivatives =  [-1.9213912776477537e-05, 0.039281511982039635, 0.016155015202406142, 0.10146891196124136, -5.046076758275442e-07, 0.004268356270134874, -2.2212130042566283e-06, -0.05053268121761484, 0.0008951567229234098, 0.00048247045245938813, 0.051354203409724325, -0.002841746433520115]
other derivatives: [ 3.47902187  0.08499228 -0.05879883 -0.0257387  -0.03055902  0.        ]
Current x array =  [ -0.69463624  -0.48381498  -0.86344438   2.09498647  -2.19154272
   0.33647224 -15.36123548  -1.35413462  -3.12924172  -1.26918379
 -15.08001193  -2.90965113 -18.29765757  -2.0053808   -4.72390261
  -2.58433856  -2.8128086   -3.73613126]
log likelihood =  -1361.55302531
Edge derivatives =  [-1.932544402316442e-05, 0.0002815120322968434, -0.0038586054674186743, 0.0003733008937013005, -1.5753862515143362e-08, 0.0013204572544236043, -2.2243542340428785e-06, 0.003116117084206893, 0.0007529970408723455, 0.0011687638374255072, -0.002986336213194385, 0.0041137008889389134]
other derivatives: [  1.17779564e-02   2.72848411e-04  -9.09494702e-05  -2.13731255e-03
   2.86490831e-03   0.00000000e+00]
Current x array =  [ -0.68877689  -0.48365661  -0.86364799   2.09699992  -2.19459682
   0.33647224 -15.36121626  -1.35422155  -3.1253027   -1.26905251
 -15.08001192  -2.91095155 -18.29765536  -2.00875427  -4.72465138
  -2.58550704  -2.80956488  -3.74025964]
      fun: 1361.5530253073043
 hess_inv: <18x18 LbfgsInvHessProduct with dtype=float64>
      jac: array([ -1.17779564e-02,  -2.72848411e-04,   9.09494702e-05,
         2.13731255e-03,  -2.86490831e-03,  -0.00000000e+00,
         1.93254440e-05,  -2.81512032e-04,   3.85860547e-03,
        -3.73300894e-04,   1.57538625e-08,  -1.32045725e-03,
         2.22435423e-06,  -3.11611708e-03,  -7.52997041e-04,
        -1.16876384e-03,   2.98633621e-03,  -4.11370089e-03])
  message: 'CONVERGENCE: REL_REDUCTION_OF_F_<=_FACTR*EPSMCH'
     nfev: 3
      nit: 1
   status: 0
  success: True
        x: array([ -0.68877689,  -0.48365661,  -0.86364799,   2.09699992,
        -2.19459682,   0.33647224, -15.36121626,  -1.35422155,
        -3.1253027 ,  -1.26905251, -15.08001192,  -2.91095155,
       -18.29765536,  -2.00875427,  -4.72465138,  -2.58550704,
        -2.80956488,  -3.74025964])
