/home3/jxiong7/IGCexpansion/IGCexpansion/CodonGeneconv.py:277: FutureWarning: comparison to `None` will result in an elementwise object comparison in the future.
  if not x == None:
number of sites to be analyzed:  112
Successfully loaded parameter value from ./test/save/MG94_YLR406C_YDL075W_nonclock_save.txt
log likelihood =  -1178.09909183
Edge derivatives =  [0.00038303956579117254, 0.0002358058067329638, 0.002225902356980655, -0.002333254198482404, 0.004622330768974302, 0.0005551627079559834, 0.0010137577893336892, 0.0009588232664119734, 0.0006791944055737674, 0.0018124047216620809, 0.00041483321641157256, 0.00011919405972764946]
other derivatives: [ 0.00572982 -0.00231921  0.00013642 -0.00013642  0.00184173  0.00102318]
Current x array =  [-0.64419995 -0.48190961 -0.93056717  1.83998768 -2.45795819  0.50239123
 -3.20345705 -1.43914727 -2.21677174 -2.14534162 -3.61444359 -2.59448572
 -3.90523975 -2.80403967 -5.6203908  -2.4112801  -3.1781029  -3.28149786]
log likelihood =  -1178.10958069
Edge derivatives =  [-0.008828653878579514, -0.014830822030246521, -0.03267473873312646, 0.008468045733770468, -0.01330862077755579, -0.026816457757511875, -0.008199405740613515, -0.020946678653830347, -0.0020952276436686157, -0.0577215959156995, -0.011134574899804524, -0.011118919556081693]
other derivatives: [-3.18248112  1.03389084  0.02532943  0.05891252 -0.0708269  -0.02323759]
Current x array =  [-0.63847013 -0.48422883 -0.93043075  1.83985125 -2.45611646  0.50341441
 -3.20307401 -1.43891146 -2.21454583 -2.14767488 -3.60982125 -2.59393056
 -3.90422599 -2.80308085 -5.6197116  -2.4094677  -3.17768806 -3.28137867]
log likelihood =  -1178.09909168
Edge derivatives =  [0.0003467085132819389, 0.0001760568392306927, 0.002090459721403995, -0.0022936136071574076, 0.004553252672651199, 0.00044892914405186835, 0.0009779587806615746, 0.0008738568718385381, 0.0006684585402879457, 0.0015828616873694995, 0.00036986700700361586, 7.523933488046142e-05]
other derivatives: [ -6.41193765e-03   1.63709046e-03   2.27373675e-04   6.82121026e-05
   1.59161573e-03   9.09494702e-04]
Current x array =  [-0.64417799 -0.4819185  -0.93056665  1.83998716 -2.45795113  0.50239515
 -3.20345558 -1.43914636 -2.2167632  -2.14535057 -3.61442587 -2.59448359
 -3.90523586 -2.80403599 -5.62038819 -2.41127315 -3.17810131 -3.2814974 ]
      fun: 1178.0990916775986
 hess_inv: <18x18 LbfgsInvHessProduct with dtype=float64>
      jac: array([  6.41193765e-03,  -1.63709046e-03,  -2.27373675e-04,
        -6.82121026e-05,  -1.59161573e-03,  -9.09494702e-04,
        -3.46708513e-04,  -1.76056839e-04,  -2.09045972e-03,
         2.29361361e-03,  -4.55325267e-03,  -4.48929144e-04,
        -9.77958781e-04,  -8.73856872e-04,  -6.68458540e-04,
        -1.58286169e-03,  -3.69867007e-04,  -7.52393349e-05])
  message: 'CONVERGENCE: REL_REDUCTION_OF_F_<=_FACTR*EPSMCH'
     nfev: 3
      nit: 1
   status: 0
  success: True
        x: array([-0.64417799, -0.4819185 , -0.93056665,  1.83998716, -2.45795113,
        0.50239515, -3.20345558, -1.43914636, -2.2167632 , -2.14535057,
       -3.61442587, -2.59448359, -3.90523586, -2.80403599, -5.62038819,
       -2.41127315, -3.17810131, -3.2814974 ])
Traceback (most recent call last):
  File "Run_rebuild.py", line 52, in <module>
    main(parser.parse_args())
  File "Run_rebuild.py", line 14, in main
    MG94_tau.site_reconstruction()
  File "/home3/jxiong7/IGCexpansion/IGCexpansion/CodonGeneconv.py", line 1828, in site_reconstruction
    np.savetxt(open('./test/Ancestral_reconstruction/parameters/' + 'tau_' + self.paralog[0] + '_' + self.paralog[1] + '_' +model +'.txt','w+'), b)
  File "/usr/local/lib/python2.7/dist-packages/numpy/lib/npyio.py", line 1175, in savetxt
    ncol = X.shape[1]
IndexError: tuple index out of range
