/home3/jxiong7/IGCexpansion/IGCexpansion/CodonGeneconv.py:277: FutureWarning: comparison to `None` will result in an elementwise object comparison in the future.
  if not x == None:
number of sites to be analyzed:  197
Successfully loaded parameter value from ./test/save/MG94_YMR142C_YDL082W_nonclock_save.txt
log likelihood =  -2054.05074391
Edge derivatives =  [-0.0008326432752008006, -0.0016879710697585981, 0.002863690387373205, -0.0030885279585881054, 0.00024496904961424527, -0.0018944636759729017, -0.00020384693841621337, -0.0003884963705851896, 0.0038740759157663562, 0.0007773086226245951, 0.00018344763358693617, 0.003124344485417964]
other derivatives: [ 0.01036824 -0.00222826 -0.00031832 -0.00618456 -0.00368345  0.00122782]
Current x array =  [-0.67261646 -0.47521351 -0.80772443  1.98774978 -1.49566778  1.74140616
 -2.68898897 -1.92260391 -2.43251924 -1.73376827 -6.32553388 -3.10259964
 -3.95779628 -2.55177079 -3.62806252 -2.84379061 -3.34964668 -4.24682786]
log likelihood =  -2054.10041894
Edge derivatives =  [-0.027184405046875942, -0.01314384860393586, -0.07348773978819353, -0.00043403573088646175, -0.002222580259600494, -0.004979872357025877, -0.025392687613181808, -0.055924718152603, -0.06677777606007704, -0.05865845258855262, -0.050951679881046444, -0.025213064570657126]
other derivatives: [-9.04738044  1.84745659  0.18840183  0.21150299  0.02773959 -0.12087185]
Current x array =  [-0.66224822 -0.47744177 -0.80804275  1.98156522 -1.49935124  1.74263397
 -2.68982162 -1.92429188 -2.42965555 -1.7368568  -6.32528892 -3.1044941
 -3.95800013 -2.55215929 -3.62418845 -2.8430133  -3.34946324 -4.24370351]
log likelihood =  -2054.05074367
Edge derivatives =  [-0.0008935139122232816, -0.0017164623695954395, 0.0026954223339428207, -0.0030874833983679517, 0.00023951884594959442, -0.0019035262920476248, -0.0002595217356581164, -0.0005123135076451069, 0.0037194526807937667, 0.0006451390873633001, 7.059034144776821e-05, 0.003061789472195958]
other derivatives: [ -9.09494702e-03   1.86446414e-03   9.09494702e-05  -5.72981662e-03
  -3.63797881e-03   1.04591891e-03]
Current x array =  [-0.67259386 -0.47521837 -0.80772512  1.9877363  -1.49567581  1.74140883
 -2.68899079 -1.92260759 -2.432513   -1.733775   -6.32553335 -3.10260377
 -3.95779673 -2.55177164 -3.62805408 -2.84378892 -3.34964628 -4.24682104]
      fun: 2054.05074367127
 hess_inv: <18x18 LbfgsInvHessProduct with dtype=float64>
      jac: array([  9.09494702e-03,  -1.86446414e-03,  -9.09494702e-05,
         5.72981662e-03,   3.63797881e-03,  -1.04591891e-03,
         8.93513912e-04,   1.71646237e-03,  -2.69542233e-03,
         3.08748340e-03,  -2.39518846e-04,   1.90352629e-03,
         2.59521736e-04,   5.12313508e-04,  -3.71945268e-03,
        -6.45139087e-04,  -7.05903414e-05,  -3.06178947e-03])
  message: 'CONVERGENCE: REL_REDUCTION_OF_F_<=_FACTR*EPSMCH'
     nfev: 3
      nit: 1
   status: 0
  success: True
        x: array([-0.67259386, -0.47521837, -0.80772512,  1.9877363 , -1.49567581,
        1.74140883, -2.68899079, -1.92260759, -2.432513  , -1.733775  ,
       -6.32553335, -3.10260377, -3.95779673, -2.55177164, -3.62805408,
       -2.84378892, -3.34964628, -4.24682104])
number of sites to be analyzed:  197
Successfully loaded parameter value from ./test/save/MG94_Force_YMR142C_YDL082W_nonclock_save.txt
log likelihood =  -2197.02712276
Edge derivatives =  [-0.00010688468451080237, -0.002813521289059817, -0.001051231005422204, -0.00719351091096232, -0.00823136735997411, -0.0012097744346712125, -0.010290006999586099, -0.0008276289363573497, 0.0061671928674686405, 0.004505087298415089, 0.002740139959100829, -0.008541083629696328]
other derivatives: [ -1.23691279e-02   7.23048288e-03   8.18545232e-04  -4.54747351e-05
  -1.81898940e-03   0.00000000e+00]
Current x array =  [ -0.70838677  -0.46490846  -0.82442198   1.82319192  -1.88038246
   0.33647224 -14.66435856  -1.44282758  -2.29126479  -1.64092086
  -4.4373516   -2.95019477  -3.57175508  -2.21043477  -3.17134425
  -2.249413    -2.72805192  -3.77723916]
log likelihood =  -2197.12341392
Edge derivatives =  [-0.00010601641139468137, 0.19678589660688853, 0.15832635164174813, 0.5447371412164621, 0.03397015929526466, 0.09459067666720604, 0.09129550923112262, 0.13341405748503665, -0.025281252488448785, -0.05963654742753999, 0.015358889171931123, 0.058472638528732024]
other derivatives: [ 11.34508238  -6.13790689  -0.60426828  -0.15302248   0.26093403   0.        ]
Current x array =  [ -0.7207559   -0.45767798  -0.82360344   1.82314644  -1.88220145
   0.33647224 -14.66446544  -1.4456411   -2.29231602  -1.64811437
  -4.44558297  -2.95140454  -3.58204509  -2.2112624   -3.16517706
  -2.24490791  -2.72531178  -3.78578024]
log likelihood =  -2197.02712188
Edge derivatives =  [-0.00010688214229789242, -0.0022220162384456454, -0.0005815476819989174, -0.005543619256035859, -0.008104866945599108, -0.0009266474560820914, -0.009985122905070962, -0.0004325200012842423, 0.006068863929857421, 0.004303989080886972, 0.0027724653185756676, -0.008340165284727918]
other derivatives: [ 0.02228262 -0.01095941 -0.00095497 -0.00045475 -0.00104592  0.        ]
Current x array =  [ -0.70842389  -0.46488676  -0.82441953   1.82319178  -1.88038791
   0.33647224 -14.66435888  -1.44283602  -2.29126795  -1.64094245
  -4.4373763   -2.9501984   -3.57178596  -2.21043725  -3.17132575
  -2.24939948  -2.7280437   -3.77726479]
      fun: 2197.027121884867
 hess_inv: <18x18 LbfgsInvHessProduct with dtype=float64>
      jac: array([-0.02228262,  0.01095941,  0.00095497,  0.00045475,  0.00104592,
       -0.        ,  0.00010688,  0.00222202,  0.00058155,  0.00554362,
        0.00810487,  0.00092665,  0.00998512,  0.00043252, -0.00606886,
       -0.00430399, -0.00277247,  0.00834017])
  message: 'CONVERGENCE: REL_REDUCTION_OF_F_<=_FACTR*EPSMCH'
     nfev: 3
      nit: 1
   status: 0
  success: True
        x: array([ -0.70842389,  -0.46488676,  -0.82441953,   1.82319178,
        -1.88038791,   0.33647224, -14.66435888,  -1.44283602,
        -2.29126795,  -1.64094245,  -4.4373763 ,  -2.9501984 ,
        -3.57178596,  -2.21043725,  -3.17132575,  -2.24939948,
        -2.7280437 ,  -3.77726479])
