/home3/jxiong7/IGCexpansion/IGCexpansion/CodonGeneconv.py:277: FutureWarning: comparison to `None` will result in an elementwise object comparison in the future.
  if not x == None:
number of sites to be analyzed:  183
Successfully loaded parameter value from ./test/save/MG94_YJL177W_YKL180W_nonclock_save.txt
log likelihood =  -1837.05812943
Edge derivatives =  [-4.420001971809962e-05, -0.0011980023981741361, -0.0027540509440289185, -0.0010825073499351467, 0.008487848252402785, -0.00673354690049055, -0.0026601149559833254, 0.0018449373790447032, 0.0026293328449661715, -0.0011179426222043681, 0.002704187846415823, -0.005359680681650825]
other derivatives: [-0.01696208 -0.00954969  0.00022737  0.0018872  -0.00068212  0.00145519]
Current x array =  [ -0.71890265  -0.45379697  -0.81390944   1.85015906  -2.35169035
   0.56818817 -12.40357725  -1.4967971   -1.71256596  -1.71382949
  -3.47992656  -3.60520947  -3.91841441  -2.90665819  -4.71747212
  -3.15783438  -3.62689561  -3.26623076]
log likelihood =  -1837.19135116
Edge derivatives =  [-3.475245712162813e-05, 0.25382110852222006, 0.3788140061672203, 0.3107751014000853, 0.010930113194855706, 0.06088003291837363, 0.035624039202612444, 0.04951194966026762, 0.010426924886146903, 0.08659949862481246, 0.022527817266973976, 0.13363087204892132]
other derivatives: [ 12.12913503   5.77331321  -0.2066372   -0.46088644   0.23553639
  -0.09099494]
Current x array =  [ -0.73586473  -0.46334667  -0.81368206   1.85204626  -2.35237247
   0.56964336 -12.40362145  -1.4979951   -1.71532002  -1.714912
  -3.47143871  -3.61194301  -3.92107453  -2.90481325  -4.71484279
  -3.15895232  -3.62419142  -3.27159044]
log likelihood =  -1837.05812884
Edge derivatives =  [-4.418040948792938e-05, -0.0006619088293433606, -0.0019523759656894235, -0.0004272193211944386, 0.008493515967049725, -0.006590813462411971, -0.002579649323883902, 0.0019456844221522607, 0.002645762037765051, -0.0009338326652188755, 0.0027460583594585697, -0.005067306271258842]
other derivatives: [ 0.00909495  0.00291038 -0.00013642  0.00097771 -0.0001819   0.00131877]
Current x array =  [ -0.71893803  -0.4538169   -0.81390896   1.850163    -2.35169177
   0.56819121 -12.40357735  -1.4967996   -1.71257171  -1.71383175
  -3.47990885  -3.60522351  -3.91841996  -2.90665434  -4.71746664
  -3.15783671  -3.62688997  -3.26624194]
      fun: 1837.058128843567
 hess_inv: <18x18 LbfgsInvHessProduct with dtype=float64>
      jac: array([ -9.09494702e-03,  -2.91038305e-03,   1.36424205e-04,
        -9.77706804e-04,   1.81898940e-04,  -1.31876732e-03,
         4.41804095e-05,   6.61908829e-04,   1.95237597e-03,
         4.27219321e-04,  -8.49351597e-03,   6.59081346e-03,
         2.57964932e-03,  -1.94568442e-03,  -2.64576204e-03,
         9.33832665e-04,  -2.74605836e-03,   5.06730627e-03])
  message: 'CONVERGENCE: REL_REDUCTION_OF_F_<=_FACTR*EPSMCH'
     nfev: 3
      nit: 1
   status: 0
  success: True
        x: array([ -0.71893803,  -0.4538169 ,  -0.81390896,   1.850163  ,
        -2.35169177,   0.56819121, -12.40357735,  -1.4967996 ,
        -1.71257171,  -1.71383175,  -3.47990885,  -3.60522351,
        -3.91841996,  -2.90665434,  -4.71746664,  -3.15783671,
        -3.62688997,  -3.26624194])
Traceback (most recent call last):
  File "Run_rebuild.py", line 52, in <module>
    main(parser.parse_args())
  File "Run_rebuild.py", line 14, in main
    MG94_tau.site_reconstruction()
  File "/home3/jxiong7/IGCexpansion/IGCexpansion/CodonGeneconv.py", line 1828, in site_reconstruction
    np.savetxt(open('./test/Ancestral_reconstruction/parameters/' + 'tau_' + self.paralog[0] + '_' + self.paralog[1] + '_' +model +'.txt','w+'), b)
  File "/usr/local/lib/python2.7/dist-packages/numpy/lib/npyio.py", line 1175, in savetxt
    ncol = X.shape[1]
IndexError: tuple index out of range
