/home3/jxiong7/IGCexpansion/IGCexpansion/CodonGeneconv.py:276: FutureWarning: comparison to `None` will result in an elementwise object comparison in the future.
  if not x == None:
number of sites to be analyzed:  133
Successfully loaded parameter value from ./test/save/MG94_YER074W_YIL069C_nonclock_save.txt
log likelihood =  -1251.9634518
Edge derivatives =  [-7.185437977811063e-05, -0.00013807394694920205, -0.0010477715332969373, 1.921162883192218e-05, -3.388991235358412e-05, 0.0015312010761122652, -1.725951083257346e-05, 0.0014177605778045166, -0.0006833731450047176, 0.0007176185092956366, 0.0013098871665278011, 6.748700572026256e-05]
other derivatives: [  3.20596882e-03  -1.13686838e-04   2.27373675e-05   1.11413101e-03
  -1.93267624e-03   2.95585778e-04]
Current x array =  [ -0.68200732  -0.50590169  -0.8452558    2.2049264   -2.00389141
   2.0109005  -13.34580725  -1.55194681  -2.33766001  -1.60870479
 -15.10859994  -3.03793407 -15.98371332  -2.60242239  -4.86169783
  -2.82825419  -2.92527601  -4.4193326 ]
log likelihood =  -1251.96638163
Edge derivatives =  [-7.186323975526446e-05, -0.005380348160082982, 0.004622586997149847, -0.013433925626924775, -3.3993839303905616e-05, -0.02456888854189332, -1.7316234190562208e-05, -0.0412065430100399, -0.0029263739484656492, -0.018414962257783274, -0.02468015763405218, -0.0027282094678652835]
other derivatives: [ -1.77910806e+00   5.38875611e-02   6.63931132e-03   1.06865627e-03
   1.44837031e-02  -3.88808985e-02]
Current x array =  [ -0.67880135  -0.50601538  -0.84523306   2.20604053  -2.00582408
   2.01119609 -13.34587911  -1.55208488  -2.33870778  -1.60868558
 -15.10863383  -3.03640287 -15.98373058  -2.60100463  -4.8623812
  -2.82753657  -2.92396612  -4.41926512]
log likelihood =  -1251.96345175
Edge derivatives =  [-7.18544281274529e-05, -0.0001597040041123321, -0.0010256374285293468, -3.517669025360215e-05, -3.389032942792246e-05, 0.0014268555898666602, -1.7259738451459952e-05, 0.0012474308509951015, -0.0006923933984064601, 0.0006410075652554248, 0.0012059361905861765, 5.6246076209881535e-05]
other derivatives: [ -3.86535248e-03   1.36424205e-04   4.54747351e-05   1.09139364e-03
  -1.86446414e-03   1.36424205e-04]
Current x array =  [ -0.68199452  -0.50590215  -0.84525571   2.20493084  -2.00389912
   2.01090168 -13.34580754  -1.55194736  -2.33766419  -1.60870471
 -15.10860008  -3.03792796 -15.98371339  -2.60241674  -4.86170055
  -2.82825133  -2.92527078  -4.41933233]
      fun: 1251.9634517506483
 hess_inv: <18x18 LbfgsInvHessProduct with dtype=float64>
      jac: array([  3.86535248e-03,  -1.36424205e-04,  -4.54747351e-05,
        -1.09139364e-03,   1.86446414e-03,  -1.36424205e-04,
         7.18544281e-05,   1.59704004e-04,   1.02563743e-03,
         3.51766903e-05,   3.38903294e-05,  -1.42685559e-03,
         1.72597385e-05,  -1.24743085e-03,   6.92393398e-04,
        -6.41007565e-04,  -1.20593619e-03,  -5.62460762e-05])
  message: 'CONVERGENCE: REL_REDUCTION_OF_F_<=_FACTR*EPSMCH'
     nfev: 3
      nit: 1
   status: 0
  success: True
        x: array([ -0.68199452,  -0.50590215,  -0.84525571,   2.20493084,
        -2.00389912,   2.01090168, -13.34580754,  -1.55194736,
        -2.33766419,  -1.60870471, -15.10860008,  -3.03792796,
       -15.98371339,  -2.60241674,  -4.86170055,  -2.82825133,
        -2.92527078,  -4.41933233])
number of sites to be analyzed:  133
Successfully loaded parameter value from ./test/save/MG94_Force_YER074W_YIL069C_nonclock_save.txt
log likelihood =  -1361.55302657
Edge derivatives =  [-1.9327585864329828e-05, 0.00024202162251726889, -0.003915232864724172, 0.00020159967804600498, -1.1438846320944858e-08, 0.0015846926547310874, -2.2243482493352214e-06, 0.0047925009302275945, 0.0008089893700504343, 0.0016247849483082832, -0.0035281266445503223, 0.004295564085035938]
other derivatives: [ 0.01393801  0.00113687 -0.00013642 -0.00313776  0.00459295  0.        ]
Current x array =  [ -0.68877823  -0.48365826  -0.86364974   2.09703563  -2.19465116
   0.33647224 -15.36121597  -1.35422336  -3.12524477  -1.26905161
 -15.08001192  -2.9109723  -18.29765533  -2.00881243  -4.72466272
  -2.58552682  -2.80951511  -3.74032134]
log likelihood =  -1361.61580287
Edge derivatives =  [-1.9093673222956134e-05, -0.08130388842157224, -0.03594063578853224, -0.1969717232144984, 2.0286897066116913e-07, -0.06165949251217197, -2.232860988995445e-06, -0.23232091533158067, -0.012006676462586248, -0.09661370788436432, -0.008819034315844132, -0.020492789608774938]
other derivatives: [-8.78362698 -0.585419    0.15174919  0.27760052 -0.2912202   0.        ]
Current x array =  [ -0.67484022  -0.48252139  -0.86378616   2.09389787  -2.19005821
   0.33647224 -15.3612353   -1.35398133  -3.12916     -1.26885001
 -15.08001193  -2.90938761 -18.29765755  -2.00401993  -4.72385373
  -2.58390204  -2.81304323  -3.73602577]
log likelihood =  -1361.5530262
Edge derivatives =  [-1.9327062878416012e-05, 3.8452527040461204e-05, -0.003996975066221875, -0.0002871645602013917, -1.0993015898502374e-08, 0.0014291595078170377, -2.2243694786499486e-06, 0.00421544739846208, 0.0007774453218549644, 0.0013836620283032008, -0.0035451600116720716, 0.004234805054574756]
other derivatives: [-0.00677574 -0.00022737  0.00025011 -0.00245564  0.0039563   0.        ]
Current x array =  [ -0.68874468  -0.48365552  -0.86365006   2.09702808  -2.1946401
   0.33647224 -15.36121602  -1.35422277  -3.12525419  -1.26905113
 -15.08001192  -2.91096849 -18.29765533  -2.00880089  -4.72466078
  -2.58552291  -2.8095236   -3.740311  ]
      fun: 1361.5530262001998
 hess_inv: <18x18 LbfgsInvHessProduct with dtype=float64>
      jac: array([  6.77573553e-03,   2.27373675e-04,  -2.50111043e-04,
         2.45563569e-03,  -3.95630195e-03,  -0.00000000e+00,
         1.93270629e-05,  -3.84525270e-05,   3.99697507e-03,
         2.87164560e-04,   1.09930159e-08,  -1.42915951e-03,
         2.22436948e-06,  -4.21544740e-03,  -7.77445322e-04,
        -1.38366203e-03,   3.54516001e-03,  -4.23480505e-03])
  message: 'CONVERGENCE: REL_REDUCTION_OF_F_<=_FACTR*EPSMCH'
     nfev: 3
      nit: 1
   status: 0
  success: True
        x: array([ -0.68874468,  -0.48365552,  -0.86365006,   2.09702808,
        -2.1946401 ,   0.33647224, -15.36121602,  -1.35422277,
        -3.12525419,  -1.26905113, -15.08001192,  -2.91096849,
       -18.29765533,  -2.00880089,  -4.72466078,  -2.58552291,
        -2.8095236 ,  -3.740311  ])
