/home3/jxiong7/IGCexpansion/IGCexpansion/CodonGeneconv.py:276: FutureWarning: comparison to `None` will result in an elementwise object comparison in the future.
  if not x == None:
number of sites to be analyzed:  136
Successfully loaded parameter value from ./test/save/MG94_YBL087C_YER117W_nonclock_save.txt
log likelihood =  -1367.67937048
Edge derivatives =  [-0.004109522699159478, -0.001087183108721801, 0.002493483685550038, 0.0005694748029662355, 0.0003909878054980387, 0.003008590840369585, 0.0019616724377835917, 0.0017179951303417929, 0.005650926622467228, -0.00016066403588886613, 3.475672461801527e-05, 0.002654592673530222]
other derivatives: [-0.01000444  0.00165983 -0.00015916  0.00031832 -0.00140972 -0.00100044]
Current x array =  [-0.71556463 -0.60174363 -0.98698745  2.13334392 -2.88183445  1.0335058
 -4.05053619 -1.53264299 -1.78429756 -1.82015921 -2.97155567 -3.02033083
 -3.55529877 -2.93814154 -5.48336931 -2.81690924 -2.94771354 -3.68481987]
log likelihood =  -1367.7068325
Edge derivatives =  [0.0022257026405264613, 0.055271557332523646, 0.010840788083003379, 0.03539015722095054, -0.004067738233457963, -0.004263441201846907, -0.004637515964099472, -0.006139088441678431, 0.006301156025932456, 0.02204148947079805, 0.01554292594778596, -0.0049776512029133455]
other derivatives: [ 5.34450919 -0.72336661 -0.08599272 -0.14838406  0.08690222 -0.01773515]
Current x array =  [-0.72556907 -0.60008381 -0.98714661  2.13366224 -2.88324417  1.03250536
 -4.05464571 -1.53373017 -1.78180408 -1.81958973 -2.97116468 -3.01732224
 -3.55333709 -2.93642354 -5.47771838 -2.8170699  -2.94767878 -3.68216528]
log likelihood =  -1367.67937017
Edge derivatives =  [-0.004089470325891423, -0.0009036667180438163, 0.0025169268396181277, 0.0006801129680674978, 0.0003743486068362445, 0.0029822059123431055, 0.0019384644270534386, 0.0016897722791115455, 0.00565273430839685, -8.890839252018168e-05, 8.381509938361342e-05, 0.002628162112624177]
other derivatives: [ 0.00804903 -0.00075033 -0.00047748 -0.0001819  -0.00113687 -0.00106866]
Current x array =  [-0.71559789 -0.60173812 -0.98698798  2.13334498 -2.88183914  1.03350248
 -4.05054985 -1.5326466  -1.78428927 -1.82015731 -2.97155437 -3.02032082
 -3.55529225 -2.93813583 -5.48335052 -2.81690977 -2.94771343 -3.68481104]
      fun: 1367.6793701688716
 hess_inv: <18x18 LbfgsInvHessProduct with dtype=float64>
      jac: array([ -8.04902811e-03,   7.50333129e-04,   4.77484718e-04,
         1.81898940e-04,   1.13686838e-03,   1.06865627e-03,
         4.08947033e-03,   9.03666718e-04,  -2.51692684e-03,
        -6.80112968e-04,  -3.74348607e-04,  -2.98220591e-03,
        -1.93846443e-03,  -1.68977228e-03,  -5.65273431e-03,
         8.89083925e-05,  -8.38150994e-05,  -2.62816211e-03])
  message: 'CONVERGENCE: REL_REDUCTION_OF_F_<=_FACTR*EPSMCH'
     nfev: 3
      nit: 1
   status: 0
  success: True
        x: array([-0.71559789, -0.60173812, -0.98698798,  2.13334498, -2.88183914,
        1.03350248, -4.05054985, -1.5326466 , -1.78428927, -1.82015731,
       -2.97155437, -3.02032082, -3.55529225, -2.93813583, -5.48335052,
       -2.81690977, -2.94771343, -3.68481104])
number of sites to be analyzed:  136
Successfully loaded parameter value from ./test/save/MG94_Force_YBL087C_YER117W_nonclock_save.txt
log likelihood =  -1415.29048934
Edge derivatives =  [-0.0007711939385916982, -0.0044157283802308545, -0.007329158986694215, -0.0038423315995463336, 0.006185305148576632, -0.0002492472519116662, 0.001900803532631161, 0.001793187777960198, 0.002306138343611968, -0.004792560739523027, -7.379612304903027e-06, 0.003047467248733754]
other derivatives: [ 0.01155058 -0.00025011  0.00122782  0.00277396 -0.00113687  0.        ]
Current x array =  [-0.72296064 -0.59444602 -1.01333944  2.11659966 -2.99194477  0.33647224
 -5.49727022 -1.39304941 -2.03435174 -1.75274626 -2.74716525 -2.95324705
 -3.48662193 -2.51356033 -5.03039551 -2.27145199 -2.76967981 -2.96966672]
log likelihood =  -1415.32955022
Edge derivatives =  [0.0002133056119293505, 0.059533600011467847, 0.12233672928922519, 0.09999352838578462, -0.06803961708236042, -0.03867256587768109, -0.018847190925372494, -0.04156331603987279, -0.003418233796932048, 0.06957516405988481, -0.016692999895813437, -0.04160911764784568]
other derivatives: [-6.63058017  0.41256953 -0.11386874  0.14522357 -0.04431513  0.        ]
Current x array =  [-0.71141005 -0.59469613 -1.01211163  2.11937361 -2.99308164  0.33647224
 -5.49804141 -1.39746514 -2.0416809  -1.75658859 -2.74097995 -2.95349629
 -3.48472112 -2.51176714 -5.02808937 -2.27624455 -2.76968719 -2.96661926]
log likelihood =  -1415.2904887
Edge derivatives =  [-0.0007676883754721376, -0.004166754124522998, -0.006815202574366422, -0.003436245807780236, 0.005883288906755397, -0.0004084858922340784, 0.0018147022618022132, 0.0016127561467544071, 0.0022825560192485, -0.004500380155436162, -7.950505235128358e-05, 0.0028636603905300706]
other derivatives: [-0.01475655  0.00136424  0.00075033  0.00331966 -0.0013415   0.        ]
Current x array =  [-0.72291412 -0.59444703 -1.0133345   2.11661083 -2.99194935  0.33647224
 -5.49727332 -1.39306719 -2.03438126 -1.75276174 -2.74714034 -2.95324805
 -3.48661427 -2.5135531  -5.03038622 -2.2714713  -2.76967984 -2.96965445]
      fun: 1415.2904886966649
 hess_inv: <18x18 LbfgsInvHessProduct with dtype=float64>
      jac: array([  1.47565515e-02,  -1.36424205e-03,  -7.50333129e-04,
        -3.31965566e-03,   1.34150469e-03,  -0.00000000e+00,
         7.67688375e-04,   4.16675412e-03,   6.81520257e-03,
         3.43624581e-03,  -5.88328891e-03,   4.08485892e-04,
        -1.81470226e-03,  -1.61275615e-03,  -2.28255602e-03,
         4.50038016e-03,   7.95050524e-05,  -2.86366039e-03])
  message: 'CONVERGENCE: REL_REDUCTION_OF_F_<=_FACTR*EPSMCH'
     nfev: 3
      nit: 1
   status: 0
  success: True
        x: array([-0.72291412, -0.59444703, -1.0133345 ,  2.11661083, -2.99194935,
        0.33647224, -5.49727332, -1.39306719, -2.03438126, -1.75276174,
       -2.74714034, -2.95324805, -3.48661427, -2.5135531 , -5.03038622,
       -2.2714713 , -2.76967984, -2.96965445])
