/home3/jxiong7/IGCexpansion/IGCexpansion/CodonGeneconv.py:277: FutureWarning: comparison to `None` will result in an elementwise object comparison in the future.
  if not x == None:
number of sites to be analyzed:  156
Successfully loaded parameter value from ./test/save/MG94_EDN_ECP_nonclock_save.txt
log likelihood =  -2441.44830466
Edge derivatives =  [-0.003252908813528438, -0.00574203939951029, -0.007168682960821515, -0.0017761625496275635, 0.00046032171909689626, -9.87581759641365e-06, -0.005748894354959191, -0.0012439930012803913, -0.001725123316897656, -0.01067229359994925, 0.003140259662167813, 0.003096786066225876, 0.004607649144633311, -7.72727236124173e-05, 0.0012239513892244938, 0.0060313868425024356, -8.525678265311652e-05, -0.004407152754482436, -0.005558119396336533, 0.0030933642269962147, -0.0031802013405297647, 0.008767629251881973, 0.0007193972157286156, -0.0042405371335869635]
other derivatives: [ 0.0077307  -0.03228706 -0.01873559 -0.00254659 -0.00500222  0.00150067]
Current x array =  [ -0.66944066  -0.54771022  -0.71904602   0.75389448  -0.08691341
  -0.89668905  -1.07393549  -1.76242433  -1.89333451  -3.08547501
  -4.56620264  -4.06255399  -3.25373972  -2.4075147   -3.30233823
  -4.83782278  -3.33619032  -1.93514864  -4.07467272 -15.08475773
  -3.85023928  -4.69402211 -15.16527024  -5.01139532  -4.25548317
  -4.77215665  -4.8153266   -4.50934767  -4.94965186  -3.27865603]
log likelihood =  -2441.82002894
Edge derivatives =  [0.15007564782329613, 0.19648943286205334, 0.35850061957169843, 0.07985767473721388, 0.018173419941418308, 0.008303005764385335, 0.09317482640154677, 0.06309161061483856, 0.027736017405798202, 0.022566607056338336, -0.027261575045065392, -0.08887035232883372, -0.016683615495772394, -7.595366558676137e-05, 0.013321074444267424, -0.02051545864692551, -8.470091342388766e-05, 0.005881829816554395, 0.02778276013190753, -0.002907013071804087, 0.009253890956553025, -0.020992190796491807, 0.004925848361109222, 0.06406286651035153]
other derivatives: [ -7.17091098  16.86439646   6.75590854  -0.02046363   0.09008545
   0.07771632]
Current x array =  [ -0.66170995  -0.57999729  -0.73778161   0.75134789  -0.09191563
  -0.89518838  -1.0771884   -1.76816637  -1.9005032   -3.08725117
  -4.56574231  -4.06256386  -3.25948862  -2.4087587   -3.30406336
  -4.84849507  -3.33305006  -1.93205185  -4.07006507 -15.084835
  -3.84901533  -4.68799072 -15.1653555   -5.01580248  -4.26104129
  -4.76906328  -4.8185068   -4.50058004  -4.94893246  -3.28289657]
log likelihood =  -2441.44830213
Edge derivatives =  [-0.002804938108881841, -0.00516927790145616, -0.0061785474581119715, -0.0015502635377646068, 0.0005094245977131651, 1.8202301619342498e-05, -0.0054803123398805, -0.0010483524189440208, -0.0016351330388223728, -0.010583632852449627, 0.003075750679418926, 0.0029072644997005237, 0.004559158882609618, -7.726929552151565e-05, 0.0012630219410470905, 0.005966209127668116, -8.525526476293351e-05, -0.004379854815443673, -0.005467225356240321, 0.003080983301790463, -0.0031452659949313087, 0.008695462246128272, 0.0007343486864500176, -0.004053030702057425]
other derivatives: [-0.01036824  0.01391527 -0.00081855 -0.00254659 -0.0046839   0.00172804]
Current x array =  [ -0.66942082  -0.54779309  -0.7190941    0.75388794  -0.08692625
  -0.8966852   -1.07394384  -1.76243907  -1.89335291  -3.08547957
  -4.56620145  -4.06255401  -3.25375448  -2.4075179   -3.30234266
  -4.83785017  -3.33618226  -1.93514069  -4.0746609  -15.08475793
  -3.85023614  -4.69400663 -15.16527046  -5.01140663  -4.25549744
  -4.77214871  -4.81533476  -4.50932517  -4.94965001  -3.27866691]
      fun: 2441.4483021287997
 hess_inv: <30x30 LbfgsInvHessProduct with dtype=float64>
      jac: array([  1.03682396e-02,  -1.39152689e-02,   8.18545232e-04,
         2.54658516e-03,   4.68389771e-03,  -1.72803993e-03,
         2.80493811e-03,   5.16927790e-03,   6.17854746e-03,
         1.55026354e-03,  -5.09424598e-04,  -1.82023016e-05,
         5.48031234e-03,   1.04835242e-03,   1.63513304e-03,
         1.05836329e-02,  -3.07575068e-03,  -2.90726450e-03,
        -4.55915888e-03,   7.72692955e-05,  -1.26302194e-03,
        -5.96620913e-03,   8.52552648e-05,   4.37985482e-03,
         5.46722536e-03,  -3.08098330e-03,   3.14526599e-03,
        -8.69546225e-03,  -7.34348686e-04,   4.05303070e-03])
  message: 'CONVERGENCE: REL_REDUCTION_OF_F_<=_FACTR*EPSMCH'
     nfev: 3
      nit: 1
   status: 0
  success: True
        x: array([ -0.66942082,  -0.54779309,  -0.7190941 ,   0.75388794,
        -0.08692625,  -0.8966852 ,  -1.07394384,  -1.76243907,
        -1.89335291,  -3.08547957,  -4.56620145,  -4.06255401,
        -3.25375448,  -2.4075179 ,  -3.30234266,  -4.83785017,
        -3.33618226,  -1.93514069,  -4.0746609 , -15.08475793,
        -3.85023614,  -4.69400663, -15.16527046,  -5.01140663,
        -4.25549744,  -4.77214871,  -4.81533476,  -4.50932517,
        -4.94965001,  -3.27866691])
number of sites to be analyzed:  156
Successfully loaded parameter value from ./test/save/MG94_Force_EDN_ECP_nonclock_save.txt
log likelihood =  -2466.29145933
Edge derivatives =  [-0.002150345833387385, 0.0029219836441652935, -0.002528757286726302, 0.0064439546640167045, 0.0003634883312065504, 0.0009993975181311829, -0.009079642402204172, -0.0036711124324224076, -0.003809415858148507, -0.0034729283044048834, 0.0031722044036066877, -0.0008076295302298919, 0.01038968506662058, -8.636829352605043e-05, -0.0038542581910318216, -0.002939799788494294, -6.075357725432512e-05, 0.005308301978393343, 0.000947957385531023, -0.001298645161246937, -0.002220185883677058, -0.0030453607241460595, -0.0037552997008460376, -0.009451036342589925]
other derivatives: [ 0.00595719 -0.01059561 -0.00418368  0.01100489 -0.0003638   0.        ]
Current x array =  [ -0.66067004  -0.54413706  -0.7194491    0.76924476  -0.04190146
   0.33647224  -1.00998658  -2.03370619  -1.86300834  -2.84347511
  -4.01228707  -3.96141761  -3.04156471  -2.33774888  -3.17044615
  -4.64766285  -3.21279549  -1.79030034  -3.95303458 -14.76350678
  -3.65824863  -4.64472674 -15.37869248  -5.03365564  -4.1331274
  -4.64493121  -4.6490194   -4.35193549  -4.66397934  -3.16927218]
log likelihood =  -2466.35099699
Edge derivatives =  [0.11022181656009067, -0.08408169456059733, 0.13326990148695628, -0.07393857088658201, 0.002947215819869564, -0.0024654161749468745, 0.1228204227885881, 0.12149143495951159, 0.048905241667447835, 0.008582556504930693, -0.02696253535545204, 0.06241110326331978, -0.049291753371276725, -8.668469736999244e-05, 0.030769381824989304, 0.0073980105534431385, -6.0689715112833656e-05, -0.002487061518469348, -0.001530102661793667, 0.003878485747949696, 0.005723267812245275, 0.010988672406704307, 0.0064731267648823025, 0.12101095629202785]
other derivatives: [-5.33432285  6.2568688   1.55928319 -0.88743946  0.03678906  0.        ]
Current x array =  [ -0.65471285  -0.55473268  -0.72363277   0.78024964  -0.04226525
   0.33647224  -1.01213693  -2.03078421  -1.86553709  -2.83703116
  -4.01192358  -3.96041822  -3.05064435  -2.34142     -3.17425556
  -4.65113577  -3.20962329  -1.79110797  -3.9426449  -14.76359315
  -3.66210289  -4.64766654 -15.37875323  -5.02834734  -4.13217944
  -4.64622986  -4.65123958  -4.35498085  -4.66773464  -3.17872321]
log likelihood =  -2466.29145694
Edge derivatives =  [-0.0014351326927388441, 0.002382766199604869, -0.0016641300559125938, 0.005943809677340983, 0.0003800989350097317, 0.0009792239158756405, -0.008243971700071795, -0.0028784481573588816, -0.0034746744741741414, -0.003396544350118186, 0.0029859833360108418, -0.00040060964162136337, 0.010017995410552719, -8.63703098925723e-05, -0.003634715514992136, -0.002874228918511631, -6.075315797187588e-05, 0.005259509569521021, 0.000933405982887249, -0.0012655117156444712, -0.002169631968870659, -0.002956266879196815, -0.003689913078432621, -0.00862571606675866]
other derivatives: [-0.02728484  0.02955858  0.00572982  0.00536602 -0.0001819   0.        ]
Current x array =  [ -0.66063263  -0.54420359  -0.71947537   0.76931386  -0.04190374
   0.33647224  -1.01000008  -2.03368784  -1.86302422  -2.84343465
  -4.01228479  -3.96141134  -3.04162172  -2.33777193  -3.17047007
  -4.64768465  -3.21277558  -1.79030541  -3.95296935 -14.76350732
  -3.65827283  -4.6447452  -15.37869286  -5.03362231  -4.13312144
  -4.64493936  -4.64903334  -4.35195461  -4.66400292  -3.16933152]
      fun: 2466.2914569432205
 hess_inv: <30x30 LbfgsInvHessProduct with dtype=float64>
      jac: array([  2.72848411e-02,  -2.95585778e-02,  -5.72981662e-03,
        -5.36601874e-03,   1.81898940e-04,  -0.00000000e+00,
         1.43513269e-03,  -2.38276620e-03,   1.66413006e-03,
        -5.94380968e-03,  -3.80098935e-04,  -9.79223916e-04,
         8.24397170e-03,   2.87844816e-03,   3.47467447e-03,
         3.39654435e-03,  -2.98598334e-03,   4.00609642e-04,
        -1.00179954e-02,   8.63703099e-05,   3.63471551e-03,
         2.87422892e-03,   6.07531580e-05,  -5.25950957e-03,
        -9.33405983e-04,   1.26551172e-03,   2.16963197e-03,
         2.95626688e-03,   3.68991308e-03,   8.62571607e-03])
  message: 'CONVERGENCE: REL_REDUCTION_OF_F_<=_FACTR*EPSMCH'
     nfev: 3
      nit: 1
   status: 0
  success: True
        x: array([ -0.66063263,  -0.54420359,  -0.71947537,   0.76931386,
        -0.04190374,   0.33647224,  -1.01000008,  -2.03368784,
        -1.86302422,  -2.84343465,  -4.01228479,  -3.96141134,
        -3.04162172,  -2.33777193,  -3.17047007,  -4.64768465,
        -3.21277558,  -1.79030541,  -3.95296935, -14.76350732,
        -3.65827283,  -4.6447452 , -15.37869286,  -5.03362231,
        -4.13312144,  -4.64493936,  -4.64903334,  -4.35195461,
        -4.66400292,  -3.16933152])
