/home3/jxiong7/IGCexpansion/IGCexpansion/CodonGeneconv.py:275: FutureWarning: comparison to `None` will result in an elementwise object comparison in the future.
  if not x == None:
number of sites to be analyzed:  140
Successfully loaded parameter value from ./test/save/MG94_YML026C_YDR450W_nonclock_save.txt
log likelihood =  -1377.24546202
Edge derivatives =  [-0.001526727463910471, 0.0001275054005773768, 0.0006367838211917831, 0.00018130534391930242, 2.2253291182677734e-05, 0.0016838025251222632, -2.7247729849772356e-05, 0.0008405326135693392, 0.004428244163029751, -0.00023017002886516202, 0.003083974583361321, -0.0002747573727074834]
other derivatives: [ 0.02546585 -0.00754881  0.00954969 -0.00234195 -0.00047748 -0.00204636]
Current x array =  [ -0.69056158  -0.52074284  -0.86677495   1.70684566  -2.60731318
   1.29331103  -3.44392288  -1.56761244  -2.15740664  -1.86209703
 -10.02612853  -2.86248688 -15.65149454  -2.5282412   -4.8396981
  -2.59077066  -3.28884919  -3.93023044]
log likelihood =  -1377.46026074
Edge derivatives =  [0.01282307749562514, -0.03485156215506802, -0.09505661410314342, -0.1240449959966996, -2.3741745713749338e-05, -0.03668654365687818, -2.7296757869331342e-05, -0.0473765491815569, 0.0037203044113813186, -0.04728005249154851, -0.006780821861715483, -0.027067086161179157]
other derivatives: [-15.38242032   3.30071543  -1.84768396   0.36036454  -0.16673312
   0.09456471]
Current x array =  [ -0.66509573  -0.52829165  -0.85722526   1.70450371  -2.60779066
   1.29126467  -3.44544961  -1.56748493  -2.15676986  -1.86191572
 -10.02610627  -2.86080307 -15.65152178  -2.52740066  -4.83526985
  -2.59100083  -3.28576522  -3.9305052 ]
log likelihood =  -1377.24546117
Edge derivatives =  [-0.0015072915431811884, 4.3130079597553106e-05, 0.00043735313927767416, -7.771440637716065e-05, 2.215510892180885e-05, 0.001599122738640324, -2.724787177074228e-05, 0.0007331139278333731, 0.004424254358442922, -0.0003310023702510212, 0.003058961255162071, -0.0003319931819559807]
other derivatives: [-0.00381988 -0.00090949  0.00591172 -0.00163709 -0.00081855 -0.00186446]
Current x array =  [ -0.69051127  -0.52075776  -0.86675609   1.70684103  -2.60731412
   1.29330699  -3.4439259   -1.56761219  -2.15740538  -1.86209667
 -10.02612848  -2.86248355 -15.65149459  -2.52823953  -4.83968935
  -2.59077111  -3.2888431   -3.93023098]
      fun: 1377.2454611738435
 hess_inv: <18x18 LbfgsInvHessProduct with dtype=float64>
      jac: array([  3.81987775e-03,   9.09494702e-04,  -5.91171556e-03,
         1.63709046e-03,   8.18545232e-04,   1.86446414e-03,
         1.50729154e-03,  -4.31300796e-05,  -4.37353139e-04,
         7.77144064e-05,  -2.21551089e-05,  -1.59912274e-03,
         2.72478718e-05,  -7.33113928e-04,  -4.42425436e-03,
         3.31002370e-04,  -3.05896126e-03,   3.31993182e-04])
  message: 'CONVERGENCE: REL_REDUCTION_OF_F_<=_FACTR*EPSMCH'
     nfev: 3
      nit: 1
   status: 0
  success: True
        x: array([ -0.69051127,  -0.52075776,  -0.86675609,   1.70684103,
        -2.60731412,   1.29330699,  -3.4439259 ,  -1.56761219,
        -2.15740538,  -1.86209667, -10.02612848,  -2.86248355,
       -15.65149459,  -2.52823953,  -4.83968935,  -2.59077111,
        -3.2888431 ,  -3.93023098])
number of sites to be analyzed:  140
Successfully loaded parameter value from ./test/save/MG94_Force_YML026C_YDR450W_nonclock_save.txt
log likelihood =  -1444.31278858
Edge derivatives =  [-0.00010673678254921647, -0.0005933603572416679, 0.0014301549889799148, 0.004313635070998356, 0.005534184661911495, -0.0014800542244923776, -4.629693621468056e-05, -0.0005371493899993252, 0.004086720008764547, 0.003165536194246421, 0.0005598440566257634, -0.0020005313990281853]
other derivatives: [ -1.75077730e-03  -6.43467502e-03   2.27373675e-05   2.52384780e-03
  -2.02362571e-03   0.00000000e+00]
Current x array =  [ -0.7191076   -0.51667332  -0.89458211   1.57901755  -2.82995998
   0.33647224 -11.65397619  -1.39340834  -2.31079928  -1.65772314
  -3.76147001  -2.71137847 -15.12661724  -2.21348974  -4.4704249
  -2.10797202  -2.86186637  -3.49992916]
log likelihood =  -1444.32308074
Edge derivatives =  [-0.00011485789937798719, 0.06154147753090111, -0.017492805745606577, -0.09406440080544681, 0.0018132910541939357, 0.021374897310094856, -4.632733064742689e-05, 0.031520740829035054, -0.0002155156120305507, -0.07049719082208356, 0.02010256031161861, 0.004438828080253421]
other derivatives: [ 0.96824806  2.75686034 -0.01518856 -0.14711077  0.05566108  0.        ]
Current x array =  [ -0.72085838  -0.52310799  -0.89455937   1.58154139  -2.8319836
   0.33647224 -11.65408292  -1.3940017   -2.30936913  -1.6534095
  -3.75593583  -2.71285853 -15.12666354  -2.21402689  -4.46633818
  -2.10480649  -2.86130653  -3.50192969]
log likelihood =  -1444.31278811
Edge derivatives =  [-0.00010679037601388397, -0.00017359998091937, 0.0013084929700378778, 0.0036664823177303685, 0.005511405882101694, -0.0013243444772128021, -4.629713339704973e-05, -0.00031933999222766296, 0.004058670003331814, 0.002679459354069491, 0.0006934906064518798, -0.0019570303572894326]
other derivatives: [  4.82032192e-03   1.22554411e-02  -9.09494702e-05   1.54614099e-03
  -1.59161573e-03   0.00000000e+00]
Current x array =  [ -0.71911927  -0.5167162   -0.89458196   1.57903437  -2.82997346
   0.33647224 -11.6539769   -1.39341229  -2.31078975  -1.65769439
  -3.76143313  -2.71138834 -15.12661755  -2.21349332  -4.47039766
  -2.10795092  -2.86186264  -3.49994249]
      fun: 1444.3127881117362
 hess_inv: <18x18 LbfgsInvHessProduct with dtype=float64>
      jac: array([ -4.82032192e-03,  -1.22554411e-02,   9.09494702e-05,
        -1.54614099e-03,   1.59161573e-03,  -0.00000000e+00,
         1.06790376e-04,   1.73599981e-04,  -1.30849297e-03,
        -3.66648232e-03,  -5.51140588e-03,   1.32434448e-03,
         4.62971334e-05,   3.19339992e-04,  -4.05867000e-03,
        -2.67945935e-03,  -6.93490606e-04,   1.95703036e-03])
  message: 'CONVERGENCE: REL_REDUCTION_OF_F_<=_FACTR*EPSMCH'
     nfev: 3
      nit: 1
   status: 0
  success: True
        x: array([ -0.71911927,  -0.5167162 ,  -0.89458196,   1.57903437,
        -2.82997346,   0.33647224, -11.6539769 ,  -1.39341229,
        -2.31078975,  -1.65769439,  -3.76143313,  -2.71138834,
       -15.12661755,  -2.21349332,  -4.47039766,  -2.10795092,
        -2.86186264,  -3.49994249])
26
