/home3/jxiong7/IGCexpansion/IGCexpansion/CodonGeneconv.py:276: FutureWarning: comparison to `None` will result in an elementwise object comparison in the future.
  if not x == None:
number of sites to be analyzed:  159
Successfully loaded parameter value from ./test/save/MG94_YBR191W_YPL079W_nonclock_save.txt
log likelihood =  -1467.29433239
Edge derivatives =  [-0.0005503117520032838, 0.00048772957822681984, -0.002290011505935885, 5.804824979888101e-05, 0.0005296888562217987, -0.00019398611776298702, -0.0008291102836962948, -5.601432111146387e-06, 0.001829063865176464, -0.0003275468244751528, -0.001363626015276724, 0.0018301063936130013]
other derivatives: [-0.00427463 -0.00086402  0.00832188  0.          0.00181899 -0.00025011]
Current x array =  [-0.70824137 -0.49454741 -0.86380999  2.10000639 -2.37743778  1.34332393
 -3.33685735 -2.12632476 -1.98097997 -2.28171845 -3.57856816 -4.08415957
 -3.87623471 -2.62660627 -3.99922858 -2.89909997 -4.07757684 -3.95400625]
log likelihood =  -1467.30857621
Edge derivatives =  [0.018126571301872133, 0.028551558457696635, 0.09823432932321624, 0.04151375237659535, 0.009744050802969067, 0.013004053192848038, 0.009315366238644677, 0.014899442351303471, 0.0007586572880569631, 0.025654807996724607, 0.007791839401545979, 0.002170069349150379]
other derivatives: [ 2.64612936  0.3223704  -2.02135197 -0.05425136  0.01823537  0.01402896]
Current x array =  [-0.712516   -0.49541143 -0.85548811  2.10000639 -2.37561879  1.34307382
 -3.33740767 -2.12583703 -1.98326998 -2.2816604  -3.57803847 -4.08435356
 -3.87706382 -2.62661187 -3.99739952 -2.89942752 -4.07894046 -3.95217614]
log likelihood =  -1467.29433219
Edge derivatives =  [-0.0004800465207117355, 0.0005935556647664736, -0.0019117186412832554, 0.00021452685580056197, 0.0005647668750452667, -0.00014460643653977506, -0.0007907591723461411, 5.1636464702853324e-05, 0.0018254024886993347, -0.00022950366998916727, -0.0013289554253729102, 0.0018316953957193752]
other derivatives: [ 0.00568434  0.00038654  0.00081855 -0.0001819   0.0018872  -0.00015916]
Current x array =  [-0.70825734 -0.49455064 -0.86377891  2.10000639 -2.37743098  1.343323
 -3.33685941 -2.12632294 -1.98098852 -2.28171823 -3.57856618 -4.0841603
 -3.8762378  -2.62660629 -3.99922175 -2.89910119 -4.07758193 -3.95399941]
      fun: 1467.2943321860241
 hess_inv: <18x18 LbfgsInvHessProduct with dtype=float64>
      jac: array([ -5.68434189e-03,  -3.86535248e-04,  -8.18545232e-04,
         1.81898940e-04,  -1.88720151e-03,   1.59161573e-04,
         4.80046521e-04,  -5.93555665e-04,   1.91171864e-03,
        -2.14526856e-04,  -5.64766875e-04,   1.44606437e-04,
         7.90759172e-04,  -5.16364647e-05,  -1.82540249e-03,
         2.29503670e-04,   1.32895543e-03,  -1.83169540e-03])
  message: 'CONVERGENCE: REL_REDUCTION_OF_F_<=_FACTR*EPSMCH'
     nfev: 3
      nit: 1
   status: 0
  success: True
        x: array([-0.70825734, -0.49455064, -0.86377891,  2.10000639, -2.37743098,
        1.343323  , -3.33685941, -2.12632294, -1.98098852, -2.28171823,
       -3.57856618, -4.0841603 , -3.8762378 , -2.62660629, -3.99922175,
       -2.89910119, -4.07758193, -3.95399941])
Traceback (most recent call last):
  File "Run_rebuild.py", line 52, in <module>
    main(parser.parse_args())
  File "Run_rebuild.py", line 14, in main
    MG94_tau.site_reconstruction()
  File "/home3/jxiong7/IGCexpansion/IGCexpansion/CodonGeneconv.py", line 1699, in site_reconstruction
    (argmatrix[site,node,i],likelihood_matrix[site,node,i])=likelihood_dict[site][node][i]
IndexError: index 156 is out of bounds for axis 0 with size 156
