/home3/jxiong7/IGCexpansion/IGCexpansion/CodonGeneconv.py:277: FutureWarning: comparison to `None` will result in an elementwise object comparison in the future.
  if not x == None:
number of sites to be analyzed:  159
Successfully loaded parameter value from ./test/save/MG94_YBR191W_YPL079W_nonclock_save.txt
log likelihood =  -1467.29433201
Edge derivatives =  [-0.0004493031875567183, 0.000477430246470803, -0.001673347026773686, 8.883795242473069e-05, 0.0005040034148279526, -0.00015356900582623456, -0.0007937237263111081, -1.9634702135507e-05, 0.001744925365188374, -0.0002325632714868242, -0.001296905980046656, 0.0017302707193302055]
other derivatives: [ -2.77395884e-03   2.50111043e-04   2.27373675e-05  -2.27373675e-05
   1.45519152e-03  -1.13686838e-04]
Current x array =  [-0.70824367 -0.49454997 -0.86377512  2.1000055  -2.37741467  1.34332192
 -3.33686386 -2.1263178  -1.98100598 -2.28171673 -3.57856109 -4.0841617
 -3.87624529 -2.62660614 -3.9992048  -2.89910343 -4.07759437 -3.95398248]
log likelihood =  -1467.29676868
Edge derivatives =  [0.005565898509111336, 0.004218256154437994, 0.051185901939433426, 0.01103200161403839, 0.0013303659697276385, 0.0026925787749624737, 0.003762470984549394, 0.011639070022547271, -0.004751457880910179, 0.01063187584993297, 0.005112305192949848, -0.00501492849904793]
other derivatives: [  1.70412022e+00  -1.59707270e-01  -1.96223482e-02  -2.64208211e-02
  -5.11590770e-03   1.59161573e-03]
Current x array =  [-0.71101762 -0.49429986 -0.86375239  2.09998277 -2.37595948  1.34320823
 -3.33731317 -2.12584037 -1.98267932 -2.28162789 -3.57805708 -4.08431527
 -3.87703902 -2.62662578 -3.99745988 -2.899336   -4.07889128 -3.95225221]
log likelihood =  -1467.29433197
Edge derivatives =  [-0.00042294181485656723, 0.0004936922379831787, -0.0014396422117405605, 0.00013691816110736332, 0.0005075577802003822, -0.00014106371271055754, -0.0007736405044726745, 3.162864939409982e-05, 0.0017160864987261076, -0.00018476298470188057, -0.0012685708712887114, 0.0017003198948668877]
other derivatives: [  4.84305929e-03  -4.54747351e-04  -6.82121026e-05  -1.36424205e-04
   1.43245416e-03  -9.09494702e-05]
Current x array =  [-0.70825594 -0.49454886 -0.86377502  2.1000054  -2.37740824  1.34332141
 -3.33686585 -2.12631569 -1.98101338 -2.28171634 -3.57855886 -4.08416238
 -3.8762488  -2.62660623 -3.99919708 -2.89910446 -4.07760011 -3.95397483]
      fun: 1467.294331966129
 hess_inv: <18x18 LbfgsInvHessProduct with dtype=float64>
      jac: array([ -4.84305929e-03,   4.54747351e-04,   6.82121026e-05,
         1.36424205e-04,  -1.43245416e-03,   9.09494702e-05,
         4.22941815e-04,  -4.93692238e-04,   1.43964221e-03,
        -1.36918161e-04,  -5.07557780e-04,   1.41063713e-04,
         7.73640504e-04,  -3.16286494e-05,  -1.71608650e-03,
         1.84762985e-04,   1.26857087e-03,  -1.70031989e-03])
  message: 'CONVERGENCE: REL_REDUCTION_OF_F_<=_FACTR*EPSMCH'
     nfev: 3
      nit: 1
   status: 0
  success: True
        x: array([-0.70825594, -0.49454886, -0.86377502,  2.1000054 , -2.37740824,
        1.34332141, -3.33686585, -2.12631569, -1.98101338, -2.28171634,
       -3.57855886, -4.08416238, -3.8762488 , -2.62660623, -3.99919708,
       -2.89910446, -4.07760011, -3.95397483])
Traceback (most recent call last):
  File "Run_rebuild.py", line 52, in <module>
    main(parser.parse_args())
  File "Run_rebuild.py", line 14, in main
    MG94_tau.site_reconstruction()
  File "/home3/jxiong7/IGCexpansion/IGCexpansion/CodonGeneconv.py", line 1828, in site_reconstruction
    np.savetxt(open('./test/Ancestral_reconstruction/parameters/' + 'tau_' + self.paralog[0] + '_' + self.paralog[1] + '_' +model +'.txt','w+'), b)
  File "/usr/local/lib/python2.7/dist-packages/numpy/lib/npyio.py", line 1175, in savetxt
    ncol = X.shape[1]
IndexError: tuple index out of range
