/home3/jxiong7/IGCexpansion/IGCexpansion/CodonGeneconv.py:277: FutureWarning: comparison to `None` will result in an elementwise object comparison in the future.
  if not x == None:
number of sites to be analyzed:  107
Successfully loaded parameter value from ./test/save/MG94_YLR333C_YGR027C_nonclock_save.txt
log likelihood =  -1261.9987007
Edge derivatives =  [-2.391127818446658e-05, -5.345416952240445e-05, 0.0001239249183572766, 0.0008124489837403326, -0.0021334800474186524, 0.0002080400305291552, -0.0018120071654214448, 0.00028381078819201405, 0.0019418973859022248, -0.002447625243782947, -0.0005442127613003445, -0.0005908193461507671]
other derivatives: [  6.09361450e-03  -2.27373675e-04  -9.09494702e-05   2.00088834e-03
   7.04858394e-04   1.13686838e-04]
Current x array =  [ -0.71987434  -0.51715533  -0.84359342   1.72271669  -1.9045347
   1.18808686 -13.76049734  -1.03859708  -1.53487366  -0.86034588
  -3.75530377  -3.01581729  -3.43243391  -3.176032    -3.74393416
  -3.01808403  -3.16611586  -3.51298622]
log likelihood =  -1262.00744787
Edge derivatives =  [-2.4415331654908132e-05, -0.04066167714049085, -0.053206944550186125, -0.08931080556290963, -0.005640005538032428, -0.00904198541718848, -0.0030879994501759774, -0.009161432020153674, -0.011055945836226821, 0.011361117711353508, -0.006856822176540822, -0.0028533991405010617]
other derivatives: [-2.86997874  0.11218617  0.04827143  0.02844445 -0.05234142  0.02819434]
Current x array =  [ -0.71378072  -0.5173827   -0.84368437   1.72471758  -1.90382984
   1.18820055 -13.76052125  -1.03865053  -1.53474974  -0.85953343
  -3.75743725  -3.01560925  -3.43424592  -3.17574819  -3.74199226
  -3.02053166  -3.16666008  -3.51357704]
log likelihood =  -1261.9987006
Edge derivatives =  [-2.39130372099266e-05, -0.00019565156673850836, -6.178948175789012e-05, 0.0004987066012655528, -0.0021458490739739017, 0.00017548937004466247, -0.0018167953041715278, 0.00025085910034881864, 0.00189688545980371, -0.002400303273268234, -0.000566438366890909, -0.0005989586783673728]
other derivatives: [ -3.81987775e-03   1.36424205e-04   4.54747351e-05   2.09183781e-03
   5.00222086e-04   1.59161573e-04]
Current x array =  [ -0.71985326  -0.51715611  -0.84359373   1.72272361  -1.90453226
   1.18808725 -13.76049742  -1.03859726  -1.53487323  -0.86034307
  -3.75531115  -3.01581657  -3.43244018  -3.17603101  -3.74392744
  -3.0180925   -3.16611774  -3.51298826]
      fun: 1261.998700598859
 hess_inv: <18x18 LbfgsInvHessProduct with dtype=float64>
      jac: array([  3.81987775e-03,  -1.36424205e-04,  -4.54747351e-05,
        -2.09183781e-03,  -5.00222086e-04,  -1.59161573e-04,
         2.39130372e-05,   1.95651567e-04,   6.17894818e-05,
        -4.98706601e-04,   2.14584907e-03,  -1.75489370e-04,
         1.81679530e-03,  -2.50859100e-04,  -1.89688546e-03,
         2.40030327e-03,   5.66438367e-04,   5.98958678e-04])
  message: 'CONVERGENCE: REL_REDUCTION_OF_F_<=_FACTR*EPSMCH'
     nfev: 3
      nit: 1
   status: 0
  success: True
        x: array([ -0.71985326,  -0.51715611,  -0.84359373,   1.72272361,
        -1.90453226,   1.18808725, -13.76049742,  -1.03859726,
        -1.53487323,  -0.86034307,  -3.75531115,  -3.01581657,
        -3.43244018,  -3.17603101,  -3.74392744,  -3.0180925 ,
        -3.16611774,  -3.51298826])
number of sites to be analyzed:  107
Successfully loaded parameter value from ./test/save/MG94_Force_YLR333C_YGR027C_nonclock_save.txt
log likelihood =  -1345.64626322
Edge derivatives =  [-2.8909870837103316e-05, 0.0017052561129430321, -0.0026940678529970286, -0.0009830718059283816, 0.005728964439241979, 0.004294161334287824, -0.005922055481495644, 8.91117383498563e-05, -0.005694855992233849, 0.004001089801567548, -2.2295650523446175e-06, -0.004333922634255902]
other derivatives: [-0.01939497 -0.00381988  0.00052296 -0.00034106 -0.00100044  0.        ]
Current x array =  [ -0.71242835  -0.53778078  -0.86219035   1.37808327  -1.92542877
   0.33647224 -15.41021176  -0.62739779  -3.04594524  -0.62500223
  -3.41867794  -3.36694455  -3.424443    -2.65742072  -3.33122817
  -2.62949166  -2.72544597  -2.93735136]
log likelihood =  -1345.74530966
Edge derivatives =  [-2.862246539610811e-05, 0.19588806386576818, 0.07093491435456334, 0.5252254837934999, 0.013961748063290397, 0.010970657749541896, 0.05084641145149456, 0.06703233664177613, 0.06811605963808942, 0.04212337839050484, 0.07158563385783245, 0.09900700879006719]
other derivatives: [ 9.81951871  1.34964466 -0.3105697  -0.40681698  0.1281478   0.        ]
Current x array =  [ -0.73182333  -0.54160066  -0.86166739   1.37774221  -1.92642921
   0.33647224 -15.41024067  -0.62569253  -3.04863931  -0.6259853
  -3.41294897  -3.36265038  -3.43036505  -2.65733161  -3.33692303
  -2.62549057  -2.7254482   -2.94168528]
log likelihood =  -1345.64626245
Edge derivatives =  [-2.890908551207469e-05, 0.0022293903542793814, -0.002495262593461084, 0.0004468272862624134, 0.005750022803169455, 0.004310721512205809, -0.005766533298214353, 0.00027063284014858247, -0.00549219566740855, 0.004103041800271212, 0.0001922719703412873, -0.004050792730403166]
other derivatives: [  8.29913915e-03  -6.82121026e-05  -3.63797881e-04  -1.52340363e-03
  -7.04858394e-04   0.00000000e+00]
Current x array =  [ -0.71248166  -0.53779128  -0.86218891   1.37808233  -1.92543152
   0.33647224 -15.41021184  -0.6273931   -3.04595264  -0.62500493
  -3.41866219  -3.36693274  -3.42445927  -2.65742048  -3.33124383
  -2.62948067  -2.72544598  -2.93736327]
      fun: 1345.6462624507376
 hess_inv: <18x18 LbfgsInvHessProduct with dtype=float64>
      jac: array([ -8.29913915e-03,   6.82121026e-05,   3.63797881e-04,
         1.52340363e-03,   7.04858394e-04,  -0.00000000e+00,
         2.89090855e-05,  -2.22939035e-03,   2.49526259e-03,
        -4.46827286e-04,  -5.75002280e-03,  -4.31072151e-03,
         5.76653330e-03,  -2.70632840e-04,   5.49219567e-03,
        -4.10304180e-03,  -1.92271970e-04,   4.05079273e-03])
  message: 'CONVERGENCE: REL_REDUCTION_OF_F_<=_FACTR*EPSMCH'
     nfev: 3
      nit: 1
   status: 0
  success: True
        x: array([ -0.71248166,  -0.53779128,  -0.86218891,   1.37808233,
        -1.92543152,   0.33647224, -15.41021184,  -0.6273931 ,
        -3.04595264,  -0.62500493,  -3.41866219,  -3.36693274,
        -3.42445927,  -2.65742048,  -3.33124383,  -2.62948067,
        -2.72544598,  -2.93736327])
