/home3/jxiong7/IGCexpansion/IGCexpansion/CodonGeneconv.py:277: FutureWarning: comparison to `None` will result in an elementwise object comparison in the future.
  if not x == None:
number of sites to be analyzed:  185
Successfully loaded parameter value from ./test/save/MG94_YNL301C_YOL120C_nonclock_save.txt
log likelihood =  -2139.30757801
Edge derivatives =  [0.0006254150034567512, -2.3734946127590417e-05, 0.0015586024913065988, -0.0011416512672766665, -0.005881490618200178, -0.0015238683009683451, 0.002974143891522653, -0.001656205176158665, -0.0005987239148994286, -0.0014991672033157766, -0.0010316088429044024, -0.001668585285784313]
other derivatives: [-0.00923137  0.0005457   0.00040927 -0.00145519  0.0005457   0.00181899]
Current x array =  [-0.72156284 -0.54730114 -0.88719035  1.68008112 -2.06555767  0.90818209
 -4.7814794  -1.7332061  -2.47450495 -1.32415899 -4.25808903 -2.49389568
 -3.95277697 -2.24590035 -5.39841594 -2.56309787 -2.76368373 -2.6975861 ]
log likelihood =  -2139.34117404
Edge derivatives =  [0.0036060694515375434, 0.04598822068403957, 0.03963480768751082, 0.18116302593798805, 0.010937996102562113, 0.07885408190138743, 0.018689037704084515, 0.09054414944732564, 0.0026980485201320353, 0.06681967960714863, 0.0567371949302746, 0.058813839471612686]
other derivatives: [ 7.16700015 -0.42737156 -0.32691787 -0.13023964  0.08476491 -0.05156835]
Current x array =  [-0.73079421 -0.54675544 -0.88678108  1.67862592 -2.06501197  0.91000108
 -4.78085398 -1.73322983 -2.47294635 -1.32530064 -4.26397052 -2.49541955
 -3.94980283 -2.24755656 -5.39901466 -2.56459704 -2.76471534 -2.69925469]
log likelihood =  -2139.30757784
Edge derivatives =  [0.0006315299570676895, 7.604893548360248e-05, 0.001640878342248575, -0.0007420050080422236, -0.005844486403782358, -0.0013477165555763337, 0.0030084640935027114, -0.0014544507855475675, -0.0005915633839982289, -0.0013493349188024029, -0.0009054893517165125, -0.0015358149068976645]
other derivatives: [ 0.00682121 -0.00040927 -0.0003638  -0.00177351  0.0007276   0.00168257]
Current x array =  [-0.72158325 -0.54729993 -0.88718945  1.6800779  -2.06555646  0.90818611
 -4.78147802 -1.73320615 -2.4745015  -1.32416151 -4.25810204 -2.49389905
 -3.95277039 -2.24590402 -5.39841726 -2.56310119 -2.76368601 -2.6975898 ]
      fun: 2139.3075778412376
 hess_inv: <18x18 LbfgsInvHessProduct with dtype=float64>
      jac: array([ -6.82121026e-03,   4.09272616e-04,   3.63797881e-04,
         1.77351467e-03,  -7.27595761e-04,  -1.68256520e-03,
        -6.31529957e-04,  -7.60489355e-05,  -1.64087834e-03,
         7.42005008e-04,   5.84448640e-03,   1.34771656e-03,
        -3.00846409e-03,   1.45445079e-03,   5.91563384e-04,
         1.34933492e-03,   9.05489352e-04,   1.53581491e-03])
  message: 'CONVERGENCE: REL_REDUCTION_OF_F_<=_FACTR*EPSMCH'
     nfev: 3
      nit: 1
   status: 0
  success: True
        x: array([-0.72158325, -0.54729993, -0.88718945,  1.6800779 , -2.06555646,
        0.90818611, -4.78147802, -1.73320615, -2.4745015 , -1.32416151,
       -4.25810204, -2.49389905, -3.95277039, -2.24590402, -5.39841726,
       -2.56310119, -2.76368601, -2.6975898 ])
number of sites to be analyzed:  185
Successfully loaded parameter value from ./test/save/MG94_Force_YNL301C_YOL120C_nonclock_save.txt
log likelihood =  -2215.07037901
Edge derivatives =  [-0.0001404575967934766, 0.0006262065590747767, -0.0036724617290107564, -0.0009343012720760546, 0.003361695258353087, -0.0004902485580950966, 0.006667888064091063, -0.00022160941782081722, 0.013088507237631792, -0.0004801999131315293, 0.003393070697494144, -0.0015480568566433872]
other derivatives: [ 0.01550688 -0.00145519 -0.00100044  0.00363798 -0.00118234  0.        ]
Current x array =  [ -0.73658312  -0.5494172   -0.91225458   1.55117096  -2.21001035
   0.33647224 -12.68968168  -1.51588797  -2.9711595   -1.29781911
  -4.02197791  -2.23245793  -4.54446797  -2.08584435  -4.69918401
  -2.0685445   -2.79488628  -2.19219681]
log likelihood =  -2215.17170628
Edge derivatives =  [-0.00014561115003340814, -0.1287486488211446, -0.013898300921687187, -0.2264072388959904, -0.008960872794852852, -0.11832408520094487, -0.028551988290139853, -0.1180145757757258, -0.01974633317054586, -0.14229722176452853, -0.12319181287218066, -0.09567375297505196]
other derivatives: [-13.06907507   1.23372956   0.78784979   0.2667548   -0.07103154   0.        ]
Current x array =  [ -0.72107623  -0.55087239  -0.91325502   1.55480894  -2.21119269
   0.33647224 -12.68982213  -1.51526177  -2.97483196  -1.29875341
  -4.01861622  -2.23294818  -4.53780008  -2.08606596  -4.6860955
  -2.0690247   -2.7914932   -2.19374486]
log likelihood =  -2215.07037835
Edge derivatives =  [-0.0001404713300471152, 0.0002887068649122526, -0.0037022987436481913, -0.0015274790920134507, 0.003328169031863365, -0.000797690132177814, 0.006577812789841347, -0.0005312347791838479, 0.013004972488639719, -0.0008501453132799819, 0.003066515950540208, -0.0017956236847301021]
other derivatives: [-0.0170985   0.00168257  0.00104592  0.0043201  -0.00131877  0.        ]
Current x array =  [ -0.73654367  -0.5494209   -0.91225712   1.55118022  -2.21001336
   0.33647224 -12.68968203  -1.51588638  -2.97116884  -1.29782149
  -4.02196936  -2.23245918  -4.54445101  -2.08584491  -4.69915071
  -2.06854572  -2.79487764  -2.19220075]
      fun: 2215.070378347373
 hess_inv: <18x18 LbfgsInvHessProduct with dtype=float64>
      jac: array([ 0.0170985 , -0.00168257, -0.00104592, -0.0043201 ,  0.00131877,
       -0.        ,  0.00014047, -0.00028871,  0.0037023 ,  0.00152748,
       -0.00332817,  0.00079769, -0.00657781,  0.00053123, -0.01300497,
        0.00085015, -0.00306652,  0.00179562])
  message: 'CONVERGENCE: REL_REDUCTION_OF_F_<=_FACTR*EPSMCH'
     nfev: 3
      nit: 1
   status: 0
  success: True
        x: array([ -0.73654367,  -0.5494209 ,  -0.91225712,   1.55118022,
        -2.21001336,   0.33647224, -12.68968203,  -1.51588638,
        -2.97116884,  -1.29782149,  -4.02196936,  -2.23245918,
        -4.54445101,  -2.08584491,  -4.69915071,  -2.06854572,
        -2.79487764,  -2.19220075])
