/home3/jxiong7/IGCexpansion/IGCexpansion/CodonGeneconv.py:277: FutureWarning: comparison to `None` will result in an elementwise object comparison in the future.
  if not x == None:
number of sites to be analyzed:  197
Successfully loaded parameter value from ./test/save/MG94_YMR142C_YDL082W_nonclock_save.txt
log likelihood =  -2054.05074327
Edge derivatives =  [-0.0008703372765150874, -0.0015577939169539312, 0.0025937517897659385, -0.0026421160966447754, 0.00024050047217210463, -0.0017871103075275119, -0.00028645590090832507, -0.0004595033920612168, 0.0035267222475336424, 0.0004823029179619742, -9.815100532328813e-06, 0.0029560765334527977]
other derivatives: [-0.00813998  0.00159162  0.00013642 -0.00500222 -0.00295586  0.00059117]
Current x array =  [-0.6725948  -0.47521813 -0.8077255   1.98771089 -1.49569108  1.74141307
 -2.68899465 -1.92261495 -2.43250069 -1.73378797 -6.32553226 -3.10261211
 -3.95779786 -2.55177362 -3.62803738 -2.84378613 -3.34964594 -4.24680731]
log likelihood =  -2054.08111176
Edge derivatives =  [0.030449683621376955, 0.07075939530765613, 0.022700533431479264, 0.1685620827565828, 0.002576975105865686, 0.047579427416822695, 0.009482231592869053, 0.06478814278598362, -0.01625568424461815, -0.013500311619417033, 0.009672617589813137, -0.015314019819278352]
other derivatives: [ 6.95536073 -1.36942617 -0.15925252  0.08753887  0.21063897 -0.0599357 ]
Current x array =  [-0.68073477 -0.47362652 -0.80758907  1.98270867 -1.49864693  1.74200424
 -2.68986499 -1.92417274 -2.42990694 -1.73643008 -6.32529175 -3.10439923
 -3.95808431 -2.55223312 -3.62451065 -2.84330383 -3.34965575 -4.24385123]
log likelihood =  -2054.0507431
Edge derivatives =  [-0.0007988074820261537, -0.001389706918849709, 0.002639156937352949, -0.002241435190447505, 0.0002459389450396787, -0.0016722153496536163, -0.00026410312812308323, -0.0003077629312809027, 0.0034794471590583187, 0.0004475021526951506, 1.1957990647681882e-05, 0.002912427433226783]
other derivatives: [ 0.00841283 -0.00168257 -0.0003638  -0.0048658  -0.00250111  0.00040927]
Current x array =  [-0.67261397 -0.47521438 -0.80772518  1.98769911 -1.49569804  1.74141446
 -2.6889967  -1.92261862 -2.43249458 -1.73379419 -6.32553169 -3.10261632
 -3.95779853 -2.5517747  -3.62802907 -2.84378499 -3.34964596 -4.24680035]
      fun: 2054.0507430955163
 hess_inv: <18x18 LbfgsInvHessProduct with dtype=float64>
      jac: array([ -8.41282599e-03,   1.68256520e-03,   3.63797881e-04,
         4.86579665e-03,   2.50111043e-03,  -4.09272616e-04,
         7.98807482e-04,   1.38970692e-03,  -2.63915694e-03,
         2.24143519e-03,  -2.45938945e-04,   1.67221535e-03,
         2.64103128e-04,   3.07762931e-04,  -3.47944716e-03,
        -4.47502153e-04,  -1.19579906e-05,  -2.91242743e-03])
  message: 'CONVERGENCE: REL_REDUCTION_OF_F_<=_FACTR*EPSMCH'
     nfev: 3
      nit: 1
   status: 0
  success: True
        x: array([-0.67261397, -0.47521438, -0.80772518,  1.98769911, -1.49569804,
        1.74141446, -2.6889967 , -1.92261862, -2.43249458, -1.73379419,
       -6.32553169, -3.10261632, -3.95779853, -2.5517747 , -3.62802907,
       -2.84378499, -3.34964596, -4.24680035])
number of sites to be analyzed:  197
Successfully loaded parameter value from ./test/save/MG94_Force_YMR142C_YDL082W_nonclock_save.txt
log likelihood =  -2197.02712107
Edge derivatives =  [-0.00010688382127736362, -0.0024286797605138077, -0.0006490863439796435, -0.005623714225684084, -0.00812829026824198, -0.0010343833412797265, -0.00996882261351141, -0.00064734561835883, 0.005875653091392874, 0.0037498624416541504, 0.00246914958024097, -0.008280766547055299]
other derivatives: [-0.01209628  0.0050477   0.00077307  0.         -0.00127329  0.        ]
Current x array =  [ -0.70838605  -0.46490537  -0.82442115   1.82319101  -1.88038969
   0.33647224 -14.66435906  -1.4428398   -2.29126893  -1.64095186
  -4.43739007  -2.95019997  -3.57180292  -2.21043799  -3.17131544
  -2.24939217  -2.72803899  -3.77727895]
log likelihood =  -2197.10768312
Edge derivatives =  [-0.00010611709269730323, 0.19129788413388701, 0.1436645198278579, 0.46658626584436474, 0.03306778103459447, 0.09064578564360538, 0.08893550022281085, 0.1361309649572762, -0.017067034636068457, -0.028430406853772017, 0.023131670166934903, 0.061711453970898666]
other derivatives: [ 10.9771463   -4.41787051  -0.56561476  -0.16566446   0.23737812   0.        ]
Current x array =  [ -0.72048233  -0.45985768  -0.82364808   1.82319101  -1.88166298
   0.33647224 -14.66446595  -1.44526848  -2.29191802  -1.64657558
  -4.44551836  -2.95123436  -3.58177174  -2.21108533  -3.16543979
  -2.2456423   -2.72556984  -3.78555972]
log likelihood =  -2197.0271203
Edge derivatives =  [-0.00010688151419046101, -0.0018409920222970944, -0.00021442669885840537, -0.004181201065726503, -0.008001716218102889, -0.0007570424145494081, -0.009664808306786274, -0.0002350329883155644, 0.005801054811692186, 0.0036419639275394045, 0.002527025648815906, -0.0080659250125856]
other derivatives: [ 0.02219167 -0.0084583  -0.00095497 -0.0005457  -0.00063665  0.        ]
Current x array =  [ -0.70842323  -0.46488986  -0.82441877   1.82319101  -1.8803936
   0.33647224 -14.66435939  -1.44284726  -2.29127093  -1.64096915
  -4.43741505  -2.95020315  -3.57183356  -2.21043997  -3.17129738
  -2.24938064  -2.7280314   -3.77730441]
      fun: 2197.0271202969225
 hess_inv: <18x18 LbfgsInvHessProduct with dtype=float64>
      jac: array([-0.02219167,  0.0084583 ,  0.00095497,  0.0005457 ,  0.00063665,
       -0.        ,  0.00010688,  0.00184099,  0.00021443,  0.0041812 ,
        0.00800172,  0.00075704,  0.00966481,  0.00023503, -0.00580105,
       -0.00364196, -0.00252703,  0.00806593])
  message: 'CONVERGENCE: REL_REDUCTION_OF_F_<=_FACTR*EPSMCH'
     nfev: 3
      nit: 1
   status: 0
  success: True
        x: array([ -0.70842323,  -0.46488986,  -0.82441877,   1.82319101,
        -1.8803936 ,   0.33647224, -14.66435939,  -1.44284726,
        -2.29127093,  -1.64096915,  -4.43741505,  -2.95020315,
        -3.57183356,  -2.21043997,  -3.17129738,  -2.24938064,
        -2.7280314 ,  -3.77730441])
