/home3/jxiong7/IGCexpansion/IGCexpansion/CodonGeneconv.py:276: FutureWarning: comparison to `None` will result in an elementwise object comparison in the future.
  if not x == None:
number of sites to be analyzed:  197
Successfully loaded parameter value from ./test/save/MG94_YNL069C_YIL133C_nonclock_save.txt
log likelihood =  -2322.8289646
Edge derivatives =  [0.0011583254985095826, -0.0025350622733900374, -0.004036101421548144, 0.0011064897225252501, -0.0055051476398056895, 0.004172852644421049, 0.0015916948826987035, -0.0014400445841629972, -0.001580309114867083, -0.0013691499837441001, -0.005040530573880944, -0.0013942679745659742]
other derivatives: [ 0.01509761  0.00254659 -0.00059117 -0.00241016  0.00541149  0.00150067]
Current x array =  [-0.72549933 -0.538251   -0.93562127  1.69247568 -1.75717934  0.38122418
 -2.15300893 -2.03033428 -1.72005183 -1.62481928 -3.68381792 -2.55263149
 -5.17774214 -2.50660805 -3.84594277 -2.72113151 -3.21313219 -4.57595836]
log likelihood =  -2322.92935873
Edge derivatives =  [-0.15221892053190486, -0.06476226518585174, -0.09808043204873151, -0.24717681656040713, -0.017158010288518502, -0.19343944206979385, -0.0008627293041329701, -0.06742883008391665, -0.02819746655077203, -0.0530948691423527, 0.027417879202479248, -3.6228526636719605e-05]
other derivatives: [-12.87430678  -1.34828042   0.68844201   0.48289621  -0.5018137
   0.03387868]
Current x array =  [-0.71040172 -0.53570442 -0.93621244  1.69006552 -1.75176784  0.38272484
 -2.15185061 -2.03286934 -1.72408794 -1.62371279 -3.68932307 -2.54845863
 -5.17615044 -2.5080481  -3.84752308 -2.72250066 -3.21817272 -4.57735263]
log likelihood =  -2322.82896424
Edge derivatives =  [0.0008596939608419563, -0.0026566401097244674, -0.004221831054093406, 0.0006273716485608594, -0.005528956399867023, 0.003794745656180154, 0.0015864023983178117, -0.001570527783294029, -0.0016322467402729093, -0.0014710115071983332, -0.004980737077515923, -0.0013924420186928327]
other derivatives: [ -9.00399755e-03  -4.54747351e-05   6.82121026e-04  -1.50066626e-03
   4.41104930e-03   1.50066626e-03]
Current x array =  [-0.72547055 -0.53824615 -0.93562239  1.69247109 -1.75716902  0.38122704
 -2.15300672 -2.03033911 -1.72005953 -1.62481717 -3.68382842 -2.55262353
 -5.1777391  -2.5066108  -3.84594578 -2.72113412 -3.2131418  -4.57596102]
      fun: 2322.828964236311
 hess_inv: <18x18 LbfgsInvHessProduct with dtype=float64>
      jac: array([  9.00399755e-03,   4.54747351e-05,  -6.82121026e-04,
         1.50066626e-03,  -4.41104930e-03,  -1.50066626e-03,
        -8.59693961e-04,   2.65664011e-03,   4.22183105e-03,
        -6.27371649e-04,   5.52895640e-03,  -3.79474566e-03,
        -1.58640240e-03,   1.57052778e-03,   1.63224674e-03,
         1.47101151e-03,   4.98073708e-03,   1.39244202e-03])
  message: 'CONVERGENCE: REL_REDUCTION_OF_F_<=_FACTR*EPSMCH'
     nfev: 3
      nit: 1
   status: 0
  success: True
        x: array([-0.72547055, -0.53824615, -0.93562239,  1.69247109, -1.75716902,
        0.38122704, -2.15300672, -2.03033911, -1.72005953, -1.62481717,
       -3.68382842, -2.55262353, -5.1777391 , -2.5066108 , -3.84594578,
       -2.72113412, -3.2131418 , -4.57596102])
number of sites to be analyzed:  197
Successfully loaded parameter value from ./test/save/MG94_Force_YNL069C_YIL133C_nonclock_save.txt
log likelihood =  -2381.43620626
Edge derivatives =  [0.004323016413926274, -0.003542594635875085, 0.0019504386369962878, -0.003409032601566775, 0.002373038950861439, -0.0007071858142412568, 0.000315613342394154, 0.0004708075489842922, -0.0004254880586795906, 0.003928973642198269, 0.008914957009236224, -0.010903970200394249]
other derivatives: [ 0.02992238 -0.00154614 -0.00241016 -0.01050466  0.00777618  0.        ]
Current x array =  [-0.7393837  -0.52969571 -0.95689358  1.53576335 -1.87966108  0.33647224
 -3.54366112 -1.46807867 -1.70903613 -1.41676907 -3.47430665 -2.1999366
 -4.91216893 -2.32339108 -3.59248526 -2.44854431 -2.92909828 -4.23465528]
log likelihood =  -2381.86274672
Edge derivatives =  [-0.09420466668651131, -0.18947386424733595, -0.5767658514396907, -0.4070296389550962, -0.07800448053106997, -0.28292295575943877, 0.0011922958752258635, -0.24708857817242286, -0.08789187194000214, -0.325334971251491, -0.27897011656267245, -0.004128713657951106]
other derivatives: [-27.77478585   1.25805855   2.07000994   1.63481673  -0.94878487   0.        ]
Current x array =  [-0.70946133 -0.53124185 -0.95930374  1.52525869 -1.8718849   0.33647224
 -3.5393381  -1.47162127 -1.70708569 -1.4201781  -3.47193361 -2.20064378
 -4.91185332 -2.32292027 -3.59291075 -2.44461533 -2.92018333 -4.24555925]
log likelihood =  -2381.43620518
Edge derivatives =  [0.004158782458867624, -0.003859112224740391, 0.001007793323989592, -0.004092747391144513, 0.002240336887403882, -0.001174735081183681, 0.00031464044735472936, 6.055728799450599e-05, -0.0005684966775562766, 0.0033936497308863223, 0.008451741801324256, -0.010896674368914675]
other derivatives: [-0.01250555  0.00045475  0.00086402 -0.00800355  0.00618456  0.        ]
Current x array =  [-0.73933616 -0.52969817 -0.9568974   1.53574666 -1.87964873  0.33647224
 -3.54365425 -1.4680843  -1.70903303 -1.41677449 -3.47430288 -2.19993772
 -4.91216843 -2.32339033 -3.59248593 -2.44853806 -2.92908412 -4.2346726 ]
      fun: 2381.4362051773082
 hess_inv: <18x18 LbfgsInvHessProduct with dtype=float64>
      jac: array([  1.25055521e-02,  -4.54747351e-04,  -8.64019967e-04,
         8.00355338e-03,  -6.18456397e-03,  -0.00000000e+00,
        -4.15878246e-03,   3.85911222e-03,  -1.00779332e-03,
         4.09274739e-03,  -2.24033689e-03,   1.17473508e-03,
        -3.14640447e-04,  -6.05572880e-05,   5.68496678e-04,
        -3.39364973e-03,  -8.45174180e-03,   1.08966744e-02])
  message: 'CONVERGENCE: REL_REDUCTION_OF_F_<=_FACTR*EPSMCH'
     nfev: 3
      nit: 1
   status: 0
  success: True
        x: array([-0.73933616, -0.52969817, -0.9568974 ,  1.53574666, -1.87964873,
        0.33647224, -3.54365425, -1.4680843 , -1.70903303, -1.41677449,
       -3.47430288, -2.19993772, -4.91216843, -2.32339033, -3.59248593,
       -2.44853806, -2.92908412, -4.2346726 ])
