/home3/jxiong7/IGCexpansion/IGCexpansion/CodonGeneconv.py:277: FutureWarning: comparison to `None` will result in an elementwise object comparison in the future.
  if not x == None:
number of sites to be analyzed:  159
Successfully loaded parameter value from ./test/save/MG94_YBR191W_YPL079W_nonclock_save.txt
log likelihood =  -1467.29433192
Edge derivatives =  [-0.00042282235914481436, 0.00043486340148390923, -0.0014590661169842367, 6.017763725774117e-05, 0.00047879010380621687, -0.0001529124069336446, -0.0007841570370607544, -1.9807176046438002e-05, 0.0016921147359985136, -0.000209821439229943, -0.0012668095621339581, 0.0016679772615946914]
other derivatives: [ -2.59205990e-03   1.81898940e-04   0.00000000e+00   0.00000000e+00
   1.27329258e-03  -9.09494702e-05]
Current x array =  [-0.708244   -0.49454998 -0.86377519  2.10000507 -2.3774047   1.34332119
 -3.33686689 -2.12631447 -1.98101693 -2.281716   -3.57855761 -4.08416273
 -3.87625071 -2.62660615 -3.99919285 -2.89910492 -4.07760324 -3.95397063]
log likelihood =  -1467.29644892
Edge derivatives =  [0.005124764915920253, 0.004259735390868741, 0.046068234467518454, 0.010955905929319498, 0.0012345904003199966, 0.0024630371436857486, 0.0035879211571208033, 0.011057420203060109, -0.004647589291554621, 0.009818988296240852, 0.004908045943121511, -0.004870516122574456]
other derivatives: [  1.59229785e+00  -1.24327926e-01  -1.29375621e-02  -2.53066901e-02
  -3.09228199e-03   7.27595761e-04]
Current x array =  [-0.71083606 -0.49436808 -0.86377519  2.10000507 -2.37613141  1.34323024
 -3.33728972 -2.12587961 -1.982476   -2.28165582 -3.57807882 -4.08431564
 -3.87703487 -2.62662596 -3.99750074 -2.89931474 -4.07887005 -3.95230266]
log likelihood =  -1467.29433188
Edge derivatives =  [-0.000398367763032835, 0.00045162497363020193, -0.0012478462695566517, 0.00010834765283704306, 0.0004820637119561204, -0.000141352968479648, -0.0007647764636689279, 2.918009841268443e-05, 0.001663837605146802, -0.00016545278405057096, -0.001239362823413609, 0.001638806881882171]
other derivatives: [  4.54747351e-03  -3.18323146e-04   0.00000000e+00  -9.09494702e-05
   1.22781785e-03  -6.82121026e-05]
Current x array =  [-0.70825552 -0.49454917 -0.86377519  2.10000507 -2.37739904  1.34332079
 -3.33686877 -2.12631254 -1.98102342 -2.28171573 -3.57855548 -4.08416341
 -3.8762542  -2.62660624 -3.99918532 -2.89910585 -4.07760887 -3.95396322]
      fun: 1467.2943318789498
 hess_inv: <18x18 LbfgsInvHessProduct with dtype=float64>
      jac: array([ -4.54747351e-03,   3.18323146e-04,  -0.00000000e+00,
         9.09494702e-05,  -1.22781785e-03,   6.82121026e-05,
         3.98367763e-04,  -4.51624974e-04,   1.24784627e-03,
        -1.08347653e-04,  -4.82063712e-04,   1.41352968e-04,
         7.64776464e-04,  -2.91800984e-05,  -1.66383761e-03,
         1.65452784e-04,   1.23936282e-03,  -1.63880688e-03])
  message: 'CONVERGENCE: REL_REDUCTION_OF_F_<=_FACTR*EPSMCH'
     nfev: 3
      nit: 1
   status: 0
  success: True
        x: array([-0.70825552, -0.49454917, -0.86377519,  2.10000507, -2.37739904,
        1.34332079, -3.33686877, -2.12631254, -1.98102342, -2.28171573,
       -3.57855548, -4.08416341, -3.8762542 , -2.62660624, -3.99918532,
       -2.89910585, -4.07760887, -3.95396322])
number of sites to be analyzed:  159
Successfully loaded parameter value from ./test/save/MG94_Force_YBR191W_YPL079W_nonclock_save.txt
log likelihood =  -1533.39662721
Edge derivatives =  [-7.469087550396585e-05, -0.004761015910800193, 0.006577084202323891, 0.0046126580407689355, -0.00011647155448682445, -0.0002463320044654438, -0.0031599088516842747, 0.00012712997920594216, 0.0012573774072724003, -0.0020835233306801815, -0.0006682245773873136, -0.0015000592169472984]
other derivatives: [-0.00959517  0.00527507  0.0003638  -0.00136424  0.00109139  0.        ]
Current x array =  [-0.7268158  -0.4692179  -0.87869527  2.04132242 -2.59697442  0.33647224
 -7.19111297 -1.94602047 -1.9112373  -1.97969819 -3.38475925 -3.43703118
 -3.48888098 -2.31283742 -3.84002058 -2.58933172 -3.4354157  -3.88979605]
log likelihood =  -1533.4350798
Edge derivatives =  [-0.0023879064901125256, 0.08997050135464413, -0.16807469959593374, -0.11390363881379606, 0.010245352086009935, 0.013818587136149266, 0.029905404803909887, 0.03951724349237018, 0.006284646447980609, 0.06864165913473105, 0.01875263560601438, 0.013852748232004823]
other derivatives: [ 6.07838047 -3.10581072 -0.18235369 -0.10236363  0.04024514  0.        ]
Current x array =  [-0.73641097 -0.46394283 -0.87833147  2.03995818 -2.59588302  0.33647224
 -7.19118766 -1.95078149 -1.90466022 -1.97508553 -3.38487572 -3.43727751
 -3.49204089 -2.31271029 -3.8387632  -2.59141525 -3.43608393 -3.89129611]
log likelihood =  -1533.39662687
Edge derivatives =  [-8.164808883640647e-05, -0.004484359730992898, 0.006057905376438966, 0.004258115550950903, -8.758823369625635e-05, -0.0002062442049856894, -0.0030637724658479706, 0.00023907168232029097, 0.0012712747395097757, -0.0018783897886325007, -0.0006125306573187689, -0.0014556636171525195]
other derivatives: [ 0.00854925 -0.0037744  -0.0001819  -0.00163709  0.00118234  0.        ]
Current x array =  [-0.72684404 -0.46920237 -0.8786942   2.04131841 -2.59697121  0.33647224
 -7.19111319 -1.94603448 -1.91121795 -1.97968461 -3.38475959 -3.43703191
 -3.48889028 -2.31283705 -3.84001688 -2.58933786 -3.43541767 -3.88980046]
      fun: 1533.3966268732993
 hess_inv: <18x18 LbfgsInvHessProduct with dtype=float64>
      jac: array([ -8.54925020e-03,   3.77440301e-03,   1.81898940e-04,
         1.63709046e-03,  -1.18234311e-03,  -0.00000000e+00,
         8.16480888e-05,   4.48435973e-03,  -6.05790538e-03,
        -4.25811555e-03,   8.75882337e-05,   2.06244205e-04,
         3.06377247e-03,  -2.39071682e-04,  -1.27127474e-03,
         1.87838979e-03,   6.12530657e-04,   1.45566362e-03])
  message: 'CONVERGENCE: REL_REDUCTION_OF_F_<=_FACTR*EPSMCH'
     nfev: 3
      nit: 1
   status: 0
  success: True
        x: array([-0.72684404, -0.46920237, -0.8786942 ,  2.04131841, -2.59697121,
        0.33647224, -7.19111319, -1.94603448, -1.91121795, -1.97968461,
       -3.38475959, -3.43703191, -3.48889028, -2.31283705, -3.84001688,
       -2.58933786, -3.43541767, -3.88980046])
