/home3/jxiong7/IGCexpansion/IGCexpansion/CodonGeneconv.py:275: FutureWarning: comparison to `None` will result in an elementwise object comparison in the future.
  if not x == None:
number of sites to be analyzed:  163
log likelihood =  -2042.29488944
Edge derivatives =  [1.6191522017999576, 3.218128034828436, 5.89100332211269, 11.565730635471562, -26.547507061950405, -22.874637752645526, -22.645239814253635, -12.70057159755227, -28.396175096260862, -19.059517149998253, -19.782621616224674, -27.35651793494944]
other derivatives: [-78.54832802  20.47436283   2.05593551  88.80247151 -93.21843208
 -12.45725798]
Current x array =  [-0.64149215 -0.55261911 -0.81901932  0.18232156 -0.10536052  0.33647224
 -2.30258509 -2.30258509 -2.30258509 -2.30258509 -2.30258509 -2.30258509
 -2.30258509 -2.30258509 -2.30258509 -2.30258509 -2.30258509 -2.30258509]
log likelihood =  -1947.73728814
Edge derivatives =  [-1.3794959223110854, 5.970100256967088, 9.389686345201103, 11.42570838224728, -18.723197814032996, -17.551560040503468, -16.418717481112687, -7.422960275010838, -20.73746854102882, -13.059954478256582, -14.079363104501429, -19.94094822316214]
other derivatives: [ 140.28294117   19.97218533   -3.79268386   69.84180345  -89.39562122
   -9.5622454 ]
Current x array =  [-1.11693754 -0.5495768  -0.81436452  0.71983429 -0.66960263  0.26106966
 -2.29278452 -2.28310608 -2.26692742 -2.23257885 -2.46327457 -2.44104305
 -2.43965453 -2.37946042 -2.47446438 -2.4179505  -2.42232738 -2.46817144]
log likelihood =  -1836.54568732
Edge derivatives =  [-1.971046320097587, 8.793058804881825, 13.733358246019195, 11.893001622355259, -9.90630501626689, -9.840904563227223, -8.446400598749648, 0.24915185817312233, -11.38207571127677, -4.803888813679725, -5.810166667927395, -10.958459510333316]
other derivatives: [ 160.0563337    -1.81591986  -17.45045211   17.69058144  -35.94650479
   -2.79901542]
Current x array =  [-1.16900407 -0.49544655 -0.82317011  1.55442265 -1.6002999   0.14479185
 -2.28657609 -2.2411829  -2.19541025 -2.11597091 -2.70545349 -2.65453402
 -2.64775533 -2.4901106  -2.73592028 -2.59052264 -2.60322591 -2.71992821]
log likelihood =  -1774.52320986
Edge derivatives =  [-6.577323516024935, 5.781274148634707, 5.859232343543252, 1.5733383350813075, -7.018517613501316, -7.783594797710987, -6.172997161202505, 0.7092995052035382, -7.3370398041114, -2.5022243571195, -3.1655350314069266, -7.204613307773148]
other derivatives: [ 26.3720267   73.31495908  58.08838068   2.92764071 -12.16565124
   2.08201527]
Current x array =  [-0.79115918 -0.67061598 -1.14046835  2.0267696  -2.23716575  0.06750404
 -2.28810563 -2.09231087 -1.95241821 -1.87205603 -2.98686921 -2.90423895
 -2.88056622 -2.53500932 -3.04358128 -2.74580308 -2.77489891 -3.01676263]
log likelihood =  -1756.31419274
Edge derivatives =  [-7.302783515953031, 4.560124929837647, 3.3316868607463035, -1.2655492498770964, -5.341068205630989, -5.711228432139889, -4.789509832535914, 1.4928946161909316, -5.432061202727815, -1.1281518237344084, -1.0696962885049563, -5.796276970386333]
other derivatives: [-48.26506483 -48.00563147  24.01238817  -0.41914063  -2.12198756
   4.30734417]
Current x array =  [-0.65975219 -0.42136866 -0.98599322  2.23509451 -2.52724676  0.04552924
 -2.31335581 -2.0295496  -1.86371296 -1.79517074 -3.10820596 -3.01753385
 -2.98303618 -2.55466404 -3.17433912 -2.81124896 -2.84769689 -3.14338454]
log likelihood =  -1751.6940844
Edge derivatives =  [-6.111443982519943, 5.514494831637682, 5.1097712764960574, 0.39179184331799544, -4.582640780385147, -5.091346342689449, -3.8751312212328695, 2.652075132012484, -4.637317411093071, -0.33751332499085673, -0.31140232195412065, -4.839204020352009]
other derivatives: [ 4.80636118  0.63309926  5.48259322 -3.946775    1.50780579  4.56141152]
Current x array =  [-0.73003535 -0.49016129 -0.92089506  2.29655222 -2.60150505  0.04586017
 -2.32822109 -2.02012858 -1.8566436  -1.79388712 -3.13265094 -3.04147226
 -3.00480421 -2.56004566 -3.20004607 -2.82449797 -2.86128744 -3.16920477]
log likelihood =  -1750.73094846
Edge derivatives =  [-6.027210300593719, 5.302108050037011, 4.4894146331818, -0.22492995424314116, -4.138415364767879, -4.666348955839612, -3.449617465689503, 2.8275386227022925, -4.098376112771644, -0.023761631555134916, 0.11306325541543644, -4.335506629419035]
other derivatives: [-2.54221959  3.75027867 -0.57107172 -4.82439191  3.31865522  4.92275376]
Current x array =  [-0.71597515 -0.49560385 -0.89951108  2.33638556 -2.66352618  0.04920276
 -2.34466519 -1.99445558 -1.82466286 -1.77315288 -3.17035582 -3.07768237
 -3.03653401 -2.55938308 -3.24023041 -2.84063463 -2.87897479 -3.2089007 ]
log likelihood =  -1748.32814341
Edge derivatives =  [-5.593309203495371, 4.437988126316755, 2.45614615390833, -1.6380166140805164, -3.0178578514887078, -3.60671380717809, -2.5055713483737843, 2.6142606096799836, -2.868130273416553, 0.5997255482588988, 0.9279215305112514, -3.1705235768464464]
other derivatives: [-4.19374828  1.55437192 -4.53023858 -5.98138286  6.15523277  4.86988938]
Current x array =  [-0.71045103 -0.49177653 -0.88724511  2.38587152 -2.76943171  0.08869273
 -2.41752198 -1.90663297 -1.72984836 -1.73219603 -3.27438034 -3.18213954
 -3.12373436 -2.53898825 -3.34905062 -2.87344839 -2.91385178 -3.31837883]
log likelihood =  -1742.84351816
Edge derivatives =  [-3.7831768392854666, 1.4172338757019034, -1.5373293886830437, -2.0797809946153407, -1.2397823419633323, -1.830714604726007, -1.1256334039273055, -0.07552436599956674, -0.9799282138078907, 0.3995448992618604, 1.029064144702375, -1.5605014974966929]
other derivatives: [-21.31805559   8.14297891  -8.07417564  -3.59987098   4.32496563
   1.40507836]
Current x array =  [-0.68739484 -0.50523147 -0.86944464  2.29338149 -2.72120869  0.28122868
 -2.68759084 -1.67068938 -1.57807429 -1.76268786 -3.49638207 -3.42495985
 -3.31148459 -2.44725773 -3.57215824 -2.89460603 -2.92453323 -3.55285168]
log likelihood =  -1740.70326912
Edge derivatives =  [-2.4013898592905085, -1.6757497716604524, -3.350049740328201, -0.8767675895960378, 0.1564810098860724, -0.507478259097628, -0.038082359873930695, -2.32087279886809, 0.20369471394956812, 0.2455473547770236, 0.7011285082099078, -0.43923262176355715]
other derivatives: [ 9.47252374 -6.35677679  3.16492788 -1.61021489  2.25768417 -2.2707809 ]
Current x array =  [-0.73717099 -0.47984896 -0.91000363  2.18971546 -2.654097    0.43277426
 -2.94993294 -1.48116875 -1.5018529  -1.82074879 -3.67388654 -3.62974751
 -3.4650344  -2.39000047 -3.74717431 -2.90363415 -2.91537393 -3.74676351]
log likelihood =  -1740.27904686
Edge derivatives =  [-2.2564565790478976, -1.4165873314012611, -2.5722111277132864, -0.3883457189273669, -0.10327860183624522, -0.6472306371736529, -0.2544816326981367, -2.2434201233573283, -0.013000802451161989, -0.11684871483243553, 0.3173951718794819, -0.6593700725526455]
other derivatives: [ 0.73055162  0.36516212  1.21572157 -0.2707111   0.26489033 -2.34417712]
Current x array =  [-0.72462927 -0.49149467 -0.90021525  2.14343435 -2.58596247  0.42878171
 -2.95581841 -1.50031947 -1.53739034 -1.84402162 -3.65019739 -3.61063159
 -3.44581642 -2.39633177 -3.72117567 -2.88971458 -2.89791789 -3.7240924 ]
log likelihood =  -1740.12065429
Edge derivatives =  [-2.105727326320629, -1.0947122337196902, -1.625117618771953, 0.1009494186373438, -0.2088157149636295, -0.6397743064467932, -0.3245659586439162, -1.8108255883747744, -0.11925906830358624, -0.21524878973490313, 0.15262276232290406, -0.7391169371875984]
other derivatives: [-0.13487806  0.665068   -0.3135483   0.30256615 -0.61972969 -1.8710125 ]
Current x array =  [-0.72326514 -0.49146055 -0.89409551  2.12084499 -2.55190535  0.4152114
 -2.96847739 -1.51811785 -1.57027085 -1.85957761 -3.63672138 -3.60209588
 -3.43576531 -2.41067764 -3.70589176 -2.88277113 -2.88687116 -3.71364192]
log likelihood =  -1739.81173031
Edge derivatives =  [-1.6638043832313647, -0.7641855828496472, -0.12149471585087365, 0.7528843626950972, 0.03309181648784078, -0.2017489366250052, 0.008656020745840744, -0.47670376793258035, 0.09528840304805962, 0.04630497550028295, 0.20143944707033523, -0.4400826448569133]
other derivatives: [-0.5185484   1.21399353  0.75997377  0.60069851 -0.74446689 -0.23526354]
Current x array =  [-0.72145177 -0.49075024 -0.89917985  2.10721768 -2.54120045  0.38509941
 -3.05241112 -1.53121172 -1.61287857 -1.86906723 -3.65572393 -3.63596222
 -3.4561223  -2.45195807 -3.72184491 -2.88553824 -2.87743587 -3.74849727]
log likelihood =  -1739.59566996
Edge derivatives =  [-1.095019716352463, -0.4027334233314774, 0.7268819244334592, 0.7774297013701826, 0.3303733506796901, 0.28085374847499234, 0.35298563897657337, 0.31630927246209006, 0.34530762891942757, 0.08129795966764009, 0.024082448516031127, -0.07516945486801777]
other derivatives: [ 0.49526534 -0.6242999  -1.44636942  0.57846137 -0.4757112   0.18094397]
Current x array =  [-0.72150757 -0.48600497 -0.8919946   2.10408133 -2.54467137  0.38687999
 -3.20027144 -1.54242768 -1.63050708 -1.85252025 -3.68825381 -3.68971517
 -3.48641918 -2.48118747 -3.75033177 -2.88343206 -2.86030623 -3.81110835]
log likelihood =  -1739.51852463
Edge derivatives =  [-0.659894198867297, 0.1050033454383523, 1.0539331903253466, 0.46547353424136795, 0.49001660432710137, 0.5404577368851065, 0.5376624674405535, 0.7137142432349483, 0.4679761979343496, 0.035497675144888136, -0.1959240233608292, 0.2080980401339169]
other derivatives: [-2.29010766  4.85879355  2.98255145  0.2831257  -0.05661605  0.10140866]
Current x array =  [-0.71701422 -0.494994   -0.90991867  2.11636067 -2.56072617  0.39319717
 -3.35338634 -1.56136783 -1.63053869 -1.82359684 -3.70681836 -3.7278948
 -3.50258108 -2.49735839 -3.76523277 -2.87910626 -2.84495025 -3.86511658]
log likelihood =  -1739.44120095
Edge derivatives =  [-0.621730151645581, 0.37270963764229137, 0.9149590255530282, 0.12166503028433923, 0.4567118144730453, 0.5376797783031143, 0.49014075620718484, 0.675293595156853, 0.4191073982089452, -0.018140990833701673, -0.2405852675676395, 0.21290924609024106]
other derivatives: [-0.26561793  0.63869265  0.3949026  -0.07848939  0.31918717 -0.08717507]
Current x array =  [-0.71941077 -0.48712485 -0.90040215  2.12841598 -2.57140455  0.39507021
 -3.38589248 -1.57387555 -1.62332409 -1.80667411 -3.70194886 -3.72640747
 -3.49744538 -2.49686781 -3.75971098 -2.87645478 -2.84161345 -3.87059382]
log likelihood =  -1739.40490256
Edge derivatives =  [-0.5839451564283412, 0.5474800369487852, 0.6087821963978691, -0.1588725021629371, 0.37178890375622625, 0.4605320671665987, 0.37962599096453586, 0.40402669695465215, 0.32638420795803597, -0.15574856384456817, -0.3479487110275415, 0.1802893503855137]
other derivatives: [ 0.23253506 -0.91019956 -0.39285624 -0.19540494  0.29647254 -0.55188139]
Current x array =  [-0.72029768 -0.48449273 -0.89731883  2.13329063 -2.57171455  0.40208419
 -3.41788445 -1.58233987 -1.61241863 -1.79422289 -3.693298   -3.72047848
 -3.48851745 -2.48917533 -3.7504533  -2.87183201 -2.83753198 -3.87187865]
log likelihood =  -1739.36566231
Edge derivatives =  [-0.513346284079212, 0.8163342898042092, 0.28077590214860454, -0.4031822528381076, 0.2305792942051063, 0.3351620072561166, 0.21776306870648282, 0.12400286289937233, 0.18740740505341882, -0.28477673904711454, -0.4210966344110654, 0.1493705130231022]
other derivatives: [ 1.30125954 -0.4005642  -0.81811322 -0.29472176  0.13467343 -0.93257313]
Current x array =  [-0.72234703 -0.48566385 -0.89557416  2.13706637 -2.56794791  0.40284055
 -3.46815362 -1.59343787 -1.5988829  -1.78029419 -3.67648467 -3.70751119
 -3.47196859 -2.47954351 -3.73283924 -2.86638245 -2.83351774 -3.87068661]
log likelihood =  -1739.46157971
Edge derivatives =  [-0.37852777597200554, 0.7925987377641998, -0.8926330874321505, -0.9957019838132699, -0.06761833080565846, 0.11174430233364602, -0.1493847124811036, -0.6036146577836867, -0.09999419116526545, -0.5538105171968428, -0.5461257624681295, 0.11029391407906312]
other derivatives: [-9.72877388 -8.86825546  2.57748525  0.23112534 -0.73114279 -1.28707143]
Current x array =  [-0.70787963 -0.47116803 -0.90697603  2.13471908 -2.55392111  0.3941303
 -3.61980071 -1.59945301 -1.56684907 -1.75836729 -3.64457437 -3.68666631
 -3.44004928 -2.45857617 -3.69891769 -2.85839278 -2.8278737  -3.87951315]
log likelihood =  -1739.34670751
Edge derivatives =  [-0.4687235806708968, 0.8130288813158395, -0.05002153338110088, -0.569316892386293, 0.14524934966748917, 0.2716906536025705, 0.11325442494188485, -0.08389467691114545, 0.10571682518878164, -0.3616143174368014, -0.4565509197303531, 0.1383974087937028]
other derivatives: [-1.83713382 -2.76661467  0.16202648 -0.14515535 -0.11250449 -1.03993898]
Current x array =  [-0.7181634  -0.481472   -0.89887132  2.13638759 -2.56389169  0.40032175
 -3.51200642 -1.59517731 -1.58961946 -1.77395344 -3.66725696 -3.70148334
 -3.46273827 -2.47348024 -3.72302992 -2.86407202 -2.83188562 -3.87323904]
log likelihood =  -1739.3115657
Edge derivatives =  [-0.3935622373179259, 0.9658429835322914, -0.21987193808252445, -0.587789148847138, 0.032424174812243085, 0.18101815356663564, -0.0019780302587814394, -0.1899991690776984, 0.006554603427183198, -0.3779564913046987, -0.4164623082053467, 0.14771021874075962]
other derivatives: [-0.7531753  -1.13325314  0.36379788 -0.12089458 -0.35663561 -0.98686996]
Current x array =  [-0.72032282 -0.48456095 -0.89950169  2.13526804 -2.55739335  0.39080586
 -3.56462368 -1.59919211 -1.58051242 -1.76776476 -3.6516071  -3.68933769
 -3.44771677 -2.46748949 -3.70674515 -2.86176337 -2.83099595 -3.87241964]
log likelihood =  -1739.26561386
Edge derivatives =  [-0.2909188539596859, 0.9680429419116924, -0.38366051312421723, -0.4698738403092139, -0.06746572797995379, 0.11375238251713463, -0.08815432505923804, -0.17013661445884298, -0.06108896472772023, -0.26348775489478204, -0.21755844012406667, 0.2181838453250466]
other derivatives: [-0.28776412  0.70544957  0.39613042 -0.06020855 -0.52568794 -0.46688911]
Current x array =  [-0.7216148  -0.48805474 -0.89950079  2.13324491 -2.55413949  0.36783478
 -3.64635206 -1.59318732 -1.56930771 -1.76437768 -3.63435797 -3.67628624
 -3.43116448 -2.46265895 -3.6888584  -2.86340753 -2.8343978  -3.87528698]
log likelihood =  -1739.23089354
Edge derivatives =  [-0.1876776693564236, 0.6973541331456781, -0.3711802882529968, -0.2039155705778868, -0.0880815301901513, 0.11704456920289324, -0.097121976379663, -0.04763522695986061, -0.06132041029650437, -0.06181395314328589, 0.027240334318429982, 0.32801774838151226]
other derivatives: [ 1.44602836  0.35624907  1.18802745  0.0041382  -0.4749154   0.19815616]
Current x array =  [-0.72463592 -0.487498   -0.90275885  2.12999048 -2.55758894  0.34363794
 -3.73744227 -1.57349397 -1.56256526 -1.76638947 -3.62529313 -3.67047326
 -3.42222545 -2.46112366 -3.67896823 -2.86860784 -2.83961132 -3.88334528]
log likelihood =  -1739.24885565
Edge derivatives =  [-0.08907944507441443, 0.18431303698978277, -0.3110107441497729, 0.06638932621417643, -0.14706722607575587, 0.08880546140935741, -0.11353784819330413, 0.06776882181891485, -0.05205754081922531, 0.1291493856310249, 0.3018554074787314, 0.3973047964092204]
other derivatives: [-3.87169621  2.95156042 -2.62659796  0.14149464 -0.23658231  0.92127266]
Current x array =  [-0.71672735 -0.49247101 -0.88768804  2.12722195 -2.56754714  0.31773584
 -3.82960016 -1.54184349 -1.55789788 -1.77162743 -3.61490288 -3.6594714
 -3.41214678 -2.45864272 -3.66778484 -2.87602368 -2.84712798 -3.88470569]
log likelihood =  -1739.21831834
Edge derivatives =  [-0.14733693674034648, 0.5004889236471942, -0.3454638456829685, -0.09649158487418599, -0.11095341581562962, 0.10644687416908205, -0.10326378191198535, -0.0017796471772881378, -0.05745064864850338, 0.013917781045858973, 0.13566715976228078, 0.3552107078972349]
other derivatives: [-0.61716037  1.38020368 -0.28881004  0.05729817 -0.38094186  0.48407856]
Current x array =  [-0.72154371 -0.48944242 -0.89686624  2.128908   -2.56148255  0.33351035
 -3.77347555 -1.56111879 -1.56074034 -1.76843749 -3.6212306  -3.66617158
 -3.41828474 -2.46015363 -3.67459558 -2.8715074  -2.8425503  -3.88387719]
log likelihood =  -1739.20901478
Edge derivatives =  [-0.1242704915634426, 0.29666148228374833, -0.2279367382689515, 0.0031774362827788616, -0.07733319397980325, 0.13783514050733894, -0.06968547665353869, 0.04453422143314051, -0.026983839504709818, 0.06718600401368507, 0.16669119597037851, 0.37751620700060845]
other derivatives: [-0.20654625  0.33464858 -0.08199095  0.06434675 -0.23114808  0.57386842]
Current x array =  [-0.7220799  -0.48750366 -0.89779924  2.12812111 -2.56638408  0.33192027
 -3.79262849 -1.55028587 -1.56262077 -1.77111233 -3.62450397 -3.66882718
 -3.42122711 -2.46128536 -3.67747541 -2.87370308 -2.84345728 -3.88676576]
log likelihood =  -1739.20147459
Edge derivatives =  [-0.10397550126979263, 0.08031576388201847, -0.09011219099003967, 0.0629018045222827, -0.05622637239188029, 0.14837701401025385, -0.05375783518128832, 0.024449469588706405, -0.013891579836878346, 0.07008214682357335, 0.13121868456377364, 0.36500953959444415]
other derivatives: [ 0.00691216 -0.566979   -0.09085852  0.05045422 -0.05284164  0.45479283]
Current x array =  [-0.72229142 -0.48587287 -0.89784409  2.12798515 -2.57208842  0.33635474
 -3.8080525  -1.53930707 -1.56532383 -1.77293238 -3.62815583 -3.67036076
 -3.42447839 -2.46133484 -3.6804608  -2.87472836 -2.84270899 -3.88651015]
log likelihood =  -1739.19577377
Edge derivatives =  [-0.08324276109166036, -0.07821986356919422, 0.009649068816032585, 0.07116562417182451, -0.06505375664683449, 0.12456282330764537, -0.06909246902555538, -0.044743259830919424, -0.03172300293782192, 0.03380921676388668, 0.05431477513853919, 0.32400236284277345]
other derivatives: [ 0.0775799  -0.72448074 -0.08853931  0.02110028  0.07848939  0.20500011]
Current x array =  [-0.72238226 -0.48563611 -0.89783743  2.12850847 -2.57650819  0.34312777
 -3.82576422 -1.53111917 -1.56683141 -1.77259071 -3.62932557 -3.66849158
 -3.42540512 -2.46017706 -3.68067313 -2.87442414 -2.84073684 -3.88263236]
log likelihood =  -1739.19007121
Edge derivatives =  [-0.05461962143227913, -0.17761565197817616, 0.064439653276532, 0.05032539466186692, -0.0827998650224169, 0.07857757855047821, -0.07947048324930203, -0.04441288738985387, -0.05938706437200726, 0.009119977992564823, -0.03188609478999342, 0.24844078425268076]
other derivatives: [-0.28371687  0.29808689  0.46695732 -0.00695763  0.12953478 -0.01941771]
Current x array =  [-0.72197412 -0.48750803 -0.89986465  2.12949759 -2.57892526  0.34821323
 -3.85468794 -1.52558799 -1.56673321 -1.77008295 -3.63035705 -3.6623628
 -3.4265034  -2.46127729 -3.67985702 -2.87422301 -2.83886129 -3.87129242]
log likelihood =  -1739.18656527
Edge derivatives =  [-0.03315868569511751, -0.15750800384070354, 0.02654152809444943, -0.033611097330625006, -0.13459793382191115, 0.004929457560771573, -0.126737477047905, -0.08478317612822799, -0.12141165926624892, -0.042496950759552746, -0.12150146652961713, 0.15063642178320907]
other derivatives: [ 0.24642759  0.20868356 -0.11973498 -0.05979928  0.10334134 -0.27532678]
Current x array =  [-0.72288985 -0.48744802 -0.89757874  2.1308527  -2.57815081  0.35221107
 -3.88597694 -1.52576982 -1.56396908 -1.7649212  -3.62727792 -3.65193534
 -3.4237427  -2.46088805 -3.67482619 -2.87263954 -2.83661105 -3.85670069]
log likelihood =  -1739.18379627
Edge derivatives =  [-0.026414350166996708, -0.11633974638837966, 0.014342263071536326, -0.04011728448543239, -0.12734608459589014, -0.00019421392602168158, -0.1065808429176052, -0.016111704064020876, -0.11548508032642411, -0.024871283186723228, -0.11859854066940538, 0.11451243298801243]
other derivatives: [ 0.00241016  0.48603397  0.05497895 -0.05297807  0.05861693 -0.22409949]
Current x array =  [-0.72256127 -0.48790436 -0.89823619  2.13086451 -2.57682202  0.3506249
 -3.89399659 -1.52779582 -1.56362545 -1.76396811 -3.62925535 -3.64885081
 -3.42577213 -2.46310841 -3.6759058  -2.87297022 -2.83738546 -3.84895404]
log likelihood =  -1739.17931371
Edge derivatives =  [-0.011752128809270006, -0.005971847069155961, 0.007317202992027455, -0.024201880615756566, -0.0856280026886402, 0.00989082168880391, -0.031145721159334387, 0.17271652780381166, -0.07597188412452893, 0.03838413918620717, -0.0793728227524857, 0.027113245930272697]
other derivatives: [-0.03947207  0.52766609  0.09631549 -0.03860805 -0.02769411 -0.02635261]
Current x array =  [-0.72248624 -0.48784125 -0.89849083  2.13038931 -2.57367284  0.34549837
 -3.90998274 -1.53315886 -1.56355485 -1.76277759 -3.63693532 -3.64238027
 -3.43320372 -2.46882765 -3.68131517 -2.8741948  -2.84067519 -3.82899116]
log likelihood =  -1739.20090252
Edge derivatives =  [-0.001075956345989084, -0.025358836190862682, -0.26320264673254035, -0.17680613562010647, -0.11642859107008416, -0.0474635334080602, -0.07843935840312775, -0.10033931699433539, -0.10628014532111803, -0.05352151160027853, -0.09048579095799131, -0.09953444561671579]
other derivatives: [-3.95766619 -3.090463    0.95137693  0.14611032 -0.21150299 -0.15647856]
Current x array =  [-0.71702977 -0.48135472 -0.90133398  2.12881134 -2.57131931  0.34522323
 -3.94919644 -1.536536   -1.55870918 -1.75831315 -3.64052362 -3.63087341
 -3.43406198 -2.46064603 -3.68197871 -2.87089967 -2.84380229 -3.81029042]
log likelihood =  -1739.17897164
Edge derivatives =  [-0.01046265964377021, -0.007979012138652958, -0.0224149667263, -0.040881378169838944, -0.08903940825367072, 0.003618896072428157, -0.03635808343126554, 0.14259423734426685, -0.07932086077144723, 0.028242044663175578, -0.08055113150688835, 0.013236025331476293]
other derivatives: [-0.47127742  0.13221779  0.19122126 -0.01823537 -0.04802132 -0.04083631]
Current x array =  [-0.72188028 -0.4871209  -0.89880657  2.13021407 -2.57341148  0.34546782
 -3.91433754 -1.5335339  -1.56301672 -1.7622818  -3.63733381 -3.64110239
 -3.43329903 -2.46791906 -3.68138886 -2.87382887 -2.84102247 -3.82691439]
log likelihood =  -1739.17829559
Edge derivatives =  [-0.004978700404786235, -0.002120221507090486, -0.00770553433855084, -0.018406273160906927, -0.07169748792201348, 0.012571341745000637, -0.012945940510441345, 0.1727358598329516, -0.0619217638083816, 0.04715895998274444, -0.0591898255743694, -0.004160802958161906]
other derivatives: [-0.24135716 -0.07453309  0.11659722 -0.01464286 -0.04372396  0.01564331]
Current x array =  [-0.72219977 -0.48671863 -0.89858417  2.12981418 -2.57333835  0.34407504
 -3.91990826 -1.53364541 -1.56324344 -1.76250246 -3.64011693 -3.63994503
 -3.43570057 -2.46855553 -3.6835524  -2.87417797 -2.84231255 -3.82241754]
log likelihood =  -1739.17767279
Edge derivatives =  [0.0011387104268471525, -0.015156635656758816, 0.007827866691913654, 0.009409052672762208, -0.05634296469755381, 0.02050299594215295, 0.0015777012217216557, 0.14438111887584204, -0.04466590449614341, 0.05294969035936688, -0.032427619000323524, -0.011995226327867217]
other derivatives: [ 0.00322871 -0.24474502  0.06020855 -0.00670752 -0.02146407  0.04065441]
Current x array =  [-0.72256156 -0.48641073 -0.89841774  2.12919012 -2.57398523  0.34326909
 -3.92638962 -1.53271271 -1.5633139  -1.76290588 -3.64280779 -3.63918442
 -3.43750522 -2.46703904 -3.68568805 -2.87403352 -2.84378802 -3.8197859 ]
log likelihood =  -1739.17714115
Edge derivatives =  [0.0072799874821541585, -0.026975753377083994, 0.017590096023803237, 0.035231038189812686, -0.042143905271065166, 0.02709476449183549, 0.01096928722945209, 0.07535930497682751, -0.02620372432997769, 0.04727484250567937, -0.00016128794436306992, -0.01587396356871796]
other derivatives: [ 0.09745236 -0.24513156 -0.02758043  0.00682121  0.00368345  0.04893081]
Current x array =  [-0.72271355 -0.48642552 -0.89810238  2.12843001 -2.57484037  0.3427038
 -3.9329476  -1.53178827 -1.56320086 -1.76325641 -3.64569121 -3.638378
 -3.43899971 -2.46398595 -3.68797463 -2.87339221 -2.84553186 -3.81784668]
log likelihood =  -1739.17684757
Edge derivatives =  [0.007190753345907283, 0.0005052687900267971, -0.009851348435183621, 0.023731234986577615, -0.03697685063942842, 0.024822877872525205, 0.004830551066183346, -0.0164870625373071, -0.01809187225704141, 0.021427990400597938, 0.02014321651129984, -0.013765439070863097]
other derivatives: [ 0.20568223 -0.08315055  0.12232704  0.01468834 -0.00968612  0.02205525]
Current x array =  [-0.72294155 -0.48674628 -0.89866838  2.12810914 -2.57463208  0.34271052
 -3.93496501 -1.53306882 -1.56238201 -1.76252111 -3.64757905 -3.63720548
 -3.43894474 -2.46037174 -3.68926631 -2.87184146 -2.84662112 -3.81757298]
log likelihood =  -1739.17695111
Edge derivatives =  [0.007460171302959503, 0.019956958605893638, -0.014880481322586042, 0.01651120343892401, -0.0276047699246547, 0.030515202854294127, 0.012714928799079345, -0.03224645055103699, -0.0039437777229401755, 0.012014641574141241, 0.035205126048539814, -0.013550041196203764]
other derivatives: [-0.30074716  0.25620466 -0.19617801  0.02391971 -0.01336957  0.04483809]
Current x array =  [-0.7221545  -0.48735451 -0.8974046   2.12800489 -2.574502    0.34220313
 -3.93443263 -1.53401791 -1.56242433 -1.76232413 -3.64971933 -3.63673554
 -3.43976987 -2.45952553 -3.69091865 -2.87120253 -2.84736522 -3.81700901]
log likelihood =  -1739.17675484
Edge derivatives =  [0.0073007817251729695, 0.008433371312263321, -0.01189571848796031, 0.02079338238900119, -0.03315446222333349, 0.027142943472627808, 0.008043575411195387, -0.02290298595339932, -0.012325048328319488, 0.01759577139204982, 0.026281643557188775, -0.013676582336452664]
other derivatives: [-0.00047748  0.05520633 -0.00729869  0.01844001 -0.01118678  0.03137757]
Current x array =  [-0.72262092 -0.48699406 -0.89815354  2.12806667 -2.57457909  0.34250382
 -3.93474813 -1.53345546 -1.56239925 -1.76244087 -3.64845096 -3.63701404
 -3.43928088 -2.46002701 -3.68993945 -2.87158117 -2.84692425 -3.81734323]
log likelihood =  -1739.17672357
Edge derivatives =  [0.006486756528959161, 0.004852286587161275, -0.009752768689303026, 0.016522181664432867, -0.033825840693031524, 0.026720241215238992, 0.00634815186369702, -0.020114233760160152, -0.013596525379668448, 0.015169901409320272, 0.021163140773667627, -0.0117048794757021]
other derivatives: [-0.02694378  0.06245955 -0.00111413  0.01548415 -0.00829914  0.02321485]
Current x array =  [-0.72257613 -0.48700669 -0.89817389  2.12820259 -2.57467093  0.34280107
 -3.93381834 -1.53333373 -1.5625024  -1.76238567 -3.64835795 -3.63716646
 -3.4391033  -2.46022622 -3.68984702 -2.87153567 -2.84665786 -3.81794566]
log likelihood =  -1739.17660977
Edge derivatives =  [0.003843515701230829, -0.005613979562145821, -0.0005587060347718165, -2.0525517967134865e-05, -0.029139641514555545, 0.027543633223134627, 0.003996818054025172, -0.0172815464624487, -0.01107152804917666, 0.0022829766417331587, 0.007738685594701533, -0.005131147922173503]
other derivatives: [-0.06293703  0.04608864 -0.00025011  0.00311502  0.00586624 -0.00313776]
Current x array =  [-0.72249674 -0.48697136 -0.89817999  2.12868985 -2.57507935  0.34379776
 -3.93115442 -1.5330286  -1.56292941 -1.76204066 -3.64950668 -3.63719635
 -3.43893346 -2.46059287 -3.69054085 -2.87099776 -2.84596838 -3.81977477]
log likelihood =  -1739.17650459
Edge derivatives =  [0.002991877451659932, -0.009383692851185205, 0.005155067278384551, -0.009641853553445018, -0.01613036636213877, 0.027443428761543577, 0.009206571998546326, 0.0013105137595867816, -0.0005829742488640335, -0.006419393943088075, -0.0027079006017114438, -0.006533259690707505]
other derivatives: [-0.09331416  0.07501058  0.05215952 -0.00541149  0.00977707 -0.01366516]
Current x array =  [-0.72243143 -0.48700193 -0.89838685  2.12902923 -2.57514165  0.34439081
 -3.93058642 -1.53306199 -1.56330866 -1.76171075 -3.65263241 -3.63575593
 -3.43953364 -2.46140811 -3.69239512 -2.87043676 -2.84555968 -3.81978843]
log likelihood =  -1739.17672408
Edge derivatives =  [-0.003089036298657137, 0.004755059276415702, -0.014443301756003085, -0.038274238533045235, 0.001958322197604903, 0.020728874332498717, -0.00044739443159222403, -0.030197773233772707, 0.01420441571987139, -0.04409533277981771, -0.018510819055232053, 0.005167417006483505]
other derivatives: [ 0.20472726 -0.26220732 -0.23067059 -0.02526122  0.00970886 -0.068394  ]
Current x array =  [-0.72282917 -0.48639456 -0.89732901  2.12952687 -2.57479654  0.34595113
 -3.92652984 -1.53414661 -1.56326328 -1.7608658  -3.65825905 -3.63220487
 -3.43873361 -2.46055145 -3.69519808 -2.86849212 -2.84460835 -3.82279774]
log likelihood =  -1739.17645408
Edge derivatives =  [0.001159495449925635, -0.005108333618389027, -0.000761719736894706, -0.018282038999419936, -0.010647742819584138, 0.025432250428904617, 0.006293948926600124, -0.008194806626051501, 0.0038914700892975496, -0.017784969792946276, -0.007471246240490725, -0.0029943584406376365]
other derivatives: [-0.00327418 -0.02673914 -0.03315108 -0.01136868  0.00977707 -0.03014975]
Current x array =  [-0.72255152 -0.48681854 -0.89806745  2.12917949 -2.57503745  0.34486193
 -3.92936158 -1.53338948 -1.56329496 -1.76145563 -3.65433131 -3.63468372
 -3.43929208 -2.46114945 -3.69324144 -2.8698496  -2.84527244 -3.82069706]
log likelihood =  -1739.17641589
Edge derivatives =  [0.0017183203068281763, 0.0012155959347819045, -0.004440307016708139, -0.01577126621464911, -0.004338838371318585, 0.02408976582365307, 0.010085756765365828, 0.0009513349471570315, 0.009776939751812493, -0.016979377556126718, -0.0064322762880769935, -0.006630141090895044]
other derivatives: [ 0.01261924 -0.01405169 -0.01175522 -0.01004992  0.00222826 -0.02187335]
Current x array =  [-0.72257566 -0.4868301  -0.89815228  2.12911916 -2.57476349  0.34465418
 -3.93016547 -1.53374434 -1.56328069 -1.76142119 -3.65596534 -3.63344299
 -3.43965754 -2.46141617 -3.69412028 -2.86973502 -2.84537187 -3.81985077]
log likelihood =  -1739.17636075
Edge derivatives =  [0.0018442141820548298, 0.005509977638300495, -0.005783760036710467, -0.006338915594742284, -0.00015803151057394715, 0.019531390800200867, 0.008775512067190419, 0.0028515962432529435, 0.014055724322290068, -0.01241644960089601, -0.0023862499487309202, -0.0049843480910006475]
other derivatives: [-0.01027729 -0.03944933  0.01009539 -0.00381988 -0.00293312 -0.0080945 ]
Current x array =  [-0.7225381  -0.48677107 -0.89822974  2.12890326 -2.57456872  0.34419536
 -3.92990923 -1.53404649 -1.56344441 -1.76170693 -3.65761754 -3.63157071
 -3.4393814  -2.46137157 -3.69458419 -2.8698796  -2.84544988 -3.81996898]
log likelihood =  -1739.17677713
Edge derivatives =  [0.0010937404787112852, 0.027423757002499993, 0.023383789089492457, 0.034987991618322306, 0.007048453729221998, 0.0007064287072436337, 0.0012385690057193505, 0.05418416214736929, 0.019497366425280056, 0.015217865785963139, -0.001613790554654146, 0.012033811138946224]
other derivatives: [ 0.50476956  0.47143658 -0.07330527 -0.01559783 -0.00284217  0.02974048]
Current x array =  [-0.72326404 -0.48766997 -0.89793323  2.12859968 -2.57398155  0.3431156
 -3.92468005 -1.53475445 -1.56444704 -1.76279084 -3.66130898 -3.62587245
 -3.43733148 -2.46277511 -3.69443476 -2.8710444  -2.8446449  -3.8224958 ]
log likelihood =  -1739.17634093
Edge derivatives =  [0.0017155661383721939, 0.009364636753725758, -0.0006574542262256511, 0.0009265119432272373, 0.0011126923522321586, 0.016246624689298966, 0.007456374221702311, 0.011876876710588652, 0.015012424673693722, -0.00755918473603609, -0.0022482896114513623, -0.00198979456980182]
other derivatives: [ 0.08026291  0.05045422 -0.00454747 -0.00588898 -0.00291038 -0.00143245]
Current x array =  [-0.72266561 -0.48692896 -0.89817766  2.12884993 -2.57446558  0.3440057
 -3.92899072 -1.53417085 -1.56362053 -1.76189731 -3.65826594 -3.63056981
 -3.43902133 -2.4616181  -3.69455794 -2.87008419 -2.84530849 -3.82041281]
log likelihood =  -1739.17630617
Edge derivatives =  [0.001237879623503399, 0.010175845600042227, -0.00094891874275288, 0.011712096452986959, 0.001046735130132724, 0.009843845749213855, 0.0013333949960349367, 0.0058528978086345995, 0.015313183063255784, -0.0016036831653780947, 0.0022256610815597905, 0.0036370492644084776]
other derivatives: [ 0.02578417  0.00061391  0.00973159  0.00250111 -0.00527507  0.01007265]
Current x array =  [-0.72258111 -0.4868306  -0.89821773  2.1285799  -2.57438544  0.3435298
 -3.92783049 -1.53431765 -1.56384373 -1.7623304  -3.65920505 -3.62881451
 -3.43820905 -2.46129969 -3.69435654 -2.87041767 -2.84530614 -3.8213751 ]
log likelihood =  -1739.17629746
Edge derivatives =  [0.000741870136021526, 0.007563432145275495, -0.0008448187909997074, 0.011370852530402764, -0.0006347448804863362, 0.00715072594714037, -0.0017717521576149364, 0.0025045777387030232, 0.013166634232239537, -0.0004259432266587593, 0.0016980725543764702, 0.0055339365166605925]
other derivatives: [ 0.00829914 -0.00241016  0.0105274   0.00375167 -0.00461569  0.00770797]
Current x array =  [-0.72255609 -0.48682738 -0.89821307  2.12854615 -2.57441873  0.3435312
 -3.92730346 -1.53422187 -1.56389648 -1.76236742 -3.65917931 -3.62841218
 -3.43786413 -2.46118254 -3.69400007 -2.87054991 -2.84522179 -3.82182015]
log likelihood =  -1739.17628552
Edge derivatives =  [0.00018287051058687998, 0.001437686589817716, 0.0005645292780907252, 0.007214644493887867, -0.003125843854549719, 0.002865509795158809, -0.0045224763679069455, 0.003555334938960167, 0.008650355781821939, 0.0030728401867501087, 2.2375299428500917e-05, 0.005042531781030389]
other derivatives: [-0.0091859  -0.01266471 -0.00241016  0.00368345 -0.00286491  0.00422915]
Current x array =  [-0.72253152 -0.48681345 -0.8981547   2.12854939 -2.57448985  0.3435328
 -3.92707389 -1.53396528 -1.5639753  -1.76226532 -3.65913666 -3.62772552
 -3.43758777 -2.4612228  -3.69329747 -2.87083781 -2.84511745 -3.82190077]
log likelihood =  -1739.17627825
Edge derivatives =  [-0.0002495849912139622, -0.0016565689582481724, -0.0014889427329700944, -0.0004807906021039865, -0.0036973402825134227, -0.0010343356278389448, -0.006011722787854168, -0.003987930576532989, 0.005400451672815464, 0.0018492066774024318, -0.0003053584936687226, 0.0028427280633026956]
other derivatives: [-0.02248726  0.01464286 -0.00031832  0.00286491 -0.00200089 -0.00438831]
Current x array =  [-0.7225201  -0.48687045 -0.89815369  2.12858389 -2.57455762  0.34361544
 -3.92739834 -1.53384734 -1.56393329 -1.76197901 -3.65953602 -3.62692804
 -3.4375747  -2.46092429 -3.69284151 -2.87084089 -2.84514873 -3.82161195]
log likelihood =  -1739.17627829
Edge derivatives =  [-0.00013137651814183054, -0.005112013034064, 0.0010514698003844525, -0.00240308569556838, -0.004368328232250279, -0.0027386041927565455, -0.0053743669133809804, -0.002641402755711744, 0.001935472734630378, 0.004987373091556058, 0.0006147200940816167, -4.7648014329659816e-05]
other derivatives: [ 0.03956302 -0.02769411  0.02082743  0.00104592  0.00111413 -0.00411546]
Current x array =  [-0.72261656 -0.48679666 -0.89824141  2.12860325 -2.5746594   0.34350401
 -3.92796345 -1.53367465 -1.56397007 -1.76185712 -3.65954694 -3.62654261
 -3.43771751 -2.46092455 -3.69230715 -2.87100622 -2.84522725 -3.82108316]
log likelihood =  -1739.17627613
Edge derivatives =  [-0.00019072405244434376, -0.0033762202883938497, -0.00022454919874867474, -0.0014373985851609539, -0.004031298171945884, -0.0018824036844427919, -0.005694521380016221, -0.0033177908248687438, 0.003676252701018533, 0.003411086842994168, 0.0001526422185278431, 0.0014044264959808747]
other derivatives: [ 0.00836735 -0.00648015  0.01018634  0.00193268 -0.00047748 -0.00427463]
Current x array =  [-0.72256811 -0.48683372 -0.89819735  2.12859353 -2.57460828  0.34355998
 -3.92767959 -1.53376139 -1.5639516  -1.76191835 -3.65954146 -3.62673622
 -3.43764578 -2.46092442 -3.69257557 -2.87092317 -2.84518781 -3.82134878]
      fun: 1739.1762761342798
 hess_inv: <18x18 LbfgsInvHessProduct with dtype=float64>
      jac: array([-0.00836735,  0.00648015, -0.01018634, -0.00193268,  0.00047748,
        0.00427463,  0.00019072,  0.00337622,  0.00022455,  0.0014374 ,
        0.0040313 ,  0.0018824 ,  0.00569452,  0.00331779, -0.00367625,
       -0.00341109, -0.00015264, -0.00140443])
  message: 'CONVERGENCE: REL_REDUCTION_OF_F_<=_FACTR*EPSMCH'
     nfev: 55
      nit: 47
   status: 0
  success: True
        x: array([-0.72256811, -0.48683372, -0.89819735,  2.12859353, -2.57460828,
        0.34355998, -3.92767959, -1.53376139, -1.5639516 , -1.76191835,
       -3.65954146, -3.62673622, -3.43764578, -2.46092442, -3.69257557,
       -2.87092317, -2.84518781, -3.82134878])
number of sites to be analyzed:  163
log likelihood =  -2142.34600975
Edge derivatives =  [-18.603364252682216, 10.60815055289357, 13.533008019124312, 16.88279820882442, -21.937334486923785, -15.386230468016537, -17.180138995516224, -2.7195897764677563, -21.790442890624963, -11.168470811715972, -11.945759083011591, -20.30401694349908]
other derivatives: [-108.59330359   31.02813935   -2.26154953  122.96918612 -158.70077732
    0.        ]
Current x array =  [-0.64149215 -0.55261911 -0.81901932  0.18232156 -0.10536052  0.33647224
 -2.30258509 -2.30258509 -2.30258509 -2.30258509 -2.30258509 -2.30258509
 -2.30258509 -2.30258509 -2.30258509 -2.30258509 -2.30258509 -2.30258509]
log likelihood =  -1998.12699487
Edge derivatives =  [-13.776401020613559, 11.319547726067878, 15.32672341598076, 15.691358175887164, -16.555143935942635, -11.432438727131323, -12.892917617497115, -0.48650733477732444, -16.848165602959916, -7.606233158873555, -8.501370020980167, -15.729886079938998]
other derivatives: [ 138.70971998   27.40573564   -6.14870714   84.74307833 -120.10489172
    0.        ]
Current x array =  [-1.10366635 -0.55047996 -0.8286445   0.70567967 -0.78079264  0.33647224
 -2.3817612  -2.2574367  -2.24498847 -2.23073173 -2.39595061 -2.36806905
 -2.37570394 -2.31415969 -2.39532544 -2.35011822 -2.35342637 -2.3889992 ]
log likelihood =  -1851.28098541
Edge derivatives =  [-8.502397934657855, 11.727529454184868, 15.955183141603365, 14.331873690445379, -10.512353509963374, -7.038709032979002, -8.06383131225807, 2.12895574372258, -10.995666905508198, -3.229975812239218, -4.257328274005119, -10.445429009357863]
other derivatives: [ 139.63629044   -2.97707174  -12.69552286   17.30877557  -34.12808383
    0.        ]
Current x array =  [-1.0698439  -0.4823283  -0.86097136  1.55119783 -1.91124158  0.33647224
 -2.51316956 -2.16984386 -2.13000582 -2.09982101 -2.5520415  -2.47689304
 -2.49768211 -2.32778735 -2.55184728 -2.42658053 -2.43654706 -2.53495731]
log likelihood =  -1805.44375508
Edge derivatives =  [-8.626480022475468, 7.955283209142248, 7.098148087685428, 4.326834694432396, -9.371553068837825, -8.302337614851105, -7.841931223311409, -0.3325716068609695, -9.073491914457177, -3.7932029042126216, -4.720562414995978, -8.748256313988946]
other derivatives: [-34.10380032  73.40884167  40.22601843   5.84816462 -10.38638402   0.        ]
Current x array =  [-0.70725158 -0.64921008 -1.04223221  1.90472663 -2.47227858  0.33647224
 -2.66161032 -1.99691206 -1.90037125 -1.87882513 -2.73269481 -2.59940898
 -2.63686814 -2.30456191 -2.73718508 -2.48893279 -2.51391023 -2.71089144]
log likelihood =  -1791.19976068
Edge derivatives =  [-8.15575291821189, 7.2496059361508225, 5.764843310192609, 3.1014586326209588, -8.332356488474364, -6.889844863578796, -7.069430605772744, -0.098631119118478, -8.10210969747409, -2.8740373718251964, -3.52713943214998, -8.006796893599944]
other derivatives: [-19.89722023  -4.69324277  16.95755145   0.78757694  -1.8610308    0.        ]
Current x array =  [-0.71594343 -0.478431   -0.96091737  2.0475373  -2.67770477  0.33647224
 -2.70910644 -1.95420628 -1.8521567  -1.83640741 -2.78732513 -2.64155609
 -2.68068009 -2.3052214  -2.79153715 -2.5118321  -2.54098086 -2.76249046]
log likelihood =  -1787.35764946
Edge derivatives =  [-7.407371856128209, 6.79224876236857, 4.7154801557977635, 1.7633753568219896, -7.1427619760870265, -5.930947602903841, -5.976922095978957, 0.46656985841228166, -6.804115922913852, -2.0703034218131657, -2.492020101676835, -6.765573790658545]
other derivatives: [-5.66815288 -7.2360308  -0.32978278 -3.75403033  4.16766852  0.        ]
Current x array =  [-0.72816095 -0.47332452 -0.90761286  2.16293533 -2.84841567  0.33647224
 -2.76958506 -1.89705099 -1.79093001 -1.78557958 -2.85479916 -2.69271552
 -2.73527872 -2.30372999 -2.85874834 -2.53711728 -2.57137218 -2.82719963]
log likelihood =  -1783.6991596
Edge derivatives =  [-6.532860269761776, 5.23422512552362, 1.8244603673273825, -0.7657297128437338, -5.553575611932884, -4.666417302718593, -4.610032126858455, 0.6889018044347403, -5.063455018171522, -1.0577437662288447, -1.2371618202854084, -5.08225771059354]
other derivatives: [-6.21271283 -6.46657554 -0.99653334 -6.37546691  8.2776296   0.        ]
Current x array =  [-0.72230643 -0.4744933  -0.90816764  2.25074475 -2.99487034  0.33647224
 -2.8816446  -1.78842321 -1.68924079 -1.71453954 -2.97292212 -2.78494066
 -2.83120378 -2.29575146 -2.97440583 -2.57608549 -2.61841747 -2.9396928 ]
log likelihood =  -1780.50105171
Edge derivatives =  [-3.9291768987146316, 1.186724601137136, 0.3786137093056055, -0.0694803818176988, -2.0992597599530347, -1.4606676647422074, -1.3598071780342298, 0.9473806359794354, -1.2238310658931617, 0.1296475288604127, 0.6474501428296433, -1.4677485440694635]
other derivatives: [ -6.52180461  49.91550213 -45.07933227  -3.37668098   4.56175258   0.        ]
Current x array =  [-0.72024863 -0.59102486 -0.77296865  2.11808463 -2.84958011  0.33647224
 -3.25262515 -1.50938062 -1.60525724 -1.75205432 -3.28629062 -3.04121083
 -3.08748505 -2.25609625 -3.26017117 -2.63301387 -2.68426644 -3.22357308]
log likelihood =  -1774.57866765
Edge derivatives =  [-3.557220584146973, -0.9801751539312796, -2.095255829706859, -0.9985298037301202, -1.3021051367743668, -0.521035167406046, -0.7804242070509818, 0.5985669922427077, -0.5523730367853166, 1.0425431214125764, 1.4580020540180572, -0.8383707169450106]
other derivatives: [  0.95471933  17.90313036  -9.20854291  -3.01056389   4.80013114   0.        ]
Current x array =  [-0.7332774  -0.51808918 -0.87865785  2.1255875  -2.87565148  0.33647224
 -3.34500394 -1.431588   -1.54696434 -1.72029967 -3.37273311 -3.10930802
 -3.15739228 -2.24721351 -3.3412714  -2.65601022 -2.71074281 -3.30393438]
log likelihood =  -1773.33754481
Edge derivatives =  [-3.2140514823122044, -2.559009929898861, -2.679286247360989, -0.5524335940311653, -0.8858790725443569, 0.13225356949975808, -0.5025024536251184, 0.06895366445531126, -0.19851866484944913, 1.1627027360114628, 1.5712607140378616, -0.5521018450349067]
other derivatives: [-0.48657967 -3.19416813 -0.80071914 -0.20004336  1.53850124  0.        ]
Current x array =  [-0.73453892 -0.47987132 -0.90493065  2.05203809 -2.77691817  0.33647224
 -3.42850473 -1.38663462 -1.5496029  -1.74343122 -3.43259882 -3.15699942
 -3.20561098 -2.23698797 -3.39197921 -2.65915104 -2.71303407 -3.35622811]
log likelihood =  -1773.10340317
Edge derivatives =  [-2.9408308521479882, -2.84023444350098, -2.008738976555055, 0.21996981738890325, -0.6934220969820317, 0.4125619541473368, -0.33405698283313123, -0.03621725349015287, -0.012658446635595802, 1.1385375204034158, 1.5245375079432648, -0.3864678670173636]
other derivatives: [ 1.41158125 -0.63873813  0.93361905  1.14648628 -0.4210051   0.        ]
Current x array =  [-0.7385249  -0.48370666 -0.91020752  2.011457   -2.7165      0.33647224
 -3.47499984 -1.37740678 -1.56706476 -1.76405433 -3.4594325  -3.17623372
 -3.22669996 -2.23231979 -3.41214626 -2.6551937  -2.706946   -3.37836914]
log likelihood =  -1772.73481088
Edge derivatives =  [-2.540144150351495, -2.304726983019031, -0.9050401315726663, 0.5551875823905107, -0.5313583880868764, 0.7155398797452827, -0.21045898416406353, -0.16795911479682143, 0.13021295792067808, 0.88380812037772, 1.181283258668653, -0.27389246255255645]
other derivatives: [-1.88179001 -1.00631041  0.64915184  1.43627403 -1.15305738  0.        ]
Current x array =  [-0.73286343 -0.48147782 -0.90966317  2.00607159 -2.69145317  0.33647224
 -3.55277225 -1.40349025 -1.59805398 -1.76887751 -3.49348847 -3.18817521
 -3.25054428 -2.22879764 -3.43207717 -2.63899355 -2.68443777 -3.4046104 ]
log likelihood =  -1772.17849731
Edge derivatives =  [-1.3345442580301874, 0.2569287764089715, 2.5415760149719735, 1.2132610451072634, 0.05415993454237956, 1.647072574568446, 0.340010625752961, -0.1726999170875419, 0.6458503557188395, 0.16414299128644183, 0.02990284001375887, 0.21258874837785532]
other derivatives: [ 10.76152785   4.79683422   2.86572686  -0.35267931  -0.7362587    0.        ]
Current x array =  [-0.74688132 -0.48651367 -0.92396567  2.04477528 -2.68643302  0.33647224
 -3.83609204 -1.50683617 -1.67828779 -1.7534096  -3.61364568 -3.21331372
 -3.33176146 -2.22055453 -3.49816143 -2.58045961 -2.60343919 -3.49680653]
log likelihood =  -1771.97343797
Edge derivatives =  [-1.2222547645162618, 0.35347277457843, 1.9230696940044576, 0.4505201828742055, 0.11142529233052896, 1.684374115169228, 0.38087514400583095, -0.31077902820688075, 0.70986568840389, -0.08176092716882866, -0.23665703017389367, 0.2573824236026102]
other derivatives: [-3.82872258 -0.26727776  0.32102889 -0.42768988 -0.24813289  0.        ]
Current x array =  [-0.72518414 -0.47696606 -0.91369456  2.0606229  -2.70533428  0.33647224
 -3.8962747  -1.51934474 -1.67029016 -1.73692847 -3.63885362 -3.21100371
 -3.3476707  -2.22081403 -3.51073348 -2.57209761 -2.59252799 -3.51634417]
log likelihood =  -1771.93486312
Edge derivatives =  [-1.2460743629723916, 0.3246502466544612, 1.5600781569307323, 0.2658242069131373, 0.10424142944973222, 1.6171990196359065, 0.380848683603786, -0.2570662236850564, 0.6969226407375175, -0.041549052984686, -0.17925011143582387, 0.25900385250769997]
other derivatives: [-2.22323706 -0.62400431  0.01305125 -0.63764674  0.09429186  0.        ]
Current x array =  [-0.72742523 -0.47667088 -0.91274358  2.06529042 -2.71581825  0.33647224
 -3.89542159 -1.51671209 -1.6596258  -1.73137654 -3.63721796 -3.20548819
 -3.3456561  -2.22200612 -3.50832234 -2.57355361 -2.59488229 -3.51484667]
log likelihood =  -1771.82329661
Edge derivatives =  [-1.2151738048468288, 0.4694509460259535, 0.4169176856388479, -0.2747534575292393, 0.0782825710662462, 1.3447542097970728, 0.3733350024357918, -0.0919726711392401, 0.6326003181659487, -0.07178959451263926, -0.19469509063964446, 0.26354536233116194]
other derivatives: [ 0.62773324 -0.74171567 -0.24767814 -0.96933945  0.72261628  0.        ]
Current x array =  [-0.73190487 -0.47709646 -0.91203891  2.07210756 -2.73654814  0.33647224
 -3.93004767 -1.52072533 -1.62832939 -1.71375886 -3.64090364 -3.17657532
 -3.34253894 -2.22655377 -3.49926274 -2.57020332 -2.59247767 -3.51483429]
log likelihood =  -1771.69559905
Edge derivatives =  [-1.0650795244757716, 0.7215158843862433, -0.7217225724446616, -0.6428101247815896, 0.05702962242697614, 0.9741173652747022, 0.36109761327654183, 0.07454155130710619, 0.5416689510425508, -0.23673349889445738, -0.35467966811625373, 0.2759056558193018]
other derivatives: [ 2.69187694 -1.42449608 -1.00533271 -0.78621269  0.71681825  0.        ]
Current x array =  [-0.73588899 -0.47629582 -0.9092019   2.06401539 -2.73841169  0.33647224
 -4.01409734 -1.53109247 -1.59958177 -1.69966657 -3.65634964 -3.13107228
 -3.34307444 -2.23176588 -3.48771026 -2.56018208 -2.58230628 -3.5207139 ]
log likelihood =  -1771.59799096
Edge derivatives =  [-0.8004180901901692, 0.9439122331262968, -2.003734670861971, -0.9588936967803579, -0.0038152504184206376, 0.21257468167528637, 0.2992188339098364, 0.27101851303459223, 0.36249187308587827, -0.4838419970607481, -0.6061961887151629, 0.2999517653953648]
other derivatives: [-0.03944933  4.81686584  3.20701474 -0.33210199  0.57179932  0.        ]
Current x array =  [-0.73410309 -0.48713271 -0.92338221  2.05099722 -2.74111896  0.33647224
 -4.1697001  -1.54179664 -1.56920424 -1.68355916 -3.68473718 -3.05018577
 -3.34276357 -2.23843823 -3.46571526 -2.54667302 -2.56907823 -3.52999377]
log likelihood =  -1771.48733153
Edge derivatives =  [-0.623698313892647, 1.066220321734964, -1.8274309033696219, -0.6488838112865739, 0.010767659069028913, -0.013335471066547117, 0.28052703310005467, 0.28176121109956165, 0.29575757683128834, -0.6814911555789613, -0.7924066166752546, 0.30477020952035533]
other derivatives: [ 1.36496965 -0.47241429  0.07073595  0.39158294 -0.28112481  0.        ]
Current x array =  [-0.73659829 -0.47754908 -0.91193904  2.02822725 -2.71377682  0.33647224
 -4.27056569 -1.5492887  -1.57617697 -1.68895579 -3.70781065 -3.01463796
 -3.34830618 -2.23929715 -3.45883173 -2.53685757 -2.55797302 -3.54022785]
log likelihood =  -1771.43992361
Edge derivatives =  [-0.542807638070979, 0.9893026885673577, -1.1277946753924106, -0.3120847142050472, 0.01815023317664799, -0.039656737957887045, 0.2612956297601206, 0.22789791715002886, 0.2785981108810581, -0.690850986279986, -0.7909301500672614, 0.3062517188317144]
other derivatives: [ 0.22919266 -0.47627964 -0.23151188  0.58530532 -0.55731562  0.        ]
Current x array =  [-0.73472211 -0.4770241  -0.91078775  2.02315173 -2.70445035  0.33647224
 -4.3043652  -1.54656013 -1.59390583 -1.696736   -3.71568721 -3.00712429
 -3.34963175 -2.23739018 -3.45667468 -2.53728798 -2.5582284  -3.54261791]
log likelihood =  -1771.3596519
Edge derivatives =  [-0.3777922333258888, 0.5134829150594731, -0.01900719018824029, 0.17680887174817655, -0.007914307872248304, -0.3390510406721859, 0.15390939116426774, 0.10792506925671042, 0.1455434730268645, -0.5430188972262844, -0.5766078185710688, 0.2783161837412622]
other derivatives: [-1.17322543 -1.81205451  1.17045147  0.63514562 -0.5515858   0.        ]
Current x array =  [-0.73237207 -0.47400838 -0.91572928  2.02245632 -2.70410145  0.33647224
 -4.39929973 -1.52726023 -1.62236536 -1.70615999 -3.73159686 -2.97203737
 -3.34467991 -2.23323487 -3.44056727 -2.54684233 -2.56984512 -3.54097581]
log likelihood =  -1771.42553346
Edge derivatives =  [-0.22555476280361325, -0.060300321579700195, 1.195135142910582, 0.6044162272297031, -0.009616257938244346, -0.7398471470083215, 0.10403662854356496, 0.1599340653698654, 0.056241561492595536, -0.1992973955846769, -0.056494495310691895, 0.30607404287684625]
other derivatives: [-2.69067186  7.12147994 -5.41174359  0.26784619 -0.08633378  0.        ]
Current x array =  [-0.72907377 -0.48933519 -0.89192697  2.02886674 -2.71462682  0.33647224
 -4.4941687  -1.49200395 -1.64369501 -1.71173977 -3.74285092 -2.93529481
 -3.33242368 -2.22793088 -3.41708868 -2.56835879 -2.59571847 -3.53033103]
log likelihood =  -1771.33639498
Edge derivatives =  [-0.3238382671576985, 0.32353202794820013, 0.3977308126277068, 0.3256962891599924, -0.008243658982333965, -0.4712751687101789, 0.13758965292831232, 0.127417296059871, 0.11646056714797666, -0.42312379661128086, -0.3969774930571409, 0.2877610633695215]
other derivatives: [-1.67124199  1.28138709 -1.0254098   0.50983999 -0.39294719  0.        ]
Current x array =  [-0.73125942 -0.47917869 -0.90769986  2.0246188  -2.70765205  0.33647224
 -4.43130262 -1.51536695 -1.62956066 -1.70804226 -3.73539328 -2.95964272
 -3.34054542 -2.23144563 -3.43264705 -2.55410065 -2.57857318 -3.53738492]
log likelihood =  -1771.31479413
Edge derivatives =  [-0.28423788458214877, 0.09800558175979959, 0.5568017012287533, 0.3069705189953685, -0.016770206005840907, -0.6060514965280724, 0.0988773396287995, 0.0926292202230338, 0.05833143435351033, -0.2992423746380603, -0.2457777316182767, 0.27693540994975613]
other derivatives: [-1.03409548  0.44931312 -0.20777406  0.2357865  -0.0388809   0.        ]
Current x array =  [-0.73194362 -0.47769933 -0.91079382  2.03206147 -2.71827801  0.33647224
 -4.46858349 -1.50540123 -1.63281461 -1.70563734 -3.7408962  -2.94627901
 -3.33709261 -2.22974864 -3.42508457 -2.56078908 -2.58636481 -3.53476737]
log likelihood =  -1771.29933257
Edge derivatives =  [-0.2642058041627613, -0.0444522596582618, 0.44788431874170576, 0.1373603635839588, -0.005405762937251528, -0.6369852588805206, 0.08798249190471691, 0.05536563077753656, 0.0300959785622786, -0.17222079853167693, -0.11169395380340759, 0.2692275780867952]
other derivatives: [-0.21334472 -0.1358103   0.02030447 -0.04713456  0.24240308  0.        ]
Current x array =  [-0.73296592 -0.47686972 -0.91173528  2.03993558 -2.72683636  0.33647224
 -4.4993693  -1.49851008 -1.62861546 -1.69986556 -3.74605653 -2.94343097
 -3.33460145 -2.2277513  -3.42022588 -2.5677006  -2.59338799 -3.53126839]
log likelihood =  -1771.28403973
Edge derivatives =  [-0.23453580214637, -0.13968498740720245, 0.3188153194309721, -0.007604034706585244, 0.030544772112687087, -0.5703723282524016, 0.09436694841934201, 0.0023489133375314275, 0.01431967181088925, -0.015717444662121674, 0.03018412339857554, 0.25768145505102075]
other derivatives: [ 1.64336598 -0.10563781  0.2282377  -0.26811904  0.31250238  0.        ]
Current x array =  [-0.73560222 -0.47717596 -0.91259672  2.04532017 -2.72865975  0.33647224
 -4.54024213 -1.49289551 -1.62265364 -1.69420992 -3.7534936  -2.94900565
 -3.33213026 -2.22464455 -3.41565488 -2.57614936 -2.60086536 -3.52556335]
log likelihood =  -1771.26881091
Edge derivatives =  [-0.20188349094488156, -0.30046350277949085, -0.1553808320612654, -0.37999545762563214, 0.07740847886864677, -0.47183302796802323, 0.08831679024947663, -0.11795846475733457, -0.01982040449879307, 0.17058123862637697, 0.1937147520512601, 0.21778034264009322]
other derivatives: [ 0.29444891 -0.93168637  0.10031727 -0.42389274  0.32944172  0.        ]
Current x array =  [-0.7337763  -0.47625419 -0.91176215  2.05231872 -2.73056581  0.33647224
 -4.60328608 -1.48603644 -1.60912886 -1.68433399 -3.76456875 -2.95995905
 -3.32800655 -2.22031567 -3.40867637 -2.58851883 -2.61147124 -3.51571773]
log likelihood =  -1771.25625749
Edge derivatives =  [-0.1523352262180053, -0.23324663352371858, -0.21611817189899735, -0.3366747860090344, 0.15341876737260118, -0.2421067035485328, 0.1189072950118914, -0.1716875649925497, -0.015448648211982254, 0.2871216213350931, 0.2577362110457445, 0.18841487050209776]
other derivatives: [ 2.73903424 -0.23990196 -0.09545147 -0.34265213 -0.08315055  0.        ]
Current x array =  [-0.73750267 -0.47766179 -0.91106019  2.04823633 -2.71730054  0.33647224
 -4.66392685 -1.48700127 -1.60384524 -1.68321077 -3.77620259 -2.97955256
 -3.32639196 -2.21703952 -3.40566335 -2.59524971 -2.61527886 -3.50724109]
log likelihood =  -1771.24635933
Edge derivatives =  [-0.1351933390200375, -0.20107101438651623, -0.1941864804745501, -0.2633002609615507, 0.16736715562342835, -0.17800996650630763, 0.11326862026213437, -0.19174909639353968, -0.02064860576318047, 0.26391959854180935, 0.21871045276521617, 0.16527908473726965]
other derivatives: [ 1.04898845 -0.06070877  0.01437002 -0.16077593 -0.27771421  0.        ]
Current x array =  [-0.73517575 -0.47792014 -0.91119414  2.04442564 -2.71211465  0.33647224
 -4.67961069 -1.48922423 -1.60474084 -1.68561532 -3.7785887  -2.98600232
 -3.32583832 -2.21708244 -3.40531874 -2.59506754 -2.61433558 -3.50461121]
log likelihood =  -1771.24146543
Edge derivatives =  [-0.11350958557665275, -0.14517759242984243, -0.09350592904582217, -0.12453440361586182, 0.18200705374297943, -0.10688344880572767, 0.10578570397069502, -0.1937177873697243, -0.026720904567003947, 0.2238889381187305, 0.16310724545047345, 0.13827108661593154]
other derivatives: [-0.38305643  0.07319159  0.12066721  0.03115019 -0.45072284  0.        ]
Current x array =  [-0.73318548 -0.47803767 -0.91139286  2.03989117 -2.70737675  0.33647224
 -4.6969957  -1.49231286 -1.60737755 -1.68940124 -3.78081738 -2.99262803
 -3.32515186 -2.21776534 -3.4051295  -2.59378221 -2.61241106 -3.50179306]
log likelihood =  -1771.23923484
Edge derivatives =  [-0.10311445258062603, -0.11510512230361336, -0.05019751839118025, -0.06558321778777806, 0.18917058879960189, -0.07388715149808082, 0.10124023930103271, -0.1788601251156465, -0.03161802432689839, 0.20741287472101025, 0.14238779379356498, 0.12284755077757006]
other derivatives: [-0.63582775  0.02571596  0.09958967  0.06518803 -0.43983164  0.        ]
Current x array =  [-0.73279188 -0.47791919 -0.91132441  2.03889591 -2.70776215  0.33647224
 -4.70722701 -1.49356919 -1.60809945 -1.69068938 -3.78161613 -2.99563263
 -3.32431463 -2.21849931 -3.4047521  -2.59311468 -2.61166064 -3.49984839]
log likelihood =  -1771.23117682
Edge derivatives =  [-0.06046235785966566, 0.022920817800518717, 0.08191692476044812, 0.13172954125478803, 0.21909079575288543, 0.060398383632435784, 0.07912089910041117, -0.07543631635978934, -0.05620570584164411, 0.1394789900613086, 0.06169906112154322, 0.05022321981436529]
other derivatives: [-0.9786163   0.40722625  0.36786787  0.06791652 -0.1720764   0.        ]
Current x array =  [-0.73212549 -0.47848137 -0.91249373  2.03781292 -2.71616806  0.33647224
 -4.75802594 -1.49844298 -1.60867417 -1.69380021 -3.78404028 -3.00864898
 -3.31917778 -2.2226918  -3.40260066 -2.5898596  -2.60871727 -3.48962419]
log likelihood =  -1771.24914231
Edge derivatives =  [-0.03360110736881944, 0.1393646211498191, 0.19712677395369205, 0.2722635697676319, 0.22444850646834, 0.180203181769309, 0.037597467712057055, 0.055353532623895446, -0.07979018998934001, -0.005038290623032016, -0.04408848795454985, -0.03890111076049021]
other derivatives: [ 0.1677563  -3.40496626 -2.47791831  0.12091732  0.11691554  0.        ]
Current x array =  [-0.73332257 -0.47206369 -0.90270871  2.03395565 -2.72356526  0.33647224
 -4.79574382 -1.50249292 -1.60978073 -1.69688422 -3.77920427 -3.01844264
 -3.31249269 -2.2284461  -3.40206611 -2.58262368 -2.60372937 -3.4793281 ]
log likelihood =  -1771.22975246
Edge derivatives =  [-0.054535844502656285, 0.04806771010171709, 0.10712465873210611, 0.1623101925043793, 0.22029385200901036, 0.0861912304826827, 0.07040646280784395, -0.04715430353829586, -0.061121515983986636, 0.10895269418027792, 0.039386064078174327, 0.031378381627645655]
other derivatives: [-0.73323463 -0.39683528 -0.23480879  0.07919425 -0.1102535   0.        ]
Current x array =  [-0.73238084 -0.47711244 -0.91040652  2.03699014 -2.71774593  0.33647224
 -4.76607139 -1.49930685 -1.60891021 -1.69445805 -3.78300873 -3.01073802
 -3.31775181 -2.22391923 -3.40248663 -2.58831614 -2.60765332 -3.48742797]
log likelihood =  -1771.22786987
Edge derivatives =  [-0.045578267274752074, 0.06522539333689659, 0.1173083479075602, 0.1676265682781721, 0.22370823319345667, 0.10109983473061337, 0.06188453762419937, -0.006451114114902817, -0.06976791070293786, 0.0988078408812794, 0.03541920007969909, 0.012783934045354196]
other derivatives: [-0.32282514 -0.08237748 -0.17821549  0.00204636  0.05727543  0.        ]
Current x array =  [-0.73290149 -0.47767907 -0.91073589  2.03840506 -2.72283958  0.33647224
 -4.78187026 -1.49923877 -1.60790206 -1.6936306  -3.7826881  -3.01252381
 -3.31553177 -2.2252106  -3.40147866 -2.58761174 -2.6075814  -3.48414054]
log likelihood =  -1771.2265619
Edge derivatives =  [-0.04387263253936112, 0.05860983008304649, 0.07660436799731166, 0.1216460536160639, 0.21674952012103532, 0.09608246253013544, 0.05046065143067113, 0.01699657973599336, -0.07559866287463343, 0.08030314829937546, 0.028002524068170137, -0.0006802422673266584]
other derivatives: [ 0.15365913 -0.16020749  0.01909939 -0.04552021  0.15297701  0.        ]
Current x array =  [-0.73362474 -0.47761424 -0.91152409  2.03926048 -2.72591401  0.33647224
 -4.79052775 -1.49865689 -1.6063278  -1.69191812 -3.78049099 -3.01257051
 -3.31362097 -2.22614653 -3.40134929 -2.58633497 -2.60723905 -3.48202607]
log likelihood =  -1771.22522619
Edge derivatives =  [-0.04478967004432684, 0.04529294926338173, 0.019714154100606396, 0.04170433658905853, 0.20078661583868498, 0.07274062173109411, 0.0368815720083, 0.04198469383935008, -0.07619711775454174, 0.04521855098521842, 0.014452864030103069, -0.010780911568286415]
other derivatives: [ 0.46693458  0.0601176  -0.04390586 -0.07373728  0.21218511  0.        ]
Current x array =  [-0.73416841 -0.47808944 -0.91131606  2.03963082 -2.72792999  0.33647224
 -4.79638685 -1.49763987 -1.60438602 -1.68948974 -3.77612136 -3.01134157
 -3.31140134 -2.22710912 -3.40192004 -2.58416877 -2.6065082  -3.48020668]
log likelihood =  -1771.2234105
Edge derivatives =  [-0.045148051381393314, 0.02049838458360581, -0.06907300818570505, -0.06797234016052317, 0.17064706778313052, 0.04439354231682331, 0.009732988383177973, 0.058563721601458035, -0.07638239333110475, -0.02383299003479182, -0.02413315511830666, -0.03134189590489]
other derivatives: [ 0.62639174 -0.08924417  0.12137207 -0.04042704  0.18990249  0.        ]
Current x array =  [-0.73464092 -0.477968   -0.91185737  2.03859015 -2.72781276  0.33647224
 -4.80576486 -1.49664995 -1.60206694 -1.68653258 -3.76825059 -3.01022869
 -3.30803336 -2.2283448  -3.40367869 -2.58018513 -2.60471083 -3.47753906]
log likelihood =  -1771.22182267
Edge derivatives =  [-0.04026126451263695, 0.015644506729907276, -0.07986039680242096, -0.1321540347165492, 0.12072630004415792, -0.002092240934391046, -0.022830674847338916, 0.08025916714780088, -0.05976760791982398, -0.12358096845479141, -0.07806397037341363, -0.048388594506860394]
other derivatives: [ 0.37857717  0.65847416 -0.31702712  0.02428351  0.10154508  0.        ]
Current x array =  [-0.73451518 -0.47934483 -0.91015117  2.03664614 -2.72545295  0.33647224
 -4.81647302 -1.49583917 -1.6012121  -1.68472733 -3.75479826 -3.00831936
 -3.30370315 -2.22965809 -3.40760633 -2.57462996 -2.60206307 -3.47481909]
log likelihood =  -1771.22057603
Edge derivatives =  [-0.03821340590538057, -0.00012107052773022153, -0.08842632375163204, -0.13245939061478038, 0.10349463464278019, -0.00957182028378184, -0.0366610345133074, 0.05886541963577435, -0.05746306274504132, -0.14218222906706401, -0.09263004176480495, -0.056095143857445844]
other derivatives: [-0.02323759  0.13424142 -0.02255547  0.06718892  0.03537934  0.        ]
Current x array =  [-0.73402174 -0.47843742 -0.91113145  2.03609498 -2.72373743  0.33647224
 -4.81983643 -1.49584966 -1.6015957  -1.68507958 -3.75092773 -3.00822778
 -3.30287142 -2.22956238 -3.40908604 -2.57375302 -2.6016231  -3.47446759]
log likelihood =  -1771.21989406
Edge derivatives =  [-0.03413600480147357, -0.00019955121056736136, -0.04239552444919473, -0.07865490329842759, 0.09252847864073444, -0.010088933119885152, -0.041237661530775634, 0.03618026517523823, -0.050308630759264505, -0.13861022968840714, -0.09259856842559923, -0.05514906258113868]
other derivatives: [-0.24381279 -0.08010375  0.07821654  0.09315499 -0.03390142  0.        ]
Current x array =  [-0.73369843 -0.47801462 -0.91145302  2.03574378 -2.72156537  0.33647224
 -4.82143111 -1.49614048 -1.60302196 -1.6866602  -3.74827933 -3.00838309
 -3.30286316 -2.229042   -3.41045638 -2.57402293 -2.60174369 -3.47487919]
log likelihood =  -1771.21916306
Edge derivatives =  [-0.02799588332550082, 0.00123169052779723, 0.01550854805646426, -0.014990417459448513, 0.0760583367871492, -0.015213795230081734, -0.046392269934399634, 0.015793409244977158, -0.03916890092677489, -0.12508496413005782, -0.0821195541517884, -0.05275071968443253]
other derivatives: [-0.27812348 -0.14772468  0.11452812  0.08574261 -0.07248673  0.        ]
Current x array =  [-0.7336037  -0.47784092 -0.91157567  2.03612508 -2.72018736  0.33647224
 -4.82603269 -1.49615654 -1.60437636 -1.68826464 -3.74399758 -3.00836378
 -3.30247463 -2.22848002 -3.41224266 -2.57471385 -2.60233189 -3.4750565 ]
log likelihood =  -1771.21866815
Edge derivatives =  [-0.009952191639140646, -0.010749274543015191, 0.04793917830441907, 0.043344266782763125, 0.026475754210928473, -0.03360763262423645, -0.06650837232210169, -0.009239937295970585, -0.0169990489590323, -0.07467651631293354, -0.03959841871363953, -0.05969076938779589]
other derivatives: [-1.2487817  -0.19085746  0.11295924 -0.0107093   0.0437467   0.        ]
Current x array =  [-0.732048   -0.4777054  -0.91152242  2.03976742 -2.72383954  0.33647224
 -4.85375917 -1.49527279 -1.60437663 -1.68949575 -3.73105661 -3.00946282
 -3.29982221 -2.22822474 -3.41609276 -2.57769793 -2.60520572 -3.4729992 ]
log likelihood =  -1771.21739628
Edge derivatives =  [-0.009932246447854629, -0.01200928830100001, 0.08295075770814839, 0.07972300108933345, 0.004494063114364837, -0.052649116513196745, -0.05863516634671243, -0.03395519281961551, 0.0055826166769819136, -0.0320987188305832, -0.004001032859338477, -0.037676618455168856]
other derivatives: [-0.07628387 -0.15697879  0.06507435 -0.04388312 -0.04529284  0.        ]
Current x array =  [-0.73371799 -0.47775133 -0.91142498  2.0399899  -2.72048343  0.33647224
 -4.85097004 -1.4946715  -1.60490011 -1.69016122 -3.72528559 -3.00781522
 -3.30055042 -2.22696582 -3.4187415  -2.57931509 -2.60642202 -3.4751191 ]
log likelihood =  -1771.21719848
Edge derivatives =  [-0.012241823126432409, -0.011081084551137405, 0.050193242766104346, 0.04603002864832079, 0.011872039997765593, -0.049506145505787635, -0.054063430758437045, -0.021077644911756732, 0.001773037823835144, -0.02942909604012592, -0.0024551081012422066, -0.03724759628872749]
other derivatives: [-0.00427463 -0.04361027  0.02228262 -0.05270522 -0.0077307   0.        ]
Current x array =  [-0.73382816 -0.47797795 -0.91128735  2.04006429 -2.72170547  0.33647224
 -4.85036598 -1.49458555 -1.60395203 -1.68921144 -3.72695835 -3.00801583
 -3.30078208 -2.22726727 -3.41792593 -2.57943624 -2.60645544 -3.47501091]
log likelihood =  -1771.21701225
Edge derivatives =  [-0.01166666076537562, -0.00834841929658639, 0.02031533990774631, 0.021985422786157477, 0.010023524931435324, -0.044125548411103444, -0.04870165676634118, -0.012173969490848674, 0.004070998750111986, -0.012619131541788398, 0.0068892513739904765, -0.03470720171787901]
other derivatives: [ 0.02855813  0.0216005  -0.00568434 -0.05727543  0.02228262  0.        ]
Current x array =  [-0.73387758 -0.47811475 -0.91119598  2.04006716 -2.72271609  0.33647224
 -4.85440576 -1.49453882 -1.60295442 -1.68847738 -3.72601608 -3.00886533
 -3.30105438 -2.22752157 -3.41801059 -2.5802826  -2.6069411  -3.47499268]
log likelihood =  -1771.21677158
Edge derivatives =  [-0.010787180895381021, -0.001239249961303257, -0.01574084402906273, -0.005541796925715464, 0.007930346867142696, -0.027828568273772378, -0.03322449195494338, -0.0035359672562203792, 0.010019483160444959, 0.019799965005434655, 0.020107814211973607, -0.0243837429320182]
other derivatives: [-0.00420641  0.14088073  0.0172804  -0.02787601  0.01914486  0.        ]
Current x array =  [-0.73386027 -0.4783395  -0.9112665   2.03913857 -2.72281927  0.33647224
 -4.85906769 -1.49476275 -1.60185424 -1.68773187 -3.72460798 -3.01081393
 -3.30258001 -2.22774479 -3.41832262 -2.58192315 -2.60759062 -3.47599379]
log likelihood =  -1771.21692221
Edge derivatives =  [-0.00662467184487194, 0.005803423339416025, -0.052094685475190694, -0.042824060949256865, -0.006538799804090091, -0.00405332940859808, -0.02286856567896703, 0.013136939473030101, 0.017112266326896983, 0.036236212970685105, 0.023231416195797577, -0.020866668294824593]
other derivatives: [ 0.0253749  -0.35524863 -0.27798706  0.00761702  0.04035883  0.        ]
Current x array =  [-0.73390658 -0.47752906 -0.91022378  2.03793624 -2.72359725  0.33647224
 -4.87137832 -1.49497528 -1.60061219 -1.68674917 -3.71952001 -3.01373736
 -3.30357948 -2.22854245 -3.41939156 -2.58268713 -2.60776305 -3.47635034]
log likelihood =  -1771.21669981
Edge derivatives =  [-0.009261139613159438, 0.0013199672547268837, -0.028889182554641152, -0.01902186271286954, 0.002702876153413483, -0.01919309688049825, -0.029469479278624477, 0.002511832263903363, 0.012592728592154205, 0.025759296146290453, 0.021243300227639275, -0.023107435170622928]
other derivatives: [ 0.00654836 -0.03865352 -0.08967618 -0.01505214  0.02680736  0.        ]
Current x array =  [-0.73387705 -0.4780459  -0.91088875  2.038703   -2.72310112  0.33647224
 -4.86352754 -1.49483974 -1.60140428 -1.68737586 -3.72276473 -3.01187302
 -3.30294209 -2.22803376 -3.41870987 -2.58219992 -2.60765309 -3.47612296]
log likelihood =  -1771.21662244
Edge derivatives =  [-0.007899544484773589, 0.005050078186818019, -0.028289184264169792, -0.01730662964376184, -0.0001080082100330601, -0.009804306808089538, -0.023117702842882303, 0.0034738123958650002, 0.015475221232879526, 0.034204945516248975, 0.021777988413535593, -0.01855898061794374]
other derivatives: [-0.03301466 -0.0163709  -0.02391971  0.00891305  0.00663931  0.        ]
Current x array =  [-0.73384131 -0.47807809 -0.91111451  2.03803374 -2.72257432  0.33647224
 -4.86579844 -1.4950432  -1.601392   -1.68742812 -3.72164362 -3.01292136
 -3.30375452 -2.22810077 -3.41903088 -2.5825913  -2.60767216 -3.47673095]
log likelihood =  -1771.21656492
Edge derivatives =  [-0.006230552968751135, 0.007144430438683902, -0.015675460985066836, -0.009725387362821886, -0.002378927727242297, -0.0014481054880347843, -0.01942444420082637, 0.005282584198592816, 0.015548879783146827, 0.028950585241523122, 0.015371442182240874, -0.016548167910270438]
other derivatives: [-0.03806235 -0.01814442  0.01700755  0.02119123 -0.0035925   0.        ]
Current x array =  [-0.73384326 -0.47806533 -0.91126432  2.03766977 -2.72229427  0.33647224
 -4.86795294 -1.4951433  -1.60164872 -1.687591   -3.72069887 -3.01376027
 -3.30435931 -2.2282028  -3.41910889 -2.58223676 -2.6073154  -3.4771391 ]
log likelihood =  -1771.21650942
Edge derivatives =  [-0.003704915363057778, 0.00986975055531511, 0.008698276017816864, 0.0036687858562950426, -0.004227661150143558, 0.010005544164063712, -0.012796714175585137, 0.00798700323694393, 0.013983230027306684, 0.012222714021043662, 0.002770480422467053, -0.012501359840734513]
other derivatives: [-0.03562945  0.06903065 -0.02805791  0.02612524 -0.01302851  0.        ]
Current x array =  [-0.73384256 -0.47819963 -0.911111    2.03748074 -2.72197231  0.33647224
 -4.87078326 -1.49514665 -1.60208107 -1.68785499 -3.71962388 -3.01483295
 -3.30543316 -2.2282567  -3.41888577 -2.58123157 -2.60656451 -3.4778962 ]
log likelihood =  -1771.21649509
Edge derivatives =  [-0.003383562636006171, 0.0035348501787326736, 0.008633065277337815, -0.00046073528365905836, -0.0008295202968652202, 0.021814665113798565, -0.00633855034461011, 0.00917416505470664, 0.005599367466721565, -0.008326627052522975, -0.011791923627091305, -0.01013574132942513]
other derivatives: [ 0.04019967 -0.07771632  0.09335963  0.01905391 -0.00263753  0.        ]
Current x array =  [-0.73395958 -0.47794774 -0.91157259  2.03768806 -2.72233525  0.33647224
 -4.87204219 -1.49497742 -1.60210728 -1.68770914 -3.72015651 -3.01567944
 -3.30673228 -2.22830632 -3.41787882 -2.58000771 -2.60571842 -3.4787194 ]
log likelihood =  -1771.2164627
Edge derivatives =  [-0.0032845379358429003, 0.004375380100492737, 0.008711093273415488, 0.0019146948037430944, -0.002254730444282954, 0.016135577315738947, -0.008332174586037286, 0.007507344337756128, 0.007903128993158863, -0.002584401844275594, -0.00577194493851825, -0.010319901582949369]
other derivatives: [ 0.02212346 -0.00252385  0.02116849  0.01020908  0.00111413  0.        ]
Current x array =  [-0.73391918 -0.47807682 -0.91130827  2.0379396  -2.7223994   0.33647224
 -4.87198446 -1.49491645 -1.6020475  -1.68775621 -3.71992188 -3.01524944
 -3.30633099 -2.22820589 -3.41810576 -2.58035444 -2.60604121 -3.47849063]
log likelihood =  -1771.2164516
Edge derivatives =  [-0.003521198792168943, 0.002243929434539882, 0.004826423956401982, -0.000234828587787006, -0.0022654194202626904, 0.014018206890508422, -0.007373267555012136, 0.005212727079462159, 0.007441775694428117, -0.0024118727012225616, -0.004041120930347614, -0.008797631244145149]
other derivatives: [ 0.01405169  0.01541594 -0.00313776  0.00281943  0.00295586  0.        ]
Current x array =  [-0.73390181 -0.4781091  -0.91121891  2.03817785 -2.72243694  0.33647224
 -4.87176637 -1.49479891 -1.60194928 -1.68770859 -3.71998585 -3.0150505
 -3.30649438 -2.22808617 -3.41797741 -2.58036676 -2.60610647 -3.47868186]
log likelihood =  -1771.21644094
Edge derivatives =  [-0.0038930675920563, -0.0020375991519613057, -0.0031636411812653586, -0.004679414694915174, -0.0018010317287327007, 0.012281852793671999, -0.004322626690128194, 0.001163232631430644, 0.0053582216387732876, -0.003911095666934386, -0.0030373809062973073, -0.005467454645776491]
other derivatives: [-0.02542038  0.01714398 -0.01566605 -0.00518412  0.00368345  0.        ]
Current x array =  [-0.73384106 -0.47811321 -0.91116857  2.03848342 -2.72246274  0.33647224
 -4.87154527 -1.49462421 -1.6017906  -1.68762656 -3.72020632 -3.01485271
 -3.30705402 -2.22789383 -3.41760085 -2.58028753 -2.60611553 -3.47920624]
log likelihood =  -1771.21644338
Edge derivatives =  [-0.004249877874214382, -0.0033955685830387994, -0.00838229480538849, -0.005120672484950156, -0.0010651607063354926, 0.010928727294343202, 0.00024042819664628345, -0.001586107689347721, 0.004174991115970909, -0.00024663614434310144, 0.0013241908757970489, -0.0006757466715212879]
other derivatives: [ 0.09003998  0.02842171 -0.02962679 -0.01421085  0.00252385  0.        ]
Current x array =  [-0.73400092 -0.47813373 -0.91112866  2.03867163 -2.72236807  0.33647224
 -4.87125784 -1.4945013  -1.60162924 -1.68757778 -3.72041841 -3.01461391
 -3.30770304 -2.22768097 -3.4172548  -2.5804162  -2.60623241 -3.479832  ]
log likelihood =  -1771.21643823
Edge derivatives =  [-0.004043005494103033, -0.0026082969425454128, -0.0053566129831151, -0.004864881068013083, -0.0014917868722089597, 0.011713234789374652, -0.0024046833487446004, 7.968529831647864e-06, 0.004861137584933381, -0.0023712223085200768, -0.001204618649282091, -0.0034535335457335295]
other derivatives: [ 0.02310117  0.02185061 -0.02148681 -0.00895852  0.00322871  0.        ]
Current x array =  [-0.73390823 -0.47812183 -0.9111518   2.03856251 -2.72242296  0.33647224
 -4.87142449 -1.49457257 -1.60172279 -1.68760606 -3.72029544 -3.01475237
 -3.30732674 -2.22780438 -3.41745544 -2.5803416  -2.60616464 -3.47946919]
      fun: 1771.216438234431
 hess_inv: <18x18 LbfgsInvHessProduct with dtype=float64>
      jac: array([ -2.31011654e-02,  -2.18506102e-02,   2.14868123e-02,
         8.95852281e-03,  -3.22870619e-03,  -0.00000000e+00,
         4.04300549e-03,   2.60829694e-03,   5.35661298e-03,
         4.86488107e-03,   1.49178687e-03,  -1.17132348e-02,
         2.40468335e-03,  -7.96852983e-06,  -4.86113758e-03,
         2.37122231e-03,   1.20461865e-03,   3.45353355e-03])
  message: 'CONVERGENCE: REL_REDUCTION_OF_F_<=_FACTR*EPSMCH'
     nfev: 58
      nit: 53
   status: 0
  success: True
        x: array([-0.73390823, -0.47812183, -0.9111518 ,  2.03856251, -2.72242296,
        0.33647224, -4.87142449, -1.49457257, -1.60172279, -1.68760606,
       -3.72029544, -3.01475237, -3.30732674, -2.22780438, -3.41745544,
       -2.5803416 , -2.60616464, -3.47946919])
number of sites to be analyzed:  489
Successfully loaded parameter value from ./test/save/HKY_YDR418W_YEL054C_nonclock_save.txt
log likelihood =  -1867.7849896
Edge derivatives =  [0.0006719776039392777, 0.007963817603461279, -0.0006250374898171401, 0.0035645995774613443, 0.0013549832813044846, -0.0017203961663285125, -0.002629451582132427, -0.00048466505170712687, 0.001266411954512263, -0.004191718793381656, -0.000448278131406743, -0.0010425777057810164]
other derivatives: [-0.00175078  0.00623004  0.00270575  0.00190994  0.00436557]
Current x array =  [-0.76176841 -0.50140009 -0.79572528  2.45957338  2.08937872 -2.98428049
 -3.5038271  -3.13857396 -3.09838128 -5.25992954 -4.80632068 -4.78706267
 -3.81193898 -5.03658157 -4.2399707  -4.18022484 -5.13135632]
log likelihood =  -1867.79816051
Edge derivatives =  [-0.0772992385032367, -0.07287339517837213, -0.06434011755112594, -0.15070246596546594, -0.013061413246086487, -0.008458033278661552, -0.007050161655547754, -0.04789727444724841, -0.024144766421413152, 0.03145648950168606, -0.027853962201812032, -0.01579740221833719]
other derivatives: [ 1.08352651 -3.16085789 -0.77786808 -0.02767138 -0.37625796]
Current x array =  [-0.76351919 -0.49517005 -0.79301953  2.46148332  2.09374429 -2.98360851
 -3.49586328 -3.139199   -3.09481668 -5.25857456 -4.80804108 -4.78969212
 -3.81242364 -5.03531516 -4.24416242 -4.18067312 -5.1323989 ]
log likelihood =  -1867.78498898
Edge derivatives =  [0.00014579850891836832, 0.007417477203010822, -0.0010553019838773076, 0.002519848838544461, 0.0012576154769382147, -0.0017653122671289247, -0.002658370258595631, -0.0008039933330848542, 0.00109473408470067, -0.003946725486167528, -0.0006326242676227278, -0.0011421301261178157]
other derivatives: [ 0.0056616  -0.0150294  -0.00256932  0.00172804  0.00172804]
Current x array =  [-0.76178034 -0.50135765 -0.79570685  2.45958639  2.08940846 -2.98427591
 -3.50377286 -3.13857822 -3.098357   -5.25992031 -4.8063324  -4.78708058
 -3.81194228 -5.03657295 -4.23999926 -4.1802279  -5.13136342]
      fun: 1867.7849889781633
 hess_inv: <17x17 LbfgsInvHessProduct with dtype=float64>
      jac: array([-0.0056616 ,  0.0150294 ,  0.00256932, -0.00172804, -0.00172804,
       -0.0001458 , -0.00741748,  0.0010553 , -0.00251985, -0.00125762,
        0.00176531,  0.00265837,  0.00080399, -0.00109473,  0.00394673,
        0.00063262,  0.00114213])
  message: 'CONVERGENCE: REL_REDUCTION_OF_F_<=_FACTR*EPSMCH'
     nfev: 3
      nit: 1
   status: 0
  success: True
        x: array([-0.76178034, -0.50135765, -0.79570685,  2.45958639,  2.08940846,
       -2.98427591, -3.50377286, -3.13857822, -3.098357  , -5.25992031,
       -4.8063324 , -4.78708058, -3.81194228, -5.03657295, -4.23999926,
       -4.1802279 , -5.13136342])
number of sites to be analyzed:  489
Successfully loaded parameter value from ./test/save/HKY_Force_YDR418W_YEL054C_nonclock_save.txt
log likelihood =  -1963.85817869
Edge derivatives =  [-0.001716904370934651, 0.003223466643649739, -0.0014318008889329104, -0.003919019768790638, 0.004400934677988204, 0.00041177592077555614, -0.0046896717647749685, -0.0006032561636846734, 0.0032460055991362924, -0.0022996679546405246, 0.004553523465364126, -0.0031607605462922704]
other derivatives: [ 0.00977707  0.0122327  -0.01282388 -0.00309228  0.        ]
Current x array =  [-0.79527452 -0.47843439 -0.80751073  2.56983746  0.33647224 -5.16225724
 -2.70913887 -2.86950121 -2.90881796 -4.86149947 -4.09785842 -4.43216745
 -3.37404362 -4.53313517 -3.74142687 -3.74511421 -4.58271939]
log likelihood =  -1963.95767112
Edge derivatives =  [-0.007400477498062745, -0.2568353419970393, -0.2791472783413836, 0.012998149108641971, -0.05928658060387515, -0.005276048156094851, -0.045615837763292255, -0.1357606918027231, -0.08970042723441665, 0.0016404610592155588, -0.14967734669637928, -0.060816814703536407]
other derivatives: [-6.21216714 -6.96932148  4.12005647  0.12621513  0.        ]
Current x array =  [-0.78549745 -0.46620168 -0.8203346   2.56674518  0.33647224 -5.16397414
 -2.7059154  -2.87093302 -2.91273698 -4.85709854 -4.09744664 -4.43685712
 -3.37464687 -4.52988917 -3.74372653 -3.74056069 -4.58588015]
log likelihood =  -1963.85817796
Edge derivatives =  [-0.0017298202832818042, 0.0025339255956499385, -0.0021573057131115403, -0.003854535886970989, 0.004232501215014018, 0.0004017901284681519, -0.004795955574280912, -0.0009546806846438688, 0.002999838270861796, -0.0022797582233778924, 0.004148454830275955, -0.003313021414996963]
other derivatives: [-0.00684395 -0.00604814 -0.0015234  -0.00268301  0.        ]
Current x array =  [-0.79524808 -0.47840132 -0.8075454   2.5698291   0.33647224 -5.16226188
 -2.70913015 -2.86950509 -2.90882856 -4.86148758 -4.09785731 -4.43218013
 -3.37404525 -4.5331264  -3.74143308 -3.7451019  -4.58272794]
      fun: 1963.8581779639646
 hess_inv: <17x17 LbfgsInvHessProduct with dtype=float64>
      jac: array([ 0.00684395,  0.00604814,  0.0015234 ,  0.00268301, -0.        ,
        0.00172982, -0.00253393,  0.00215731,  0.00385454, -0.0042325 ,
       -0.00040179,  0.00479596,  0.00095468, -0.00299984,  0.00227976,
       -0.00414845,  0.00331302])
  message: 'CONVERGENCE: REL_REDUCTION_OF_F_<=_FACTR*EPSMCH'
     nfev: 3
      nit: 1
   status: 0
  success: True
        x: array([-0.79524808, -0.47840132, -0.8075454 ,  2.5698291 ,  0.33647224,
       -5.16226188, -2.70913015, -2.86950509, -2.90882856, -4.86148758,
       -4.09785731, -4.43218013, -3.37404525, -4.5331264 , -3.74143308,
       -3.7451019 , -4.58272794])
