/home3/jxiong7/IGCexpansion/IGCexpansion/CodonGeneconv.py:276: FutureWarning: comparison to `None` will result in an elementwise object comparison in the future.
  if not x == None:
number of sites to be analyzed:  136
Successfully loaded parameter value from ./test/save/MG94_YBL087C_YER117W_nonclock_save.txt
log likelihood =  -1367.67937017
Edge derivatives =  [-0.004089470325891423, -0.0009036667180438163, 0.0025169268396181277, 0.0006801129680674978, 0.0003743486068362445, 0.0029822059123431055, 0.0019384644270534386, 0.0016897722791115455, 0.00565273430839685, -8.890839252018168e-05, 8.381509938361342e-05, 0.002628162112624177]
other derivatives: [ 0.00804903 -0.00075033 -0.00047748 -0.0001819  -0.00113687 -0.00106866]
Current x array =  [-0.71559789 -0.60173812 -0.98698798  2.13334498 -2.88183914  1.03350248
 -4.05054985 -1.5326466  -1.78428927 -1.82015731 -2.97155437 -3.02032082
 -3.55529225 -2.93813583 -5.48335052 -2.81690977 -2.94771343 -3.68481104]
log likelihood =  -1367.69746039
Edge derivatives =  [-0.009753665224770766, -0.013569436685799047, -0.07453872938213793, -0.030693038571357634, -0.024508474272899317, -0.02845500398113432, -0.020112452624517125, -0.03196470433812053, 0.0008726880284499819, -0.0066197470745508885, -0.008415800576918764, -0.022780521411499118]
other derivatives: [-4.43001227  0.41634394  0.21168489  0.12535111 -0.04731646  0.02301022]
Current x array =  [-0.70754886 -0.60248845 -0.98746547  2.13316308 -2.882976    1.03243382
 -4.05463932 -1.53355027 -1.78177235 -1.8194772  -2.97118002 -3.01733862
 -3.55335378 -2.93644606 -5.47769779 -2.81699868 -2.94762961 -3.68218288]
log likelihood =  -1367.67936987
Edge derivatives =  [-0.004113216063374867, -0.0009582268210159561, 0.002202391022378701, 0.0005491798188618502, 0.00027224399307707037, 0.0028536762410117933, 0.0018483630211365357, 0.0015521646547902168, 0.005633208671042957, -0.00011704965710732096, 4.736224282279877e-05, 0.002524743854945888]
other derivatives: [-0.00970886  0.00090949  0.00040927  0.00031832 -0.00131877 -0.00095497]
Current x array =  [-0.71556535 -0.60174115 -0.98698991  2.13334424 -2.88184373  1.03349816
 -4.05056638 -1.53265025 -1.7842791  -1.82015457 -2.97155286 -3.02030877
 -3.55528441 -2.938129   -5.48332767 -2.81691013 -2.94771309 -3.68480042]
      fun: 1367.6793698708725
 hess_inv: <18x18 LbfgsInvHessProduct with dtype=float64>
      jac: array([  9.70885594e-03,  -9.09494702e-04,  -4.09272616e-04,
        -3.18323146e-04,   1.31876732e-03,   9.54969437e-04,
         4.11321606e-03,   9.58226821e-04,  -2.20239102e-03,
        -5.49179819e-04,  -2.72243993e-04,  -2.85367624e-03,
        -1.84836302e-03,  -1.55216465e-03,  -5.63320867e-03,
         1.17049657e-04,  -4.73622428e-05,  -2.52474385e-03])
  message: 'CONVERGENCE: REL_REDUCTION_OF_F_<=_FACTR*EPSMCH'
     nfev: 3
      nit: 1
   status: 0
  success: True
        x: array([-0.71556535, -0.60174115, -0.98698991,  2.13334424, -2.88184373,
        1.03349816, -4.05056638, -1.53265025, -1.7842791 , -1.82015457,
       -2.97155286, -3.02030877, -3.55528441, -2.938129  , -5.48332767,
       -2.81691013, -2.94771309, -3.68480042])
number of sites to be analyzed:  136
Successfully loaded parameter value from ./test/save/MG94_Force_YBL087C_YER117W_nonclock_save.txt
log likelihood =  -1415.2904887
Edge derivatives =  [-0.0007676883754721376, -0.004166754124522998, -0.006815202574366422, -0.003436245807780236, 0.005883288906755397, -0.0004084858922340784, 0.0018147022618022132, 0.0016127561467544071, 0.0022825560192485, -0.004500380155436162, -7.950505235128358e-05, 0.0028636603905300706]
other derivatives: [-0.01475655  0.00136424  0.00075033  0.00331966 -0.0013415   0.        ]
Current x array =  [-0.72291412 -0.59444703 -1.0133345   2.11661083 -2.99194935  0.33647224
 -5.49727332 -1.39306719 -2.03438126 -1.75276174 -2.74714034 -2.95324805
 -3.48661427 -2.5135531  -5.03038622 -2.2714713  -2.76967984 -2.96965445]
log likelihood =  -1415.35674278
Edge derivatives =  [0.009837650723927102, 0.15552197199199363, 0.21635750440982643, 0.19714685219609612, -0.029941286860512006, 0.03790029387720517, -0.0036797187793621844, 0.010550157129813165, 0.011425837856672076, 0.13635587976177005, 0.037106935551833545, -0.014262824728044368]
other derivatives: [ 8.5043439  -0.80985956 -0.439627   -0.38369308  0.16591457  0.        ]
Current x array =  [-0.73767067 -0.59308279 -1.01258417  2.11993048 -2.99329086  0.33647224
 -5.49804101 -1.39723395 -2.04119646 -1.75619798 -2.74125705 -2.95365654
 -3.48479957 -2.51194035 -5.02810366 -2.27597168 -2.76975934 -2.96679079]
log likelihood =  -1415.29048815
Edge derivatives =  [-0.0007379401197321993, -0.003720732047146791, -0.00618759716239238, -0.0028780808470589836, 0.005776157686732852, -0.000303827195483497, 0.0017961870716914907, 0.0016312706833128132, 0.002307851480548675, -0.004107073699666203, 2.1044987843318874e-05, 0.0028101158336925475]
other derivatives: [ 0.00993623 -0.00093223 -0.00047748  0.00220552 -0.00084128  0.        ]
Current x array =  [-0.72295606 -0.59444315 -1.01333237  2.11662026 -2.99195316  0.33647224
 -5.49727551 -1.39307903 -2.03440062 -1.7527715  -2.74712362 -2.95324921
 -3.48660911 -2.51354852 -5.03037973 -2.27148409 -2.76968007 -2.96964631]
      fun: 1415.29048815273
 hess_inv: <18x18 LbfgsInvHessProduct with dtype=float64>
      jac: array([ -9.93622962e-03,   9.32232069e-04,   4.77484718e-04,
        -2.20552465e-03,   8.41282599e-04,  -0.00000000e+00,
         7.37940120e-04,   3.72073205e-03,   6.18759716e-03,
         2.87808085e-03,  -5.77615769e-03,   3.03827195e-04,
        -1.79618707e-03,  -1.63127068e-03,  -2.30785148e-03,
         4.10707370e-03,  -2.10449878e-05,  -2.81011583e-03])
  message: 'CONVERGENCE: REL_REDUCTION_OF_F_<=_FACTR*EPSMCH'
     nfev: 3
      nit: 1
   status: 0
  success: True
        x: array([-0.72295606, -0.59444315, -1.01333237,  2.11662026, -2.99195316,
        0.33647224, -5.49727551, -1.39307903, -2.03440062, -1.7527715 ,
       -2.74712362, -2.95324921, -3.48660911, -2.51354852, -5.03037973,
       -2.27148409, -2.76968007, -2.96964631])
