/home3/jxiong7/IGCexpansion/IGCexpansion/CodonGeneconv.py:277: FutureWarning: comparison to `None` will result in an elementwise object comparison in the future.
  if not x == None:
number of sites to be analyzed:  338
Successfully loaded parameter value from ./test/save/MG94_AR_GR_nonclock_save.txt
log likelihood =  -10427.8834446
Edge derivatives =  [-0.00957232361831073, 0.013714301641030047, -0.00903152179445596, 0.006994333286785448, -0.0040208494977378995, 0.006330532402540834, 0.036821310369499205, -0.03980877143748113, 0.02042361809348514, 0.0024318851340977277, -0.0034670326991261304, -0.028713450116313936, 0.026633461894815705, -0.001123151404925582, 0.013785660408966227, 0.011264235988109772, 0.016425598078484052, -0.01964390064014601, 0.008135804827628733, -0.0027046470897427177]
other derivatives: [ 0.07112249  0.00200089 -0.01546141  0.02219167  0.00709406 -0.01218723]
Current x array =  [-0.67541959 -0.7923081  -0.55423072  0.58497571 -3.05349869 -1.72682557
  0.96437059  2.50443028 -0.11525497  0.01228296 -0.03211727  0.01694805
 -0.3834888  -1.10858643 -0.66539852 -0.80893668 -2.18212396 -3.34820152
 -4.49827475 -2.78081603 -1.96350909 -1.89609857 -2.93433564 -3.62581984
 -2.46454024 -2.83449344]
log likelihood =  -10438.8746616
Edge derivatives =  [-0.9955928887550207, -4.871351683962158, -1.4590304865571508, -1.678727951571485, -1.8599676172381048, -2.4041023548067875, -3.276632801384572, -0.40773651062537264, -3.9629847637564035, -2.4342468990823085, -0.1386158680028479, -0.11983937252927276, -0.1972392286564048, -0.2292427634602927, -1.865892308543629, -1.548606018557114, -0.7587190021944025, 0.006506226261767251, -0.8421719810251024, -0.33874818850806476]
other derivatives: [-301.67066143  -10.59597707   54.33466868   -1.89174898  -13.64496711
    0.55479177]
Current x array =  [-0.6042971  -0.79030721 -0.56969213  0.60716738 -3.04640464 -1.7390128
  0.95479827  2.51814458 -0.12428649  0.01927729 -0.03613812  0.02327858
 -0.34666749 -1.1483952  -0.64497491 -0.80650479 -2.18559099 -3.37691497
 -4.47164128 -2.78193918 -1.94972343 -1.88483433 -2.91791005 -3.64546374
 -2.45640444 -2.83719809]
log likelihood =  -10427.8834409
Edge derivatives =  [-0.010108384946492577, 0.010947658497065027, -0.009762778037649245, 0.006165011705858259, -0.005005537295985185, 0.0050252623694065635, 0.034954668106759845, -0.03999638841554479, 0.018100694002987083, 0.0009814415668491505, -0.0035494116960014498, -0.02878053247821612, 0.026501371911462013, -0.0012650204753390515, 0.01268277438396348, 0.010345810155803825, 0.01597408041482956, -0.01963062563199504, 0.007635713363844734, -0.002906100546529955]
other derivatives: [-0.0854925  -0.00127329  0.0176442   0.02091838 -0.0001819  -0.01218723]
Current x array =  [-0.67537792 -0.79230693 -0.55423978  0.58498871 -3.05349454 -1.72683271
  0.96436498  2.50443831 -0.11526026  0.01228706 -0.03211962  0.01695176
 -0.38346723 -1.10860975 -0.66538656 -0.80893525 -2.18212599 -3.34821835
 -4.49825914 -2.78081669 -1.96350102 -1.89609197 -2.93432602 -3.62583135
 -2.46453548 -2.83449502]
      fun: 10427.883440887066
 hess_inv: <26x26 LbfgsInvHessProduct with dtype=float64>
      jac: array([ 0.0854925 ,  0.00127329, -0.0176442 , -0.02091838,  0.0001819 ,
        0.01218723,  0.01010838, -0.01094766,  0.00976278, -0.00616501,
        0.00500554, -0.00502526, -0.03495467,  0.03999639, -0.01810069,
       -0.00098144,  0.00354941,  0.02878053, -0.02650137,  0.00126502,
       -0.01268277, -0.01034581, -0.01597408,  0.01963063, -0.00763571,
        0.0029061 ])
  message: 'CONVERGENCE: REL_REDUCTION_OF_F_<=_FACTR*EPSMCH'
     nfev: 3
      nit: 1
   status: 0
  success: True
        x: array([-0.67537792, -0.79230693, -0.55423978,  0.58498871, -3.05349454,
       -1.72683271,  0.96436498,  2.50443831, -0.11526026,  0.01228706,
       -0.03211962,  0.01695176, -0.38346723, -1.10860975, -0.66538656,
       -0.80893525, -2.18212599, -3.34821835, -4.49825914, -2.78081669,
       -1.96350102, -1.89609197, -2.93432602, -3.62583135, -2.46453548,
       -2.83449502])
number of sites to be analyzed:  338
Successfully loaded parameter value from ./test/save/MG94_Force_AR_GR_nonclock_save.txt
log likelihood =  -10460.1358419
Edge derivatives =  [0.008249816700642065, 0.003226593289436308, -0.010438547373163937, -0.028546742699253613, -0.006972071803557245, -0.00460901836850236, 0.013853772095229866, 0.025554236139343905, 0.008651933436272907, 0.011334486776032882, 0.014337746332204129, -0.016315804908820748, -0.01637176497055405, -0.0014932348683052155, -0.001458866227346034, -0.02728278893349656, -0.004563447909153834, -0.008008826701744867, 0.013159242800988534, 0.003277659122716936]
other derivatives: [ 0.07312337 -0.00127329  0.0003638   0.02110028 -0.0007276   0.        ]
Current x array =  [-0.67921378 -0.79365336 -0.5520579   0.5808907  -3.08213301  0.33647224
  0.86413084  2.55098467 -0.06679679  0.11037036  0.06260679  0.10643354
 -0.29296127 -1.0766972  -0.57761873 -0.7706805  -2.12450608 -3.2761625
 -4.46913749 -2.7072546  -1.90913071 -1.83322395 -2.86814554 -3.57773096
 -2.40311922 -2.76762334]
log likelihood =  -10471.5417842
Edge derivatives =  [-1.5242286063169193, -2.37387473855982, -0.5940883033320663, 0.35594221093508316, -0.7644616811062515, -0.928844384213431, -2.2715989166341917, -1.4000207109138811, -2.679001905338871, -2.509874118714028, -0.9331507569691889, -0.37250885253727933, -0.05287853074958812, -0.2443158287236612, -0.6476112183611292, 1.0146748956737905, -0.16611833091946726, -0.1097940581643447, -1.07992051788058, -0.47489680876761375]
other derivatives: [-321.01997931   -3.99813871    5.38784661   -3.48063622   -7.38618837
    0.        ]
Current x array =  [-0.6060904  -0.79492665 -0.5516941   0.60199098 -3.0828606   0.33647224
  0.87238065  2.55421126 -0.07723533  0.08182361  0.05563472  0.10182452
 -0.2791075  -1.05114296 -0.5689668  -0.75934601 -2.11016833 -3.2924783
 -4.48550925 -2.70874784 -1.91058957 -1.86050674 -2.87270899 -3.58573979
 -2.38995998 -2.76434568]
log likelihood =  -10460.1358396
Edge derivatives =  [0.007617014656160381, 0.0022264304321629735, -0.01062414612044743, -0.028275162052653124, -0.0072602057707788215, -0.00497051861816819, 0.012836436246554728, 0.02494374421994, 0.007426243261989818, 0.010184645905156942, 0.013909349805707419, -0.016487457081470095, -0.01639160669737144, -0.0016088492660181197, -0.0017682836201740049, -0.02683678071978457, -0.00464275838442145, -0.0080580928854804, 0.012668694376424525, 0.003056767085723111]
other derivatives: [-0.05566108 -0.00163709  0.00291038  0.02237357 -0.00618456  0.        ]
Current x array =  [-0.67918148 -0.79365392 -0.55205774  0.58090002 -3.08213333  0.33647224
  0.86413448  2.55098609 -0.0668014   0.11035775  0.06260371  0.1064315
 -0.29295515 -1.07668591 -0.57761491 -0.77067549 -2.12449975 -3.2761697
 -4.46914472 -2.70725526 -1.90913135 -1.833236   -2.86814756 -3.5777345
 -2.40311341 -2.76762189]
      fun: 10460.135839629984
 hess_inv: <26x26 LbfgsInvHessProduct with dtype=float64>
      jac: array([ 0.05566108,  0.00163709, -0.00291038, -0.02237357,  0.00618456,
       -0.        , -0.00761701, -0.00222643,  0.01062415,  0.02827516,
        0.00726021,  0.00497052, -0.01283644, -0.02494374, -0.00742624,
       -0.01018465, -0.01390935,  0.01648746,  0.01639161,  0.00160885,
        0.00176828,  0.02683678,  0.00464276,  0.00805809, -0.01266869,
       -0.00305677])
  message: 'CONVERGENCE: REL_REDUCTION_OF_F_<=_FACTR*EPSMCH'
     nfev: 3
      nit: 1
   status: 0
  success: True
        x: array([-0.67918148, -0.79365392, -0.55205774,  0.58090002, -3.08213333,
        0.33647224,  0.86413448,  2.55098609, -0.0668014 ,  0.11035775,
        0.06260371,  0.1064315 , -0.29295515, -1.07668591, -0.57761491,
       -0.77067549, -2.12449975, -3.2761697 , -4.46914472, -2.70725526,
       -1.90913135, -1.833236  , -2.86814756, -3.5777345 , -2.40311341,
       -2.76762189])
