/home3/jxiong7/IGCexpansion/IGCexpansion/CodonGeneconv.py:277: FutureWarning: comparison to `None` will result in an elementwise object comparison in the future.
  if not x == None:
number of sites to be analyzed:  338
Successfully loaded parameter value from ./test/save/MG94_AR_GR_nonclock_save.txt
log likelihood =  -10427.8834651
Edge derivatives =  [-0.014571567848521427, 0.0159266506540805, -0.011113830354568643, 0.0062073834607100364, -0.006562625032293823, 0.005410822974243834, 0.040766715234715534, -0.041249892731912985, 0.023674262004180546, 0.0040026953229656825, -0.004561043017235372, -0.029108961999676608, 0.0269245329481463, -0.0011713831632576, 0.016723956459995915, 0.01356661712347218, 0.01761699759557306, -0.020104266802950993, 0.009133830224314361, -0.0025741071729559195]
other derivatives: [ 0.05802576 -0.00818545 -0.02273737  0.0512955  -0.00109139 -0.01164153]
Current x array =  [-0.67541666 -0.79230266 -0.55423061  0.58487525 -3.05350035 -1.7267974
  0.96440085  2.50439476 -0.1152299   0.01226781 -0.03210323  0.01693499
 -0.38358183 -1.10848936 -0.66545063 -0.80894388 -2.18211371 -3.34813252
 -4.4983384  -2.78081311 -1.96354569 -1.89612831 -2.93437628 -3.62577233
 -2.46456075 -2.83448701]
log likelihood =  -10436.0299701
Edge derivatives =  [1.5639659694872505, -2.108649682856095, -0.20195461906909315, -0.49828713361509447, -0.32628519241650633, -0.8954041387224105, -2.4846448015665894, 0.019992571703129375, -3.468190655827887, -2.041125319702108, -0.04315539596967795, -0.09191704638498094, -0.19816324009391173, -0.21821628192819398, -2.060094113131163, -1.6446261735881396, -0.7637831592226224, -0.014834703084142295, -0.8736568225706622, -0.3204270968595171]
other derivatives: [-237.23696359   10.83608367   78.1392373   -13.50799721   -2.68319127
    0.38089638]
Current x array =  [-0.61739089 -0.80048811 -0.57696798  0.63617075 -3.05459175 -1.73843893
  0.94982928  2.52032141 -0.12634373  0.01847519 -0.03866586  0.02234581
 -0.34281512 -1.14973925 -0.64177636 -0.80494118 -2.18667475 -3.37724148
 -4.47141387 -2.7819845  -1.94682173 -1.88256169 -2.91675928 -3.64587659
 -2.45542692 -2.83706111]
log likelihood =  -10427.8834586
Edge derivatives =  [-0.013086318076720782, 0.014140267928887784, -0.011122436415729464, 0.005959369737629228, -0.006701979978054051, 0.004748379796807006, 0.03860878827229963, -0.041149940053475664, 0.02058442850521658, 0.0021403392027109502, -0.004591478626382123, -0.029180569872421784, 0.02672514654189939, -0.0013727486180289405, 0.014889715677612991, 0.012096968184006518, 0.016929671111760816, -0.020099306061735822, 0.008353165570734837, -0.002858798759388881]
other derivatives: [-0.13460522  0.00200089  0.0509317   0.03692548 -0.00145519 -0.01164153]
Current x array =  [-0.67536496 -0.79230995 -0.55425087  0.58492095 -3.05350132 -1.72680777
  0.96438787  2.50440894 -0.1152398   0.01227334 -0.03210908  0.01693981
 -0.38354552 -1.10852611 -0.66542953 -0.80894031 -2.18211777 -3.34815845
 -4.49831442 -2.78081416 -1.96353079 -1.89611622 -2.93436058 -3.62579024
 -2.46455261 -2.8344893 ]
      fun: 10427.883458596094
 hess_inv: <26x26 LbfgsInvHessProduct with dtype=float64>
      jac: array([ 0.13460522, -0.00200089, -0.0509317 , -0.03692548,  0.00145519,
        0.01164153,  0.01308632, -0.01414027,  0.01112244, -0.00595937,
        0.00670198, -0.00474838, -0.03860879,  0.04114994, -0.02058443,
       -0.00214034,  0.00459148,  0.02918057, -0.02672515,  0.00137275,
       -0.01488972, -0.01209697, -0.01692967,  0.02009931, -0.00835317,
        0.0028588 ])
  message: 'CONVERGENCE: REL_REDUCTION_OF_F_<=_FACTR*EPSMCH'
     nfev: 3
      nit: 1
   status: 0
  success: True
        x: array([-0.67536496, -0.79230995, -0.55425087,  0.58492095, -3.05350132,
       -1.72680777,  0.96438787,  2.50440894, -0.1152398 ,  0.01227334,
       -0.03210908,  0.01693981, -0.38354552, -1.10852611, -0.66542953,
       -0.80894031, -2.18211777, -3.34815845, -4.49831442, -2.78081416,
       -1.96353079, -1.89611622, -2.93436058, -3.62579024, -2.46455261,
       -2.8344893 ])
Traceback (most recent call last):
  File "Run_rebuild_Thornton_AR_GR.py", line 30, in <module>
    MG94_tau.site_reconstruction()
  File "/home3/jxiong7/IGCexpansion/IGCexpansion/CodonGeneconv.py", line 1828, in site_reconstruction
    np.savetxt(open('./test/Ancestral_reconstruction/parameters/' + 'tau_' + self.paralog[0] + '_' + self.paralog[1] + '_' +model +'.txt','w+'), b)
  File "/usr/local/lib/python2.7/dist-packages/numpy/lib/npyio.py", line 1175, in savetxt
    ncol = X.shape[1]
IndexError: tuple index out of range
