/home3/jxiong7/IGCexpansion/IGCexpansion/CodonGeneconv.py:276: FutureWarning: comparison to `None` will result in an elementwise object comparison in the future.
  if not x == None:
number of sites to be analyzed:  159
Successfully loaded parameter value from ./test/save/MG94_YBR191W_YPL079W_nonclock_save.txt
log likelihood =  -1467.29433207
Edge derivatives =  [-0.0004490742376911938, 0.0005423878362381118, -0.0016560503692507333, 0.00017414265946685825, 0.0005351605970679192, -0.00014078133003823587, -0.0007819629645305134, 3.6567954718402795e-05, 0.0017700971656071374, -0.00020544639491706929, -0.0012982256701101758, 0.0017646221470113618]
other derivatives: [ 0.00520686 -0.0003638  -0.00011369 -0.00013642  0.00165983 -0.00011369]
Current x array =  [-0.7082565  -0.49454907 -0.86377484  2.10000584 -2.37741877  1.3433222
 -3.33686276 -2.12631914 -1.98100189 -2.28171716 -3.57856241 -4.08416135
 -3.87624336 -2.62660623 -3.99920917 -2.89910293 -4.07759117 -3.95398683]
log likelihood =  -1467.30286992
Edge derivatives =  [-0.0003307209191840757, -0.025597607577909146, -0.008374524999011257, -0.03419272981973073, -0.012025453868816233, -0.005249373876796869, -0.005477076914637476, -0.02252581777187357, -0.008365618630203069, -0.01099168714376933, -0.0007103615273858777, -0.012080483801702568]
other derivatives: [-3.24412213  0.24915607  0.05602487  0.05918537 -0.07330527  0.01141416]
Current x array =  [-0.70304965 -0.49491287 -0.86388853  2.09986941 -2.37575894  1.34320851
 -3.33731183 -2.12577675 -1.98265794 -2.28154302 -3.57802725 -4.08430213
 -3.87702533 -2.62656967 -3.99743907 -2.89930837 -4.0788894  -3.95222221]
log likelihood =  -1467.29433201
Edge derivatives =  [-0.00044930318755619786, 0.00047743024646865195, -0.0016733470267776274, 8.88379524267846e-05, 0.0005040034148305096, -0.00015356900582488148, -0.0007937237263124387, -1.963470214283447e-05, 0.001744925365189158, -0.00023256327148278577, -0.001296905980049709, 0.0017302707193328562]
other derivatives: [ -2.75122147e-03   2.72848411e-04   4.54747351e-05   0.00000000e+00
   1.47792889e-03  -9.09494702e-05]
Current x array =  [-0.70824367 -0.49454997 -0.86377512  2.1000055  -2.37741467  1.34332192
 -3.33686386 -2.1263178  -1.98100598 -2.28171673 -3.57856109 -4.0841617
 -3.87624529 -2.62660614 -3.9992048  -2.89910343 -4.07759437 -3.95398248]
      fun: 1467.2943320141126
 hess_inv: <18x18 LbfgsInvHessProduct with dtype=float64>
      jac: array([  2.75122147e-03,  -2.72848411e-04,  -4.54747351e-05,
        -0.00000000e+00,  -1.47792889e-03,   9.09494702e-05,
         4.49303188e-04,  -4.77430246e-04,   1.67334703e-03,
        -8.88379524e-05,  -5.04003415e-04,   1.53569006e-04,
         7.93723726e-04,   1.96347021e-05,  -1.74492537e-03,
         2.32563271e-04,   1.29690598e-03,  -1.73027072e-03])
  message: 'CONVERGENCE: REL_REDUCTION_OF_F_<=_FACTR*EPSMCH'
     nfev: 3
      nit: 1
   status: 0
  success: True
        x: array([-0.70824367, -0.49454997, -0.86377512,  2.1000055 , -2.37741467,
        1.34332192, -3.33686386, -2.1263178 , -1.98100598, -2.28171673,
       -3.57856109, -4.0841617 , -3.87624529, -2.62660614, -3.9992048 ,
       -2.89910343, -4.07759437, -3.95398248])
number of sites to be analyzed:  159
Successfully loaded parameter value from ./test/save/MG94_Force_YBR191W_YPL079W_nonclock_save.txt
log likelihood =  -1533.39662762
Edge derivatives =  [-7.215010142257888e-05, -0.004944058590134942, 0.007488029879653024, 0.00525323523328125, -0.00013648761241401297, -0.00018758261589202352, -0.0032127888998655027, 0.0002384491598532712, 0.001281584241545397, -0.0021477369848497962, -0.0006593361707997181, -0.001521043524645764]
other derivatives: [ 0.00859472 -0.00707132 -0.00011369 -0.0018872   0.00150067  0.        ]
Current x array =  [-0.72684294 -0.46919557 -0.87869491  2.04132838 -2.59697916  0.33647224
 -7.19111274 -1.94600486 -1.91126095 -1.97971478 -3.38475882 -3.43703059
 -3.48887083 -2.31283817 -3.84002463 -2.58932494 -3.43541362 -3.88979124]
log likelihood =  -1533.43713343
Edge derivatives =  [-0.0008536288376254104, 0.05363794389154891, -0.28081238084804117, -0.19669218673326644, 0.0065354705237533894, -0.018437052196909984, 0.013875994893365183, -0.03413350962578343, -0.006196184171592484, 0.01894058763070411, -0.0031208101670172073, 0.00529834790874522]
other derivatives: [-5.82249413  3.85323347  0.15118076  0.1739636  -0.12771579  0.        ]
Current x array =  [-0.71824822 -0.47626689 -0.8788086   2.03944118 -2.59547849  0.33647224
 -7.19118489 -1.95094892 -1.90377292 -1.97446154 -3.3848953  -3.43721817
 -3.49208362 -2.31259972 -3.83874304 -2.59147268 -3.43607296 -3.89131229]
log likelihood =  -1533.39662721
Edge derivatives =  [-7.469087550384117e-05, -0.00476101591079961, 0.006577084202324501, 0.004612658040776596, -0.00011647155448603341, -0.0002463320044659295, -0.0031599088516834767, 0.00012712997920882874, 0.00125737740727256, -0.0020835233306704948, -0.0006682245773892564, -0.0015000592169472707]
other derivatives: [-0.00959517  0.00527507  0.0003638  -0.00136424  0.00109139  0.        ]
Current x array =  [-0.7268158  -0.4692179  -0.87869527  2.04132242 -2.59697442  0.33647224
 -7.19111297 -1.94602047 -1.9112373  -1.97969819 -3.38475925 -3.43703118
 -3.48888098 -2.31283742 -3.84002058 -2.58933172 -3.4354157  -3.88979605]
      fun: 1533.39662720974
 hess_inv: <18x18 LbfgsInvHessProduct with dtype=float64>
      jac: array([  9.59516910e-03,  -5.27506927e-03,  -3.63797881e-04,
         1.36424205e-03,  -1.09139364e-03,  -0.00000000e+00,
         7.46908755e-05,   4.76101591e-03,  -6.57708420e-03,
        -4.61265804e-03,   1.16471554e-04,   2.46332004e-04,
         3.15990885e-03,  -1.27129979e-04,  -1.25737741e-03,
         2.08352333e-03,   6.68224577e-04,   1.50005922e-03])
  message: 'CONVERGENCE: REL_REDUCTION_OF_F_<=_FACTR*EPSMCH'
     nfev: 3
      nit: 1
   status: 0
  success: True
        x: array([-0.7268158 , -0.4692179 , -0.87869527,  2.04132242, -2.59697442,
        0.33647224, -7.19111297, -1.94602047, -1.9112373 , -1.97969819,
       -3.38475925, -3.43703118, -3.48888098, -2.31283742, -3.84002058,
       -2.58933172, -3.4354157 , -3.88979605])
