/home3/jxiong7/IGCexpansion/IGCexpansion/CodonGeneconv.py:277: FutureWarning: comparison to `None` will result in an elementwise object comparison in the future.
  if not x == None:
number of sites to be analyzed:  118
Successfully loaded parameter value from ./test/save/MG94_YER131W_YGL189C_nonclock_save.txt
log likelihood =  -1205.18473343
Edge derivatives =  [-0.001045678279784884, -0.0024672746461924244, 0.0022728533631160286, 0.0032985040432404467, -0.004731190810064428, 0.0007580473408568961, -0.002015698938911445, -0.0006026871921828714, 0.002151448496092733, -0.0013135541890470503, -0.0019398611818207262, 0.0005539113245395799]
other derivatives: [ -5.93445293e-03   5.91171556e-04   6.82121026e-05   9.09494702e-05
   2.27373675e-03  -2.09183781e-03]
Current x array =  [-0.67031724 -0.44090897 -0.70874179  1.88822974 -2.905318    0.30599557
 -3.11572331 -2.17114241 -2.01498616 -1.7071149  -3.35030881 -2.83682146
 -3.36282854 -3.08218647 -4.55399578 -2.74948118 -2.94790691 -3.22912665]
log likelihood =  -1205.19422816
Edge derivatives =  [-0.002984322550986719, 0.03042921077597839, -0.002650132603340627, -0.02489613472171931, 0.01836960251508317, 0.02946738113702127, 0.023749201997728217, 0.020902688706569875, 0.0026053039910586863, 0.04333588830311533, 0.03410229461254209, 0.01571971798774456]
other derivatives: [  3.08968993e+00  -3.65594133e-01  -3.63797881e-04  -4.91809260e-02
  -1.33923095e-02   2.89219315e-02]
Current x array =  [-0.67625169 -0.4403178  -0.70867358  1.88832069 -2.90304426  0.30390373
 -3.11676898 -2.17360968 -2.01271331 -1.7038164  -3.35504    -2.83606342
 -3.36484424 -3.08278916 -4.55184433 -2.75079474 -2.94984677 -3.22857274]
log likelihood =  -1205.18473314
Edge derivatives =  [-0.0010579571849262392, -0.002287048738499317, 0.0022433224601673962, 0.0031406933757556765, -0.004604496040050282, 0.0009146339646802087, -0.0018746471754253063, -0.00048551975380910217, 0.00215362748266296, -0.0010692475850567207, -0.0017428584412931825, 0.0006365453469918958]
other derivatives: [ 0.01130047 -0.00136424  0.00013642 -0.00015916  0.00220552 -0.0018872 ]
Current x array =  [-0.67034987 -0.44090572 -0.70874142  1.88823024 -2.9053055   0.30598407
 -3.11572905 -2.17115597 -2.01497366 -1.70709677 -3.35033482 -2.8368173
 -3.36283962 -3.08218978 -4.55398395 -2.74948841 -2.94791758 -3.22912361]
      fun: 1205.1847331376437
 hess_inv: <18x18 LbfgsInvHessProduct with dtype=float64>
      jac: array([-0.01130047,  0.00136424, -0.00013642,  0.00015916, -0.00220552,
        0.0018872 ,  0.00105796,  0.00228705, -0.00224332, -0.00314069,
        0.0046045 , -0.00091463,  0.00187465,  0.00048552, -0.00215363,
        0.00106925,  0.00174286, -0.00063655])
  message: 'CONVERGENCE: REL_REDUCTION_OF_F_<=_FACTR*EPSMCH'
     nfev: 3
      nit: 1
   status: 0
  success: True
        x: array([-0.67034987, -0.44090572, -0.70874142,  1.88823024, -2.9053055 ,
        0.30598407, -3.11572905, -2.17115597, -2.01497366, -1.70709677,
       -3.35033482, -2.8368173 , -3.36283962, -3.08218978, -4.55398395,
       -2.74948841, -2.94791758, -3.22912361])
Traceback (most recent call last):
  File "Run_rebuild.py", line 52, in <module>
    main(parser.parse_args())
  File "Run_rebuild.py", line 14, in main
    MG94_tau.site_reconstruction()
  File "/home3/jxiong7/IGCexpansion/IGCexpansion/CodonGeneconv.py", line 1828, in site_reconstruction
    np.savetxt(open('./test/Ancestral_reconstruction/parameters/' + 'tau_' + self.paralog[0] + '_' + self.paralog[1] + '_' +model +'.txt','w+'), b)
  File "/usr/local/lib/python2.7/dist-packages/numpy/lib/npyio.py", line 1175, in savetxt
    ncol = X.shape[1]
IndexError: tuple index out of range
