/home3/jxiong7/IGCexpansion/IGCexpansion/CodonGeneconv.py:277: FutureWarning: comparison to `None` will result in an elementwise object comparison in the future.
  if not x == None:
number of sites to be analyzed:  299
Successfully loaded parameter value from ./test/save/MG94_ARa_ERa_nonclock_save.txt
log likelihood =  -10816.6791889
Edge derivatives =  [-0.03515085618609182, -0.01558479170496102, 0.019153685571631628, 0.014253447280476172, -0.03421816014851592, 0.019136568812364307, -0.0020505977755269703, -0.008186604927256319, -0.00746838478165851, 0.007937449877392921, 0.0013516736705457277, 0.0033838362091753726, -0.008666046058394328, -0.008926205712082365, 0.002261400063928831, -0.003552681629172329, 0.014302516516846692, 0.010218398761022492, -0.015815163451821546, -0.013712795482003326, -0.01810882731264407, 0.007341972454961182, -0.006966964589925434, 0.009836651683321443, -0.002471538471829661, 0.014955894511758938]
other derivatives: [ 0.00873115  0.02946763  0.05820766  0.01346052  0.04110916 -0.02237357]
Current x array =  [-0.69641866 -0.83342057 -0.5478908   0.72574255 -3.10352086 -2.3809248
  2.07343923  1.62348544 -0.13631187  0.05740553 -1.49687216 -0.46233698
 -0.29849198 -1.33699403 -1.28047863 -1.14165624 -2.2645348  -2.1294248
 -0.80646913 -0.93117019 -0.9315999  -2.90544971 -1.95054171 -4.41823887
 -2.28183922 -2.22271252 -1.36239152 -2.18232459 -3.61807258 -2.70750446
 -2.97408729 -2.85697101]
log likelihood =  -10824.6614096
Edge derivatives =  [-3.9163874812458435, -1.9584752763317321, -2.84586962348229, -3.4227680012303257, -0.26527113859746637, -2.1183123970610627, -1.9764908363941192, -0.5986827253627882, 0.23691825496579122, -0.2557388754447112, -0.3289985862873146, -0.30916706001258953, 0.40323542965545445, -0.024466415462903825, -0.1859879270273075, 0.1543823475627125, -0.9574353101094197, -0.04866683661818208, 0.8472739543178681, 0.807071022255821, 0.9225551786718447, 0.03184714277008294, 0.08587782448936851, -0.1473574030238599, 0.06465178845573899, -0.2639762394373203]
other derivatives: [ -4.31809895e+01  -5.50127879e+01  -2.33761239e+02   2.79396772e+00
  -2.32927050e+01  -1.42972567e-01]
Current x array =  [-0.68768751 -0.80395294 -0.48968314  0.73920307 -3.0624117  -2.40329837
  2.03828837  1.60790065 -0.11715819  0.07165898 -1.53109032 -0.44320041
 -0.30054258 -1.34518064 -1.28794702 -1.13371879 -2.26318312 -2.12604096
 -0.81513518 -0.94009639 -0.9293385  -2.90900239 -1.93623919 -4.40802048
 -2.29765438 -2.23642532 -1.38050035 -2.17498262 -3.62503954 -2.69766781
 -2.97655883 -2.84201512]
log likelihood =  -10816.6791877
Edge derivatives =  [-0.03772080505369302, -0.016922099219189995, 0.01712314134307523, 0.011805248773870874, -0.034282506207521976, 0.01778706749098309, -0.003259567777533355, -0.00852682201767643, -0.00709799325843391, 0.007900830154589866, 0.0011665929415265869, 0.003223100757331343, -0.00810508523943515, -0.008702910771942678, 0.00234491446999352, -0.0033952862677824047, 0.01363245594103743, 0.010180757195389325, -0.015062760738600967, -0.012990567185848456, -0.017173446848043006, 0.007421706385979707, -0.0068775105429938616, 0.009755162085322178, -0.002382053875002829, 0.014773999725164688]
other derivatives: [-0.07385097 -0.04256435 -0.14570105 -0.00800355  0.00291038 -0.02255547]
Current x array =  [-0.69641176 -0.83339727 -0.54784479  0.72575319 -3.10348836 -2.38094249
  2.07341144  1.62347312 -0.13629673  0.0574168  -1.49689921 -0.46232185
 -0.29849361 -1.3370005  -1.28048454 -1.14164996 -2.26453373 -2.12942212
 -0.80647598 -0.93117724 -0.93159811 -2.90545252 -1.9505304  -4.4182308
 -2.28185172 -2.22272336 -1.36240584 -2.18231879 -3.61807809 -2.70749668
 -2.97408924 -2.85695919]
      fun: 10816.679187747028
 hess_inv: <32x32 LbfgsInvHessProduct with dtype=float64>
      jac: array([ 0.07385097,  0.04256435,  0.14570105,  0.00800355, -0.00291038,
        0.02255547,  0.03772081,  0.0169221 , -0.01712314, -0.01180525,
        0.03428251, -0.01778707,  0.00325957,  0.00852682,  0.00709799,
       -0.00790083, -0.00116659, -0.0032231 ,  0.00810509,  0.00870291,
       -0.00234491,  0.00339529, -0.01363246, -0.01018076,  0.01506276,
        0.01299057,  0.01717345, -0.00742171,  0.00687751, -0.00975516,
        0.00238205, -0.014774  ])
  message: 'CONVERGENCE: REL_REDUCTION_OF_F_<=_FACTR*EPSMCH'
     nfev: 3
      nit: 1
   status: 0
  success: True
        x: array([-0.69641176, -0.83339727, -0.54784479,  0.72575319, -3.10348836,
       -2.38094249,  2.07341144,  1.62347312, -0.13629673,  0.0574168 ,
       -1.49689921, -0.46232185, -0.29849361, -1.3370005 , -1.28048454,
       -1.14164996, -2.26453373, -2.12942212, -0.80647598, -0.93117724,
       -0.93159811, -2.90545252, -1.9505304 , -4.4182308 , -2.28185172,
       -2.22272336, -1.36240584, -2.18231879, -3.61807809, -2.70749668,
       -2.97408924, -2.85695919])
Traceback (most recent call last):
  File "Run_rebuild_Thornton_ARa_ERa.py", line 19, in <module>
    MG94_tau.site_reconstruction()
  File "/home3/jxiong7/IGCexpansion/IGCexpansion/CodonGeneconv.py", line 1828, in site_reconstruction
    np.savetxt(open('./test/Ancestral_reconstruction/parameters/' + 'tau_' + self.paralog[0] + '_' + self.paralog[1] + '_' +model +'.txt','w+'), b)
  File "/usr/local/lib/python2.7/dist-packages/numpy/lib/npyio.py", line 1175, in savetxt
    ncol = X.shape[1]
IndexError: tuple index out of range
