/home3/jxiong7/IGCexpansion/IGCexpansion/CodonGeneconv.py:275: FutureWarning: comparison to `None` will result in an elementwise object comparison in the future.
  if not x == None:
number of sites to be analyzed:  197
Successfully loaded parameter value from ./test/save/MG94_YNL069C_YIL133C_nonclock_save.txt
log likelihood =  -2322.82896647
Edge derivatives =  [0.0007287545324930755, -0.0027811749094708293, -0.005438438923015154, 0.0016844714524441584, -0.005518579974238276, 0.005134186475512753, 0.0015707360568907053, -0.001873327942548908, -0.0017299638837289175, -0.0017490955803888403, -0.005970193269743143, -0.0015248470288348887]
other derivatives: [-0.00641194 -0.00986802 -0.0050477  -0.00363798  0.00982254  0.00204636]
Current x array =  [-0.72547185 -0.53823034 -0.93560718  1.69250342 -1.75725329  0.38120746
 -2.15301666 -2.03030947 -1.72000602 -1.62483209 -3.68376747 -2.55267502
 -5.1777566  -2.50659194 -3.8459274  -2.72111661 -3.21308036 -4.57594484]
log likelihood =  -2322.88159239
Edge derivatives =  [0.11667015499215164, 0.0620064333654891, 0.2217254789528491, -0.030646102835134303, 1.3405616533797293e-05, -0.09445321756799954, 0.009685792582862845, 0.07148750367390336, 0.03427312571415027, 0.06839669310138019, 0.11617013594745873, 0.019724348245090534]
other derivatives: [ 4.90244929  5.79029802  1.50248525  0.09076757 -0.57420948 -0.08058123]
Current x array =  [-0.73188379 -0.54809836 -0.94065488  1.68886544 -1.74743075  0.38325382
 -2.1522879  -2.03309064 -1.72544446 -1.62314761 -3.68928605 -2.54754084
 -5.17618586 -2.50846527 -3.84765737 -2.7228657  -3.21905055 -4.57746969]
log likelihood =  -2322.82896562
Edge derivatives =  [0.0011990800453498818, -0.002516283576609407, -0.004519797105500434, 0.0015711412430998162, -0.005494213080316342, 0.004747505585284445, 0.0016035793473322176, -0.0015743005554769707, -0.0015844464647624054, -0.0014640296227973193, -0.005479590852259422, -0.0014394288344755958]
other derivatives: [ 0.0133241   0.0136879   0.00090949 -0.00327418  0.00754881  0.00163709]
Current x array =  [-0.7254973  -0.53826951 -0.93562722  1.69248898 -1.7572143   0.38121558
 -2.15301377 -2.03032051 -1.72002761 -1.6248254  -3.68378938 -2.55265465
 -5.17775036 -2.50659937 -3.84593427 -2.72112355 -3.21310406 -4.57595089]
      fun: 2322.8289656237257
 hess_inv: <18x18 LbfgsInvHessProduct with dtype=float64>
      jac: array([-0.0133241 , -0.0136879 , -0.00090949,  0.00327418, -0.00754881,
       -0.00163709, -0.00119908,  0.00251628,  0.0045198 , -0.00157114,
        0.00549421, -0.00474751, -0.00160358,  0.0015743 ,  0.00158445,
        0.00146403,  0.00547959,  0.00143943])
  message: 'CONVERGENCE: REL_REDUCTION_OF_F_<=_FACTR*EPSMCH'
     nfev: 3
      nit: 1
   status: 0
  success: True
        x: array([-0.7254973 , -0.53826951, -0.93562722,  1.69248898, -1.7572143 ,
        0.38121558, -2.15301377, -2.03032051, -1.72002761, -1.6248254 ,
       -3.68378938, -2.55265465, -5.17775036, -2.50659937, -3.84593427,
       -2.72112355, -3.21310406, -4.57595089])
number of sites to be analyzed:  197
Successfully loaded parameter value from ./test/save/MG94_Force_YNL069C_YIL133C_nonclock_save.txt
log likelihood =  -2381.4362104
Edge derivatives =  [0.0043246882132513265, -0.0038216874672273027, 0.0031031463246399826, -0.0042653032991270545, 0.002463058987587932, -0.000609882287349317, 0.0003489613952197459, 0.0004968150537812688, -0.0003339071426430931, 0.004972969941730632, 0.009799062951745402, -0.011022460464045578]
other derivatives: [ 0.04556568  0.02269189  0.01455192 -0.01496119  0.01132321  0.        ]
Current x array =  [-0.73940204 -0.52973282 -0.95695149  1.53582517 -1.87971048  0.33647224
 -3.54368165 -1.46805723 -1.70904595 -1.41674394 -3.47431821 -2.19993103
 -4.91217056 -2.32339155 -3.59248261 -2.44856589 -2.92914471 -4.23460049]
log likelihood =  -2382.59422212
Edge derivatives =  [-0.16721317016356319, -0.49319485696323306, -1.0769651035291918, -0.7728739499164984, -0.12495964268300466, -0.4851296574873778, -0.01733157111549706, -0.38408238329853084, -0.19314107166179795, -0.5849466300743593, -0.4039522716717818, -0.042443058239954236]
other derivatives: [-42.30228114 -15.28001121  -2.70074452   2.44253897  -1.23668542   0.        ]
Current x array =  [-0.69383636 -0.50704092 -0.94239957  1.52086398 -1.86838728  0.33647224
 -3.53935696 -1.47187892 -1.7059428  -1.42100925 -3.47185515 -2.20054091
 -4.9118216  -2.32289473 -3.59281652 -2.44359292 -2.91934565 -4.24562295]
log likelihood =  -2381.43620771
Edge derivatives =  [0.0040618005010436345, -0.00455214930778064, 0.0014827412639119575, -0.005429491193208513, 0.002274544361813638, -0.0013512024043177417, 0.0003205673031811424, -8.488173033893709e-05, -0.0006226011449263769, 0.004080372460415593, 0.00917850465407409, -0.011072026271848289]
other derivatives: [-0.01491571  0.0007276   0.01041371 -0.01136868  0.0093678   0.        ]
Current x array =  [-0.73933254 -0.52969821 -0.95692929  1.53580235 -1.87969321  0.33647224
 -3.54367505 -1.46806306 -1.70904121 -1.41675045 -3.47431445 -2.19993196
 -4.91217003 -2.32339079 -3.59248312 -2.4485583  -2.92912976 -4.2346173 ]
      fun: 2381.4362077122796
 hess_inv: <18x18 LbfgsInvHessProduct with dtype=float64>
      jac: array([  1.49157131e-02,  -7.27595761e-04,  -1.04137143e-02,
         1.13686838e-02,  -9.36779543e-03,  -0.00000000e+00,
        -4.06180050e-03,   4.55214931e-03,  -1.48274126e-03,
         5.42949119e-03,  -2.27454436e-03,   1.35120240e-03,
        -3.20567303e-04,   8.48817303e-05,   6.22601145e-04,
        -4.08037246e-03,  -9.17850465e-03,   1.10720263e-02])
  message: 'CONVERGENCE: REL_REDUCTION_OF_F_<=_FACTR*EPSMCH'
     nfev: 3
      nit: 1
   status: 0
  success: True
        x: array([-0.73933254, -0.52969821, -0.95692929,  1.53580235, -1.87969321,
        0.33647224, -3.54367505, -1.46806306, -1.70904121, -1.41675045,
       -3.47431445, -2.19993196, -4.91217003, -2.32339079, -3.59248312,
       -2.4485583 , -2.92912976, -4.2346173 ])
95
