/home3/jxiong7/IGCexpansion/IGCexpansion/CodonGeneconv.py:276: FutureWarning: comparison to `None` will result in an elementwise object comparison in the future.
  if not x == None:
number of sites to be analyzed:  197
Successfully loaded parameter value from ./test/save/MG94_YNL069C_YIL133C_nonclock_save.txt
log likelihood =  -2322.82896503
Edge derivatives =  [0.0007546612347205939, -0.002769974436845485, -0.004805349596520125, 0.0009178568258291775, -0.005547040445994196, 0.004300265957239702, 0.0015835659885506496, -0.0017526117517228657, -0.0016857761865572973, -0.0015942701836291484, -0.0054224329616793104, -0.001450037729846393]
other derivatives: [-0.00982254 -0.00336513  0.00131877 -0.00209184  0.00623004  0.00168257]
Current x array =  [-0.72546926 -0.5382407  -0.9356253   1.69248209 -1.75719841  0.38121903
 -2.15301124 -2.0303258  -1.72003712 -1.62482209 -3.68380094 -2.55264465
 -5.17774699 -2.50660269 -3.84593761 -2.72112663 -3.21311559 -4.57595392]
log likelihood =  -2322.87395216
Edge derivatives =  [0.13352950312504147, 0.07403254376708328, 0.24622082794731787, 0.06320947800299309, 0.00825704022638786, -0.03734135887495524, 0.004334780779853744, 0.1007916498338193, 0.032826452698374475, 0.07216961003165771, 0.11913250034787495, 0.016861608368056887]
other derivatives: [ 8.02201612  1.9136678  -0.59835656 -0.09658834 -0.24074325 -0.06239134]
Current x array =  [-0.7352918  -0.54160583 -0.93430654  1.69039025 -1.75096837  0.38290159
 -2.15225658 -2.03309578 -1.72484247 -1.62390423 -3.68934798 -2.54834439
 -5.17616342 -2.5083553  -3.84762338 -2.7227209  -3.21853803 -4.57740396]
log likelihood =  -2322.8289646
Edge derivatives =  [0.0011583254985095826, -0.0025350622733900374, -0.004036101421548144, 0.0011064897225252501, -0.0055051476398056895, 0.004172852644421049, 0.0015916948826987035, -0.0014400445841629972, -0.001580309114867083, -0.0013691499837441001, -0.005040530573880944, -0.0013942679745659742]
other derivatives: [ 0.01509761  0.00254659 -0.00059117 -0.00241016  0.00541149  0.00150067]
Current x array =  [-0.72549933 -0.538251   -0.93562127  1.69247568 -1.75717934  0.38122418
 -2.15300893 -2.03033428 -1.72005183 -1.62481928 -3.68381792 -2.55263149
 -5.17774214 -2.50660805 -3.84594277 -2.72113151 -3.21313219 -4.57595836]
      fun: 2322.828964601135
 hess_inv: <18x18 LbfgsInvHessProduct with dtype=float64>
      jac: array([-0.01509761, -0.00254659,  0.00059117,  0.00241016, -0.00541149,
       -0.00150067, -0.00115833,  0.00253506,  0.0040361 , -0.00110649,
        0.00550515, -0.00417285, -0.00159169,  0.00144004,  0.00158031,
        0.00136915,  0.00504053,  0.00139427])
  message: 'CONVERGENCE: REL_REDUCTION_OF_F_<=_FACTR*EPSMCH'
     nfev: 3
      nit: 1
   status: 0
  success: True
        x: array([-0.72549933, -0.538251  , -0.93562127,  1.69247568, -1.75717934,
        0.38122418, -2.15300893, -2.03033428, -1.72005183, -1.62481928,
       -3.68381792, -2.55263149, -5.17774214, -2.50660805, -3.84594277,
       -2.72113151, -3.21313219, -4.57595836])
number of sites to be analyzed:  197
Successfully loaded parameter value from ./test/save/MG94_Force_YNL069C_YIL133C_nonclock_save.txt
log likelihood =  -2381.43620771
Edge derivatives =  [0.0040618005010436345, -0.00455214930778064, 0.0014827412639119575, -0.005429491193208513, 0.002274544361813638, -0.0013512024043177417, 0.0003205673031811424, -8.488173033893709e-05, -0.0006226011449263769, 0.004080372460415593, 0.00917850465407409, -0.011072026271848289]
other derivatives: [-0.01491571  0.0007276   0.01041371 -0.01136868  0.0093678   0.        ]
Current x array =  [-0.73933254 -0.52969821 -0.95692929  1.53580235 -1.87969321  0.33647224
 -3.54367505 -1.46806306 -1.70904121 -1.41675045 -3.47431445 -2.19993196
 -4.91217003 -2.32339079 -3.59248312 -2.4485583  -2.92912976 -4.2346173 ]
log likelihood =  -2381.55790797
Edge derivatives =  [0.0812798427463019, 0.291284336385381, 0.13990232885783732, 0.5853128095553988, 0.031825391886553075, 0.18756399963292258, -0.0008357313435777506, 0.16348113082552818, 0.05714948651819284, -0.03863931876972654, -0.06720143381617455, 0.03782728854220019]
other derivatives: [ 12.81155164  -0.67093424  -3.75198397   0.23096618  -0.47566573   0.        ]
Current x array =  [-0.75424826 -0.52897061 -0.94651558  1.52443366 -1.87032542  0.33647224
 -3.53961325 -1.47261521 -1.70755847 -1.42217994 -3.4720399  -2.20128316
 -4.91184946 -2.32347567 -3.59310572 -2.44447793 -2.91995126 -4.24568933]
log likelihood =  -2381.43620626
Edge derivatives =  [0.004323016413926274, -0.003542594635875085, 0.0019504386369962878, -0.003409032601566775, 0.002373038950861439, -0.0007071858142412568, 0.000315613342394154, 0.0004708075489842922, -0.0004254880586795906, 0.003928973642198269, 0.008914957009236224, -0.010903970200394249]
other derivatives: [ 0.02992238 -0.00154614 -0.00241016 -0.01050466  0.00777618  0.        ]
Current x array =  [-0.7393837  -0.52969571 -0.95689358  1.53576335 -1.87966108  0.33647224
 -3.54366112 -1.46807867 -1.70903613 -1.41676907 -3.47430665 -2.1999366
 -4.91216893 -2.32339108 -3.59248526 -2.44854431 -2.92909828 -4.23465528]
      fun: 2381.4362062559476
 hess_inv: <18x18 LbfgsInvHessProduct with dtype=float64>
      jac: array([-0.02992238,  0.00154614,  0.00241016,  0.01050466, -0.00777618,
       -0.        , -0.00432302,  0.00354259, -0.00195044,  0.00340903,
       -0.00237304,  0.00070719, -0.00031561, -0.00047081,  0.00042549,
       -0.00392897, -0.00891496,  0.01090397])
  message: 'CONVERGENCE: REL_REDUCTION_OF_F_<=_FACTR*EPSMCH'
     nfev: 3
      nit: 1
   status: 0
  success: True
        x: array([-0.7393837 , -0.52969571, -0.95689358,  1.53576335, -1.87966108,
        0.33647224, -3.54366112, -1.46807867, -1.70903613, -1.41676907,
       -3.47430665, -2.1999366 , -4.91216893, -2.32339108, -3.59248526,
       -2.44854431, -2.92909828, -4.23465528])
