/home3/jxiong7/IGCexpansion/IGCexpansion/CodonGeneconv.py:276: FutureWarning: comparison to `None` will result in an elementwise object comparison in the future.
  if not x == None:
number of sites to be analyzed:  134
Successfully loaded parameter value from ./test/save/MG94_YMR143W_YDL083C_nonclock_save.txt
log likelihood =  -1209.74996984
Edge derivatives =  [-4.089752870189143e-05, -0.0021151316032397005, -0.0015383085019129994, 0.0016582586975754099, 0.0013365501527790868, -0.0011107057541916293, -0.002239340512264508, -0.002694565229712259, -0.0012816651741184952, -0.0015626546565629396, 0.00034057777142804113, 0.00023384172586962682]
other derivatives: [ -4.75210982e-03   2.04636308e-04   6.82121026e-05  -2.20552465e-03
  -2.68300937e-03   3.25144356e-03]
Current x array =  [ -0.71739549  -0.48653974  -0.953691     2.43563914  -3.71560764
   1.15085317 -10.4568935   -2.64920858  -1.7332907   -2.02832728
  -3.54992982  -2.99639495  -4.77374345  -2.57268149  -5.55046986
  -2.91938081  -3.53205011  -3.40024907]
log likelihood =  -1209.75608106
Edge derivatives =  [-3.769932739235671e-05, 0.012193020304235552, 0.05909284674172524, 0.00019888727707298437, 0.0013537465436694318, 0.008280860711689667, 0.00024390673146152536, 0.05142657970288353, -0.0005030214614908934, 0.012306786954409288, -0.010658897447783984, -0.0027965020949948516]
other derivatives: [ 2.44938292 -0.09661107 -0.06807568 -0.02578417  0.02942215 -0.09226824]
Current x array =  [ -0.7221476   -0.48633511  -0.95362278   2.43343362  -3.71829065
   1.15410462 -10.45693439  -2.65132371  -1.73482901  -2.02666903
  -3.54859327  -2.99750566  -4.77598279  -2.57537606  -5.55175152
  -2.92094347  -3.53170953  -3.40001523]
log likelihood =  -1209.74996961
Edge derivatives =  [-4.0879305920908376e-05, -0.002030087801440747, -0.0011769678665972394, 0.0016479345078431185, 0.0013363152215930124, -0.0010550804059178548, -0.0022246578695300535, -0.0023707660589549207, -0.0012771050611404345, -0.0014801652533004972, 0.0002743616397818116, 0.00021508924913160588]
other derivatives: [ 0.01002718 -0.00043201 -0.0003638  -0.00234195 -0.00254659  0.00263753]
Current x array =  [ -0.71742396  -0.48653852  -0.95369059   2.43562593  -3.71562372
   1.15087265 -10.45689374  -2.64922125  -1.73329991  -2.02831735
  -3.54992182  -2.99640161  -4.77375687  -2.57269763  -5.55047753
  -2.91939018  -3.53204807  -3.40024767]
      fun: 1209.749969613284
 hess_inv: <18x18 LbfgsInvHessProduct with dtype=float64>
      jac: array([ -1.00271791e-02,   4.32009983e-04,   3.63797881e-04,
         2.34194886e-03,   2.54658516e-03,  -2.63753464e-03,
         4.08793059e-05,   2.03008780e-03,   1.17696787e-03,
        -1.64793451e-03,  -1.33631522e-03,   1.05508041e-03,
         2.22465787e-03,   2.37076606e-03,   1.27710506e-03,
         1.48016525e-03,  -2.74361640e-04,  -2.15089249e-04])
  message: 'CONVERGENCE: REL_REDUCTION_OF_F_<=_FACTR*EPSMCH'
     nfev: 3
      nit: 1
   status: 0
  success: True
        x: array([ -0.71742396,  -0.48653852,  -0.95369059,   2.43562593,
        -3.71562372,   1.15087265, -10.45689374,  -2.64922125,
        -1.73329991,  -2.02831735,  -3.54992182,  -2.99640161,
        -4.77375687,  -2.57269763,  -5.55047753,  -2.91939018,
        -3.53204807,  -3.40024767])
number of sites to be analyzed:  134
Successfully loaded parameter value from ./test/save/MG94_Force_YMR143W_YDL083C_nonclock_save.txt
log likelihood =  -1246.97932675
Edge derivatives =  [-1.1577167531610913e-05, 0.0007503377355631141, -0.00040506684386942826, -0.0005553861760655421, -0.002420722426988195, 0.006814932759590053, -0.002016154994209516, 0.0020637821613715412, -0.0028604296199207895, 0.0004490216313241535, -0.005775214387291991, -0.004376458044941342]
other derivatives: [ -6.07087713e-03  -6.09361450e-03   2.27373675e-05  -1.09139364e-03
  -3.27418093e-03   0.00000000e+00]
Current x array =  [ -0.73951403  -0.47038572  -0.97976503   2.29661515  -3.85539205
   0.33647224 -15.89065318  -2.39727438  -2.06271553  -2.05059359
  -3.17475059  -2.9507488   -4.54269011  -2.17677259  -4.92950576
  -2.46968491  -2.97111124  -3.17232445]
log likelihood =  -1246.99753848
Edge derivatives =  [-1.1483929840194916e-05, 0.043061336938819694, 0.07803256504247202, 0.10035623313002828, 0.03143254160441354, -0.023079180874452487, 0.0016998132521915087, 0.016381829175904028, 0.004455080483208116, 0.05906377505048324, 0.10054681288629169, 0.06196955327894449]
other derivatives: [ 3.18407274  2.63055426 -0.10847998 -0.07880772  0.034197    0.        ]
Current x array =  [ -0.7455849   -0.47647934  -0.97974229   2.29552375  -3.85866624
   0.33647224 -15.89066475  -2.39652404  -2.0631206   -2.05114898
  -3.17717131  -2.94393387  -4.54470627  -2.17470881  -4.93236619
  -2.46923589  -2.97688645  -3.17670091]
log likelihood =  -1246.97932617
Edge derivatives =  [-1.1576636340734779e-05, 0.0009901733551647973, 4.109311900518664e-05, 1.6902970014109897e-05, -0.0022277875736530506, 0.006648943025214807, -0.001994816831154756, 0.0021477362006644407, -0.002818894123185183, 0.0007819438396335643, -0.0051739459056295845, -0.004001635466506101]
other derivatives: [ 0.01200533  0.00895852 -0.0005457  -0.00150067 -0.00302407  0.        ]
Current x array =  [ -0.73954811  -0.47041993  -0.9797649    2.29660902  -3.85541043
   0.33647224 -15.89065324  -2.39727016  -2.06271781  -2.05059671
  -3.17476418  -2.95071055  -4.54270143  -2.176761    -4.92952182
  -2.46968239  -2.97114366  -3.17234902]
      fun: 1246.9793261689792
 hess_inv: <18x18 LbfgsInvHessProduct with dtype=float64>
      jac: array([ -1.20053301e-02,  -8.95852281e-03,   5.45696821e-04,
         1.50066626e-03,   3.02406988e-03,  -0.00000000e+00,
         1.15766363e-05,  -9.90173355e-04,  -4.10931190e-05,
        -1.69029700e-05,   2.22778757e-03,  -6.64894303e-03,
         1.99481683e-03,  -2.14773620e-03,   2.81889412e-03,
        -7.81943840e-04,   5.17394591e-03,   4.00163547e-03])
  message: 'CONVERGENCE: REL_REDUCTION_OF_F_<=_FACTR*EPSMCH'
     nfev: 3
      nit: 1
   status: 0
  success: True
        x: array([ -0.73954811,  -0.47041993,  -0.9797649 ,   2.29660902,
        -3.85541043,   0.33647224, -15.89065324,  -2.39727016,
        -2.06271781,  -2.05059671,  -3.17476418,  -2.95071055,
        -4.54270143,  -2.176761  ,  -4.92952182,  -2.46968239,
        -2.97114366,  -3.17234902])
