/home3/jxiong7/IGCexpansion/IGCexpansion/CodonGeneconv.py:276: FutureWarning: comparison to `None` will result in an elementwise object comparison in the future.
  if not x == None:
number of sites to be analyzed:  185
Successfully loaded parameter value from ./test/save/MG94_YNL301C_YOL120C_nonclock_save.txt
log likelihood =  -2139.30757898
Edge derivatives =  [0.0006353693380921673, 0.0002712404753739128, 0.0019813093643658297, -0.0014469597658012812, -0.005999696413513243, -0.0019171015816759618, 0.003051366248082981, -0.002118673223121037, -0.0005987883991027251, -0.0016212051915718284, -0.0012326909998125885, -0.0018575663348713023]
other derivatives: [ 0.00777618 -0.00013642 -0.00013642 -0.00331966  0.00140972  0.00213731]
Current x array =  [-0.72158439 -0.5473006  -0.88719038  1.68011421 -2.0655719   0.90815502
 -4.78148775 -1.73320809 -2.47452888 -1.32414198 -4.25801042 -2.49387261
 -3.95281689 -2.24587509 -5.39840803 -2.56307718 -2.76366863 -2.69756264]
log likelihood =  -2139.33214911
Edge derivatives =  [-0.001992092854318792, -0.06126169649665594, -0.06988937427560676, -0.06395588159522247, -0.00129737973277513, 0.001239422649961408, -0.01493935011607683, 0.0036297304244451156, -0.002337612515735182, -0.024163696184214434, -0.008080246647869993, -0.012621738683897474]
other derivatives: [-6.1918854   0.19472282  0.22241693  0.29749572 -0.15670594 -0.00813998]
Current x array =  [-0.71380821 -0.54743703 -0.88732681  1.67679456 -2.06416218  0.91029233
 -4.78085238 -1.73293685 -2.47254757 -1.32558894 -4.26401012 -2.49578971
 -3.94976553 -2.24799376 -5.39900682 -2.56469839 -2.76490132 -2.69942021]
log likelihood =  -2139.30757876
Edge derivatives =  [0.0006271015574425692, 8.713197616200263e-05, 0.001766844754365865, -0.0016361269768507825, -0.005986111117399894, -0.0019093586249847028, 0.002997706806032223, -0.002103918368214941, -0.0006040853893455626, -0.0016893829644355485, -0.0012546474332603558, -0.001890683831696105]
other derivatives: [-0.01027729  0.00050022  0.0005457  -0.00236469  0.00100044  0.00218279]
Current x array =  [-0.72156133 -0.54730101 -0.88719079  1.68010437 -2.06556772  0.90816136
 -4.78148587 -1.73320728 -2.47452301 -1.32414627 -4.25802821 -2.4938783
 -3.95280785 -2.24588137 -5.39840981 -2.56308199 -2.76367228 -2.69756815]
      fun: 2139.3075787612634
 hess_inv: <18x18 LbfgsInvHessProduct with dtype=float64>
      jac: array([  1.02772901e-02,  -5.00222086e-04,  -5.45696821e-04,
         2.36468622e-03,  -1.00044417e-03,  -2.18278728e-03,
        -6.27101557e-04,  -8.71319762e-05,  -1.76684475e-03,
         1.63612698e-03,   5.98611112e-03,   1.90935862e-03,
        -2.99770681e-03,   2.10391837e-03,   6.04085389e-04,
         1.68938296e-03,   1.25464743e-03,   1.89068383e-03])
  message: 'CONVERGENCE: REL_REDUCTION_OF_F_<=_FACTR*EPSMCH'
     nfev: 3
      nit: 1
   status: 0
  success: True
        x: array([-0.72156133, -0.54730101, -0.88719079,  1.68010437, -2.06556772,
        0.90816136, -4.78148587, -1.73320728, -2.47452301, -1.32414627,
       -4.25802821, -2.4938783 , -3.95280785, -2.24588137, -5.39840981,
       -2.56308199, -2.76367228, -2.69756815])
number of sites to be analyzed:  185
Successfully loaded parameter value from ./test/save/MG94_Force_YNL301C_YOL120C_nonclock_save.txt
log likelihood =  -2215.07038042
Edge derivatives =  [-0.00014046863278487223, 0.0006352911497898295, -0.003928906118502981, -0.0016783802017300564, 0.0033868079889510447, -0.0005309871356626306, 0.006745813153729945, -0.0003407498943356624, 0.013185327718687332, -0.0005230456408173989, 0.0037279823220790625, -0.0017627898083933946]
other derivatives: [ 0.01605258 -0.00245564 -0.00118234  0.00518412 -0.00190994  0.        ]
Current x array =  [ -0.73658504  -0.54941588  -0.91225383   1.55114525  -2.21000115
   0.33647224 -12.68968101  -1.51589026  -2.97114073  -1.2978101
  -4.02199399  -2.23245473  -4.54449992  -2.08584207  -4.69924667
  -2.06854117  -2.79490329  -2.19218788]
log likelihood =  -2215.18008844
Edge derivatives =  [-0.00014529573114068227, -0.12713676076361533, -0.008787149446456255, -0.17269043972845033, -0.008211782997783038, -0.11604980248922439, -0.02901837705215881, -0.1114095817505654, -0.01991405335534942, -0.1440986444239274, -0.12803014768415283, -0.09065943548311228]
other derivatives: [-13.496674     1.8413175    0.85087777   0.18558239  -0.01950866   0.        ]
Current x array =  [ -0.72053245  -0.55187151  -0.91343618   1.55632937  -2.21191109
   0.33647224 -12.68982147  -1.51525497  -2.97506964  -1.29948848
  -4.01860718  -2.23298572  -4.53775411  -2.08618282  -4.68606134
  -2.06906422  -2.79117531  -2.19395067]
log likelihood =  -2215.0703797
Edge derivatives =  [-0.00014048172582806212, 0.0002973473872843191, -0.0039457173868703566, -0.002140337579374929, 0.003354524259222988, -0.0008366319943471923, 0.006653295437500525, -0.0006375583805968699, 0.013100134246942764, -0.0009024423439942808, 0.003384204338121727, -0.002000472829228661]
other derivatives: [-0.01791705  0.00227374  0.00109139  0.00563887 -0.00195541  0.        ]
Current x array =  [ -0.73654377  -0.54942219  -0.91225687   1.55115858  -2.21000606
   0.33647224 -12.68968137  -1.51588863  -2.97115083  -1.29781441
  -4.02198528  -2.23245609  -4.54448258  -2.08584295  -4.69921278
  -2.06854252  -2.79489371  -2.19219241]
      fun: 2215.0703796963944
 hess_inv: <18x18 LbfgsInvHessProduct with dtype=float64>
      jac: array([ 0.01791705, -0.00227374, -0.00109139, -0.00563887,  0.00195541,
       -0.        ,  0.00014048, -0.00029735,  0.00394572,  0.00214034,
       -0.00335452,  0.00083663, -0.0066533 ,  0.00063756, -0.01310013,
        0.00090244, -0.0033842 ,  0.00200047])
  message: 'CONVERGENCE: REL_REDUCTION_OF_F_<=_FACTR*EPSMCH'
     nfev: 3
      nit: 1
   status: 0
  success: True
        x: array([ -0.73654377,  -0.54942219,  -0.91225687,   1.55115858,
        -2.21000606,   0.33647224, -12.68968137,  -1.51588863,
        -2.97115083,  -1.29781441,  -4.02198528,  -2.23245609,
        -4.54448258,  -2.08584295,  -4.69921278,  -2.06854252,
        -2.79489371,  -2.19219241])
