/home3/jxiong7/IGCexpansion/IGCexpansion/CodonGeneconv.py:275: FutureWarning: comparison to `None` will result in an elementwise object comparison in the future.
  if not x == None:
number of sites to be analyzed:  118
Successfully loaded parameter value from ./test/save/MG94_YER131W_YGL189C_nonclock_save.txt
log likelihood =  -1205.18473603
Edge derivatives =  [-0.000729874650441685, -0.002873172342970756, 0.0033929779157806372, 0.005612250338540736, -0.005208951581794616, 0.0002105232929378309, -0.002569988156695638, -0.0010433475761561506, 0.002124897013018587, -0.0023713423091883123, -0.0028410259714993225, 0.0003464394871988685]
other derivatives: [-0.00754881 -0.00316049 -0.00425189 -0.00029559  0.00393356 -0.00397904]
Current x array =  [-0.67031159 -0.44090001 -0.70872601  1.888236   -2.90539856  0.30607386
 -3.1157022  -2.17107674 -2.01505987 -1.70723033 -3.35018542 -2.83683375
 -3.36277141 -3.08216639 -4.55404899 -2.74943523 -2.94784699 -3.22913861]
log likelihood =  -1205.20432507
Edge derivatives =  [0.002025721069339563, 0.048463273900112847, 0.002402037721689565, -0.047160035660020416, 0.03535148363895911, 0.05114607454082183, 0.0390857109478116, 0.04293685251528187, 0.007466944752833257, 0.07520865682007849, 0.057848392269473733, 0.03276006827475218]
other derivatives: [ 3.84643499  1.37490588  1.04432729 -0.07503331 -0.03694822  0.07280505]
Current x array =  [-0.6778604  -0.44406051 -0.7129779   1.88794042 -2.90146499  0.30209482
 -3.11643207 -2.17394991 -2.01166689 -1.70161808 -3.35539437 -2.83662323
 -3.36534139 -3.08320974 -4.55192409 -2.75180657 -2.95068801 -3.22879217]
log likelihood =  -1205.18473542
Edge derivatives =  [-0.0007153585760258027, -0.002587055837460231, 0.0033871793085896995, 0.0053195151410059816, -0.004982698970568605, 0.0004930180988462762, -0.0023384510109229206, -0.0007993329523560688, 0.002154431094623658, -0.001940046788623112, -0.00250377189165496, 0.0005265045993582268]
other derivatives: [ 0.01409717  0.00459295  0.00161435 -0.00068212  0.00368345 -0.00352429]
Current x array =  [-0.6703535  -0.44091756 -0.70874962  1.88823436 -2.90537672  0.30605177
 -3.11570625 -2.17109269 -2.01504103 -1.70719917 -3.35021434 -2.83683258
 -3.36278567 -3.08217218 -4.55403719 -2.74944839 -2.94786276 -3.22913669]
      fun: 1205.1847354160288
 hess_inv: <18x18 LbfgsInvHessProduct with dtype=float64>
      jac: array([-0.01409717, -0.00459295, -0.00161435,  0.00068212, -0.00368345,
        0.00352429,  0.00071536,  0.00258706, -0.00338718, -0.00531952,
        0.0049827 , -0.00049302,  0.00233845,  0.00079933, -0.00215443,
        0.00194005,  0.00250377, -0.0005265 ])
  message: 'CONVERGENCE: REL_REDUCTION_OF_F_<=_FACTR*EPSMCH'
     nfev: 3
      nit: 1
   status: 0
  success: True
        x: array([-0.6703535 , -0.44091756, -0.70874962,  1.88823436, -2.90537672,
        0.30605177, -3.11570625, -2.17109269, -2.01504103, -1.70719917,
       -3.35021434, -2.83683258, -3.36278567, -3.08217218, -4.55403719,
       -2.74944839, -2.94786276, -3.22913669])
number of sites to be analyzed:  118
Successfully loaded parameter value from ./test/save/MG94_Force_YER131W_YGL189C_nonclock_save.txt
log likelihood =  -1220.87720366
Edge derivatives =  [0.00021185763991528501, 0.0016194542052159755, 0.0019385669451328358, 0.0024882156202887806, 0.0007039574300653356, -0.0009636449254536716, 0.0015368335881881384, -0.0036997603028137427, 0.002733763413397497, 0.0021413839443618354, -0.0018930526711211093, -0.005381121523249613]
other derivatives: [ 0.01359695  0.02785328 -0.00334239 -0.00218279 -0.00070486  0.        ]
Current x array =  [-0.68643763 -0.43645206 -0.70744894  1.95935893 -3.03455197  0.33647224
 -5.79122464 -1.78081361 -2.0874177  -1.54188398 -3.03720733 -2.71588437
 -3.19562183 -2.86147406 -4.23881074 -2.46430412 -2.74154319 -2.81615719]
log likelihood =  -1221.12697622
Edge derivatives =  [-0.008830656054922413, -0.20572133557148653, -0.31468080688503514, -0.4648949773529659, -0.15826574767253893, -0.09921995516983359, -0.09304320521877643, -0.04311779287021633, -0.025734851927499205, -0.17772521753575746, -0.09473817354283487, -0.05286768602610495]
other derivatives: [ -7.18434876 -14.6984803    0.73980573   0.36209258  -0.11432348   0.        ]
Current x array =  [-0.67284068 -0.40859879 -0.71079133  1.95717614 -3.03525683  0.33647224
 -5.79101278 -1.77919416 -2.08547913 -1.53939576 -3.03650337 -2.71684801
 -3.194085   -2.86517382 -4.23607697 -2.46216273 -2.74343624 -2.82153831]
log likelihood =  -1220.87720251
Edge derivatives =  [0.00019412745885074266, 0.0012036792426498022, 0.0013078819371507566, 0.0015656317656629337, 0.00038348316287994955, -0.0011482973230381444, 0.0013498400394441057, -0.0037658032754308846, 0.0026782239378869005, 0.0017871274310414242, -0.002069933351967146, -0.005460442928772777]
other derivatives: [-0.00147793 -0.00147793 -0.00179625 -0.00147793 -0.00102318  0.        ]
Current x array =  [-0.68640842 -0.43639223 -0.70745612  1.95935424 -3.03455349  0.33647224
 -5.79122418 -1.78081013 -2.08741353 -1.54187863 -3.03720581 -2.71588644
 -3.19561853 -2.86148201 -4.23880486 -2.46429952 -2.74154725 -2.81616875]
      fun: 1220.8772025080734
 hess_inv: <18x18 LbfgsInvHessProduct with dtype=float64>
      jac: array([ 0.00147793,  0.00147793,  0.00179625,  0.00147793,  0.00102318,
       -0.        , -0.00019413, -0.00120368, -0.00130788, -0.00156563,
       -0.00038348,  0.0011483 , -0.00134984,  0.0037658 , -0.00267822,
       -0.00178713,  0.00206993,  0.00546044])
  message: 'CONVERGENCE: REL_REDUCTION_OF_F_<=_FACTR*EPSMCH'
     nfev: 3
      nit: 1
   status: 0
  success: True
        x: array([-0.68640842, -0.43639223, -0.70745612,  1.95935424, -3.03455349,
        0.33647224, -5.79122418, -1.78081013, -2.08741353, -1.54187863,
       -3.03720581, -2.71588644, -3.19561853, -2.86148201, -4.23880486,
       -2.46429952, -2.74154725, -2.81616875])
24
