/home3/jxiong7/IGCexpansion/IGCexpansion/CodonGeneconv.py:277: FutureWarning: comparison to `None` will result in an elementwise object comparison in the future.
  if not x == None:
number of sites to be analyzed:  304
Successfully loaded parameter value from ./test/save/MG94_AR_PR_nonclock_save.txt
log likelihood =  -9580.2518063
Edge derivatives =  [-0.007249586815729181, -0.03599265304779273, 0.013887403202516808, 0.009302314655633581, -0.004031649816919947, 0.006962582075008106, -0.018953807650320842, 0.0036687701815568963, 0.009222009375822404, 0.007002208906449758, -0.013055596077751974, -0.008891949581530657, -0.014702656451004888, 0.007682851081689646, -0.0006302347057390439, 0.011627968299253777, -0.0015473653834171541, -0.006365402681127341, -0.015930536187518773, -0.011517805004199841]
other derivatives: [ 0.04147296 -0.00345608 -0.04947651  0.01127773  0.01964509 -0.0003638 ]
Current x array =  [-0.68231089 -0.78629607 -0.58584972  0.63872428 -2.99339551 -1.93858542
  0.53244896  2.62909499  0.57552895  0.00390772 -0.1495353   0.0115501
 -0.31537583 -0.75184155 -0.99259176 -0.75041406 -2.3056292  -3.47638174
 -3.64712468 -3.09363291 -2.20228876 -1.13594868 -3.10772351 -3.63765183
 -2.71139178 -2.83841551]
log likelihood =  -9587.11090139
Edge derivatives =  [-1.4556260234511582, 3.090629504348366, -4.023184247272386, -2.0927511959356817, -2.1760903490077945, -2.9663497905956824, -0.9260184824008348, -1.1386560979909266, -1.9345154764313286, -2.080729260574184, 0.0471733497166736, -0.07585826199031623, -0.18125411304508793, -0.18770481016160334, -0.597190015365909, -2.724940312980133, -0.18557522545391036, -0.0893961399422536, 0.11825601939840398, -0.05670553858752492]
other derivatives: [-156.05892258    4.7544745   136.27632143   -0.47439244  -10.556505
    0.29831426]
Current x array =  [-0.64083794 -0.78975215 -0.63532623  0.65000201 -2.97375042 -1.93894922
  0.52519937  2.59310234  0.58941635  0.01321004 -0.15356695  0.01851268
 -0.33432964 -0.74817278 -0.98336975 -0.74341185 -2.31868479 -3.48527369
 -3.66182734 -3.08595006 -2.20291899 -1.12432071 -3.10927088 -3.64401723
 -2.72732232 -2.84993332]
log likelihood =  -9580.25180411
Edge derivatives =  [-0.007983099457328835, -0.03395816048177645, 0.011762051514553354, 0.008202846305693678, -0.005149961852539353, 0.005419523448474628, -0.019338957460903083, 0.003114999759933179, 0.008185220262347803, 0.00590642994907975, -0.0129894333212352, -0.008920815384613333, -0.01479209831061299, 0.007586678566402161, -0.000941104142435964, 0.010149104110319662, -0.0016384166882169315, -0.006404207841488381, -0.015830835489801784, -0.011530748336547991]
other derivatives: [-0.04019967  0.00218279  0.04110916  0.00727596  0.0174623  -0.0005457 ]
Current x array =  [-0.68228695 -0.78629806 -0.58587828  0.63873079 -2.99338417 -1.93858563
  0.53244477  2.62907421  0.57553696  0.00391309 -0.14953763  0.01155412
 -0.31538677 -0.75183943 -0.99258643 -0.75041002 -2.30563674 -3.47638687
 -3.64713317 -3.09362847 -2.20228912 -1.13594196 -3.1077244  -3.63765551
 -2.71140098 -2.83842216]
      fun: 9580.251804107998
 hess_inv: <26x26 LbfgsInvHessProduct with dtype=float64>
      jac: array([ 0.04019967, -0.00218279, -0.04110916, -0.00727596, -0.0174623 ,
        0.0005457 ,  0.0079831 ,  0.03395816, -0.01176205, -0.00820285,
        0.00514996, -0.00541952,  0.01933896, -0.003115  , -0.00818522,
       -0.00590643,  0.01298943,  0.00892082,  0.0147921 , -0.00758668,
        0.0009411 , -0.0101491 ,  0.00163842,  0.00640421,  0.01583084,
        0.01153075])
  message: 'CONVERGENCE: REL_REDUCTION_OF_F_<=_FACTR*EPSMCH'
     nfev: 3
      nit: 1
   status: 0
  success: True
        x: array([-0.68228695, -0.78629806, -0.58587828,  0.63873079, -2.99338417,
       -1.93858563,  0.53244477,  2.62907421,  0.57553696,  0.00391309,
       -0.14953763,  0.01155412, -0.31538677, -0.75183943, -0.99258643,
       -0.75041002, -2.30563674, -3.47638687, -3.64713317, -3.09362847,
       -2.20228912, -1.13594196, -3.1077244 , -3.63765551, -2.71140098,
       -2.83842216])
number of sites to be analyzed:  304
Successfully loaded parameter value from ./test/save/MG94_Force_AR_PR_nonclock_save.txt
log likelihood =  -9595.80247021
Edge derivatives =  [0.0023887495991437024, -0.00472374952790125, 0.004745810458231053, -0.03625452834570819, -0.0013766506192193217, 0.007174043427162546, -0.013598772931073144, 0.01706455379105387, 0.028674002287310874, 0.027068564911538806, -0.005432573422713985, -0.017610450212271544, -0.016818145727921716, 0.016590782045111885, 0.0031426885105890062, 0.04313428374179562, -0.00324816206304826, 0.003674372874951419, -0.003336367128959933, 0.00028217900166184473]
other derivatives: [ 0.04820322 -0.0005457  -0.02837623  0.00145519 -0.01127773  0.        ]
Current x array =  [-0.68496718 -0.79007071 -0.58446219  0.6273511  -3.03494424  0.33647224
  0.44900327  2.67680834  0.61791927  0.07068257 -0.06485124  0.09507886
 -0.26601674 -0.67377683 -0.93912322 -0.67697511 -2.24124717 -3.445732
 -3.5998432  -3.03368156 -2.15186878 -1.08163959 -3.049923   -3.58780074
 -2.66102143 -2.79232509]
log likelihood =  -9601.7617721
Edge derivatives =  [0.2579546993740345, 1.6696214143206196, -0.13883378406815639, 1.3407376318015376, -0.7599504140254786, -1.18116759011565, -0.3307787940256166, -1.015278213907731, -2.972756318734041, -3.5015073755578308, -0.16250421177862484, -0.13097259309314885, -0.23506362064284286, -0.2983287068497352, -0.7135353028222595, -6.089915077766762, -0.13006788272118153, -0.19583753610250404, -0.29538697516512963, -0.3232178911009897]
other derivatives: [-187.38046492   -1.82681106   89.7962309     0.32796379    1.55978341
    0.        ]
Current x array =  [-0.63676396 -0.79061641 -0.61283842  0.6288063  -3.04622197  0.33647224
  0.45139202  2.67208459  0.62266508  0.03442804 -0.06622789  0.1022529
 -0.27961552 -0.65671227 -0.91044922 -0.64990654 -2.24667975 -3.46334245
 -3.61666134 -3.01709078 -2.1487261  -1.03850531 -3.05317116 -3.58412637
 -2.6643578  -2.79204291]
log likelihood =  -9595.80246598
Edge derivatives =  [0.002688435588624305, -0.003186453139388229, 0.0047955573775986665, -0.03501108632975436, -0.0018942398018159112, 0.0063349400285406254, -0.013768091258341997, 0.016314413211917345, 0.026272170433309983, 0.02425045798975345, -0.005542467667466272, -0.017700379703651573, -0.0169936865817774, 0.01635047969821879, 0.0025817890806576205, 0.03830476791608156, -0.003342675427136149, 0.003519334903446386, -0.0035597020162532744, 2.5564063439356688e-05]
other derivatives: [-0.09622454  0.00418368  0.03728928 -0.00418368  0.00272848  0.        ]
Current x array =  [-0.68492816 -0.79007115 -0.58448516  0.62735228 -3.03495337  0.33647224
  0.4490052   2.67680452  0.61792311  0.07065322 -0.06485235  0.09508467
 -0.26602775 -0.67376301 -0.9391     -0.67695319 -2.24125157 -3.44574625
 -3.59985681 -3.03366813 -2.15186624 -1.08160467 -3.04992563 -3.58779777
 -2.66102413 -2.79232486]
      fun: 9595.802465981864
 hess_inv: <26x26 LbfgsInvHessProduct with dtype=float64>
      jac: array([  9.62245394e-02,  -4.18367563e-03,  -3.72892828e-02,
         4.18367563e-03,  -2.72848411e-03,  -0.00000000e+00,
        -2.68843559e-03,   3.18645314e-03,  -4.79555738e-03,
         3.50110863e-02,   1.89423980e-03,  -6.33494003e-03,
         1.37680913e-02,  -1.63144132e-02,  -2.62721704e-02,
        -2.42504580e-02,   5.54246767e-03,   1.77003797e-02,
         1.69936866e-02,  -1.63504797e-02,  -2.58178908e-03,
        -3.83047679e-02,   3.34267543e-03,  -3.51933490e-03,
         3.55970202e-03,  -2.55640634e-05])
  message: 'CONVERGENCE: REL_REDUCTION_OF_F_<=_FACTR*EPSMCH'
     nfev: 3
      nit: 1
   status: 0
  success: True
        x: array([-0.68492816, -0.79007115, -0.58448516,  0.62735228, -3.03495337,
        0.33647224,  0.4490052 ,  2.67680452,  0.61792311,  0.07065322,
       -0.06485235,  0.09508467, -0.26602775, -0.67376301, -0.9391    ,
       -0.67695319, -2.24125157, -3.44574625, -3.59985681, -3.03366813,
       -2.15186624, -1.08160467, -3.04992563, -3.58779777, -2.66102413,
       -2.79232486])
