/home3/jxiong7/IGCexpansion/IGCexpansion/CodonGeneconv.py:276: FutureWarning: comparison to `None` will result in an elementwise object comparison in the future.
  if not x == None:
number of sites to be analyzed:  118
Successfully loaded parameter value from ./test/save/MG94_YER131W_YGL189C_nonclock_save.txt
log likelihood =  -1205.18473375
Edge derivatives =  [-0.0009765441580711146, -0.0023937800643351187, 0.002555862637585199, 0.0037263287843876114, -0.004729550980210065, 0.0007998000569112151, -0.002014900376091422, -0.0005797561374251692, 0.002158108322678279, -0.001307797758231033, -0.001963083384414588, 0.0006159169178929919]
other derivatives: [  1.22099664e-02  -6.59383659e-04   2.27373675e-05  -3.18323146e-04
   2.59205990e-03  -2.36468622e-03]
Current x array =  [-0.67035117 -0.44090714 -0.70874186  1.88823062 -2.9053252   0.30600214
 -3.11572059 -2.17113575 -2.01499326 -1.70712526 -3.35029567 -2.83682369
 -3.36282294 -3.08218486 -4.55400177 -2.74947755 -2.94790146 -3.22912837]
log likelihood =  -1205.22560109
Edge derivatives =  [-0.024615775770657253, -0.02802969681847893, -0.0976312170291376, -0.14819971445549057, -0.004585781722414653, -0.013301051573168438, -0.0016647293443667888, -0.00794283524018495, -2.0437822045377835e-05, -0.002303977469324675, 0.007530416189941366, -0.021158985908246566]
other derivatives: [-6.62303137  0.45470188  0.01853095  0.14294983 -0.11339125  0.09633823]
Current x array =  [-0.6581412  -0.44156652 -0.70871912  1.8879123  -2.90273314  0.30363745
 -3.11669714 -2.17352953 -2.0124374  -1.70339893 -3.35502522 -2.83602389
 -3.36483784 -3.08276461 -4.55184366 -2.75078535 -2.94986454 -3.22851245]
log likelihood =  -1205.18473343
Edge derivatives =  [-0.0010456782797844885, -0.002467274646196435, 0.0022728533631129755, 0.00329850404323917, -0.004731190810064262, 0.0007580473408627109, -0.0020156989389097657, -0.0006026871921807064, 0.0021514484960918, -0.0013135541890478275, -0.001939861181819158, 0.0005539113245386085]
other derivatives: [ -5.93445293e-03   5.91171556e-04   6.82121026e-05   6.82121026e-05
   2.27373675e-03  -2.09183781e-03]
Current x array =  [-0.67031724 -0.44090897 -0.70874179  1.88822974 -2.905318    0.30599557
 -3.11572331 -2.17114241 -2.01498616 -1.7071149  -3.35030881 -2.83682146
 -3.36282854 -3.08218647 -4.55399578 -2.74948118 -2.94790691 -3.22912665]
      fun: 1205.1847334282147
 hess_inv: <18x18 LbfgsInvHessProduct with dtype=float64>
      jac: array([  5.93445293e-03,  -5.91171556e-04,  -6.82121026e-05,
        -6.82121026e-05,  -2.27373675e-03,   2.09183781e-03,
         1.04567828e-03,   2.46727465e-03,  -2.27285336e-03,
        -3.29850404e-03,   4.73119081e-03,  -7.58047341e-04,
         2.01569894e-03,   6.02687192e-04,  -2.15144850e-03,
         1.31355419e-03,   1.93986118e-03,  -5.53911325e-04])
  message: 'CONVERGENCE: REL_REDUCTION_OF_F_<=_FACTR*EPSMCH'
     nfev: 3
      nit: 1
   status: 0
  success: True
        x: array([-0.67031724, -0.44090897, -0.70874179,  1.88822974, -2.905318  ,
        0.30599557, -3.11572331, -2.17114241, -2.01498616, -1.7071149 ,
       -3.35030881, -2.83682146, -3.36282854, -3.08218647, -4.55399578,
       -2.74948118, -2.94790691, -3.22912665])
number of sites to be analyzed:  118
Successfully loaded parameter value from ./test/save/MG94_Force_YER131W_YGL189C_nonclock_save.txt
log likelihood =  -1220.87720115
Edge derivatives =  [0.0001679998919168757, 0.0008182679666678683, 0.0006836940231083055, 0.000328364914750523, 0.0004036313560789456, -0.0009230533863053558, 0.0012107972619957719, -0.0029389826401395314, 0.0025803824720088894, 0.001111568609747815, -0.0014408849742874041, -0.004115865616990594]
other derivatives: [-0.00311502 -0.00131877  0.00322871 -0.00070486 -0.00068212  0.        ]
Current x array =  [-0.68640587 -0.43639306 -0.70747462  1.9593207  -3.03457581  0.33647224
 -5.79121977 -1.78078264 -2.08738408 -1.54184424 -3.03719644 -2.71591195
 -3.19558755 -2.86156624 -4.23874356 -2.46425949 -2.74159306 -2.81629072]
log likelihood =  -1220.88165538
Edge derivatives =  [0.00048115528804269173, 0.0016315701718097875, 0.021486784802427605, 0.028542371598652472, 0.00920331821094933, 0.02096854767033099, 0.0016631329917973087, 0.02877176182641443, 0.000455635823724182, 0.0001613737485699207, 0.03462672117726601, 0.05034562489432143]
other derivatives: [ 1.67322014  0.57646048 -0.82322913 -0.0250111   0.03317382  0.        ]
Current x array =  [-0.68952089 -0.43771183 -0.70424591  1.95861585 -3.03525793  0.33647224
 -5.79105177 -1.77996437 -2.08670038 -1.54151588 -3.03679281 -2.716835
 -3.19437676 -2.86450522 -4.23616318 -2.46314792 -2.74303395 -2.82040659]
log likelihood =  -1220.87720093
Edge derivatives =  [0.00017016505869947313, 0.0008246037175408949, 0.0008277223167310055, 0.0005237246324948375, 0.00046457315814828204, -0.0007721723156181026, 0.0012143068747347135, -0.002720225878555957, 0.00256595376112026, 0.0011058084632807053, -0.001192385625410075, -0.0037404138591066727]
other derivatives: [ 0.00841283  0.00270575 -0.00245564 -0.00084128 -0.00045475  0.        ]
Current x array =  [-0.68642726 -0.43640212 -0.70745244  1.95931586 -3.03458049  0.33647224
 -5.79121861 -1.78077702 -2.08737938 -1.54184199 -3.03719367 -2.71591829
 -3.19557924 -2.86158642 -4.23872584 -2.46425186 -2.74160296 -2.81631899]
      fun: 1220.8772009320678
 hess_inv: <18x18 LbfgsInvHessProduct with dtype=float64>
      jac: array([-0.00841283, -0.00270575,  0.00245564,  0.00084128,  0.00045475,
       -0.        , -0.00017017, -0.0008246 , -0.00082772, -0.00052372,
       -0.00046457,  0.00077217, -0.00121431,  0.00272023, -0.00256595,
       -0.00110581,  0.00119239,  0.00374041])
  message: 'CONVERGENCE: REL_REDUCTION_OF_F_<=_FACTR*EPSMCH'
     nfev: 3
      nit: 1
   status: 0
  success: True
        x: array([-0.68642726, -0.43640212, -0.70745244,  1.95931586, -3.03458049,
        0.33647224, -5.79121861, -1.78077702, -2.08737938, -1.54184199,
       -3.03719367, -2.71591829, -3.19557924, -2.86158642, -4.23872584,
       -2.46425186, -2.74160296, -2.81631899])
