/home3/jxiong7/IGCexpansion/IGCexpansion/CodonGeneconv.py:276: FutureWarning: comparison to `None` will result in an elementwise object comparison in the future.
  if not x == None:
number of sites to be analyzed:  107
Successfully loaded parameter value from ./test/save/MG94_YLR333C_YGR027C_nonclock_save.txt
log likelihood =  -1261.99870142
Edge derivatives =  [-2.3912368998381496e-05, -0.000327335486688507, -9.199933999681775e-05, 0.0011524202490971747, -0.002235632988988198, 7.688978589920348e-05, -0.0020476302630907835, 0.00019153629112010628, 0.001955905088594334, -0.0031490572432703035, -0.0007779832627334837, -0.0007609510423343679]
other derivatives: [ -5.16138243e-03   2.50111043e-04   9.09494702e-05   3.95630195e-03
   9.09494702e-04  -2.95585778e-04]
Current x array =  [ -0.71985202  -0.51715702  -0.84359425   1.72264672  -1.90455349
   1.18808891 -13.76049681  -1.03859224  -1.53487331  -0.86036764
  -3.75525489  -3.01582017  -3.43239045  -3.17603719  -3.74397766
  -3.01802045  -3.16610076  -3.51297091]
log likelihood =  -1262.00540952
Edge derivatives =  [-2.3537741388594747e-05, 0.04403412368078469, 0.046786071975572385, 0.028505534918518233, 0.007237621149779314, 0.015149345377709053, 0.015827126650385163, 0.01292087635574505, 0.008922346564039452, 0.039781445180299246, 0.02036568791360871, 0.013317245846044379]
other derivatives: [ 2.4521114  -0.09852101 -0.0383352  -0.15591013  0.01705303  0.01587068]
Current x array =  [ -0.7250134   -0.51690691  -0.8435033    1.72660303  -1.90364399
   1.18779332 -13.76052072  -1.03891958  -1.53496531  -0.85921522
  -3.75749052  -3.01574328  -3.43443808  -3.17584565  -3.74202176
  -3.0211695   -3.16687874  -3.51373186]
log likelihood =  -1261.99870124
Edge derivatives =  [-2.3910487412573054e-05, -0.00010424190837987624, 0.00014393789488753583, 0.0012886286264422175, -0.0021877804356055727, 0.00015260392768552677, -0.001957404938908454, 0.00025566696854651544, 0.001991019907382041, -0.0029317626217973958, -0.0006712726084244225, -0.0006899626603228681]
other derivatives: [  7.36690708e-03  -2.50111043e-04  -9.09494702e-05   3.20596882e-03
   1.02318154e-03  -2.50111043e-04]
Current x array =  [ -0.71987814  -0.51715575  -0.84359379   1.72266674  -1.90454889
   1.18808741 -13.76049693  -1.0385939   -1.53487378  -0.86036181
  -3.7552662   -3.01581978  -3.43240081  -3.17603622  -3.74396777
  -3.01803638  -3.1661047   -3.51297476]
      fun: 1261.9987012428408
 hess_inv: <18x18 LbfgsInvHessProduct with dtype=float64>
      jac: array([ -7.36690708e-03,   2.50111043e-04,   9.09494702e-05,
        -3.20596882e-03,  -1.02318154e-03,   2.50111043e-04,
         2.39104874e-05,   1.04241908e-04,  -1.43937895e-04,
        -1.28862863e-03,   2.18778044e-03,  -1.52603928e-04,
         1.95740494e-03,  -2.55666969e-04,  -1.99101991e-03,
         2.93176262e-03,   6.71272608e-04,   6.89962660e-04])
  message: 'CONVERGENCE: REL_REDUCTION_OF_F_<=_FACTR*EPSMCH'
     nfev: 3
      nit: 1
   status: 0
  success: True
        x: array([ -0.71987814,  -0.51715575,  -0.84359379,   1.72266674,
        -1.90454889,   1.18808741, -13.76049693,  -1.0385939 ,
        -1.53487378,  -0.86036181,  -3.7552662 ,  -3.01581978,
        -3.43240081,  -3.17603622,  -3.74396777,  -3.01803638,
        -3.1661047 ,  -3.51297476])
number of sites to be analyzed:  107
Successfully loaded parameter value from ./test/save/MG94_Force_YLR333C_YGR027C_nonclock_save.txt
log likelihood =  -1345.64626679
Edge derivatives =  [-2.8909062357397793e-05, 0.0046143820820956916, -0.0026792433221689976, -0.0009881481078466703, 0.006348382312499817, 0.005042016720797585, -0.006431021771258365, 0.0004970724961844974, -0.0061891078611240324, 0.005217770190931281, 0.00011667894455050232, -0.0050663492288688106]
other derivatives: [ 0.00388809  0.0071168  -0.0015234  -0.00286491 -0.00150067  0.        ]
Current x array =  [ -0.71247117  -0.53780754  -0.86218333   1.37812553  -1.92540442
   0.33647224 -15.41021121  -0.62746727  -3.04589569  -0.62498862
  -3.41879426  -3.3670356   -3.4243248   -2.65742825  -3.33111451
  -2.6295835   -2.72544796  -2.93726033]
log likelihood =  -1345.66194118
Edge derivatives =  [-2.9022063222936575e-05, -0.25122136843351284, 0.004239283177991493, -0.09822423358283705, -0.037681782652813745, -0.04287249362196799, 0.017694373808032324, -0.03515965414919012, 0.011300516210019595, -0.0797420090594424, -0.020534005140909917, 0.018484824598831925]
other derivatives: [-2.09352038 -2.83905592  0.36802703  0.21623237  0.0153932   0.        ]
Current x array =  [ -0.70858308  -0.53069074  -0.86370674   1.37526062  -1.92690509
   0.33647224 -15.41024012  -0.62285289  -3.04857493  -0.62597677
  -3.41244587  -3.36199358  -3.43075582  -2.65693117  -3.33730362
  -2.62436573  -2.72533128  -2.94232668]
log likelihood =  -1345.6462653
Edge derivatives =  [-2.891014097509312e-05, 0.00217153891977645, -0.0026131627882969577, -0.0018946437190379695, 0.005928251764743375, 0.004583882999393218, -0.006196622974959001, 0.0001578796308881747, -0.006018037699396794, 0.0044074783561321995, -7.756276250769911e-05, -0.004835700857098266]
other derivatives: [-0.01609806 -0.01982698  0.0020691  -0.00075033 -0.00131877  0.        ]
Current x array =  [ -0.71243372  -0.537739    -0.862198     1.37809794  -1.92541888
   0.33647224 -15.41021149  -0.62742283  -3.04592149  -0.62499814
  -3.41873312  -3.36698704  -3.42438674  -2.65742346  -3.33117412
  -2.62953325  -2.72544684  -2.93730913]
      fun: 1345.646265301667
 hess_inv: <18x18 LbfgsInvHessProduct with dtype=float64>
      jac: array([  1.60980562e-02,   1.98269845e-02,  -2.06910045e-03,
         7.50333129e-04,   1.31876732e-03,  -0.00000000e+00,
         2.89101410e-05,  -2.17153892e-03,   2.61316279e-03,
         1.89464372e-03,  -5.92825176e-03,  -4.58388300e-03,
         6.19662297e-03,  -1.57879631e-04,   6.01803770e-03,
        -4.40747836e-03,   7.75627625e-05,   4.83570086e-03])
  message: 'CONVERGENCE: REL_REDUCTION_OF_F_<=_FACTR*EPSMCH'
     nfev: 3
      nit: 1
   status: 0
  success: True
        x: array([ -0.71243372,  -0.537739  ,  -0.862198  ,   1.37809794,
        -1.92541888,   0.33647224, -15.41021149,  -0.62742283,
        -3.04592149,  -0.62499814,  -3.41873312,  -3.36698704,
        -3.42438674,  -2.65742346,  -3.33117412,  -2.62953325,
        -2.72544684,  -2.93730913])
