/home3/jxiong7/IGCexpansion/IGCexpansion/CodonGeneconv.py:275: FutureWarning: comparison to `None` will result in an elementwise object comparison in the future.
  if not x == None:
number of sites to be analyzed:  183
Successfully loaded parameter value from ./test/save/MG94_YJL177W_YKL180W_nonclock_save.txt
log likelihood =  -1837.0581335
Edge derivatives =  [-4.4240330263274245e-05, -0.0016108136899650738, -0.004976116307013778, -0.0016302357112425447, 0.00958496088591776, -0.006899575983384754, -0.0026356673163501834, 0.003326156754478865, 0.002821727265366992, -0.0011537658511597965, 0.0034855494716125868, -0.006690156740848163]
other derivatives: [ 0.00518412  0.00802629  0.0063892   0.00245564 -0.00154614  0.00270575]
Current x array =  [ -0.71893721  -0.4538261   -0.81392894   1.85012173  -2.35167185
   0.56814888 -12.40357643  -1.49677273  -1.71249446  -1.71380626
  -3.48009714  -3.60508263  -3.9183651   -2.90670922  -4.71752325
  -3.15781352  -3.62695486  -3.26611668]
log likelihood =  -1837.09528091
Edge derivatives =  [-4.312145994845031e-05, -0.02845193071316332, 0.07560137525322685, -0.04158233963410579, -0.06837500529746932, -0.010898792091090348, -0.020667657952885547, -0.11391619901745095, -0.014997589535527205, -0.02505709968393484, -0.06008121280957619, 0.04846584309571467]
other derivatives: [-3.40803581 -5.28552846 -2.05125161  0.05309175  0.03890364 -0.08215011]
Current x array =  [ -0.71375309  -0.44579981  -0.80753974   1.85257737  -2.353218
   0.57085462 -12.40362067  -1.49838354  -1.71747058  -1.71543649
  -3.47051218  -3.61198221  -3.92100076  -2.90338306  -4.71470153
  -3.15896728  -3.62346932  -3.27280683]
log likelihood =  -1837.05813242
Edge derivatives =  [-4.423383357383251e-05, -0.0017415266708041832, -0.004525719021925112, -0.0018278295538536882, 0.009174224106562101, -0.006918381200083035, -0.0027298104198984485, 0.002704011992884975, 0.0027275807516170293, -0.0012775013158044524, 0.003148170611536036, -0.006388114006547041]
other derivatives: [-0.01293756 -0.01978151 -0.00454747  0.0027967  -0.00125056  0.00227374]
Current x array =  [ -0.71890935  -0.45378297  -0.81389461   1.85013493  -2.35168016
   0.56816342 -12.40357667  -1.49678139  -1.7125212   -1.71381501
  -3.48004564  -3.60511971  -3.91837926  -2.90669134  -4.71750809
  -3.15781972  -3.62693614  -3.26615263]
      fun: 1837.0581324162226
 hess_inv: <18x18 LbfgsInvHessProduct with dtype=float64>
      jac: array([  1.29375621e-02,   1.97815098e-02,   4.54747351e-03,
        -2.79669621e-03,   1.25055521e-03,  -2.27373675e-03,
         4.42338336e-05,   1.74152667e-03,   4.52571902e-03,
         1.82782955e-03,  -9.17422411e-03,   6.91838120e-03,
         2.72981042e-03,  -2.70401199e-03,  -2.72758075e-03,
         1.27750132e-03,  -3.14817061e-03,   6.38811401e-03])
  message: 'CONVERGENCE: REL_REDUCTION_OF_F_<=_FACTR*EPSMCH'
     nfev: 3
      nit: 1
   status: 0
  success: True
        x: array([ -0.71890935,  -0.45378297,  -0.81389461,   1.85013493,
        -2.35168016,   0.56816342, -12.40357667,  -1.49678139,
        -1.7125212 ,  -1.71381501,  -3.48004564,  -3.60511971,
        -3.91837926,  -2.90669134,  -4.71750809,  -3.15781972,
        -3.62693614,  -3.26615263])
number of sites to be analyzed:  183
Successfully loaded parameter value from ./test/save/MG94_Force_YJL177W_YKL180W_nonclock_save.txt
log likelihood =  -1873.67774835
Edge derivatives =  [-1.579842577139224e-05, 0.003992330060133331, 0.00619103147420641, 0.009891734486786485, -0.0016760240504655188, 0.0003038488743500878, -0.006606148963195835, 0.005271076665917057, -0.0032649589878029975, -0.0037413758956468812, 0.003961452677595997, 0.008134191430739124]
other derivatives: [ 0.01348326  0.00684395  0.00079581 -0.00516138 -0.00270575  0.        ]
Current x array =  [ -0.73238211  -0.44170212  -0.82039087   1.84859153  -2.48499105
   0.33647224 -15.91769437  -1.41205469  -1.80941395  -1.71431503
  -3.24163652  -3.31442324  -3.68845641  -2.57947091  -4.35466416
  -2.80891416  -3.36998935  -2.99094681]
log likelihood =  -1873.77449792
Edge derivatives =  [-1.6163330025853472e-05, -0.3225953876687001, -0.5507778812730673, -0.7271022854772267, -0.040467095813367715, -0.056144658346655385, -0.0035605899876697267, -0.21039422471502925, -0.009840133774957148, -0.027471944264416917, -0.10083828768056964, -0.19678421984572225]
other derivatives: [-10.73096882  -4.82564246  -0.09640644   0.59326339  -0.11941665   0.        ]
Current x array =  [ -0.71889885  -0.43485818  -0.81959507   1.84343015  -2.4876968
   0.33647224 -15.91771017  -1.40806236  -1.80322292  -1.7044233
  -3.24331254  -3.31411939  -3.69506256  -2.57419983  -4.35792912
  -2.81265553  -3.36602789  -2.98281262]
log likelihood =  -1873.67774742
Edge derivatives =  [-1.5799551638862833e-05, 0.0029923670098234156, 0.004487160251148814, 0.0076380789500586355, -0.0017952687500901732, 0.00013100128307508285, -0.006596435104231163, 0.004611181378893353, -0.00328488498519423, -0.003813554162941213, 0.003640649161008383, 0.007507742709647602]
other derivatives: [-0.0189857  -0.00759428  0.00050022 -0.00331966 -0.00300133  0.        ]
Current x array =  [ -0.73234056  -0.44168103  -0.82038842   1.84857562  -2.48499939
   0.33647224 -15.91769442  -1.41204239  -1.80939487  -1.71428455
  -3.24164168  -3.3144223   -3.68847677  -2.57945467  -4.35467422
  -2.80892569  -3.36997714  -2.99092175]
      fun: 1873.677747424541
 hess_inv: <18x18 LbfgsInvHessProduct with dtype=float64>
      jac: array([  1.89857019e-02,   7.59428076e-03,  -5.00222086e-04,
         3.31965566e-03,   3.00133252e-03,  -0.00000000e+00,
         1.57995516e-05,  -2.99236701e-03,  -4.48716025e-03,
        -7.63807895e-03,   1.79526875e-03,  -1.31001283e-04,
         6.59643510e-03,  -4.61118138e-03,   3.28488499e-03,
         3.81355416e-03,  -3.64064916e-03,  -7.50774271e-03])
  message: 'CONVERGENCE: REL_REDUCTION_OF_F_<=_FACTR*EPSMCH'
     nfev: 3
      nit: 1
   status: 0
  success: True
        x: array([ -0.73234056,  -0.44168103,  -0.82038842,   1.84857562,
        -2.48499939,   0.33647224, -15.91769442,  -1.41204239,
        -1.80939487,  -1.71428455,  -3.24164168,  -3.3144223 ,
        -3.68847677,  -2.57945467,  -4.35467422,  -2.80892569,
        -3.36997714,  -2.99092175])
15
