/home3/jxiong7/IGCexpansion/IGCexpansion/CodonGeneconv.py:276: FutureWarning: comparison to `None` will result in an elementwise object comparison in the future.
  if not x == None:
number of sites to be analyzed:  112
Successfully loaded parameter value from ./test/save/MG94_YLR406C_YDL075W_nonclock_save.txt
log likelihood =  -1178.09909201
Edge derivatives =  [0.00035139028550117135, 0.00029022551047852563, 0.0022828070596179334, -0.0024425351102832504, 0.004695604690512403, 0.0005880788435358858, 0.0010354952176373465, 0.0010329541062099878, 0.000682905058882053, 0.0019206271076294967, 0.0004443852445500593, 0.00011145535412917379]
other derivatives: [ -6.02540240e-03   4.02451406e-03   2.27373675e-04  -2.27373675e-05
   1.88720151e-03   1.18234311e-03]
Current x array =  [-0.64417852 -0.48192393 -0.93056798  1.83998776 -2.4579649   0.50238702
 -3.2034583  -1.4391483  -2.21677986 -2.14533294 -3.61446029 -2.59448781
 -3.90524343 -2.80404334 -5.62039323 -2.41128693 -3.17810448 -3.28149826]
log likelihood =  -1178.11269472
Edge derivatives =  [0.009517406968589479, -0.014475455572751622, -0.013280575493484811, 0.02872106530776697, -0.015803147915625038, -0.008327709516483636, -0.00495194107407991, -0.019545543741888036, -0.0003316442620830062, -0.028135823858570816, -0.007678576768170589, 0.002511016972176039]
other derivatives: [ 3.26240297 -1.80125426 -0.03028617 -0.04042704 -0.01073204 -0.0512955 ]
Current x array =  [-0.65020392 -0.47789942 -0.93034061  1.83996502 -2.4560777   0.50356936
 -3.20310691 -1.43885807 -2.21449705 -2.14777547 -3.60976468 -2.59389973
 -3.90420794 -2.80301039 -5.61971032 -2.4093663  -3.17766009 -3.2813868 ]
log likelihood =  -1178.09909183
Edge derivatives =  [0.00038303956579183174, 0.00023580580673418505, 0.0022259023569853736, -0.00233325419848196, 0.004622330768975627, 0.0005551627079576904, 0.0010137577893315278, 0.0009588232664138746, 0.0006791944055738706, 0.001812404721659236, 0.0004148332164105595, 0.00011919405972869723]
other derivatives: [ 0.00572982 -0.00236469  0.00013642 -0.00013642  0.00184173  0.00102318]
Current x array =  [-0.64419995 -0.48190961 -0.93056717  1.83998768 -2.45795819  0.50239123
 -3.20345705 -1.43914727 -2.21677174 -2.14534162 -3.61444359 -2.59448572
 -3.90523975 -2.80403967 -5.6203908  -2.4112801  -3.1781029  -3.28149786]
      fun: 1178.0990918329371
 hess_inv: <18x18 LbfgsInvHessProduct with dtype=float64>
      jac: array([-0.00572982,  0.00236469, -0.00013642,  0.00013642, -0.00184173,
       -0.00102318, -0.00038304, -0.00023581, -0.0022259 ,  0.00233325,
       -0.00462233, -0.00055516, -0.00101376, -0.00095882, -0.00067919,
       -0.0018124 , -0.00041483, -0.00011919])
  message: 'CONVERGENCE: REL_REDUCTION_OF_F_<=_FACTR*EPSMCH'
     nfev: 3
      nit: 1
   status: 0
  success: True
        x: array([-0.64419995, -0.48190961, -0.93056717,  1.83998768, -2.45795819,
        0.50239123, -3.20345705, -1.43914727, -2.21677174, -2.14534162,
       -3.61444359, -2.59448572, -3.90523975, -2.80403967, -5.6203908 ,
       -2.4112801 , -3.1781029 , -3.28149786])
number of sites to be analyzed:  112
Successfully loaded parameter value from ./test/save/MG94_Force_YLR406C_YDL075W_nonclock_save.txt
log likelihood =  -1195.08199686
Edge derivatives =  [-0.0007541770468108555, 0.000791417867042371, 0.00048140230824719743, 0.00042630001797205885, -2.5191557411020915e-05, -0.0002285251935299215, 0.0011533503628088915, -0.0018671759637044483, -0.003586987844099436, 6.0966207703072595e-06, -0.00467844112611239, 0.0001547446580667522]
other derivatives: [-0.00286491  0.0007276  -0.00029559  0.00131877  0.00127329  0.        ]
Current x array =  [-0.65169113 -0.48016123 -0.94181339  1.78751264 -2.59535293  0.33647224
 -3.94491975 -1.31052355 -2.39851572 -2.00189701 -3.48965127 -2.51295405
 -3.86223034 -2.46284438 -5.15882053 -2.1651759  -2.8396787  -3.13790473]
log likelihood =  -1195.08466232
Edge derivatives =  [0.005188885168210696, -0.01064243084647637, 0.0031470387728564225, -0.0023756568183668225, 0.0012559989416393996, 0.011041456313022044, 0.0017675979786996275, 0.034130687022584705, -0.0011402281285081192, 0.010909657758682356, 0.053866959076229584, 0.004981270942404359]
other derivatives: [ 1.6408876  -0.35870471  0.02701199 -0.05697984 -0.00723048  0.        ]
Current x array =  [-0.65455604 -0.47943364 -0.94210898  1.78883141 -2.59407964  0.33647224
 -3.94567393 -1.30973213 -2.39803432 -2.00147071 -3.48967646 -2.51318258
 -3.86107699 -2.46471156 -5.16240752 -2.1651698  -2.84435714 -3.13774998]
log likelihood =  -1195.0819966
Edge derivatives =  [-0.0006961243340680989, 0.0006779556310144708, 0.0005065482729373488, 0.00039748295247155063, -1.3009315191873927e-05, -0.0001188928151886065, 0.0011590530499225767, -0.0015147300818655063, -0.003563020869244789, 0.000111763546864041, -0.004103627469648041, 0.00020150818209489774]
other derivatives: [ 0.01334683 -0.00277396  0.          0.00077307  0.00122782  0.        ]
Current x array =  [-0.65171922 -0.4801541  -0.94181629  1.78752557 -2.59534045  0.33647224
 -3.94492714 -1.31051579 -2.398511   -2.00189283 -3.48965152 -2.51295629
 -3.86221903 -2.46286269 -5.15885569 -2.16517584 -2.83972457 -3.13790321]
      fun: 1195.0819966004083
 hess_inv: <18x18 LbfgsInvHessProduct with dtype=float64>
      jac: array([ -1.33468347e-02,   2.77395884e-03,  -0.00000000e+00,
        -7.73070497e-04,  -1.22781785e-03,  -0.00000000e+00,
         6.96124334e-04,  -6.77955631e-04,  -5.06548273e-04,
        -3.97482952e-04,   1.30093152e-05,   1.18892815e-04,
        -1.15905305e-03,   1.51473008e-03,   3.56302087e-03,
        -1.11763547e-04,   4.10362747e-03,  -2.01508182e-04])
  message: 'CONVERGENCE: REL_REDUCTION_OF_F_<=_FACTR*EPSMCH'
     nfev: 3
      nit: 1
   status: 0
  success: True
        x: array([-0.65171922, -0.4801541 , -0.94181629,  1.78752557, -2.59534045,
        0.33647224, -3.94492714, -1.31051579, -2.398511  , -2.00189283,
       -3.48965152, -2.51295629, -3.86221903, -2.46286269, -5.15885569,
       -2.16517584, -2.83972457, -3.13790321])
