/home3/jxiong7/IGCexpansion/IGCexpansion/CodonGeneconv.py:275: FutureWarning: comparison to `None` will result in an elementwise object comparison in the future.
  if not x == None:
number of sites to be analyzed:  408
Successfully loaded parameter value from ./test/save/HKY_YBL087C_YER117W_nonclock_save.txt
log likelihood =  -1469.78419112
Edge derivatives =  [0.0023834644392392995, -0.0035601305643575636, -0.0014362211866918969, 0.0005261378350032986, 0.00023547415509456854, 0.0019876341175192325, -0.0031726307900824457, -0.0014382232402029797, -0.0045723707600342275, 0.0005648952252338239, 0.0029533723807063476, -0.0038195106906728244]
other derivatives: [-0.00595719 -0.00195541  0.00179625 -0.00168257  0.00247837]
Current x array =  [-0.77353804 -0.66184628 -0.89361128  2.38845642  2.63443223 -2.66528901
 -9.         -3.84302108 -3.15635858 -5.2234951  -3.77500028 -5.10055113
 -4.26000916 -5.71877135 -4.35408756 -4.2337108  -5.076607  ]
log likelihood =  -1469.79385103
Edge derivatives =  [-0.059556362959616554, -0.003665746787794315, 0.004163082126054078, -0.02414160950172413, -0.005470859617536662, -0.05160809671990807, 0.009378751045769719, 0.015823523694380844, 0.004674014441367329, -0.02172406022077345, -0.05279418047406352, 0.018846339229614262]
other derivatives: [ 2.73903424  0.52714313 -0.40790837  0.04033609 -0.27132501]
Current x array =  [-0.77949523 -0.66380169 -0.89181503  2.38677386  2.63691061 -2.66290554
 -9.         -3.8444573  -3.15583244 -5.22325962 -3.77301264 -5.10372376
 -4.26144738 -5.72334372 -4.35352266 -4.23075743 -5.08042651]
log likelihood =  -1469.78419075
Edge derivatives =  [0.0020020993273423132, -0.003560783015195567, -0.0014023948938511064, 0.00037352700677233813, 0.0002003625419722821, 0.0016587215110266396, -0.0030959723242434986, -0.001333384945856917, -0.004515917112792631, 0.00042808271802254744, 0.002611982937805981, -0.003680871549352739]
other derivatives: [ 0.01086846  0.00122782 -0.00079581 -0.00156888  0.00068212]
Current x array =  [-0.7735745  -0.66185824 -0.89360029  2.38844612  2.6344474  -2.66527442
 -9.         -3.84302987 -3.15635536 -5.22349366 -3.77498811 -5.10057055
 -4.26001796 -5.71879934 -4.3540841  -4.23369272 -5.07663038]
      fun: 1469.7841907471056
 hess_inv: <17x17 LbfgsInvHessProduct with dtype=float64>
      jac: array([-0.01086846, -0.00122782,  0.00079581,  0.00156888, -0.00068212,
       -0.0020021 ,  0.00356078,  0.00140239, -0.00037353, -0.00020036,
       -0.00165872,  0.00309597,  0.00133338,  0.00451592, -0.00042808,
       -0.00261198,  0.00368087])
  message: 'CONVERGENCE: REL_REDUCTION_OF_F_<=_FACTR*EPSMCH'
     nfev: 3
      nit: 1
   status: 0
  success: True
        x: array([-0.7735745 , -0.66185824, -0.89360029,  2.38844612,  2.6344474 ,
       -2.66527442, -9.        , -3.84302987, -3.15635536, -5.22349366,
       -3.77498811, -5.10057055, -4.26001796, -5.71879934, -4.3540841 ,
       -4.23369272, -5.07663038])
number of sites to be analyzed:  408
Successfully loaded parameter value from ./test/save/HKY_Force_YBL087C_YER117W_nonclock_save.txt
log likelihood =  -1584.66971937
Edge derivatives =  [-0.0002786684627256652, 0.0008581425326849024, 1.6516642723632402e-05, -0.0004277402896859933, 0.0012112030757699729, 0.001037777321421296, -0.0011795926292604182, 0.0007510909399836008, -0.00016370228567920073, -0.0003189796021802471, 0.0005535556776799719, -0.0018343915472365004]
other derivatives: [ 0.00472937 -0.00047748  0.00031832 -0.00111413  0.        ]
Current x array =  [-0.82084884 -0.66835641 -0.91375017  2.58408192  0.33647224 -5.95487799
 -2.63228868 -3.27434928 -2.98274595 -3.94898386 -4.02360966 -4.64314713
 -3.6662362  -5.95471693 -3.44730308 -3.93294126 -4.0762853 ]
log likelihood =  -1584.67524495
Edge derivatives =  [-0.0006226962219690341, -0.04137140923054613, -0.024414736581938688, -0.017926184706047704, -0.025127182902552964, -0.024849140030013372, -0.0005297359073167494, -0.025313662301315827, -0.0031074094037249964, -0.013065755256612015, -0.017693497776862764, 0.010170920058219079]
other derivatives: [-2.30634214  0.12130386  0.01409717  0.01491571  0.        ]
Current x array =  [-0.81611947 -0.6688339  -0.91343184  2.58296778  0.33647224 -5.95515666
 -2.63143054 -3.27433276 -2.98317369 -3.94777265 -4.02257189 -4.64432672
 -3.66548511 -5.95488063 -3.44762206 -3.93238771 -4.07811969]
log likelihood =  -1584.66971932
Edge derivatives =  [-0.00027979063323238604, 0.0007309439725308453, -5.752610928601298e-05, -0.0004813385745074811, 0.0011319552431850507, 0.0009598803853188009, -0.0011778985837510858, 0.0006724734710034583, -0.00017258326500694133, -0.0003579204122954871, 0.0004984739701888383, -0.0017988574679987865]
other derivatives: [-0.00216005 -0.00015916  0.00038654 -0.00104592  0.        ]
Current x array =  [-0.82083468 -0.66835784 -0.91374921  2.58407858  0.33647224 -5.95487883
 -2.63228611 -3.27434923 -2.98274723 -3.94898023 -4.02360656 -4.64315066
 -3.66623395 -5.95471742 -3.44730404 -3.9329396  -4.07629079]
      fun: 1584.6697193174703
 hess_inv: <17x17 LbfgsInvHessProduct with dtype=float64>
      jac: array([  2.16004992e-03,   1.59161573e-04,  -3.86535248e-04,
         1.04591891e-03,  -0.00000000e+00,   2.79790633e-04,
        -7.30943973e-04,   5.75261093e-05,   4.81338575e-04,
        -1.13195524e-03,  -9.59880385e-04,   1.17789858e-03,
        -6.72473471e-04,   1.72583265e-04,   3.57920412e-04,
        -4.98473970e-04,   1.79885747e-03])
  message: 'CONVERGENCE: REL_REDUCTION_OF_F_<=_FACTR*EPSMCH'
     nfev: 3
      nit: 1
   status: 0
  success: True
        x: array([-0.82083468, -0.66835784, -0.91374921,  2.58407858,  0.33647224,
       -5.95487883, -2.63228611, -3.27434923, -2.98274723, -3.94898023,
       -4.02360656, -4.64315066, -3.66623395, -5.95471742, -3.44730404,
       -3.9329396 , -4.07629079])
1
