/home3/jxiong7/IGCexpansion/IGCexpansion/CodonGeneconv.py:276: FutureWarning: comparison to `None` will result in an elementwise object comparison in the future.
  if not x == None:
number of sites to be analyzed:  163
Successfully loaded parameter value from ./test/save/MG94_YDR418W_YEL054C_nonclock_save.txt
log likelihood =  -1739.17627519
Edge derivatives =  [-0.0001427028280932066, -0.0027764969506718917, -1.7144550700787242e-06, -0.0010227257915793875, -0.0038101264851560235, -0.0016230686988311788, -0.005323250176099949, -0.002512562852397343, 0.003632112325576739, 0.003187679451252312, 0.0002744535704254786, 0.0014156878861950571]
other derivatives: [  8.13997758e-03  -2.75122147e-03  -2.72848411e-04   1.47792889e-03
  -9.09494702e-05  -3.31965566e-03]
Current x array =  [-0.7225659  -0.4868401  -0.89815808  2.12860574 -2.5746109   0.34353574
 -3.92768063 -1.53378123 -1.56395306 -1.76192695 -3.65956591 -3.62674742
 -3.43768    -2.46094349 -3.69255311 -2.87090295 -2.84518679 -3.82134024]
log likelihood =  -1739.20118336
Edge derivatives =  [0.004068773334206063, 0.016954185438378316, -0.07979492786847148, -0.02318271982209738, 0.010592321288592596, 0.018889117665835904, 0.03387902580339213, 0.07019100560628208, -0.014420415997755162, -0.06520436042492878, -0.01359584332699415, -0.013538145474697425]
other derivatives: [-5.48827757  1.59884621  0.20738753  0.0905402  -0.06334631  0.13051249]
Current x array =  [-0.71442592 -0.48959132 -0.89843093  2.13008367 -2.57470185  0.34021609
 -3.92782333 -1.53655773 -1.56395478 -1.76294968 -3.66337603 -3.62837049
 -3.44300325 -2.46345605 -3.688921   -2.86771527 -2.84491234 -3.81992455]
log likelihood =  -1739.17627488
Edge derivatives =  [-0.00012938923565514876, -0.0027120684201815404, -0.000283249623932752, -0.0011046906442887805, -0.003760749945597275, -0.0015530797435699961, -0.005188253472019164, -0.0022637132054598164, 0.0035686081926703944, 0.002949390428750698, 0.0002242753534994063, 0.0013630866910505218]
other derivatives: [-0.01066383  0.00284217  0.00047748  0.00179625 -0.00029559 -0.00284217]
Current x array =  [-0.72253771 -0.48684963 -0.89815903  2.12861086 -2.57461121  0.34352425
 -3.92768113 -1.53379085 -1.56395307 -1.7619305  -3.6595791  -3.62675304
 -3.43769844 -2.46095219 -3.69254053 -2.87089192 -2.84518584 -3.82133534]
      fun: 1739.1762748849912
 hess_inv: <18x18 LbfgsInvHessProduct with dtype=float64>
      jac: array([ 0.01066383, -0.00284217, -0.00047748, -0.00179625,  0.00029559,
        0.00284217,  0.00012939,  0.00271207,  0.00028325,  0.00110469,
        0.00376075,  0.00155308,  0.00518825,  0.00226371, -0.00356861,
       -0.00294939, -0.00022428, -0.00136309])
  message: 'CONVERGENCE: REL_REDUCTION_OF_F_<=_FACTR*EPSMCH'
     nfev: 3
      nit: 1
   status: 0
  success: True
        x: array([-0.72253771, -0.48684963, -0.89815903,  2.12861086, -2.57461121,
        0.34352425, -3.92768113, -1.53379085, -1.56395307, -1.7619305 ,
       -3.6595791 , -3.62675304, -3.43769844, -2.46095219, -3.69254053,
       -2.87089192, -2.84518584, -3.82133534])
number of sites to be analyzed:  163
Successfully loaded parameter value from ./test/save/MG94_Force_YDR418W_YEL054C_nonclock_save.txt
log likelihood =  -1771.21643617
Edge derivatives =  [-0.0040651534423153165, -0.0035264025467652005, -0.006624982630829834, -0.005449608440152742, -0.0017246445409471525, 0.011351897692340615, -0.0027801656940483477, -0.0008031078892529186, 0.004493600927822854, -0.0025950996656806946, -0.0015298218525977708, -0.003722803541810392]
other derivatives: [-0.01446097 -0.00609361 -0.00695763 -0.00673026  0.00227374  0.        ]
Current x array =  [-0.73385665 -0.47807304 -0.91119978  2.0385425  -2.72241575  0.33647224
 -4.87143352 -1.49457839 -1.60173476 -1.68761693 -3.72029877 -3.01472621
 -3.30733211 -2.22780436 -3.41744458 -2.5803469  -2.60616733 -3.4794769 ]
log likelihood =  -1771.30817964
Edge derivatives =  [0.014062314830035378, 0.21174673242802, 0.4944839293512908, 0.46824510407858133, 0.010098724947324937, -0.050984454289696376, 0.05562842407223765, 0.1537758423747541, 0.00021376015794095926, 0.14267533004442545, 0.11193971293251795, 0.06286942254138514]
other derivatives: [ 9.86963187  3.6045094   1.59241154 -0.14083525  0.04026788  0.        ]
Current x array =  [-0.74831761 -0.48416665 -0.91815742  2.03181224 -2.72014201  0.33647224
 -4.87549868 -1.49810479 -1.60835974 -1.69306654 -3.72202342 -3.00337431
 -3.31011228 -2.22860747 -3.41295098 -2.582942   -2.60769716 -3.4831997 ]
log likelihood =  -1771.2164351
Edge derivatives =  [-0.00400416933523047, -0.0027970018261456453, -0.004925051515297402, -0.003845097987243251, -0.0016847988630591046, 0.011142093003903022, -0.002582255755733183, -0.0002807399592179849, 0.004478749439163002, -0.002103782807859028, -0.00114637541367546, -0.003497530329249446]
other derivatives: [ 0.01955414  0.00636646 -0.00145519 -0.00718501  0.00241016  0.        ]
Current x array =  [-0.73390545 -0.4780936  -0.91122327  2.03851978 -2.72240807  0.33647224
 -4.87144724 -1.49459029 -1.60175712 -1.68763532 -3.72030459 -3.01468789
 -3.30734149 -2.22780707 -3.41742942 -2.58035566 -2.6061725  -3.47948946]
      fun: 1771.2164351036522
 hess_inv: <18x18 LbfgsInvHessProduct with dtype=float64>
      jac: array([-0.01955414, -0.00636646,  0.00145519,  0.00718501, -0.00241016,
       -0.        ,  0.00400417,  0.002797  ,  0.00492505,  0.0038451 ,
        0.0016848 , -0.01114209,  0.00258226,  0.00028074, -0.00447875,
        0.00210378,  0.00114638,  0.00349753])
  message: 'CONVERGENCE: REL_REDUCTION_OF_F_<=_FACTR*EPSMCH'
     nfev: 3
      nit: 1
   status: 0
  success: True
        x: array([-0.73390545, -0.4780936 , -0.91122327,  2.03851978, -2.72240807,
        0.33647224, -4.87144724, -1.49459029, -1.60175712, -1.68763532,
       -3.72030459, -3.01468789, -3.30734149, -2.22780707, -3.41742942,
       -2.58035566, -2.6061725 , -3.47948946])
