/home3/jxiong7/IGCexpansion/IGCexpansion/CodonGeneconv.py:277: FutureWarning: comparison to `None` will result in an elementwise object comparison in the future.
  if not x == None:
number of sites to be analyzed:  342
Successfully loaded parameter value from ./test/save/MG94_MR_GR_nonclock_save.txt
log likelihood =  -10667.2662926
Edge derivatives =  [0.009855623228836596, 0.020091079089489483, 0.0029061906981906055, 0.0024741568049155838, 0.00656504378056133, 0.046761087643086396, 0.02849007771767284, -0.02788041096841895, 0.019676242958410403, 0.01085638331197944, -0.009245471421394508, 0.017900536334818314, -0.003494104557876458, -0.021505523530133686, -0.021185142028572246, -0.021104162979740312, -0.017253210699639587, -0.024806789871994625, 0.019350793844094993, 0.006049968841288167]
other derivatives: [-0.07439667  0.00691216  0.01346052  0.03128662 -0.00945874  0.01491571]
Current x array =  [-0.64546465 -0.76045553 -0.56872386  0.55211838 -2.82819664 -1.81394494
  0.42784689  2.33658101 -0.36379611 -0.37117992 -0.33796196 -0.40440697
 -0.63709021 -1.28383596 -0.81034915 -1.00408832 -1.86083488 -3.41243367
 -4.42989816 -2.34828015 -1.98462084 -1.56034769 -2.89320981 -3.47293386
 -2.40043368 -2.52373309]
log likelihood =  -10678.0696145
Edge derivatives =  [2.0888343458075127, 1.0827048287590375, 1.349864168130627, 1.913012509497417, 0.5404919455597537, -1.1621302297201739, -0.7755042619966497, 0.9767753016175008, -0.06138294473053223, -0.07589850204766599, 1.2195544129220148, 0.18809468850177652, 0.16916384637211956, 1.3784340440928387, 2.114121835245017, 2.9744780223689022, 0.8097971047448115, 0.6223635664305031, -0.4377058799315454, 0.11759670723097748]
other derivatives: [ 262.56439014  -10.7465894   -42.18945833   -9.6297299    10.06937964
   -0.6528353 ]
Current x array =  [-0.71986132 -0.75354337 -0.55526334  0.583405   -2.83765539 -1.79902923
  0.43770252  2.35667208 -0.36088992 -0.36870576 -0.33139691 -0.35764588
 -0.60860013 -1.31171637 -0.79067291 -0.99323194 -1.87008035 -3.39453313
 -4.43339226 -2.36978567 -2.00580599 -1.58145185 -2.91046302 -3.49774065
 -2.38108289 -2.51768312]
log likelihood =  -10667.2662869
Edge derivatives =  [0.011301602518628995, 0.020947311561955506, 0.003879584158122118, 0.00383236266905318, 0.006927465987856429, 0.04600588508664977, 0.027961860726050114, -0.027204539434028407, 0.019602274108367693, 0.010787441252295443, -0.00843938015197554, 0.018002835833381782, -0.003387310967920623, -0.02058586070726176, -0.019796817599205596, -0.019134943034900223, -0.01670941198801064, -0.024382854837319855, 0.019057935856474195, 0.0061220348291756155]
other derivatives: [ 0.09622454 -0.02237357 -0.0347427   0.04838512  0.01509761  0.01455192]
Current x array =  [-0.64551263 -0.76045107 -0.56871518  0.55213856 -2.82820274 -1.81393532
  0.42785325  2.33659396 -0.36379423 -0.37117833 -0.33795772 -0.40437681
 -0.63707183 -1.28385394 -0.81033646 -1.00408132 -1.86084085 -3.41242212
 -4.42990041 -2.34829402 -1.98463451 -1.5603613  -2.89322093 -3.47294986
 -2.4004212  -2.52372919]
      fun: 10667.266286906963
 hess_inv: <26x26 LbfgsInvHessProduct with dtype=float64>
      jac: array([-0.09622454,  0.02237357,  0.0347427 , -0.04838512, -0.01509761,
       -0.01455192, -0.0113016 , -0.02094731, -0.00387958, -0.00383236,
       -0.00692747, -0.04600589, -0.02796186,  0.02720454, -0.01960227,
       -0.01078744,  0.00843938, -0.01800284,  0.00338731,  0.02058586,
        0.01979682,  0.01913494,  0.01670941,  0.02438285, -0.01905794,
       -0.00612203])
  message: 'CONVERGENCE: REL_REDUCTION_OF_F_<=_FACTR*EPSMCH'
     nfev: 3
      nit: 1
   status: 0
  success: True
        x: array([-0.64551263, -0.76045107, -0.56871518,  0.55213856, -2.82820274,
       -1.81393532,  0.42785325,  2.33659396, -0.36379423, -0.37117833,
       -0.33795772, -0.40437681, -0.63707183, -1.28385394, -0.81033646,
       -1.00408132, -1.86084085, -3.41242212, -4.42990041, -2.34829402,
       -1.98463451, -1.5603613 , -2.89322093, -3.47294986, -2.4004212 ,
       -2.52372919])
number of sites to be analyzed:  342
Successfully loaded parameter value from ./test/save/MG94_Force_MR_GR_nonclock_save.txt
log likelihood =  -10693.9162352
Edge derivatives =  [0.036390037184276136, 0.002560326994731521, 0.012741892734831617, -0.038189672769379346, 0.013035730620752917, -0.00783246417852862, 0.04188486310651243, -0.030120684014225643, -0.013767489644186934, -0.0293332189369212, -0.0008569270595139289, -0.0011247517570356844, -0.0019074292710988053, -0.019600089203400062, -0.002105518742291368, 0.011902188651860851, -0.0065842727549501046, -0.0016022834470255098, -0.012337300353905678, -0.00936708494827998]
other derivatives: [-0.13114914 -0.03201421 -0.07767085 -0.03074092  0.04311005  0.        ]
Current x array =  [-0.64833568 -0.76316318 -0.56879917  0.53832572 -2.86489032  0.33647224
  0.32771569  2.37801057 -0.28004131 -0.33529024 -0.23650336 -0.3334346
 -0.54914964 -1.25196927 -0.75993523 -0.93652258 -1.78073647 -3.36889613
 -4.41182724 -2.29366148 -1.93995894 -1.49732897 -2.83124587 -3.43183973
 -2.33879959 -2.46630746]
log likelihood =  -10735.3369059
Edge derivatives =  [-5.283649651347022, -4.6537648574507715, -1.071719524597708, 0.5583816100386252, -1.5108562792128328, -0.009314401067783695, -1.6903859597906121, 0.08179482180667648, 3.919861254255295, 3.134045117780342, 1.1765323884239842, 0.4060123112471045, 0.15069583687946606, 1.8200838770008554, 1.415984993665314, 0.19306603943917353, 0.6543340241628631, 0.5023591686209019, 1.1571548678137324, 1.3378126952076395]
other derivatives: [ 443.70117394   69.60017345  211.78657335   15.27314453  -14.35819286
    0.        ]
Current x array =  [-0.77948481 -0.79517739 -0.64647001  0.50758479 -2.82178027  0.33647224
  0.36410573  2.38057089 -0.26729942 -0.37347992 -0.22346763 -0.34126706
 -0.50726478 -1.28208995 -0.77370272 -0.9658558  -1.78159339 -3.37002088
 -4.41373467 -2.31326157 -1.94206446 -1.48542679 -2.83783014 -3.43344201
 -2.35113689 -2.47567454]
log likelihood =  -10693.9162299
Edge derivatives =  [0.034711084244645085, 0.0012078904039991567, 0.012543493551598131, -0.03771588679048721, 0.012553536333015591, -0.007747777600544514, 0.04136304201904481, -0.030011971962382242, -0.012282410437279151, -0.028024063958058232, -0.0004037556015135113, -0.0009602333497486515, -0.001856049032504123, -0.018875677963971826, -0.001554250134559898, 0.0120201752583797, -0.0063183299023373, -0.0014052407250520413, -0.011871077408709407, -0.008826983603043126]
other derivatives: [ 0.11914381  0.01346052  0.08076313  0.0167347   0.05020411  0.        ]
Current x array =  [-0.64838544 -0.76317532 -0.56882864  0.53831405 -2.86487396  0.33647224
  0.3277295   2.37801154 -0.28003647 -0.33530473 -0.23649841 -0.33343757
 -0.54913375 -1.2519807  -0.75994045 -0.93653372 -1.78073679 -3.36889656
 -4.41182796 -2.29366892 -1.93995974 -1.49732446 -2.83124837 -3.43184034
 -2.33880427 -2.46631101]
      fun: 10693.916229917571
 hess_inv: <26x26 LbfgsInvHessProduct with dtype=float64>
      jac: array([-0.11914381, -0.01346052, -0.08076313, -0.0167347 , -0.05020411,
       -0.        , -0.03471108, -0.00120789, -0.01254349,  0.03771589,
       -0.01255354,  0.00774778, -0.04136304,  0.03001197,  0.01228241,
        0.02802406,  0.00040376,  0.00096023,  0.00185605,  0.01887568,
        0.00155425, -0.01202018,  0.00631833,  0.00140524,  0.01187108,
        0.00882698])
  message: 'CONVERGENCE: REL_REDUCTION_OF_F_<=_FACTR*EPSMCH'
     nfev: 3
      nit: 1
   status: 0
  success: True
        x: array([-0.64838544, -0.76317532, -0.56882864,  0.53831405, -2.86487396,
        0.33647224,  0.3277295 ,  2.37801154, -0.28003647, -0.33530473,
       -0.23649841, -0.33343757, -0.54913375, -1.2519807 , -0.75994045,
       -0.93653372, -1.78073679, -3.36889656, -4.41182796, -2.29366892,
       -1.93995974, -1.49732446, -2.83124837, -3.43184034, -2.33880427,
       -2.46631101])
