/home3/jxiong7/IGCexpansion/IGCexpansion/CodonGeneconv.py:277: FutureWarning: comparison to `None` will result in an elementwise object comparison in the future.
  if not x == None:
number of sites to be analyzed:  140
Successfully loaded parameter value from ./test/save/MG94_YML026C_YDR450W_nonclock_save.txt
log likelihood =  -1377.24546035
Edge derivatives =  [-0.0014492940481462269, 0.0002844490665037114, 0.0005353638200029653, 0.0001691270753014229, 2.2053097813418322e-05, 0.001359867203965609, -2.724772428617224e-05, 0.0007201802626171372, 0.004293465569890877, 4.878212326209219e-05, 0.0026295393840243125, -0.0003484324537224928]
other derivatives: [  7.91260391e-03  -6.13908924e-04  -9.09494702e-05  -1.40971679e-03
  -5.00222086e-04  -1.20508048e-03]
Current x array =  [ -0.69053229  -0.52076016  -0.86672711   1.70680998  -2.60732844
   1.29327505  -3.44395647  -1.56760849  -2.15739549  -1.8620964
 -10.02612802  -2.86245192 -15.65149516  -2.52822395  -4.83959853
  -2.59077464  -3.28878273  -3.93023813]
log likelihood =  -1377.2641126
Edge derivatives =  [-0.0024597388966723643, -0.035711740693557203, -0.03955234254006676, -0.04522422678865354, -1.1645261810231007e-06, -0.032469651235533636, -2.73169876526827e-05, -0.03151153978778984, -0.003792447513756469, -0.015914981000316575, -0.026902330610682493, -0.008007214992661084]
other derivatives: [-4.67096015  0.31591298  0.08144525  0.13062618 -0.05338734  0.03351488]
Current x array =  [ -0.68261968  -0.52137407  -0.86681806   1.70540026  -2.60782866
   1.29206997  -3.44540576  -1.56732404  -2.15686013  -1.86192727
 -10.02610597  -2.86109206 -15.6515224   -2.52750377  -4.83530507
  -2.59072586  -3.28615319  -3.93058656]
log likelihood =  -1377.24546022
Edge derivatives =  [-0.0014530170118631225, 0.00018912521008163097, 0.00043001343751217225, 4.961106537731963e-05, 2.19919048376655e-05, 0.001270973313803131, -2.724790928271268e-05, 0.0006350206619355203, 0.004272252221115283, 6.329421173845162e-06, 0.002552256445022799, -0.0003688040036324697]
other derivatives: [-0.00411546  0.00022737  0.00013642 -0.00102318 -0.00059117 -0.00111413]
Current x array =  [ -0.69051174  -0.52076176  -0.86672734   1.70680632  -2.60732974
   1.29327192  -3.44396024  -1.56760775  -2.1573941   -1.86209596
 -10.02612797  -2.86244839 -15.65149523  -2.52822208  -4.83958738
  -2.59077451  -3.2887759   -3.93023903]
      fun: 1377.2454602191497
 hess_inv: <18x18 LbfgsInvHessProduct with dtype=float64>
      jac: array([  4.11546353e-03,  -2.27373675e-04,  -1.36424205e-04,
         1.02318154e-03,   5.91171556e-04,   1.11413101e-03,
         1.45301701e-03,  -1.89125210e-04,  -4.30013438e-04,
        -4.96110654e-05,  -2.19919048e-05,  -1.27097331e-03,
         2.72479093e-05,  -6.35020662e-04,  -4.27225222e-03,
        -6.32942117e-06,  -2.55225645e-03,   3.68804004e-04])
  message: 'CONVERGENCE: REL_REDUCTION_OF_F_<=_FACTR*EPSMCH'
     nfev: 3
      nit: 1
   status: 0
  success: True
        x: array([ -0.69051174,  -0.52076176,  -0.86672734,   1.70680632,
        -2.60732974,   1.29327192,  -3.44396024,  -1.56760775,
        -2.1573941 ,  -1.86209596, -10.02612797,  -2.86244839,
       -15.65149523,  -2.52822208,  -4.83958738,  -2.59077451,
        -3.2887759 ,  -3.93023903])
Traceback (most recent call last):
  File "Run_rebuild.py", line 52, in <module>
    main(parser.parse_args())
  File "Run_rebuild.py", line 14, in main
    MG94_tau.site_reconstruction()
  File "/home3/jxiong7/IGCexpansion/IGCexpansion/CodonGeneconv.py", line 1828, in site_reconstruction
    np.savetxt(open('./test/Ancestral_reconstruction/parameters/' + 'tau_' + self.paralog[0] + '_' + self.paralog[1] + '_' +model +'.txt','w+'), b)
  File "/usr/local/lib/python2.7/dist-packages/numpy/lib/npyio.py", line 1175, in savetxt
    ncol = X.shape[1]
IndexError: tuple index out of range
