/home3/jxiong7/IGCexpansion/IGCexpansion/CodonGeneconv.py:277: FutureWarning: comparison to `None` will result in an elementwise object comparison in the future.
  if not x == None:
number of sites to be analyzed:  306
Successfully loaded parameter value from ./test/save/MG94_MR_PR_nonclock_save.txt
log likelihood =  -9854.61503525
Edge derivatives =  [-0.005253121954974016, -0.022235878626486183, 0.032377186760417453, 0.009505936944616766, 0.004993209663027631, 0.01059745528032452, -0.011156925994509629, 0.010386097341324447, -0.006806445376558473, 0.002050661929028627, 0.01228725018352489, 0.005396010578948021, -0.0075722078847746885, 0.01083318797253674, 0.034350825442355404, -0.06077902458470269, 0.014250849641123844, -0.014259241517050353, 1.551622470019609e-05, 0.009589437554878753]
other derivatives: [ 0.14551915  0.05820766  0.02983143 -0.03565219  0.02073648 -0.04001777]
Current x array =  [-0.65391474 -0.7567177  -0.5933457   0.58798226 -2.8086554  -1.97208507
  0.63737045  2.37266861  0.15888719 -0.15099792 -0.54909308 -0.35451116
 -0.47177413 -0.92481787 -1.26181484 -0.91949481 -1.89638882 -3.45984534
 -4.33613554 -2.6796021  -2.11883647 -0.93778712 -2.85571082 -3.26905497
 -2.57887366 -2.55109454]
log likelihood =  -9907.08597521
Edge derivatives =  [-6.087431348267535, -6.112859422366393, -8.563720797196297, -5.436417940319279, -5.272326217856405, -6.731966402529344, -3.5246610246144687, -2.847161019643216, -2.248464608821909, -1.8746806938245144, -2.281279340152189, -0.31017791158328073, -0.06670516999005431, -0.8948479324059202, -2.824662544744695, 4.245973528050179, -0.8979437061005215, -0.21943359446978278, -0.957705439902505, -1.2134435155198589]
other derivatives: [-702.57610787 -133.43978935  -68.27540346   29.66662578  -33.73897925
    1.63672667]
Current x array =  [-0.50839558 -0.69851004 -0.56351428  0.55233007 -2.78791892 -2.01210283
  0.63211733  2.35043274  0.19126438 -0.14149198 -0.54409987 -0.34391371
 -0.48293105 -0.91443177 -1.26862129 -0.91744414 -1.88410157 -3.45444933
 -4.34370774 -2.66876891 -2.08448564 -0.99856615 -2.84145997 -3.28331421
 -2.57885815 -2.5415051 ]
log likelihood =  -9854.61503003
Edge derivatives =  [-0.0075339565181939405, -0.02424793311005697, 0.029383906000846588, 0.007568421173491435, 0.002930573742180531, 0.008063311315206434, -0.01256458421181511, 0.009310138384108664, -0.007813600655484088, 0.0012279745166590278, 0.011357334653910783, 0.005257076422868802, -0.007617776355291244, 0.010451246861288732, 0.03324589450245202, -0.05914390067633413, 0.013887482941633597, -0.014350752165650668, -0.00035281164947420507, 0.009122233999833682]
other derivatives: [-0.09731593 -0.02382876  0.02182787 -0.03074092  0.00763976 -0.03965397]
Current x array =  [-0.65385845 -0.75669518 -0.59333417  0.58796847 -2.80864738 -1.97210054
  0.63736842  2.37266001  0.15889971 -0.15099424 -0.54909115 -0.35450706
 -0.47177844 -0.92481385 -1.26181747 -0.91949401 -1.89638407 -3.45984325
 -4.33613846 -2.67959791 -2.11882318 -0.93781063 -2.85570531 -3.26906048
 -2.57887366 -2.55109083]
      fun: 9854.615030029323
 hess_inv: <26x26 LbfgsInvHessProduct with dtype=float64>
      jac: array([ 0.09731593,  0.02382876, -0.02182787,  0.03074092, -0.00763976,
        0.03965397,  0.00753396,  0.02424793, -0.02938391, -0.00756842,
       -0.00293057, -0.00806331,  0.01256458, -0.00931014,  0.0078136 ,
       -0.00122797, -0.01135733, -0.00525708,  0.00761778, -0.01045125,
       -0.03324589,  0.0591439 , -0.01388748,  0.01435075,  0.00035281,
       -0.00912223])
  message: 'CONVERGENCE: REL_REDUCTION_OF_F_<=_FACTR*EPSMCH'
     nfev: 3
      nit: 1
   status: 0
  success: True
        x: array([-0.65385845, -0.75669518, -0.59333417,  0.58796847, -2.80864738,
       -1.97210054,  0.63736842,  2.37266001,  0.15889971, -0.15099424,
       -0.54909115, -0.35450706, -0.47177844, -0.92481385, -1.26181747,
       -0.91949401, -1.89638407, -3.45984325, -4.33613846, -2.67959791,
       -2.11882318, -0.93781063, -2.85570531, -3.26906048, -2.57887366,
       -2.55109083])
number of sites to be analyzed:  306
Successfully loaded parameter value from ./test/save/MG94_Force_MR_PR_nonclock_save.txt
log likelihood =  -9873.80872921
Edge derivatives =  [0.0002735759023033135, -0.007713196101099001, -0.020914043725519096, -0.004764540911439408, -0.010966766635652436, -0.022774102374411465, -0.003645697460347331, -0.00467044716101106, 0.02190257416026875, 0.021593017957013516, 0.0007217277029571978, 0.0035870466743187293, 0.00045999914084952215, -0.015251266331740565, 0.0052792596095739, -0.02687974726900766, -0.013674311165873254, 0.0074665018791567755, -0.000858324210157857, -0.014456166975897647]
other derivatives: [-0.09877112  0.00563887 -0.03328751  0.00563887 -0.04747562  0.        ]
Current x array =  [-0.65410034 -0.75917953 -0.59161014  0.57687243 -2.82818929  0.33647224
  0.51212865  2.40906519  0.20611349 -0.10936756 -0.45408814 -0.31543928
 -0.44374127 -0.85302909 -1.17632465 -0.89630122 -1.82496608 -3.46269914
 -4.30131946 -2.62199675 -2.06800267 -0.89126442 -2.81032576 -3.20356194
 -2.53681891 -2.49105443]
log likelihood =  -9893.79318628
Edge derivatives =  [6.1142081373869175, 12.123821079488119, 6.991879817421821, 4.594877458529264, 4.956053158696761, 5.91300721923032, 4.451204665228446, 3.1300543653852024, 0.9036038843517818, -0.019497269048020516, 1.1031142478166835, 0.17501925311169297, 0.15040308087265303, 1.015271623914043, 0.7471017151138333, 6.293448466855125, 0.8025559753587392, 0.26164984835333044, 0.7020835506266887, 0.9713178079090273]
other derivatives: [ 330.67099139   -8.57053237   80.8007826   -10.49102138   45.91038305
    0.        ]
Current x array =  [-0.75287147 -0.75354066 -0.62489765  0.5825113  -2.87566491  0.33647224
  0.51240223  2.40135199  0.18519945 -0.1141321  -0.46505491 -0.33821338
 -0.44738696 -0.85769954 -1.15442207 -0.87470821 -1.82424435 -3.45911209
 -4.30085946 -2.63724801 -2.06272341 -0.91814417 -2.82400007 -3.19609543
 -2.53767724 -2.5055106 ]
log likelihood =  -9873.80872904
Edge derivatives =  [0.0027440103084913625, -0.002906051446707506, -0.01802187915843919, -0.0028922013040546535, -0.009048759996281408, -0.02044234186542071, -0.0019324377232166196, -0.003442735494516555, 0.022172552175620308, 0.021513397493961667, 0.0011244669217987113, 0.0036453406422851595, 0.0005090113642266456, -0.014865098440304925, 0.005550724841010907, -0.024427794547805082, -0.013361367862379722, 0.007557095651965037, -0.000592484860127529, -0.014081080970670394]
other derivatives: [ 0.14206307  0.04383764  0.07166818  0.03165042  0.0507498   0.        ]
Current x array =  [-0.65413853 -0.75917735 -0.59162301  0.57687461 -2.82820765  0.33647224
  0.51212876  2.40906221  0.2061054  -0.1093694  -0.45409238 -0.31544809
 -0.44374268 -0.8530309  -1.17631618 -0.89629288 -1.8249658  -3.46269775
 -4.30131928 -2.62200264 -2.06800063 -0.89127482 -2.81033105 -3.20355905
 -2.53681925 -2.49106002]
      fun: 9873.808729036999
 hess_inv: <26x26 LbfgsInvHessProduct with dtype=float64>
      jac: array([-0.14206307, -0.04383764, -0.07166818, -0.03165042, -0.0507498 ,
       -0.        , -0.00274401,  0.00290605,  0.01802188,  0.0028922 ,
        0.00904876,  0.02044234,  0.00193244,  0.00344274, -0.02217255,
       -0.0215134 , -0.00112447, -0.00364534, -0.00050901,  0.0148651 ,
       -0.00555072,  0.02442779,  0.01336137, -0.0075571 ,  0.00059248,
        0.01408108])
  message: 'CONVERGENCE: REL_REDUCTION_OF_F_<=_FACTR*EPSMCH'
     nfev: 3
      nit: 1
   status: 0
  success: True
        x: array([-0.65413853, -0.75917735, -0.59162301,  0.57687461, -2.82820765,
        0.33647224,  0.51212876,  2.40906221,  0.2061054 , -0.1093694 ,
       -0.45409238, -0.31544809, -0.44374268, -0.8530309 , -1.17631618,
       -0.89629288, -1.8249658 , -3.46269775, -4.30131928, -2.62200264,
       -2.06800063, -0.89127482, -2.81033105, -3.20355905, -2.53681925,
       -2.49106002])
