/home3/jxiong7/IGCexpansion/IGCexpansion/CodonGeneconv.py:277: FutureWarning: comparison to `None` will result in an elementwise object comparison in the future.
  if not x == None:
number of sites to be analyzed:  140
Successfully loaded parameter value from ./test/save/MG94_YML026C_YDR450W_nonclock_save.txt
log likelihood =  -1377.24545987
Edge derivatives =  [-0.0014349060405624003, 0.0002811863260521186, 0.0005037486397090896, 0.00020842998877584895, 2.1948213556438687e-05, 0.0011277793333588082, -2.7248008872881068e-05, 0.0006005929951645728, 0.004180506350410156, 0.00014259020477810913, 0.002290898844495959, -0.000368280814137506]
other derivatives: [  7.45785655e-03  -5.45696821e-04  -9.09494702e-05  -1.09139364e-03
  -4.32009983e-04  -9.77706804e-04]
Current x array =  [ -0.69053214  -0.52076101  -0.86672627   1.70679342  -2.60733677
   1.29325864  -3.44397847  -1.56760512  -2.15738852  -1.86209485
 -10.02612769  -2.86243305 -15.65149557  -2.52821431  -4.83953396
  -2.59077392  -3.28874486  -3.9302437 ]
log likelihood =  -1377.26197504
Edge derivatives =  [-0.002555870452943615, -0.03407958278764722, -0.03725895143563557, -0.043654108904595174, 5.74018452614909e-07, -0.029261893825349383, -2.73170331059413e-05, -0.029332498702353244, -0.003942029232083408, -0.0189280333780249, -0.024378551727887887, -0.0075232613077452146]
other derivatives: [-4.39579253  0.2855586   0.07676135  0.11896191 -0.05029506  0.02612524]
Current x array =  [ -0.68307429  -0.52130671  -0.86681722   1.70570202  -2.60776878
   1.29228093  -3.44541337  -1.56732393  -2.15688477  -1.86188642
 -10.02610574  -2.86130527 -15.65152282  -2.52761372  -4.83535345
  -2.59063133  -3.28645396  -3.93061198]
log likelihood =  -1377.24545976
Edge derivatives =  [-0.0014387612275950923, 0.00019106459027273814, 0.0004053920077020934, 9.402818115522571e-05, 2.189237818712509e-05, 0.0010485866902335828, -2.7248191132865608e-05, 0.0005222090714013528, 0.0041594039439454035, 9.259181356269242e-05, 0.0022216801439347428, -0.0003871360789938702]
other derivatives: [ -3.79714038e-03   2.04636308e-04   4.54747351e-05  -8.18545232e-04
  -5.45696821e-04  -9.32232069e-04]
Current x array =  [ -0.69051293  -0.52076242  -0.86672651   1.7067906   -2.60733788
   1.29325612  -3.44398216  -1.56760439  -2.15738722  -1.86209431
 -10.02612763  -2.86243014 -15.65149564  -2.52821276  -4.83952319
  -2.59077355  -3.28873896  -3.93024465]
      fun: 1377.2454597560395
 hess_inv: <18x18 LbfgsInvHessProduct with dtype=float64>
      jac: array([  3.79714038e-03,  -2.04636308e-04,  -4.54747351e-05,
         8.18545232e-04,   5.45696821e-04,   9.32232069e-04,
         1.43876123e-03,  -1.91064590e-04,  -4.05392008e-04,
        -9.40281812e-05,  -2.18923782e-05,  -1.04858669e-03,
         2.72481911e-05,  -5.22209071e-04,  -4.15940394e-03,
        -9.25918136e-05,  -2.22168014e-03,   3.87136079e-04])
  message: 'CONVERGENCE: REL_REDUCTION_OF_F_<=_FACTR*EPSMCH'
     nfev: 3
      nit: 1
   status: 0
  success: True
        x: array([ -0.69051293,  -0.52076242,  -0.86672651,   1.7067906 ,
        -2.60733788,   1.29325612,  -3.44398216,  -1.56760439,
        -2.15738722,  -1.86209431, -10.02612763,  -2.86243014,
       -15.65149564,  -2.52821276,  -4.83952319,  -2.59077355,
        -3.28873896,  -3.93024465])
number of sites to be analyzed:  140
Successfully loaded parameter value from ./test/save/MG94_Force_YML026C_YDR450W_nonclock_save.txt
log likelihood =  -1444.31278671
Edge derivatives =  [-0.00010693165089816621, -0.0002902725769882153, 0.0006063714806865961, 0.001501371354136638, 0.005122729466071105, -0.0013136143399911926, -4.6298237431359346e-05, -0.0004009484723602741, 0.0038485660047857806, 0.0013549037183465118, 0.00047778081352145563, -0.0018138954052744072]
other derivatives: [-0.00527507  0.00022737  0.00013642  0.00111413 -0.00102318  0.        ]
Current x array =  [ -0.71910209  -0.51668992  -0.89458244   1.57906104  -2.82999883
   0.33647224 -11.65397892  -1.39341811  -2.31077136  -1.65764472
  -3.76133222  -2.71141378 -15.12661842  -2.2135007   -4.47032261
  -2.10791125  -2.86185198  -3.49997834]
log likelihood =  -1444.32131151
Edge derivatives =  [-0.00011000410224531646, 0.04113602575769182, 0.01144050516678391, -0.006469087819488517, -0.002251888805644739, 0.021264036468103126, -4.6255232553341727e-05, 0.03169694192254946, -0.002286080745010334, -0.011646852195185298, 0.01314728503986426, 0.011116786365365228]
other derivatives: [ 3.16495061 -0.19308573 -0.08938059 -0.14888428  0.06282335  0.        ]
Current x array =  [ -0.72437716  -0.51646255  -0.89444601   1.58017517  -2.83102201
   0.33647224 -11.65408585  -1.39370838  -2.31016499  -1.65614334
  -3.75620949  -2.71272739 -15.12666472  -2.21390165  -4.46647404
  -2.10655635  -2.86137419  -3.50179224]
log likelihood =  -1444.31278652
Edge derivatives =  [-0.0001069464714557914, -9.718504955369411e-05, 0.0006559393657541435, 0.001461526944868008, 0.005087904025910556, -0.0012082669084565179, -4.62980381981866e-05, -0.0002516029925480612, 0.0038196296258788814, 0.0012923369663536133, 0.0005364679796066862, -0.0017534631624511188]
other derivatives: [ 0.00966338 -0.00070486 -0.00034106  0.00038654 -0.00077307  0.        ]
Current x array =  [ -0.71912685  -0.51668885  -0.89458179   1.57906626  -2.83000363
   0.33647224 -11.65397942  -1.39341947  -2.31076851  -1.65763767
  -3.76130818  -2.71141995 -15.12661864  -2.21350258  -4.47030454
  -2.10790489  -2.86184973  -3.49998686]
      fun: 1444.31278652153
 hess_inv: <18x18 LbfgsInvHessProduct with dtype=float64>
      jac: array([ -9.66338121e-03,   7.04858394e-04,   3.41060513e-04,
        -3.86535248e-04,   7.73070497e-04,  -0.00000000e+00,
         1.06946471e-04,   9.71850496e-05,  -6.55939366e-04,
        -1.46152694e-03,  -5.08790403e-03,   1.20826691e-03,
         4.62980382e-05,   2.51602993e-04,  -3.81962963e-03,
        -1.29233697e-03,  -5.36467980e-04,   1.75346316e-03])
  message: 'CONVERGENCE: REL_REDUCTION_OF_F_<=_FACTR*EPSMCH'
     nfev: 3
      nit: 1
   status: 0
  success: True
        x: array([ -0.71912685,  -0.51668885,  -0.89458179,   1.57906626,
        -2.83000363,   0.33647224, -11.65397942,  -1.39341947,
        -2.31076851,  -1.65763767,  -3.76130818,  -2.71141995,
       -15.12661864,  -2.21350258,  -4.47030454,  -2.10790489,
        -2.86184973,  -3.49998686])
