/home3/jxiong7/IGCexpansion/IGCexpansion/CodonGeneconv.py:276: FutureWarning: comparison to `None` will result in an elementwise object comparison in the future.
  if not x == None:
number of sites to be analyzed:  197
Successfully loaded parameter value from ./test/save/MG94_YMR142C_YDL082W_nonclock_save.txt
log likelihood =  -2054.05074482
Edge derivatives =  [-0.0009605149814992664, -0.0020685618866417843, 0.0029081771093136255, -0.004215689610094608, 0.00023976748945508854, -0.002101500534939571, -0.00015539322312442538, -0.0005144790672905464, 0.004193351769371231, 0.001199590801284095, 0.0003585224214818772, 0.0033194130403989275]
other derivatives: [-0.01155058  0.00386535  0.0001819  -0.00736691 -0.00536602  0.00259206]
Current x array =  [-0.67259153 -0.47522114 -0.80772445  1.98779697 -1.49563561  1.74139174
 -2.68898274 -1.92259072 -2.43253892 -1.7337423  -6.32553553 -3.1025858
 -3.95779509 -2.55176752 -3.62809026 -2.84379768 -3.34964866 -4.24684995]
log likelihood =  -2054.11647563
Edge derivatives =  [0.042812793774543875, 0.09170843994262123, 0.035140698201461915, 0.2540970255847672, 0.002752660408693161, 0.04820530869498524, 0.003068747329411217, 0.059969071424474274, -0.029988849533482284, -0.062126361164315386, -0.01009253329851488, -0.026118460011478602]
other derivatives: [ 9.88929969 -3.06977199 -0.23874236  0.1366061   0.33260221 -0.23915163]
Current x array =  [-0.68414211 -0.47135578 -0.80754255  1.98043006 -1.50100163  1.7439838
 -2.68994325 -1.92465928 -2.42963074 -1.73795799 -6.32529576 -3.1046873
 -3.95795048 -2.552282   -3.62389691 -2.84259809 -3.34929014 -4.24353054]
log likelihood =  -2054.05074448
Edge derivatives =  [-0.0008650034107196558, -0.001858800530688265, 0.002977894759479738, -0.0036303262901156708, 0.00024538392129865114, -0.0019894346955865727, -0.00014934195865075328, -0.00038018418204360804, 0.004113891577300105, 0.0010512899423172073, 0.000332574274126779, 0.0032509715479853846]
other derivatives: [ 0.01150511 -0.00304681 -0.00022737 -0.00695763 -0.00445652  0.00213731]
Current x array =  [-0.67261792 -0.4752123  -0.80772404  1.98778013 -1.49564788  1.74139767
 -2.68898493 -1.92259545 -2.43253227 -1.73375193 -6.32553498 -3.1025906
 -3.95779545 -2.5517687  -3.62808068 -2.84379494 -3.34964784 -4.24684237]
      fun: 2054.0507444766686
 hess_inv: <18x18 LbfgsInvHessProduct with dtype=float64>
      jac: array([-0.01150511,  0.00304681,  0.00022737,  0.00695763,  0.00445652,
       -0.00213731,  0.000865  ,  0.0018588 , -0.00297789,  0.00363033,
       -0.00024538,  0.00198943,  0.00014934,  0.00038018, -0.00411389,
       -0.00105129, -0.00033257, -0.00325097])
  message: 'CONVERGENCE: REL_REDUCTION_OF_F_<=_FACTR*EPSMCH'
     nfev: 3
      nit: 1
   status: 0
  success: True
        x: array([-0.67261792, -0.4752123 , -0.80772404,  1.98778013, -1.49564788,
        1.74139767, -2.68898493, -1.92259545, -2.43253227, -1.73375193,
       -6.32553498, -3.1025906 , -3.95779545, -2.5517687 , -3.62808068,
       -2.84379494, -3.34964784, -4.24684237])
number of sites to be analyzed:  197
Successfully loaded parameter value from ./test/save/MG94_Force_YMR142C_YDL082W_nonclock_save.txt
log likelihood =  -2197.02712373
Edge derivatives =  [-0.00010688294984884697, -0.0027152541394044327, -0.0011219339046168453, -0.007360084061977301, -0.008217908015463626, -0.001135870165839159, -0.010316390542665685, -0.0007094532482984639, 0.006331586803394795, 0.005031836800860667, 0.0030201712393456703, -0.008635523037362786]
other derivatives: [ 0.0208729  -0.0174623  -0.00095497 -0.00022737 -0.00168257  0.        ]
Current x array =  [ -0.70842267  -0.46487843  -0.82442034   1.82319231  -1.88037956
   0.33647224 -14.66435838  -1.44282291  -2.29126286  -1.6409082
  -4.43733747  -2.95019282  -3.57173734  -2.21043355  -3.17135514
  -2.24942165  -2.72805712  -3.77722431]
log likelihood =  -2197.35573481
Edge derivatives =  [-0.00010783089025582285, -0.052755987532550286, 0.046709275980391596, 0.10050237953636887, -0.015229517613375723, -0.040319343498787186, 0.007357213940034829, -0.06325764127031908, -0.08756889683645615, -0.29578888710340995, -0.15572463555718452, 0.04730957426585944]
other derivatives: [-19.79815352  13.8573796    1.07811502   0.14688339  -0.0422915    0.        ]
Current x array =  [ -0.68754977  -0.48234073  -0.82537531   1.82296493  -1.88206213
   0.33647224 -14.66446526  -1.44553816  -2.29238479  -1.64826829
  -4.44555538  -2.95132869  -3.58205373  -2.211143    -3.16502356
  -2.24438981  -2.72503695  -3.78585983]
log likelihood =  -2197.02712276
Edge derivatives =  [-0.00010688468451080234, -0.002813521289054044, -0.0010512310052686602, -0.00719351091094389, -0.008231367359972756, -0.0012097744346719064, -0.010290006999587806, -0.0008276289363446376, 0.006167192867466698, 0.0045050872984117585, 0.002740139959105159, -0.008541083629694232]
other derivatives: [-0.01236913  0.00723048  0.00081855  0.         -0.00181899  0.        ]
Current x array =  [ -0.70838677  -0.46490846  -0.82442198   1.82319192  -1.88038246
   0.33647224 -14.66435856  -1.44282758  -2.29126479  -1.64092086
  -4.4373516   -2.95019477  -3.57175508  -2.21043477  -3.17134425
  -2.249413    -2.72805192  -3.77723916]
      fun: 2197.0271227599987
 hess_inv: <18x18 LbfgsInvHessProduct with dtype=float64>
      jac: array([ 0.01236913, -0.00723048, -0.00081855, -0.        ,  0.00181899,
       -0.        ,  0.00010688,  0.00281352,  0.00105123,  0.00719351,
        0.00823137,  0.00120977,  0.01029001,  0.00082763, -0.00616719,
       -0.00450509, -0.00274014,  0.00854108])
  message: 'CONVERGENCE: REL_REDUCTION_OF_F_<=_FACTR*EPSMCH'
     nfev: 3
      nit: 1
   status: 0
  success: True
        x: array([ -0.70838677,  -0.46490846,  -0.82442198,   1.82319192,
        -1.88038246,   0.33647224, -14.66435856,  -1.44282758,
        -2.29126479,  -1.64092086,  -4.4373516 ,  -2.95019477,
        -3.57175508,  -2.21043477,  -3.17134425,  -2.249413  ,
        -2.72805192,  -3.77723916])
