/home3/jxiong7/IGCexpansion/IGCexpansion/CodonGeneconv.py:277: FutureWarning: comparison to `None` will result in an elementwise object comparison in the future.
  if not x == None:
number of sites to be analyzed:  140
Successfully loaded parameter value from ./test/save/MG94_YML026C_YDR450W_nonclock_save.txt
log likelihood =  -1377.24545976
Edge derivatives =  [-0.0014387612275950923, 0.00019106459027273814, 0.0004053920077020934, 9.402818115522571e-05, 2.189237818712509e-05, 0.0010485866902335828, -2.7248191132865608e-05, 0.0005222090714013528, 0.0041594039439454035, 9.259181356269242e-05, 0.0022216801439347428, -0.0003871360789938702]
other derivatives: [ -3.79714038e-03   2.04636308e-04   4.54747351e-05  -8.18545232e-04
  -5.45696821e-04  -9.32232069e-04]
Current x array =  [ -0.69051293  -0.52076242  -0.86672651   1.7067906   -2.60733788
   1.29325612  -3.44398216  -1.56760439  -2.15738722  -1.86209431
 -10.02612763  -2.86243014 -15.65149564  -2.52821276  -4.83952319
  -2.59077355  -3.28873896  -3.93024465]
log likelihood =  -1377.24958933
Edge derivatives =  [0.0006307067013364698, 0.01736947309481618, 0.01705977712942286, 0.025642271622670798, 2.4107492282446705e-05, -0.003307137008676908, -2.724225310237215e-05, 0.005681948142386317, -0.0028775285169588966, 0.015451132029810799, -0.014706144613211541, 0.001754989175978803]
other derivatives: [ 2.16834906 -0.13692443 -0.02321485 -0.03690275  0.03190053  0.00329692]
Current x array =  [ -0.69431007  -0.52055778  -0.86668103   1.70597206  -2.60788358
   1.29232389  -3.44542092  -1.56741333  -2.15698183  -1.86200029
 -10.02610574  -2.86138156 -15.65152289  -2.52769056  -4.83536379
  -2.59068096  -3.28651728  -3.93063178]
log likelihood =  -1377.24545965
Edge derivatives =  [-0.0014287426272530934, 0.00027706987407905004, 0.0004890347737891987, 0.00022247790860435712, 2.1903153203926308e-05, 0.0010260611743611592, -2.724816343789158e-05, 0.0005476132997010441, 0.004123767271690509, 0.00016975498131477362, 0.002135832565329107, -0.00037653183413201285]
other derivatives: [  7.29869498e-03  -4.32009983e-04  -2.27373675e-05  -9.77706804e-04
  -3.86535248e-04  -9.09494702e-04]
Current x array =  [ -0.69053213  -0.52076138  -0.86672628   1.70678647  -2.60734064
   1.29325141  -3.44398944  -1.56760343  -2.15738517  -1.86209384
 -10.02612752  -2.86242484 -15.65149578  -2.52821012  -4.83950216
  -2.59077308  -3.28872773  -3.9302466 ]
      fun: 1377.2454596495124
 hess_inv: <18x18 LbfgsInvHessProduct with dtype=float64>
      jac: array([ -7.29869498e-03,   4.32009983e-04,   2.27373675e-05,
         9.77706804e-04,   3.86535248e-04,   9.09494702e-04,
         1.42874263e-03,  -2.77069874e-04,  -4.89034774e-04,
        -2.22477909e-04,  -2.19031532e-05,  -1.02606117e-03,
         2.72481634e-05,  -5.47613300e-04,  -4.12376727e-03,
        -1.69754981e-04,  -2.13583257e-03,   3.76531834e-04])
  message: 'CONVERGENCE: REL_REDUCTION_OF_F_<=_FACTR*EPSMCH'
     nfev: 3
      nit: 1
   status: 0
  success: True
        x: array([ -0.69053213,  -0.52076138,  -0.86672628,   1.70678647,
        -2.60734064,   1.29325141,  -3.44398944,  -1.56760343,
        -2.15738517,  -1.86209384, -10.02612752,  -2.86242484,
       -15.65149578,  -2.52821012,  -4.83950216,  -2.59077308,
        -3.28872773,  -3.9302466 ])
number of sites to be analyzed:  140
Successfully loaded parameter value from ./test/save/MG94_Force_YML026C_YDR450W_nonclock_save.txt
log likelihood =  -1444.31278652
Edge derivatives =  [-0.0001069464714557914, -9.718504955369411e-05, 0.0006559393657541435, 0.001461526944868008, 0.005087904025910556, -0.0012082669084565179, -4.62980381981866e-05, -0.0002516029925480612, 0.0038196296258788814, 0.0012923369663536133, 0.0005364679796066862, -0.0017534631624511188]
other derivatives: [ 0.00966338 -0.00070486 -0.00034106  0.00038654 -0.00077307  0.        ]
Current x array =  [ -0.71912685  -0.51668885  -0.89458179   1.57906626  -2.83000363
   0.33647224 -11.65397942  -1.39341947  -2.31076851  -1.65763767
  -3.76130818  -2.71141995 -15.12661864  -2.21350258  -4.47030454
  -2.10790489  -2.86184973  -3.49998686]
log likelihood =  -1444.34160915
Edge derivatives =  [-0.00011339281396176195, -0.05196979586062067, -0.06773276853488816, -0.13783612426589847, -0.02177349284294891, -0.026458430946416756, -4.6482967041340105e-05, -0.04660603753663156, -0.008705899223758841, -0.0925386204403687, -0.03037115945616531, -0.004752168466096482]
other derivatives: [-5.93354343  0.41750354  0.17457751  0.18769697 -0.05056791  0.        ]
Current x array =  [ -0.70946347  -0.51739371  -0.89492286   1.5794528   -2.8307767
   0.33647224 -11.65408637  -1.39351666  -2.31011257  -1.65617614
  -3.75622027  -2.71262821 -15.12666494  -2.21375418  -4.46648491
  -2.10661255  -2.86131326  -3.50174032]
log likelihood =  -1444.31278634
Edge derivatives =  [-0.000106963331875981, -0.0002299044110354309, 0.00048239040218867046, 0.001108752619111364, 0.00502028509250467, -0.0012732253168485919, -4.6298506530900526e-05, -0.000370368995183612, 0.0037880304688395414, 0.001054780030336877, 0.00045763789971828284, -0.001761715415097287]
other derivatives: [-0.00495675  0.00034106  0.00013642  0.00081855 -0.00088676  0.        ]
Current x array =  [ -0.71910266  -0.51669062  -0.89458265   1.57906723  -2.83000556
   0.33647224 -11.65397969  -1.39341972  -2.31076687  -1.65763401
  -3.76129544  -2.71142297 -15.12661876  -2.21350321  -4.47029498
  -2.10790166  -2.86184839  -3.49999125]
      fun: 1444.3127863395212
 hess_inv: <18x18 LbfgsInvHessProduct with dtype=float64>
      jac: array([  4.95674612e-03,  -3.41060513e-04,  -1.36424205e-04,
        -8.18545232e-04,   8.86757334e-04,  -0.00000000e+00,
         1.06963332e-04,   2.29904411e-04,  -4.82390402e-04,
        -1.10875262e-03,  -5.02028509e-03,   1.27322532e-03,
         4.62985065e-05,   3.70368995e-04,  -3.78803047e-03,
        -1.05478003e-03,  -4.57637900e-04,   1.76171542e-03])
  message: 'CONVERGENCE: REL_REDUCTION_OF_F_<=_FACTR*EPSMCH'
     nfev: 3
      nit: 1
   status: 0
  success: True
        x: array([ -0.71910266,  -0.51669062,  -0.89458265,   1.57906723,
        -2.83000556,   0.33647224, -11.65397969,  -1.39341972,
        -2.31076687,  -1.65763401,  -3.76129544,  -2.71142297,
       -15.12661876,  -2.21350321,  -4.47029498,  -2.10790166,
        -2.86184839,  -3.49999125])
