/home3/jxiong7/IGCexpansion/IGCexpansion/CodonGeneconv.py:277: FutureWarning: comparison to `None` will result in an elementwise object comparison in the future.
  if not x == None:
number of sites to be analyzed:  299
Successfully loaded parameter value from ./test/save/MG94_ARa_ERa_nonclock_save.txt
log likelihood =  -10816.6791806
Edge derivatives =  [-0.03066731493711372, -0.014389361669879752, 0.01698287319790496, 0.011560750676773604, -0.03404057145724908, 0.017494223589316696, -0.0025848975827015494, -0.008254782944257017, -0.006992868228431204, 0.007594588973825811, 0.0011279437133783071, 0.003139704143430566, -0.007505608008399722, -0.008051835097661105, 0.002152473439233471, -0.0034305041999987086, 0.013127145147366431, 0.010144078869075424, -0.014652977340103401, -0.01257441814644178, -0.015909655353789798, 0.0070773262366956025, -0.0068356413344048406, 0.009520226288218178, -0.002398206049655696, 0.014442291180848055]
other derivatives: [-0.04947651  0.0001819  -0.0862201   0.00509317  0.04256435 -0.02237357]
Current x array =  [-0.69641013 -0.83341371 -0.54786344  0.72575847 -3.10349229 -2.38096036
  2.07338358  1.62346031 -0.13628296  0.05742632 -1.49692662 -0.46230773
 -0.29849579 -1.33700719 -1.2804904  -1.14164394 -2.26453275 -2.12941957
 -0.80648251 -0.93118403 -0.93159651 -2.9054553  -1.95051955 -4.41822266
 -2.28186376 -2.22273379 -1.3624192  -2.18231307 -3.61808358 -2.707489
 -2.97409119 -2.8569475 ]
log likelihood =  -10833.1862433
Edge derivatives =  [1.9880276829612111, -0.3424528394212979, -2.019058257734182, -2.434095616009474, -0.6811360199984496, -2.5584171061841827, -0.24703869211587248, -0.21822819757440035, -1.5230894590476183, -2.2161948363274875, -0.16628025803492133, -0.48917460929625856, -1.1886604415504354, -0.3009512746217465, -2.360432671703859, -0.4080914318592867, -0.7938176391118963, -0.05871496901282375, 0.006199647829946114, -0.27226800555727804, 1.1818956446182325, -1.1869395412939947, -0.035321436613056895, -0.7849583706712548, -0.29519038463631303, -0.7981744549860206]
other derivatives: [  1.66876634e+02   8.85520421e+00   2.66989628e+02  -1.01115802e+01
  -6.30934665e+00   1.69166015e-01]
Current x array =  [-0.74588664 -0.83323181 -0.63408354  0.73085164 -3.06092793 -2.40333393
  2.04271627  1.60907095 -0.11930009  0.06898707 -1.53096719 -0.44481351
 -0.30108069 -1.34526197 -1.28748327 -1.13404935 -2.26340481 -2.12627987
 -0.81398812 -0.93923586 -0.92944403 -2.90888581 -1.9373924  -4.40807858
 -2.29651674 -2.23530821 -1.37832885 -2.17523574 -3.62491922 -2.69796878
 -2.97648939 -2.84250521]
log likelihood =  -10816.6791772
Edge derivatives =  [-0.02930349143926314, -0.014422014728575516, 0.016175078839373087, 0.010583130873615329, -0.034267931941594214, 0.01652323322203445, -0.002429356981490237, -0.008254572256148195, -0.007587043147805228, 0.00666735902991461, 0.0011039275828685635, 0.0029604790134358794, -0.007906509032229003, -0.00800930319268561, 0.0012028252298313946, -0.003607994804480698, 0.012816653193608085, 0.010116832314974122, -0.014598991787696941, -0.012652306482613396, -0.015207294444459007, 0.006549325789733149, -0.006838309759871687, 0.009176188493490417, -0.002511579180734698, 0.014086104469818839]
other derivatives: [ 0.04038156 -0.02328306  0.08385541  0.01582521 -0.01273293 -0.02219167]
Current x array =  [-0.69643365 -0.83341363 -0.54790442  0.72576089 -3.10347205 -2.38097099
  2.07336901  1.62345347 -0.13627489  0.05743181 -1.4969428  -0.46229941
 -0.29849702 -1.33701111 -1.28049372 -1.14164033 -2.26453221 -2.12941808
 -0.80648608 -0.93118786 -0.93159549 -2.90545693 -1.95051331 -4.41821784
 -2.28187072 -2.22273977 -1.36242676 -2.1823097  -3.61808683 -2.70748448
 -2.97409233 -2.85694064]
      fun: 10816.679177211463
 hess_inv: <32x32 LbfgsInvHessProduct with dtype=float64>
      jac: array([-0.04038156,  0.02328306, -0.08385541, -0.01582521,  0.01273293,
        0.02219167,  0.02930349,  0.01442201, -0.01617508, -0.01058313,
        0.03426793, -0.01652323,  0.00242936,  0.00825457,  0.00758704,
       -0.00666736, -0.00110393, -0.00296048,  0.00790651,  0.0080093 ,
       -0.00120283,  0.00360799, -0.01281665, -0.01011683,  0.01459899,
        0.01265231,  0.01520729, -0.00654933,  0.00683831, -0.00917619,
        0.00251158, -0.0140861 ])
  message: 'CONVERGENCE: REL_REDUCTION_OF_F_<=_FACTR*EPSMCH'
     nfev: 3
      nit: 1
   status: 0
  success: True
        x: array([-0.69643365, -0.83341363, -0.54790442,  0.72576089, -3.10347205,
       -2.38097099,  2.07336901,  1.62345347, -0.13627489,  0.05743181,
       -1.4969428 , -0.46229941, -0.29849702, -1.33701111, -1.28049372,
       -1.14164033, -2.26453221, -2.12941808, -0.80648608, -0.93118786,
       -0.93159549, -2.90545693, -1.95051331, -4.41821784, -2.28187072,
       -2.22273977, -1.36242676, -2.1823097 , -3.61808683, -2.70748448,
       -2.97409233, -2.85694064])
number of sites to be analyzed:  299
Successfully loaded parameter value from ./test/save/MG94_Force_ARa_ERa_nonclock_save.txt
log likelihood =  -10832.7269142
Edge derivatives =  [0.009277152701635538, -0.014845540446053518, -0.003938594985432045, 0.07650229397458706, 0.01604832214438727, 0.01566100519192462, -0.0039593793736577634, 0.04137197598487991, 0.007567042811439051, 0.013793850503421412, 0.01064855989427349, -0.0009675463340108603, -0.034562586484994384, -0.028816212030429788, -0.07440363023754099, 0.05010071321272825, -0.0027279665326769564, 0.010311814078696115, 0.003644086973512567, 0.0017084391033640456, -0.029389498794090974, -0.0024054601052038854, -0.011680272330693707, -0.004415159186364023, -0.0028035782222834357, -0.00523910782723902]
other derivatives: [ 0.28394425  0.03292371  0.0165528  -0.02000888  0.10386429  0.        ]
Current x array =  [-0.69537964 -0.83279475 -0.54676087  0.70637915 -3.08927964  0.33647224
  1.96510804  1.71825252 -0.06780224  0.06447098 -1.44647144 -0.44715737
 -0.2822741  -1.32776297 -1.2440891  -1.12464291 -2.24092998 -2.1126312
 -0.77549283 -0.9258868  -0.90000217 -2.90334953 -1.92987219 -4.36326985
 -2.26450534 -2.19404826 -1.34176262 -2.16086583 -3.60558062 -2.68174192
 -2.95105805 -2.83430876]
log likelihood =  -11056.7265627
Edge derivatives =  [-34.967290947521974, -11.43446126052951, -14.311850598250139, -19.497893957018814, -3.8590027605041617, -8.585447995876867, -8.347531510886784, -5.123623779906409, -3.0528577489660207, -3.752234461671505, -1.6996782831501167, -0.32984147316547424, 0.5481567522230669, -2.6171602596360404, 4.14847233646924, 0.21049848190300696, -1.2952952448130368, -0.17098921734934952, -1.0034132326245278, -0.84190767089801, 0.22339391725052965, 0.2432349002459624, -0.5142141857472035, -0.3409533064290982, -0.45965260919805506, -0.2765656168223166]
other derivatives: [-1833.16915354  -118.96700016   -92.25550457    87.1003067   -102.54771041
     0.        ]
Current x array =  [-0.41143539 -0.79987104 -0.53020806  0.68637026 -2.98541534  0.33647224
  1.97438519  1.70340698 -0.07174083  0.14097327 -1.43042311 -0.43149636
 -0.28623348 -1.286391   -1.23652206 -1.11084906 -2.23028142 -2.11359875
 -0.81005542 -0.95470302 -0.9744058  -2.85324882 -1.93260015 -4.35295804
 -2.26086125 -2.19233983 -1.37115212 -2.16327129 -3.61726089 -2.68615708
 -2.95386163 -2.83954787]
log likelihood =  -10832.7269038
Edge derivatives =  [-0.00282804813738724, -0.019284562572917635, -0.007803808254070357, 0.07157040356026025, 0.014620280023467033, 0.012090540016815601, -0.00750757018604048, 0.03969916091393269, 0.005778539784141057, 0.011695048977426459, 0.009719133533389976, -0.0015606820135822819, -0.03552660308906658, -0.030595504430927834, -0.0740183232594438, 0.04978591769618679, -0.0036867772485336403, 0.01017409648018847, 0.0029218197943600144, 0.001088154244588413, -0.030177684546083272, -0.0027897561862125636, -0.011950253710196486, -0.0047233714165692, -0.003129227619018335, -0.005520477640634236]
other derivatives: [-0.11896191  0.0680302  -0.1371518   0.06984919  0.00763976  0.        ]
Current x array =  [-0.69528274 -0.83278351 -0.54675522  0.70637232 -3.08924419  0.33647224
  1.9651112   1.71824745 -0.06780358  0.06449708 -1.44646596 -0.44715202
 -0.28227546 -1.32774885 -1.24408652 -1.1246382  -2.24092634 -2.11263153
 -0.77550462 -0.92589664 -0.90002756 -2.90333243 -1.92987312 -4.36326634
 -2.2645041  -2.19404768 -1.34177265 -2.16086665 -3.60558461 -2.68174343
 -2.95105901 -2.83431055]
      fun: 10832.72690379115
 hess_inv: <32x32 LbfgsInvHessProduct with dtype=float64>
      jac: array([ 0.11896191, -0.0680302 ,  0.1371518 , -0.06984919, -0.00763976,
       -0.        ,  0.00282805,  0.01928456,  0.00780381, -0.0715704 ,
       -0.01462028, -0.01209054,  0.00750757, -0.03969916, -0.00577854,
       -0.01169505, -0.00971913,  0.00156068,  0.0355266 ,  0.0305955 ,
        0.07401832, -0.04978592,  0.00368678, -0.0101741 , -0.00292182,
       -0.00108815,  0.03017768,  0.00278976,  0.01195025,  0.00472337,
        0.00312923,  0.00552048])
  message: 'CONVERGENCE: REL_REDUCTION_OF_F_<=_FACTR*EPSMCH'
     nfev: 3
      nit: 1
   status: 0
  success: True
        x: array([-0.69528274, -0.83278351, -0.54675522,  0.70637232, -3.08924419,
        0.33647224,  1.9651112 ,  1.71824745, -0.06780358,  0.06449708,
       -1.44646596, -0.44715202, -0.28227546, -1.32774885, -1.24408652,
       -1.1246382 , -2.24092634, -2.11263153, -0.77550462, -0.92589664,
       -0.90002756, -2.90333243, -1.92987312, -4.36326634, -2.2645041 ,
       -2.19404768, -1.34177265, -2.16086665, -3.60558461, -2.68174343,
       -2.95105901, -2.83431055])
