/home3/jxiong7/IGCexpansion/IGCexpansion/CodonGeneconv.py:277: FutureWarning: comparison to `None` will result in an elementwise object comparison in the future.
  if not x == None:
number of sites to be analyzed:  299
Successfully loaded parameter value from ./test/save/MG94_ARa_ERa_nonclock_save.txt
log likelihood =  -10816.679182
Edge derivatives =  [-0.032632187196169005, -0.015341788131889356, 0.017298372903905214, 0.011978839980983341, -0.03428486314360671, 0.01757056814185029, -0.0023338452847018742, -0.00823796055407423, -0.007511578449928835, 0.007261165736842101, 0.0012620804305501637, 0.0031647939102260603, -0.008215999269277852, -0.008322773988210474, 0.0017357279479240928, -0.0035519435089651115, 0.013531002767451866, 0.010171545193542006, -0.01505660793542346, -0.01307828465097649, -0.01635033919171419, 0.006950211894117403, -0.006864765262564694, 0.009485687465825635, -0.0024651692921416474, 0.01449449903060962]
other derivatives: [ 0.06039045 -0.00363798  0.07075869  0.0178261  -0.01091394 -0.02219167]
Current x array =  [-0.69643743 -0.83341207 -0.54789542  0.72575041 -3.10348735 -2.38095033
  2.07339833  1.62346724 -0.13629078  0.05742091 -1.49691112 -0.46231567
 -0.29849474 -1.33700347 -1.280487   -1.14164722 -2.26453332 -2.129421
 -0.8064788  -0.93118027 -0.93159729 -2.9054537  -1.95052566 -4.41822726
 -2.28185695 -2.22272788 -1.36241181 -2.18231621 -3.61808048 -2.70749329
 -2.97409007 -2.85695405]
log likelihood =  -10833.4113883
Edge derivatives =  [3.911637855454769, 1.9997303819158985, -0.9626362071040522, -1.25605609107312, 0.3851718941411963, -0.4108403058471485, -0.8839223784012327, -0.18170849267210157, 1.0121558999190148, 0.6653857554372705, -0.3338178899007744, -0.07513264490175964, 1.4419499526123645, 0.4152603446363344, 0.7980266448279264, 0.27888418096372475, -0.9110501119757898, -0.05078992561943048, 0.8406158816617604, 1.067273361704656, 0.8465774640078008, 0.29721606065732115, 0.05243335107269968, 0.06661929926172369, 0.12568145620255144, -0.11348315506628714]
other derivatives: [ -2.37148197e+02  -5.79439074e+00  -2.86000613e+02   2.50020094e+00
   1.15323928e+00   1.93176675e-01]
Current x array =  [-0.63604698 -0.83705005 -0.47713673  0.74357651 -3.11440129 -2.403142
  2.04076615  1.60812546 -0.11899241  0.06939975 -1.53119599 -0.4447451
 -0.30082858 -1.34524143 -1.28799858 -1.13438605 -2.26327124 -2.12625621
 -0.8146948  -0.93950304 -0.92986156 -2.90900564 -1.93699466 -4.40805571
 -2.29691356 -2.23580616 -1.37876214 -2.175366   -3.62494524 -2.6980076
 -2.97655524 -2.84245955]
log likelihood =  -10816.6791806
Edge derivatives =  [-0.03066731493711372, -0.014389361669879752, 0.01698287319790496, 0.011560750676773604, -0.03404057145724908, 0.017494223589316696, -0.0025848975827015494, -0.008254782944257017, -0.006992868228431204, 0.007594588973825811, 0.0011279437133783071, 0.003139704143430566, -0.007505608008399722, -0.008051835097661105, 0.002152473439233471, -0.0034305041999987086, 0.013127145147366431, 0.010144078869075424, -0.014652977340103401, -0.01257441814644178, -0.015909655353789798, 0.0070773262366956025, -0.0068356413344048406, 0.009520226288218178, -0.002398206049655696, 0.014442291180848055]
other derivatives: [-0.04947651  0.0001819  -0.0862201   0.00509317  0.04256435 -0.02237357]
Current x array =  [-0.69641013 -0.83341371 -0.54786344  0.72575847 -3.10349229 -2.38096036
  2.07338358  1.62346031 -0.13628296  0.05742632 -1.49692662 -0.46230773
 -0.29849579 -1.33700719 -1.2804904  -1.14164394 -2.26453275 -2.12941957
 -0.80648251 -0.93118403 -0.93159651 -2.9054553  -1.95051955 -4.41822266
 -2.28186376 -2.22273379 -1.3624192  -2.18231307 -3.61808358 -2.707489
 -2.97409119 -2.8569475 ]
      fun: 10816.679180619756
 hess_inv: <32x32 LbfgsInvHessProduct with dtype=float64>
      jac: array([ 0.04947651, -0.0001819 ,  0.0862201 , -0.00509317, -0.04256435,
        0.02237357,  0.03066731,  0.01438936, -0.01698287, -0.01156075,
        0.03404057, -0.01749422,  0.0025849 ,  0.00825478,  0.00699287,
       -0.00759459, -0.00112794, -0.0031397 ,  0.00750561,  0.00805184,
       -0.00215247,  0.0034305 , -0.01312715, -0.01014408,  0.01465298,
        0.01257442,  0.01590966, -0.00707733,  0.00683564, -0.00952023,
        0.00239821, -0.01444229])
  message: 'CONVERGENCE: REL_REDUCTION_OF_F_<=_FACTR*EPSMCH'
     nfev: 3
      nit: 1
   status: 0
  success: True
        x: array([-0.69641013, -0.83341371, -0.54786344,  0.72575847, -3.10349229,
       -2.38096036,  2.07338358,  1.62346031, -0.13628296,  0.05742632,
       -1.49692662, -0.46230773, -0.29849579, -1.33700719, -1.2804904 ,
       -1.14164394, -2.26453275, -2.12941957, -0.80648251, -0.93118403,
       -0.93159651, -2.9054553 , -1.95051955, -4.41822266, -2.28186376,
       -2.22273379, -1.3624192 , -2.18231307, -3.61808358, -2.707489  ,
       -2.97409119, -2.8569475 ])
number of sites to be analyzed:  299
Successfully loaded parameter value from ./test/save/MG94_Force_ARa_ERa_nonclock_save.txt
log likelihood =  -10832.7269253
Edge derivatives =  [0.005859373321773775, -0.016954413895135245, -0.0057827974400773835, 0.07480035740337206, 0.01450318368389595, 0.01205538784614895, -0.006443208640475803, 0.040258807648425654, 0.0047643804139680945, 0.010447504204255886, 0.009840237988660877, -0.0017029904236789406, -0.039254303283509706, -0.03348029440648058, -0.08283514357735389, 0.04905654867539313, -0.004034280431865794, 0.0100910388938075, 0.0022182168034634298, 0.00028029298014675685, -0.032508053307202744, -0.0038345526160438737, -0.012165439183696773, -0.0054871007912143666, -0.0035262939030444376, -0.006125734422389839]
other derivatives: [-0.17898856 -0.08003553  0.18226274  0.15206751 -0.00345608  0.        ]
Current x array =  [-0.69529901 -0.83275869 -0.54684296  0.70631065 -3.08927808  0.33647224
  1.9651054   1.71826015 -0.06779963  0.06443728 -1.44647797 -0.4471628
 -0.2822712  -1.32778111 -1.24409125 -1.12464761 -2.24093441 -2.11263043
 -0.77547515 -0.92587172 -0.89996485 -2.90337163 -1.92987037 -4.3632744
 -2.26450634 -2.19404839 -1.34174798 -2.1608641  -3.60557514 -2.68173945
 -2.95105646 -2.834306  ]
log likelihood =  -10971.3740571
Edge derivatives =  [-5.240625307494511, -0.23088605351457225, -1.0545903232259568, -2.3410623016090635, 0.8461736822938059, 1.726652512362664, -1.546552073968492, -0.3871211818998521, 2.742653416855462, 4.002192463441444, -0.04415401241825653, -0.4706778293194231, 4.97618164178826, 5.170985160905166, 12.895247189933798, 1.7775279784017515, 0.45655351732765104, 0.2842154740750448, 1.7667942983544316, 1.6085039341304324, 2.49161113045066, 1.515182372854418, 0.6764567963221573, 1.403576632567581, 0.7768584839673829, 1.0895376542823159]
other derivatives: [ 519.97340051  144.98928067 -998.44291981  -47.30809451   -4.56384441
    0.        ]
Current x array =  [-0.87428757 -0.91279423 -0.36458023  0.85837816 -3.09273416  0.33647224
  1.97096477  1.70130574 -0.07358243  0.13923764 -1.43197479 -0.43510741
 -0.28871441 -1.2875223  -1.23932686 -1.11420011 -2.23109417 -2.11433342
 -0.81472945 -0.95935202 -0.9828     -2.85431508 -1.93390465 -4.35318336
 -2.26228812 -2.1937681  -1.37425603 -2.16469865 -3.61774058 -2.68722655
 -2.95458276 -2.84043174]
log likelihood =  -10832.7269142
Edge derivatives =  [0.009277152701635538, -0.014845540446053518, -0.003938594985432045, 0.07650229397458706, 0.01604832214438727, 0.01566100519192462, -0.0039593793736577634, 0.04137197598487991, 0.007567042811439051, 0.013793850503421412, 0.01064855989427349, -0.0009675463340108603, -0.034562586484994384, -0.028816212030429788, -0.07440363023754099, 0.05010071321272825, -0.0027279665326769564, 0.010311814078696115, 0.003644086973512567, 0.0017084391033640456, -0.029389498794090974, -0.0024054601052038854, -0.011680272330693707, -0.004415159186364023, -0.0028035782222834357, -0.00523910782723902]
other derivatives: [ 0.28394425  0.03292371  0.0165528  -0.02000888  0.10386429  0.        ]
Current x array =  [-0.69537964 -0.83279475 -0.54676087  0.70637915 -3.08927964  0.33647224
  1.96510804  1.71825252 -0.06780224  0.06447098 -1.44647144 -0.44715737
 -0.2822741  -1.32776297 -1.2440891  -1.12464291 -2.24092998 -2.1126312
 -0.77549283 -0.9258868  -0.90000217 -2.90334953 -1.92987219 -4.36326985
 -2.26450534 -2.19404826 -1.34176262 -2.16086583 -3.60558062 -2.68174192
 -2.95105805 -2.83430876]
      fun: 10832.726914203502
 hess_inv: <32x32 LbfgsInvHessProduct with dtype=float64>
      jac: array([-0.28394425, -0.03292371, -0.0165528 ,  0.02000888, -0.10386429,
       -0.        , -0.00927715,  0.01484554,  0.00393859, -0.07650229,
       -0.01604832, -0.01566101,  0.00395938, -0.04137198, -0.00756704,
       -0.01379385, -0.01064856,  0.00096755,  0.03456259,  0.02881621,
        0.07440363, -0.05010071,  0.00272797, -0.01031181, -0.00364409,
       -0.00170844,  0.0293895 ,  0.00240546,  0.01168027,  0.00441516,
        0.00280358,  0.00523911])
  message: 'CONVERGENCE: REL_REDUCTION_OF_F_<=_FACTR*EPSMCH'
     nfev: 3
      nit: 1
   status: 0
  success: True
        x: array([-0.69537964, -0.83279475, -0.54676087,  0.70637915, -3.08927964,
        0.33647224,  1.96510804,  1.71825252, -0.06780224,  0.06447098,
       -1.44647144, -0.44715737, -0.2822741 , -1.32776297, -1.2440891 ,
       -1.12464291, -2.24092998, -2.1126312 , -0.77549283, -0.9258868 ,
       -0.90000217, -2.90334953, -1.92987219, -4.36326985, -2.26450534,
       -2.19404826, -1.34176262, -2.16086583, -3.60558062, -2.68174192,
       -2.95105805, -2.83430876])
