/home3/jxiong7/IGCexpansion/IGCexpansion/CodonGeneconv.py:276: FutureWarning: comparison to `None` will result in an elementwise object comparison in the future.
  if not x == None:
number of sites to be analyzed:  156
log likelihood =  -1830.26651382
Edge derivatives =  [27.823810044142, 27.016671195737985, -15.412701850686776, 10.405692466321762, -24.558236628187924, -12.37796939369776, -36.57725284830749, -35.97101252542822]
other derivatives: [ 31.08243618  -4.05002538   0.44283297  25.5253326  -45.40315786
 -48.20544746]
Current x array =  [-0.75433583 -0.54383983 -0.73385712  0.18232156 -0.10536052  0.33647224
 -2.30258509 -2.30258509 -2.30258509 -2.30258509 -2.30258509 -2.30258509
 -2.30258509 -2.30258509]
log likelihood =  -1766.88545237
Edge derivatives =  [17.34764516108275, 24.942842719828597, -8.67663914961115, 14.200917474674839, -12.356274665316967, -1.8488787329782963, -19.54697150628979, -19.137093528701133]
other derivatives: [ 31.30980986  14.46551323  -2.88282536  10.86932571   8.94760888
  -7.40064934]
Current x array =  [-0.74739306 -0.58376166 -0.72949204  0.4339294  -0.55290769 -0.13869762
 -2.02832074 -2.03627686 -2.4545109  -2.20001429 -2.54466009 -2.42459699
 -2.66313372 -2.6571579 ]
log likelihood =  -1786.72157928
Edge derivatives =  [-0.5052783594945331, 11.790393660550649, -7.208659736777469, 3.3880738495473874, -7.262074411928142, -0.7010085307475499, -11.599660405208839, -11.132783346522118]
other derivatives: [-373.45764667 -140.1075906    10.81573373    7.22591267   12.612918
   -0.45283741]
Current x array =  [-0.39379774 -0.35842323 -0.77548345  0.68824269 -0.54115224 -0.40356408
 -1.66085606 -1.54657176 -2.64275452 -1.93601043 -2.82049788 -2.49176424
 -3.09273327 -3.07822747]
log likelihood =  -1752.03128876
Edge derivatives =  [11.148187205862598, 20.601888770620405, -7.6648118361572735, 10.582306213963266, -9.807502387772463, -0.9957975373106065, -15.629411386887938, -15.21072797501939]
other derivatives: [-75.23594832 -27.9636879    2.29833859   8.20516561  10.94356321
  -4.11318979]
Current x array =  [-0.60050683 -0.49015433 -0.74859723  0.53957311 -0.54802438 -0.2487252
 -1.87567307 -1.83284957 -2.53270875 -2.09034504 -2.65924525 -2.45249878
 -2.8415927  -2.83207346]
log likelihood =  -1734.21654327
Edge derivatives =  [1.619603532438592, 14.462938279536923, -5.651164000666019, 7.84395897409813, -5.594086503459661, 2.0633251270867587, -10.072691407464779, -9.69787492769427]
other derivatives: [-29.21597115 -30.03119673   4.55515874  -0.64896994  21.98444236
   1.82276381]
Current x array =  [-0.65131667 -0.4871609  -0.75705635  0.70916406 -0.65509609 -0.47961739
 -1.65842403 -1.56131774 -2.65123594 -1.95711712 -2.83586713 -2.51140487
 -3.11250142 -3.09773902]
log likelihood =  -1725.63783918
Edge derivatives =  [-9.72649701550318, 3.0348371689401024, -4.101246810862058, 1.96575866565114, -1.8149593263186539, 4.005598006064843, -5.3593061831128175, -5.123488190569585]
other derivatives: [-41.95856036  40.56980742  -0.97577413  -6.76350282  20.00242603
   4.23128768]
Current x array =  [-0.63823159 -0.64324267 -0.73476813  0.85768753 -0.57780644 -0.6892074
 -1.44142644 -1.19016363 -2.80862062 -1.76653096 -3.04833507 -2.54942918
 -3.45155065 -3.42888428]
log likelihood =  -1718.88747832
Edge derivatives =  [-12.220899637177885, -3.1677355111430385, -3.7722548724258687, -2.2923463764199044, -1.0675122962377162, 3.7983046677565975, -4.0974467965436085, -3.765930949100924]
other derivatives: [  9.54623829  -3.83547558  -2.45574938  -6.13467819  13.79648893
   3.68454494]
Current x array =  [-0.71023703 -0.53750192 -0.72980615  0.87529736 -0.42888502 -0.72920974
 -1.40551409 -1.03525755 -2.882293   -1.68215293 -3.13044225 -2.54064096
 -3.59450163 -3.56789275]
log likelihood =  -1716.52995209
Edge derivatives =  [-8.960856471231523, -2.7111289118336996, -3.8123948580264915, -2.982276273501113, -1.4904518899945138, 2.7208053955704723, -4.324572634258209, -3.997211036110866]
other derivatives: [ 10.99854217  -7.45185389  -1.07920641  -3.14848876   7.10633685
   1.82267286]
Current x array =  [-0.71436648 -0.5298953  -0.73247487  0.8281734  -0.30852435 -0.67267755
 -1.47056288 -1.04837315 -2.88923091 -1.68658622 -3.11997891 -2.513459
 -3.59027936 -3.56267694]
log likelihood =  -1713.58348254
Edge derivatives =  [-3.143607297325013, -2.749118964599726, -2.6576287638202905, -2.1507722407681293, -1.232340955601146, 0.98151757804773, -3.371501851887109, -3.143526527989521]
other derivatives: [ 5.20358299 -0.12428245 -2.00789145 -0.38444341 -1.83365501 -0.71272552]
Current x array =  [-0.7076307  -0.54286626 -0.72780887  0.78879006 -0.13612153 -0.63712414
 -1.61204588 -1.03597997 -2.98838873 -1.7182979  -3.17345202 -2.45769202
 -3.717133   -3.68195603]
log likelihood =  -1712.48453053
Edge derivatives =  [-0.14749025163779916, -2.3872020917171137, -1.336919531556475, -0.5167312041606633, -0.44295902074214083, 0.22940757969749187, -2.066185390567057, -1.9362501834514882]
other derivatives: [ 1.1078555   1.59602678  9.28730515  0.02937668 -3.39048256 -0.6900791 ]
Current x array =  [-0.70136153 -0.54484681 -0.76356177  0.7838935  -0.09349233 -0.66751873
 -1.70052815 -1.03440273 -3.10011217 -1.74511894 -3.24714054 -2.42222688
 -3.87864425 -3.83508033]
log likelihood =  -1712.11674144
Edge derivatives =  [2.7801601355528343, -1.1967670060642452, 0.05468932602920909, 1.4489051978951695, 0.4675129664301108, -0.4039518440513179, -0.6864670424409888, -0.648636825248888]
other derivatives: [ -5.01881914  -0.34833647 -11.65997219  -0.08833467  -3.08368726
  -0.08942607]
Current x array =  [-0.69226853 -0.5401132  -0.69900813  0.78115057 -0.07930733 -0.71314428
 -1.7901333  -1.04807095 -3.23188887 -1.77202998 -3.33310447 -2.3848726
 -4.07449245 -4.02086278]
log likelihood =  -1711.74403718
Edge derivatives =  [1.6149567378035583, -1.2809494682314044, -0.09643861763268288, 1.1251204027006902, 0.5020325426320307, 0.009272570678322656, -0.7160569104149792, -0.6741181378814044]
other derivatives: [-1.4633315   0.53159965 -0.13915269 -0.63071184 -1.25542101  0.46729838]
Current x array =  [-0.69684115 -0.54197325 -0.73377528  0.78907904 -0.11652739 -0.72451169
 -1.75690563 -1.04888491 -3.21927604 -1.75985046 -3.32726771 -2.39572361
 -4.06357053 -4.01084557]
log likelihood =  -1711.68642459
Edge derivatives =  [1.1244402135705238, -1.1058424434567127, -0.09895510112509757, 0.9455565571611684, 0.570718609591253, 0.15106146140927573, -0.6179151558597054, -0.5776371211822613]
other derivatives: [-0.12596502  0.10099939  0.83164196 -0.83628038 -0.21989308  0.80085556]
Current x array =  [-0.69852545 -0.54118478 -0.73703658  0.79052076 -0.13629681 -0.73239163
 -1.74272181 -1.05397161 -3.22394144 -1.75210311 -3.32987285 -2.39795384
 -4.07636354 -4.02315616]
log likelihood =  -1711.61143102
Edge derivatives =  [0.6224655016206879, -0.4956591650702086, -0.11046707140211193, 0.42388756533864147, 0.5991265959853626, 0.12438920235643225, -0.43098460112871917, -0.39407814091810855]
other derivatives: [ 0.64335381 -0.26645921  0.85094598 -0.57541456  0.52057203  1.06253992]
Current x array =  [-0.69958208 -0.54068213 -0.73724524  0.78185606 -0.15275127 -0.73162729
 -1.72431213 -1.07136653 -3.23756106 -1.7372615  -3.33072013 -2.39543608
 -4.10651656 -4.05177747]
log likelihood =  -1711.53060609
Edge derivatives =  [0.07537553865321656, 0.16641855807325834, -0.16983001608005022, -0.3071334198687192, 0.44073309637092517, -0.12498443530398001, -0.21954932125387477, -0.18230220422429338]
other derivatives: [-0.00513865 -0.65419954  0.45324668  0.11000338  0.36202437  1.02086233]
Current x array =  [-0.69887373 -0.54017625 -0.73598436  0.76628147 -0.15593877 -0.7028549
 -1.69781866 -1.09393059 -3.2574345  -1.72192484 -3.31858362 -2.39036812
 -4.14848575 -4.09107125]
log likelihood =  -1711.69423631
Edge derivatives =  [0.7057853640022551, 1.6657801781924386, -0.047179022628181855, 0.20069741768293126, 0.07746187694392793, -0.4987835211392696, 0.04115432443766337, 0.0451620335957331]
other derivatives: [ 13.22919161   6.87300599  -1.54100235   0.49549271   0.11714292
   0.64549113]
Current x array =  [-0.71970203 -0.55769045 -0.72938907  0.7489299  -0.15894589 -0.63216576
 -1.69254872 -1.13596493 -3.29173384 -1.73402794 -3.2901167  -2.38433047
 -4.20344633 -4.14107726]
log likelihood =  -1711.51815392
Edge derivatives =  [0.20502410298482665, 0.48766753557011555, -0.14278623276518768, -0.1971174687150523, 0.36686064629556353, -0.2008095401058902, -0.1637988963027828, -0.13365276701730652]
other derivatives: [ 2.8266868   0.96763415  0.03822151  0.18887931  0.31477612  0.94757979]
Current x array =  [-0.70321882 -0.54382997 -0.73460849  0.76266168 -0.1565661  -0.68810809
 -1.69671927 -1.10269958 -3.26458985 -1.72444973 -3.312645   -2.38910857
 -4.15995135 -4.10150325]
log likelihood =  -1711.48571722
Edge derivatives =  [-0.015118224476733166, 0.720498877968813, -0.1832761276717641, -0.5227623902947309, 0.17052246829499748, -0.41531400055388323, -0.06266989200353201, -0.02974246454353663]
other derivatives: [ 1.10635483  0.30570391 -0.32491698  0.62029812 -0.23467237  0.71677277]
Current x array =  [-0.70086646 -0.54248315 -0.73344269  0.754355   -0.15163078 -0.65581364
 -1.68119081 -1.11361296 -3.27744177 -1.72037468 -3.29854981 -2.38706044
 -4.18493099 -4.12452168]
log likelihood =  -1711.4612232
Edge derivatives =  [-0.08863266794863961, 0.7755516468478453, -0.18572284369711792, -0.3789227225166738, -0.018117654354369545, -0.44996675813004866, -0.02024289183258498, 0.010217444655972477]
other derivatives: [-0.78564426  1.02759259 -0.31798209  0.58194018 -0.35438461  0.52439191]
Current x array =  [-0.69809503 -0.54393003 -0.73353565  0.75470989 -0.1545208  -0.6228539
 -1.67149437 -1.11826344 -3.2855085  -1.72586263 -3.28329502 -2.39087408
 -4.1978321  -4.13582795]
log likelihood =  -1711.43711351
Edge derivatives =  [-0.021122310153149693, 0.6127197358264032, -0.1631213463468171, 0.014255510006772498, -0.34885997681276226, -0.470245791712972, 0.02095662601008403, 0.05286782426750332]
other derivatives: [-0.50240487 -1.27081421 -0.10818439  0.35893208 -0.65401764  0.08690222]
Current x array =  [-0.69834289 -0.53893955 -0.7343666   0.75922779 -0.15665164 -0.56441211
 -1.66120237 -1.11869241 -3.29896345 -1.73984625 -3.25860896 -2.39977246
 -4.21581247 -4.15112421]
log likelihood =  -1711.42685529
Edge derivatives =  [-0.09318229147871149, 0.26347690930053513, -0.1461445293881444, 0.2680988368540165, -0.37976836971741545, -0.22944424914280948, 0.006270177679484047, 0.032645194554341214]
other derivatives: [-1.64066023  1.17915988  0.35611265 -0.09597443 -0.20636435  0.08110419]
Current x array =  [-0.69657179 -0.54401765 -0.73590093  0.7672435  -0.16762479 -0.54899234
 -1.65792152 -1.10983962 -3.30018279 -1.74530386 -3.25409475 -2.40962457
 -4.21362204 -4.14825948]
log likelihood =  -1711.42077477
Edge derivatives =  [-0.06396530982499343, 0.16353382797796595, -0.1301393878866261, 0.24024560929352234, -0.3038181201002518, -0.17073561842049206, 0.007834579362882024, 0.035764957360424364]
other derivatives: [-0.4736421   0.30152023  0.11889369 -0.14326815 -0.07619292  0.14986199]
Current x array =  [-0.69821911 -0.54219111 -0.73516293  0.7680704  -0.16850504 -0.55634581
 -1.66099043 -1.10615571 -3.30040196 -1.74375589 -3.26003529 -2.41021739
 -4.21266939 -4.14743226]
log likelihood =  -1711.41837223
Edge derivatives =  [-0.06660896157933982, 0.03623014343098879, -0.11869698558719259, 0.1870439790547458, -0.2563909106097924, -0.09637414861089244, 0.019275342614087268, 0.0480661680898513]
other derivatives: [ 0.29012881 -0.15566002 -0.05838956 -0.19126674  0.04645244  0.17503226]
Current x array =  [-0.69929994 -0.54126536 -0.7346164   0.76867844 -0.17069303 -0.55642039
 -1.66153846 -1.10254661 -3.302761   -1.74210243 -3.26382059 -2.4124168
 -4.21464159 -4.14909585]
log likelihood =  -1711.41694019
Edge derivatives =  [-0.06924606950213391, -0.04650412198372075, -0.11521163926633735, 0.10309687559794889, -0.22966504405298785, -0.049345422013877094, 0.030970888552602847, 0.060075068666640655]
other derivatives: [ 0.53037184 -0.25133886 -0.08083134 -0.17389539  0.07348717  0.16275408]
Current x array =  [-0.69965686 -0.54109513 -0.7345383   0.76805354 -0.17186385 -0.55358145
 -1.66115805 -1.10056583 -3.30550028 -1.74021213 -3.26624497 -2.4142519
 -4.21728853 -4.15131096]
log likelihood =  -1711.41420508
Edge derivatives =  [0.004980231472502372, -0.13876789264445286, -0.09925323235719365, -0.040410890572381675, -0.17022946110074907, 0.03428253636559048, 0.051537358085405535, 0.07930724069086678]
other derivatives: [ 0.48862603 -0.22771474 -0.17182629 -0.07548806  0.05716174  0.10072654]
Current x array =  [-0.69962339 -0.54118012 -0.73423512  0.76540731 -0.17358684 -0.5449085
 -1.66182156 -1.09852165 -3.31245499 -1.7372866  -3.27217248 -2.41794411
 -4.22260652 -4.15543072]
log likelihood =  -1711.41421923
Edge derivatives =  [0.10153285475838542, -0.05763842055547155, -0.05702209708707293, -0.08260429900872679, -0.0533720250713009, 0.07697730963915661, 0.06341703163520152, 0.08294444550967839]
other derivatives: [ 0.64007963 -0.27544047  1.2523742   0.07512426  0.04620233  0.0618229 ]
Current x array =  [-0.69984508 -0.54104374 -0.73872755  0.76160024 -0.17550017 -0.5354348
 -1.66195706 -1.10135609 -3.32267843 -1.73636366 -3.2841527  -2.41977577
 -4.22626396 -4.15703509]
log likelihood =  -1711.41301204
Edge derivatives =  [0.053104013011271156, -0.09826151535102656, -0.07807472997623675, -0.061307612803429334, -0.11181954010951577, 0.055611077004074305, 0.057467818804888514, 0.08113351146151271]
other derivatives: [  5.64045877e-01  -2.51452548e-01   5.39898792e-01  -4.77484718e-04
   5.18184606e-02   8.14679879e-02]
Current x array =  [-0.6997338  -0.5411122  -0.73647245  0.7635113  -0.17453972 -0.54019039
 -1.66188904 -1.09993326 -3.31754648 -1.73682696 -3.27813889 -2.41885631
 -4.22442801 -4.15622973]
log likelihood =  -1711.41134215
Edge derivatives =  [0.1208906594397916, -0.06646921587459245, -0.056417528019468685, -0.0670426579133725, -0.06502627354848074, 0.08845998770409469, 0.06175088477856017, 0.08103099631413994]
other derivatives: [ 0.04138201 -0.04804406  0.20820607  0.06114078  0.03356035  0.03171863]
Current x array =  [-0.69898328 -0.54152994 -0.73543461  0.76172642 -0.17579402 -0.53206914
 -1.66188209 -1.10114431 -3.32329989 -1.73696441 -3.28331866 -2.4206334
 -4.2264448  -4.15704494]
log likelihood =  -1711.41061846
Edge derivatives =  [0.13584125894178806, 0.008630296706953533, -0.04253094953972699, -0.013496879559998787, -0.044308649815995166, 0.07369078951385866, 0.057475736087860815, 0.07243778698215214]
other derivatives: [-0.14395027  0.15804744  0.06641585  0.07455583  0.01757599  0.0122327 ]
Current x array =  [-0.69872449 -0.54195384 -0.73499475  0.76120815 -0.17608383 -0.52784755
 -1.66086865 -1.10345645 -3.32616484 -1.73827071 -3.28597826 -2.42035612
 -4.22618726 -4.1560653 ]
log likelihood =  -1711.41006231
Edge derivatives =  [0.11075072413145542, 0.060761276754761895, -0.028161484395325793, 0.0519114068846227, -0.01081155498044195, 0.05036431280476522, 0.045825587564499747, 0.05619736062037497]
other derivatives: [-0.46452442  0.0746013  -0.00163709  0.04954472  0.03435616  0.02244178]
Current x array =  [-0.69823784 -0.54173961 -0.73480125  0.76174479 -0.1763727  -0.52654178
 -1.65939562 -1.10510448 -3.32822651 -1.73961164 -3.28968401 -2.41931739
 -4.2240683  -4.15331294]
log likelihood =  -1711.40964867
Edge derivatives =  [0.059265240308532585, 0.10165982461880099, -0.015936967338051528, 0.12023001755860507, 0.010194139391352983, 0.01881737391193955, 0.033237880127803224, 0.03711248383225503]
other derivatives: [-0.00688942  0.34804089 -0.06486971 -0.00507043  0.03403784  0.00684395]
Current x array =  [-0.69892916 -0.54233764 -0.73459788  0.76263099 -0.17672239 -0.52158641
 -1.65611561 -1.10685681 -3.33142757 -1.7412042  -3.29267029 -2.41839536
 -4.22225186 -4.15054777]
log likelihood =  -1711.40933764
Edge derivatives =  [0.027670552527188585, 0.07160342611009665, -0.01719290924410164, 0.09840487299443756, 0.01773954936064326, 0.009920453890628178, 0.030014495912992607, 0.03382744059807157]
other derivatives: [-0.04488356  0.06334631 -0.03863079 -0.01714398  0.03374225  0.01487024]
Current x array =  [-0.69886047 -0.54172715 -0.7346846   0.76308643 -0.17649893 -0.52266031
 -1.65548685 -1.10615258 -3.33151212 -1.74067146 -3.29345193 -2.41792242
 -4.22156046 -4.14981143]
log likelihood =  -1711.40918557
Edge derivatives =  [-0.005566027435446597, 0.028153638247058854, -0.020638821235689234, 0.0579055418230503, 0.021412618664732125, 0.0022357482617161306, 0.027325729107433076, 0.030970763229847535]
other derivatives: [ 0.03037712 -0.0929731  -0.0125965  -0.02582965  0.02096385  0.01355147]
Current x array =  [-0.69897288 -0.54140525 -0.73475989  0.76342599 -0.17620303 -0.52304994
 -1.65468116 -1.10515701 -3.33180708 -1.73977978 -3.29391566 -2.41760178
 -4.22107756 -4.14924727]
log likelihood =  -1711.40911729
Edge derivatives =  [-0.022572705161578555, 0.00426736271572703, -0.022765655370466417, 0.03067287068151181, 0.022160216095335486, -0.004174732045360674, 0.024268649448949776, 0.027344747881174337]
other derivatives: [ 0.02146407 -0.06825758  0.00561613 -0.02751221  0.00654836  0.00893579]
Current x array =  [-0.69896906 -0.54146453 -0.73480859  0.76353698 -0.17598751 -0.52307585
 -1.65422087 -1.10462472 -3.332089   -1.73918689 -3.29407314 -2.41737425
 -4.22052585 -4.14861596]
log likelihood =  -1711.40905358
Edge derivatives =  [-0.011582044667167224, -0.008835949973708401, -0.021917188026190956, -0.020600970657274953, 0.022812175115618866, -0.013459495461538795, 0.015392028345409023, 0.016641710454715422]
other derivatives: [ 0.15431851 -0.11325483 -0.0556156   0.00363798 -0.03308287 -0.0155751 ]
Current x array =  [-0.69918531 -0.54139631 -0.73460052  0.76285685 -0.17566421 -0.52181367
 -1.65422976 -1.10438509 -3.33360806 -1.73813647 -3.2944439  -2.41721358
 -4.21913628 -4.14689595]
log likelihood =  -1711.40898281
Edge derivatives =  [-0.02168370488605842, -0.010202543046209878, -0.023287893431195673, -0.026424406659591115, 0.01318865649732745, -0.02868507803971715, 0.006485909604099248, 0.006611997215247974]
other derivatives: [-0.04056346  0.04197318  0.01807621  0.00145519 -0.04479261 -0.01282388]
Current x array =  [-0.69890799 -0.54172026 -0.73482475  0.76301981 -0.17535146 -0.52313422
 -1.65421323 -1.10431132 -3.33321952 -1.73791883 -3.29344856 -2.41657948
 -4.21722225 -4.14503757]
log likelihood =  -1711.40895597
Edge derivatives =  [-0.008537403008876343, 0.0019742480595794365, -0.021128204808203377, -0.014764137717898196, 0.01273405429069871, -0.02364229294136949, 0.006712173632848241, 0.006864998512987289]
other derivatives: [-0.02373781  0.03133209  0.00025011  0.00541149 -0.03547029 -0.01148237]
Current x array =  [-0.69892848 -0.54169698 -0.7347727   0.7628684  -0.17554333 -0.52305625
 -1.65457061 -1.10456203 -3.33329775 -1.73814799 -3.29334288 -2.41676249
 -4.21725115 -4.14507249]
log likelihood =  -1711.40891024
Edge derivatives =  [0.0075175073699376704, 0.008501285758279409, -0.015036121471148703, -0.0024057244607811334, 0.011399001189016822, -0.01141997865321065, 0.0029848821063718015, 0.002441606633807776]
other derivatives: [ 0.00720775  0.01234639 -0.00143245  0.00782165 -0.00795808 -0.00570708]
Current x array =  [-0.69896466 -0.54165859 -0.73477336  0.76268647 -0.17610334 -0.5232124
 -1.65509855 -1.10460803 -3.333982   -1.7382562  -3.29300663 -2.41716014
 -4.21644352 -4.14420498]
log likelihood =  -1711.40889247
Edge derivatives =  [0.005153928258694818, 0.0013738187761338783, -0.010439190089442857, 0.004103804831634861, 0.006034740835453717, -0.0028424765967178245, -0.0012123010070805157, -0.0024034133857420217]
other derivatives: [-0.00763976  0.00136424 -0.043201    0.00059117  0.00841283 -0.00268301]
Current x array =  [-0.6989376  -0.54163719 -0.73464615  0.76278647 -0.17644575 -0.52313327
 -1.65502313 -1.10441474 -3.33478318 -1.73827784 -3.29236024 -2.4175055
 -4.21562223 -4.14332241]
log likelihood =  -1711.40889296
Edge derivatives =  [0.004226861426097683, -0.002455321990640136, -0.006421194168302655, 0.005607799215877618, 0.0022914774257573323, 0.0025399779200733774, -0.004418064145364588, -0.006228596337760538]
other derivatives: [  4.74756234e-02  -2.00998329e-02   5.38875611e-02  -9.09494702e-05
   1.08911991e-02  -4.27462510e-03]
Current x array =  [-0.69901581 -0.54159247 -0.73495174  0.76277907 -0.17657989 -0.52273401
 -1.65487665 -1.10437085 -3.33568125 -1.73825247 -3.2919654  -2.4177882
 -4.21507684 -4.14269651]
log likelihood =  -1711.40888685
Edge derivatives =  [0.004700410198316907, -0.0005000601907937385, -0.008471540255868402, 0.004840231691975561, 0.004203029319953255, -0.0002076747023604386, -0.002781080361489635, -0.004275290487261829]
other derivatives: [ 0.01932676 -0.00911768  0.00436557  0.00027285  0.00964064 -0.00343334]
Current x array =  [-0.69897588 -0.5416153  -0.73479572  0.76278285 -0.1765114  -0.52293786
 -1.65495144 -1.10439325 -3.33522274 -1.73826542 -3.29216699 -2.41764387
 -4.21535529 -4.14301606]
log likelihood =  -1711.40888443
Edge derivatives =  [0.0024970622290152455, -0.004363523823340515, -0.008512813996325079, 0.0014419667190657126, 0.002796397771915926, 0.0006982924684227898, -0.002699250622225112, -0.004074253799710728]
other derivatives: [  6.82121026e-03  -9.61790647e-03   4.32009983e-03   9.09494702e-05
   6.84394763e-03  -3.88808985e-03]
Current x array =  [-0.69895835 -0.54161432 -0.73479487  0.76280406 -0.17645682 -0.52296927
 -1.65489913 -1.10430469 -3.33530159 -1.73818781 -3.29201784 -2.41769529
 -4.21537776 -4.14305494]
      fun: 1711.4088844348407
 hess_inv: <14x14 LbfgsInvHessProduct with dtype=float64>
      jac: array([ -6.82121026e-03,   9.61790647e-03,  -4.32009983e-03,
        -9.09494702e-05,  -6.84394763e-03,   3.88808985e-03,
        -2.49706223e-03,   4.36352382e-03,   8.51281400e-03,
        -1.44196672e-03,  -2.79639777e-03,  -6.98292468e-04,
         2.69925062e-03,   4.07425380e-03])
  message: 'CONVERGENCE: REL_REDUCTION_OF_F_<=_FACTR*EPSMCH'
     nfev: 42
      nit: 37
   status: 0
  success: True
        x: array([-0.69895835, -0.54161432, -0.73479487,  0.76280406, -0.17645682,
       -0.52296927, -1.65489913, -1.10430469, -3.33530159, -1.73818781,
       -3.29201784, -2.41769529, -4.21537776, -4.14305494])
number of sites to be analyzed:  156
log likelihood =  -1809.85705706
Edge derivatives =  [10.52575999827731, 34.15159091128698, -11.938345645832362, 25.60316816918488, -14.416272631934211, -2.135861285544412, -25.239033841545396, -24.80191450222446]
other derivatives: [ 35.12270723  -4.32833076   0.39156021  28.9981017   -4.24874997   0.        ]
Current x array =  [-0.75433583 -0.54383983 -0.73385712  0.18232156 -0.10536052  0.33647224
 -2.30258509 -2.30258509 -2.30258509 -2.30258509 -2.30258509 -2.30258509
 -2.30258509 -2.30258509]
log likelihood =  -1758.72826299
Edge derivatives =  [4.681247985660997, 25.177882176783736, -7.975466154962432, 13.774689495204003, -8.217110760104074, -1.0962513317931444, -15.365774223957544, -15.314967836281301]
other derivatives: [ 30.08631211  24.8151764   -2.25904841   6.66423148   2.22285053   0.        ]
Current x array =  [-0.74373925 -0.60895859 -0.72796619  0.61859148 -0.169282    0.33647224
 -2.1442274  -1.78878209 -2.48219482 -1.91739118 -2.51947467 -2.33471865
 -2.68230068 -2.67572432]
log likelihood =  -2917.96457144
Edge derivatives =  [-101.54501112689334, -172.87143402404425, -40.886068368964345, -216.8093767503735, -37.517708536913865, -60.490058937361766, -26.49166673196386, -26.52336458687739]
other derivatives: [ -8532.09544402 -12587.34923795     49.82894097    179.19401216
    -14.46501301      0.        ]
Current x array =  [-0.05       -0.05       -0.80487318  1.09788755 -0.12594924  0.33647224
 -1.88995326 -0.60920379 -2.86522215 -1.21412944 -2.93182244 -2.3915098
 -3.43898966 -3.4269507 ]
log likelihood =  -1754.60454526
Edge derivatives =  [1.0558120625338956, 14.702915309266137, -6.054309260748995, 1.4905974175743943, -6.46773738723327, -0.6647445561937264, -11.333955639772466, -11.336885630270691]
other derivatives: [-159.08292426  -68.99654181    4.06867002    2.47082426    1.33100002
    0.        ]
Current x array =  [-0.52295417 -0.43106795 -0.75244212  0.77112922 -0.15549119  0.33647224
 -2.06330372 -1.41337693 -2.60409469 -1.69357553 -2.65070588 -2.35279264
 -2.92311975 -2.9148049 ]
log likelihood =  -1748.21091248
Edge derivatives =  [3.0320855130987825, 20.537644625235803, -6.859979592938458, 8.174607062202508, -7.201907200329801, -0.7335258866965404, -13.142617246488346, -13.12316536462988]
other derivatives: [-47.25284271 -12.5484803    0.80083282   4.20125161   1.8225137    0.        ]
Current x array =  [-0.63273318 -0.51951894 -0.74027217  0.69528423 -0.16234827  0.33647224
 -2.10354068 -1.60003631 -2.54348349 -1.80486141 -2.58545495 -2.34380587
 -2.80337941 -2.79592898]
log likelihood =  -1733.33624004
Edge derivatives =  [-2.935407842098342, 0.3763445272217431, -3.907519211671164, -12.381155954651348, -2.2953379782755094, 0.5167833504839818, -6.686087298189838, -6.814258959600608]
other derivatives: [  5.96994596  -9.62538707   1.50748747 -16.18693659   7.12670953   0.        ]
Current x array =  [-0.70091176 -0.52703837 -0.74237511  1.1022021  -0.20359578  0.33647224
 -1.94334948 -1.01573745 -2.74371405 -1.40386697 -2.81911572 -2.37716759
 -3.21758936 -3.20430421]
log likelihood =  -1729.96550881
Edge derivatives =  [-2.265898899531904, -0.8065386858294632, -3.0673641263897378, -6.431736859949042, -1.9592046446037708, 0.5215101362442444, -5.944805142687783, -6.058385993909595]
other derivatives: [-19.72189239  22.93913894  -1.02281774  -8.75440946   2.70117653   0.        ]
Current x array =  [-0.66760226 -0.59532819 -0.73224188  0.95781373 -0.13792942  0.33647224
 -1.96791937 -0.99360418 -2.7808378  -1.50268249 -2.84165998 -2.37310011
 -3.28030771 -3.26835787]
log likelihood =  -1727.13558838
Edge derivatives =  [-1.2467905018459446, -1.6147013211796268, -2.2466261747950003, -1.3013399615425634, -1.928253044249546, 0.6369023128660768, -5.2495543253534676, -5.337012143011179]
other derivatives: [-10.69404334   9.17566467  -1.57917839  -0.76556717  -0.82802671   0.        ]
Current x array =  [-0.6812671  -0.5633567  -0.72933147  0.80672575 -0.07429299  0.33647224
 -1.99655414 -0.97931974 -2.81935623 -1.60449799 -2.86411742 -2.36789524
 -3.34671417 -3.33635093]
log likelihood =  -1725.68071889
Edge derivatives =  [-0.8734377632213575, -5.3845233935449635, -1.058665031757579, 0.17236538687740555, -1.1084618740950207, 0.7836482358788182, -3.7110284158058966, -3.8103527877014023]
other derivatives: [-1.64452558  0.89473815  1.64156972  2.525735   -2.56598014  0.        ]
Current x array =  [-0.6944601  -0.54497278 -0.73824842  0.74743154 -0.03917396  0.33647224
 -2.0055583  -0.90374136 -2.8958827  -1.6374179  -2.93118449 -2.36275667
 -3.50104843 -3.49174792]
log likelihood =  -1724.79163742
Edge derivatives =  [-0.2830083351125665, -5.5623802123164205, -0.22344986081642731, 0.9218939042551957, -0.4022595591609885, 0.7462541105735623, -2.476490344717681, -2.6111498600779464]
other derivatives: [ 4.2827196  -3.15535544 -4.22423909  2.73716978 -2.36459528  0.        ]
Current x array =  [-0.7028175  -0.53622026 -0.72066321  0.7400997  -0.04064993  0.33647224
 -2.01587461 -0.89971938 -2.95757497 -1.6520503  -2.9880359  -2.35290491
 -3.64094838 -3.63310498]
log likelihood =  -1723.87137989
Edge derivatives =  [0.7219749129290628, -3.396908990049945, 0.9409736819968301, 1.6138049724978394, 0.7086395480659113, 0.4367455168053701, -0.6834527517902763, -0.902579112659798]
other derivatives: [ 8.55293365 -2.99489784  7.46445039  1.58674993 -1.17177024  0.        ]
Current x array =  [-0.70784775 -0.53489699 -0.7579175   0.75630461 -0.06557191  0.33647224
 -2.03248059 -0.94412424 -3.0556299  -1.66286448 -3.08056008 -2.33060928
 -3.88404518 -3.87986905]
log likelihood =  -1723.53860454
Edge derivatives =  [0.93986803039356, -0.767804272948619, 1.120454866602819, 0.8634174486100776, 1.02863984185135, 0.16899170544707456, -0.0629149777449726, -0.3111612936363238]
other derivatives: [ 2.04499884 -1.29066393 -4.93996595 -0.24620022  0.21786946  0.        ]
Current x array =  [-0.69774527 -0.53804947 -0.71975699  0.78572243 -0.09193094  0.33647224
 -2.03017463 -0.99841643 -3.0811188  -1.64497743 -3.10708814 -2.31738022
 -3.98195197 -3.98155905]
log likelihood =  -1723.47044749
Edge derivatives =  [0.7656192501678396, -0.42250718692203415, 0.9615021707939782, 0.5772117050122272, 0.9071467635862522, 0.13056974503745428, -0.17089835754247049, -0.4076072123844625]
other derivatives: [ 0.44706212 -0.33844572 -0.83023224 -0.34813183  0.22566837  0.        ]
Current x array =  [-0.69538666 -0.53997256 -0.7323316   0.78836533 -0.09337833  0.33647224
 -2.02592707 -1.00647926 -3.06842896 -1.63932526 -3.09552133 -2.3176134
 -3.96402804 -3.96442513]
log likelihood =  -1723.44752009
Edge derivatives =  [0.5650316739842085, 0.07995178299402875, 0.787429459075432, 0.2760530698837418, 0.7744884816481825, 0.06780994447386934, -0.24150520079964527, -0.46330442890860907]
other derivatives: [-0.64380856  0.25795543  0.49772098 -0.39585757  0.2582965   0.        ]
Current x array =  [-0.69382117 -0.54128561 -0.73652108  0.78939307 -0.09485866  0.33647224
 -2.02045952 -1.01796897 -3.05538448 -1.63344064 -3.08350306 -2.3167884
 -3.9526122  -3.95459571]
log likelihood =  -1723.42790762
Edge derivatives =  [0.3004609768867506, 0.37203809582157754, 0.6235076043418398, -0.01771234803188526, 0.6443445495766206, -0.003596284169121139, -0.2449087595108364, -0.446501563092189]
other derivatives: [-0.95474206  0.4544745   0.79535312 -0.26552698  0.18994797  0.        ]
Current x array =  [-0.69345157 -0.5418393  -0.73743226  0.78715113 -0.09409558  0.33647224
 -2.01317535 -1.02496694 -3.04364059 -1.6279607  -3.07235361 -2.31532649
 -3.9526481  -3.95734197]
log likelihood =  -1723.39075681
Edge derivatives =  [-0.26899630633469385, 0.4094173986404382, 0.2957969515198787, -0.376356770475218, 0.3418157017155583, -0.1244364084260195, -0.1383094566868065, -0.2853698046358299]
other derivatives: [-1.11110694  0.16968897  0.6438313   0.0402224  -0.00577529  0.        ]
Current x array =  [-0.6933848  -0.54149661 -0.73686882  0.78225511 -0.09082523  0.33647224
 -1.99839808 -1.02659665 -3.01892666 -1.62197122 -3.04762984 -2.31297409
 -3.97208485 -3.98544253]
log likelihood =  -1723.52158538
Edge derivatives =  [-0.44127938051493115, 0.6097138695852605, -0.1288964942849578, -0.14747056422429017, -0.015350730549215374, -0.149016987136883, -0.0556701045360685, -0.13405676041586595]
other derivatives: [ 10.65727702   7.08137122   0.03233254  -0.50974904   0.30290721   0.        ]
Current x array =  [-0.71114098 -0.5574843  -0.73457201  0.78864709 -0.09375744  0.33647224
 -1.99671138 -1.02939994 -2.98238388 -1.62347419 -3.01089344 -2.31554843
 -3.98530407 -4.0115484 ]
log likelihood =  -1723.38726687
Edge derivatives =  [-0.2922642313471763, 0.4376687564888258, 0.2385554611019221, -0.3442802749554197, 0.29361365159999725, -0.12716311548200918, -0.12676796654908087, -0.26419702065574135]
other derivatives: [ 0.551222    1.14916929  0.55970304 -0.03615241  0.03694822  0.        ]
Current x array =  [-0.69583279 -0.54370079 -0.73655216  0.78313636 -0.09122949  0.33647224
 -1.99816554 -1.02698313 -3.01388862 -1.62217843 -3.0425651  -2.313329
 -3.97390734 -3.98904167]
log likelihood =  -1723.37513672
Edge derivatives =  [-0.5045501343340832, 0.2059511639700619, 0.11036054070050383, -0.3033935033761359, 0.14369574476010222, -0.1647561899144527, -0.011354353854833452, -0.11896971481652455]
other derivatives: [ 0.29704097  0.53273652  0.0518412   0.20240805 -0.10809345  0.        ]
Current x array =  [-0.69553554 -0.54245919 -0.73492063  0.77923468 -0.08851386  0.33647224
 -1.99324886 -1.02202921 -3.00325674 -1.62371391 -3.03107863 -2.31267798
 -3.99458263 -4.01544016]
log likelihood =  -1723.36854862
Edge derivatives =  [-0.33288408297165256, 0.1516388316342187, 0.005983490481077769, -0.09910480247091047, 0.008671692684030813, -0.11689031173601347, 0.02047136951470148, -0.06208659699068138]
other derivatives: [ 0.78707671 -0.80194695  0.01130047 -0.01564331  0.03374225  0.        ]
Current x array =  [-0.6960877  -0.53965607 -0.73491743  0.78336978 -0.09055187  0.33647224
 -1.99970231 -1.02011452 -2.99213654 -1.62795418 -3.0194465  -2.3155731
 -4.00024922 -4.02631746]
log likelihood =  -1723.36584852
Edge derivatives =  [-0.1415460825159135, -0.0625136833361008, -0.022666754081372253, 0.17611310886392295, -0.045058932143194536, -0.060846820528150214, 0.05328289747956376, -0.012651706870368172]
other derivatives: [-0.45920387  0.27530405 -0.21145752 -0.05879883  0.0283535   0.        ]
Current x array =  [-0.69431916 -0.54184377 -0.73423437  0.78417658 -0.09045834  0.33647224
 -2.00667654 -1.01479089 -2.98701048 -1.63312612 -3.01365923 -2.31835267
 -4.00592349 -4.03565504]
log likelihood =  -1723.3651625
Edge derivatives =  [-0.10541518217824764, -0.01926393829589558, 0.001916555605275927, 0.13422898916006742, -0.014890266040995928, -0.0534347150226783, 0.033966227028062936, -0.03654271609401307]
other derivatives: [-0.04690719  0.0007276  -0.02551133 -0.07585186  0.04570211  0.        ]
Current x array =  [-0.69488916 -0.54127492 -0.73482019  0.78443691 -0.09070579  0.33647224
 -2.00749147 -1.01575467 -2.9891846  -1.63225234 -3.01603949 -2.31847679
 -4.00241731 -4.0312221 ]
log likelihood =  -1723.36497516
Edge derivatives =  [-0.07478828287835965, -0.010682603154865314, 0.006915015904645494, 0.10946177568390736, -0.00584569921050411, -0.04501830013584965, 0.028328771880927812, -0.04157924019987769]
other derivatives: [ 0.03651621 -0.0343789   0.03201421 -0.06598384  0.04069989  0.        ]
Current x array =  [-0.69501078 -0.54121213 -0.73499835  0.78424053 -0.09059839  0.33647224
 -2.00843736 -1.01592731 -2.98957974 -1.63172691 -3.01653147 -2.31883397
 -4.00137937 -4.03031773]
log likelihood =  -1723.36465071
Edge derivatives =  [-0.007630733443730164, -0.0015646788817773455, 0.003420768867100965, 0.03579889481824994, 0.0021869335353861957, -0.02282457470073815, 0.023482701618063755, -0.040148232609480854]
other derivatives: [ 0.09042651 -0.04631602  0.06355094 -0.01962235  0.01289209  0.        ]
Current x array =  [-0.69510788 -0.54122612 -0.73509011  0.78338213 -0.09007094  0.33647224
 -2.01071609 -1.01608823 -2.98928805 -1.63020492 -3.01644499 -2.31991886
 -4.00043667 -4.03069896]
log likelihood =  -1723.36454049
Edge derivatives =  [0.010944679281210401, 0.003353820252125897, -0.006416320362803929, -0.00933975604179027, -0.0006112266680646933, -0.006003933861144672, 0.024496769762940435, -0.029902714291866195]
other derivatives: [ 0.0264663  -0.02064553 -0.03321929  0.00011369  0.          0.        ]
Current x array =  [-0.69502939 -0.54130392 -0.73478768  0.78302574 -0.08983721  0.33647224
 -2.0114661  -1.01618312 -2.98859402 -1.62927949 -3.01577666 -2.32071397
 -4.0004778  -4.03277153]
log likelihood =  -1723.36451866
Edge derivatives =  [0.010864010122917434, -0.0077332565130735775, -0.013525970038659907, -0.020255127916461557, -0.00612232362138683, 0.0032519429997740212, 0.027958102376462013, -0.018892167129850035]
other derivatives: [-0.03603873  0.02378329  0.05657057  0.01527951 -0.01155058  0.        ]
Current x array =  [-0.69494607 -0.54140152 -0.73506372  0.78278289 -0.08966009  0.33647224
 -2.01160965 -1.0159526  -2.98804218 -1.6290602  -3.01513866 -2.32114793
 -4.00097659 -4.03498317]
log likelihood =  -1723.36449301
Edge derivatives =  [0.010469689052981401, -0.00701858450449927, -0.011106273343580386, -0.01714586264652862, -0.004036343499917619, 0.006933810016375913, 0.026659205720789406, -0.017525098527141535]
other derivatives: [-0.03410605  0.01859917 -0.00725322  0.01123226 -0.00843556  0.        ]
Current x array =  [-0.69494811 -0.54139035 -0.7348665   0.78284584 -0.08970635  0.33647224
 -2.0115714  -1.01596309 -2.9882617  -1.62910952 -3.01529757 -2.32124808
 -4.00065737 -4.03531587]
log likelihood =  -1723.36445367
Edge derivatives =  [0.00457010590546475, -0.004870282250108465, -0.0053470550989411225, -0.009296772461712566, 0.0004946970904363412, 0.014437828167156413, 0.0231691963739534, -0.013622562979628362]
other derivatives: [-0.02260094  0.01064109 -0.06439222  0.00259206 -0.00231921  0.        ]
Current x array =  [-0.69496133 -0.5413696  -0.7346911   0.78298779 -0.08981446  0.33647224
 -2.01132803 -1.01601623 -2.98881263 -1.6292412  -3.01567148 -2.32143104
 -3.99979886 -4.03627053]
log likelihood =  -1723.36441311
Edge derivatives =  [-0.0023066231637253187, 0.001418683049451308, 0.002519955798298945, -0.0033543860064659814, 0.0064733465739685025, 0.02317956674841465, 0.016735378068743048, -0.007812672218334274]
other derivatives: [-0.03979039 -0.01623448 -0.07089511 -0.00629825  0.00404725  0.        ]
Current x array =  [-0.69493034 -0.54130467 -0.73467537  0.78314901 -0.08994972  0.33647224
 -2.01103794 -1.0161763  -2.98959627 -1.62933568 -3.01617427 -2.32162832
 -3.99827038 -4.03774949]
log likelihood =  -1723.3648066
Edge derivatives =  [-0.00029369421999630996, -0.00868276028880903, 0.007033062471641038, 0.046298047390056496, 0.005142847683422561, 0.03408386629832194, 0.00852279133523761, 0.016869848868424638]
other derivatives: [ 0.59744707  0.3124569  -0.0721684  -0.03169589  0.01991793  0.        ]
Current x array =  [-0.69586379 -0.54202602 -0.73465195  0.78341548 -0.09011805  0.33647224
 -2.01112638 -1.01587824 -2.9899763  -1.63010445 -3.01575555 -2.321876
 -3.99573646 -4.04335834]
log likelihood =  -1723.36440501
Edge derivatives =  [-0.00205550938726351, 0.0001646508854784151, 0.0030812041604435514, 0.002818541252999518, 0.006308111445767359, 0.02453551792186423, 0.015717201634486484, -0.0047362924102832965]
other derivatives: [ 0.03944933  0.02464731 -0.07107701 -0.00950422  0.00600267  0.        ]
Current x array =  [-0.69504633 -0.54139431 -0.73467246  0.78318212 -0.08997064  0.33647224
 -2.01104893 -1.01613927 -2.98964349 -1.6294312  -3.01612225 -2.32165909
 -3.99795553 -4.03844641]
log likelihood =  -1723.36438572
Edge derivatives =  [-0.005788054799253484, 0.004604537721372634, 0.0068496479304867575, 0.0029272772459296714, 0.008768765119320718, 0.026912697731262675, 0.011421351139034773, -0.0009445888148165854]
other derivatives: [ 0.02253273  0.00354703 -0.02451088 -0.01086846  0.00723048  0.        ]
Current x array =  [-0.69501842 -0.54134456 -0.73481931  0.78321871 -0.0900162   0.33647224
 -2.01090055 -1.01625835 -2.99004926 -1.62942861 -3.01634611 -2.32168222
 -3.99694246 -4.03942801]
log likelihood =  -1723.36437355
Edge derivatives =  [-0.0041357571977838625, 0.0050653576599609534, 0.007541208354321427, 0.0026294793565524444, 0.008012435216821448, 0.02201103454982839, 0.008954939335132556, 0.0006982034672254681]
other derivatives: [ 0.01450644 -0.0035925   0.01027729 -0.00777618  0.00532054  0.        ]
Current x array =  [-0.69500678 -0.54132821 -0.73492728  0.78317184 -0.08999344  0.33647224
 -2.0109502  -1.01627469 -2.99013135 -1.62942969 -3.01632717 -2.32148101
 -3.99636373 -4.0398964 ]
log likelihood =  -1723.36436086
Edge derivatives =  [0.0010005027422190782, 0.0036549137088736916, 0.0075334785356214184, 0.0034153842618287467, 0.005525009319043109, 0.009671682532961884, 0.00554977025085316, 0.0017336925218407254]
other derivatives: [-0.00479758  0.00604814  0.03622063 -0.00209184  0.00163709  0.        ]
Current x array =  [-0.69498116 -0.54134788 -0.73500594  0.78307969 -0.08993742  0.33647224
 -2.01111399 -1.0162426  -2.99013231 -1.62945907 -3.01621136 -2.32100694
 -3.9955837  -4.0402898 ]
log likelihood =  -1723.36435768
Edge derivatives =  [0.005394374801509116, -0.0003759560617092317, 0.00440273188285889, -0.0016086690203964693, 0.0011844359262997428, -8.666011635252713e-05, 0.004141878404441475, 0.002999173653727663]
other derivatives: [ 0.02671641 -0.04083631  0.02764864  0.00516138 -0.00238742  0.        ]
Current x array =  [-0.6950282  -0.54125503 -0.73497797  0.78296044 -0.08985147  0.33647224
 -2.01128364 -1.01614746 -2.98987487 -1.62938862 -3.01592501 -2.32066165
 -3.99524489 -4.04064383]
      fun: 1723.3643576788115
 hess_inv: <14x14 LbfgsInvHessProduct with dtype=float64>
      jac: array([ -2.67164069e-02,   4.08363121e-02,  -2.76486389e-02,
        -5.16138243e-03,   2.38742359e-03,  -0.00000000e+00,
        -5.39437480e-03,   3.75956062e-04,  -4.40273188e-03,
         1.60866902e-03,  -1.18443593e-03,   8.66601164e-05,
        -4.14187840e-03,  -2.99917365e-03])
  message: 'CONVERGENCE: REL_REDUCTION_OF_F_<=_FACTR*EPSMCH'
     nfev: 35
      nit: 30
   status: 0
  success: True
        x: array([-0.6950282 , -0.54125503, -0.73497797,  0.78296044, -0.08985147,
        0.33647224, -2.01128364, -1.01614746, -2.98987487, -1.62938862,
       -3.01592501, -2.32066165, -3.99524489, -4.04064383])
