/home3/jxiong7/IGCexpansion/IGCexpansion/CodonGeneconv.py:275: FutureWarning: comparison to `None` will result in an elementwise object comparison in the future.
  if not x == None:
number of sites to be analyzed:  185
Successfully loaded parameter value from ./test/save/MG94_YNL301C_YOL120C_nonclock_save.txt
log likelihood =  -2139.30758249
Edge derivatives =  [0.000597471688179467, 0.0010866841007911299, 0.002708411412291084, -0.003118107621539412, -0.0062236186529702475, -0.002908832203766226, 0.0031243177658328777, -0.003618963940257902, -0.0005773244158393566, -0.0017617550684848604, -0.001827306146784488, -0.002170727155428223]
other derivatives: [ 0.00100044  0.00350155 -0.00418368 -0.01036824  0.00673026  0.00372893]
Current x array =  [-0.72157206 -0.5473065  -0.8871794   1.68027978 -2.06567273  0.9080881
 -4.78150028 -1.73322354 -2.47457976 -1.32408468 -4.25788238 -2.49381681
 -3.9528808  -2.24580756 -5.3983958  -2.5630403  -2.76363333 -2.69751838]
log likelihood =  -2139.31840735
Edge derivatives =  [-0.0002226874501269991, -0.09489321347636218, -0.05782176806050712, 0.027919929455001602, -0.0019289419221525592, 0.01953454829759585, -0.011969914985170457, 0.04084317494187145, -0.0042285438111187386, -0.016275426404893878, 0.010074830525955814, -0.009216856442861063]
other derivatives: [-1.01790647 -1.88597369  1.31813067  0.4973117  -0.41090971 -0.09604264]
Current x array =  [-0.72057162 -0.54380495 -0.89136307  1.66991154 -2.05894247  0.91181703
 -4.78090281 -1.73213685 -2.47187135 -1.32720279 -4.26410599 -2.49672565
 -3.94975648 -2.24942652 -5.39897313 -2.56480205 -2.76546064 -2.69968911]
log likelihood =  -2139.3075805
Edge derivatives =  [0.0005869371003153021, -0.00019119366039710428, 0.0019063031291398913, -0.0026916499043849185, -0.006165078000193919, -0.002602811104271213, 0.002924509319246739, -0.003016599077080434, -0.0006259669068198687, -0.0019506496890797642, -0.0016639221335634502, -0.002260330483711201]
other derivatives: [-0.0125965  -0.0216005   0.01359695 -0.00354703  0.00122782  0.00236469]
Current x array =  [-0.72155867 -0.54725963 -0.8872354   1.68014098 -2.06558264  0.90813802
 -4.78149228 -1.73320899 -2.4745435  -1.32412642 -4.25796569 -2.49385575
 -3.95283897 -2.245856   -5.39840353 -2.56306388 -2.76365779 -2.69754744]
      fun: 2139.3075804958257
 hess_inv: <18x18 LbfgsInvHessProduct with dtype=float64>
      jac: array([ 0.0125965 ,  0.0216005 , -0.01359695,  0.00354703, -0.00122782,
       -0.00236469, -0.00058694,  0.00019119, -0.0019063 ,  0.00269165,
        0.00616508,  0.00260281, -0.00292451,  0.0030166 ,  0.00062597,
        0.00195065,  0.00166392,  0.00226033])
  message: 'CONVERGENCE: REL_REDUCTION_OF_F_<=_FACTR*EPSMCH'
     nfev: 3
      nit: 1
   status: 0
  success: True
        x: array([-0.72155867, -0.54725963, -0.8872354 ,  1.68014098, -2.06558264,
        0.90813802, -4.78149228, -1.73320899, -2.4745435 , -1.32412642,
       -4.25796569, -2.49385575, -3.95283897, -2.245856  , -5.39840353,
       -2.56306388, -2.76365779, -2.69754744])
number of sites to be analyzed:  185
Successfully loaded parameter value from ./test/save/MG94_Force_YNL301C_YOL120C_nonclock_save.txt
log likelihood =  -2215.07038332
Edge derivatives =  [-0.00014049685385320994, 0.000611326896792358, -0.0045086223528593705, -0.004203886783442634, 0.003445882654198741, -0.0007297719432239058, 0.00684735568290646, -0.0006950965392190367, 0.013308236885918784, -0.0008429045203197649, 0.004268446915219978, -0.0023350004267416458]
other derivatives: [-0.01218723  0.02000888 -0.00245564  0.00932232 -0.0041382   0.        ]
Current x array =  [ -0.73655504  -0.54945445  -0.91224476   1.55108622  -2.20997625
   0.33647224 -12.68967997  -1.5158941   -2.97110889  -1.29778515
  -4.02201911  -2.23244932  -4.54455002  -2.08583722  -4.69934433
  -2.06853539  -2.79493304  -2.1921717 ]
log likelihood =  -2215.26308721
Edge derivatives =  [-0.0001358189827509789, -0.015055144891637978, 0.0994092772571091, 0.49911406235450345, -0.012325050265021509, 0.030978752542874688, -0.003150952631464584, 0.049446839714719554, 0.0031605509037753964, 0.09221804024461688, -0.07745933763809638, 0.10589649192700412]
other derivatives: [ 10.76045919 -12.2345682    0.20881998  -0.77857294   0.39676706   0.        ]
Current x array =  [ -0.74874227  -0.52944556  -0.9147004    1.56040854  -2.21411445
   0.33647224 -12.68982047  -1.51528277  -2.97561751  -1.30198904
  -4.01857323  -2.2331791   -4.53770266  -2.08653232  -4.68603609
  -2.0693783   -2.7906646   -2.1945067 ]
log likelihood =  -2215.07038211
Edge derivatives =  [-0.00014048521898969924, 0.0005814393778997284, -0.004247316359755671, -0.002935229341240686, 0.0034066372928883426, -0.0006438253003689665, 0.006822114251219799, -0.0005634270367589067, 0.013282829197210445, -0.0006028495440432158, 0.004067172015992701, -0.0020580765005857593]
other derivatives: [ 0.01505214 -0.00932232 -0.00186446  0.00741238 -0.00313776  0.        ]
Current x array =  [ -0.73658538  -0.54940463  -0.91225087   1.55110943  -2.20998655
   0.33647224 -12.68968032  -1.51589257  -2.97112012  -1.29779562
  -4.02201054  -2.23245114  -4.54453297  -2.08583895  -4.6993112
  -2.06853749  -2.79492242  -2.19217751]
      fun: 2215.070382114754
 hess_inv: <18x18 LbfgsInvHessProduct with dtype=float64>
      jac: array([-0.01505214,  0.00932232,  0.00186446, -0.00741238,  0.00313776,
       -0.        ,  0.00014049, -0.00058144,  0.00424732,  0.00293523,
       -0.00340664,  0.00064383, -0.00682211,  0.00056343, -0.01328283,
        0.00060285, -0.00406717,  0.00205808])
  message: 'CONVERGENCE: REL_REDUCTION_OF_F_<=_FACTR*EPSMCH'
     nfev: 3
      nit: 1
   status: 0
  success: True
        x: array([ -0.73658538,  -0.54940463,  -0.91225087,   1.55110943,
        -2.20998655,   0.33647224, -12.68968032,  -1.51589257,
        -2.97112012,  -1.29779562,  -4.02201054,  -2.23245114,
        -4.54453297,  -2.08583895,  -4.6993112 ,  -2.06853749,
        -2.79492242,  -2.19217751])
74
