/home3/jxiong7/IGCexpansion/IGCexpansion/CodonGeneconv.py:277: FutureWarning: comparison to `None` will result in an elementwise object comparison in the future.
  if not x == None:
number of sites to be analyzed:  140
Successfully loaded parameter value from ./test/save/MG94_YML026C_YDR450W_nonclock_save.txt
log likelihood =  -1377.2454601
Edge derivatives =  [-0.0014418098497180898, 0.0002833104575032941, 0.0005190801930840816, 0.00019074724351736405, 2.1999277809054167e-05, 0.0012398404012980702, -2.7247860192689293e-05, 0.0006591728454574397, 0.004237427325315702, 0.00010488314297860124, 0.0024563031738644436, -0.0003584806099530963]
other derivatives: [ 0.00763976 -0.0005457  -0.00011369 -0.00125056 -0.00043201 -0.00109139]
Current x array =  [ -0.69053218  -0.52076063  -0.86672667   1.70680124  -2.60733268
   1.29326639  -3.44396745  -1.56760681  -2.15739197  -1.86209572
 -10.02612786  -2.86244208 -15.65149536  -2.52821893  -4.83956616
  -2.59077448  -3.28876322  -3.93024087]
log likelihood =  -1377.26281541
Edge derivatives =  [-0.0025651996347004213, -0.03500484821538308, -0.03835313733086726, -0.04439359192839412, -2.3019870101201366e-07, -0.030816632905622865, -2.7317091006491954e-05, -0.030363579298333027, -0.003893168484302604, -0.017555873731786714, -0.025693267863050137, -0.007693461328797176]
other derivatives: [-4.50647804  0.28617251  0.08355983  0.12441888 -0.05229595  0.029695  ]
Current x array =  [ -0.68289242  -0.52130632  -0.86684035   1.70555068  -2.60776469
   1.292175    -3.44540926  -1.5673235   -2.15687289  -1.86190497
 -10.02610586  -2.86120224 -15.65152261  -2.52755975  -4.83532874
  -2.5906696   -3.28630692  -3.93059935]
log likelihood =  -1377.24545998
Edge derivatives =  [-0.001445745366896678, 0.00019005962414064825, 0.0004170888249351856, 7.358266930496127e-05, 2.194078245734414e-05, 0.001155715214719466, -2.724804452972786e-05, 0.0005773423255932553, 0.004216141055526106, 5.8143285445982906e-05, 0.0023827290749331848, -0.00037795717599834605]
other derivatives: [-0.00393356  0.00020464  0.00013642 -0.00090949 -0.00059117 -0.00097771]
Current x array =  [ -0.69051235  -0.52076204  -0.86672696   1.70679799  -2.6073338
   1.29326356  -3.44397119  -1.56760607  -2.15739062  -1.86209522
 -10.0261278   -2.86243886 -15.65149543  -2.52821722  -4.83955517
  -2.59077421  -3.28875685  -3.9302418 ]
      fun: 1377.245459979992
 hess_inv: <18x18 LbfgsInvHessProduct with dtype=float64>
      jac: array([  3.93356459e-03,  -2.04636308e-04,  -1.36424205e-04,
         9.09494702e-04,   5.91171556e-04,   9.77706804e-04,
         1.44574537e-03,  -1.90059624e-04,  -4.17088825e-04,
        -7.35826693e-05,  -2.19407825e-05,  -1.15571521e-03,
         2.72480445e-05,  -5.77342326e-04,  -4.21614106e-03,
        -5.81432854e-05,  -2.38272907e-03,   3.77957176e-04])
  message: 'CONVERGENCE: REL_REDUCTION_OF_F_<=_FACTR*EPSMCH'
     nfev: 3
      nit: 1
   status: 0
  success: True
        x: array([ -0.69051235,  -0.52076204,  -0.86672696,   1.70679799,
        -2.6073338 ,   1.29326356,  -3.44397119,  -1.56760607,
        -2.15739062,  -1.86209522, -10.0261278 ,  -2.86243886,
       -15.65149543,  -2.52821722,  -4.83955517,  -2.59077421,
        -3.28875685,  -3.9302418 ])
number of sites to be analyzed:  140
Successfully loaded parameter value from ./test/save/MG94_Force_YML026C_YDR450W_nonclock_save.txt
log likelihood =  -1444.31278691
Edge derivatives =  [-0.00010691099903358187, -0.0001307082162793627, 0.0008064701673802244, 0.0019311318492555296, 0.005201076518269454, -0.0012402139213171237, -4.629774357010682e-05, -0.000267838053532643, 0.003884813407206797, 0.0016276792244356297, 0.0005715609164114732, -0.001806891169896005]
other derivatives: [ 0.01009539  0.00059117 -0.00031832  0.00059117 -0.00093223  0.        ]
Current x array =  [ -0.71912754  -0.51669141  -0.89458163   1.57905955  -2.82999648
   0.33647224 -11.65397865  -1.39341778  -2.31077339  -1.65764958
  -3.76134533  -2.71141065 -15.12661831  -2.21350002  -4.4703324
  -2.10791535  -2.86185342  -3.49997379]
log likelihood =  -1444.34411661
Edge derivatives =  [-0.00011481574975891041, -0.06235150546498325, -0.07769432670288079, -0.16711804664599034, -0.025743631374547188, -0.029693236243272803, -4.6491722236548114e-05, -0.052029293453617786, -0.010404364182115593, -0.10559897054221007, -0.03608215201207787, -0.004291421416386845]
other derivatives: [-6.18513241 -0.15663773  0.17296315  0.1959279  -0.04838512  0.        ]
Current x array =  [ -0.70903215  -0.51610024  -0.89489996   1.57965072  -2.83092871
   0.33647224 -11.65408556  -1.39354849  -2.30996692  -1.65571845
  -3.75614426  -2.71265087 -15.12666461  -2.21376786  -4.46644759
  -2.10628767  -2.86128186  -3.50178068]
log likelihood =  -1444.31278671
Edge derivatives =  [-0.00010693165089816621, -0.0002902725769882153, 0.0006063714806865961, 0.001501371354136638, 0.005122729466071105, -0.0013136143399911926, -4.6298237431359346e-05, -0.0004009484723602741, 0.0038485660047857806, 0.0013549037183465118, 0.00047778081352145563, -0.0018138954052744072]
other derivatives: [-0.00527507  0.00022737  0.00013642  0.00111413 -0.00102318  0.        ]
Current x array =  [ -0.71910209  -0.51668992  -0.89458244   1.57906104  -2.82999883
   0.33647224 -11.65397892  -1.39341811  -2.31077136  -1.65764472
  -3.76133222  -2.71141378 -15.12661842  -2.2135007   -4.47032261
  -2.10791125  -2.86185198  -3.49997834]
      fun: 1444.3127867128214
 hess_inv: <18x18 LbfgsInvHessProduct with dtype=float64>
      jac: array([  5.27506927e-03,  -2.27373675e-04,  -1.36424205e-04,
        -1.11413101e-03,   1.02318154e-03,  -0.00000000e+00,
         1.06931651e-04,   2.90272577e-04,  -6.06371481e-04,
        -1.50137135e-03,  -5.12272947e-03,   1.31361434e-03,
         4.62982374e-05,   4.00948472e-04,  -3.84856600e-03,
        -1.35490372e-03,  -4.77780814e-04,   1.81389541e-03])
  message: 'CONVERGENCE: REL_REDUCTION_OF_F_<=_FACTR*EPSMCH'
     nfev: 3
      nit: 1
   status: 0
  success: True
        x: array([ -0.71910209,  -0.51668992,  -0.89458244,   1.57906104,
        -2.82999883,   0.33647224, -11.65397892,  -1.39341811,
        -2.31077136,  -1.65764472,  -3.76133222,  -2.71141378,
       -15.12661842,  -2.2135007 ,  -4.47032261,  -2.10791125,
        -2.86185198,  -3.49997834])
