/home3/jxiong7/IGCexpansion/IGCexpansion/CodonGeneconv.py:275: FutureWarning: comparison to `None` will result in an elementwise object comparison in the future.
  if not x == None:
number of sites to be analyzed:  594
log likelihood =  -2919.43668214
Edge derivatives =  [-62.336567040353174, -29.357139086324953, -60.396281423226505, -43.90393023265397, -77.53007630824938, -68.4549655132672, -84.04241373825572, -67.24132396626489, -84.44101416387234, -85.5451531920242, -93.37526022615666, -89.15317987880937]
other derivatives: [-108.20326679  -42.53602128   25.75175131   95.70926522  118.92338989]
Current x array =  [-0.61615736 -0.55495043 -0.79875798  0.18232156  0.33647224 -2.30258509
 -2.30258509 -2.30258509 -2.30258509 -2.30258509 -2.30258509 -2.30258509
 -2.30258509 -2.30258509 -2.30258509 -2.30258509 -2.30258509]
log likelihood =  -2727.55721777
Edge derivatives =  [-51.303335510290054, -26.51150986740647, -46.66072443377878, -30.80983456534526, -59.41435041785004, -50.80155717764793, -63.85185836980958, -48.66822959467129, -64.30237830884721, -63.577650647342935, -70.63489912829603, -66.90883813700226]
other derivatives: [ 176.86943465   75.18328857   39.0826699   121.34601093   94.30245882]
Current x array =  [-0.98593353 -0.70031394 -0.79619916  0.50940045  0.35924432 -2.51561541
 -2.32547298 -2.50898464 -2.45262333 -2.56753804 -2.53652456 -2.58979344
 -2.53237704 -2.59115563 -2.59492893 -2.62168771 -2.60725908]
log likelihood =  -2392.92036261
Edge derivatives =  [-24.322850469582, -15.595309613251022, -16.604909792012155, -0.8446356975233668, -25.034285645246523, -15.98838095661303, -27.1294969648739, -11.14217244942353, -26.575832047762518, -24.314383565362807, -31.196132279619004, -27.442398019800574]
other derivatives: [ 116.49535736   74.79466149  -32.21452971   59.46117199   69.97115634]
Current x array =  [-1.07537162 -0.7188097  -0.70882918  1.40725517  0.5309156  -3.01866736
 -2.41237085 -2.98740182 -2.79123554 -3.18025206 -3.07263152 -3.25234362
 -3.05534627 -3.25728345 -3.26515281 -3.35690682 -3.30766572]
log likelihood =  -2390.4778892
Edge derivatives =  [-13.977509086868167, -20.057323208143742, -11.635210927910544, -2.9467483822790057, -14.483237898095162, -9.7824856084366, -16.145526176088126, -9.003652511586832, -14.977710696341612, -14.30795993783166, -18.527332798476245, -15.472653902319548]
other derivatives: [ 113.48447515 -500.82035159  226.53448468    4.65902303   64.58285498]
Current x array =  [-1.07585188 -0.23866006 -1.54580591  2.22318466  1.28864996 -3.50148505
 -2.57222646 -3.35276473 -2.87790017 -3.72007528 -3.45152002 -3.84159035
 -3.35455556 -3.83588264 -3.81616021 -4.03295811 -3.91491102]
log likelihood =  -2326.3805872
Edge derivatives =  [-15.715958008405831, -14.23199317587166, -10.940759861077417, 2.5973429017207676, -16.86308021469417, -9.744089631722598, -18.885732553283763, -6.720604852547497, -17.975342536780712, -16.658636818638097, -22.285387706198314, -18.646839214071097]
other derivatives: [ 123.08987607  -63.85325833  146.32523744   30.85287972   67.35444913]
Current x array =  [-1.07560745 -0.48303046 -1.11982967  1.80792033  0.90300383 -3.25575675
 -2.49086853 -3.16681462 -2.83379252 -3.44533423 -3.25868611 -3.54169539
 -3.20227409 -3.5414067  -3.53572701 -3.68888428 -3.60585575]
log likelihood =  -2221.86984812
Edge derivatives =  [-5.203703968468993, -8.76915710898146, -2.4290951921295827, 9.600928305605393, -7.948459826603394, -0.10506691660396966, -9.632054673004442, 2.67042380457506, -7.7697992015615345, -7.024310043516547, -12.304409418748794, -8.772541790808319]
other derivatives: [ 87.46055755  10.53031156  81.19113772   1.63568075  63.34939826]
Current x array =  [-0.94218651 -0.58492412 -0.98726305  2.32183879  1.31567368 -3.56356637
 -2.58786879 -3.42147973 -2.93450315 -3.80198191 -3.52914925 -3.93121901
 -3.43745459 -3.92587248 -3.91005089 -4.13186342 -4.00974549]
log likelihood =  -2152.94069573
Edge derivatives =  [4.353209371841853, -6.366177761974403, 0.2582350122420881, 1.5808293020543933, -4.461924432949465, 2.058376348340521, -5.4754396447816, 0.4783164075400889, -1.6170494163040028, -2.806129859039236, -5.119490390299799, -3.1464899627804725]
other derivatives: [ -43.63755579 -148.75031411  -28.04063115  -14.87974259   24.95739864]
Current x array =  [-0.67888862 -0.38779735 -0.70137403  2.7706427   2.34510899 -3.92695536
 -2.75574383 -3.70238299 -2.93888554 -4.24960009 -3.80669136 -4.42997707
 -3.64753563 -4.39993408 -4.36736559 -4.71364294 -4.51667205]
log likelihood =  -2142.88649318
Edge derivatives =  [6.594862362152172, -3.9458909459007625, 0.605668999702213, -0.2960670794172546, -4.1185897813793275, 2.581654754792922, -4.822363613398714, -0.9192429665411062, -0.20255952547493442, -2.189699924904413, -3.6211751464518147, -1.7509977782395771]
other derivatives: [-105.79619811   30.25884325    3.63525032  -17.82877916    4.4884473 ]
Current x array =  [-0.60929278 -0.61779053 -0.77936147  2.87468524  2.59789055 -4.00264891
 -2.80534507 -3.76918695 -2.94263001 -4.36480288 -3.86860676 -4.55860594
 -3.69868555 -4.51410741 -4.48024028 -4.85924592 -4.64151052]
log likelihood =  -2136.50790762
Edge derivatives =  [6.063532924965624, -3.994674359129854, 0.9787265243694782, 1.7391678319266433, -3.728994664216925, 3.050216687106032, -4.555000037451835, 0.41989967731863065, -0.3298199475236848, -1.9882673918130072, -3.8835268135403225, -1.898172135231055]
other derivatives: [ -7.80337359  17.76033969   3.08159542 -16.22534     13.18157956]
Current x array =  [-0.72317345 -0.59447076 -0.77980359  2.8246799   2.50229283 -3.96750608
 -2.793363   -3.74933695 -2.94814911 -4.336485   -3.84762517 -4.52713872
 -3.68835112 -4.47963653 -4.44999343 -4.81969171 -4.60638   ]
log likelihood =  -2134.6526813
Edge derivatives =  [6.252992662465541, -3.645064844129126, 0.6527016402115116, 0.0005369879281940382, -3.9544589942432427, 2.37403094562466, -4.680607552885457, -0.9226832120579782, -0.2605426312038192, -2.133817498731656, -3.566961776389077, -1.781560261709703]
other derivatives: [  0.72341209   1.06606421  -3.62106221 -16.07518243   3.79241101]
Current x array =  [-0.73341049 -0.56199848 -0.76184129  2.81991906  2.60362256 -3.97905162
 -2.81208469 -3.76344771 -2.94107036 -4.37005054 -3.85715918 -4.56551708
 -3.69715709 -4.50877291 -4.48058209 -4.86251098 -4.64036253]
log likelihood =  -2132.69186813
Edge derivatives =  [6.143386800291224, -3.419673529672455, 0.10556741059489677, -1.5351601408865003, -4.179233875008896, 1.4416844709818426, -4.761464683028269, -1.997424167929758, -0.38862941222513303, -2.357404220870227, -3.4013603563522747, -1.8165888662605598]
other derivatives: [  5.36510925  -9.86574378  -3.71128408 -14.14600774  -2.90838216]
Current x array =  [-0.73868884 -0.54273617 -0.76178282  2.73207881  2.66658558 -3.94947276
 -2.8372023  -3.7608645  -2.93345151 -4.39597463 -3.84388386 -4.59635786
 -3.69895459 -4.51487369 -4.49589775 -4.88925061 -4.65515327]
log likelihood =  -2128.24515209
Edge derivatives =  [5.623454705711831, -2.948591188831181, -1.334977088837768, -4.435324676800986, -4.34739296542109, -0.779695897833102, -4.491846180455394, -3.367771848610159, -0.6767785435085151, -2.5567055119855158, -2.968822577958749, -1.844679594160606]
other derivatives: [ 11.06118361 -21.76830094  -1.81607902  -5.89716365 -13.02796591]
Current x array =  [-0.74332895 -0.52410367 -0.76647205  2.40228377  2.75608117 -3.8165477
 -2.91648568 -3.74253656 -2.92687303 -4.47021366 -3.79015935 -4.68426462
 -3.70884266 -4.51205735 -4.53061716 -4.95378502 -4.68233791]
log likelihood =  -2124.6047534
Edge derivatives =  [5.4343067468080495, -2.353827297756744, -1.737639450709995, -4.464926029137295, -3.3118164008652475, -1.039426062687429, -3.047705095329219, -1.5976087972827209, -0.13527636638454688, -1.4285183234705838, -2.1011687683709646, -1.189722799618652]
other derivatives: [  9.40158316 -16.81210051  -2.63798938   2.59556145  -9.30426722]
Current x array =  [-0.7364832  -0.53326694 -0.76259344  2.1113613   2.75715977 -3.65762903
 -3.01660892 -3.75316861 -2.96576641 -4.59197566 -3.76381489 -4.81987
 -3.7523786  -4.53342721 -4.6011183  -5.0595407  -4.74248565]
log likelihood =  -2123.33400887
Edge derivatives =  [5.427294363602272, -1.3132937347535578, -1.4571453767030897, -3.4249944450400234, -1.6334992372764512, -0.4281142657436941, -0.9690036996559519, -0.6614167493555937, 1.4225850987151272, 0.5052725081006741, -0.27066118794798333, 0.5111349670757348]
other derivatives: [ 13.75592547  26.19217412  -7.93861545   3.43898137 -16.01383701]
Current x array =  [-0.7384211  -0.61907561 -0.74693837  2.05872387  2.90762966 -3.45515133
 -3.19999244 -3.869742   -3.09238928 -4.88322354 -3.81625376 -5.1279401
 -3.84618337 -4.66259361 -4.7977061  -5.34680931 -4.94444413]
log likelihood =  -2121.1813896
Edge derivatives =  [4.911716955614648, -1.673862800364746, -0.2438899166747695, -0.041698270410516367, -0.7896823167789185, 1.028572949960986, -0.2016548719871048, 2.130356784138295, 1.6330864427839722, 1.2422001047143556, -0.24301432189873567, 0.7067229229847841]
other derivatives: [  2.10793587  11.72847988  -2.97595761   5.44246177   1.58152034]
Current x array =  [-0.72177301 -0.58674059 -0.76008566  1.99754568  2.77156319 -3.36468747
 -3.21660353 -3.8624495  -3.1231806  -4.88871556 -3.79668265 -5.12936973
 -3.84366206 -4.62912259 -4.78115335 -5.332979   -4.92222754]
log likelihood =  -2120.5711507
Edge derivatives =  [4.554059336578335, -1.8021441362431005, 0.06731642139783554, 0.7976856114115592, -0.5755697397780073, 1.285881165454159, -0.038854976564549976, 2.1755497449746444, 1.6621389319539062, 1.3175009508972595, -0.17241268239362295, 0.8029794084417405]
other derivatives: [-1.96255314  5.24132702  1.69693521  3.6176516   3.37659003]
Current x array =  [-0.71659375 -0.57296575 -0.77404578  2.05183329  2.76193531 -3.32103269
 -3.23430587 -3.87424051 -3.14041646 -4.90898409 -3.79809204 -5.14546493
 -3.8374396  -4.6252394  -4.78329289 -5.34786943 -4.92788268]
log likelihood =  -2119.73559931
Edge derivatives =  [3.001550834009626, -2.2744397496763664, 0.5292491511487963, 2.1676969820344856, -0.10746678999531187, 1.4109411029993635, 0.39310490354551725, 1.800545040104748, 1.699898037475152, 1.5204803473998623, 0.14923090097899344, 1.0751749902769723]
other derivatives: [-4.60177034 -5.600441    3.11028998  0.79935489  4.21159712]
Current x array =  [-0.7130223  -0.5516782  -0.77840157  2.13839809  2.77070143 -3.17194203
 -3.30613721 -3.90791617 -3.1858622  -4.98946385 -3.79429925 -5.21738435
 -3.82506422 -4.61985375 -4.80312118 -5.41297096 -4.95680576]
log likelihood =  -2119.26334881
Edge derivatives =  [1.1868469981032757, -2.7381235284608705, 0.5061339720856273, 2.293117663058457, 0.044941255482154024, 0.9601624541897469, 0.5351667743795898, 0.9096056342818281, 1.4859511874702418, 1.406451466044434, 0.3204673947479857, 1.119162639064463]
other derivatives: [-2.76918399 -8.43670023  2.03231139 -0.37375685  2.09283826]
Current x array =  [-0.71561797 -0.54672018 -0.77506277  2.17744456  2.78796946 -3.04532581
 -3.37181119 -3.92379733 -3.20236338 -5.04320064 -3.7782429  -5.26230666
 -3.805716   -4.60065452 -4.80390915 -5.45268359 -4.96539819]
log likelihood =  -2118.71049089
Edge derivatives =  [-0.9597864413891902, -3.013044886450962, 0.0907484677538176, 1.198817148960424, -0.12888086096886603, -0.08948982163125115, 0.21852090252901968, -0.7020814970202442, 0.4709668061171714, 0.4759649656382083, 0.09544735968111516, 0.585588693567046]
other derivatives: [ 1.46128514 -6.79465302  0.60344973 -1.52426765  0.47830326]
Current x array =  [-0.72298767 -0.55073229 -0.7707029   2.22194751  2.76411858 -2.91448795
 -3.4551861  -3.9054654  -3.16422808 -5.03489582 -3.7292168  -5.23046907
 -3.74722901 -4.51521359 -4.73014565 -5.41941725 -4.90223482]
log likelihood =  -2119.59168467
Edge derivatives =  [-3.506165680749131, -2.9860181141527455, -0.8233653521097104, -1.605945908411817, -0.2298002893495762, -1.6934417364874494, 0.10374459322503701, -2.293160532030764, -0.3009215912507181, -0.1635839083377015, 0.2628837763080616, 0.33287903352469894]
other derivatives: [-38.383223     2.55595296  -1.38056748  -0.66415851  -9.18307705]
Current x array =  [-0.67269701 -0.56765181 -0.76356913  2.18433417  2.8264003  -2.78530077
 -3.63138512 -3.91720394 -3.13449501 -5.10864161 -3.70289188 -5.28536606
 -3.74044169 -4.47679487 -4.71795499 -5.47095976 -4.8971844 ]
log likelihood =  -2118.62429837
Edge derivatives =  [-1.474231231222727, -2.9932650926500566, -0.11973885486150346, 0.5478054082135128, -0.1516437155860368, -0.45028416447835107, 0.19274908347253167, -1.0638325440697152, 0.2970715567331472, 0.3284065967325647, 0.134012185225631, 0.5264201609825848]
other derivatives: [-7.22075129 -4.58931027  0.14606485 -1.32913556 -1.64832272]
Current x array =  [-0.71138958 -0.55463429 -0.7690577   2.21327308  2.77848206 -2.88469466
 -3.49582131 -3.90817255 -3.15737101 -5.05190315 -3.72314572 -5.24312947
 -3.74566371 -4.50635342 -4.72733423 -5.43130404 -4.90107009]
log likelihood =  -2118.43115516
Edge derivatives =  [-1.7520473931611509, -2.8221961600797285, -0.2841734155758631, -0.12185664402921542, -0.18071822006714486, -0.740794091619498, 0.12609459512780666, -1.116963237664524, -0.036577637007116505, 0.06227374916491567, 0.06990335605458894, 0.33293366055916135]
other derivatives: [-2.88068804  0.77975528 -0.39276529 -0.34633558 -1.55414455]
Current x array =  [-0.71742227 -0.56520427 -0.76749214  2.18300336  2.76663186 -2.85713513
 -3.54323452 -3.89885133 -3.13498347 -5.05007082 -3.70706922 -5.23349605
 -3.7375962  -4.47815268 -4.70365269 -5.42035835 -4.87796548]
log likelihood =  -2118.30008023
Edge derivatives =  [-1.4781145612883608, -2.4760406356817914, -0.3225534655722739, -0.6291851295400192, -0.13045125273258582, -0.7664117070827885, 0.1503271965184471, -0.7900046847294051, -0.18997534874849123, -0.026237779661470607, 0.07767780461401812, 0.24295140392991937]
other derivatives: [-0.47039066  3.69736881 -0.86261025  0.59790182 -1.24100552]
Current x array =  [-0.72049805 -0.57103964 -0.76621022  2.1527384   2.76233281 -2.84958228
 -3.60000439 -3.89744221 -3.12025775 -5.05900023 -3.70298544 -5.23617971
 -3.74395852 -4.46515866 -4.69461895 -5.4224803  -4.8676464 ]
log likelihood =  -2118.10663616
Edge derivatives =  [-1.0242511899852804, -1.905802927316866, -0.24173833454944846, -1.1612357330733794, 0.02548401058810117, -0.6365195314362514, 0.24484153653846016, -0.2389690877110839, -0.4012044558527311, -0.13185638928079674, 0.13827809040491873, 0.13794397691894902]
other derivatives: [ 1.66928658  5.06634024 -0.62846084  1.24318831 -0.77570803]
Current x array =  [-0.72309931 -0.57381611 -0.76711     2.13189847  2.76081938 -2.83089463
 -3.71847137 -3.90404354 -3.10569003 -5.08669987 -3.70332943 -5.25054017
 -3.75745497 -4.44771012 -4.68471746 -5.43712036 -4.85604702]
log likelihood =  -2117.81917401
Edge derivatives =  [-0.3658009680146505, -1.1724858636546918, 0.07783550890627464, -1.2955933045325039, 0.31975117394845165, -0.2514494413152282, 0.419540503808279, 0.45590644040920963, -0.6814951456759609, -0.264916925951053, 0.262289596475622, -0.014590742210224028]
other derivatives: [ 2.35413609  3.27327143 -2.37737368  1.08020686  0.15384103]
Current x array =  [-0.72349158 -0.5701584  -0.76237996  2.13519813  2.76180122 -2.79260951
 -3.9456916  -3.92203032 -3.10211692 -5.14064812 -3.71059319 -5.2782001
 -3.77545179 -4.42515154 -4.67235907 -5.46770669 -4.83956896]
log likelihood =  -2118.14110346
Edge derivatives =  [-1.2267541936080932, -0.7734895281101162, 0.6447920115449538, -0.024962096723528664, 0.7947229203419826, 0.31024086134788703, 0.7695573249318614, 0.7701795038066417, -0.7565688746588664, -0.3303071881864309, 0.5346926684254591, -0.051359075625673614]
other derivatives: [  2.98296072   7.27568477  17.26330083  -0.05038601  -0.13669705]
Current x array =  [-0.72461766 -0.57778831 -0.82441168  2.17073383  2.7857235  -2.69159865
 -4.36561512 -3.96157263 -3.1427619  -5.25470967 -3.7284742  -5.34761871
 -3.79437712 -4.41754521 -4.6790858  -5.54419062 -4.83599131]
log likelihood =  -2117.73144628
Edge derivatives =  [-0.46586140648818386, -0.9849864400339852, 0.26660973681395717, -0.8996531354512345, 0.478658910524864, -0.06903966188079025, 0.5325999464368609, 0.5603002056386117, -0.7002947331735073, -0.2845978390516322, 0.351019427765174, -0.023323858386921678]
other derivatives: [ 2.58896762  4.55052032  4.09609129  0.71795512  0.10595613]
Current x array =  [-0.72384173 -0.5725309  -0.78166857  2.14624787  2.76923979 -2.76120044
 -4.07626576 -3.9343259  -3.11475537 -5.17611527 -3.71615325 -5.29978564
 -3.78133657 -4.42278637 -4.67445073 -5.49148918 -4.83845649]
log likelihood =  -2117.57814098
Edge derivatives =  [-0.06577246291096396, -0.6727781935897713, 0.44678392048440874, -0.8125903566819311, 0.6239898541199105, 0.12140239813947434, 0.5863914323037251, 0.7004068567894391, -0.8895061848924668, -0.4379088329125937, 0.40965638289374556, -0.19057176865591136]
other derivatives: [ 0.85647116 -0.65028871  1.67501639  0.26916496  0.01386979]
Current x array =  [-0.72105342 -0.56222467 -0.77454498  2.15926409  2.77507028 -2.7367878
 -4.27078797 -3.9452447  -3.12021098 -5.21154166 -3.7224291  -5.31265313
 -3.7877962  -4.4107678  -4.66466706 -5.50960146 -4.82296027]
log likelihood =  -2117.5148038
Edge derivatives =  [0.3790631417681832, -0.4770422571095368, 0.64934427746897, -0.35883630634637487, 0.7327062186608492, 0.3666685787348985, 0.6302714288882465, 0.7838101888061662, -0.9079095482005, -0.4833083879167518, 0.444896590821382, -0.28490473133940114]
other derivatives: [-0.67943802 -1.0938038   0.18590072 -0.28931026  0.57571015]
Current x array =  [-0.71876254 -0.56112421 -0.77020489  2.17526234  2.77607034 -2.72408447
 -4.42108168 -3.95174642 -3.1324008  -5.2334974  -3.72907207 -5.31781734
 -3.79005235 -4.40921565 -4.66101657 -5.52010085 -4.81295794]
log likelihood =  -2117.44290316
Edge derivatives =  [0.28992327089914194, -0.3695088265014586, 0.5885219683791723, -0.20438055436583033, 0.7258647297061596, 0.2081075526005056, 0.5423655818461063, 0.2677847347328629, -1.0148885292986958, -0.7097044394439528, 0.40896401031671387, -0.5137145249233068]
other derivatives: [-0.9528776  -3.56958481  0.07530616 -0.51695679 -0.23978828]
Current x array =  [-0.71837489 -0.55645144 -0.76986788  2.18293827  2.77921828 -2.69495827
 -4.62409739 -3.94628235 -3.14024272 -5.24559024 -3.72518008 -5.30723244
 -3.77781373 -4.40397118 -4.64892779 -5.51808259 -4.79124796]
log likelihood =  -2117.32105056
Edge derivatives =  [1.06205495587573, -0.17036317804447634, 0.55849123107499, 0.6074165940731392, 0.713086861306196, 0.2430362248056152, 0.4254193260826427, -0.3414422165276402, -0.7153721156264099, -0.7500874643863115, 0.3619923741438331, -0.7200690226498102]
other derivatives: [-1.06783773  0.15088517 -1.05337676 -0.90635695 -0.4814865 ]
Current x array =  [-0.71800674 -0.56322561 -0.76657407  2.19282781  2.78356556 -2.67922011
 -4.9659971  -3.93197732 -3.16779807 -5.25233518 -3.72898698 -5.28106662
 -3.76410076 -4.42803858 -4.65124232 -5.51036878 -4.77086746]
log likelihood =  -2117.21774369
Edge derivatives =  [0.499392775967535, -0.1435862846712787, 0.28743874364330574, 0.951036391200082, 0.6341347331312548, 0.01743934059257122, 0.2552016496931538, -0.8722907667219576, -0.5021873666031204, -0.8017880320852775, 0.24835842078902384, -0.9635692136895919]
other derivatives: [-2.10948201 -0.5018137   0.10968506 -0.40718078 -0.0604814 ]
Current x array =  [-0.71673222 -0.56220152 -0.76970356  2.17742985  2.77260053 -2.63962268
 -5.30866796 -3.90384809 -3.17756071 -5.24274068 -3.71930014 -5.23986303
 -3.74533551 -4.44373278 -4.64696874 -5.48694369 -4.74444275]
log likelihood =  -2117.84896161
Edge derivatives =  [0.3381249007032597, -0.06801337428598275, -0.2495748791924836, 2.1642908536593666, 0.47233175198730326, 0.1791690915517729, -0.009868567118272829, -1.1849565896095122, 0.7486436637160733, -0.12551264695042494, 0.13718259609461497, -0.8471683841816682]
other derivatives: [ 30.01905498  -7.59237082  -0.07989911  -0.58080332  -0.49494702]
Current x array =  [-0.76175474 -0.54968577 -0.77021146  2.19127633  2.77926977 -2.60242771
 -6.01566906 -3.85363047 -3.21909906 -5.21145386 -3.7303687  -5.15952637
 -3.74210833 -4.54242257 -4.69962982 -5.44994891 -4.75016246]
log likelihood =  -2117.19155104
Edge derivatives =  [0.5379935280237982, -0.12274233819608556, 0.20455336355318204, 1.1513874640231498, 0.6081839597826265, 0.04250537253753072, 0.21521570637503232, -0.9246708101336715, -0.28940626032761857, -0.6921780435958235, 0.22925421904065293, -0.9462107360238367]
other derivatives: [ 3.43788997 -1.64168341  0.07485141 -0.43614818 -0.09799805]
Current x array =  [-0.72412271 -0.56014705 -0.76978693  2.17970276  2.7736953  -2.63351709
 -5.42472287 -3.89560482 -3.18437927 -5.23760492 -3.72111706 -5.22667569
 -3.74480576 -4.4599328  -4.65561311 -5.48087096 -4.74538164]
log likelihood =  -2117.13784836
Edge derivatives =  [0.3669486055772804, -0.10506747008251435, -0.0624082145293544, 1.1718794258108534, 0.5243290313677983, -0.06418888019829637, 0.09704766806217077, -0.9713382291525208, -0.0008113801401627013, -0.5509169763620506, 0.1473369547809363, -0.9838605593807791]
other derivatives: [ 2.2059794  -0.21304913  0.27112037  0.19399522  0.59726517]
Current x array =  [-0.7224716  -0.56299481 -0.77015544  2.15932596  2.7643957  -2.61955089
 -5.61911614 -3.8726263  -3.18510777 -5.21887634 -3.71635254 -5.1943332
 -3.74019315 -4.48141777 -4.66345924 -5.46009413 -4.73908268]
log likelihood =  -2117.06756182
Edge derivatives =  [0.06419335964877461, -0.09318852111604506, -0.5351633518465521, 0.5627882312214654, 0.38407700412686885, -0.20025058088543468, -0.03722178147035297, -0.7589675056923582, 0.38843284976629894, -0.25001078680761024, 0.10412882746867617, -0.8213346568557667]
other derivatives: [ 0.12773853 -0.08376446  0.60326784  0.33123797 -0.82873157]
Current x array =  [-0.71959156 -0.56310575 -0.77113476  2.15454027  2.77599498 -2.60841604
 -5.83547371 -3.85572175 -3.17938215 -5.1994822  -3.72079483 -5.16758746
 -3.75522184 -4.51707212 -4.69151662 -5.44613628 -4.75773461]
log likelihood =  -2117.02594199
Edge derivatives =  [-0.07806714921161213, -0.08643423113700173, -0.6069000825793234, 0.08423084124715988, 0.3680581784335645, -0.023075845194851292, -0.01698834153568687, 0.014501784451597138, 0.5769939597428868, 0.05921511937093805, 0.10903565899023751, -0.5675408711860012]
other derivatives: [-0.24742803  0.42978172 -0.03205969  0.32646312 -0.17075763]
Current x array =  [-0.71907132 -0.56403576 -0.76935304  2.15457476  2.77431378 -2.60127047
 -5.94659574 -3.85603801 -3.16586621 -5.186684   -3.72680277 -5.15778992
 -3.77694704 -4.53087384 -4.71176884 -5.4406893  -4.78201428]
log likelihood =  -2116.99549622
Edge derivatives =  [-0.0993984151540931, -0.07970587115562727, -0.5111280776279057, -0.19564019408095035, 0.3222844021258671, 0.023619187696952496, -0.046435822034051416, 0.2776850722758498, 0.5434616479291625, 0.18619119630516642, 0.09569741358906667, -0.3266401842353874]
other derivatives: [-0.42746251 -0.16434569 -0.08849383  0.05720722 -0.09822543]
Current x array =  [-0.71887612 -0.56281543 -0.76930632  2.16329312  2.77529466 -2.59814726
 -6.02603645 -3.86769436 -3.15714419 -5.17059656 -3.72975902 -5.15039343
 -3.78591801 -4.52767474 -4.72193145 -5.43429202 -4.80722749]
log likelihood =  -2116.98019056
Edge derivatives =  [-1.2021735615977525, -0.08262563274755065, -0.27818124353230667, -0.8147773363781227, 0.20605255687992377, -0.06574980147755274, -0.16541842883621907, 0.42062015753143733, 0.050391689949653706, 0.11637849333460867, 0.03959580734014736, -0.022374428795010955]
other derivatives: [ 1.52476787  2.61970854 -1.20899131 -0.00695763 -0.72705006]
Current x array =  [-0.72193085 -0.56841895 -0.76605366  2.16673567  2.77567243 -2.56561672
 -6.29525981 -3.89886306 -3.13659389 -5.14184346 -3.72767285 -5.13530618
 -3.79209217 -4.48873918 -4.71884526 -5.41881848 -4.8425448 ]
log likelihood =  -2116.94584151
Edge derivatives =  [-0.330255713741444, -0.062393051080636044, -0.005408929036225016, -0.378112011012614, 0.18690334263538536, 0.04441210370260705, -0.18468310828444584, 0.3670777968108714, 0.0651464824255863, 0.19523358098984805, 0.020052855416675456, 0.14318415108743793]
other derivatives: [-0.02946763 -0.72259354  0.16502781 -0.20618245  0.27134774]
Current x array =  [-0.7195922  -0.56177139 -0.77016562  2.17219151  2.77209556 -2.58304184
 -6.32715616 -3.91010098 -3.14470059 -5.1257732  -3.73125745 -5.1301369
 -3.78916389 -4.48807335 -4.7242285  -5.41261181 -4.85950232]
log likelihood =  -2116.93765548
Edge derivatives =  [-0.22483577113631292, -0.05692619236603407, 0.025106046268714544, -0.11330748008278806, 0.1669866395363126, 0.013944995571803828, -0.22784884240660705, 0.1193512746675651, 0.06313824025373177, 0.14683231120166887, -0.00016258493975185133, 0.10465073356681671]
other derivatives: [-0.10086296 -0.52250471  0.05520633 -0.17616912  0.19954314]
Current x array =  [-0.71944852 -0.56214242 -0.76979319  2.17082094  2.77229208 -2.58419851
 -6.382767   -3.90932594 -3.15224087 -5.12305178 -3.73087709 -5.12550766
 -3.78246646 -4.48849527 -4.72157869 -5.40934137 -4.85552535]
log likelihood =  -2116.92826972
Edge derivatives =  [-0.24140679761915435, -0.04491637406873135, 0.07026204359793226, 0.10322634076628345, 0.08644265311423543, -0.046697243338727386, -0.32480703995955607, -0.1648253730894456, -0.04662377833417407, 0.03601905349253963, -0.05914593253445004, 0.07746797795888112]
other derivatives: [ 0.0039563   0.10004442  1.07515916  0.04656613 -0.10904841]
Current x array =  [-0.71959096 -0.56337351 -0.77273811  2.16347949  2.77311977 -2.57999464
 -6.61766527 -3.9124193  -3.1587153  -5.10704709 -3.73105339 -5.11522678
 -3.77613115 -4.48168698 -4.71522569 -5.39808012 -4.85436109]
log likelihood =  -2116.92508673
Edge derivatives =  [-0.1929199994031135, -0.03630041467991187, 0.10422283258588688, 0.26003030785408876, 0.026404050573994198, -0.06970666918724228, -0.37683032491560275, -0.32135216286200063, -0.11756558232020559, -0.028978836458142164, -0.09551543247147985, 0.04794885887339409]
other derivatives: [-0.29217517 -0.47457434 -1.02036211  0.16038939 -0.22541826]
Current x array =  [-0.71906116 -0.56228908 -0.76648623  2.15925456  2.77329928 -2.57823296
 -6.80776655 -3.91407106 -3.16364525 -5.09429829 -3.73182955 -5.11064188
 -3.77250126 -4.47773655 -4.71036746 -5.39034369 -4.85273403]
log likelihood =  -2116.91954412
Edge derivatives =  [-0.008180511087704331, -0.03379242014596507, 0.10022073135591857, 0.222155350590944, 0.0369825456348033, -0.019337435273492295, -0.34199659050971787, -0.19652659970886743, -0.09063066408949677, -0.011092394338798084, -0.08358920581069167, 0.05116826272127248]
other derivatives: [ 0.00754881  0.30313458 -0.32759999  0.13178578 -0.17234925]
Current x array =  [-0.71945817 -0.56373295 -0.76857613  2.15998383  2.7742455  -2.58228253
 -6.81097269 -3.91394536 -3.162862   -5.09462771 -3.73372328 -5.11577398
 -3.77633406 -4.47974633 -4.71135008 -5.39252112 -4.85310466]
log likelihood =  -2116.91393425
Edge derivatives =  [0.12442767268567383, -0.02907136452886875, 0.080479830323952, 0.10138514612605344, 0.025551577092258672, 0.040696524743631154, -0.3003887716908426, 0.012456078821604107, -0.09256414141126482, -0.003914638747529136, -0.07948575198690247, 0.05112989836849789]
other derivatives: [ 0.21918822  0.63027983  0.1837634   0.17789716 -0.16202648]
Current x array =  [-0.71971323 -0.56433218 -0.77013759  2.15840462  2.7754366  -2.58431438
 -6.90487423 -3.91437119 -3.16015915 -5.0890954  -3.7366338  -5.12285661
 -3.78294566 -4.48010671 -4.71094148 -5.39265292 -4.85391246]
log likelihood =  -2116.90751854
Edge derivatives =  [0.15529365874096357, -0.023790397814788977, 0.047715542182757496, -0.018659443639173198, 0.0025567092631153636, 0.1052576620041368, -0.23895200644221637, 0.23539799294814484, -0.10972079932057105, -0.021983572775203138, -0.07991733113867411, 0.01745363934602146]
other derivatives: [ 0.00482032  0.63705556  0.4384674   0.25002009 -0.09549694]
Current x array =  [-0.71939776 -0.56432975 -0.77090495  2.15601399  2.77567916 -2.58334564
 -7.08558775 -3.91380321 -3.15729451 -5.07976467 -3.73964279 -5.13425473
 -3.78936922 -4.47948618 -4.70741745 -5.39191089 -4.85128813]
log likelihood =  -2116.93490168
Edge derivatives =  [0.3595855391498708, -0.013353689824215084, -0.007499559688085442, 0.10913048353453814, -0.05433556504966666, 0.2370261952112144, -0.09729526225099958, 0.45223561827853953, -0.00537584656927818, -0.037010317877379864, -0.08647624551102404, -0.09335692976116164]
other derivatives: [ 7.21574906 -1.3306817   0.24756446  0.36734491  0.31450327]
Current x array =  [-0.72908363 -0.56075522 -0.77058832  2.15419501  2.77340632 -2.58300641
 -7.55469016 -3.90648092 -3.15927219 -5.05617648 -3.7442688  -5.15980344
 -3.79311083 -4.48723703 -4.69970209 -5.38849444 -4.8392511 ]
log likelihood =  -2116.9055791
Edge derivatives =  [0.20327714425502347, -0.02110723774152375, 0.0368006317251663, 0.007082264338257087, -0.008708087380156174, 0.13213822770116032, -0.2097426995030081, 0.2793840783074061, -0.088507745124956, -0.02507932952229538, -0.08133429724671276, -0.005013117890480883]
other derivatives: [ 1.48675099  0.23946995  0.39931365  0.27375791 -0.00945874]
Current x array =  [-0.72136619 -0.56360331 -0.7708406   2.15564432  2.77521726 -2.5832767
 -7.18092233 -3.91231512 -3.15769643 -5.0749709  -3.74058292 -5.13944693
 -3.79012962 -4.48106137 -4.70584947 -5.39121657 -4.84884187]
log likelihood =  -2116.89968043
Edge derivatives =  [0.14440782107237732, -0.016769930776055066, -0.005392510248238672, -0.04585538523415344, -0.048255602429156816, 0.17983474850591968, -0.14848068055944114, 0.42228364331988016, -0.09329248048428151, -0.05662542877216949, -0.08898556363552079, -0.062226941488208225]
other derivatives: [ 0.66688699  0.04906724  0.19858817  0.31791387  0.06916707]
Current x array =  [-0.72023784 -0.56321931 -0.77020777  2.15404114  2.77471212 -2.58032765
 -7.42922457 -3.91033334 -3.15662414 -5.06238761 -3.74311578 -5.1522502
 -3.79382466 -4.4815024  -4.70075875 -5.38910216 -4.84366243]
log likelihood =  -2116.89439849
Edge derivatives =  [0.03487207989366553, -0.013965746745563697, -0.041927266608064596, -0.031307800853020123, -0.08678668008650725, 0.17758904034623188, -0.09708869181441471, 0.3966012256591724, -0.06957390685694803, -0.08367417286630337, -0.09419833868125464, -0.11218147763900393]
other derivatives: [ 0.08922143 -0.20299922  0.04438334  0.24692781  0.06511982]
Current x array =  [-0.71948621 -0.56272214 -0.76971701  2.15631629  2.77406555 -2.57673797
 -7.65232372 -3.90796828 -3.15708972 -5.05199261 -3.74361632 -5.16454316
 -3.79231695 -4.48363561 -4.69667748 -5.38788386 -4.83862112]
log likelihood =  -2116.88931727
Edge derivatives =  [-0.013943712865034763, -0.011157107053404915, -0.06292799172308475, 0.045297601945936766, -0.1274615524118679, 0.14096525032028606, -0.03579953544257004, 0.23489869988755885, -0.0007593790016693913, -0.09122835490288192, -0.0929664185163319, -0.1447417160106479]
other derivatives: [-0.29344847 -0.10491021 -0.21359483  0.04524736  0.090904  ]
Current x array =  [-0.71903338 -0.56287695 -0.76894175  2.16277751  2.77282641 -2.57431888
 -7.89174134 -3.90544979 -3.15860362 -5.04139217 -3.74242998 -5.17983814
 -3.78610132 -4.48842129 -4.69398119 -5.38787318 -4.83458577]
log likelihood =  -2116.88770197
Edge derivatives =  [-0.007502226589088737, -0.010326293301362201, -0.08316818072195195, -0.0007935800359850781, -0.1400998313845109, 0.04017905738317743, -0.009083452549348241, 0.02116610908874384, 0.046560801531356916, -0.07926875472840221, -0.07836797928738823, -0.12654663587130294]
other derivatives: [-0.42664396 -0.85587999  0.30108822 -0.07830749 -0.19626896]
Current x array =  [-0.71889134 -0.56142404 -0.77048561  2.16709255  2.77410759 -2.57462078
 -7.96519784 -3.90532347 -3.15777327 -5.04102738 -3.73946018 -5.18889374
 -3.78002105 -4.49161845 -4.69563026 -5.39123888 -4.83614448]
log likelihood =  -2116.88615542
Edge derivatives =  [-0.010690133480913439, -0.009787355197895845, -0.07935626520041453, -0.022683705471116908, -0.14443328215325738, 0.003982619461942623, 0.010870773551742841, -0.05733101068104534, 0.0678898287802944, -0.06315468506002764, -0.06822166807531893, -0.10632827708466035]
other derivatives: [-0.02769411  0.21068445 -0.05388756 -0.13055796 -0.24078872]
Current x array =  [-0.71947355 -0.56346956 -0.76945338  2.16874809  2.77393179 -2.57402364
 -8.01798269 -3.90583375 -3.1567711  -5.04034272 -3.73778721 -5.19391915
 -3.77717336 -4.49253336 -4.69655531 -5.39292048 -4.83775388]
log likelihood =  -2116.8855944
Edge derivatives =  [0.002441114554401061, -0.010135842833891254, -0.06574114489510019, -0.037844894808432825, -0.1318465952911366, 0.0028464171408256814, 0.006738809623061689, -0.040427465713290214, 0.0606847334779635, -0.05143747835054221, -0.06385053137256064, -0.08846473392669928]
other derivatives: [ 0.05379661  0.18617357  0.00272848 -0.09945325 -0.19449544]
Current x array =  [-0.71957632 -0.56343186 -0.76962571  2.16777875  2.773728   -2.57437441
 -7.97807111 -3.90672831 -3.15610488 -5.04303002 -3.7373751  -5.19214561
 -3.77755042 -4.49166819 -4.69766835 -5.39374229 -4.83945499]
log likelihood =  -2116.88408536
Edge derivatives =  [0.010186720872530142, -0.010177106729346604, -0.004154584427267002, -0.04423630925813841, -0.09420818177604641, -0.004855860112403042, 0.03306648570632065, -0.011675517124927374, 0.055071902429092934, -0.001659375286138437, -0.0402016970720007, -0.02403976427386028]
other derivatives: [ 0.07917151  0.03938112  0.05034053 -0.04097274  0.12319106]
Current x array =  [-0.71959966 -0.56317979 -0.7697685   2.16599225  2.77167059 -2.57400956
 -7.96983315 -3.90987531 -3.15420613 -5.04887154 -3.73523574 -5.19449489
 -3.77672092 -4.48942129 -4.70075945 -5.39790794 -4.84511572]
log likelihood =  -2116.88335517
Edge derivatives =  [-0.032580388029049834, -0.009854856928521805, 0.0024904186479082664, -0.11767280199330792, -0.08452968865181998, -0.03378590845777397, 0.05077248318041753, 0.002308315207608061, 0.022298283771790623, 0.006812676738546922, -0.022930738143011248, 0.007578524427185793]
other derivatives: [ 0.11355041 -0.03769856  0.07180461  0.03610694 -0.01309672]
Current x array =  [-0.71962479 -0.56305143 -0.76983324  2.16357275  2.77291674 -2.57321069
 -8.01828109 -3.91209574 -3.15263683 -5.05184217 -3.7343878  -5.19880711
 -3.77756497 -4.48671039 -4.70193179 -5.40127401 -4.84881765]
log likelihood =  -2116.8824067
Edge derivatives =  [-0.015212551270737146, -0.008385864208176743, 0.037582631783848144, -0.028168121885088743, -0.06981985927367332, -0.014849193749212345, 0.09422772963913036, 0.019690956606321947, 0.008912643046157565, 0.016947553258205874, -0.0032264510679912532, 0.027413665041513005]
other derivatives: [-0.04529284  0.00277396  0.08249117  0.05420588  0.15202204]
Current x array =  [-0.71937437 -0.5631231  -0.7698511   2.1627919   2.77250404 -2.57292065
 -8.17211141 -3.91331582 -3.15459686 -5.05266475 -3.73447373 -5.20735148
 -3.77729644 -4.48495806 -4.70179231 -5.40493709 -4.85069969]
log likelihood =  -2116.88201968
Edge derivatives =  [0.012510967504275203, -0.007481706145730208, 0.04362647919970425, 0.03956375010854826, -0.06008541603964393, -0.008189469720923697, 0.10343341135183501, -0.010290246239998455, -0.0168627861620823, 0.006671458579759305, 0.00924640214133863, 0.0313527317776014]
other derivatives: [-0.08758434 -0.26475391 -0.48676156  0.04124558  0.04110916]
Current x array =  [-0.71925392 -0.56259584 -0.76816705  2.16296206  2.77401897 -2.57344543
 -8.27568491 -3.91355585 -3.15730847 -5.05552647 -3.73516132 -5.21041456
 -3.77710858 -4.48332207 -4.70152523 -5.40761233 -4.8516135 ]
log likelihood =  -2116.88143345
Edge derivatives =  [0.01046386066604818, -0.0070066155931509414, 0.033395188561804186, 0.07203119375547161, -0.06367060624006471, 0.008980590747842992, 0.10950075063274041, 0.0008504455211544998, -0.024543130480109508, -0.009560336434031957, 0.00887769037793679, 0.01658815628025464]
other derivatives: [-0.15934347 -0.02696652 -0.13615136  0.03719833 -0.0093678 ]
Current x array =  [-0.71916152 -0.56303808 -0.76919501  2.16300318  2.7746765  -2.57342161
 -8.34247371 -3.91283987 -3.15864652 -5.05461455 -3.73617109 -5.21233538
 -3.77780653 -4.48308771 -4.70034179 -5.4077612  -4.8503575 ]
log likelihood =  -2116.88116261
Edge derivatives =  [0.015151347946374447, -0.006759699375463897, 0.026178906346821296, 0.09976891636403601, -0.062206105894580664, 0.02775893070962209, 0.10698745018131742, 0.01048552094056697, -0.029351557070166703, -0.02103252971541203, 0.007285510264038737, 0.004800176788067413]
other derivatives: [ 0.09345058  0.00800355 -0.00086402  0.02796696 -0.02823981]
Current x array =  [-0.71950039 -0.5631045  -0.7696018   2.16332902  2.77498617 -2.5734818
 -8.37657782 -3.91205528 -3.15963175 -5.05489033 -3.736981   -5.21181609
 -3.77831162 -4.48296379 -4.69956436 -5.40761928 -4.84924011]
log likelihood =  -2116.88076487
Edge derivatives =  [0.03236739795417409, -0.006545832463963704, 0.015573422133393387, 0.12512347981695565, -0.052554800652026695, 0.05182216112696554, 0.09288971720357644, 0.018074509000743456, -0.040766986951223994, -0.03521217448720555, 0.006059480322466787, -0.006032322763373165]
other derivatives: [ 0.02683009  0.12505552  0.11486918  0.00904947 -0.07157723]
Current x array =  [-0.71940883 -0.56331462 -0.76994354  2.16383675  2.77555997 -2.57390815
 -8.40239198 -3.91100044 -3.16080596 -5.0576564  -3.73799057 -5.20863654
 -3.77902717 -4.48247841 -4.69906339 -5.40777713 -4.84826441]
log likelihood =  -2116.88001283
Edge derivatives =  [0.05388455047793797, -0.006093221946228978, 0.006612861367567689, 0.1450880315290456, -0.02314937860314642, 0.08266392605872383, 0.07351031852240299, 0.021021563215006166, -0.05296916998849753, -0.04314824114811522, 0.011723739669943828, -0.006519412448139684]
other derivatives: [ 0.38776307  0.11709744  0.19426807 -0.02701199 -0.07767085]
Current x array =  [-0.71989665 -0.56329915 -0.77019785  2.16506261  2.77582231 -2.57417115
 -8.46495628 -3.90955841 -3.16157583 -5.06497293 -3.73865443 -5.20321757
 -3.77935076 -4.48157668 -4.69926486 -5.40947717 -4.84797525]
log likelihood =  -2116.87907278
Edge derivatives =  [0.05591077969623583, -0.005644080757300997, -0.007767792748419381, 0.12002769812476588, 0.013320363174525658, 0.09773777889664137, 0.049588642115236656, 0.01195552238206233, -0.05982910356649429, -0.0431499074877708, 0.020748375256243432, 0.0014424887332538418]
other derivatives: [ 0.17703314  0.15756996  0.21718733 -0.07494236 -0.07839844]
Current x array =  [-0.71963319 -0.56336703 -0.77026863  2.16660726  2.77573764 -2.57400365
 -8.53983822 -3.90799336 -3.1610275  -5.07459949 -3.73846626 -5.19652446
 -3.77912445 -4.48086352 -4.70022731 -5.41195737 -4.84831416]
log likelihood =  -2116.87797275
Edge derivatives =  [0.008482246368858401, -0.004890029663428419, -0.03074720822732115, 0.05835763810046734, 0.04418503944357149, 0.08824250561287207, 0.039707395737648844, 0.012585454532392619, -0.04480901497090983, -0.03562631302990005, 0.031066053869106946, 0.002939965953768997]
other derivatives: [ 0.14770194 -0.10186341  0.2064553  -0.10122676 -0.01218723]
Current x array =  [-0.71962679 -0.56288641 -0.77023977  2.16770448  2.77465055 -2.57249153
 -8.69980751 -3.90589369 -3.15897762 -5.08250264 -3.73703053 -5.19235839
 -3.77845194 -4.48145095 -4.70092048 -5.41448253 -4.84759976]
log likelihood =  -2116.8783806
Edge derivatives =  [-0.06045037192393511, -0.0037888253340791485, -0.05232367684680861, -0.05733918506656083, 0.0811017804717799, 0.039475150462025085, 0.04062462190565344, 0.012724172189774896, -0.016580207013446282, -0.01120032495569422, 0.05216147223615109, 0.01622911339624189]
other derivatives: [ 0.28999239  0.93518793 -0.377986   -0.08717507  0.07812559]
Current x array =  [-0.71988244 -0.56492073 -0.76851286  2.16736843  2.77293526 -2.57000958
 -8.97763604 -3.90417083 -3.15503402 -5.0925198  -3.73344343 -5.18981882
 -3.77711458 -4.48236599 -4.70251996 -5.41884989 -4.84759482]
log likelihood =  -2116.87753667
Edge derivatives =  [-0.01946380258997249, -0.004394561437765984, -0.039708901650044745, 0.010090051987918493, 0.0597205443576309, 0.06794012108150835, 0.04009965431511589, 0.012665559305994376, -0.03300166945969968, -0.025419189131824664, 0.03989061010203162, 0.008500449779881526]
other derivatives: [ 0.20736479  0.33214747 -0.03715286 -0.09536052  0.0257387 ]
Current x array =  [-0.71973353 -0.56373577 -0.76951875  2.16756417  2.77393439 -2.57145527
 -8.81580573 -3.90517436 -3.1573311  -5.08668498 -3.73553286 -5.19129807
 -3.77789357 -4.481833   -4.70158829 -5.41630598 -4.84759769]
log likelihood =  -2116.87692477
Edge derivatives =  [-0.0738728330485288, -0.0038127116018704882, -0.05580419167536507, -0.028229263338564632, 0.061946861708106246, 0.037357442227351274, 0.05117832776207386, 0.015433509430766108, -0.01291676019740361, -0.022012781816370154, 0.04443710914564336, -0.0017872051373573044]
other derivatives: [-0.07939889  0.0216005  -0.02855813 -0.07671588  0.06994014]
Current x array =  [-0.71936018 -0.56315335 -0.76952711  2.16710091  2.77310719 -2.57004567
 -8.97759279 -3.90408522 -3.15604804 -5.0872691  -3.7340606  -5.19312705
 -3.77737734 -4.48308017 -4.70128603 -5.41728504 -4.84612603]
log likelihood =  -2116.87691856
Edge derivatives =  [-0.10075091000379044, -0.0037662240015360806, -0.06469600306123252, -0.035555935123341986, 0.05429007145535167, 0.01317306516267329, 0.061071553955720725, 0.015873584106403667, -0.001748799725816732, -0.02513280115476731, 0.044788638866620184, -0.015145943718676053]
other derivatives: [-0.11114025 -0.07521521 -0.03901732 -0.04647518  0.05766196]
Current x array =  [-0.7193154  -0.56297905 -0.76948621  2.16618375  2.77298684 -2.56950991
 -9.         -3.90367379 -3.15588898 -5.08558692 -3.7333005  -5.1955813
 -3.77725479 -4.48396414 -4.7006713  -5.41732525 -4.84472552]
log likelihood =  -2116.87654663
Edge derivatives =  [-0.05066168722840515, -0.0036947023597884506, -0.05606339076592248, -0.039713121566178816, 0.05111406578183714, 0.013403620364353643, 0.04744182847082108, 0.004814662335299855, -0.007393566234586441, -0.024057660070531773, 0.039745487703307034, -0.008844800294390021]
other derivatives: [-0.02660272 -0.01928129  0.00163709 -0.04624781  0.01787157]
Current x array =  [-0.71942284 -0.56307926 -0.76961839  2.16613638  2.77338955 -2.57058488
 -9.         -3.90448711 -3.15588294 -5.08534689 -3.73355562 -5.19309115
 -3.77731784 -4.48369041 -4.701273   -5.41632279 -4.84555939]
log likelihood =  -2116.875941
Edge derivatives =  [0.07771859596254552, -0.003512253310481469, -0.019027821222872172, -0.011564990269155966, 0.028070646658946787, 0.010931720756692978, 0.022741264332687312, -0.004303748673568766, -0.011336566399155642, -0.018378879047332583, 0.020642008682037194, -0.00284322639493643]
other derivatives: [ 0.03228706  0.10495569  0.09081305 -0.01646185  0.00322871]
Current x array =  [-0.71947234 -0.56329995 -0.76989718  2.16498163  2.7738968  -2.57326322
 -9.         -3.90727381 -3.15661672 -5.08009821 -3.73421231 -5.18897457
 -3.77775618 -4.48380439 -4.70233309 -5.41219123 -4.84670945]
log likelihood =  -2116.8758946
Edge derivatives =  [0.07622874202326227, -0.0035168511053484796, -0.01016682195886516, 0.00843016206336318, 0.012232915408315092, 0.01284389083313233, 0.005605205028785342, -0.011827967412981706, -0.018322272367861894, -0.02020418467047304, 0.00922206163864245, -0.007051768684691963]
other derivatives: [ 0.21145752 -0.07148628 -0.20399966 -0.00854925 -0.08872121]
Current x array =  [-0.71968635 -0.56296177 -0.76902917  2.16467609  2.77476143 -2.57333201
 -9.         -3.90846785 -3.15758356 -5.07717459 -3.7350295  -5.18637045
 -3.7783064  -4.48386281 -4.7026937  -5.40975978 -4.84683835]
log likelihood =  -2116.87574844
Edge derivatives =  [0.07128687669285236, -0.0035236915808371802, -0.004961611925211367, 0.0070751620753220015, 0.008948888906746885, 0.006395617712035395, 0.012243189543054218, -0.007749547814662194, -0.011499920451524075, -0.015505122342866919, 0.008833149345684535, -0.0054967121964052505]
other derivatives: [ 0.06257324  0.01073204 -0.04065441  0.0007276  -0.03974492]
Current x array =  [-0.71949613 -0.56311923 -0.76950501  2.16437345  2.77432938 -2.57317472
 -9.         -3.90875195 -3.15726673 -5.07589842 -3.73466696 -5.18760414
 -3.77813478 -4.48419175 -4.7027423  -5.40957492 -4.84686857]
log likelihood =  -2116.87569084
Edge derivatives =  [0.049779778199248045, -0.003554764772400328, -0.0004295697039564776, 0.007961646087588634, 0.004919594819068217, 0.004699146359858665, 0.013705934419340007, -0.0043807058527698395, -0.007581339211992066, -0.010954113381739553, 0.006774493307718168, -0.0038295094035446856]
other derivatives: [-0.0086402   0.02360139  0.01150511  0.00336513 -0.01559783]
Current x array =  [-0.71940703 -0.56314581 -0.76965385  2.1642961   2.77410055 -2.57268345
 -9.         -3.90912524 -3.15712842 -5.07468772 -3.73458807 -5.18781668
 -3.77811717 -4.48442848 -4.70293309 -5.40904902 -4.847014  ]
log likelihood =  -2116.87564406
Edge derivatives =  [0.014373590296171218, -0.0036059687014011075, 0.005438571872231391, 0.010437144582200651, 0.0003826573037360916, 0.006578509925422707, 0.010847407165010536, 1.285612921456819e-05, -0.004685423107486972, -0.004758255528449362, 0.00300261220560636, -0.0006548458268994858]
other derivatives: [-0.02705747  0.0169166   0.03487912  0.00186446  0.00304681]
Current x array =  [-0.7193903  -0.56313665 -0.76971837  2.16437427  2.77391683 -2.57188658
 -9.         -3.90965824 -3.15704132 -5.07345034 -3.73467057 -5.18705246
 -3.77820724 -4.48463356 -4.70334634 -5.40815872 -4.84735187]
log likelihood =  -2116.87563122
Edge derivatives =  [-0.003674986314031972, -0.0036323372175606186, 0.005023493858823152, 0.006521761861192112, -0.0016790358412642169, 0.0049197275752599565, 0.0035992685851611445, -0.0011799034129275424, -0.005379652862146166, -0.0026178705680980716, 0.0002618958802185177, 0.0008674492957491103]
other derivatives: [-0.0597538   0.02401066  0.00272848 -0.00090949 -0.01919034]
Current x array =  [-0.71934971 -0.56315055 -0.76962129  2.16446011  2.77404325 -2.57152407
 -9.         -3.90984222 -3.1570149  -5.0733544  -3.7347178  -5.18558029
 -3.77833812 -4.48467889 -4.70371149 -5.40760246 -4.8475842 ]
log likelihood =  -2116.8756391
Edge derivatives =  [-0.017398128495195397, -0.0036508271809743485, 0.006767590752606214, 0.0016329447797905697, 0.0009883812121160313, 0.004958983103407824, 0.0011870877083357424, 0.0055763607453786015, -0.002004400797914474, 0.003573774226243113, 0.00010016880587550465, 0.005407517940577788]
other derivatives: [ 0.12432793 -0.02260094  0.01973604 -0.00118234  0.01464286]
Current x array =  [-0.71960425 -0.56307101 -0.76967749  2.16456422  2.77371064 -2.57113297
 -9.         -3.90983995 -3.15665743 -5.07383723 -3.73449706 -5.1845393
 -3.77835191 -4.4847731  -4.70412393 -5.40750423 -4.84789734]
log likelihood =  -2116.875625
Edge derivatives =  [-0.009152081907183793, -0.003639718490052621, 0.005719814467629033, 0.004570604965812283, -0.0006139053477555931, 0.004935462816029537, 0.0026372364590607107, 0.0015169850782524308, -0.0040326293693633206, -0.00014613450890685678, 0.00019732922417800558, 0.0026796521148838657]
other derivatives: [ 0.01373337  0.00545697  0.00954969 -0.00095497 -0.00572982]
Current x array =  [-0.7194513  -0.5631188  -0.76964372  2.16450166  2.77391049 -2.57136797
 -9.         -3.90984132 -3.15687222 -5.07354711 -3.7346297  -5.1851648
 -3.77834362 -4.48471649 -4.7038761  -5.40756325 -4.84770919]
log likelihood =  -2116.87562327
Edge derivatives =  [-0.00590687120736616, -0.0036349218019618447, 0.004791180608210436, 0.0028726505647555037, 0.00016832899559466805, 0.004112563778896468, 0.0023962949266957637, 0.0013915113490421405, -0.003993348188519784, -0.000284369937189978, 0.0005907148305999699, 0.002659718994009243]
other derivatives: [ 0.01459739  0.00154614  0.00127329 -0.00086402 -0.00600267]
Current x array =  [-0.71945203 -0.56311134 -0.76961973  2.16449931  2.77390417 -2.57143621
 -9.         -3.90975918 -3.15683305 -5.07377435 -3.73458133 -5.1850904
 -3.7783332  -4.48471129 -4.70387698 -5.40765563 -4.84769249]
      fun: 2116.8756232664496
 hess_inv: <17x17 LbfgsInvHessProduct with dtype=float64>
      jac: array([-0.01459739, -0.00154614, -0.00127329,  0.00086402,  0.00600267,
        0.00590687,  0.00363492, -0.00479118, -0.00287265, -0.00016833,
       -0.00411256, -0.00239629, -0.00139151,  0.00399335,  0.00028437,
       -0.00059071, -0.00265972])
  message: 'CONVERGENCE: REL_REDUCTION_OF_F_<=_FACTR*EPSMCH'
     nfev: 78
      nit: 70
   status: 0
  success: True
        x: array([-0.71945203, -0.56311134, -0.76961973,  2.16449931,  2.77390417,
       -2.57143621, -9.        , -3.90975918, -3.15683305, -5.07377435,
       -3.73458133, -5.1850904 , -3.7783332 , -4.48471129, -4.70387698,
       -5.40765563, -4.84769249])
number of sites to be analyzed:  594
log likelihood =  -3129.98753298
Edge derivatives =  [-94.14912271122698, -21.65011447923363, -76.63919672562591, -47.615850862134124, -92.71882384479913, -78.64871397064728, -98.62737293743172, -69.86763224913959, -99.76893435711582, -93.73570740547585, -108.34802878880745, -100.84674544379573]
other derivatives: [-151.25388018  -39.03714969   27.71284926  129.09622455    0.        ]
Current x array =  [-0.61615736 -0.55495043 -0.79875798  0.18232156  0.33647224 -2.30258509
 -2.30258509 -2.30258509 -2.30258509 -2.30258509 -2.30258509 -2.30258509
 -2.30258509 -2.30258509 -2.30258509 -2.30258509 -2.30258509]
log likelihood =  -2902.77916278
Edge derivatives =  [-71.8107136049126, -20.1907964493541, -57.27204592416839, -33.849174389360726, -69.31416214681072, -57.75812838320239, -73.11880458841331, -51.18897590424085, -73.9277344602527, -69.27757340053901, -80.22336868927415, -74.3785743499468]
other derivatives: [ 188.2858669    60.86738722   42.12693057  155.36734281    0.        ]
Current x array =  [-1.03866312 -0.66399504 -0.79666643  0.54293312  0.33647224 -2.565577
 -2.32129335 -2.51666556 -2.43559306 -2.56158167 -2.52227886 -2.57808634
 -2.49775018 -2.58127513 -2.56442218 -2.60523958 -2.58428584]
log likelihood =  -2545.72516079
Edge derivatives =  [-33.38372581774327, -10.002714904683897, -20.75051541357191, -0.785369799223985, -29.034281663578298, -18.801348605628597, -31.365957605112268, -12.428178472639972, -30.938703690520462, -27.075514331139487, -35.791150830320625, -31.012104799955388]
other derivatives: [ 138.79016478   54.68964446  -37.0177986    63.75330486    0.        ]
Current x array =  [-1.1537831  -0.66038415 -0.70997526  1.49937213  0.33647224 -3.15042914
 -2.386774   -2.98953372 -2.72467775 -3.13373235 -3.00478828 -3.18503473
 -2.92606056 -3.19514713 -3.14068447 -3.27173154 -3.20384519]
log likelihood =  -2508.82031985
Edge derivatives =  [-22.69413183059852, -15.72604705346523, -16.16756315274245, -3.889051867486696, -17.298547336995036, -11.52751424538532, -20.080464076335463, -10.270829425386932, -19.410176495469397, -15.730903601544457, -22.921661515498545, -18.068322426273767]
other derivatives: [ 113.80720935 -133.65602172  209.8322966     4.14120223    0.        ]
Current x array =  [-1.01940082 -0.41697859 -1.49214489  2.1663022   0.33647224 -3.69771235
 -2.46732535 -3.34526053 -2.77341742 -3.62337051 -3.33847823 -3.71698184
 -3.15860747 -3.72153241 -3.60622932 -3.87691589 -3.7341446 ]
log likelihood =  -2414.36885135
Edge derivatives =  [-14.089184351810077, -6.76285740956717, -6.9290126309684545, 7.422877920378459, -8.661390436569507, -0.6061331396743713, -11.424229342661429, 1.6563847714912021, -10.086643940769731, -6.401713113620984, -14.391697671587641, -9.218955579500308]
other derivatives: [  44.29825822   78.45237633  118.66013665  -10.78360583    0.        ]
Current x array =  [-0.86613304 -0.71292972 -1.17290352  2.43358436  0.33647224 -3.95221519
 -2.52564579 -3.52786251 -2.83567839 -3.85170018 -3.50736949 -3.96616374
 -3.29504158 -3.968987   -3.82667456 -4.15712157 -3.98028265]
log likelihood =  -2374.49545538
Edge derivatives =  [-10.646264680911244, -1.5543878465274448, -1.5344869563713568, 10.946256186125575, -5.374821000213273, 3.783264554419893, -7.574527528576064, 8.394155391074417, -5.643370966803207, -2.429459868400935, -10.185314166497827, -5.563660813386822]
other derivatives: [ 18.54573384  39.02582648 -19.62744136 -15.46413841   0.        ]
Current x array =  [-0.80882753 -0.62152014 -0.72900516  2.52232528  0.33647224 -4.10247236
 -2.56414452 -3.6315226  -2.85449453 -3.97916688 -3.59044487 -4.10981952
 -3.35957456 -4.1089563  -3.94633078 -4.32176859 -4.11786298]
log likelihood =  -2368.19700902
Edge derivatives =  [-9.240991120092017, -1.0644821091246308, -0.7512477227043538, 9.1835703839248, -4.012962048487946, 4.6690561538286985, -6.199665374004983, 8.414326544439422, -4.227950648722828, -1.0972976143028983, -8.71871022528361, -4.0465013537429355]
other derivatives: [-19.46355042  10.44659257   0.19022082 -16.06999831   0.        ]
Current x array =  [-0.75351021 -0.56384229 -0.77412145  2.53255222  0.33647224 -4.21589762
 -2.58630911 -3.68786738 -2.8252528  -4.06506885 -3.62365653 -4.21000817
 -3.36437517 -4.20153653 -4.01865624 -4.44120478 -4.20994463]
log likelihood =  -2364.36890936
Edge derivatives =  [-7.747849232888286, -0.28037276128067545, 0.23598870883183132, 6.459380994355791, -2.6713115029307026, 5.3595605752572055, -4.75670667838279, 8.139033343301461, -2.6868215126576755, 0.2280590876084304, -7.087453724202017, -2.4926236217579985]
other derivatives: [-23.62917257 -27.71985237   1.88065314 -15.28901521   0.        ]
Current x array =  [-0.74504316 -0.50225738 -0.7789559   2.51504887  0.33647224 -4.34922605
 -2.60965738 -3.74623307 -2.77994755 -4.15915218 -3.64620632 -4.32326615
 -3.35158367 -4.30260667 -4.09264854 -4.57914594 -4.30996192]
log likelihood =  -2360.40132234
Edge derivatives =  [-6.206227897703822, 0.6829675273116609, 0.9538257471162969, 2.940952093224748, -1.3877177965839327, 5.8372628766920265, -3.3941558532977236, 7.049464671331579, -1.170325397286501, 1.4518359679766857, -5.47921038116866, -0.9575202034683538]
other derivatives: [-20.40737854 -35.11286195   6.99938028 -13.02018973   0.        ]
Current x array =  [-0.74705478 -0.49143105 -0.79333171  2.4597947   0.33647224 -4.50001703
 -2.63223597 -3.80056399 -2.71605221 -4.25674319 -3.6505145  -4.44546384
 -3.31358617 -4.40673236 -4.16198987 -4.73205413 -4.41252363]
log likelihood =  -2353.141123
Edge derivatives =  [-3.660503112866684, 1.6695676737332972, 1.518981179741633, -3.389997162798013, 0.33518007419357837, 4.573340749835571, -1.406420802299188, 1.519905218060559, 1.255592305789518, 2.8484063032723705, -2.6701504226614867, 1.4213556394833133]
other derivatives: [-15.93680281 -12.50109563   4.21578079  -2.86236173   0.        ]
Current x array =  [-0.7507237  -0.52722015 -0.78459097  2.22714704  0.33647224 -4.83888336
 -2.6433414  -3.87174151 -2.60245098 -4.43301651 -3.5611304  -4.69432142
 -3.15364303 -4.58659548 -4.24560736 -5.06283713 -4.58718646]
log likelihood =  -2351.64437846
Edge derivatives =  [-2.8499616470676883, 1.2168148321070136, 1.6235696743995742, -2.1810431561290273, 0.6300168390410362, 2.385862816113558, -0.8825704203806112, -1.1508286909278969, 1.7020783363615952, 2.669922578082939, -1.7737478081571698, 1.8939593490559083]
other derivatives: [ 11.0543624   -4.97143446   1.98715497   1.93276719   0.        ]
Current x array =  [-0.78511106 -0.54163517 -0.77858018  2.13299724  0.33647224 -4.99267132
 -2.62399476 -3.86960192 -2.61119326 -4.47978962 -3.46714842 -4.7876636
 -3.08312434 -4.62009938 -4.22775307 -5.19825828 -4.61696658]
log likelihood =  -2351.23425187
Edge derivatives =  [-2.579407993989581, 0.8089309545602327, 1.497024270080032, -1.09618011385049, 0.6632221740069802, 1.1402947204371587, -0.7327173019421193, -2.001088761424216, 1.7440230295443904, 2.396530947575949, -1.4690032360370784, 1.939459675385252]
other derivatives: [ 6.07765287  3.07099981 -1.48802428  3.13416422  0.        ]
Current x array =  [-0.77863133 -0.55566891 -0.7686382   2.10691047  0.33647224 -5.05634605
 -2.6117252  -3.86225388 -2.62644897 -4.49292489 -3.42401688 -4.82288863
 -3.06329061 -4.62435526 -4.2103952  -5.25151152 -4.61922844]
log likelihood =  -2350.87048836
Edge derivatives =  [-2.329705213509641, 0.1930327932855565, 1.3058157257992131, 0.9171746950587099, 0.6275829736738929, -0.24979229212486245, -0.6098186538872619, -2.0419254635649797, 1.5799617386642477, 1.9073841071742792, -1.2412311621977765, 1.8094890801016421]
other derivatives: [ 2.8755494   8.0427526  -2.29752004  2.98582563  0.        ]
Current x array =  [-0.77477666 -0.56438451 -0.7660563   2.10862508  0.33647224 -5.1170864
 -2.59491048 -3.84537144 -2.65635996 -4.49533226 -3.3798513  -4.8506746
 -3.06160792 -4.61254095 -4.17831836 -5.29699781 -4.60476978]
log likelihood =  -2350.41248859
Edge derivatives =  [-1.9745166399220577, -0.6094626526963715, 0.915526724166269, 2.771738310182308, 0.5860945002551178, -1.997731698917485, -0.40726613493834596, -1.5076962530393072, 1.2458832130635975, 1.0874423526420927, -0.9206355956542243, 1.526617421198615]
other derivatives: [-1.88647391  7.69141479 -2.20115908  2.00352588  0.        ]
Current x array =  [-0.76913527 -0.56333161 -0.76596999  2.12827807  0.33647224 -5.21388135
 -2.57390278 -3.81641495 -2.68539311 -4.49616618 -3.32769036 -4.89283211
 -3.07228826 -4.58904785 -4.12644865 -5.36673432 -4.57608955]
log likelihood =  -2349.92676601
Edge derivatives =  [-1.5559165332652192, -1.0492394634495605, 0.3371695551329199, 2.878912247751383, 0.6123259021528716, -2.8857582608691605, -0.11267699924045355, -0.3440443209488335, 0.8151320401296688, 0.11889199483607063, -0.5169077237314914, 1.1212759164886528]
other derivatives: [-2.16864464  4.25761755 -1.16483534  0.29058356  0.        ]
Current x array =  [-0.76952287 -0.5569887  -0.76903078  2.16549455  0.33647224 -5.34772497
 -2.56109623 -3.78103467 -2.68584877 -4.49709717 -3.29938311 -4.94963896
 -3.09542512 -4.55852031 -4.0669182  -5.46040908 -4.5365508 ]
log likelihood =  -2349.50206107
Edge derivatives =  [-1.1151014260918795, -0.7645491367200729, -0.3229319949036722, 0.6985678381357273, 0.6838755760551622, -2.0144750994220733, 0.22658055417789746, 0.3383339142554434, 0.3784370555770913, -0.7480597300079115, -0.057068537086564425, 0.5902676870603332]
other derivatives: [-5.12527549 -0.08440111  0.21573214 -0.75483513  0.        ]
Current x array =  [-0.76638127 -0.54941685 -0.77307945  2.18980863  0.33647224 -5.52379134
 -2.56679851 -3.74971312 -2.65085658 -4.49569742 -3.31915467 -5.01888985
 -3.1090475  -4.5262604  -4.01786153 -5.57700023 -4.48956053]
log likelihood =  -2349.3396801
Edge derivatives =  [-0.8558258007550475, -0.2568389492127705, -0.5318697965255877, -0.3500642184970164, 0.6909799619782285, -0.7868883633535371, 0.4197006333863768, 0.532521208562479, 0.11237465826299782, -1.0576527358982428, 0.20307919723057866, 0.19587359889499764]
other derivatives: [ 2.39751898 -1.24764483  1.00294528 -0.8110419   0.        ]
Current x array =  [-0.77630833 -0.54765269 -0.77567276  2.19379858  0.33647224 -5.64466237
 -2.57697791 -3.7363275  -2.63208109 -4.48588032 -3.3497736  -5.05747901
 -3.11096984 -4.50298684 -3.999451   -5.6479433  -4.45509166]
log likelihood =  -2349.28806053
Edge derivatives =  [-0.7538742211248229, 0.1091119011664985, -0.4933721121169729, -1.120635618700213, 0.706966117802204, 0.008951188642382146, 0.49100271411028396, 0.25125528835668937, 0.10853472067624999, -0.93589002403167, 0.31072439451827255, 0.10934966593523726]
other derivatives: [ 0.80244718 -1.47319952  0.66283974 -0.36966412  0.        ]
Current x array =  [-0.7740293  -0.54726851 -0.77472051  2.18453955  0.33647224 -5.69698725
 -2.58582228 -3.73968808 -2.62025404 -4.48345742 -3.37218739 -5.07347116
 -3.10459456 -4.5009955  -4.00665084 -5.67724183 -4.44846358]
log likelihood =  -2349.24544484
Edge derivatives =  [-0.646374196137174, 0.4501355608423109, -0.33466600798833585, -0.6935267060507677, 0.5934755001377681, 0.8494511446432662, 0.4991146407502114, 0.3326862046647074, 0.004905380237926617, -0.68727912292932, 0.35561086001246067, -0.0967317969734684]
other derivatives: [ 1.29862201  2.47168828 -0.53219082 -0.47261892  0.        ]
Current x array =  [-0.77442973 -0.5538367  -0.77148132  2.18543524  0.33647224 -5.74459075
 -2.59225323 -3.74487446 -2.62514985 -4.46505869 -3.39752533 -5.0732632
 -3.10584485 -4.48937739 -4.02003422 -5.68903646 -4.43261175]
log likelihood =  -2349.20589488
Edge derivatives =  [-0.5531407963853763, 0.4951069760961924, -0.10868626309415241, -0.16409167155896276, 0.5157663938112352, 0.9237760692903129, 0.5093642767014459, -0.22206526541719007, 0.06363986564718409, -0.3800677905854796, 0.42113907117109384, -0.09878257655432232]
other derivatives: [ 0.6994469   1.08129825 -0.89048626  0.38453436  0.        ]
Current x array =  [-0.77324114 -0.55140901 -0.77016431  2.16744196  0.33647224 -5.79079407
 -2.59308996 -3.75459519 -2.63273066 -4.45769823 -3.40008992 -5.07997217
 -3.09372118 -4.4912485  -4.03789036 -5.70725448 -4.43257863]
log likelihood =  -2349.17413767
Edge derivatives =  [-0.46646587639994386, 0.304293274968566, 0.023463464175512802, 0.4444326944099095, 0.3385715977655798, 0.6941264423547006, 0.4559826250990539, -0.35779284978242315, 0.02523659248373249, -0.09142766974531097, 0.4312753101690183, -0.15453035389808636]
other derivatives: [-1.20357981  1.78038135  1.72067303  0.53451004  0.        ]
Current x array =  [-0.77083059 -0.5525451  -0.77669853  2.16419948  0.33647224 -5.83484352
 -2.58796419 -3.76135965 -2.64066247 -4.44079593 -3.39410878 -5.07551044
 -3.09155174 -4.48678409 -4.0543103  -5.71324086 -4.42826552]
log likelihood =  -2349.14133757
Edge derivatives =  [-0.39696720639272726, 0.0607321409115891, 0.15266253148507242, 1.0504178882427269, 0.13060711181703694, 0.25483521686462246, 0.39881490204744957, -0.25190689046673914, -0.045197869217156045, 0.12544809331829032, 0.4409777341535461, -0.2417260937507063]
other derivatives: [-0.91226866  0.47461981  0.50263225  0.38917278  0.        ]
Current x array =  [-0.77113459 -0.55023446 -0.77328443  2.16723292  0.33647224 -5.87977373
 -2.58015131 -3.76532335 -2.64921469 -4.42124724 -3.3826158  -5.06841665
 -3.09355605 -4.47930359 -4.06668247 -5.71664405 -4.42164928]
log likelihood =  -2349.11714126
Edge derivatives =  [-0.35229186802613216, -0.09969484372396063, 0.1878623270035612, 0.8672510810156333, -0.06339249391371554, -0.01376874945261651, 0.3184634602098492, 0.0038013439154489653, -0.12820999899534685, 0.2923201738248119, 0.42124545272397984, -0.30789290383258733]
other derivatives: [-0.27043825 -0.41231942  0.34565346  0.01718945  0.        ]
Current x array =  [-0.77213268 -0.54876227 -0.77288743  2.17552255  0.33647224 -5.91672207
 -2.57454345 -3.766905   -2.64557023 -4.40226426 -3.37609171 -5.05616634
 -3.09901831 -4.47194549 -4.07586982 -5.71158518 -4.41668334]
log likelihood =  -2349.09754116
Edge derivatives =  [-0.30568824216335966, -0.24938012815168295, 0.14351159301284594, 0.15479391017236113, -0.23872256636199263, -0.43176549143388504, 0.2220515978551205, 0.12248393506451248, -0.1743587207449871, 0.38229716074662334, 0.4100024146500227, -0.29204974343293966]
other derivatives: [-0.29385774  0.35233825 -0.55497367 -0.15220394  0.        ]
Current x array =  [-0.77245014 -0.5503186  -0.77053459  2.17973126  0.33647224 -5.96789783
 -2.56877853 -3.76626052 -2.63368212 -4.3865382  -3.36469578 -5.04431131
 -3.10119568 -4.46835864 -4.08053983 -5.70771072 -4.41781611]
log likelihood =  -2349.08664478
Edge derivatives =  [-0.273015567534166, -0.08266221585992481, 0.20409735540413887, -0.5558397635105792, -0.36217476028629875, -0.11566773835707633, 0.09310324292862772, 0.19384638554953018, -0.18243610111929356, 0.5398829885013415, 0.32795916414076204, -0.22522638557085523]
other derivatives: [ 1.83808879 -1.28034117  0.30304363 -0.27011993  0.        ]
Current x array =  [-0.775299   -0.54758989 -0.77285762  2.18324454  0.33647224 -5.9962708
 -2.57177951 -3.76905336 -2.62232802 -4.3721722  -3.37546327 -5.02020818
 -3.1032684  -4.46808237 -4.08915412 -5.68244945 -4.42345764]
log likelihood =  -2349.0757467
Edge derivatives =  [-0.26811608959413064, -0.06260842104579713, 0.1510601439644978, -0.683158000653178, -0.34040414913018174, -0.1470044285106318, 0.07513343681320367, 0.12622943374280518, -0.16950489878990838, 0.45204164698964056, 0.3170458821478826, -0.17845718662621493]
other derivatives: [ 0.37498467 -0.44028639 -0.03810783 -0.2183242   0.        ]
Current x array =  [-0.77345232 -0.54901953 -0.77186625  2.18186442  0.33647224 -6.00287869
 -2.57232128 -3.76682957 -2.62067827 -4.37461447 -3.37467216 -5.01797496
 -3.10203792 -4.47026058 -4.08418793 -5.67877075 -4.42734136]
log likelihood =  -2349.05893657
Edge derivatives =  [-0.24656307944092637, 0.043414405787752935, 0.08101463169896006, -0.7475606063638887, -0.2918463618183997, -0.09571656494144584, 0.008097262535098978, -0.0871490248438088, -0.12513456184726768, 0.2646443189696671, 0.26506693684047156, -0.03959397205688169]
other derivatives: [-1.27101885  0.76279321 -0.38921826  0.00295586  0.        ]
Current x array =  [-0.77135729 -0.55104929 -0.77070731  2.17685847  0.33647224 -6.02099607
 -2.57499253 -3.76250311 -2.62008291 -4.37919861 -3.37662981 -5.00698803
 -3.09805828 -4.47652109 -4.07347823 -5.66229623 -4.43872856]
log likelihood =  -2349.04686918
Edge derivatives =  [-0.21441938522493123, 0.11151071182415118, 0.05868114927852829, -0.5491904570341755, -0.2715399127392319, -0.07448135519995033, -0.07752515412275698, -0.2617525772770717, -0.08428694026410954, 0.12105455884788252, 0.1979803018323079, 0.0957081615900874]
other derivatives: [-1.36606104  1.30235094 -0.40427039  0.20945663  0.        ]
Current x array =  [-0.77123207 -0.55193612 -0.7704264   2.17248508  0.33647224 -6.04534123
 -2.57643028 -3.75906365 -2.62303449 -4.38077611 -3.37785425 -4.99239152
 -3.09485626 -4.48223197 -4.06507852 -5.64208997 -4.44979   ]
log likelihood =  -2349.03801449
Edge derivatives =  [-0.1416077137032329, 0.16496015013985366, -0.020183272991776392, -0.12080914822285964, -0.26583370596704564, 0.17628952425072833, -0.20551511693485316, -0.06284153366940719, -0.12332403175348554, -0.1546446656432085, 0.07514887630253622, 0.14393784056840214]
other derivatives: [-3.46353772 -0.3009518  -0.43037289 -0.10422809  0.        ]
Current x array =  [-0.76849236 -0.54878996 -0.76991506  2.17863859  0.33647224 -6.10889033
 -2.57713891 -3.74964896 -2.63003293 -4.37786405 -3.38783604 -4.9678977
 -3.10081633 -4.48389632 -4.04941273 -5.60843865 -4.45528116]
log likelihood =  -2349.02747843
Edge derivatives =  [-0.09448657935138555, 0.09398700405643666, -0.005824821758371901, 0.46664743706662887, -0.2528602665599111, 0.08480392870383519, -0.21464449252572976, -0.06604971817712761, -0.10949460475996951, -0.2161658989215256, 0.07852447475940634, 0.16010579724006008]
other derivatives: [ 0.3254172   1.38434189 -0.37325663  0.08349161  0.        ]
Current x array =  [-0.77342001 -0.55179223 -0.76998559  2.17529526  0.33647224 -6.15689188
 -2.57391275 -3.74635656 -2.63718405 -4.37809694 -3.38394496 -4.96729489
 -3.09981892 -4.48528881 -4.04472184 -5.60871841 -4.45555917]
log likelihood =  -2349.02375313
Edge derivatives =  [-0.0994683609825875, 0.0502914547282749, -0.0066911971742877885, 0.21749763377627004, -0.27570958641395316, 0.039832218662556054, -0.19713954661208724, -0.0074700200325563265, -0.12372012553527831, -0.14964578301296264, 0.0980483296247689, 0.1182672321463093]
other derivatives: [ 0.22514541  0.57357283 -0.17935236  0.0178261   0.        ]
Current x array =  [-0.77333128 -0.55043761 -0.77057379  2.17694836  0.33647224 -6.15657786
 -2.57286124 -3.74747676 -2.63341725 -4.37619016 -3.38260306 -4.97084329
 -3.10098246 -4.48345063 -4.04851025 -5.61457959 -4.45216348]
log likelihood =  -2349.02075021
Edge derivatives =  [-0.0934058510587693, -0.021325021447158025, -0.044999775006672994, 0.06166958370851314, -0.2479487755604635, -0.048783430849086686, -0.17052341324913634, 0.027255670782997787, -0.12030079159204218, -0.17410710432434637, 0.1152699734639246, 0.09097281839287519]
other derivatives: [ 0.39754013 -0.32759999 -0.02378329  0.02801244  0.        ]
Current x array =  [-0.77360971 -0.54894734 -0.77100596  2.17717403  0.33647224 -6.17025656
 -2.57107774 -3.74571833 -2.63099275 -4.37908668 -3.37958777 -4.97618208
 -3.10151191 -4.48386176 -4.04703018 -5.61978895 -4.44984353]
log likelihood =  -2349.01859146
Edge derivatives =  [-0.07957487488220022, -0.07295422596199833, -0.08303399736910455, -0.04101833466880141, -0.21366748467198443, -0.08999602123098631, -0.15683093967379513, 0.06291950707919965, -0.10992328709533167, -0.20428329109424037, 0.11824488292122066, 0.07182672468831072]
other derivatives: [ 0.47971298 -0.61459104  0.25593181  0.02637535  0.        ]
Current x array =  [-0.77378523 -0.54849186 -0.77171729  2.17753945  0.33647224 -6.19162014
 -2.56963044 -3.74355245 -2.62916663 -4.38225274 -3.37797339 -4.97926269
 -3.10211038 -4.48510864 -4.04514106 -5.62103977 -4.44826754]
log likelihood =  -2349.01456131
Edge derivatives =  [-0.054601206722876335, -0.10662766591308731, -0.1172661197282707, -0.19772811541424062, -0.12743567510802578, -0.07363257913567713, -0.12405274280705422, 0.10443115266478036, -0.06571557240859416, -0.21485206306389112, 0.1177210346112983, 0.031044518502290196]
other derivatives: [ 0.67548172 -0.89075911  0.04029062  0.02855813  0.        ]
Current x array =  [-0.77408043 -0.54806035 -0.7711123   2.17785051  0.33647224 -6.23137973
 -2.56828813 -3.74087407 -2.62631193 -4.39008209 -3.37763516 -4.98557001
 -3.10242541 -4.48884131 -4.04430948 -5.62089542 -4.44517054]
log likelihood =  -2349.01793794
Edge derivatives =  [0.007734999236064231, -0.14204331797426661, -0.09134116576630161, -0.22324973821263008, 0.02199975388799084, 0.06319366747805907, -0.07159671471925386, 0.024726893357884305, 0.05253550872464183, -0.0320173644698057, 0.09161591731945537, -0.05876482217352493]
other derivatives: [-0.09003998  0.22205313  2.69960765  0.10545591  0.        ]
Current x array =  [-0.77322347 -0.54997726 -0.77790693  2.17675188  0.33647224 -6.31682432
 -2.56722321 -3.74123052 -2.62392231 -4.40433694 -3.37954043 -4.99779794
 -3.10004519 -4.49774176 -4.05432518 -5.61599978 -4.4383966 ]
log likelihood =  -2349.01192036
Edge derivatives =  [-0.02857376857833481, -0.1201262903849259, -0.10676216592151506, -0.20729677809133581, -0.06766354485893053, -0.019121341286070126, -0.1031781120991388, 0.07316813655547237, -0.01862227574611934, -0.141995651384228, 0.10737493981602832, -0.004440252880942672]
other derivatives: [ 0.37271093 -0.44774424  1.10230758  0.05907168  0.        ]
Current x array =  [-0.77374036 -0.54882105 -0.77380867  2.17741453  0.33647224 -6.26528741
 -2.56786553 -3.74101552 -2.62536364 -4.39573896 -3.37839124 -4.99042252
 -3.10148085 -4.49237335 -4.04828409 -5.61895265 -4.44248239]
log likelihood =  -2349.00850444
Edge derivatives =  [-0.008661543493008305, -0.08641072277375919, -0.084655614924593, -0.18719286838706053, 0.004424064747800452, 0.0583190211629272, -0.08090151554794626, 0.0593319459975544, 0.03514403646538669, -0.09719617644426742, 0.09430049544483542, -0.032806000855814074]
other derivatives: [ 0.27985152 -0.28530849  0.39412953  0.06343726  0.        ]
Current x array =  [-0.77356096 -0.54907845 -0.77187248  2.17723625  0.33647224 -6.29630912
 -2.56819174 -3.74076641 -2.62528224 -4.40237184 -3.38013333 -4.99439093
 -3.1006138  -4.49630617 -4.05083038 -5.61477305 -4.44062847]
log likelihood =  -2349.00723598
Edge derivatives =  [0.0007693675521230564, -0.05174742201227888, -0.03990159758228692, -0.061956082720184005, 0.023498951194632755, 0.07880070338856492, -0.07076576119541352, 0.02247386651399469, 0.06075862711922436, -0.030811037428205897, 0.08547390434533893, -0.04610040325240712]
other derivatives: [-0.07548806  0.047703   -0.0262844   0.05443326  0.        ]
Current x array =  [-0.77303625 -0.54961249 -0.77071263  2.1771573   0.33647224 -6.30744224
 -2.56886329 -3.74235691 -2.62695489 -4.40442983 -3.38054791 -4.99647184
 -3.09952215 -4.49766586 -4.05478584 -5.6120702  -4.43984357]
log likelihood =  -2349.00695912
Edge derivatives =  [0.004689259306844367, -0.015819826474691615, -0.013678508865683427, 0.03320370497196709, 0.02603670518284092, 0.09546192490642409, -0.07598411395797366, -0.007661962488997601, 0.06897111897605362, -0.011696151288516133, 0.0720713266699118, -0.03420858034477974]
other derivatives: [ 0.00368345  0.0381533  -0.06762093  0.05152287  0.        ]
Current x array =  [-0.7731028  -0.54957067 -0.7705781   2.17714363  0.33647224 -6.30986271
 -2.56974966 -3.74313088 -2.62830828 -4.40470839 -3.38105572 -4.9955376
 -3.09882884 -4.49817091 -4.05595348 -5.60829974 -4.44088178]
log likelihood =  -2349.00671966
Edge derivatives =  [0.004343406466710063, 0.023894046703224175, 0.019562658386175533, 0.05125760018381975, -0.004255670143460247, 0.022507067922046237, -0.07548593696925282, -0.014938765778126528, 0.05189237540832534, 0.0403426475642965, 0.06006047192988615, -0.02377845110376479]
other derivatives: [-0.53482836  0.3439709  -0.15447768 -0.03810783  0.        ]
Current x array =  [-0.77241385 -0.55008353 -0.77035521  2.17880812  0.33647224 -6.30758781
 -2.57080726 -3.74518993 -2.62847769 -4.40250934 -3.37894366 -4.99665882
 -3.09854124 -4.49606281 -4.05924827 -5.60521381 -4.4418102 ]
log likelihood =  -2349.00633732
Edge derivatives =  [0.005539359057902711, 0.030931008642487642, 0.017589828380621057, 0.051420690668758706, 0.0020763852534620673, 0.02281143628454746, -0.07545862390803935, -0.015074781202206775, 0.05215876908763421, 0.027224374831409437, 0.054442592749732885, -0.01525944271645974]
other derivatives: [-0.17917046  0.14824764 -0.06925802 -0.03337846  0.        ]
Current x array =  [-0.77287734 -0.54975591 -0.77058726  2.17883457  0.33647224 -6.30962188
 -2.57098545 -3.74481463 -2.62842272 -4.40305083 -3.37887261 -4.99660637
 -3.09849254 -4.4961891  -4.05844931 -5.60370725 -4.44243476]
log likelihood =  -2349.00608066
Edge derivatives =  [0.007006214818067507, 0.0400475155572058, 0.015453256976849107, 0.024119698307146553, 0.004157891301136123, -0.012140576756382561, -0.07116465189861285, -0.0076298550111212615, 0.04506223409714012, 0.0173974366197005, 0.045661337153325966, -0.003897136685492377]
other derivatives: [ 0.08899406 -0.03597052  0.01473381 -0.05375114  0.        ]
Current x array =  [-0.77324574 -0.54945752 -0.77082384  2.17940302  0.33647224 -6.31323362
 -2.57122801 -3.74456965 -2.62790199 -4.40341735 -3.37769744 -4.99771966
 -3.09852498 -4.49557843 -4.05791696 -5.60146257 -4.44328307]
log likelihood =  -2349.00598071
Edge derivatives =  [0.00786901260133886, 0.04242705473631832, 0.014688978515281205, 0.00029437992718328587, 0.004111419013082141, -0.037596271495602004, -0.06611880154773189, -0.00191934261521573, 0.03889846721293766, 0.016443915313518367, 0.040202172623613114, 0.0010454363503871085]
other derivatives: [ 0.12164492 -0.0858563   0.02783054 -0.06662049  0.        ]
Current x array =  [-0.77330191 -0.5493833  -0.77086354  2.17972452  0.33647224 -6.31571047
 -2.57128983 -3.7445501  -2.62748013 -4.40357087 -3.37686073 -4.99892017
 -3.09855309 -4.49497364 -4.05792892 -5.60008208 -4.44367334]
log likelihood =  -2349.00571051
Edge derivatives =  [0.008657824808043654, 0.03138294191939811, 0.004164328890127529, -0.02291035245494355, 0.006022276682397614, -0.05630215876736966, -0.05599692973247536, 0.0035906902723761985, 0.022026951968373787, -0.005335859035107263, 0.02510917903321077, 0.016778332823581543]
other derivatives: [ 0.11041266 -0.08285497  0.04984031 -0.04156391  0.        ]
Current x array =  [-0.77330361 -0.5494059  -0.77090005  2.17925814  0.33647224 -6.31867366
 -2.57102237 -3.74405264 -2.62710232 -4.40384713 -3.3762435  -5.00095017
 -3.09858223 -4.49358095 -4.05686617 -5.59614469 -4.44497292]
log likelihood =  -2349.00713308
Edge derivatives =  [0.012852093009365186, -0.03755870813645046, 0.07629213781595882, -0.07873468261366107, -0.017818873421028832, -0.08932552911749145, 0.03339788552275657, 0.03839604618815587, -0.0307617944156189, 0.17226372649462884, -0.007832701071985198, -0.01951769395378639]
other derivatives: [ 0.35347512  0.02419256 -0.35411176 -0.0257387   0.        ]
Current x array =  [-0.77358658 -0.54967352 -0.76982461  2.17900333  0.33647224 -6.33172898
 -2.56885149 -3.7483557  -2.62561786 -4.40206588 -3.37462926 -5.01821896
 -3.0981922  -4.48615865 -4.06791075 -5.58774065 -4.44242403]
log likelihood =  -2349.00555156
Edge derivatives =  [0.009677385678055608, 0.014819727409588493, 0.021550942289671388, -0.03631283232638696, 0.00026756465226497606, -0.06419828995271362, -0.03432413637230123, 0.01198616268601864, 0.009414559883094975, 0.03756820085477515, 0.01721414735715473, 0.008062211750840126]
other derivatives: [ 0.16902959 -0.05697984 -0.0471573  -0.03774403  0.        ]
Current x array =  [-0.77337164 -0.54947025 -0.77064147  2.17919687  0.33647224 -6.32181263
 -2.57050041 -3.74508725 -2.6267454  -4.40341885 -3.37585537 -5.00510221
 -3.09848845 -4.49179636 -4.05952169 -5.59412405 -4.44436007]
log likelihood =  -2349.00584714
Edge derivatives =  [0.008437904398526899, -0.02976208090016317, 0.008278734356939127, -0.018828571098543245, -0.0016798610896668724, -0.01248275268475995, -0.010808162837924032, -0.004691684438060742, -0.019725648474545908, 0.01313766166847382, -0.0036523253839057437, 0.013759018007416277]
other derivatives: [-0.48830771 -0.66397661  0.05161382  0.02787601  0.        ]
Current x array =  [-0.77248468 -0.5484016  -0.77081159  2.1777909   0.33647224 -6.32021641
 -2.5696267  -3.74462695 -2.62734654 -4.40298769 -3.37768411 -5.00888341
 -3.09830612 -4.4894413  -4.05862607 -5.58889648 -4.44516712]
log likelihood =  -2349.00545125
Edge derivatives =  [0.009262975922267328, -0.00010169155783112949, 0.017109572091973765, -0.03045247988224649, -0.0003845679439982569, -0.04686574823530315, -0.02643789894431798, 0.006405356208908919, -0.00033384100403664047, 0.029389737044502033, 0.010240379332483198, 0.009972157899906794]
other derivatives: [-0.0509317  -0.26002454 -0.01405169 -0.01573426  0.        ]
Current x array =  [-0.77307463 -0.5491124  -0.77069844  2.17872607  0.33647224 -6.32127812
 -2.57020784 -3.74493311 -2.6269467  -4.40327447 -3.37646775 -5.00636839
 -3.0984274  -4.49100774 -4.05922178 -5.59237354 -4.44463032]
log likelihood =  -2349.00531249
Edge derivatives =  [0.0077176065090990556, -0.019248905192406754, 0.006553985035996648, -0.02052809730299121, -0.0021212269117815326, -0.02491973137171631, -0.019794269839692548, 0.00798882570475036, -0.013226266897248422, 0.010987659024351504, 0.0036230850731833342, 0.016652588261945166]
other derivatives: [-0.02060005 -0.05393304  0.03074092  0.02478373  0.        ]
Current x array =  [-0.77311845 -0.54947401 -0.77079519  2.17786793  0.33647224 -6.31919288
 -2.56971763 -3.74451279 -2.62711343 -4.40292206 -3.37712282 -5.0073336
 -3.09847418 -4.49000227 -4.05823984 -5.5906307  -4.44517444]
log likelihood =  -2349.00528598
Edge derivatives =  [0.006651066697394221, -0.0215397233344228, 0.005209797271564634, -0.008994788493923989, -0.003831875739702152, -0.00879760924062574, -0.018352298815367228, 0.0062659515674564625, -0.014914625413160472, 0.008368420024804167, 0.00415211741547088, 0.014754747924406363]
other derivatives: [-0.01814442 -0.0088221   0.00154614  0.02919478  0.        ]
Current x array =  [-0.77311587 -0.54954759 -0.77071616  2.17774732  0.33647224 -6.31734608
 -2.56965602 -3.74446091 -2.6273207  -4.40264086 -3.3776325  -5.00741256
 -3.0984589  -4.48987629 -4.05808869 -5.59073232 -4.44503553]
log likelihood =  -2349.00525912
Edge derivatives =  [0.005633948397093171, -0.01886244919960727, 0.0041824761540675895, 0.004078226640809618, -0.005575524975482603, 0.009263498404781495, -0.014825835184183726, 0.0031381185139907897, -0.016049836076253127, 0.007785419821448113, 0.004747879543223544, 0.00989649120357983]
other derivatives: [-0.01846274  0.02819434  0.01091394  0.01928129  0.        ]
Current x array =  [-0.7731126  -0.54960448 -0.77074232  2.1779283   0.33647224 -6.31551808
 -2.56974132 -3.74442757 -2.62753331 -4.40234816 -3.37816753 -5.00790181
 -3.09840264 -4.48978123 -4.05804239 -5.59090486 -4.44466179]
log likelihood =  -2349.00524142
Edge derivatives =  [0.004644208871159327, -0.005903406047242099, -0.0003385929915859995, 0.010896706603288286, -0.004267846841283212, 0.022507048017865294, -0.009479734518938597, -0.00026844917696518256, -0.015716299242624812, -0.0024752618311441044, 0.0034314522329996246, 0.005919681184504897]
other derivatives: [ 0.025193    0.00241016 -0.0772161   0.0001819   0.        ]
Current x array =  [-0.77316573 -0.54955378 -0.77051935  2.17831331  0.33647224 -6.31445079
 -2.5700824  -3.74411041 -2.62767066 -4.40234349 -3.37853727 -5.00873198
 -3.09830445 -4.48988491 -4.05743056 -5.59051365 -4.44437463]
log likelihood =  -2349.00522594
Edge derivatives =  [0.004761363868332119, -0.0018367385026387406, -0.0004666022035488618, 0.010036206574202705, -0.004395287577924196, 0.0212718331382776, -0.00693892442462145, -0.0016029287997169628, -0.015047175474465681, 0.0001661528425721051, 0.002919757019242672, 0.0029636290180937684]
other derivatives: [ 0.00331966  0.01759872 -0.01095941 -0.00991349  0.        ]
Current x array =  [-0.77314267 -0.54957894 -0.77069623  2.17852959  0.33647224 -6.31455412
 -2.57021747 -3.7441431  -2.62763183 -4.40234608 -3.37845675 -5.00927201
 -3.09826551 -4.48992845 -4.05756963 -5.59046436 -4.44414064]
log likelihood =  -2349.00521947
Edge derivatives =  [0.0049233177125272, 0.0015308871099385252, -0.0011898605791339084, 0.00519888625032322, -0.003675618443548939, 0.015431629611067851, -0.005626995055193606, -0.0017156701015034054, -0.013726199775179516, 8.146101749934714e-05, 0.002230709676757413, 0.0019461106086995014]
other derivatives: [-0.00031832  0.00841283  0.01036824 -0.0131422   0.        ]
Current x array =  [-0.7731414  -0.54956477 -0.77075535  2.17860803  0.33647224 -6.31494655
 -2.57032119 -3.74411754 -2.62754699 -4.40244743 -3.37825327 -5.00958669
 -3.09825033 -4.49005253 -4.05755167 -5.59032435 -4.44406071]
log likelihood =  -2349.00521042
Edge derivatives =  [0.004732325495346483, 0.005278813796824017, -0.00287002267345679, -0.00095897248446003, -0.0028448003018880716, 0.008067162303862091, -0.0036002963227959074, -0.0017572025160664112, -0.010620587109857513, -0.0009614989556273323, 0.0017522133362096182, -0.0005090691551591607]
other derivatives: [-0.01114131  0.00309228  0.018008   -0.01218723  0.        ]
Current x array =  [-0.77312992 -0.54955838 -0.77078031  2.17859245  0.33647224 -6.3148762
 -2.57044372 -3.74406451 -2.62745583 -4.40255284 -3.37800402 -5.01002069
 -3.09824046 -4.49035725 -4.05745804 -5.59024225 -4.44387182]
log likelihood =  -2349.005229
Edge derivatives =  [0.0033192040821677735, 0.0008901370476553649, -0.005275219206300023, -0.001053119432988553, -0.0023595111100778166, 0.003978912669214352, 0.0020951180648007325, 1.7219667218806856e-05, -0.005929276305899355, -0.004710834913527695, 0.0003897635982516509, -0.00423688554876183]
other derivatives: [ 0.16452759 -0.08308234  0.07603376  0.0136879   0.        ]
Current x array =  [-0.77335439 -0.54942135 -0.77094342  2.17811282  0.33647224 -6.31291072
 -2.57038473 -3.74397882 -2.62746529 -4.40252293 -3.3778337  -5.01095771
 -3.09827082 -4.49084735 -4.05714216 -5.58996403 -4.44355697]
log likelihood =  -2349.00520681
Edge derivatives =  [0.004326522917425229, 0.004016796933181979, -0.0035616137222491337, -0.0009859772276771261, -0.0027053102934481814, 0.006891720331626855, -0.001961841660043014, -0.0012468409261869318, -0.009271133211694389, -0.0020395396702701865, 0.0013604203975229965, -0.001580958079105299]
other derivatives: [ 0.03938112 -0.02164597  0.03460627 -0.00472937  0.        ]
Current x array =  [-0.77319447 -0.54951897 -0.77082722  2.17845452  0.33647224 -6.31431098
 -2.57042675 -3.74403987 -2.62745855 -4.40254424 -3.37795504 -5.01029016
 -3.0982492  -4.49049819 -4.0573672  -5.59016224 -4.44378128]
      fun: 2349.0052068111772
 hess_inv: <17x17 LbfgsInvHessProduct with dtype=float64>
      jac: array([-0.03938112,  0.02164597, -0.03460627,  0.00472937, -0.        ,
       -0.00432652, -0.0040168 ,  0.00356161,  0.00098598,  0.00270531,
       -0.00689172,  0.00196184,  0.00124684,  0.00927113,  0.00203954,
       -0.00136042,  0.00158096])
  message: 'CONVERGENCE: REL_REDUCTION_OF_F_<=_FACTR*EPSMCH'
     nfev: 57
      nit: 52
   status: 0
  success: True
        x: array([-0.77319447, -0.54951897, -0.77082722,  2.17845452,  0.33647224,
       -6.31431098, -2.57042675, -3.74403987, -2.62745855, -4.40254424,
       -3.37795504, -5.01029016, -3.0982492 , -4.49049819, -4.0573672 ,
       -5.59016224, -4.44378128])
