/home3/jxiong7/IGCexpansion/IGCexpansion/CodonGeneconv.py:277: FutureWarning: comparison to `None` will result in an elementwise object comparison in the future.
  if not x == None:
number of sites to be analyzed:  303
Successfully loaded parameter value from ./test/save/MG94_PR_GR_nonclock_save.txt
log likelihood =  -9941.87920454
Edge derivatives =  [0.000676477309538126, -0.04826600542219195, -0.0030488477784958584, -0.02492876974821961, -0.0027917572251904277, -0.01434780628472554, -0.0211938773246326, 0.011478505418508977, -0.013005418539935198, -0.019490353637827695, -0.013538090881357226, -0.021926291526662173, -0.023544985844058147, 0.0008010964061528278, 0.00974621420591082, 0.00035683696782901064, 0.0012958463390265046, 0.008720237830454482, 0.005397188592560581, 0.011024446494926843]
other derivatives: [-0.1375156  -0.02764864  0.10768417  0.09640644 -0.12496457 -0.00109139]
Current x array =  [-0.66377753 -0.75712313 -0.60180497  0.54427287 -2.76233464 -1.72785111
  0.62721015  2.30051442  0.22549564 -0.37747636 -0.17106428 -0.14750756
 -0.33308138 -1.08218143 -0.97008186 -0.67168025 -2.33543753 -3.55043872
 -4.3064557  -2.76848469 -2.02951788 -1.16094914 -2.93195811 -3.30934065
 -2.60612634 -2.44744681]
log likelihood =  -10002.0441867
Edge derivatives =  [15.527411694431708, 29.641481791322995, 12.664904038160218, 8.154002299346285, 13.542362116311251, 13.387221074606252, 8.258891449300311, 3.778910974100267, 6.954258618176022, 5.5164654790680565, 1.44736360984038, 0.15883899389103562, 0.08533444159653278, -0.26805570284274266, 0.7270959496072722, 1.993220321045962, 0.11071461355755881, -0.03917676893198121, 0.47476400713611394, 0.3909237336953775]
other derivatives: [ 426.22832552   49.13381417 -348.06416807  -46.074274    106.70646589
    2.65627023]
Current x array =  [-0.80129313 -0.78477177 -0.49412079  0.64067931 -2.88729921 -1.7289425
  0.62788662  2.25224841  0.22244679 -0.40240513 -0.17385603 -0.16185537
 -0.35427526 -1.07070293 -0.98308727 -0.6911706  -2.34897562 -3.57236502
 -4.33000069 -2.76768359 -2.01977166 -1.16059231 -2.93066226 -3.30062041
 -2.60072915 -2.43642236]
log likelihood =  -9941.87918931
Edge derivatives =  [0.009322394232579356, -0.03257650987348559, 0.004592581749868735, -0.02007459945968024, 0.0049839703200266205, -0.006525106608270326, -0.015971543538060573, 0.013888779600983489, -0.008881202804271071, -0.0157790051776793, -0.012571081012319338, -0.021775959631267425, -0.02345496116718137, 0.0008726034556766626, 0.010442533558767564, 0.00207816299752972, 0.001506648112579223, 0.008820164427407205, 0.005822959313705897, 0.011421039263387]
other derivatives: [ 0.11841621 -0.00309228 -0.04674803  0.05366019 -0.07858034 -0.0001819 ]
Current x array =  [-0.66384506 -0.75713671 -0.60175208  0.54432022 -2.76239601 -1.72785164
  0.62721048  2.30049071  0.22549414 -0.3774886  -0.17106565 -0.14751461
 -0.33309179 -1.08217579 -0.97008824 -0.67168982 -2.33544418 -3.55044949
 -4.30646726 -2.76848429 -2.02951309 -1.16094897 -2.93195747 -3.30933637
 -2.60612368 -2.44744139]
      fun: 9941.8791893074
 hess_inv: <26x26 LbfgsInvHessProduct with dtype=float64>
      jac: array([-0.11841621,  0.00309228,  0.04674803, -0.05366019,  0.07858034,
        0.0001819 , -0.00932239,  0.03257651, -0.00459258,  0.0200746 ,
       -0.00498397,  0.00652511,  0.01597154, -0.01388878,  0.0088812 ,
        0.01577901,  0.01257108,  0.02177596,  0.02345496, -0.0008726 ,
       -0.01044253, -0.00207816, -0.00150665, -0.00882016, -0.00582296,
       -0.01142104])
  message: 'CONVERGENCE: REL_REDUCTION_OF_F_<=_FACTR*EPSMCH'
     nfev: 3
      nit: 1
   status: 0
  success: True
        x: array([-0.66384506, -0.75713671, -0.60175208,  0.54432022, -2.76239601,
       -1.72785164,  0.62721048,  2.30049071,  0.22549414, -0.3774886 ,
       -0.17106565, -0.14751461, -0.33309179, -1.08217579, -0.97008824,
       -0.67168982, -2.33544418, -3.55044949, -4.30646726, -2.76848429,
       -2.02951309, -1.16094897, -2.93195747, -3.30933637, -2.60612368,
       -2.44744139])
Traceback (most recent call last):
  File "Run_rebuild_Thornton_PR_GR.py", line 30, in <module>
    MG94_tau.site_reconstruction()
  File "/home3/jxiong7/IGCexpansion/IGCexpansion/CodonGeneconv.py", line 1828, in site_reconstruction
    np.savetxt(open('./test/Ancestral_reconstruction/parameters/' + 'tau_' + self.paralog[0] + '_' + self.paralog[1] + '_' +model +'.txt','w+'), b)
  File "/usr/local/lib/python2.7/dist-packages/numpy/lib/npyio.py", line 1175, in savetxt
    ncol = X.shape[1]
IndexError: tuple index out of range
