/home3/jxiong7/IGCexpansion/IGCexpansion/CodonGeneconv.py:277: FutureWarning: comparison to `None` will result in an elementwise object comparison in the future.
  if not x == None:
number of sites to be analyzed:  118
Successfully loaded parameter value from ./test/save/MG94_YER131W_YGL189C_nonclock_save.txt
log likelihood =  -1205.18473238
Edge derivatives =  [-0.0011585931953645573, -0.0022319140158384293, 0.001770346017034602, 0.002352143963437636, -0.004475513819929444, 0.0009723351663376012, -0.001743811527538608, -0.00042166666317647317, 0.0021380868634550063, -0.0008827934750935407, -0.0015287120184774572, 0.0005879628774504014]
other derivatives: [-0.00482032  0.00090949  0.00011369  0.00025011  0.00165983 -0.0013415 ]
Current x array =  [-0.67032009 -0.44090996 -0.70874047  1.88823066 -2.90528322  0.30596496
 -3.11574133 -2.17118157 -2.0149507  -1.70706506 -3.35038589 -2.83680705
 -3.36286019 -3.0821951  -4.55395996 -2.74949986 -2.94793638 -3.22911682]
log likelihood =  -1205.19116155
Edge derivatives =  [-0.0017405952703568317, 0.02556264568693989, -0.0012961382786839948, -0.014296715712174557, 0.014607986129252432, 0.020877088489319753, 0.0183655857262391, 0.015326477035631544, 0.0012950293525993868, 0.03055057034192904, 0.024923819432769875, 0.010004731985248497]
other derivatives: [ 2.52625796 -0.49592472 -0.01607532 -0.04226877 -0.00754881  0.01573426]
Current x array =  [-0.67514041 -0.44000047 -0.70862678  1.88848077 -2.90362339  0.30462346
 -3.11689992 -2.17341348 -2.01318036 -1.70471291 -3.3548614  -2.83583471
 -3.36460401 -3.08261676 -4.55182188 -2.75038265 -2.9494651  -3.22852885]
log likelihood =  -1205.18473216
Edge derivatives =  [-0.0011631470511372713, -0.0020709345570539828, 0.0017506872050665756, 0.0022533215344688884, -0.004364817190118539, 0.0010870484406954317, -0.0016274385436261668, -0.00033097393720350754, 0.0021329607956768783, -0.0007011127085025659, -0.0013759224773713663, 0.0006420973705757865]
other derivatives: [  1.00044417e-02  -1.93267624e-03  -2.27373675e-05  -4.54747351e-05
   1.56887836e-03  -1.22781785e-03]
Current x array =  [-0.67034809 -0.44090468 -0.70873981  1.88823211 -2.90527358  0.30595717
 -3.11574806 -2.17119453 -2.01494042 -1.70705139 -3.35041189 -2.8368014
 -3.36287033 -3.08219755 -4.55394754 -2.74950499 -2.94794526 -3.2291134 ]
      fun: 1205.1847321629257
 hess_inv: <18x18 LbfgsInvHessProduct with dtype=float64>
      jac: array([ -1.00044417e-02,   1.93267624e-03,   2.27373675e-05,
         4.54747351e-05,  -1.56887836e-03,   1.22781785e-03,
         1.16314705e-03,   2.07093456e-03,  -1.75068721e-03,
        -2.25332153e-03,   4.36481719e-03,  -1.08704844e-03,
         1.62743854e-03,   3.30973937e-04,  -2.13296080e-03,
         7.01112709e-04,   1.37592248e-03,  -6.42097371e-04])
  message: 'CONVERGENCE: REL_REDUCTION_OF_F_<=_FACTR*EPSMCH'
     nfev: 3
      nit: 1
   status: 0
  success: True
        x: array([-0.67034809, -0.44090468, -0.70873981,  1.88823211, -2.90527358,
        0.30595717, -3.11574806, -2.17119453, -2.01494042, -1.70705139,
       -3.35041189, -2.8368014 , -3.36287033, -3.08219755, -4.55394754,
       -2.74950499, -2.94794526, -3.2291134 ])
number of sites to be analyzed:  118
Successfully loaded parameter value from ./test/save/MG94_Force_YER131W_YGL189C_nonclock_save.txt
log likelihood =  -1220.87720063
Edge derivatives =  [0.00016569359140584158, 0.0007392781288910466, 0.0006791310053437805, 0.000365807522549666, 0.00045592441401870465, -0.0007344721100546459, 0.0011628360279917899, -0.002500542369589534, 0.0025296105460603513, 0.0009446628105157229, -0.001077531486237543, -0.003422301679194051]
other derivatives: [ 0.00766249  0.0005457   0.00031832 -0.00077307 -0.00047748  0.        ]
Current x array =  [-0.68642576 -0.43639784 -0.70746335  1.95931081 -3.03458521  0.33647224
 -5.79121728 -1.78077119 -2.08737401 -1.54183948 -3.03719036 -2.71592485
 -3.19556989 -2.86160814 -4.23870545 -2.4642439  -2.74161272 -2.81634878]
log likelihood =  -1220.89343705
Edge derivatives =  [-0.001393906911544152, -0.043784808713244916, -0.05985373928208937, -0.08299828328480463, -0.02027740094888915, -0.0200112792736072, -0.019603330264639077, -0.0015978692875513456, -0.006379598066904409, -0.047826680320439824, -0.006611550360964419, 0.008025335529551036]
other derivatives: [-4.21644017 -0.14963462 -0.07589733  0.11445991 -0.03828973  0.        ]
Current x array =  [-0.67876327 -0.43585214 -0.70714502  1.95853774 -3.0350627   0.33647224
 -5.79105159 -1.78003191 -2.08669488 -1.54147368 -3.03673444 -2.71665933
 -3.19440705 -2.86410868 -4.23617584 -2.46329924 -2.74269025 -2.81977108]
log likelihood =  -1220.87720051
Edge derivatives =  [0.00016126257517434014, 0.0006154702836859149, 0.0005107075546716411, 0.00013281965718148214, 0.0003979413051767994, -0.0007886239714205989, 0.001105047277122656, -0.002499011215580202, 0.002504848795685667, 0.000809032543438587, -0.0010939550218525829, -0.0033917203774616045]
other derivatives: [ -3.84261511e-03   1.36424205e-04   9.09494702e-05  -4.09272616e-04
  -5.22959454e-04   0.00000000e+00]
Current x array =  [-0.68640465 -0.43639633 -0.70746247  1.95930868 -3.03458653  0.33647224
 -5.79121683 -1.78076916 -2.08737214 -1.54183848 -3.03718911 -2.71592688
 -3.19556668 -2.86161503 -4.23869848 -2.4642413  -2.74161568 -2.8163582 ]
      fun: 1220.8772005086346
 hess_inv: <18x18 LbfgsInvHessProduct with dtype=float64>
      jac: array([  3.84261511e-03,  -1.36424205e-04,  -9.09494702e-05,
         4.09272616e-04,   5.22959454e-04,  -0.00000000e+00,
        -1.61262575e-04,  -6.15470284e-04,  -5.10707555e-04,
        -1.32819657e-04,  -3.97941305e-04,   7.88623971e-04,
        -1.10504728e-03,   2.49901122e-03,  -2.50484880e-03,
        -8.09032543e-04,   1.09395502e-03,   3.39172038e-03])
  message: 'CONVERGENCE: REL_REDUCTION_OF_F_<=_FACTR*EPSMCH'
     nfev: 3
      nit: 1
   status: 0
  success: True
        x: array([-0.68640465, -0.43639633, -0.70746247,  1.95930868, -3.03458653,
        0.33647224, -5.79121683, -1.78076916, -2.08737214, -1.54183848,
       -3.03718911, -2.71592688, -3.19556668, -2.86161503, -4.23869848,
       -2.4642413 , -2.74161568, -2.8163582 ])
