/home3/jxiong7/IGCexpansion/IGCexpansion/CodonGeneconv.py:277: FutureWarning: comparison to `None` will result in an elementwise object comparison in the future.
  if not x == None:
number of sites to be analyzed:  185
Successfully loaded parameter value from ./test/save/MG94_YNL301C_YOL120C_nonclock_save.txt
log likelihood =  -2139.30757837
Edge derivatives =  [0.0006269773664913207, 2.715876763853542e-05, 0.0016591476100269453, -0.0013636879907204524, -0.0059327585663659435, -0.001707030307358609, 0.0029870715210346364, -0.0018635453126299995, -0.0006014093117120596, -0.0015919371777002311, -0.0011375022618411584, -0.001776094785950269]
other derivatives: [-0.00968612  0.00059117  0.00050022 -0.00186446  0.0007276   0.00200089]
Current x array =  [-0.72156224 -0.54730124 -0.88719066  1.68009148 -2.06556207  0.90817209
 -4.78148264 -1.73320653 -2.47451371 -1.32415326 -4.25805871 -2.49388747
 -3.9527924  -2.24589143 -5.39841287 -2.56309016 -2.76367828 -2.6975774 ]
log likelihood =  -2139.34458853
Edge derivatives =  [0.003990588707984827, 0.04680629862059327, 0.040970833986094746, 0.19602414156992248, 0.011576361761755655, 0.08429597023502872, 0.019797219555423223, 0.09831034572329922, 0.002829629003526542, 0.06950335116941153, 0.06042508393293508, 0.06133366010617748]
other derivatives: [ 7.51279003 -0.45943125 -0.36234269 -0.12287273  0.08130883 -0.05620677]
Current x array =  [-0.73124836 -0.54671007 -0.88669044  1.67822701 -2.06483447  0.91017298
 -4.78085566 -1.73317937 -2.47285456 -1.32551694 -4.26399146 -2.4955945
 -3.94980533 -2.24775498 -5.39901428 -2.5646821  -2.76481579 -2.69935349]
log likelihood =  -2139.30757818
Edge derivatives =  [0.0006338691992420296, 0.00012808436647171462, 0.0017436706400896784, -0.0009324458806508895, -0.0058943928668088764, -0.001519226100475779, 0.003023645667853167, -0.001645083445837331, -0.000593989587044045, -0.001436614247033563, -0.0010036041114532268, -0.0016380707171118752]
other derivatives: [ 0.00709406 -0.00040927 -0.00027285 -0.00213731  0.00095497  0.00190994]
Current x array =  [-0.72158359 -0.54729994 -0.88718956  1.68008737 -2.06556046  0.9081765
 -4.78148125 -1.73320647 -2.47451005 -1.32415626 -4.25807178 -2.49389124
 -3.95278582 -2.24589554 -5.3984142  -2.56309367 -2.76368079 -2.69758131]
      fun: 2139.307578182468
 hess_inv: <18x18 LbfgsInvHessProduct with dtype=float64>
      jac: array([-0.00709406,  0.00040927,  0.00027285,  0.00213731, -0.00095497,
       -0.00190994, -0.00063387, -0.00012808, -0.00174367,  0.00093245,
        0.00589439,  0.00151923, -0.00302365,  0.00164508,  0.00059399,
        0.00143661,  0.0010036 ,  0.00163807])
  message: 'CONVERGENCE: REL_REDUCTION_OF_F_<=_FACTR*EPSMCH'
     nfev: 3
      nit: 1
   status: 0
  success: True
        x: array([-0.72158359, -0.54729994, -0.88718956,  1.68008737, -2.06556046,
        0.9081765 , -4.78148125, -1.73320647, -2.47451005, -1.32415626,
       -4.25807178, -2.49389124, -3.95278582, -2.24589554, -5.3984142 ,
       -2.56309367, -2.76368079, -2.69758131])
number of sites to be analyzed:  185
Successfully loaded parameter value from ./test/save/MG94_Force_YNL301C_YOL120C_nonclock_save.txt
log likelihood =  -2215.0703797
Edge derivatives =  [-0.00014048172582806204, 0.0002973473872833199, -0.003945717386873535, -0.0021403375793792034, 0.0033545242592238206, -0.0008366319943450273, 0.006653295437499984, -0.0006375583805910967, 0.01310013424694147, -0.0009024423439857321, 0.003384204338116162, -0.0020004728292337126]
other derivatives: [-0.01791705  0.00227374  0.00104592  0.00563887 -0.00195541  0.        ]
Current x array =  [ -0.73654377  -0.54942219  -0.91225687   1.55115858  -2.21000606
   0.33647224 -12.68968137  -1.51588863  -2.97115083  -1.29781441
  -4.02198528  -2.23245609  -4.54448258  -2.08584295  -4.69921278
  -2.06854252  -2.79489371  -2.19219241]
log likelihood =  -2215.21055542
Edge derivatives =  [-0.00012914345766717664, 0.1540173931935395, 0.12172456300958763, 0.5547192713102405, 0.007875280712571937, 0.16013286579073138, 0.013894565474173677, 0.19322839754666848, 0.008171019158858293, 0.19520184969242893, 0.010193400359615037, 0.20708187851741489]
other derivatives: [ 14.8617346   -1.69056875  -0.92045411  -0.85883585   0.37298378   0.        ]
Current x array =  [ -0.75446082  -0.54714845  -0.91121095   1.55679744  -2.21196147
   0.33647224 -12.68982185  -1.51559128  -2.97509655  -1.29995475
  -4.01863076  -2.23329273  -4.53782929  -2.08648051  -4.68611264
  -2.06944496  -2.7915095   -2.19419289]
log likelihood =  -2215.07037901
Edge derivatives =  [-0.0001404575967934766, 0.0006262065590747767, -0.0036724617290107564, -0.0009343012720760546, 0.003361695258353087, -0.0004902485580950966, 0.006667888064091063, -0.00022160941782081722, 0.013088507237631792, -0.0004801999131315293, 0.003393070697494144, -0.0015480568566433872]
other derivatives: [ 0.01550688 -0.00145519 -0.00100044  0.00363798 -0.00118234  0.        ]
Current x array =  [ -0.73658312  -0.5494172   -0.91225458   1.55117096  -2.21001035
   0.33647224 -12.68968168  -1.51588797  -2.9711595   -1.29781911
  -4.02197791  -2.23245793  -4.54446797  -2.08584435  -4.69918401
  -2.0685445   -2.79488628  -2.19219681]
      fun: 2215.070379007073
 hess_inv: <18x18 LbfgsInvHessProduct with dtype=float64>
      jac: array([-0.01550688,  0.00145519,  0.00100044, -0.00363798,  0.00118234,
       -0.        ,  0.00014046, -0.00062621,  0.00367246,  0.0009343 ,
       -0.0033617 ,  0.00049025, -0.00666789,  0.00022161, -0.01308851,
        0.0004802 , -0.00339307,  0.00154806])
  message: 'CONVERGENCE: REL_REDUCTION_OF_F_<=_FACTR*EPSMCH'
     nfev: 3
      nit: 1
   status: 0
  success: True
        x: array([ -0.73658312,  -0.5494172 ,  -0.91225458,   1.55117096,
        -2.21001035,   0.33647224, -12.68968168,  -1.51588797,
        -2.9711595 ,  -1.29781911,  -4.02197791,  -2.23245793,
        -4.54446797,  -2.08584435,  -4.69918401,  -2.0685445 ,
        -2.79488628,  -2.19219681])
