/home3/jxiong7/IGCexpansion/IGCexpansion/CodonGeneconv.py:277: FutureWarning: comparison to `None` will result in an elementwise object comparison in the future.
  if not x == None:
number of sites to be analyzed:  156
Successfully loaded parameter value from ./test/save/MG94_EDN_ECP_nonclock_save.txt
log likelihood =  -2441.44830063
Edge derivatives =  [-0.0022669420922905165, -0.004494677064890762, -0.005390637049217606, -0.001379654006519876, 0.0005126607873473799, 3.8371491463275176e-05, -0.005294040028672689, -0.0008806394230444492, -0.0015369995506085282, -0.010481444368423475, 0.0029429418344134317, 0.0023800880524667556, 0.004454865789208277, -7.727152156163972e-05, 0.001245315383579186, 0.0058693360539651546, -8.525605751378381e-05, -0.00438075477793573, -0.005366809323070917, 0.003044908242995893, -0.003113975916857605, 0.00856590195720542, 0.0007657287331642865, -0.0038979824202065583]
other derivatives: [  2.32830644e-02  -1.57342583e-02  -9.09494702e-05  -2.18278728e-03
  -2.95585778e-03   1.86446414e-03]
Current x array =  [ -0.66945996  -0.54774056  -0.7190972    0.75387833  -0.08694393
  -0.89667867  -1.07395443  -1.76245858  -1.89337624  -3.08548542
  -4.56619953  -4.06255395  -3.25377517  -2.40752185  -3.30234884
  -4.83789013  -3.33617065  -1.93512971  -4.07464368 -15.08475822
  -3.85023137  -4.6939841  -15.16527078  -5.01142317  -4.25551808
  -4.77213708  -4.81534664  -4.50929234  -4.94964724  -3.27868222]
log likelihood =  -2441.75307696
Edge derivatives =  [0.09955065672583285, 0.13280594648851257, 0.23226038531727555, 0.05337746842165428, 0.007280273830013281, -0.009089164718299604, 0.07243648619258031, 0.022110643477986636, 0.01624911327138824, 0.01785982529567293, -0.03087876719522724, -0.11197394984277825, -0.021780390700738166, -7.672428285013209e-05, -0.012020880293391038, -0.007010793462963318, -8.50754633532545e-05, 0.01629023718082613, 0.021831232596410316, -0.005735344693893564, 0.005514945160272847, -0.024485057705799628, -0.010534242167306536, 0.05947746750782845]
other derivatives: [ -2.02361207e+01   8.91386662e+00   1.02954800e-01   2.20643415e-01
  -1.78988557e-01  -1.09139364e-03]
Current x array =  [ -0.6461769   -0.56347481  -0.71918814   0.75169554  -0.08989979
  -0.89481421  -1.07622137  -1.76695326  -1.89876688  -3.08686508
  -4.56568687  -4.06251557  -3.25906921  -2.40840249  -3.30388583
  -4.84837158  -3.33322771  -1.93274963  -4.07018882 -15.08483549
  -3.84898606  -4.68811476 -15.16535604  -5.01580393  -4.26088489
  -4.76909217  -4.81846062  -4.50072643  -4.94888151  -3.2825802 ]
log likelihood =  -2441.44829937
Edge derivatives =  [-0.002059834860442089, -0.0042158948461164525, -0.004907718887008361, -0.0012689426351845112, 0.0005260894112878341, 2.0603825717398216e-05, -0.005136489667395522, -0.000833366145244735, -0.0015004873934796742, -0.0104236938385085, 0.0028747186454152057, 0.0021490416326644945, 0.004401912365650983, -7.727041554122306e-05, 0.001218966961650629, 0.005842917186209624, -8.525568218911756e-05, -0.004339549816332888, -0.00531151041186681, 0.003027181499081412, -0.003096411122249728, 0.008499265199674616, 0.000743611433701729, -0.003770007368785633]
other derivatives: [ -1.62344804e-02   2.91038305e-03   9.09494702e-05  -1.72803993e-03
  -3.27418093e-03   1.81898940e-03]
Current x array =  [ -0.6694128   -0.54777243  -0.71909738   0.7538739   -0.08694992
  -0.8966749   -1.07395902  -1.76246769  -1.89338716  -3.08548822
  -4.56619849  -4.06255387  -3.25378589  -2.40752364  -3.30235195
  -4.83791136  -3.33616469  -1.93512489  -4.07463466 -15.08475838
  -3.85022885  -4.69397221 -15.16527095  -5.01143205  -4.25552895
  -4.77213091  -4.81535295  -4.50927498  -4.94964569  -3.27869011]
      fun: 2441.4482993737092
 hess_inv: <30x30 LbfgsInvHessProduct with dtype=float64>
      jac: array([  1.62344804e-02,  -2.91038305e-03,  -9.09494702e-05,
         1.72803993e-03,   3.27418093e-03,  -1.81898940e-03,
         2.05983486e-03,   4.21589485e-03,   4.90771889e-03,
         1.26894264e-03,  -5.26089411e-04,  -2.06038257e-05,
         5.13648967e-03,   8.33366145e-04,   1.50048739e-03,
         1.04236938e-02,  -2.87471865e-03,  -2.14904163e-03,
        -4.40191237e-03,   7.72704155e-05,  -1.21896696e-03,
        -5.84291719e-03,   8.52556822e-05,   4.33954982e-03,
         5.31151041e-03,  -3.02718150e-03,   3.09641112e-03,
        -8.49926520e-03,  -7.43611434e-04,   3.77000737e-03])
  message: 'CONVERGENCE: REL_REDUCTION_OF_F_<=_FACTR*EPSMCH'
     nfev: 3
      nit: 1
   status: 0
  success: True
        x: array([ -0.6694128 ,  -0.54777243,  -0.71909738,   0.7538739 ,
        -0.08694992,  -0.8966749 ,  -1.07395902,  -1.76246769,
        -1.89338716,  -3.08548822,  -4.56619849,  -4.06255387,
        -3.25378589,  -2.40752364,  -3.30235195,  -4.83791136,
        -3.33616469,  -1.93512489,  -4.07463466, -15.08475838,
        -3.85022885,  -4.69397221, -15.16527095,  -5.01143205,
        -4.25552895,  -4.77213091,  -4.81535295,  -4.50927498,
        -4.94964569,  -3.27869011])
number of sites to be analyzed:  156
Successfully loaded parameter value from ./test/save/MG94_Force_EDN_ECP_nonclock_save.txt
log likelihood =  -2466.29145514
Edge derivatives =  [-0.0012760749230283641, 0.0023015217907234597, -0.001775590661619919, 0.005793219524711457, 0.000385401907380796, 0.0009275594743679769, -0.008189259894808704, -0.0026500759786083905, -0.003402676822226114, -0.003387080131032269, 0.002911314415103436, -0.0004097989494447618, 0.009907465433344538, -8.63727072148036e-05, -0.0035981353645746367, -0.0028642644326995897, -6.0753679966853e-05, 0.005227543283011999, 0.0009190774529273388, -0.0012627193359824491, -0.0021625870373234678, -0.0029414839687501686, -0.003665037589315346, -0.008461812896257692]
other derivatives: [ 0.01505214 -0.00090949  0.00168257  0.00454747  0.00081855  0.        ]
Current x array =  [ -0.66067988  -0.54415241  -0.71946545   0.76932315  -0.04190406
   0.33647224  -1.01000257  -2.03368372  -1.8630271   -2.84342436
  -4.01228413  -3.96140964  -3.04163599  -2.33777692  -3.17047608
  -4.64769053  -3.21277041  -1.7903061   -3.952952   -14.76350747
  -3.65827913  -4.64475017 -15.37869297  -5.03361321  -4.13311983
  -4.64494156  -4.64903709  -4.35195973  -4.66400931  -3.16934646]
log likelihood =  -2466.39385998
Edge derivatives =  [0.04834174868679553, -0.0664713000389559, 0.009024209121359483, -0.0761573639937681, -0.00373188051923061, -0.0012489374451024882, 0.07621847219069247, 0.09006486014511983, 0.03523336882796081, 0.005539889605905849, -0.03463281285449153, -0.002103268910837952, -0.05178301020451365, -8.699336561474497e-05, 0.022283073785328587, 0.004887519325475823, -6.084980202392052e-05, -0.005467832682619571, -0.005554152034230264, 0.0014293496426209043, 0.002946334051393898, 0.007555614097168078, 0.00542718006426517, 0.09737319990293236]
other derivatives: [-13.33528417   0.96288204  -0.64242158  -0.21354936  -0.19599611   0.        ]
Current x array =  [ -0.64562774  -0.54506191  -0.71778288   0.77387062  -0.04108551
   0.33647224  -1.01127864  -2.0313822   -1.86480269  -2.83763114
  -4.01189873  -3.96048208  -3.04982525  -2.34042699  -3.17387876
  -4.65107761  -3.20985909  -1.7907159   -3.94304454 -14.76359384
  -3.66187726  -4.64761444 -15.37875372  -5.02838566  -4.13220075
  -4.64620427  -4.65119968  -4.35490121  -4.66767435  -3.17780827]
log likelihood =  -2466.2914541
Edge derivatives =  [-0.0011232852207703758, 0.0020801168708105555, -0.0017446003637631158, 0.0055318922267753035, 0.0003713502317258671, 0.0009200820097454779, -0.007921875412947144, -0.002357176960176871, -0.0032808463111546893, -0.003358930297580564, 0.002791296663235507, -0.0004194570196294767, 0.00971200284215263, -8.63747054511363e-05, -0.0035164724578192405, -0.002839857235159879, -6.075399031961423e-05, 0.00519348664963918, 0.0008981124506457425, -0.0012544139006986157, -0.0021465889579260176, -0.0029084349724848683, -0.0036363407097096782, -0.008125410801514743]
other derivatives: [-0.02632987  0.00213731 -0.00040927  0.00386535  0.0001819   0.        ]
Current x array =  [ -0.66063206  -0.5441553   -0.7194601    0.76933759  -0.04190146
   0.33647224  -1.01000662  -2.03367641  -1.86303274  -2.84340596
  -4.01228291  -3.9614067   -3.041662    -2.33778534  -3.17048689
  -4.64770129  -3.21276116  -1.7903074   -3.95292053 -14.76350774
  -3.65829055  -4.64475927 -15.37869316  -5.0335966   -4.13311691
  -4.64494557  -4.64904396  -4.35196907  -4.66402095  -3.16937333]
      fun: 2466.29145409653
 hess_inv: <30x30 LbfgsInvHessProduct with dtype=float64>
      jac: array([  2.63298716e-02,  -2.13731255e-03,   4.09272616e-04,
        -3.86535248e-03,  -1.81898940e-04,  -0.00000000e+00,
         1.12328522e-03,  -2.08011687e-03,   1.74460036e-03,
        -5.53189223e-03,  -3.71350232e-04,  -9.20082010e-04,
         7.92187541e-03,   2.35717696e-03,   3.28084631e-03,
         3.35893030e-03,  -2.79129666e-03,   4.19457020e-04,
        -9.71200284e-03,   8.63747055e-05,   3.51647246e-03,
         2.83985724e-03,   6.07539903e-05,  -5.19348665e-03,
        -8.98112451e-04,   1.25441390e-03,   2.14658896e-03,
         2.90843497e-03,   3.63634071e-03,   8.12541080e-03])
  message: 'CONVERGENCE: REL_REDUCTION_OF_F_<=_FACTR*EPSMCH'
     nfev: 3
      nit: 1
   status: 0
  success: True
        x: array([ -0.66063206,  -0.5441553 ,  -0.7194601 ,   0.76933759,
        -0.04190146,   0.33647224,  -1.01000662,  -2.03367641,
        -1.86303274,  -2.84340596,  -4.01228291,  -3.9614067 ,
        -3.041662  ,  -2.33778534,  -3.17048689,  -4.64770129,
        -3.21276116,  -1.7903074 ,  -3.95292053, -14.76350774,
        -3.65829055,  -4.64475927, -15.37869316,  -5.0335966 ,
        -4.13311691,  -4.64494557,  -4.64904396,  -4.35196907,
        -4.66402095,  -3.16937333])
