/home3/jxiong7/IGCexpansion/IGCexpansion/CodonGeneconv.py:276: FutureWarning: comparison to `None` will result in an elementwise object comparison in the future.
  if not x == None:
number of sites to be analyzed:  183
Successfully loaded parameter value from ./test/save/MG94_YJL177W_YKL180W_nonclock_save.txt
log likelihood =  -1837.05813077
Edge derivatives =  [-4.421318628818093e-05, -0.001454149159858975, -0.0035053647675146182, -0.001377622560491898, 0.008811973231524828, -0.0068353374525431665, -0.002694126828531096, 0.002215871492880467, 0.0026779931564907926, -0.0012000365103901622, 0.0029097269850090896, -0.005843411179493052]
other derivatives: [-0.01462013 -0.0150294   0.00068212  0.00227374 -0.00102318  0.00175078]
Current x array =  [ -0.71890639  -0.45378929  -0.8139111    1.85014883  -2.35168617
   0.56817766 -12.40357697  -1.49679024  -1.71254706  -1.71382366
  -3.47998398  -3.60516558  -3.91839721  -2.90667298  -4.71748965
  -3.15782741  -3.62691476  -3.26619406]
log likelihood =  -1837.2071776
Edge derivatives =  [-3.4636989727355354e-05, 0.2706038337523943, 0.4068793184702427, 0.32526583999612074, 0.007849442030109288, 0.0605298099012459, 0.0339456711758303, 0.03699181743051003, 0.010638969502006865, 0.0865725960689448, 0.02234078916144329, 0.13738314831247278]
other derivatives: [ 10.34313755   9.27630026  -0.28048817  -0.46875357   0.25547706
  -0.08037659]
Current x array =  [ -0.73352652  -0.46881869  -0.81322897   1.85242256  -2.35270935
   0.56992844 -12.40362118  -1.49824439  -1.71605242  -1.71520128
  -3.471172    -3.61200092  -3.92109134  -2.90445711  -4.71481166
  -3.15902744  -3.62400504  -3.27203747]
log likelihood =  -1837.05813007
Edge derivatives =  [-4.419228409765225e-05, -0.0008567275406460295, -0.0026069582285122017, -0.0006599395443242506, 0.008813496265257736, -0.006686867410332864, -0.00261297442209793, 0.002296454424752181, 0.002696203825175481, -0.0010071563873310513, 0.002954608150472174, -0.005530614339708695]
other derivatives: [  8.00355338e-03   5.59339242e-03   4.54747351e-05   1.22781785e-03
  -4.54747351e-04   1.54614099e-03]
Current x array =  [ -0.71893767  -0.45382145  -0.81390964   1.85015369  -2.35168836
   0.56818141 -12.40357706  -1.49679335  -1.71255456  -1.71382661
  -3.47996512  -3.60518021  -3.91840298  -2.90666824  -4.71748392
  -3.15782997  -3.62690854  -3.26620657]
      fun: 1837.0581300727376
 hess_inv: <18x18 LbfgsInvHessProduct with dtype=float64>
      jac: array([ -8.00355338e-03,  -5.59339242e-03,  -4.54747351e-05,
        -1.22781785e-03,   4.54747351e-04,  -1.54614099e-03,
         4.41922841e-05,   8.56727541e-04,   2.60695823e-03,
         6.59939544e-04,  -8.81349627e-03,   6.68686741e-03,
         2.61297442e-03,  -2.29645442e-03,  -2.69620383e-03,
         1.00715639e-03,  -2.95460815e-03,   5.53061434e-03])
  message: 'CONVERGENCE: REL_REDUCTION_OF_F_<=_FACTR*EPSMCH'
     nfev: 3
      nit: 1
   status: 0
  success: True
        x: array([ -0.71893767,  -0.45382145,  -0.81390964,   1.85015369,
        -2.35168836,   0.56818141, -12.40357706,  -1.49679335,
        -1.71255456,  -1.71382661,  -3.47996512,  -3.60518021,
        -3.91840298,  -2.90666824,  -4.71748392,  -3.15782997,
        -3.62690854,  -3.26620657])
number of sites to be analyzed:  183
Successfully loaded parameter value from ./test/save/MG94_Force_YJL177W_YKL180W_nonclock_save.txt
log likelihood =  -1873.67774664
Edge derivatives =  [-1.5799457730422984e-05, 0.0033229527089032596, 0.004767177052679261, 0.007620861361804843, -0.001615750053145515, 0.00032571417997062646, -0.006409251166991675, 0.0047395639020964275, -0.0031801198514669372, -0.0033863316035004642, 0.003731322657900382, 0.007464633027322254]
other derivatives: [ 0.01298304  0.00316049 -0.00043201 -0.00425189 -0.0024329   0.        ]
Current x array =  [ -0.73238385  -0.44169835  -0.82038728   1.84856806  -2.48500623
   0.33647224 -15.91769446  -1.41203556  -1.80938464  -1.71426713
  -3.24164577  -3.314422    -3.68849181  -2.57944415  -4.35468171
  -2.80893438  -3.36996884  -2.99090463]
log likelihood =  -1873.75365773
Edge derivatives =  [-1.608033367493481e-05, -0.2678416430518996, -0.4478381433519395, -0.5781385727735058, -0.03378141467539375, -0.048559067550914214, 0.00041601521004969166, -0.1864358586942725, -0.005812290778930293, -0.01963982811101217, -0.08718597619272965, -0.17631763051841254]
other derivatives: [-10.37160473  -2.06709956   0.33624019   0.51491043  -0.10361418   0.        ]
Current x array =  [ -0.71940081  -0.43853785  -0.82081929   1.84431617  -2.48743913
   0.33647224 -15.91771026  -1.40871261  -1.80461746  -1.70664627
  -3.24326152  -3.31409629  -3.69490106  -2.57470459  -4.35786183
  -2.81232071  -3.36623751  -2.98344   ]
log likelihood =  -1873.67774596
Edge derivatives =  [-1.5800301212955797e-05, 0.0025151841153064902, 0.003421645190403999, 0.005881335357094564, -0.0017130048397854258, 0.0001795562083164448, -0.006389762628382867, 0.004170963492386881, -0.003188385094728144, -0.0034365579876299707, 0.003460808379746008, 0.006919260683990958]
other derivatives: [-0.01741682 -0.00291038  0.00056843 -0.00272848 -0.00272848  0.        ]
Current x array =  [ -0.73234521  -0.44168894  -0.82038857   1.8485554   -2.48501347
   0.33647224 -15.91769451  -1.41202567  -1.80937045  -1.71424445
  -3.24165058  -3.31442103  -3.68851089  -2.57943005  -4.35469117
  -2.80894446  -3.36995773  -2.99088241]
      fun: 1873.6777459620412
 hess_inv: <18x18 LbfgsInvHessProduct with dtype=float64>
      jac: array([  1.74168235e-02,   2.91038305e-03,  -5.68434189e-04,
         2.72848411e-03,   2.72848411e-03,  -0.00000000e+00,
         1.58003012e-05,  -2.51518412e-03,  -3.42164519e-03,
        -5.88133536e-03,   1.71300484e-03,  -1.79556208e-04,
         6.38976263e-03,  -4.17096349e-03,   3.18838509e-03,
         3.43655799e-03,  -3.46080838e-03,  -6.91926068e-03])
  message: 'CONVERGENCE: REL_REDUCTION_OF_F_<=_FACTR*EPSMCH'
     nfev: 3
      nit: 1
   status: 0
  success: True
        x: array([ -0.73234521,  -0.44168894,  -0.82038857,   1.8485554 ,
        -2.48501347,   0.33647224, -15.91769451,  -1.41202567,
        -1.80937045,  -1.71424445,  -3.24165058,  -3.31442103,
        -3.68851089,  -2.57943005,  -4.35469117,  -2.80894446,
        -3.36995773,  -2.99088241])
