/home3/jxiong7/IGCexpansion/IGCexpansion/CodonGeneconv.py:277: FutureWarning: comparison to `None` will result in an elementwise object comparison in the future.
  if not x == None:
number of sites to be analyzed:  183
Successfully loaded parameter value from ./test/save/MG94_YJL177W_YKL180W_nonclock_save.txt
log likelihood =  -1837.05812733
Edge derivatives =  [-4.4183716244230206e-05, -0.0008006344434755563, -0.0017266124913322134, -0.0006602628657873533, 0.00794846510993541, -0.006524393579412369, -0.0025666154404688016, 0.0013389344808535375, 0.0025494186269467423, -0.0009457817407608621, 0.002383147693635179, -0.004545710598014008]
other derivatives: [-0.01696208  0.00031832  0.00050022  0.00129603 -0.0003638   0.00102318]
Current x array =  [ -0.71890197  -0.45381126  -0.81391      1.85017294  -2.35169379
   0.56820283 -12.40357779  -1.49680633  -1.71258984  -1.71383632
  -3.47982601  -3.60528885  -3.91844557  -2.90663686  -4.7174406
  -3.15784596  -3.62686378  -3.26629058]
log likelihood =  -1837.16495697
Edge derivatives =  [-3.64525355948794e-05, 0.1862099506112087, 0.2837727579355789, 0.23473425806057807, 0.0053903790382677785, 0.05133834701308615, 0.03029793806580694, 0.04824484117587097, 0.0065971139782472245, 0.0701893813071704, 0.012581597379782775, 0.11198029714166235]
other derivatives: [ 12.3696509   -0.64651431  -0.36998244  -0.37298378   0.17901129
  -0.09704308]
Current x array =  [ -0.73586405  -0.45349294  -0.81340978   1.85146897  -2.35205759
   0.56922601 -12.40362197  -1.49760697  -1.71431646  -1.71449659
  -3.47187754  -3.61181325  -3.92101219  -2.90529792  -4.71489118
  -3.15879174  -3.62448063  -3.27083629]
log likelihood =  -1837.05812688
Edge derivatives =  [-4.4168646114115364e-05, -0.00042752170937054856, -0.001155290875913595, -0.00019133149534811267, 0.007941024035398536, -0.00640781877272989, -0.0025012999568053, 0.0014310206699332528, 0.0025568561536992267, -0.0008039503552595278, 0.0024016612834950463, -0.004310382009086289]
other derivatives: [ 0.00886757 -0.00100044 -0.00027285  0.00050022  0.          0.00081855]
Current x array =  [ -0.71893647  -0.45381061  -0.81390898   1.85017557  -2.35169453
   0.56820491 -12.40357788  -1.49680796  -1.71259336  -1.71383767
  -3.47980984  -3.60530212  -3.91845079  -2.90663414  -4.71743541
  -3.15784788  -3.62685893  -3.26629982]
      fun: 1837.0581268807282
 hess_inv: <18x18 LbfgsInvHessProduct with dtype=float64>
      jac: array([ -8.86757334e-03,   1.00044417e-03,   2.72848411e-04,
        -5.00222086e-04,  -0.00000000e+00,  -8.18545232e-04,
         4.41686461e-05,   4.27521709e-04,   1.15529088e-03,
         1.91331495e-04,  -7.94102404e-03,   6.40781877e-03,
         2.50129996e-03,  -1.43102067e-03,  -2.55685615e-03,
         8.03950355e-04,  -2.40166128e-03,   4.31038201e-03])
  message: 'CONVERGENCE: REL_REDUCTION_OF_F_<=_FACTR*EPSMCH'
     nfev: 3
      nit: 1
   status: 0
  success: True
        x: array([ -0.71893647,  -0.45381061,  -0.81390898,   1.85017557,
        -2.35169453,   0.56820491, -12.40357788,  -1.49680796,
        -1.71259336,  -1.71383767,  -3.47980984,  -3.60530212,
        -3.91845079,  -2.90663414,  -4.71743541,  -3.15784788,
        -3.62685893,  -3.26629982])
number of sites to be analyzed:  183
Successfully loaded parameter value from ./test/save/MG94_Force_YJL177W_YKL180W_nonclock_save.txt
log likelihood =  -1873.67774485
Edge derivatives =  [-1.580086960501601e-05, 0.002132547041563848, 0.0026255559107533077, 0.0045657104200629295, -0.0016325717581264776, 0.0002265290306824319, -0.006195513380777173, 0.0037870297889493754, -0.0031013239016322545, -0.0031013915326368047, 0.003291255898149395, 0.006386986482308732]
other derivatives: [-0.01548415  0.00027285  0.00045475 -0.00231921 -0.00250111  0.        ]
Current x array =  [ -0.73234972  -0.44169446  -0.82038833   1.84853918  -2.48502607
   0.33647224 -15.91769459  -1.41201198  -1.80935208  -1.71421408
  -3.24165896  -3.31441963  -3.6885433   -2.57940828  -4.35470734
  -2.80896111  -3.36993974  -2.99084695]
log likelihood =  -1873.76689532
Edge derivatives =  [-1.5777935503067347e-05, 0.09149583479588264, 0.10878622993685094, 0.030419855816596675, 0.05676253346136251, 0.062408597863152115, 0.061340090556810035, 0.03731352390800541, 0.02976348352169052, 0.1341628010950111, 0.018224546705002315, -0.02367530378325644]
other derivatives: [ 11.42634574  -0.75779099  -0.38880899  -0.29635885   0.19795152   0.        ]
Current x array =  [ -0.74783387  -0.44142162  -0.81993359   1.84621997  -2.48752718
   0.33647224 -15.91771039  -1.40987943  -1.80672652  -1.70964837
  -3.24329153  -3.3141931   -3.69473881  -2.57562125  -4.35780866
  -2.8120625   -3.36664849  -2.98445997]
log likelihood =  -1873.67774439
Edge derivatives =  [-1.58008339558821e-05, 0.0023265263381496704, 0.002855202654535205, 0.004612033688251693, -0.001503286942380555, 0.00036473716448548466, -0.006043721032681512, 0.0038576976359596393, -0.003027802848022034, -0.0027943861705945205, 0.0033225959578287445, 0.006315641687959395]
other derivatives: [ 0.01093667 -0.00147793 -0.00040927 -0.00293312 -0.00200089  0.        ]
Current x array =  [ -0.73238468  -0.44169385  -0.82038731   1.84853395  -2.48503172
   0.33647224 -15.91769462  -1.41200716  -1.80934615  -1.71420377
  -3.24166265  -3.31441912  -3.68855729  -2.57939973  -4.35471434
  -2.80896811  -3.36993231  -2.99083253]
      fun: 1873.6777443939122
 hess_inv: <18x18 LbfgsInvHessProduct with dtype=float64>
      jac: array([ -1.09366738e-02,   1.47792889e-03,   4.09272616e-04,
         2.93312041e-03,   2.00088834e-03,  -0.00000000e+00,
         1.58008340e-05,  -2.32652634e-03,  -2.85520265e-03,
        -4.61203369e-03,   1.50328694e-03,  -3.64737164e-04,
         6.04372103e-03,  -3.85769764e-03,   3.02780285e-03,
         2.79438617e-03,  -3.32259596e-03,  -6.31564169e-03])
  message: 'CONVERGENCE: REL_REDUCTION_OF_F_<=_FACTR*EPSMCH'
     nfev: 3
      nit: 1
   status: 0
  success: True
        x: array([ -0.73238468,  -0.44169385,  -0.82038731,   1.84853395,
        -2.48503172,   0.33647224, -15.91769462,  -1.41200716,
        -1.80934615,  -1.71420377,  -3.24166265,  -3.31441912,
        -3.68855729,  -2.57939973,  -4.35471434,  -2.80896811,
        -3.36993231,  -2.99083253])
