/home3/jxiong7/IGCexpansion/IGCexpansion/CodonGeneconv.py:277: FutureWarning: comparison to `None` will result in an elementwise object comparison in the future.
  if not x == None:
number of sites to be analyzed:  156
Successfully loaded parameter value from ./test/save/MG94_EDN_ECP_nonclock_save.txt
log likelihood =  -2441.44830213
Edge derivatives =  [-0.002804938108881841, -0.00516927790145616, -0.0061785474581119715, -0.0015502635377646068, 0.0005094245977131651, 1.8202301619342498e-05, -0.0054803123398805, -0.0010483524189440208, -0.0016351330388223728, -0.010583632852449627, 0.003075750679418926, 0.0029072644997005237, 0.004559158882609618, -7.726929552151565e-05, 0.0012630219410470905, 0.005966209127668116, -8.525526476293351e-05, -0.004379854815443673, -0.005467225356240321, 0.003080983301790463, -0.0031452659949313087, 0.008695462246128272, 0.0007343486864500176, -0.004053030702057425]
other derivatives: [-0.01036824  0.01391527 -0.00081855 -0.00254659 -0.0046839   0.00172804]
Current x array =  [ -0.66942082  -0.54779309  -0.7190941    0.75388794  -0.08692625
  -0.8966852   -1.07394384  -1.76243907  -1.89335291  -3.08547957
  -4.56620145  -4.06255401  -3.25375448  -2.4075179   -3.30234266
  -4.83785017  -3.33618226  -1.93514069  -4.0746609  -15.08475793
  -3.85023614  -4.69400663 -15.16527046  -5.01140663  -4.25549744
  -4.77214871  -4.81533476  -4.50932517  -4.94965001  -3.27866691]
log likelihood =  -2441.5525595
Edge derivatives =  [0.1374058816763986, 0.17114024627319618, 0.20014504453559345, 0.04307640685741315, 0.0012848327586335966, 0.005016316326623443, 0.04331832289630658, 0.04193773970601172, 0.023616152669264923, 0.01623467693463731, -0.03282984127459611, -0.13858735775908365, -0.02337771517075466, -7.78579819646826e-05, -0.003778624358489961, -0.019841973433838353, -8.546890281593844e-05, -0.004505104177274406, 0.020854460119540882, -0.006611495739882831, 0.005008900312244706, -0.025931964418724966, 0.00870933786355876, 0.03661496064824021]
other derivatives: [ 8.78294486 -8.04029696  0.19535946  0.1119588   0.46093191  0.0298769 ]
Current x array =  [ -0.67978905  -0.53387782  -0.71991265   0.75134136  -0.09161015
  -0.89495716  -1.07674878  -1.76760834  -1.89953146  -3.08702983
  -4.56569203  -4.06253581  -3.25923479  -2.40856625  -3.30397779
  -4.84843381  -3.33310651  -1.93223343  -4.07010174 -15.0848352
  -3.84897312  -4.68804042 -15.16535571  -5.01578649  -4.26096466
  -4.76906772  -4.81848003  -4.5006297   -4.94891567  -3.28271994]
log likelihood =  -2441.44830063
Edge derivatives =  [-0.0022669420922905165, -0.004494677064890762, -0.005390637049217606, -0.001379654006519876, 0.0005126607873473799, 3.8371491463275176e-05, -0.005294040028672689, -0.0008806394230444492, -0.0015369995506085282, -0.010481444368423475, 0.0029429418344134317, 0.0023800880524667556, 0.004454865789208277, -7.727152156163972e-05, 0.001245315383579186, 0.0058693360539651546, -8.525605751378381e-05, -0.00438075477793573, -0.005366809323070917, 0.003044908242995893, -0.003113975916857605, 0.00856590195720542, 0.0007657287331642865, -0.0038979824202065583]
other derivatives: [  2.32830644e-02  -1.57342583e-02  -9.09494702e-05  -2.18278728e-03
  -2.95585778e-03   1.86446414e-03]
Current x array =  [ -0.66945996  -0.54774056  -0.7190972    0.75387833  -0.08694393
  -0.89667867  -1.07395443  -1.76245858  -1.89337624  -3.08548542
  -4.56619953  -4.06255395  -3.25377517  -2.40752185  -3.30234884
  -4.83789013  -3.33617065  -1.93512971  -4.07464368 -15.08475822
  -3.85023137  -4.6939841  -15.16527078  -5.01142317  -4.25551808
  -4.77213708  -4.81534664  -4.50929234  -4.94964724  -3.27868222]
      fun: 2441.448300630729
 hess_inv: <30x30 LbfgsInvHessProduct with dtype=float64>
      jac: array([ -2.32830644e-02,   1.57342583e-02,   9.09494702e-05,
         2.18278728e-03,   2.95585778e-03,  -1.86446414e-03,
         2.26694209e-03,   4.49467706e-03,   5.39063705e-03,
         1.37965401e-03,  -5.12660787e-04,  -3.83714915e-05,
         5.29404003e-03,   8.80639423e-04,   1.53699955e-03,
         1.04814444e-02,  -2.94294183e-03,  -2.38008805e-03,
        -4.45486579e-03,   7.72715216e-05,  -1.24531538e-03,
        -5.86933605e-03,   8.52560575e-05,   4.38075478e-03,
         5.36680932e-03,  -3.04490824e-03,   3.11397592e-03,
        -8.56590196e-03,  -7.65728733e-04,   3.89798242e-03])
  message: 'CONVERGENCE: REL_REDUCTION_OF_F_<=_FACTR*EPSMCH'
     nfev: 3
      nit: 1
   status: 0
  success: True
        x: array([ -0.66945996,  -0.54774056,  -0.7190972 ,   0.75387833,
        -0.08694393,  -0.89667867,  -1.07395443,  -1.76245858,
        -1.89337624,  -3.08548542,  -4.56619953,  -4.06255395,
        -3.25377517,  -2.40752185,  -3.30234884,  -4.83789013,
        -3.33617065,  -1.93512971,  -4.07464368, -15.08475822,
        -3.85023137,  -4.6939841 , -15.16527078,  -5.01142317,
        -4.25551808,  -4.77213708,  -4.81534664,  -4.50929234,
        -4.94964724,  -3.27868222])
number of sites to be analyzed:  156
Successfully loaded parameter value from ./test/save/MG94_Force_EDN_ECP_nonclock_save.txt
log likelihood =  -2466.29145694
Edge derivatives =  [-0.0014351326927388441, 0.002382766199604869, -0.0016641300559125938, 0.005943809677340983, 0.0003800989350097317, 0.0009792239158756405, -0.008243971700071795, -0.0028784481573588816, -0.0034746744741741414, -0.003396544350118186, 0.0029859833360108418, -0.00040060964162136337, 0.010017995410552719, -8.63703098925723e-05, -0.003634715514992136, -0.002874228918511631, -6.075315797187588e-05, 0.005259509569521021, 0.000933405982887249, -0.0012655117156444712, -0.002169631968870659, -0.002956266879196815, -0.003689913078432621, -0.00862571606675866]
other derivatives: [-0.02728484  0.02955858  0.00572982  0.00536602 -0.0001819   0.        ]
Current x array =  [ -0.66063263  -0.54420359  -0.71947537   0.76931386  -0.04190374
   0.33647224  -1.01000008  -2.03368784  -1.86302422  -2.84343465
  -4.01228479  -3.96141134  -3.04162172  -2.33777193  -3.17047007
  -4.64768465  -3.21277558  -1.79030541  -3.95296935 -14.76350732
  -3.65827283  -4.6447452  -15.37869286  -5.03362231  -4.13312144
  -4.64493936  -4.64903334  -4.35195461  -4.66400292  -3.16933152]
log likelihood =  -2466.89338393
Edge derivatives =  [0.08160065069632463, -0.05307157597060114, -0.07578317738484319, -0.08358823345283334, 0.0034636120845108614, -0.030678096375547352, 0.0217808754369459, 0.12196876734546172, 0.03513467807709289, 0.0015956667241458604, -0.042748511206359516, -0.014794480971180968, -0.0553174827953092, -8.76948267027975e-05, 0.015946546494049113, 0.0023553571786328574, -6.10680539279685e-05, -0.013146141032998633, -0.008278858455455972, -0.00020315090247491688, 0.001332770372586601, 0.004822624233897916, 0.009635983793907829, 0.08374001828864097]
other derivatives: [ 23.41639629 -18.59179974  -2.32612365  -0.47471076   0.5829861    0.        ]
Current x array =  [ -0.68791748  -0.51464501  -0.71374555   0.77467988  -0.04208564
   0.33647224  -1.01143522  -2.03130508  -1.86468835  -2.83749084
  -4.01190469  -3.96043211  -3.04986569  -2.34065038  -3.17394474
  -4.6510812   -3.20978959  -1.79070602  -3.94295135 -14.76359369
  -3.66190755  -4.64761943 -15.37875362  -5.0283628   -4.13218804
  -4.64620488  -4.65120297  -4.35491087  -4.66769284  -3.17795724]
log likelihood =  -2466.29145514
Edge derivatives =  [-0.0012760749230283641, 0.0023015217907234597, -0.001775590661619919, 0.005793219524711457, 0.000385401907380796, 0.0009275594743679769, -0.008189259894808704, -0.0026500759786083905, -0.003402676822226114, -0.003387080131032269, 0.002911314415103436, -0.0004097989494447618, 0.009907465433344538, -8.63727072148036e-05, -0.0035981353645746367, -0.0028642644326995897, -6.0753679966853e-05, 0.005227543283011999, 0.0009190774529273388, -0.0012627193359824491, -0.0021625870373234678, -0.0029414839687501686, -0.003665037589315346, -0.008461812896257692]
other derivatives: [ 0.01505214 -0.00090949  0.00168257  0.00454747  0.00081855  0.        ]
Current x array =  [ -0.66067988  -0.54415241  -0.71946545   0.76932315  -0.04190406
   0.33647224  -1.01000257  -2.03368372  -1.8630271   -2.84342436
  -4.01228413  -3.96140964  -3.04163599  -2.33777692  -3.17047608
  -4.64769053  -3.21277041  -1.7903061   -3.952952   -14.76350747
  -3.65827913  -4.64475017 -15.37869297  -5.03361321  -4.13311983
  -4.64494156  -4.64903709  -4.35195973  -4.66400931  -3.16934646]
      fun: 2466.2914551352997
 hess_inv: <30x30 LbfgsInvHessProduct with dtype=float64>
      jac: array([ -1.50521373e-02,   9.09494702e-04,  -1.68256520e-03,
        -4.54747351e-03,  -8.18545232e-04,  -0.00000000e+00,
         1.27607492e-03,  -2.30152179e-03,   1.77559066e-03,
        -5.79321952e-03,  -3.85401907e-04,  -9.27559474e-04,
         8.18925989e-03,   2.65007598e-03,   3.40267682e-03,
         3.38708013e-03,  -2.91131442e-03,   4.09798949e-04,
        -9.90746543e-03,   8.63727072e-05,   3.59813536e-03,
         2.86426443e-03,   6.07536800e-05,  -5.22754328e-03,
        -9.19077453e-04,   1.26271934e-03,   2.16258704e-03,
         2.94148397e-03,   3.66503759e-03,   8.46181290e-03])
  message: 'CONVERGENCE: REL_REDUCTION_OF_F_<=_FACTR*EPSMCH'
     nfev: 3
      nit: 1
   status: 0
  success: True
        x: array([ -0.66067988,  -0.54415241,  -0.71946545,   0.76932315,
        -0.04190406,   0.33647224,  -1.01000257,  -2.03368372,
        -1.8630271 ,  -2.84342436,  -4.01228413,  -3.96140964,
        -3.04163599,  -2.33777692,  -3.17047608,  -4.64769053,
        -3.21277041,  -1.7903061 ,  -3.952952  , -14.76350747,
        -3.65827913,  -4.64475017, -15.37869297,  -5.03361321,
        -4.13311983,  -4.64494156,  -4.64903709,  -4.35195973,
        -4.66400931,  -3.16934646])
