/home3/jxiong7/IGCexpansion/IGCexpansion/CodonGeneconv.py:277: FutureWarning: comparison to `None` will result in an elementwise object comparison in the future.
  if not x == None:
number of sites to be analyzed:  338
Successfully loaded parameter value from ./test/save/MG94_AR_GR_nonclock_save.txt
log likelihood =  -10427.8834486
Edge derivatives =  [-0.011207751038245894, 0.012855008372572918, -0.010254606377420789, 0.0062240310580177205, -0.005605810199476813, 0.005082317144948001, 0.036845334886605796, -0.040507765181619776, 0.01942803686532857, 0.0016110985779385911, -0.0040723929704469235, -0.02897052750830856, 0.026610779882159374, -0.001314549428774625, 0.013759106508602681, 0.011191539844473963, 0.016434230834518282, -0.019858865295965297, 0.007981928031203768, -0.0028957649488613457]
other derivatives: [-0.10004442 -0.00763976  0.02401066  0.02728484 -0.0005457  -0.01200533]
Current x array =  [-0.67537441 -0.79230465 -0.55424156  0.58496339 -3.05349845 -1.72682015
  0.96437565  2.50442447 -0.11525034  0.01228015 -0.03211474  0.01694575
 -0.38350544 -1.10856814 -0.6654073  -0.80893741 -2.18212212 -3.34818844
 -4.49828676 -2.78081544 -1.96351531 -1.89610362 -2.93434306 -3.62581087
 -2.46454385 -2.83449213]
log likelihood =  -10446.1682675
Edge derivatives =  [3.3234029428966148, 1.3956157258231001, 2.298891812973939, 1.271685725467175, 3.1467261170822933, 2.4322733445931464, -0.20989742945376544, 1.3208386380326587, 2.132726093168068, 1.7433236051354786, 1.2736194763184752, 0.5347986579839488, 0.0786652755800212, 0.4021214424447643, 0.023959029915308627, 0.11647025119839449, -0.03343261916319144, 0.4398576609599926, 0.30627295352138634, 0.39181500845526185]
other derivatives: [  3.23680069e+02   2.11839506e+01  -8.72298187e+01  -7.69468897e+00
   1.32638888e+01  -1.97906047e-01]
Current x array =  [-0.77541883 -0.79994441 -0.5302309   0.61224823 -3.05404414 -1.73882548
  0.9531679   2.51727948 -0.12550495  0.01850418 -0.03772055  0.02202807
 -0.3466601  -1.1490759  -0.64597926 -0.80732631 -2.18619451 -3.37715897
 -4.47167598 -2.78212999 -1.9497562  -1.88491208 -2.91790883 -3.64566974
 -2.45656192 -2.8373879 ]
log likelihood =  -10427.8834446
Edge derivatives =  [-0.00957232361831073, 0.013714301641030047, -0.00903152179445596, 0.006994333286785448, -0.0040208494977378995, 0.006330532402540834, 0.036821310369499205, -0.03980877143748113, 0.02042361809348514, 0.0024318851340977277, -0.0034670326991261304, -0.028713450116313936, 0.026633461894815705, -0.001123151404925582, 0.013785660408966227, 0.011264235988109772, 0.016425598078484052, -0.01964390064014601, 0.008135804827628733, -0.0027046470897427177]
other derivatives: [ 0.07112249  0.00200089 -0.01546141  0.02219167  0.00709406 -0.01218723]
Current x array =  [-0.67541959 -0.7923081  -0.55423072  0.58497571 -3.05349869 -1.72682557
  0.96437059  2.50443028 -0.11525497  0.01228296 -0.03211727  0.01694805
 -0.3834888  -1.10858643 -0.66539852 -0.80893668 -2.18212396 -3.34820152
 -4.49827475 -2.78081603 -1.96350909 -1.89609857 -2.93433564 -3.62581984
 -2.46454024 -2.83449344]
      fun: 10427.88344461579
 hess_inv: <26x26 LbfgsInvHessProduct with dtype=float64>
      jac: array([-0.07112249, -0.00200089,  0.01546141, -0.02219167, -0.00709406,
        0.01218723,  0.00957232, -0.0137143 ,  0.00903152, -0.00699433,
        0.00402085, -0.00633053, -0.03682131,  0.03980877, -0.02042362,
       -0.00243189,  0.00346703,  0.02871345, -0.02663346,  0.00112315,
       -0.01378566, -0.01126424, -0.0164256 ,  0.0196439 , -0.0081358 ,
        0.00270465])
  message: 'CONVERGENCE: REL_REDUCTION_OF_F_<=_FACTR*EPSMCH'
     nfev: 3
      nit: 1
   status: 0
  success: True
        x: array([-0.67541959, -0.7923081 , -0.55423072,  0.58497571, -3.05349869,
       -1.72682557,  0.96437059,  2.50443028, -0.11525497,  0.01228296,
       -0.03211727,  0.01694805, -0.3834888 , -1.10858643, -0.66539852,
       -0.80893668, -2.18212396, -3.34820152, -4.49827475, -2.78081603,
       -1.96350909, -1.89609857, -2.93433564, -3.62581984, -2.46454024,
       -2.83449344])
number of sites to be analyzed:  338
Successfully loaded parameter value from ./test/save/MG94_Force_AR_GR_nonclock_save.txt
log likelihood =  -10460.1358445
Edge derivatives =  [0.0065619810339723195, -0.00018306051319105787, -0.012294351587888386, -0.03080828448305284, -0.00898660550250302, -0.006642301518686555, 0.013400302791186425, 0.025440143124443593, 0.008124105072389476, 0.010887517514481387, 0.014350972139279543, -0.016396342770338017, -0.016465260978248103, -0.0016507622488669549, -0.0019257901927817178, -0.028732629076190674, -0.004781484984607412, -0.00813833835872204, 0.013251190045320015, 0.0031965798933506484]
other derivatives: [-0.06293703  0.00418368 -0.00272848  0.03001333 -0.01582521  0.        ]
Current x array =  [-0.67917886 -0.79365568 -0.55205638  0.58087405 -3.08212423  0.33647224
  0.8641272   2.55098477 -0.06678997  0.11038745  0.06261177  0.10643722
 -0.29296871 -1.07671131 -0.57762324 -0.77068654 -2.12451404 -3.2761534
 -4.46912835 -2.70725369 -1.90912964 -1.83320801 -2.86814289 -3.57772645
 -2.40312657 -2.76762511]
log likelihood =  -10468.0000302
Edge derivatives =  [2.973701564837524, 6.065964350518616, 3.213876167708936, 3.8216220594614505, 3.5677320012266978, 3.5837582315189227, 0.8707748416512548, 0.23092149179141067, 1.0302370870692457, 0.8799864853877606, 0.00278142001165471, 0.13963973138642538, 0.1554044734757859, 0.28774276842844826, 0.8626663125250399, 2.5525897272014086, 0.3921638022227736, 0.22682661726119036, -0.13986353902247162, 0.16046395980570338]
other derivatives: [ 225.74477043   -3.46281013    8.3091436   -12.56776159   24.59491952
    0.        ]
Current x array =  [-0.7421159  -0.789472   -0.55478487  0.61088738 -3.09794944  0.33647224
  0.87068918  2.55080171 -0.07908432  0.07957916  0.05362517  0.09979492
 -0.2795684  -1.05127117 -0.56949914 -0.75979902 -2.11016307 -3.29254974
 -4.48559361 -2.70890445 -1.91105543 -1.86194064 -2.87292437 -3.58586479
 -2.38987538 -2.76442854]
log likelihood =  -10460.1358419
Edge derivatives =  [0.008249816700642065, 0.003226593289436308, -0.010438547373163937, -0.028546742699253613, -0.006972071803557245, -0.00460901836850236, 0.013853772095229866, 0.025554236139343905, 0.008651933436272907, 0.011334486776032882, 0.014337746332204129, -0.016315804908820748, -0.01637176497055405, -0.0014932348683052155, -0.001458866227346034, -0.02728278893349656, -0.004563447909153834, -0.008008826701744867, 0.013159242800988534, 0.003277659122716936]
other derivatives: [ 0.07312337 -0.00127329  0.0003638   0.02110028 -0.0007276   0.        ]
Current x array =  [-0.67921378 -0.79365336 -0.5520579   0.5808907  -3.08213301  0.33647224
  0.86413084  2.55098467 -0.06679679  0.11037036  0.06260679  0.10643354
 -0.29296127 -1.0766972  -0.57761873 -0.7706805  -2.12450608 -3.2761625
 -4.46913749 -2.7072546  -1.90913071 -1.83322395 -2.86814554 -3.57773096
 -2.40311922 -2.76762334]
      fun: 10460.13584185794
 hess_inv: <26x26 LbfgsInvHessProduct with dtype=float64>
      jac: array([-0.07312337,  0.00127329, -0.0003638 , -0.02110028,  0.0007276 ,
       -0.        , -0.00824982, -0.00322659,  0.01043855,  0.02854674,
        0.00697207,  0.00460902, -0.01385377, -0.02555424, -0.00865193,
       -0.01133449, -0.01433775,  0.0163158 ,  0.01637176,  0.00149323,
        0.00145887,  0.02728279,  0.00456345,  0.00800883, -0.01315924,
       -0.00327766])
  message: 'CONVERGENCE: REL_REDUCTION_OF_F_<=_FACTR*EPSMCH'
     nfev: 3
      nit: 1
   status: 0
  success: True
        x: array([-0.67921378, -0.79365336, -0.5520579 ,  0.5808907 , -3.08213301,
        0.33647224,  0.86413084,  2.55098467, -0.06679679,  0.11037036,
        0.06260679,  0.10643354, -0.29296127, -1.0766972 , -0.57761873,
       -0.7706805 , -2.12450608, -3.2761625 , -4.46913749, -2.7072546 ,
       -1.90913071, -1.83322395, -2.86814554, -3.57773096, -2.40311922,
       -2.76762334])
