/home3/jxiong7/IGCexpansion/IGCexpansion/CodonGeneconv.py:276: FutureWarning: comparison to `None` will result in an elementwise object comparison in the future.
  if not x == None:
number of sites to be analyzed:  183
Successfully loaded parameter value from ./test/save/MG94_YJL177W_YKL180W_nonclock_save.txt
log likelihood =  -1837.05813153
Edge derivatives =  [-4.421081182469312e-05, -0.0011194421127945775, -0.003528533443216464, -0.0010334245580949641, 0.009168077096293525, -0.006778196721122454, -0.0026422913776802115, 0.0027434451552716677, 0.0027497674597409885, -0.00108158911962207, 0.0031924262651576163, -0.00605761222525425]
other derivatives: [ 0.00666205  0.00782165 -0.00147793  0.00172804 -0.0007276   0.00204636]
Current x array =  [ -0.71893697  -0.45382519  -0.81390431   1.85014089  -2.35168283
   0.56816827 -12.40357676  -1.4967851   -1.71253086  -1.71381892
  -3.48002606  -3.60513447  -3.91838509  -2.90668557  -4.71750227
  -3.15782244  -3.62692942  -3.26616626]
log likelihood =  -1837.09397561
Edge derivatives =  [-4.478466375784507e-05, -0.07594359314575849, -0.0006317534738067287, -0.07829418705215635, -0.06968010475598985, -0.019644089154631894, -0.01427958266480335, -0.11330747059102142, -0.01310829013942887, -0.027504795401027904, -0.05900626115236268, 0.03985545176370553]
other derivatives: [-4.6774403  -5.0647941   0.480577    0.12605597 -0.05320544 -0.05820766]
Current x array =  [ -0.71227492  -0.44600354  -0.81538224   1.85186893  -2.35241043
   0.57021463 -12.40362097  -1.49790454  -1.7160594   -1.71485234
  -3.47085798  -3.61191267  -3.92102738  -2.90394213  -4.7147525
  -3.15890403  -3.62373699  -3.27222387]
log likelihood =  -1837.05813077
Edge derivatives =  [-4.421318628818093e-05, -0.001454149159858975, -0.0035053647675146182, -0.001377622560491898, 0.008811973231524828, -0.0068353374525431665, -0.002694126828531096, 0.002215871492880467, 0.0026779931564907926, -0.0012000365103901622, 0.0029097269850090896, -0.005843411179493052]
other derivatives: [-0.01462013 -0.0150294   0.00068212  0.00227374 -0.00102318  0.00175078]
Current x array =  [ -0.71890639  -0.45378929  -0.8139111    1.85014883  -2.35168617
   0.56817766 -12.40357697  -1.49679024  -1.71254706  -1.71382366
  -3.47998398  -3.60516558  -3.91839721  -2.90667298  -4.71748965
  -3.15782741  -3.62691476  -3.26619406]
      fun: 1837.058130771601
 hess_inv: <18x18 LbfgsInvHessProduct with dtype=float64>
      jac: array([  1.46201273e-02,   1.50293999e-02,  -6.82121026e-04,
        -2.27373675e-03,   1.02318154e-03,  -1.75077730e-03,
         4.42131863e-05,   1.45414916e-03,   3.50536477e-03,
         1.37762256e-03,  -8.81197323e-03,   6.83533745e-03,
         2.69412683e-03,  -2.21587149e-03,  -2.67799316e-03,
         1.20003651e-03,  -2.90972699e-03,   5.84341118e-03])
  message: 'CONVERGENCE: REL_REDUCTION_OF_F_<=_FACTR*EPSMCH'
     nfev: 3
      nit: 1
   status: 0
  success: True
        x: array([ -0.71890639,  -0.45378929,  -0.8139111 ,   1.85014883,
        -2.35168617,   0.56817766, -12.40357697,  -1.49679024,
        -1.71254706,  -1.71382366,  -3.47998398,  -3.60516558,
        -3.91839721,  -2.90667298,  -4.71748965,  -3.15782741,
        -3.62691476,  -3.26619406])
number of sites to be analyzed:  183
Successfully loaded parameter value from ./test/save/MG94_Force_YJL177W_YKL180W_nonclock_save.txt
log likelihood =  -1873.67774742
Edge derivatives =  [-1.5799551638862833e-05, 0.0029923670098234156, 0.004487160251148814, 0.0076380789500586355, -0.0017952687500901732, 0.00013100128307508285, -0.006596435104231163, 0.004611181378893353, -0.00328488498519423, -0.003813554162941213, 0.003640649161008383, 0.007507742709647602]
other derivatives: [-0.0189857  -0.00759428  0.00050022 -0.00331966 -0.00300133  0.        ]
Current x array =  [ -0.73234056  -0.44168103  -0.82038842   1.84857562  -2.48499939
   0.33647224 -15.91769442  -1.41204239  -1.80939487  -1.71428455
  -3.24164168  -3.3144223   -3.68847677  -2.57945467  -4.35467422
  -2.80892569  -3.36997714  -2.99092175]
log likelihood =  -1873.82548086
Edge derivatives =  [-1.5753917228809157e-05, 0.1484788853796738, 0.12788058771673128, 0.001720349092594664, 0.07710563670920456, 0.08557863810427158, 0.07502219243423772, 0.06151324250246451, 0.04249935948368996, 0.1831718339555751, 0.04358981519948253, -0.011063669397043285]
other derivatives: [ 13.63086994   4.61261607  -0.39199222  -0.40172381   0.25634108   0.        ]
Current x array =  [ -0.75132626  -0.44927531  -0.8198882    1.84525597  -2.48800072
   0.33647224 -15.91771022  -1.40905002  -1.80490771  -1.70664647
  -3.24343695  -3.3142913   -3.69507321  -2.57484348  -4.35795911
  -2.81273924  -3.36633649  -2.983414  ]
log likelihood =  -1873.67774664
Edge derivatives =  [-1.5799457730422984e-05, 0.0033229527089032596, 0.004767177052679261, 0.007620861361804843, -0.001615750053145515, 0.00032571417997062646, -0.006409251166991675, 0.0047395639020964275, -0.0031801198514669372, -0.0033863316035004642, 0.003731322657900382, 0.007464633027322254]
other derivatives: [ 0.01298304  0.00316049 -0.00043201 -0.00425189 -0.0024329   0.        ]
Current x array =  [ -0.73238385  -0.44169835  -0.82038728   1.84856806  -2.48500623
   0.33647224 -15.91769446  -1.41203556  -1.80938464  -1.71426713
  -3.24164577  -3.314422    -3.68849181  -2.57944415  -4.35468171
  -2.80893438  -3.36996884  -2.99090463]
      fun: 1873.6777466378278
 hess_inv: <18x18 LbfgsInvHessProduct with dtype=float64>
      jac: array([ -1.29830369e-02,  -3.16049409e-03,   4.32009983e-04,
         4.25188773e-03,   2.43289833e-03,  -0.00000000e+00,
         1.57994577e-05,  -3.32295271e-03,  -4.76717705e-03,
        -7.62086136e-03,   1.61575005e-03,  -3.25714180e-04,
         6.40925117e-03,  -4.73956390e-03,   3.18011985e-03,
         3.38633160e-03,  -3.73132266e-03,  -7.46463303e-03])
  message: 'CONVERGENCE: REL_REDUCTION_OF_F_<=_FACTR*EPSMCH'
     nfev: 3
      nit: 1
   status: 0
  success: True
        x: array([ -0.73238385,  -0.44169835,  -0.82038728,   1.84856806,
        -2.48500623,   0.33647224, -15.91769446,  -1.41203556,
        -1.80938464,  -1.71426713,  -3.24164577,  -3.314422  ,
        -3.68849181,  -2.57944415,  -4.35468171,  -2.80893438,
        -3.36996884,  -2.99090463])
