/home3/jxiong7/IGCexpansion/IGCexpansion/CodonGeneconv.py:277: FutureWarning: comparison to `None` will result in an elementwise object comparison in the future.
  if not x == None:
number of sites to be analyzed:  112
Successfully loaded parameter value from ./test/save/MG94_YLR406C_YDL075W_nonclock_save.txt
log likelihood =  -1178.0990914
Edge derivatives =  [0.00034785369069950667, 0.00011126852699888667, 0.0019310722428005217, -0.0021404666349904566, 0.004426129456957202, 0.00033702304522661986, 0.0009289975669611109, 0.000750904215810505, 0.0006584438235963698, 0.0013160252966127328, 0.0003182141823839732, 5.262681164532046e-05]
other derivatives: [-0.00604814  0.00095497  0.00022737  0.00013642  0.00131877  0.00070486]
Current x array =  [-0.64417884 -0.48191712 -0.93056543  1.83998696 -2.45793969  0.50240122
 -3.2034529  -1.43914502 -2.21674814 -2.14536669 -3.61439311 -2.59448038
 -3.90522884 -2.80402982 -5.62038335 -2.41126193 -3.17809864 -3.28149678]
log likelihood =  -1178.10919845
Edge derivatives =  [0.013130674827305948, 0.011148015269861561, -0.001081129508394188, 0.0354018884506051, -0.010690414249365676, -0.0005288614109580231, -0.002576188338340824, -0.006919826925482903, 0.0014857359993461876, -0.011177070986170656, 0.0017714154781423297, 0.007116259738461014]
other derivatives: [ 3.23555014 -0.50547442 -0.03603873 -0.05627498  0.00861746 -0.03622063]
Current x array =  [-0.65022698 -0.48096215 -0.93033806  1.84012339 -2.45662092  0.50310608
 -3.20310505 -1.43903375 -2.21481707 -2.14750716 -3.60996698 -2.59414336
 -3.90429984 -2.80327891 -5.6197249  -2.40994591 -3.17778042 -3.28144415]
log likelihood =  -1178.09909128
Edge derivatives =  [0.0003916202744228617, 0.00014784166738623927, 0.001918828661906194, -0.002010728681661078, 0.004372792764631976, 0.00033268751490390935, 0.0009162785008235627, 0.0007230655111727935, 0.0006612298370651032, 0.0012708672883541272, 0.0003226092680537612, 7.650980548248171e-05]
other derivatives: [  5.41149348e-03  -8.18545232e-04   9.09494702e-05  -6.82121026e-05
   1.34150469e-03   5.68434189e-04]
Current x array =  [-0.64419999 -0.48191378 -0.93056464  1.83998744 -2.45793507  0.50240369
 -3.20345169 -1.43914463 -2.21674139 -2.14537418 -3.61437763 -2.5944792
 -3.90522559 -2.80402719 -5.62038104 -2.41125733 -3.17809753 -3.2814966 ]
      fun: 1178.0990912760276
 hess_inv: <18x18 LbfgsInvHessProduct with dtype=float64>
      jac: array([ -5.41149348e-03,   8.18545232e-04,  -9.09494702e-05,
         6.82121026e-05,  -1.34150469e-03,  -5.68434189e-04,
        -3.91620274e-04,  -1.47841667e-04,  -1.91882866e-03,
         2.01072868e-03,  -4.37279276e-03,  -3.32687515e-04,
        -9.16278501e-04,  -7.23065511e-04,  -6.61229837e-04,
        -1.27086729e-03,  -3.22609268e-04,  -7.65098055e-05])
  message: 'CONVERGENCE: REL_REDUCTION_OF_F_<=_FACTR*EPSMCH'
     nfev: 3
      nit: 1
   status: 0
  success: True
        x: array([-0.64419999, -0.48191378, -0.93056464,  1.83998744, -2.45793507,
        0.50240369, -3.20345169, -1.43914463, -2.21674139, -2.14537418,
       -3.61437763, -2.5944792 , -3.90522559, -2.80402719, -5.62038104,
       -2.41125733, -3.17809753, -3.2814966 ])
Traceback (most recent call last):
  File "Run_rebuild.py", line 52, in <module>
    main(parser.parse_args())
  File "Run_rebuild.py", line 17, in main
    MG94_tau.Expected_tau_for_sitewise_and_branchwise()
  File "/home3/jxiong7/IGCexpansion/IGCexpansion/CodonGeneconv.py", line 1528, in Expected_tau_for_sitewise_and_branchwise
    np.savetxt(open('./test/Ancestral_reconstruction/matrix/sitewise_IGC_statmatrix/SitewiseExpectedpointMutation/' + self.paralog[0] + '_' + self.paralog[1] + '_' +model +'.txt', 'w+'), SitewiseExpectedpointMutation)
IOError: [Errno 2] No such file or directory: './test/Ancestral_reconstruction/matrix/sitewise_IGC_statmatrix/SitewiseExpectedpointMutation/YLR406C_YDL075W_MG94_IGC.txt'
