/home3/jxiong7/IGCexpansion/IGCexpansion/CodonGeneconv.py:277: FutureWarning: comparison to `None` will result in an elementwise object comparison in the future.
  if not x == None:
number of sites to be analyzed:  134
Successfully loaded parameter value from ./test/save/MG94_YMR143W_YDL083C_nonclock_save.txt
log likelihood =  -1209.74996875
Edge derivatives =  [-4.0855981158302555e-05, -0.0018910690240762779, -0.0008328128974799953, 0.001037367397868777, 0.0012041606920441192, -0.001095949402026869, -0.002181829196968705, -0.0018457502076957288, -0.0012780375675144548, -0.0013206653284700692, 2.424224963229471e-05, -1.3398229780997584e-05]
other derivatives: [ -3.50155460e-03   1.81898940e-04   4.54747351e-05  -1.70530257e-03
  -2.20552465e-03   1.75077730e-03]
Current x array =  [ -0.71739741  -0.48653894  -0.95369235   2.435584    -3.7156734
   1.15091935 -10.45689458  -2.64926221  -1.73332192  -2.02828932
  -3.54989559  -2.99642413  -4.77380245  -2.57274287  -5.55050393
  -2.91941983  -3.53204479  -3.40024554]
log likelihood =  -1209.7532487
Edge derivatives =  [-3.8520244057146255e-05, 0.011287801242829937, 0.037457005633177415, 0.004611839515000271, 0.0027587629015799336, 0.009756373707945923, 0.000955382071366296, 0.041475800574113375, 0.00016373849840004007, 0.016403450065136077, -0.0029017301363625306, 0.0021948275321792554]
other derivatives: [ 1.80677944 -0.08212737 -0.05140919 -0.01793978  0.02307843 -0.04154117]
Current x array =  [ -0.72089896  -0.48635704  -0.95364688   2.43387869  -3.71787893
   1.15267013 -10.45693544  -2.65115328  -1.73415473  -2.02725196
  -3.54869143  -2.99752008  -4.77598428  -2.57458862  -5.55178197
  -2.9207405   -3.53202055  -3.40025894]
log likelihood =  -1209.74996862
Edge derivatives =  [-4.0841573577649465e-05, -0.0018070294780022228, -0.0005888470625963205, 0.001059275438074464, 0.001213892722731244, -0.001026826458102481, -0.002161842665433747, -0.0015686710892800493, -0.00126886539414367, -0.0012075519177774108, 5.276570269191483e-06, 3.524480929745222e-07]
other derivatives: [ 0.00813998 -0.00031832 -0.00025011 -0.00177351 -0.00202363  0.00145519]
Current x array =  [ -0.71741983  -0.48653778  -0.95369206   2.43557308  -3.71568753
   1.15093056 -10.45689485  -2.64927432  -1.73332725  -2.02828268
  -3.54988788  -2.99643115  -4.77381642  -2.57275469  -5.55051212
  -2.91942829  -3.53204463  -3.40024563]
      fun: 1209.7499686157962
 hess_inv: <18x18 LbfgsInvHessProduct with dtype=float64>
      jac: array([ -8.13997758e-03,   3.18323146e-04,   2.50111043e-04,
         1.77351467e-03,   2.02362571e-03,  -1.45519152e-03,
         4.08415736e-05,   1.80702948e-03,   5.88847063e-04,
        -1.05927544e-03,  -1.21389272e-03,   1.02682646e-03,
         2.16184267e-03,   1.56867109e-03,   1.26886539e-03,
         1.20755192e-03,  -5.27657027e-06,  -3.52448093e-07])
  message: 'CONVERGENCE: REL_REDUCTION_OF_F_<=_FACTR*EPSMCH'
     nfev: 3
      nit: 1
   status: 0
  success: True
        x: array([ -0.71741983,  -0.48653778,  -0.95369206,   2.43557308,
        -3.71568753,   1.15093056, -10.45689485,  -2.64927432,
        -1.73332725,  -2.02828268,  -3.54988788,  -2.99643115,
        -4.77381642,  -2.57275469,  -5.55051212,  -2.91942829,
        -3.53204463,  -3.40024563])
number of sites to be analyzed:  134
Successfully loaded parameter value from ./test/save/MG94_Force_YMR143W_YDL083C_nonclock_save.txt
log likelihood =  -1246.97932476
Edge derivatives =  [-1.1577083936513043e-05, 0.0006502038898881096, -0.00036750260703438675, -0.00032644519879809764, -0.0022856776994997913, 0.00587194313507175, -0.0020299261235239355, 0.0014029700899103048, -0.002770791009885018, 0.00036233113338909884, -0.004678054605667253, -0.0036419621333533825]
other derivatives: [-0.00723048 -0.00079581  0.00027285 -0.00081855 -0.00286491  0.        ]
Current x array =  [ -0.73951222  -0.47039758  -0.97976715   2.29659563  -3.85544369
   0.33647224 -15.89065337  -2.3972611   -2.06271976  -2.05059877
  -3.17478948  -2.95063983  -4.5427238   -2.17674054  -4.92955299
  -2.46967606  -2.97119979  -3.1723924 ]
log likelihood =  -1246.99370262
Edge derivatives =  [-1.1533353566665069e-05, 0.01809479231756682, 0.062362995136474586, 0.07672898582428966, 0.026933785521820144, -0.022125068490755184, 0.0006624213994878142, 0.02666125721347562, 0.004742582730245987, 0.040972987499943714, 0.07953760483556734, 0.053800835764282504]
other derivatives: [ 3.83583938  0.30797764 -0.17510047 -0.08674306  0.03494733  0.        ]
Current x array =  [ -0.74674271  -0.47119339  -0.9794943    2.29577709  -3.8583086
   0.33647224 -15.89066495  -2.3966109   -2.06308726  -2.05092522
  -3.17707515  -2.94476788  -4.54475373  -2.17533757  -4.93232378
  -2.46931372  -2.97587785  -3.17603436]
log likelihood =  -1246.97932436
Edge derivatives =  [-1.1576863116929315e-05, 0.0007390166175114676, -4.574325045175742e-05, 6.950701848307261e-05, -0.0021349730747663165, 0.005726023654560902, -0.002016401305561126, 0.0015308770358158919, -0.0027320852319276737, 0.0005703388467606096, -0.004242282929452626, -0.003345244395285482]
other derivatives: [ 0.01282388  0.00077307 -0.00063665 -0.00127329 -0.00268301  0.        ]
Current x array =  [ -0.73954963  -0.4704017   -0.97976573   2.2965914   -3.85545851
   0.33647224 -15.89065343  -2.39725774  -2.06272166  -2.05060046
  -3.1748013   -2.95060945  -4.5427343   -2.17673328  -4.92956733
  -2.46967418  -2.97122399  -3.17241124]
      fun: 1246.9793243638824
 hess_inv: <18x18 LbfgsInvHessProduct with dtype=float64>
      jac: array([ -1.28238753e-02,  -7.73070497e-04,   6.36646291e-04,
         1.27329258e-03,   2.68300937e-03,  -0.00000000e+00,
         1.15768631e-05,  -7.39016618e-04,   4.57432505e-05,
        -6.95070185e-05,   2.13497307e-03,  -5.72602365e-03,
         2.01640131e-03,  -1.53087704e-03,   2.73208523e-03,
        -5.70338847e-04,   4.24228293e-03,   3.34524440e-03])
  message: 'CONVERGENCE: REL_REDUCTION_OF_F_<=_FACTR*EPSMCH'
     nfev: 3
      nit: 1
   status: 0
  success: True
        x: array([ -0.73954963,  -0.4704017 ,  -0.97976573,   2.2965914 ,
        -3.85545851,   0.33647224, -15.89065343,  -2.39725774,
        -2.06272166,  -2.05060046,  -3.1748013 ,  -2.95060945,
        -4.5427343 ,  -2.17673328,  -4.92956733,  -2.46967418,
        -2.97122399,  -3.17241124])
