/home3/jxiong7/IGCexpansion/IGCexpansion/CodonGeneconv.py:277: FutureWarning: comparison to `None` will result in an elementwise object comparison in the future.
  if not x == None:
number of sites to be analyzed:  136
Successfully loaded parameter value from ./test/save/MG94_YBL087C_YER117W_nonclock_save.txt
log likelihood =  -1367.67936958
Edge derivatives =  [-0.004091502988653975, -0.0007744817368266488, 0.002244801691290696, 0.0006556847038770575, 0.000261770194801475, 0.0028336530372093938, 0.0018283373072718531, 0.0015358933520267515, 0.005634573473216015, -4.683672720140475e-05, 9.567606697587216e-05, 0.0025020087121214174]
other derivatives: [ 0.00786713 -0.00065938 -0.00020464 -0.00015916 -0.00102318 -0.00100044]
Current x array =  [-0.71559775 -0.60173811 -0.98698855  2.13334531 -2.88184813  1.03349497
 -4.05058011 -1.53265345 -1.78427175 -1.82015273 -2.97155195 -3.02029924
 -3.55527824 -2.93812382 -5.48330887 -2.81691052 -2.94771293 -3.68479199]
log likelihood =  -1367.69654747
Edge derivatives =  [-0.009369161191777432, -0.014754765982431639, -0.06827760600118024, -0.02969243349807757, -0.022572591038505785, -0.026684709781226112, -0.01893270587060328, -0.02934259464856548, 0.0009846840440724067, -0.007569449107247078, -0.008496229585344156, -0.02152643895515085]
other derivatives: [-4.32332854  0.38101007  0.15688784  0.12153123 -0.04667982  0.02164597]
Current x array =  [-0.70773062 -0.6023975  -0.98719318  2.13318615 -2.88287131  1.03249453
 -4.05467162 -1.53342793 -1.78202695 -1.81949705 -2.97129018 -3.01746559
 -3.5534499  -2.93658792 -5.47767429 -2.81695736 -2.94761725 -3.68228998]
log likelihood =  -1367.6793693
Edge derivatives =  [-0.004113574739124895, -0.0008339944380756636, 0.0019576624137086635, 0.0005294951490723843, 0.0001683090186892222, 0.0027133101203151155, 0.0017437559642488921, 0.001409961128665288, 0.005615645988180329, -7.88020611938306e-05, 5.9066101690652406e-05, 0.002404501425978575]
other derivatives: [-0.00932232  0.00090949  0.00043201  0.00031832 -0.00118234 -0.00090949]
Current x array =  [-0.71556605 -0.60174077 -0.98698937  2.13334467 -2.88185226  1.03349094
 -4.0505966  -1.53265657 -1.7842627  -1.82015009 -2.9715509  -3.02028782
 -3.55527087 -2.93811763 -5.48328616 -2.81691071 -2.94771254 -3.68478191]
      fun: 1367.679369300623
 hess_inv: <18x18 LbfgsInvHessProduct with dtype=float64>
      jac: array([  9.32232069e-03,  -9.09494702e-04,  -4.32009983e-04,
        -3.18323146e-04,   1.18234311e-03,   9.09494702e-04,
         4.11357474e-03,   8.33994438e-04,  -1.95766241e-03,
        -5.29495149e-04,  -1.68309019e-04,  -2.71331012e-03,
        -1.74375596e-03,  -1.40996113e-03,  -5.61564599e-03,
         7.88020612e-05,  -5.90661017e-05,  -2.40450143e-03])
  message: 'CONVERGENCE: REL_REDUCTION_OF_F_<=_FACTR*EPSMCH'
     nfev: 3
      nit: 1
   status: 0
  success: True
        x: array([-0.71556605, -0.60174077, -0.98698937,  2.13334467, -2.88185226,
        1.03349094, -4.0505966 , -1.53265657, -1.7842627 , -1.82015009,
       -2.9715509 , -3.02028782, -3.55527087, -2.93811763, -5.48328616,
       -2.81691071, -2.94771254, -3.68478191])
Traceback (most recent call last):
  File "Run_rebuild.py", line 52, in <module>
    main(parser.parse_args())
  File "Run_rebuild.py", line 14, in main
    MG94_tau.site_reconstruction()
  File "/home3/jxiong7/IGCexpansion/IGCexpansion/CodonGeneconv.py", line 1828, in site_reconstruction
    np.savetxt(open('./test/Ancestral_reconstruction/parameters/' + 'tau_' + self.paralog[0] + '_' + self.paralog[1] + '_' +model +'.txt','w+'), b)
  File "/usr/local/lib/python2.7/dist-packages/numpy/lib/npyio.py", line 1175, in savetxt
    ncol = X.shape[1]
IndexError: tuple index out of range
