/home3/jxiong7/IGCexpansion/IGCexpansion/CodonGeneconv.py:277: FutureWarning: comparison to `None` will result in an elementwise object comparison in the future.
  if not x == None:
number of sites to be analyzed:  136
Successfully loaded parameter value from ./test/save/MG94_YBL087C_YER117W_nonclock_save.txt
log likelihood =  -1367.6793685
Edge derivatives =  [-0.0040906389646046745, -0.0005594052129720972, 0.0018016538868045953, 0.0006132474919323672, 7.174499204179452e-05, 0.0025684074534001455, 0.0016290168805257743, 0.0012734407626272398, 0.005599247121853106, 1.2782311630155085e-05, 0.00011191084110726002, 0.0022697808179861917]
other derivatives: [ 0.00759428 -0.00068212 -0.00025011 -0.0001819  -0.00081855 -0.00093223]
Current x array =  [-0.71559741 -0.6017375  -0.98698718  2.13334643 -2.88186342  1.03348112
 -4.05064082 -1.53266449 -1.78424215 -1.82014403 -2.97154943 -3.02025911
 -3.5552525  -2.93810293 -5.48322573 -2.8169112  -2.94771169 -3.68475649]
log likelihood =  -1367.69536767
Edge derivatives =  [-0.008860165828271045, -0.01722797656578895, -0.060356322337467704, -0.028421540538096063, -0.019727724395614654, -0.024052809355630922, -0.017274894310936928, -0.02584751116565781, 0.0010762496148169418, -0.008773386403600869, -0.008741018693284017, -0.020073737741370293]
other derivatives: [-4.17312549  0.3815785   0.15968453  0.11773409 -0.04720278  0.02162324]
Current x array =  [-0.70800313 -0.60241962 -0.98723729  2.13316453 -2.88268197  1.03254888
 -4.05473145 -1.53322389 -1.78244049 -1.81953079 -2.97147768 -3.01769071
 -3.55362348 -2.93682949 -5.47762649 -2.81689841 -2.94759978 -3.68248671]
log likelihood =  -1367.67936824
Edge derivatives =  [-0.004110350661287964, -0.0006286073529951086, 0.0015516635510323118, 0.0004942039493424644, -8.332999594157231e-06, 0.002461234061093831, 0.001552984199362395, 0.0011641828722668002, 0.005581089197436373, -2.3676879337727885e-05, 7.487448530370255e-05, 0.002180285103120981]
other derivatives: [-0.00884484  0.00081855  0.00040927  0.00031832 -0.00100044 -0.00084128]
Current x array =  [-0.7155672  -0.60174021 -0.98698818  2.13334571 -2.88186668  1.03347741
 -4.05065709 -1.53266671 -1.78423498 -1.82014159 -2.97154914 -3.0202489
 -3.55524602 -2.93809786 -5.48320346 -2.81691115 -2.94771125 -3.68474746]
      fun: 1367.6793682427829
 hess_inv: <18x18 LbfgsInvHessProduct with dtype=float64>
      jac: array([  8.84483597e-03,  -8.18545232e-04,  -4.09272616e-04,
        -3.18323146e-04,   1.00044417e-03,   8.41282599e-04,
         4.11035066e-03,   6.28607353e-04,  -1.55166355e-03,
        -4.94203949e-04,   8.33299959e-06,  -2.46123406e-03,
        -1.55298420e-03,  -1.16418287e-03,  -5.58108920e-03,
         2.36768793e-05,  -7.48744853e-05,  -2.18028510e-03])
  message: 'CONVERGENCE: REL_REDUCTION_OF_F_<=_FACTR*EPSMCH'
     nfev: 3
      nit: 1
   status: 0
  success: True
        x: array([-0.7155672 , -0.60174021, -0.98698818,  2.13334571, -2.88186668,
        1.03347741, -4.05065709, -1.53266671, -1.78423498, -1.82014159,
       -2.97154914, -3.0202489 , -3.55524602, -2.93809786, -5.48320346,
       -2.81691115, -2.94771125, -3.68474746])
number of sites to be analyzed:  136
Successfully loaded parameter value from ./test/save/MG94_Force_YBL087C_YER117W_nonclock_save.txt
log likelihood =  -1415.29048726
Edge derivatives =  [-0.0007119543216121066, -0.003140706149825534, -0.005283560666671905, -0.0021262305493999767, 0.00537878530155295, -0.00036531017983165714, 0.001688723820309726, 0.0014498098875260768, 0.002303859629541072, -0.0035339556648778525, 3.649166913924362e-05, 0.0025677212920066778]
other derivatives: [ 0.0088221  -0.00086402 -0.0005457   0.00181899 -0.00061391  0.        ]
Current x array =  [-0.72295279 -0.59444246 -1.01333324  2.116637   -2.99195947  0.33647224
 -5.49728058 -1.39310405 -2.03444213 -1.75279046 -2.74708471 -2.95325173
 -3.48659701 -2.51353784 -5.03036393 -2.27151167 -2.76968012 -2.96962752]
log likelihood =  -1415.3135947
Edge derivatives =  [-0.0007255517682382886, 0.03916028520883752, 0.07137242410386045, 0.05177584865605156, -0.061182458113553814, -0.03335808744852087, -0.018209049725558635, -0.040661481933032484, -0.0036334281492788074, 0.04675839311137445, -0.015338039883589935, -0.0398940063428163]
other derivatives: [-5.09746769  0.55092642  0.21263986  0.12209966 -0.04361027  0.        ]
Current x array =  [-0.7141307  -0.59530648 -1.01387894  2.11845599 -2.99257338  0.33647224
 -5.49799253 -1.39624476 -2.03972569 -1.75491669 -2.74170592 -2.95361704
 -3.48490829 -2.51208803 -5.02806007 -2.27504562 -2.76964363 -2.9670598 ]
log likelihood =  -1415.2904869
Edge derivatives =  [-0.0007122792144659959, -0.0029783766382138754, -0.004985032381273027, -0.001920075166997437, 0.0051134109818834934, -0.00049870357699211, 0.0016083809790923276, 0.0012794317844308511, 0.0022800093587970263, -0.003339155051196252, -2.733992778516936e-05, 0.0023971047030269255]
other derivatives: [-0.01114131  0.00131877  0.00027285  0.00227374 -0.00079581  0.        ]
Current x array =  [-0.72291783 -0.59444588 -1.0133354   2.11664421 -2.99196191  0.33647224
 -5.4972834  -1.3931165  -2.03446306 -1.75279888 -2.74706339 -2.95325318
 -3.48659032 -2.5135321  -5.0303548  -2.27152567 -2.76967998 -2.96961734]
      fun: 1415.2904868958135
 hess_inv: <18x18 LbfgsInvHessProduct with dtype=float64>
      jac: array([  1.11413101e-02,  -1.31876732e-03,  -2.72848411e-04,
        -2.27373675e-03,   7.95807864e-04,  -0.00000000e+00,
         7.12279214e-04,   2.97837664e-03,   4.98503238e-03,
         1.92007517e-03,  -5.11341098e-03,   4.98703577e-04,
        -1.60838098e-03,  -1.27943178e-03,  -2.28000936e-03,
         3.33915505e-03,   2.73399278e-05,  -2.39710470e-03])
  message: 'CONVERGENCE: REL_REDUCTION_OF_F_<=_FACTR*EPSMCH'
     nfev: 3
      nit: 1
   status: 0
  success: True
        x: array([-0.72291783, -0.59444588, -1.0133354 ,  2.11664421, -2.99196191,
        0.33647224, -5.4972834 , -1.3931165 , -2.03446306, -1.75279888,
       -2.74706339, -2.95325318, -3.48659032, -2.5135321 , -5.0303548 ,
       -2.27152567, -2.76967998, -2.96961734])
