/home3/jxiong7/IGCexpansion/IGCexpansion/CodonGeneconv.py:276: FutureWarning: comparison to `None` will result in an elementwise object comparison in the future.
  if not x == None:
number of sites to be analyzed:  197
Successfully loaded parameter value from ./test/save/MG94_YNL069C_YIL133C_nonclock_save.txt
log likelihood =  -2322.82896424
Edge derivatives =  [0.0008596939608419563, -0.0026566401097244674, -0.004221831054093406, 0.0006273716485608594, -0.005528956399867023, 0.003794745656180154, 0.0015864023983178117, -0.001570527783294029, -0.0016322467402729093, -0.0014710115071983332, -0.004980737077515923, -0.0013924420186928327]
other derivatives: [ -9.00399755e-03  -4.54747351e-05   6.82121026e-04  -1.50066626e-03
   4.41104930e-03   1.50066626e-03]
Current x array =  [-0.72547055 -0.53824615 -0.93562239  1.69247109 -1.75716902  0.38122704
 -2.15300672 -2.03033911 -1.72005953 -1.62481717 -3.68382842 -2.55262353
 -5.1777391  -2.5066108  -3.84594578 -2.72113412 -3.2131418  -4.57596102]
log likelihood =  -2322.86371624
Edge derivatives =  [0.10063047568212177, 0.05279391495180687, 0.2139026739353146, 0.06047239372012114, 0.009390356439385135, -0.028365044608927872, 0.002669541266866157, 0.08425725014504057, 0.02452487882607511, 0.06648762946488071, 0.10580474408263986, 0.013879625641567212]
other derivatives: [ 7.40697033 -0.05488801 -0.42323336 -0.10372787 -0.14870238 -0.05197762]
Current x array =  [-0.73447455 -0.53829162 -0.93494027  1.69097042 -1.75275798  0.3827277
 -2.15214703 -2.03299575 -1.72428136 -1.6241898  -3.68935737 -2.54882879
 -5.1761527  -2.50818133 -3.84757802 -2.72260513 -3.21812254 -4.57735346]
log likelihood =  -2322.82896391
Edge derivatives =  [0.0011571899675394959, -0.002490404912383809, -0.003564199327087403, 0.000804239270031426, -0.005484447034923894, 0.0036965051448044906, 0.0015893244725747116, -0.0013134835065884698, -0.0015536962548873892, -0.0012671819989112515, -0.004646031263450784, -0.0013467081319863891]
other derivatives: [ 0.01364242 -0.0001819  -0.00063665 -0.00186446  0.00400178  0.00131877]
Current x array =  [-0.72549778 -0.53824629 -0.93562033  1.69246655 -1.75715569  0.38123158
 -2.15300413 -2.03034715 -1.72007229 -1.62481528 -3.68384513 -2.55261206
 -5.17773431 -2.50661555 -3.84595071 -2.72113857 -3.21315686 -4.57596523]
      fun: 2322.828963913424
 hess_inv: <18x18 LbfgsInvHessProduct with dtype=float64>
      jac: array([-0.01364242,  0.0001819 ,  0.00063665,  0.00186446, -0.00400178,
       -0.00131877, -0.00115719,  0.0024904 ,  0.0035642 , -0.00080424,
        0.00548445, -0.00369651, -0.00158932,  0.00131348,  0.0015537 ,
        0.00126718,  0.00464603,  0.00134671])
  message: 'CONVERGENCE: REL_REDUCTION_OF_F_<=_FACTR*EPSMCH'
     nfev: 3
      nit: 1
   status: 0
  success: True
        x: array([-0.72549778, -0.53824629, -0.93562033,  1.69246655, -1.75715569,
        0.38123158, -2.15300413, -2.03034715, -1.72007229, -1.62481528,
       -3.68384513, -2.55261206, -5.17773431, -2.50661555, -3.84595071,
       -2.72113857, -3.21315686, -4.57596523])
number of sites to be analyzed:  197
Successfully loaded parameter value from ./test/save/MG94_Force_YNL069C_YIL133C_nonclock_save.txt
log likelihood =  -2381.43620518
Edge derivatives =  [0.004158782458867624, -0.003859112224740391, 0.001007793323989592, -0.004092747391144513, 0.002240336887403882, -0.001174735081183681, 0.00031464044735472936, 6.055728799450599e-05, -0.0005684966775562766, 0.0033936497308863223, 0.008451741801324256, -0.010896674368914675]
other derivatives: [-0.01250555  0.00045475  0.00086402 -0.00800355  0.00618456  0.        ]
Current x array =  [-0.73933616 -0.52969817 -0.9568974   1.53574666 -1.87964873  0.33647224
 -3.54365425 -1.4680843  -1.70903303 -1.41677449 -3.47430288 -2.19993772
 -4.91216843 -2.32339033 -3.59248593 -2.44853806 -2.92908412 -4.2346726 ]
log likelihood =  -2381.50581453
Edge derivatives =  [0.05625909683672731, 0.19690868197072559, 0.12412020668198548, 0.4152455504338544, 0.014271114159879084, 0.14229497186272216, 0.001193148497684626, 0.10044443106250567, 0.04489384658824984, -0.014067717889167108, -0.07740063498314258, 0.03349842511023904]
other derivatives: [ 10.51848812  -0.42841748  -0.67971087   0.14388206  -0.35961421   0.        ]
Current x array =  [-0.75184171 -0.52924342 -0.95603338  1.52774311 -1.87346416  0.33647224
 -3.53949547 -1.47194341 -1.70802523 -1.42086724 -3.47206254 -2.20111245
 -4.91185379 -2.32332978 -3.59305443 -2.44514441 -2.92063237 -4.24556928]
log likelihood =  -2381.43620423
Edge derivatives =  [0.004345726444381255, -0.003129997409863583, 0.0014478066397868306, -0.002569517839835944, 0.002282245132848623, -0.0006564379279747345, 0.00031690751100962866, 0.0004215659217918222, -0.0004037800886844273, 0.00332411888837994, 0.008135304389637943, -0.010733569433156502]
other derivatives: [ 0.02669367 -0.00104592 -0.00159162 -0.00741238  0.00491127  0.        ]
Current x array =  [-0.73938189 -0.5296965  -0.95689425  1.53571739 -1.87962611  0.33647224
 -3.54363904 -1.46809841 -1.70902934 -1.41678945 -3.47429468 -2.19994202
 -4.91216728 -2.32339011 -3.59248801 -2.44852565 -2.92905321 -4.23471245]
      fun: 2381.436204230291
 hess_inv: <18x18 LbfgsInvHessProduct with dtype=float64>
      jac: array([-0.02669367,  0.00104592,  0.00159162,  0.00741238, -0.00491127,
       -0.        , -0.00434573,  0.00313   , -0.00144781,  0.00256952,
       -0.00228225,  0.00065644, -0.00031691, -0.00042157,  0.00040378,
       -0.00332412, -0.0081353 ,  0.01073357])
  message: 'CONVERGENCE: REL_REDUCTION_OF_F_<=_FACTR*EPSMCH'
     nfev: 3
      nit: 1
   status: 0
  success: True
        x: array([-0.73938189, -0.5296965 , -0.95689425,  1.53571739, -1.87962611,
        0.33647224, -3.54363904, -1.46809841, -1.70902934, -1.41678945,
       -3.47429468, -2.19994202, -4.91216728, -2.32339011, -3.59248801,
       -2.44852565, -2.92905321, -4.23471245])
