/home3/jxiong7/IGCexpansion/IGCexpansion/CodonGeneconv.py:275: FutureWarning: comparison to `None` will result in an elementwise object comparison in the future.
  if not x == None:
number of sites to be analyzed:  136
Successfully loaded parameter value from ./test/save/MG94_YBL087C_YER117W_nonclock_save.txt
log likelihood =  -1367.67937333
Edge derivatives =  [-0.0040539881357373325, -0.0019178560728386196, 0.0043225423340483154, 0.0007387399826537244, 0.000959921767034716, 0.0037231801407459075, 0.002410690064216202, 0.002413450508526205, 0.005699361120885324, -0.0008603086494722162, -0.00027163307746996823, 0.003101861831812859]
other derivatives: [  1.97815098e-03   3.04680725e-03   1.95541361e-03  -4.54747351e-05
  -1.93267624e-03  -2.27373675e-03]
Current x array =  [-0.71558665 -0.60175043 -0.9870038   2.13334351 -2.88178326  1.03356159
 -4.05042152 -1.53259368 -1.78440955 -1.82017956 -2.97157978 -3.02043196
 -3.55536455 -2.93820604 -5.4835299  -2.81688946 -2.94770807 -3.68490534]
log likelihood =  -1367.68238275
Edge derivatives =  [-0.007765571011556432, 0.019867765934912185, -0.0657201457713317, -0.006034934572741152, -0.01907493913419503, -0.023276211532979596, -0.011887869237802207, -0.022339872578543397, 0.004884199307654175, 0.025803302269844952, 0.012962397526545641, -0.0093082522474335]
other derivatives: [-1.00230864 -0.94773895 -0.32787284  0.03692548  0.00527507  0.05702532]
Current x array =  [-0.7136085  -0.59870362 -0.98504839  2.13329804 -2.88371594  1.03128785
 -4.0544755  -1.53451154 -1.78008701 -1.81944082 -2.97061986 -3.01670878
 -3.55295386 -2.93579259 -5.47783054 -2.81774977 -2.94797971 -3.68180348]
log likelihood =  -1367.67937189
Edge derivatives =  [-0.004133182295387679, -0.0014476706544782891, 0.0028267628325248303, 0.000595968850297196, 0.0005317707563650687, 0.0031466580127015864, 0.002105000413750245, 0.001883985323473572, 0.005682021652282948, -0.00028621302691959893, 1.3551231098529737e-05, 0.002836726074565296]
other derivatives: [-0.01950866 -0.01725766 -0.00511591  0.00075033 -0.00179625 -0.00100044]
Current x array =  [-0.71554424 -0.60168512 -0.98696188  2.13334254 -2.88182469  1.03351285
 -4.05050842 -1.5326348  -1.78431689 -1.82016372 -2.9715592  -3.02035215
 -3.55531287 -2.9381543  -5.48340773 -2.8169079  -2.9477139  -3.68483885]
      fun: 1367.679371891045
 hess_inv: <18x18 LbfgsInvHessProduct with dtype=float64>
      jac: array([  1.95086614e-02,   1.72576620e-02,   5.11590770e-03,
        -7.50333129e-04,   1.79625204e-03,   1.00044417e-03,
         4.13318230e-03,   1.44767065e-03,  -2.82676283e-03,
        -5.95968850e-04,  -5.31770756e-04,  -3.14665801e-03,
        -2.10500041e-03,  -1.88398532e-03,  -5.68202165e-03,
         2.86213027e-04,  -1.35512311e-05,  -2.83672607e-03])
  message: 'CONVERGENCE: REL_REDUCTION_OF_F_<=_FACTR*EPSMCH'
     nfev: 3
      nit: 1
   status: 0
  success: True
        x: array([-0.71554424, -0.60168512, -0.98696188,  2.13334254, -2.88182469,
        1.03351285, -4.05050842, -1.5326348 , -1.78431689, -1.82016372,
       -2.9715592 , -3.02035215, -3.55531287, -2.9381543 , -5.48340773,
       -2.8169079 , -2.9477139 , -3.68483885])
number of sites to be analyzed:  136
Successfully loaded parameter value from ./test/save/MG94_Force_YBL087C_YER117W_nonclock_save.txt
log likelihood =  -1415.29049036
Edge derivatives =  [-0.0008002077593846427, -0.004783627143366942, -0.00812997202575283, -0.0045640046598404704, 0.006275333552923319, -0.0003763181842851848, 0.0018756803472260303, 0.0017356670149391573, 0.002252029851390466, -0.005216515982573583, -0.0001328110028210594, 0.003038659364826307]
other derivatives: [-0.01725766  0.01459739  0.00509317  0.00393356 -0.00161435  0.        ]
Current x array =  [-0.72291357 -0.59448583 -1.01335334  2.11658893 -2.99194037  0.33647224
 -5.49726804 -1.39303636 -2.03432956 -1.75273382 -2.74718237 -2.95324602
 -3.48662704 -2.51356506 -5.03040165 -2.27143777 -2.76967945 -2.96967501]
log likelihood =  -1415.42701461
Edge derivatives =  [0.009972825705343344, 0.13245762325035998, 0.2863789228751934, 0.2646219213236332, -0.02488716996626472, 0.04750057329903168, 0.012131282373918473, 0.02506615038703225, 0.022657190740129875, 0.15199058615902059, 0.047742282778361775, 0.008054897501186223]
other derivatives: [ 10.31153261  -5.54832695  -1.40721568  -0.41675321   0.17062121   0.        ]
Current x array =  [-0.74017123 -0.57988844 -1.00826017  2.12052249 -2.99355472  0.33647224
 -5.49806824 -1.39781999 -2.04245954 -1.75729782 -2.74090703 -2.95362234
 -3.48475136 -2.51182939 -5.02814962 -2.27665428 -2.76981226 -2.96663635]
log likelihood =  -1415.29048934
Edge derivatives =  [-0.0007711939385916982, -0.0044157283802308545, -0.007329158986694215, -0.0038423315995463336, 0.006185305148576632, -0.0002492472519116662, 0.001900803532631161, 0.001793187777960198, 0.002306138343611968, -0.004792560739523027, -7.379612304903027e-06, 0.003047467248733754]
other derivatives: [ 0.01155058 -0.00025011  0.00122782  0.00277396 -0.00113687  0.        ]
Current x array =  [-0.72296064 -0.59444602 -1.01333944  2.11659966 -2.99194477  0.33647224
 -5.49727022 -1.39304941 -2.03435174 -1.75274626 -2.74716525 -2.95324705
 -3.48662193 -2.51356033 -5.03039551 -2.27145199 -2.76967981 -2.96966672]
      fun: 1415.29048933506
 hess_inv: <18x18 LbfgsInvHessProduct with dtype=float64>
      jac: array([ -1.15505827e-02,   2.50111043e-04,  -1.22781785e-03,
        -2.77395884e-03,   1.13686838e-03,  -0.00000000e+00,
         7.71193939e-04,   4.41572838e-03,   7.32915899e-03,
         3.84233160e-03,  -6.18530515e-03,   2.49247252e-04,
        -1.90080353e-03,  -1.79318778e-03,  -2.30613834e-03,
         4.79256074e-03,   7.37961230e-06,  -3.04746725e-03])
  message: 'CONVERGENCE: REL_REDUCTION_OF_F_<=_FACTR*EPSMCH'
     nfev: 3
      nit: 1
   status: 0
  success: True
        x: array([-0.72296064, -0.59444602, -1.01333944,  2.11659966, -2.99194477,
        0.33647224, -5.49727022, -1.39304941, -2.03435174, -1.75274626,
       -2.74716525, -2.95324705, -3.48662193, -2.51356033, -5.03039551,
       -2.27145199, -2.76967981, -2.96966672])
38
