/home3/jxiong7/IGCexpansion/IGCexpansion/CodonGeneconv.py:277: FutureWarning: comparison to `None` will result in an elementwise object comparison in the future.
  if not x == None:
number of sites to be analyzed:  118
Successfully loaded parameter value from ./test/save/MG94_YER131W_YGL189C_nonclock_save.txt
log likelihood =  -1205.18473287
Edge derivatives =  [-0.0011100901106762193, -0.0023492605814870726, 0.002003490897295762, 0.002783588307764151, -0.004601194870897218, 0.0008755897009271041, -0.0018738207980285582, -0.0005063935539776354, 0.0021467700250263552, -0.0010797606835188378, -0.0017215462781321328, 0.0005771961333446152]
other derivatives: [ -5.29780664e-03   7.73070497e-04   6.82121026e-05   2.04636308e-04
   1.95541361e-03  -1.68256520e-03]
Current x array =  [-0.67031878 -0.44090947 -0.70874104  1.8882298  -2.90529943  0.30597887
 -3.11573197 -2.17116226 -2.01496749 -1.70708813 -3.35034749 -2.83681478
 -3.36284478 -3.08219112 -4.55397802 -2.74949135 -2.94792237 -3.22912186]
log likelihood =  -1205.19239322
Edge derivatives =  [-0.002360152248684917, 0.027764249220054507, -0.002174768969916252, -0.019413152776121045, 0.01630059317539856, 0.02470586825167695, 0.020786445391259387, 0.017859567910024063, 0.0018866424641057304, 0.03628110509867061, 0.029062932435684877, 0.012511063282486606]
other derivatives: [ 2.76781975 -0.43996806 -0.00304681 -0.04556568 -0.01059561  0.02180514]
Current x array =  [-0.67561658 -0.4401364  -0.70867283  1.88843444 -2.90334401  0.30429631
 -3.11684206 -2.17351152 -2.012964   -1.70430454 -3.35494869 -2.83593919
 -3.3647186  -3.08269751 -4.55183125 -2.75057111 -2.94964392 -3.22854466]
log likelihood =  -1205.18473262
Edge derivatives =  [-0.0011185744261716299, -0.002178393185492025, 0.0019775871486475416, 0.0026548256466581988, -0.004482437649820328, 0.0010101724091524933, -0.001745343633446722, -0.0004027603373537303, 0.0021450220659808977, -0.0008681227147912807, -0.001547306974933979, 0.0006444786996335217]
other derivatives: [  1.05956133e-02  -1.79625204e-03   6.82121026e-05  -1.13686838e-04
   1.86446414e-03  -1.59161573e-03]
Current x array =  [-0.67034893 -0.44090507 -0.70874065  1.88823097 -2.9052883   0.3059693
 -3.11573828 -2.17117564 -2.01495609 -1.70707228 -3.35037368 -2.8368098
 -3.36285544 -3.082194   -4.5539658  -2.74949749 -2.94793217 -3.22911857]
      fun: 1205.1847326164284
 hess_inv: <18x18 LbfgsInvHessProduct with dtype=float64>
      jac: array([ -1.05956133e-02,   1.79625204e-03,  -6.82121026e-05,
         1.13686838e-04,  -1.86446414e-03,   1.59161573e-03,
         1.11857443e-03,   2.17839319e-03,  -1.97758715e-03,
        -2.65482565e-03,   4.48243765e-03,  -1.01017241e-03,
         1.74534363e-03,   4.02760337e-04,  -2.14502207e-03,
         8.68122715e-04,   1.54730697e-03,  -6.44478700e-04])
  message: 'CONVERGENCE: REL_REDUCTION_OF_F_<=_FACTR*EPSMCH'
     nfev: 3
      nit: 1
   status: 0
  success: True
        x: array([-0.67034893, -0.44090507, -0.70874065,  1.88823097, -2.9052883 ,
        0.3059693 , -3.11573828, -2.17117564, -2.01495609, -1.70707228,
       -3.35037368, -2.8368098 , -3.36285544, -3.082194  , -4.5539658 ,
       -2.74949749, -2.94793217, -3.22911857])
number of sites to be analyzed:  118
Successfully loaded parameter value from ./test/save/MG94_Force_YER131W_YGL189C_nonclock_save.txt
log likelihood =  -1220.87720077
Edge derivatives =  [0.0001639902268387311, 0.0006783817696140726, 0.0005901108660856802, 0.0002032452166879084, 0.0003866885727075581, -0.0008458851551137736, 0.0011449133603987638, -0.0027105984571607344, 0.0025377860052987616, 0.0009359012109794174, -0.0012331985811705748, -0.0037126444049427887]
other derivatives: [-0.00409273 -0.00059117 -0.00079581 -0.00052296 -0.00065938  0.        ]
Current x array =  [-0.6864042  -0.43639472 -0.70745916  1.95931356 -3.03458174  0.33647224
 -5.79121815 -1.78077477 -2.08737712 -1.54184055 -3.0371924  -2.7159204
 -3.19557592 -2.86159386 -4.23871882 -2.46424883 -2.74160622 -2.81632922]
log likelihood =  -1220.882016
Edge derivatives =  [0.0005007753423478603, 0.012360912879257807, 0.01765905213285207, 0.0313711752287289, 0.013618192662747095, 0.020374646026951437, 0.004617888287721458, 0.03717161594175927, 0.001008160592240244, 0.0027280432298126545, 0.028407032790551207, 0.051369721785527706]
other derivatives: [ 2.2144377   0.22348559  0.20970674 -0.04438334  0.03360583  0.        ]
Current x array =  [-0.69049693 -0.43698589 -0.70825496  1.9587906  -3.03524112  0.33647224
 -5.79105416 -1.78009638 -2.08678701 -1.54163731 -3.03680571 -2.71676628
 -3.19443101 -2.86430446 -4.23618104 -2.46331293 -2.74283942 -2.82004186]
log likelihood =  -1220.87720063
Edge derivatives =  [0.00016569359140584158, 0.0007392781288910466, 0.0006791310053437805, 0.000365807522549666, 0.00045592441401870465, -0.0007344721100546459, 0.0011628360279917899, -0.002500542369589534, 0.0025296105460603513, 0.0009446628105157229, -0.001077531486237543, -0.003422301679194051]
other derivatives: [ 0.00766249  0.0005457   0.00031832 -0.00077307 -0.00047748  0.        ]
Current x array =  [-0.68642576 -0.43639784 -0.70746335  1.95931081 -3.03458521  0.33647224
 -5.79121728 -1.78077119 -2.08737401 -1.54183948 -3.03719036 -2.71592485
 -3.19556989 -2.86160814 -4.23870545 -2.4642439  -2.74161272 -2.81634878]
      fun: 1220.877200633064
 hess_inv: <18x18 LbfgsInvHessProduct with dtype=float64>
      jac: array([-0.00766249, -0.0005457 , -0.00031832,  0.00077307,  0.00047748,
       -0.        , -0.00016569, -0.00073928, -0.00067913, -0.00036581,
       -0.00045592,  0.00073447, -0.00116284,  0.00250054, -0.00252961,
       -0.00094466,  0.00107753,  0.0034223 ])
  message: 'CONVERGENCE: REL_REDUCTION_OF_F_<=_FACTR*EPSMCH'
     nfev: 3
      nit: 1
   status: 0
  success: True
        x: array([-0.68642576, -0.43639784, -0.70746335,  1.95931081, -3.03458521,
        0.33647224, -5.79121728, -1.78077119, -2.08737401, -1.54183948,
       -3.03719036, -2.71592485, -3.19556989, -2.86160814, -4.23870545,
       -2.4642439 , -2.74161272, -2.81634878])
