/home3/jxiong7/IGCexpansion/IGCexpansion/CodonGeneconv.py:277: FutureWarning: comparison to `None` will result in an elementwise object comparison in the future.
  if not x == None:
number of sites to be analyzed:  198
Successfully loaded parameter value from ./test/save/MG94_YER102W_YBL072C_nonclock_save.txt
log likelihood =  -2058.95626382
Edge derivatives =  [-0.00010951599029782044, 0.0037190138894263314, -0.003800566349558332, -0.001361626695932594, -0.0023099963191419368, -4.949002382026446e-05, -0.005283274426691235, 0.0008091125626808471, 0.0013701027269480207, -0.005721141449793875, 0.006343756749389081, -0.0010287074583162359]
other derivatives: [-0.01632543  0.00209184  0.00059117  0.00104592 -0.00027285  0.00154614]
Current x array =  [-0.69721953 -0.5298759  -0.85419929  1.96383199 -1.66421604  1.58248707
 -2.96046738 -1.69917817 -2.40461246 -1.61098351 -3.64463559 -2.64044464
 -4.05039818 -2.48069985 -3.49075729 -3.50710225 -4.54141264 -3.59062602]
log likelihood =  -2059.06765416
Edge derivatives =  [0.04184680958615561, 0.028915190361149368, 0.14465871148106688, 0.24284319806214982, 0.044102711750224725, 0.07996490830554186, 0.04460754217666588, 0.07323108738043091, 0.01828373260783832, 0.09516186991714524, -0.015275777551473572, 0.03321664080372191]
other derivatives: [ 13.21241143  -1.68756742  -0.4292815   -0.20791049   0.22923814
  -0.05002221]
Current x array =  [-0.71354496 -0.52778407 -0.85360812  1.9648779  -1.66448889  1.58403321
 -2.9605769  -1.69545916 -2.40841303 -1.61234514 -3.64694558 -2.64049413
 -4.05568146 -2.47989074 -3.48938719 -3.51282339 -4.53506888 -3.59165472]
log likelihood =  -2058.95626344
Edge derivatives =  [-3.816578040503893e-05, 0.0037573484398761847, -0.0035327043656299684, -0.0009222889548593793, -0.0022264387702432137, 9.211304495748696e-05, -0.005193028160766954, 0.0009369875818283635, 0.0013978862912327542, -0.005538082665732469, 0.006302827378151257, -0.0009682689597024507]
other derivatives: [  8.36735126e-03  -1.00044417e-03  -2.27373675e-04   6.36646291e-04
   9.09494702e-05   1.45519152e-03]
Current x array =  [-0.69724937 -0.52987208 -0.85419821  1.9638339  -1.66421654  1.5824899
 -2.96046759 -1.69917137 -2.40461941 -1.610986   -3.64463981 -2.64044473
 -4.05040784 -2.48069837 -3.49075478 -3.50711271 -4.54140104 -3.5906279 ]
      fun: 2058.9562634431495
 hess_inv: <18x18 LbfgsInvHessProduct with dtype=float64>
      jac: array([ -8.36735126e-03,   1.00044417e-03,   2.27373675e-04,
        -6.36646291e-04,  -9.09494702e-05,  -1.45519152e-03,
         3.81657804e-05,  -3.75734844e-03,   3.53270437e-03,
         9.22288955e-04,   2.22643877e-03,  -9.21130450e-05,
         5.19302816e-03,  -9.36987582e-04,  -1.39788629e-03,
         5.53808267e-03,  -6.30282738e-03,   9.68268960e-04])
  message: 'CONVERGENCE: REL_REDUCTION_OF_F_<=_FACTR*EPSMCH'
     nfev: 3
      nit: 1
   status: 0
  success: True
        x: array([-0.69724937, -0.52987208, -0.85419821,  1.9638339 , -1.66421654,
        1.5824899 , -2.96046759, -1.69917137, -2.40461941, -1.610986  ,
       -3.64463981, -2.64044473, -4.05040784, -2.48069837, -3.49075478,
       -3.50711271, -4.54140104, -3.5906279 ])
number of sites to be analyzed:  198
Successfully loaded parameter value from ./test/save/MG94_Force_YER102W_YBL072C_nonclock_save.txt
log likelihood =  -2196.65841102
Edge derivatives =  [-8.085205272409572e-05, 0.001269767273425565, -0.002665059320640012, 0.0010357611625868568, 0.0035932639774002434, -0.0036224104327340634, 0.004341532735292426, 0.0003374870378589634, -0.004092932432627219, 0.005974929362026482, 0.006537604945627523, 0.0023880976776826657]
other derivatives: [ 0.02351044 -0.00327418 -0.00354703  0.00136424 -0.0003638   0.        ]
Current x array =  [ -0.72346858  -0.51994296  -0.8731788    1.75537099  -2.0064586
   0.33647224 -12.75888532  -1.3976418   -2.54224643  -1.42200323
  -3.21692651  -2.23282502  -3.9265028   -1.94188396  -3.4280388
  -2.88982596  -4.48551313  -3.31938053]
log likelihood =  -2196.91365025
Edge derivatives =  [-8.291239701879499e-05, -0.22776845156528652, -0.14545301100314623, -0.374334830578964, -0.07655238366962137, -0.07346223443371211, -0.054734449707534855, -0.28583644924599944, -0.03681581179917397, -0.18172643058012933, -0.03964866929818033, -0.09058943631526047]
other derivatives: [-21.24079401   2.9182047    1.83385964   0.52073119  -0.33242031   0.        ]
Current x array =  [ -0.69995814  -0.52321714  -0.87672583   1.75673523  -2.0068224
   0.33647224 -12.75896617  -1.39637203  -2.54491149  -1.42096746
  -3.21333324  -2.23644743  -3.92216126  -1.94154647  -3.43213173
  -2.88385103  -4.47897553  -3.31699244]
log likelihood =  -2196.65841048
Edge derivatives =  [-8.085641435581248e-05, 0.000922176984611528, -0.002881480496892297, 0.00046297731549793664, 0.003472130923559552, -0.0037380408244695185, 0.00425335232863653, -9.48601677355776e-05, -0.004145444508673379, 0.005697328071095964, 0.0064694359160308405, 0.002248756570875088]
other derivatives: [-0.00636646  0.00090949 -0.00090949  0.00209184 -0.00086402  0.        ]
Current x array =  [ -0.72343452  -0.5199477   -0.87318394   1.75537297  -2.00645913
   0.33647224 -12.75888544  -1.39763996  -2.5422503   -1.42200173
  -3.2169213   -2.23283027  -3.92649651  -1.94188347  -3.42804473
  -2.8898173   -4.48550366  -3.31937707]
      fun: 2196.658410481933
 hess_inv: <18x18 LbfgsInvHessProduct with dtype=float64>
      jac: array([  6.36646291e-03,  -9.09494702e-04,   9.09494702e-04,
        -2.09183781e-03,   8.64019967e-04,  -0.00000000e+00,
         8.08564144e-05,  -9.22176985e-04,   2.88148050e-03,
        -4.62977315e-04,  -3.47213092e-03,   3.73804082e-03,
        -4.25335233e-03,   9.48601677e-05,   4.14544451e-03,
        -5.69732807e-03,  -6.46943592e-03,  -2.24875657e-03])
  message: 'CONVERGENCE: REL_REDUCTION_OF_F_<=_FACTR*EPSMCH'
     nfev: 3
      nit: 1
   status: 0
  success: True
        x: array([ -0.72343452,  -0.5199477 ,  -0.87318394,   1.75537297,
        -2.00645913,   0.33647224, -12.75888544,  -1.39763996,
        -2.5422503 ,  -1.42200173,  -3.2169213 ,  -2.23283027,
        -3.92649651,  -1.94188347,  -3.42804473,  -2.8898173 ,
        -4.48550366,  -3.31937707])
