/home3/jxiong7/IGCexpansion/IGCexpansion/CodonGeneconv.py:277: FutureWarning: comparison to `None` will result in an elementwise object comparison in the future.
  if not x == None:
number of sites to be analyzed:  310
Successfully loaded parameter value from ./test/save/MG94_ERa_ERb_nonclock_save.txt
log likelihood =  -13588.2964556
Edge derivatives =  [-0.005643403406858122, -0.0036703772945419766, 0.009610966689546085, -0.00854160539730242, -0.007953620273436046, 0.009504555410913829, 0.0071820545008085546, 0.007819977924303445, -0.01351899017548297, -0.005037793915947452, -0.008421581237368247, -0.0009538842266742509, 0.01776611820879137, -0.0019328090243537766, -0.007218658440351161, -0.012969404296431036, -0.0006423153342423049, -0.008219659540883217, -0.01664639463473829, 0.00561125673759548, 0.017923292412361902, 0.02000097109525023, -0.008649108153477636, -0.004664039880570847, 0.001925681754462616, 0.0015306002669843999, -0.004680465420465296, 0.0039161052499891436, 0.004952389461112504, 0.002310652696582191]
other derivatives: [ 0.0338332  -0.00327418  0.06548362 -0.02783054  0.00181899  0.00927685]
Current x array =  [-0.69193006 -0.83561027 -0.52409252  0.64524612 -2.57474118 -1.28056375
 -0.21333991  1.68716041 -0.23478083 -0.44932475 -1.35370059 -1.82418379
 -0.41031698 -1.57799791 -0.76889334 -1.66612628 -0.70066016 -1.59512851
 -1.17758008 -0.82314241 -1.94004749 -5.87812778 -1.05816425 -0.84622857
 -4.00200347 -2.97442252 -2.62856583 -3.49578087 -1.15901058 -0.74297306
 -2.06405929 -2.45854381 -1.14331506 -1.9215555  -4.07837287 -2.77153724]
log likelihood =  -13600.5927297
Edge derivatives =  [-1.3797803474875252, -3.069843489328191, -1.4885220518071924, -0.7950256011769257, 0.6025448965690967, 0.028447074023819574, -3.650724752462933, -0.8981581306894125, 3.0490224833491233, 1.07877453021784, 2.4156610324153465, -0.0524525797753167, -1.896246114944096, -0.7135564549973497, 1.035203514318467, -0.0004576844975670846, -0.32529809687304967, 0.09011735794584441, 0.020506928884871663, -0.1322875547255173, -0.2637195887252153, -0.12267705663512493, 0.9487230862946963, 2.1441947232013505, 0.01838568949915831, 0.02115240778275798, 0.41822205131637524, -0.10150796220279973, 0.009581978843239844, 0.1929519246635236]
other derivatives: [-149.52693164   -0.71468094 -297.41349863   26.03519533  -17.08376658
   -1.97069312]
Current x array =  [-0.65809686 -0.83888445 -0.45860891  0.61741558 -2.57292219 -1.2712869
 -0.21898332  1.68349003 -0.22516986 -0.45786635 -1.36165421 -1.81467923
 -0.40313492 -1.57017794 -0.78241233 -1.67116407 -0.70908175 -1.5960824
 -1.15981396 -0.82507521 -1.94726614 -5.89109718 -1.05880657 -0.85444823
 -4.01864986 -2.96881126 -2.61064254 -3.4757799  -1.16765968 -0.7476371
 -2.06213361 -2.45701321 -1.14799553 -1.91763939 -4.07342048 -2.76922659]
log likelihood =  -13588.2964546
Edge derivatives =  [-0.0061041244398420125, -0.004722713106149523, 0.009170745765767041, -0.008741159819785849, -0.00766765975289152, 0.009558195765728028, 0.005962619189893603, 0.0075249247155820265, -0.012281989967255047, -0.004585720892553966, -0.007459711731453211, -0.0009117064263962638, 0.017123111934246094, -0.002109823863657656, -0.006824989865270317, -0.012963906579988888, -0.0007003617952581198, -0.008083428430508022, -0.016632427469014548, 0.005574816672855934, 0.01782956039888145, 0.01995501619180079, -0.008221144048063067, -0.0037720309521125372, 0.0019608788188476556, 0.0015494232302981914, -0.004457496889104462, 0.0038986591304457363, 0.004956700060404912, 0.0023969135447757667]
other derivatives: [-0.01964509 -0.00272848 -0.0687578  -0.00145519  0.          0.00836735]
Current x array =  [-0.6919174  -0.83561149 -0.52406802  0.64523571 -2.5747405  -1.28056028
 -0.21334202  1.68715904 -0.23477723 -0.44932794 -1.35370356 -1.82418023
 -0.41031429 -1.57799499 -0.7688984  -1.66612817 -0.70066331 -1.59512887
 -1.17757343 -0.82314313 -1.94005019 -5.87813263 -1.05816449 -0.84623164
 -4.0020097  -2.97442042 -2.62855912 -3.49577339 -1.15901381 -0.7429748
 -2.06405857 -2.45854324 -1.14331681 -1.92155403 -4.07837102 -2.77153638]
      fun: 13588.296454627958
 hess_inv: <36x36 LbfgsInvHessProduct with dtype=float64>
      jac: array([ 0.01964509,  0.00272848,  0.0687578 ,  0.00145519, -0.        ,
       -0.00836735,  0.00610412,  0.00472271, -0.00917075,  0.00874116,
        0.00766766, -0.0095582 , -0.00596262, -0.00752492,  0.01228199,
        0.00458572,  0.00745971,  0.00091171, -0.01712311,  0.00210982,
        0.00682499,  0.01296391,  0.00070036,  0.00808343,  0.01663243,
       -0.00557482, -0.01782956, -0.01995502,  0.00822114,  0.00377203,
       -0.00196088, -0.00154942,  0.0044575 , -0.00389866, -0.0049567 ,
       -0.00239691])
  message: 'CONVERGENCE: REL_REDUCTION_OF_F_<=_FACTR*EPSMCH'
     nfev: 3
      nit: 1
   status: 0
  success: True
        x: array([-0.6919174 , -0.83561149, -0.52406802,  0.64523571, -2.5747405 ,
       -1.28056028, -0.21334202,  1.68715904, -0.23477723, -0.44932794,
       -1.35370356, -1.82418023, -0.41031429, -1.57799499, -0.7688984 ,
       -1.66612817, -0.70066331, -1.59512887, -1.17757343, -0.82314313,
       -1.94005019, -5.87813263, -1.05816449, -0.84623164, -4.0020097 ,
       -2.97442042, -2.62855912, -3.49577339, -1.15901381, -0.7429748 ,
       -2.06405857, -2.45854324, -1.14331681, -1.92155403, -4.07837102,
       -2.77153638])
number of sites to be analyzed:  310
Successfully loaded parameter value from ./test/save/MG94_Force_ERa_ERb_nonclock_save.txt
log likelihood =  -13701.1144585
Edge derivatives =  [-0.0049278981011293245, 0.013795259965832224, -0.04796693292277454, -0.009171061947048309, -0.006759427674123852, -0.014463637562272313, 0.04362791774589758, -0.005648401523309365, 0.005885935866945857, -0.009139491314503256, 0.012583698400948418, 0.008741504256780885, 0.005018067328138809, 0.04408361428644092, 0.004325524883689202, -0.018351670806025455, 0.011138202478212511, 0.014828293012322902, -0.03286511127627847, 0.007561248726357328, -0.007199175405712299, 0.03326371097008274, -0.003556696541871851, 0.03603166484468101, 0.0014040444406151487, -0.0004603191322714306, -0.005727892362325182, 0.0005121222169021111, 0.016143859954221018, 0.011960060958694396]
other derivatives: [ 0.08294592  0.04802132  0.02346496 -0.05911716 -0.02146407  0.        ]
Current x array =  [-0.69817424 -0.84327465 -0.5133313   0.60888806 -2.59538896  0.33647224
 -0.58912954  1.73083043 -0.23926722 -0.44060421 -1.32889693 -1.6794814
 -0.33096872 -1.46954425 -0.72780267 -1.72586466 -0.61378378 -1.5465973
 -1.02210657 -0.74394105 -1.61490155 -5.51735829 -0.91534138 -0.76475623
 -3.9424273  -2.84402558 -2.54380969 -3.36345152 -0.9848501  -0.73517838
 -1.94500457 -2.3881807  -1.04163459 -1.79580006 -3.94685402 -2.69435271]
log likelihood =  -13723.2199587
Edge derivatives =  [-1.0434842599918441, -3.13005379199291, 1.1881693424512383, -0.5835514715730717, -1.4559845432567728, -1.1016393852374382, -4.885925734128698, -1.8895564661280657, -2.4176769971826317, -0.27169423820064026, -3.220447132926394, -1.6766670245488995, -2.8501480230319283, -6.04246091035286, -2.0248473820707553, -0.07268482588510222, -3.0973868295002385, -3.965318936579576, -0.011204557827838586, -0.13026967327943892, -0.6435541441375934, -0.2829835024915616, -2.431970689406969, -6.467618628567974, -0.8464638498542969, -0.4098381774700174, -1.0824017924977607, -0.6298470763958841, -0.3986985100753236, -0.5898323618350761]
other derivatives: [-406.20780055 -125.76783774 -134.48170648   41.14208423   -6.540904      0.        ]
Current x array =  [-0.61522832 -0.79525333 -0.48986634  0.54977091 -2.61685304  0.33647224
 -0.59405744  1.74462569 -0.28723416 -0.44977528 -1.33565636 -1.69394504
 -0.2873408  -1.47519265 -0.72191674 -1.73500415 -0.60120008 -1.53785579
 -1.01708851 -0.69985743 -1.61057602 -5.53570996 -0.90420317 -0.74992794
 -3.97529241 -2.83646433 -2.55100887 -3.33018781 -0.98840679 -0.69914671
 -1.94360053 -2.38864102 -1.04736248 -1.79528794 -3.93071016 -2.68239265]
log likelihood =  -13701.1144502
Edge derivatives =  [-0.005415229378804648, 0.012010855241190721, -0.04703149327190559, -0.00938747712701471, -0.007564986623816772, -0.015067988140239907, 0.0406486649547233, -0.0068364356569102225, 0.004528382908800976, -0.009224138971694884, 0.01063805366276993, 0.0077637637581287056, 0.0032374833680783865, 0.04050437819556718, 0.003090310730045509, -0.018384237470795095, 0.009249982764429676, 0.012484812575565806, -0.03285527569406824, 0.007486369120529329, -0.007583192107235709, 0.03308246814743379, -0.004975986313419556, 0.032323106223723475, 0.0009233893367244228, -0.0006872224505479751, -0.006335540810334939, 0.00014875252640134118, 0.015896206907749122, 0.011634363049550789]
other derivatives: [-0.05893526 -0.00491127  0.0178261   0.00345608 -0.02655725  0.        ]
Current x array =  [-0.69812412 -0.84324563 -0.51331712  0.60885234 -2.59540193  0.33647224
 -0.58913252  1.73083876 -0.23929621 -0.44060975 -1.32890102 -1.67949014
 -0.33094236 -1.46954766 -0.72779911 -1.72587018 -0.61377618 -1.54659201
 -1.02210354 -0.74391441 -1.61489894 -5.51736938 -0.91533465 -0.76474727
 -3.94244716 -2.84402101 -2.54381404 -3.36343142 -0.98485224 -0.7351566
 -1.94500372 -2.38818097 -1.04163805 -1.79579975 -3.94684427 -2.69434548]
      fun: 13701.11445018472
 hess_inv: <36x36 LbfgsInvHessProduct with dtype=float64>
      jac: array([ 0.05893526,  0.00491127, -0.0178261 , -0.00345608,  0.02655725,
       -0.        ,  0.00541523, -0.01201086,  0.04703149,  0.00938748,
        0.00756499,  0.01506799, -0.04064866,  0.00683644, -0.00452838,
        0.00922414, -0.01063805, -0.00776376, -0.00323748, -0.04050438,
       -0.00309031,  0.01838424, -0.00924998, -0.01248481,  0.03285528,
       -0.00748637,  0.00758319, -0.03308247,  0.00497599, -0.03232311,
       -0.00092339,  0.00068722,  0.00633554, -0.00014875, -0.01589621,
       -0.01163436])
  message: 'CONVERGENCE: REL_REDUCTION_OF_F_<=_FACTR*EPSMCH'
     nfev: 3
      nit: 1
   status: 0
  success: True
        x: array([-0.69812412, -0.84324563, -0.51331712,  0.60885234, -2.59540193,
        0.33647224, -0.58913252,  1.73083876, -0.23929621, -0.44060975,
       -1.32890102, -1.67949014, -0.33094236, -1.46954766, -0.72779911,
       -1.72587018, -0.61377618, -1.54659201, -1.02210354, -0.74391441,
       -1.61489894, -5.51736938, -0.91533465, -0.76474727, -3.94244716,
       -2.84402101, -2.54381404, -3.36343142, -0.98485224, -0.7351566 ,
       -1.94500372, -2.38818097, -1.04163805, -1.79579975, -3.94684427,
       -2.69434548])
