/home3/jxiong7/IGCexpansion/IGCexpansion/CodonGeneconv.py:276: FutureWarning: comparison to `None` will result in an elementwise object comparison in the future.
  if not x == None:
number of sites to be analyzed:  118
Successfully loaded parameter value from ./test/save/MG94_YER131W_YGL189C_nonclock_save.txt
log likelihood =  -1205.18473449
Edge derivatives =  [-0.0008637374601246639, -0.0024971048370720506, 0.00293610127086541, 0.004449469760143765, -0.004857258815128301, 0.0006618316534192231, -0.0021687918849236654, -0.00068681284324007, 0.002158317088693358, -0.001594609386539908, -0.0022138028386523845, 0.0005794989901196784]
other derivatives: [  1.32104105e-02   1.31876732e-03   6.82121026e-05  -5.00222086e-04
   3.09228199e-03  -2.97859515e-03]
Current x array =  [-0.67035254 -0.44091112 -0.70874254  1.88823167 -2.90534889  0.30602464
 -3.11571291 -2.17111462 -2.01501559 -1.70715909 -3.35025547 -2.83682888
 -3.36280498 -3.08217902 -4.55401956 -2.74946436 -2.94788327 -3.22913278]
log likelihood =  -1205.23280229
Edge derivatives =  [-0.03522959773455312, -0.03482154166228951, -0.12061967372797738, -0.18371443366593243, -0.009301174516372024, -0.016490297590621733, -0.004179220526512581, -0.010681856398269421, -0.0003691448864306529, -0.0021024759212077415, 0.0055599394338317065, -0.022913158748129825]
other derivatives: [ -7.15776878e+00  -4.76256901e-01   1.13686838e-03   1.69120540e-01
  -1.31672095e-01   1.10208020e-01]
Current x array =  [-0.65714213 -0.43959235 -0.70867433  1.88773145 -2.90225661  0.30304605
 -3.11657665 -2.17361173 -2.01207949 -1.70270962 -3.35511273 -2.83616705
 -3.36497378 -3.08286583 -4.55186124 -2.75105896 -2.95009708 -3.22855328]
log likelihood =  -1205.1847341
Edge derivatives =  [-0.0009645326916983971, -0.002590782632025626, 0.0025821746394932565, 0.003911948404093257, -0.0048718897261831595, 0.0006108722923418575, -0.002176215653914959, -0.000717549333448253, 0.0021505667811762587, -0.0015989446907459792, -0.002194947242413564, 0.0005116158257725267]
other derivatives: [ -6.63931132e-03   4.54747351e-05   9.09494702e-05   6.82121026e-05
   2.75122147e-03  -2.59205990e-03]
Current x array =  [-0.67031513 -0.44090738 -0.70874235  1.88823025 -2.90534013  0.30601621
 -3.11571536 -2.17112169 -2.01500728 -1.70714649 -3.35026923 -2.836827
 -3.36281113 -3.08218096 -4.55401345 -2.74946887 -2.94788954 -3.22913114]
      fun: 1205.1847340988022
 hess_inv: <18x18 LbfgsInvHessProduct with dtype=float64>
      jac: array([  6.63931132e-03,  -4.54747351e-05,  -9.09494702e-05,
        -6.82121026e-05,  -2.75122147e-03,   2.59205990e-03,
         9.64532692e-04,   2.59078263e-03,  -2.58217464e-03,
        -3.91194840e-03,   4.87188973e-03,  -6.10872292e-04,
         2.17621565e-03,   7.17549333e-04,  -2.15056678e-03,
         1.59894469e-03,   2.19494724e-03,  -5.11615826e-04])
  message: 'CONVERGENCE: REL_REDUCTION_OF_F_<=_FACTR*EPSMCH'
     nfev: 3
      nit: 1
   status: 0
  success: True
        x: array([-0.67031513, -0.44090738, -0.70874235,  1.88823025, -2.90534013,
        0.30601621, -3.11571536, -2.17112169, -2.01500728, -1.70714649,
       -3.35026923, -2.836827  , -3.36281113, -3.08218096, -4.55401345,
       -2.74946887, -2.94788954, -3.22913114])
number of sites to be analyzed:  118
Successfully loaded parameter value from ./test/save/MG94_Force_YER131W_YGL189C_nonclock_save.txt
log likelihood =  -1220.87720251
Edge derivatives =  [0.00019412745885074266, 0.0012036792426498022, 0.0013078819371507566, 0.0015656317656629337, 0.00038348316287994955, -0.0011482973230381444, 0.0013498400394441057, -0.0037658032754308846, 0.0026782239378869005, 0.0017871274310414242, -0.002069933351967146, -0.005460442928772777]
other derivatives: [-0.00147793 -0.00147793 -0.00179625 -0.00147793 -0.00102318  0.        ]
Current x array =  [-0.68640842 -0.43639223 -0.70745612  1.95935424 -3.03455349  0.33647224
 -5.79122418 -1.78081013 -2.08741353 -1.54187863 -3.03720581 -2.71588644
 -3.19561853 -2.86148201 -4.23880486 -2.46429952 -2.74154725 -2.81616875]
log likelihood =  -1220.87901891
Edge derivatives =  [-0.0005459687151765013, -0.0012186231831811944, -0.010222250527834265, -0.03062694722486692, 0.01254451082933275, 0.016280309931870962, 0.0016987832937689351, 0.04131346006839863, 0.00011375145111258006, -0.01867032988652323, 0.03304048224221015, 0.06326804892119031]
other derivatives: [ 0.76433935  0.69289854  0.47396043  0.00275122  0.02032721  0.        ]
Current x array =  [-0.68788635 -0.43787016 -0.70925237  1.95787631 -3.03557667  0.33647224
 -5.79103006 -1.77960646 -2.08610565 -1.540313   -3.03682233 -2.71703474
 -3.19426869 -2.86524781 -4.23612664 -2.46251239 -2.74361719 -2.82162919]
log likelihood =  -1220.87720171
Edge derivatives =  [0.00017886842399628296, 0.0011546477666963817, 0.0010715652262204833, 0.0009041114446062259, 0.0006351932367971713, -0.0007871395473115772, 0.0013575525481472894, -0.002832199962413115, 0.0026257618433329424, 0.0013663137083007315, -0.0013438832514875432, -0.004036675143530677]
other derivatives: [ 0.01443823  0.0129603   0.00811724 -0.00131877 -0.00052296  0.        ]
Current x array =  [-0.68643893 -0.43642274 -0.7074932   1.95932372 -3.03457461  0.33647224
 -5.79122018 -1.78078528 -2.08738653 -1.54184631 -3.0371979  -2.71591015
 -3.19559066 -2.86155975 -4.23874957 -2.46426262 -2.74158999 -2.81628148]
      fun: 1220.8772017060503
 hess_inv: <18x18 LbfgsInvHessProduct with dtype=float64>
      jac: array([-0.01443823, -0.0129603 , -0.00811724,  0.00131877,  0.00052296,
       -0.        , -0.00017887, -0.00115465, -0.00107157, -0.00090411,
       -0.00063519,  0.00078714, -0.00135755,  0.0028322 , -0.00262576,
       -0.00136631,  0.00134388,  0.00403668])
  message: 'CONVERGENCE: REL_REDUCTION_OF_F_<=_FACTR*EPSMCH'
     nfev: 3
      nit: 1
   status: 0
  success: True
        x: array([-0.68643893, -0.43642274, -0.7074932 ,  1.95932372, -3.03457461,
        0.33647224, -5.79122018, -1.78078528, -2.08738653, -1.54184631,
       -3.0371979 , -2.71591015, -3.19559066, -2.86155975, -4.23874957,
       -2.46426262, -2.74158999, -2.81628148])
