/home3/jxiong7/IGCexpansion/IGCexpansion/CodonGeneconv.py:277: FutureWarning: comparison to `None` will result in an elementwise object comparison in the future.
  if not x == None:
number of sites to be analyzed:  163
Successfully loaded parameter value from ./test/save/MG94_YDR418W_YEL054C_nonclock_save.txt
log likelihood =  -1739.17627338
Edge derivatives =  [-7.907510994095007e-05, -0.0015671881654802378, 5.9339945215536316e-05, -0.00024160934267236645, -0.003146395940773046, -0.0009835107024894693, -0.004325674782084399, -0.0008610840791079544, 0.0032235118072589386, 0.002349804899573371, 0.00030938659191000195, 0.0013095862658212866]
other derivatives: [ 0.0063892  -0.00034106 -0.0003638   0.00070486  0.00015916 -0.00138698]
Current x array =  [-0.72256151 -0.48684306 -0.89815931  2.12863654 -2.57461221  0.34348091
 -3.9276833  -1.53383507 -1.56395521 -1.76194416 -3.65964991 -3.62677924
 -3.43779615 -2.46098437 -3.69247084 -2.87083689 -2.84518012 -3.82130786]
log likelihood =  -1739.19020567
Edge derivatives =  [-0.0008476947426273411, -0.015445709477385161, -0.08386035775591194, -0.05070703273509458, 0.004429557690480326, 0.011310660661544486, 0.0182650016305577, 0.011150703501597678, -0.019070452360816947, -0.05888624420534043, -0.02138544012593581, -0.018603331390244116]
other derivatives: [-4.31136868  0.24774636  0.2043862   0.09156338 -0.06348273  0.05588845]
Current x array =  [-0.71617231 -0.48718412 -0.89852311  2.1293414  -2.57445305  0.34209393
 -3.92776237 -1.53540225 -1.56389587 -1.76218576 -3.66279631 -3.62776275
 -3.44212183 -2.46184546 -3.68924732 -2.86848709 -2.84487074 -3.81999827]
log likelihood =  -1739.17627323
Edge derivatives =  [-8.233851468068473e-05, -0.001615868102196799, -0.00022559912510622393, -0.00041398720278390533, -0.0031211967973713423, -0.0009427324986970437, -0.004250139442270491, -0.0008223159244788031, 0.0031480711842256787, 0.0021430953731920582, 0.00023525959931526563, 0.001242210592419215]
other derivatives: [ -8.00355338e-03   5.00222086e-04   3.18323146e-04   1.02318154e-03
  -6.82121026e-05  -1.22781785e-03]
Current x array =  [-0.72254001 -0.48684421 -0.89816054  2.12863891 -2.57461167  0.34347624
 -3.92768356 -1.53384034 -1.56395501 -1.76194497 -3.65966049 -3.62678255
 -3.4378107  -2.46098727 -3.69245999 -2.87082899 -2.84517908 -3.82130345]
      fun: 1739.1762732252423
 hess_inv: <18x18 LbfgsInvHessProduct with dtype=float64>
      jac: array([  8.00355338e-03,  -5.00222086e-04,  -3.18323146e-04,
        -1.02318154e-03,   6.82121026e-05,   1.22781785e-03,
         8.23385147e-05,   1.61586810e-03,   2.25599125e-04,
         4.13987203e-04,   3.12119680e-03,   9.42732499e-04,
         4.25013944e-03,   8.22315924e-04,  -3.14807118e-03,
        -2.14309537e-03,  -2.35259599e-04,  -1.24221059e-03])
  message: 'CONVERGENCE: REL_REDUCTION_OF_F_<=_FACTR*EPSMCH'
     nfev: 3
      nit: 1
   status: 0
  success: True
        x: array([-0.72254001, -0.48684421, -0.89816054,  2.12863891, -2.57461167,
        0.34347624, -3.92768356, -1.53384034, -1.56395501, -1.76194497,
       -3.65966049, -3.62678255, -3.4378107 , -2.46098727, -3.69245999,
       -2.87082899, -2.84517908, -3.82130345])
number of sites to be analyzed:  163
Successfully loaded parameter value from ./test/save/MG94_Force_YDR418W_YEL054C_nonclock_save.txt
log likelihood =  -1771.21643212
Edge derivatives =  [-0.0038998795832345615, -0.002247767135322737, -0.003252225093417549, -0.002147876358413653, -0.001879246568632871, 0.010090225603016353, -0.0025653956953722856, -0.0001334880852306708, 0.0040837386345737095, -0.0016730258900210376, -0.0008283041180784795, -0.0033125181633731904]
other derivatives: [ 0.0176442   0.00050022 -0.00100044 -0.00513865  0.00168257  0.        ]
Current x array =  [-0.73390299 -0.47808118 -0.91122498  2.03845396 -2.72238674  0.33647224
 -4.87149303 -1.49462333 -1.60181192 -1.68767642 -3.72032557 -3.01456501
 -3.3073724  -2.2278124  -3.41738017 -2.58037987 -2.60618606 -3.47952989]
log likelihood =  -1771.33066839
Edge derivatives =  [0.0020564236019105977, -0.11178649173508312, -0.1739545245276981, -0.13416320604296333, -0.0503957187456449, -0.14582653263693207, -0.05315658105292029, -0.11789191076145081, -0.05418111821533327, -0.0697627334921657, -0.07147614227238137, -0.023583632078504876]
other derivatives: [-12.84981863  -0.11837074   0.69940143   0.56463705  -0.22844233   0.        ]
Current x array =  [-0.71625879 -0.47758096 -0.91222542  2.03331532 -2.72070417  0.33647224
 -4.87539291 -1.4968711  -1.60506414 -1.6898243  -3.72220482 -3.00447478
 -3.3099378  -2.22794588 -3.41329643 -2.5820529  -2.60701437 -3.48284241]
log likelihood =  -1771.21643152
Edge derivatives =  [-0.0038878793213302787, -0.0025067579146884345, -0.003657737305695019, -0.002464584213810378, -0.0019925165532621997, 0.00973291635663319, -0.0026842564864166807, -0.0004116515862824799, 0.0039480585307841085, -0.0018351030046471484, -0.000996096284861664, -0.003361871295643505]
other derivatives: [-0.01100489  0.00027285  0.00063665 -0.00384262  0.00118234  0.        ]
Current x array =  [-0.73386265 -0.47808004 -0.91122727  2.03844222 -2.72238289  0.33647224
 -4.87150194 -1.49462847 -1.60181935 -1.68768133 -3.72032987 -3.01454195
 -3.30737827 -2.2278127  -3.41737083 -2.5803837  -2.60618796 -3.47953746]
      fun: 1771.2164315204668
 hess_inv: <18x18 LbfgsInvHessProduct with dtype=float64>
      jac: array([ 0.01100489, -0.00027285, -0.00063665,  0.00384262, -0.00118234,
       -0.        ,  0.00388788,  0.00250676,  0.00365774,  0.00246458,
        0.00199252, -0.00973292,  0.00268426,  0.00041165, -0.00394806,
        0.0018351 ,  0.0009961 ,  0.00336187])
  message: 'CONVERGENCE: REL_REDUCTION_OF_F_<=_FACTR*EPSMCH'
     nfev: 3
      nit: 1
   status: 0
  success: True
        x: array([-0.73386265, -0.47808004, -0.91122727,  2.03844222, -2.72238289,
        0.33647224, -4.87150194, -1.49462847, -1.60181935, -1.68768133,
       -3.72032987, -3.01454195, -3.30737827, -2.2278127 , -3.41737083,
       -2.5803837 , -2.60618796, -3.47953746])
