/home3/jxiong7/IGCexpansion/IGCexpansion/CodonGeneconv.py:277: FutureWarning: comparison to `None` will result in an elementwise object comparison in the future.
  if not x == None:
number of sites to be analyzed:  163
Successfully loaded parameter value from ./test/save/MG94_YDR418W_YEL054C_nonclock_save.txt
log likelihood =  -1739.17627355
Edge derivatives =  [-9.174639960912029e-05, -0.0018396636164171587, -0.00024043571058979252, -0.0005343378853066294, -0.0032607707937304248, -0.0010703430884876283, -0.004458273308985593, -0.0010801613695572143, 0.003252614877705326, 0.0023350068232553256, 0.0002476337548762142, 0.0012778176141686332]
other derivatives: [ -8.52651283e-03   5.45696821e-04   3.63797881e-04   1.18234311e-03
  -9.09494702e-05  -1.45519152e-03]
Current x array =  [-0.72253949 -0.48684447 -0.89816025  2.12863348 -2.57461197  0.34348466
 -3.92768306 -1.53383032 -1.56395459 -1.76194278 -3.65964149 -3.62677648
 -3.43778464 -2.46098159 -3.69247923 -2.87084292 -2.84518076 -3.82131116]
log likelihood =  -1739.20131508
Edge derivatives =  [0.005154295043292213, 0.104480141554705, 0.1171940003122143, 0.11411588238314596, 0.04110274233138084, 0.0328379229148601, 0.04700123380549872, 0.08450676631652651, -0.00768528517083783, 0.008610763775038194, 0.024748613406830697, 0.01382230150443655]
other derivatives: [ 5.71785677 -0.33251126 -0.27382612 -0.1753051   0.0972932   0.03205969]
Current x array =  [-0.731066   -0.48629878 -0.89779645  2.12981583 -2.57470292  0.34202947
 -3.92777481 -1.53566998 -1.56419503 -1.76247711 -3.66290226 -3.62784682
 -3.44224291 -2.46206175 -3.68922662 -2.86850792 -2.84493313 -3.82003334]
log likelihood =  -1739.17627338
Edge derivatives =  [-7.907510994095007e-05, -0.0015671881654802378, 5.9339945215536316e-05, -0.00024160934267236645, -0.003146395940773046, -0.0009835107024894693, -0.004325674782084399, -0.0008610840791079544, 0.0032235118072589386, 0.002349804899573371, 0.00030938659191000195, 0.0013095862658212866]
other derivatives: [ 0.0063892  -0.00034106 -0.0003638   0.00070486  0.00015916 -0.00138698]
Current x array =  [-0.72256151 -0.48684306 -0.89815931  2.12863654 -2.57461221  0.34348091
 -3.9276833  -1.53383507 -1.56395521 -1.76194416 -3.65964991 -3.62677924
 -3.43779615 -2.46098437 -3.69247084 -2.87083689 -2.84518012 -3.82130786]
      fun: 1739.1762733844814
 hess_inv: <18x18 LbfgsInvHessProduct with dtype=float64>
      jac: array([ -6.38920028e-03,   3.41060513e-04,   3.63797881e-04,
        -7.04858394e-04,  -1.59161573e-04,   1.38697942e-03,
         7.90751099e-05,   1.56718817e-03,  -5.93399452e-05,
         2.41609343e-04,   3.14639594e-03,   9.83510702e-04,
         4.32567478e-03,   8.61084079e-04,  -3.22351181e-03,
        -2.34980490e-03,  -3.09386592e-04,  -1.30958627e-03])
  message: 'CONVERGENCE: REL_REDUCTION_OF_F_<=_FACTR*EPSMCH'
     nfev: 3
      nit: 1
   status: 0
  success: True
        x: array([-0.72256151, -0.48684306, -0.89815931,  2.12863654, -2.57461221,
        0.34348091, -3.9276833 , -1.53383507, -1.56395521, -1.76194416,
       -3.65964991, -3.62677924, -3.43779615, -2.46098437, -3.69247084,
       -2.87083689, -2.84518012, -3.82130786])
number of sites to be analyzed:  163
Successfully loaded parameter value from ./test/save/MG94_Force_YDR418W_YEL054C_nonclock_save.txt
log likelihood =  -1771.21643277
Edge derivatives =  [-0.003935553831194006, -0.0028222551401999585, -0.004445102484211233, -0.0032148911829862348, -0.0019159423530446737, 0.010239095002439219, -0.0027254604128027285, -0.000533264280653617, 0.00411460884341102, -0.0020534167316896, -0.0011612292538974306, -0.0034781190485286342]
other derivatives: [-0.01214175 -0.00029559  0.00063665 -0.00459295  0.00143245  0.        ]
Current x array =  [-0.73386097 -0.47808016 -0.91122718  2.03846986 -2.72239169  0.33647224
 -4.87147941 -1.49461357 -1.60179654 -1.6876653  -3.72031894 -3.01460044
 -3.30736297 -2.22781055 -3.4173944  -2.58037277 -2.60618205 -3.47951786]
log likelihood =  -1771.26978673
Edge derivatives =  [0.006626682875439445, 0.1646172539977224, 0.3422745269036736, 0.3075806278101321, 0.00909149729748316, -0.03208521482318755, 0.043980339943278414, 0.11688725219749771, -0.0040879025040462535, 0.10896207881819756, 0.09627238349096441, 0.04480323232154074]
other derivatives: [ 8.47953743  0.23005668 -0.46325113 -0.14799753  0.07732979  0.        ]
Current x array =  [-0.74600272 -0.47837574 -0.91059053  2.03387691 -2.72095924  0.33647224
 -4.87541496 -1.49743582 -1.60624164 -1.69088019 -3.72223488 -3.00436135
 -3.31008843 -2.22834382 -3.4132798  -2.58242618 -2.60734328 -3.48299597]
log likelihood =  -1771.21643212
Edge derivatives =  [-0.0038998795832345615, -0.002247767135322737, -0.003252225093417549, -0.002147876358413653, -0.001879246568632871, 0.010090225603016353, -0.0025653956953722856, -0.0001334880852306708, 0.0040837386345737095, -0.0016730258900210376, -0.0008283041180784795, -0.0033125181633731904]
other derivatives: [ 0.0176442   0.00050022 -0.00100044 -0.00513865  0.00168257  0.        ]
Current x array =  [-0.73390299 -0.47808118 -0.91122498  2.03845396 -2.72238674  0.33647224
 -4.87149303 -1.49462333 -1.60181192 -1.68767642 -3.72032557 -3.01456501
 -3.3073724  -2.2278124  -3.41738017 -2.58037987 -2.60618606 -3.47952989]
      fun: 1771.2164321218302
 hess_inv: <18x18 LbfgsInvHessProduct with dtype=float64>
      jac: array([-0.0176442 , -0.00050022,  0.00100044,  0.00513865, -0.00168257,
       -0.        ,  0.00389988,  0.00224777,  0.00325223,  0.00214788,
        0.00187925, -0.01009023,  0.0025654 ,  0.00013349, -0.00408374,
        0.00167303,  0.0008283 ,  0.00331252])
  message: 'CONVERGENCE: REL_REDUCTION_OF_F_<=_FACTR*EPSMCH'
     nfev: 3
      nit: 1
   status: 0
  success: True
        x: array([-0.73390299, -0.47808118, -0.91122498,  2.03845396, -2.72238674,
        0.33647224, -4.87149303, -1.49462333, -1.60181192, -1.68767642,
       -3.72032557, -3.01456501, -3.3073724 , -2.2278124 , -3.41738017,
       -2.58037987, -2.60618606, -3.47952989])
