/home3/jxiong7/IGCexpansion/IGCexpansion/CodonGeneconv.py:277: FutureWarning: comparison to `None` will result in an elementwise object comparison in the future.
  if not x == None:
number of sites to be analyzed:  112
Successfully loaded parameter value from ./test/save/MG94_YLR406C_YDL075W_nonclock_save.txt
log likelihood =  -1178.09909128
Edge derivatives =  [0.0003916202744228617, 0.00014784166738623927, 0.001918828661906194, -0.002010728681661078, 0.004372792764631976, 0.00033268751490390935, 0.0009162785008235627, 0.0007230655111727935, 0.0006612298370651032, 0.0012708672883541272, 0.0003226092680537612, 7.650980548248171e-05]
other derivatives: [  5.41149348e-03  -8.18545232e-04   9.09494702e-05  -6.82121026e-05
   1.34150469e-03   5.68434189e-04]
Current x array =  [-0.64419999 -0.48191378 -0.93056464  1.83998744 -2.45793507  0.50240369
 -3.20345169 -1.43914463 -2.21674139 -2.14537418 -3.61437763 -2.5944792
 -3.90522559 -2.80402719 -5.62038104 -2.41125733 -3.17809753 -3.2814966 ]
log likelihood =  -1178.10742209
Edge derivatives =  [-0.010926227043498556, -0.021288072784936163, -0.03282477020815952, 0.0033491025078686842, -0.013138464254551202, -0.023857961905894898, -0.007341586251083852, -0.0189381606336316, -0.002196945260170147, -0.04510566212577413, -0.011548595643358486, -0.010406154896095685]
other derivatives: [-2.97773113  0.41213752  0.02660272  0.05825314 -0.06114078 -0.01239187]
Current x array =  [-0.63878849 -0.48273233 -0.93047369  1.83991923 -2.45659357  0.50297212
 -3.20306007 -1.43899679 -2.21482256 -2.14738491 -3.61000483 -2.59414652
 -3.90430931 -2.80330412 -5.61971981 -2.40998646 -3.17777492 -3.28142009]
log likelihood =  -1178.09909116
Edge derivatives =  [0.0003483831981321295, 6.58267706291904e-05, 0.0017872462663156563, -0.001992144195267498, 0.0043068892263584055, 0.00024090587296474175, 0.0008849318900897921, 0.0006485250654202357, 0.000650432771009667, 0.0010958926971161714, 0.0002775335370654372, 3.649413159043102e-05]
other derivatives: [-0.00570708  0.0007276   0.0001819   0.00013642  0.00109139  0.00052296]
Current x array =  [-0.64417971 -0.48191685 -0.9305643   1.83998718 -2.45793005  0.50240582
 -3.20345022 -1.43914408 -2.2167342  -2.14538171 -3.61436124 -2.59447796
 -3.90522215 -2.80402448 -5.62037857 -2.41125257 -3.17809632 -3.28149631]
      fun: 1178.099091158454
 hess_inv: <18x18 LbfgsInvHessProduct with dtype=float64>
      jac: array([  5.70707925e-03,  -7.27595761e-04,  -1.81898940e-04,
        -1.36424205e-04,  -1.09139364e-03,  -5.22959454e-04,
        -3.48383198e-04,  -6.58267706e-05,  -1.78724627e-03,
         1.99214420e-03,  -4.30688923e-03,  -2.40905873e-04,
        -8.84931890e-04,  -6.48525065e-04,  -6.50432771e-04,
        -1.09589270e-03,  -2.77533537e-04,  -3.64941316e-05])
  message: 'CONVERGENCE: REL_REDUCTION_OF_F_<=_FACTR*EPSMCH'
     nfev: 3
      nit: 1
   status: 0
  success: True
        x: array([-0.64417971, -0.48191685, -0.9305643 ,  1.83998718, -2.45793005,
        0.50240582, -3.20345022, -1.43914408, -2.2167342 , -2.14538171,
       -3.61436124, -2.59447796, -3.90522215, -2.80402448, -5.62037857,
       -2.41125257, -3.17809632, -3.28149631])
number of sites to be analyzed:  112
Successfully loaded parameter value from ./test/save/MG94_Force_YLR406C_YDL075W_nonclock_save.txt
log likelihood =  -1195.08199615
Edge derivatives =  [-0.0006729150592889865, 0.0005357172576640201, 0.00043224082059480085, 0.00029942148729400486, -1.0904941087144793e-06, -7.39022881204171e-05, 0.0011467443958408617, -0.0012223284084082603, -0.0035353111835323796, 0.00011360806421456537, -0.0035172196130428823, 0.000212125050132142]
other derivatives: [ 0.01257376 -0.00159162 -0.00027285  0.00052296  0.00095497  0.        ]
Current x array =  [-0.65171758 -0.48015639 -0.94181516  1.78753797 -2.5953278   0.33647224
 -3.94493621 -1.31050843 -2.39850616 -2.001889   -3.48965178 -2.51295857
 -3.86220479 -2.46288197 -5.15890003 -2.16517569 -2.83977518 -3.13790114]
log likelihood =  -1195.12792952
Edge derivatives =  [-0.01804929345973577, -0.05023724092943638, -0.06355842928795336, -0.048538265263547986, -0.004729968969790617, -0.03487516807627582, -0.006802895186318894, -0.025078783713440286, -0.003662185778690003, -0.05354529628764737, 0.010725274345212532, -0.01889270879763981]
other derivatives: [-7.23880476  0.95953965  0.10845724  0.14817942 -0.09313226  0.        ]
Current x array =  [-0.63914382 -0.48174801 -0.94208801  1.78806093 -2.59437283  0.33647224
 -3.94560912 -1.30997272 -2.39807392 -2.00158958 -3.48965287 -2.51303247
 -3.86105804 -2.4641043  -5.16243534 -2.16506209 -2.8432924  -3.13768901]
log likelihood =  -1195.08199594
Edge derivatives =  [-0.0007099899737279848, 0.00042386192484550334, 0.0002948666785791698, 0.00019173399483607412, -1.2744042876551565e-05, -0.00015013778145624157, 0.001129090244477611, -0.0012759875894142736, -0.0035360307079993613, -3.517468065261653e-06, -0.003490455827955083, 0.00017021284090004696]
other derivatives: [ -2.18278728e-03   4.32009983e-04  -2.27373675e-05   8.41282599e-04
   7.95807864e-04   0.00000000e+00]
Current x array =  [-0.65169143 -0.48015971 -0.94181573  1.78753905 -2.59532581  0.33647224
 -3.94493761 -1.31050732 -2.39850526 -2.00188838 -3.48965178 -2.51295872
 -3.8622024  -2.46288451 -5.15890739 -2.16517546 -2.8397825  -3.13790069]
      fun: 1195.0819959448606
 hess_inv: <18x18 LbfgsInvHessProduct with dtype=float64>
      jac: array([  2.18278728e-03,  -4.32009983e-04,   2.27373675e-05,
        -8.41282599e-04,  -7.95807864e-04,  -0.00000000e+00,
         7.09989974e-04,  -4.23861925e-04,  -2.94866679e-04,
        -1.91733995e-04,   1.27440429e-05,   1.50137781e-04,
        -1.12909024e-03,   1.27598759e-03,   3.53603071e-03,
         3.51746807e-06,   3.49045583e-03,  -1.70212841e-04])
  message: 'CONVERGENCE: REL_REDUCTION_OF_F_<=_FACTR*EPSMCH'
     nfev: 3
      nit: 1
   status: 0
  success: True
        x: array([-0.65169143, -0.48015971, -0.94181573,  1.78753905, -2.59532581,
        0.33647224, -3.94493761, -1.31050732, -2.39850526, -2.00188838,
       -3.48965178, -2.51295872, -3.8622024 , -2.46288451, -5.15890739,
       -2.16517546, -2.8397825 , -3.13790069])
