/home3/jxiong7/IGCexpansion/IGCexpansion/CodonGeneconv.py:277: FutureWarning: comparison to `None` will result in an elementwise object comparison in the future.
  if not x == None:
number of sites to be analyzed:  306
Successfully loaded parameter value from ./test/save/MG94_MR_PR_nonclock_save.txt
log likelihood =  -9854.61503003
Edge derivatives =  [-0.0075339565181939405, -0.02424793311005697, 0.029383906000846588, 0.007568421173491435, 0.002930573742180531, 0.008063311315206434, -0.01256458421181511, 0.009310138384108664, -0.007813600655484088, 0.0012279745166590278, 0.011357334653910783, 0.005257076422868802, -0.007617776355291244, 0.010451246861288732, 0.03324589450245202, -0.05914390067633413, 0.013887482941633597, -0.014350752165650668, -0.00035281164947420507, 0.009122233999833682]
other derivatives: [-0.09731593 -0.02382876  0.02182787 -0.03074092  0.00763976 -0.03965397]
Current x array =  [-0.65385845 -0.75669518 -0.59333417  0.58796847 -2.80864738 -1.97210054
  0.63736842  2.37266001  0.15889971 -0.15099424 -0.54909115 -0.35450706
 -0.47177844 -0.92481385 -1.26181747 -0.91949401 -1.89638407 -3.45984325
 -4.33613846 -2.67959791 -2.11882318 -0.93781063 -2.85570531 -3.26906048
 -2.57887366 -2.55109083]
log likelihood =  -9872.22579124
Edge derivatives =  [0.8606077274193351, 4.0406320693667075, -1.0837475675326598, -0.08832349639857784, 1.8619407290062446, 2.184434577473369, 1.6909325943994284, 0.8096075994972324, 2.411310208089023, 1.424548717624714, 0.880940182918373, 0.08236999897731939, 0.15932856209025112, 0.1334404614770912, -0.3817590346222417, 10.491458150571052, 0.28221052731793506, 0.5690969708766934, 0.805703636987029, 0.7991179386535807]
other derivatives: [ 310.75505831   43.35797712  -67.84102879    8.43483576    5.28925739
    1.71221473]
Current x array =  [-0.75117438 -0.78052395 -0.57150629  0.55722755 -2.80100762 -2.01175451
  0.62983446  2.34841208  0.18828362 -0.14342582 -0.54616057 -0.34644375
 -0.48434303 -0.91550371 -1.26963107 -0.91826604 -1.88502673 -3.45458618
 -4.34375624 -2.66914666 -2.08557729 -0.99695453 -2.84181783 -3.28341124
 -2.57922647 -2.54196859]
log likelihood =  -9854.61502473
Edge derivatives =  [-0.006954968700709274, -0.021839745598739586, 0.02904387347257191, 0.007671456036675739, 0.003965272480382698, 0.009304317821574593, -0.011619008872094863, 0.009780348005363579, -0.0065435806200123126, 0.001993929946422196, 0.011831449071259631, 0.0052998862464524316, -0.007540166031377343, 0.010520340836712716, 0.03303641241197064, -0.05331093695677758, 0.014041214433511973, -0.014029712344517366, 8.902544806332902e-05, 0.00955688497960347]
other derivatives: [ 0.0856744  -0.01818989 -0.0172804  -0.07294148 -0.03892637 -0.03910827]
Current x array =  [-0.65391063 -0.75670796 -0.59332246  0.58795199 -2.80864328 -1.97212181
  0.63736438  2.37264701  0.15891547 -0.15099018 -0.54908958 -0.35450274
 -0.47178518 -0.92480886 -1.26182166 -0.91949336 -1.89637798 -3.45984043
 -4.33614255 -2.6795923  -2.11880535 -0.93784235 -2.85569786 -3.26906818
 -2.57887385 -2.55108594]
      fun: 9854.615024733297
 hess_inv: <26x26 LbfgsInvHessProduct with dtype=float64>
      jac: array([ -8.56744009e-02,   1.81898940e-02,   1.72803993e-02,
         7.29414751e-02,   3.89263732e-02,   3.91082722e-02,
         6.95496870e-03,   2.18397456e-02,  -2.90438735e-02,
        -7.67145604e-03,  -3.96527248e-03,  -9.30431782e-03,
         1.16190089e-02,  -9.78034801e-03,   6.54358062e-03,
        -1.99392995e-03,  -1.18314491e-02,  -5.29988625e-03,
         7.54016603e-03,  -1.05203408e-02,  -3.30364124e-02,
         5.33109370e-02,  -1.40412144e-02,   1.40297123e-02,
        -8.90254481e-05,  -9.55688498e-03])
  message: 'CONVERGENCE: REL_REDUCTION_OF_F_<=_FACTR*EPSMCH'
     nfev: 3
      nit: 1
   status: 0
  success: True
        x: array([-0.65391063, -0.75670796, -0.59332246,  0.58795199, -2.80864328,
       -1.97212181,  0.63736438,  2.37264701,  0.15891547, -0.15099018,
       -0.54908958, -0.35450274, -0.47178518, -0.92480886, -1.26182166,
       -0.91949336, -1.89637798, -3.45984043, -4.33614255, -2.6795923 ,
       -2.11880535, -0.93784235, -2.85569786, -3.26906818, -2.57887385,
       -2.55108594])
number of sites to be analyzed:  306
Successfully loaded parameter value from ./test/save/MG94_Force_MR_PR_nonclock_save.txt
log likelihood =  -9873.80872904
Edge derivatives =  [0.0027440103084913625, -0.002906051446707506, -0.01802187915843919, -0.0028922013040546535, -0.009048759996281408, -0.02044234186542071, -0.0019324377232166196, -0.003442735494516555, 0.022172552175620308, 0.021513397493961667, 0.0011244669217987113, 0.0036453406422851595, 0.0005090113642266456, -0.014865098440304925, 0.005550724841010907, -0.024427794547805082, -0.013361367862379722, 0.007557095651965037, -0.000592484860127529, -0.014081080970670394]
other derivatives: [ 0.14206307  0.04383764  0.07166818  0.03165042  0.0507498   0.        ]
Current x array =  [-0.65413853 -0.75917735 -0.59162301  0.57687461 -2.82820765  0.33647224
  0.51212876  2.40906221  0.2061054  -0.1093694  -0.45409238 -0.31544809
 -0.44374268 -0.8530309  -1.17631618 -0.89629288 -1.8249658  -3.46269775
 -4.30131928 -2.62200264 -2.06800063 -0.89127482 -2.81033105 -3.20355905
 -2.53681925 -2.49106002]
log likelihood =  -9929.29574793
Edge derivatives =  [-7.3169490014579415, -12.08554274503229, -6.181491075467769, -4.686246727977953, -3.048807829387781, -2.9672618218740197, -5.0038625077465175, -3.6977049097306423, -5.004288807740062, -4.43307772198485, -1.4566566707957844, -0.2691573508080377, -0.03535955822938012, -0.49584357668180645, -1.34179340830043, -0.3304207549978175, -0.22958029350356668, -0.5963939436527435, -0.7013650849688534, -0.35897604947283746]
other derivatives: [-690.98787208  -99.76483852 -211.59121388    9.47238732  -42.47449397
    0.        ]
Current x array =  [-0.51207546 -0.71533971 -0.51995483  0.60852503 -2.77745784  0.33647224
  0.51487277  2.40615616  0.18808353 -0.1122616  -0.46314114 -0.33589043
 -0.44567511 -0.85647363 -1.15414363 -0.87477948 -1.82384134 -3.45905241
 -4.30081027 -2.63686774 -2.06244991 -0.91570261 -2.82369241 -3.19600195
 -2.53741173 -2.5051411 ]
log likelihood =  -9873.80872766
Edge derivatives =  [0.000459061390497173, -0.006724415131191227, -0.01985133754143168, -0.004305658537186341, -0.010176418493935357, -0.021496194696321025, -0.003686208045211076, -0.00467165929692448, 0.020318555687887513, 0.01987224331799564, 0.0005406277759374967, 0.0035307898492278472, 0.0004711741106268527, -0.015081886170348335, 0.005044327178816865, -0.024685312665243264, -0.013466205752417373, 0.0073300577229824665, -0.0008490269718403054, -0.014233023619410173]
other derivatives: [-0.09422365 -0.00982254  0.00945874 -0.01418812  0.02255547  0.        ]
Current x array =  [-0.6540912  -0.75916274 -0.59159913  0.57688516 -2.82819074  0.33647224
  0.51212967  2.40906124  0.2060994  -0.10937037 -0.4540954  -0.3154549
 -0.44374332 -0.85303205 -1.17630879 -0.89628571 -1.82496543 -3.46269654
 -4.30131911 -2.6220076  -2.06799878 -0.89128296 -2.8103355  -3.20355653
 -2.53681944 -2.49106471]
      fun: 9873.808727658405
 hess_inv: <26x26 LbfgsInvHessProduct with dtype=float64>
      jac: array([ 0.09422365,  0.00982254, -0.00945874,  0.01418812, -0.02255547,
       -0.        , -0.00045906,  0.00672442,  0.01985134,  0.00430566,
        0.01017642,  0.02149619,  0.00368621,  0.00467166, -0.02031856,
       -0.01987224, -0.00054063, -0.00353079, -0.00047117,  0.01508189,
       -0.00504433,  0.02468531,  0.01346621, -0.00733006,  0.00084903,
        0.01423302])
  message: 'CONVERGENCE: REL_REDUCTION_OF_F_<=_FACTR*EPSMCH'
     nfev: 3
      nit: 1
   status: 0
  success: True
        x: array([-0.6540912 , -0.75916274, -0.59159913,  0.57688516, -2.82819074,
        0.33647224,  0.51212967,  2.40906124,  0.2060994 , -0.10937037,
       -0.4540954 , -0.3154549 , -0.44374332, -0.85303205, -1.17630879,
       -0.89628571, -1.82496543, -3.46269654, -4.30131911, -2.6220076 ,
       -2.06799878, -0.89128296, -2.8103355 , -3.20355653, -2.53681944,
       -2.49106471])
