/home3/jxiong7/IGCexpansion/IGCexpansion/CodonGeneconv.py:276: FutureWarning: comparison to `None` will result in an elementwise object comparison in the future.
  if not x == None:
number of sites to be analyzed:  156
number of sites to be analyzed:  156
log likelihood =  -5.50670620214e-14
Edge derivatives =  [4.161913774147933e-15, 0.0, 1.519325701058258e-15, -1.5715580370291116e-16, 1.1796863695165681e-16, -2.0650376887655556e-16, -2.446111540276116e-16, -2.446111540276116e-16]
other derivatives: [ -2.77111667e-05   6.75015599e-06   1.99840144e-05  -4.88498131e-06
   3.10862447e-07   0.00000000e+00]
Current x array =  [-0.75433583 -0.54383983 -0.73385712  0.18232156 -0.10536052  0.33647224
 -2.30258509 -2.30258509 -2.30258509 -2.30258509 -2.30258509 -2.30258509
 -2.30258509 -2.30258509]
log likelihood =  -3.89022147829e-13
Edge derivatives =  [-1.2603752347936137e-15, -6.545418889123305e-16, -7.660179771079858e-17, 8.755722234212316e-16, -1.560642605364517e-15, 9.007330664861587e-16, -6.5636381155584185e-16, -6.5636381155584185e-16]
other derivatives: [  2.56683563e-05  -1.03916875e-05   1.32338585e-05  -5.32907052e-06
   6.92779167e-06   0.00000000e+00]
Current x array =  [-0.75436354 -0.54383308 -0.73383714  0.18231667 -0.1053602   0.33647224
 -2.30258509 -2.30258509 -2.30258509 -2.30258509 -2.30258509 -2.30258509
 -2.30258509 -2.30258509]
log likelihood =  -4.58300064565e-13
Edge derivatives =  [-2.152482045415066e-15, -5.974045969320405e-16, -2.568166013867246e-15, 5.576265427091108e-16, -4.211540735120902e-15, 6.11058292146268e-16, 6.653470516158889e-16, 6.653470516158889e-16]
other derivatives: [  1.74971149e-05   2.91322522e-05   3.77475828e-06   3.46389584e-06
   1.79412041e-05   0.00000000e+00]
Current x array =  [-0.75434701 -0.5438371  -0.73384906  0.18231959 -0.10536039  0.33647224
 -2.30258509 -2.30258509 -2.30258509 -2.30258509 -2.30258509 -2.30258509
 -2.30258509 -2.30258509]
log likelihood =  -3.77475828373e-14
Edge derivatives =  [-1.2891312277333795e-15, 0.0, 0.0, 0.0, 0.0, 0.0, 0.0, 0.0]
other derivatives: [ -5.67101921e-05  -1.74971149e-05  -2.88213897e-05  -3.57491814e-05
  -2.18935980e-05   0.00000000e+00]
Current x array =  [-0.7543399  -0.54383883 -0.73385419  0.18232084 -0.10536047  0.33647224
 -2.30258509 -2.30258509 -2.30258509 -2.30258509 -2.30258509 -2.30258509
 -2.30258509 -2.30258509]
log likelihood =  -3.89022147829e-13
Edge derivatives =  [-1.7687984711156393e-16, 0.0, -1.3419199351340887e-15, -1.7667098799717575e-16, -1.6273534691922814e-15, -1.4055281426564701e-16, -1.0340515930824093e-16, -1.0340515930824093e-16]
other derivatives: [  1.89182003e-05   4.88498131e-06   1.42108547e-06   2.61568545e-05
  -2.35367281e-06   0.00000000e+00]
Current x array =  [-0.75433674 -0.5438396  -0.73385646  0.1823214  -0.10536051  0.33647224
 -2.30258509 -2.30258509 -2.30258509 -2.30258509 -2.30258509 -2.30258509
 -2.30258509 -2.30258509]
log likelihood =  -5.60440582831e-13
Edge derivatives =  [-2.2855727779625246e-15, 1.5413814070067536e-15, -2.874163294285991e-15, -8.501141585742339e-15, -5.742946521335183e-15, -8.307709896879049e-15, -8.151842463407663e-15, -8.151842463407663e-15]
other derivatives: [  4.64517314e-05   2.62900812e-05   4.72510919e-05   1.16351373e-05
   3.24185123e-05   0.00000000e+00]
Current x array =  [-0.7543362  -0.54383973 -0.73385685  0.18232149 -0.10536051  0.33647224
 -2.30258509 -2.30258509 -2.30258509 -2.30258509 -2.30258509 -2.30258509
 -2.30258509 -2.30258509]
log likelihood =  -3.64153152077e-14
Edge derivatives =  [0.0, 0.0, 0.0, 0.0, 0.0, 0.0, 0.0, 0.0]
other derivatives: [ -3.68149955e-05  -2.61124455e-05   3.46389584e-06  -1.93622895e-05
  -1.66977543e-05   0.00000000e+00]
Current x array =  [-0.75433596 -0.54383979 -0.73385703  0.18232153 -0.10536051  0.33647224
 -2.30258509 -2.30258509 -2.30258509 -2.30258509 -2.30258509 -2.30258509
 -2.30258509 -2.30258509]
      fun: 3.641531520770514e-14
 hess_inv: <14x14 LbfgsInvHessProduct with dtype=float64>
      jac: array([  3.68149955e-05,   2.61124455e-05,  -3.46389584e-06,
         1.93622895e-05,   1.66977543e-05,  -0.00000000e+00,
        -0.00000000e+00,  -0.00000000e+00,  -0.00000000e+00,
        -0.00000000e+00,  -0.00000000e+00,  -0.00000000e+00,
        -0.00000000e+00,  -0.00000000e+00])
  message: 'CONVERGENCE: REL_REDUCTION_OF_F_<=_FACTR*EPSMCH'
     nfev: 7
      nit: 1
   status: 0
  success: True
        x: array([-0.75433596, -0.54383979, -0.73385703,  0.18232153, -0.10536051,
        0.33647224, -2.30258509, -2.30258509, -2.30258509, -2.30258509,
       -2.30258509, -2.30258509, -2.30258509, -2.30258509])
