/home3/jxiong7/IGCexpansion/IGCexpansion/CodonGeneconv.py:275: FutureWarning: comparison to `None` will result in an elementwise object comparison in the future.
  if not x == None:
number of sites to be analyzed:  489
log likelihood =  -2509.62386874
Edge derivatives =  [-50.1305491226313, -25.40656634433602, -41.5643978887391, -39.37267918650271, -74.30663139159537, -72.41410717282349, -71.56659468247844, -64.7942149726847, -77.59879271270191, -70.91911118818875, -71.70981327494738, -79.31634148559735]
other derivatives: [-93.39300959  -8.59736247  24.9630375   98.17313185  33.05626706]
Current x array =  [-0.64149215 -0.55261911 -0.81901932  0.18232156  0.33647224 -2.30258509
 -2.30258509 -2.30258509 -2.30258509 -2.30258509 -2.30258509 -2.30258509
 -2.30258509 -2.30258509 -2.30258509 -2.30258509 -2.30258509]
log likelihood =  -2324.28057331
Edge derivatives =  [-41.38032580949112, -22.51759585820176, -29.77473498745059, -29.311772576395832, -55.966073039817715, -54.64733621361439, -54.02964566670756, -47.20786323276578, -58.35410701889061, -52.02971761759116, -52.89049937064599, -58.315116424433384]
other derivatives: [ 126.17947505   29.86580512   36.64354153  114.92538761   25.69249773]
Current x array =  [-1.00261173 -0.58586224 -0.81604578  0.56192428  0.36223787 -2.49642319
 -2.32848176 -2.46330074 -2.4548261  -2.58990403 -2.58258627 -2.57930922
 -2.55312269 -2.60263372 -2.57680562 -2.579863   -2.6092749 ]
log likelihood =  -1989.17694444
Edge derivatives =  [-15.855427666810208, -10.396790668990274, 2.2722624819975983, -0.3277217076837148, -18.09653154859956, -16.968852359731237, -15.994557331294741, -6.907236066629144, -18.33712383907621, -11.688079860856664, -12.012977438711749, -17.051245110438714]
other derivatives: [ 93.36561106  -4.47635102 -47.31168701  32.75781637  24.55740287]
Current x array =  [-1.11320353 -0.50703129 -0.69409305  1.88561007  0.47089887 -3.08794348
 -2.44184833 -2.93162716 -2.90385688 -3.44049928 -3.41203787 -3.39915992
 -3.2870556  -3.49046816 -3.38186881 -3.3952711  -3.51027079]
log likelihood =  -2013.2672793
Edge derivatives =  [-12.501926248482926, -14.957559935962779, -4.507151729787535, -7.236700669340299, -12.863174113637653, -11.938155457024552, -11.436727696124496, -5.4492036956883165, -12.390416686917899, -6.414005166618141, -7.789789672753906, -11.059607933068342]
other derivatives: [  25.6068688   116.63278201  155.93166154   -2.00977865   25.40593869]
Current x array =  [-0.78182289 -0.81285526 -1.6990597   2.52933269  0.8669254  -3.4964876
 -2.58629104 -3.01754179 -3.02382387 -3.97831107 -3.92354697 -3.89058265
 -3.60492284 -4.04250017 -3.80218917 -3.82223455 -4.05138098]
log likelihood =  -1963.41899335
Edge derivatives =  [-13.460348452526986, -10.818530540121799, 1.6541426651359319, -1.0404204209012946, -15.197236963715316, -14.348225387959582, -13.465420966630852, -5.3940502008884055, -15.26186872668587, -8.690526252525183, -9.442061679017005, -13.968623941187792]
other derivatives: [ 65.92081263  47.47951152  88.8129307   18.54753009  24.29922006]
Current x array =  [-0.99403107 -0.61701295 -1.05550326  2.11710823  0.61331955 -3.23486579
 -2.49379341 -2.96252413 -2.9469999  -3.63390936 -3.59598886 -3.57588737
 -3.40136832 -3.68899217 -3.53302613 -3.54881744 -3.70486705]
log likelihood =  -1920.35358726
Edge derivatives =  [-8.30620736983057, -7.883833807454131, 6.379487893524452, 3.500154608630672, -9.497784422595808, -8.649321719624725, -7.716269455543414, 0.8736617087534664, -9.258510709048881, -2.826098764501452, -3.1682350987296934, -8.222116647550973]
other derivatives: [ 45.57989541  16.71874088  53.3794946    3.53568339  26.1913101 ]
Current x array =  [-0.90979981 -0.54374193 -0.96697896  2.49110517  0.76009573 -3.44721539
 -2.56157243 -3.05911727 -3.05256414 -3.92281621 -3.87414282 -3.84640536
 -3.60543935 -3.98734745 -3.77645125 -3.79720158 -4.00107235]
log likelihood =  -1894.67921574
Edge derivatives =  [-1.8328740708089712, -4.475331317728925, 6.707208290246365, 4.117155706985743, -5.09487416651933, -4.448078950306239, -3.1855889241208835, 4.497754418048007, -4.150980004317257, 0.7412955949553017, 1.2720544001726162, -3.850826329487908]
other derivatives: [-61.69836979  54.0661631   -3.83920451  -7.09860615  24.38150659]
Current x array =  [-0.68314681 -0.63088732 -0.78140186  2.81629152  1.21099564 -3.73454445
 -2.69527038 -3.07078078 -3.10353402 -4.31060016 -4.24057596 -4.19415366
 -3.78691227 -4.38157931 -4.04513172 -4.07105588 -4.38583152]
log likelihood =  -1883.56795417
Edge derivatives =  [-0.23207840242761119, -3.5435727223995985, 5.985996022744298, 3.9821517669241944, -3.8681051166936538, -3.1327006228895455, -2.2664327044673196, 4.777825476706275, -3.0509715662903676, 1.7295884924129872, 2.323037443953744, -2.895484267804552]
other derivatives: [-28.41766218 -14.26326435  -9.68425411  -9.27159363  20.57163329]
Current x array =  [-0.72978083 -0.47586057 -0.76558741  2.93757175  1.40619453 -3.83409363
 -2.74587724 -3.06495466 -3.11617686 -4.4528503  -4.3745814  -4.31896916
 -3.84030019 -4.52354857 -4.13575654 -4.1616076  -4.52421509]
log likelihood =  -1878.5873015
Edge derivatives =  [1.4905741743914735, -2.387960208542838, 4.517739964545014, 3.0788293414204264, -3.1175298644046276, -2.4134544283232016, -1.708551685928463, 4.288205129263557, -2.262505186514465, 2.0399030119339, 2.708668102938724, -2.2647415401913467]
other derivatives: [-13.88405053 -18.9714001  -10.80454695 -10.64302069  13.6884637 ]
Current x array =  [-0.74960418 -0.46498267 -0.76268838  3.00937899  1.63598513 -3.92247611
 -2.80155362 -3.03758758 -3.11097208 -4.58458619 -4.49684336 -4.43122348
 -3.86967742 -4.65318657 -4.20598147 -4.2307754  -4.64953491]
log likelihood =  -1873.89796465
Edge derivatives =  [3.2400283101356115, -0.9853068898679967, -0.17006083988942866, 0.00801624595240441, -2.8461415335183506, -2.148222144285051, -1.850182137137475, 1.0064124396684684, -1.9341225308313814, 0.8383043393749708, 1.5934527378354135, -2.143287616961735]
other derivatives: [-3.37777237 -4.27276063 -1.41158125 -9.90828539 -6.40829967]
Current x array =  [-0.76357876 -0.48936513 -0.79331102  2.96170256  2.0132884  -3.9975334
 -2.89243453 -2.95781798 -3.07145504 -4.76478034 -4.65847744 -4.57355839
 -3.85324252 -4.82035196 -4.25694845 -4.27331318 -4.81119936]
log likelihood =  -1872.19817078
Edge derivatives =  [2.9210839087336877, -0.8163142700198022, -0.40914229014508813, -0.06910517136878716, -2.6136513599448596, -1.9125778722822964, -1.6666500938154394, 0.7440034089218879, -1.7293175724340548, 0.6016745365640728, 1.2699221495357982, -1.9924805928064981]
other derivatives: [ 5.85794169  2.54717634  1.16021965 -7.40678843 -3.63161234]
Current x array =  [-0.78040872 -0.50445494 -0.80194197  2.82820983  1.96089815 -3.94551751
 -2.9042622  -2.94228697 -3.05658845 -4.77203264 -4.6586188  -4.57004817
 -3.81640216 -4.81589069 -4.22196932 -4.22941106 -4.80817962]
log likelihood =  -1870.04678107
Edge derivatives =  [2.197803596368813, -0.5027366126648448, -2.727360145894077, -1.4125569799397495, -1.89978747471757, -1.0719749617148902, -1.1065561123521994, -0.9462105751940538, -1.0220605973592936, -0.40373130987343714, 0.03584320536148729, -1.5013250300969196]
other derivatives: [ 2.52002792  2.33310402  7.52609139  1.0832764  -0.97629709]
Current x array =  [-0.77456834 -0.50703911 -0.8214622   2.45149986  1.91166428 -3.82348079
 -2.96352258 -2.89382239 -3.01516984 -4.8619581  -4.72071852 -4.6169585
 -3.72699682 -4.8678813  -4.15517423 -4.13428535 -4.86487906]
log likelihood =  -1869.25264207
Edge derivatives =  [2.4999294802941354, -0.06619258727627292, -0.9741354564011755, -0.2741136806273095, -0.9191250128424817, -0.05158763628312793, -0.16520089990654016, -0.16160603762690104, -0.132828742115624, 0.13971966333742225, 0.3489131713183241, -0.6423719899078394]
other derivatives: [ 8.88362592  4.24652171  0.3560217   1.01879323  0.88666638]
Current x array =  [-0.78231317 -0.5095704  -0.79763601  2.44370573  1.9386746  -3.76976023
 -3.00125791 -2.9567027  -3.05020778 -4.99116024 -4.81743895 -4.70742299
 -3.75320574 -4.96410261 -4.18741692 -4.1467251  -4.97500127]
log likelihood =  -1868.89237376
Edge derivatives =  [2.585858852013788, -0.12888788642943805, 0.04884036211545322, 0.2491617001401512, -0.22801338080707612, 0.6995371842074002, 0.43583175546543934, -0.004281956666660994, 0.4330068371269732, 0.23341769365161155, 0.1713335534282118, -0.0722940143807362]
other derivatives: [-3.46544766 -7.38896233 -1.25901352  0.60485945  0.89139576]
Current x array =  [-0.75809706 -0.48487867 -0.79187102  2.4511131   1.98882241 -3.69253714
 -3.03726131 -3.02092862 -3.08164725 -5.11640819 -4.90282615 -4.7881409
 -3.7741482  -5.04984927 -4.21165695 -4.15050229 -5.07907496]
log likelihood =  -1868.78905755
Edge derivatives =  [2.5752178100243364, -0.12447379243718802, 0.2101817900106419, 0.3335601078922806, -0.1508698466248483, 0.7590572156511004, 0.4962439456626499, -0.0030539975678717246, 0.4904749911686481, 0.20173698749066096, 0.09639255170068872, -0.00369385958894412]
other derivatives: [-1.25683073 -1.96869223 -1.52617758  0.71977411  0.82168299]
Current x array =  [-0.76169599 -0.49544457 -0.7910217   2.44488703  1.99379758 -3.67136407
 -3.04193474 -3.02829132 -3.0839912  -5.13047538 -4.90920888 -4.79457576
 -3.77382561 -5.05654236 -4.2105813  -4.14657169 -5.08958403]
log likelihood =  -1868.65925765
Edge derivatives =  [2.397616555589154, -0.2898644624916629, 0.5981719623864659, 0.501214842042564, -0.03861146106417007, 0.8193483835470935, 0.5337473505188602, -0.030452341373790395, 0.518516812092124, 0.06924072629944585, -0.14269340921008286, 0.07317207464686343]
other derivatives: [ 0.74178388  2.63062248 -0.89735295  0.69467205  0.82447968]
Current x array =  [-0.76493135 -0.5049398  -0.79324755  2.44370895  2.00093674 -3.6148021
 -3.04819472 -3.04880555 -3.09016498 -5.15337719 -4.91334389 -4.80025341
 -3.77330573 -5.06162411 -4.2049428  -4.1350651  -5.10486271]
log likelihood =  -1868.48119859
Edge derivatives =  [1.8594621673171157, -0.7600650272142735, 1.14897269912408, 0.6914221036198733, 0.08948302004253064, 0.8352894926354919, 0.48959611212666826, -0.17456281909596078, 0.46295061485973005, -0.26969504161584174, -0.6705446235154247, 0.13204633850742423]
other derivatives: [ 2.21059508  6.11651103  0.64917458  0.47818958  0.61197625]
Current x array =  [-0.7673492  -0.51273036 -0.79853153  2.44980809  2.01430889 -3.49982142
 -3.05772972 -3.08528358 -3.09953638 -5.1869754  -4.90997759 -4.80152914
 -3.77131064 -5.06094351 -4.19122875 -4.11193698 -5.12472241]
log likelihood =  -1868.30971233
Edge derivatives =  [0.9846134366187878, -1.3586288943110834, 1.2292883748779484, 0.5661855391957398, 0.11354022260618615, 0.7046529542319425, 0.29997904868667347, -0.4266564158565647, 0.28185044400674325, -0.7073358060308027, -1.2140076771407426, 0.09797285715646582]
other derivatives: [ 1.66282916  6.38133315 -0.27375791  0.23230768 -0.06057235]
Current x array =  [-0.76651957 -0.51407767 -0.79476278  2.45821176  2.02952547 -3.36467151
 -3.07227715 -3.11075532 -3.10137096 -5.21058565 -4.89029511 -4.79049412
 -3.76796034 -5.04727942 -4.175228   -4.09066768 -5.13469156]
log likelihood =  -1868.84178685
Edge derivatives =  [-0.9888916952442874, -1.875841859905915, 1.0291902739737702, 0.44097630704494073, 0.3766002162766394, 0.5955864926441982, 0.25523276722201066, 0.18705751897427486, 0.21162940657972634, -0.34071442627767207, -0.7353461266171724, 0.406794797633245]
other derivatives: [ 20.17420684  -8.27226359  12.68467713  -0.61222636   0.85524334]
Current x array =  [-0.79998542 -0.48615431 -0.84351159  2.49977235  2.05396878 -3.10889948
 -3.16631954 -3.13809276 -3.10519583 -5.28340867 -4.86097354 -4.79206925
 -3.80159557 -5.04654016 -4.2002642  -4.12266634 -5.18311525]
log likelihood =  -1868.23650902
Edge derivatives =  [0.5446912523093334, -1.4424316018262895, 1.173192474012267, 0.5422041162683369, 0.1851271437852612, 0.6773418911879148, 0.28946461363962783, -0.2626610049187991, 0.2645629446698172, -0.6101464931208311, -1.087007727014851, 0.17944155409766943]
other derivatives: [  6.65811513e+00   2.77764229e+00   3.20176241e+00   5.86624083e-03
   1.74350134e-01]
Current x array =  [-0.77516805 -0.50686152 -0.8073608   2.46895215  2.03584229 -3.29857308
 -3.09658026 -3.11782006 -3.10235941 -5.2294051  -4.88271762 -4.79090118
 -3.77665259 -5.04708838 -4.18169803 -4.098937   -5.14720555]
log likelihood =  -1868.10521036
Edge derivatives =  [-0.12180094254747328, -1.706899645073289, 0.7307707695811402, 0.1787161176494228, 0.10540955083784147, 0.4571902286578887, 0.09557970832233767, -0.2646945463290873, 0.08403154204988653, -0.7002530049485046, -1.0630937103993605, 0.11254764606641038]
other derivatives: [ 1.57344857  0.23021585  2.48537617 -0.36845904 -0.08478764]
Current x array =  [-0.76664542 -0.50207619 -0.80420253  2.48397621  2.04147694 -3.22225567
 -3.11801428 -3.11570265 -3.09652857 -5.23047355 -4.85612436 -4.77491667
 -3.78095229 -5.02940027 -4.1815388  -4.10386419 -5.14325305]
log likelihood =  -1868.02305644
Edge derivatives =  [-0.270270070879293, -1.5391312533021935, 0.05839716185922353, -0.2168141536555742, 0.014442799642284957, 0.27778308091029497, -0.01023131834349758, -0.13980875492930814, -0.003417758223098935, -0.5328595833977766, -0.6808886214307293, 0.07309375840226688]
other derivatives: [-0.73580395 -2.94801339  0.80881364 -0.39856332  0.01114131]
Current x array =  [-0.76276985 -0.49592999 -0.79812985  2.48567434  2.03945449 -3.20356633
 -3.14341761 -3.094981   -3.08692305 -5.22121145 -4.83573319 -4.76329031
 -3.78664569 -5.01748598 -4.19132256 -4.12316789 -5.13468362]
log likelihood =  -1867.96936447
Edge derivatives =  [-0.32254974469808056, -1.291591514357574, -0.3839893850303957, -0.40382878491641516, 0.009159670950002292, 0.20663852735071486, -0.00510013067352081, 0.062763460417295, 0.012497567306020425, -0.28193642601326135, -0.26386336057363774, 0.12386765216719192]
other derivatives: [-1.62040124 -3.37615802  0.1670287  -0.3340574   0.3812147 ]
Current x array =  [-0.76112342 -0.4950789  -0.79589689  2.48247372  2.03989337 -3.18280176
 -3.17699185 -3.0822613  -3.08279318 -5.22590212 -4.82624886 -4.76217963
 -3.79456885 -5.01666695 -4.20550797 -4.14439828 -5.1377588 ]
log likelihood =  -1867.88877279
Edge derivatives =  [-0.2897065516910673, -0.8790193137082725, -0.7327911624707992, -0.4469914546190337, 0.019152642031384712, 0.08742817754551549, -0.024474644198337774, 0.1605470016531922, 0.01991766991690471, 0.010976820521024399, 0.19934625907388584, 0.19947090696126546]
other derivatives: [-0.41238764 -1.7979346  -0.96608801 -0.21013875  0.1151875 ]
Current x array =  [-0.76253786 -0.49804893 -0.79211613  2.47489805  2.05698451 -3.13226455
 -3.25046714 -3.08052957 -3.08624112 -5.24626704 -4.81372261 -4.76552201
 -3.8045796  -5.02015378 -4.22874991 -4.17434519 -5.14965277]
log likelihood =  -1867.8612391
Edge derivatives =  [-0.15130858669076577, -0.49198109037510224, -0.7741402238556148, -0.28740426694062815, 0.01902621070517741, -0.04226339303590291, -0.048560300334657164, 0.19980848781428978, 0.009693264869319524, 0.27311146855480223, 0.5422622259752095, 0.24934145401012692]
other derivatives: [-2.9138846   1.70748535  2.16698481 -0.09547421  0.06023129]
Current x array =  [-0.75783817 -0.50477517 -0.80310938  2.46704722  2.07204619 -3.08677697
 -3.33111387 -3.08965183 -3.09520799 -5.26482816 -4.80017565 -4.76853504
 -3.81240629 -5.02247611 -4.25004217 -4.19925347 -5.15747557]
log likelihood =  -1867.83319666
Edge derivatives =  [-0.15648831136712443, -0.4613699066651643, -0.5771417940608308, -0.14103520446098552, 0.034240837621104234, -0.05859552649988452, -0.07162185464229721, 0.11110696261592201, -0.004620894439576617, 0.24117412540328184, 0.4814255187347588, 0.24516604381800994]
other derivatives: [ 0.47807589  1.68695351  0.15334081 -0.03465175 -0.25504505]
Current x array =  [-0.76321596 -0.50481885 -0.79614963  2.4637417   2.07987272 -3.06647998
 -3.35145143 -3.10016638 -3.10026708 -5.27313339 -4.79811848 -4.77013882
 -3.81154491 -5.02356277 -4.25116394 -4.1982913  -5.16077328]
log likelihood =  -1867.82340859
Edge derivatives =  [-0.08914898298465444, -0.40442839477155523, -0.3865514323083977, -0.0018918284190749673, 0.04068978469896634, -0.05487358838425023, -0.07801111413438948, 0.04417478530249662, -0.010830954926593517, 0.21008689490007276, 0.4054007338208301, 0.2308963277783963]
other derivatives: [ 1.02170361  1.32588411 -0.2042043   0.01291482 -0.32232492]
Current x array =  [-0.76392816 -0.50403549 -0.79494242  2.46118818  2.08252894 -3.0624595
 -3.36212733 -3.10835753 -3.10417305 -5.27608394 -4.79812743 -4.77147611
 -3.81002134 -5.02441779 -4.25054644 -4.19533785 -5.16078804]
log likelihood =  -1867.80703012
Edge derivatives =  [0.02028026975590818, -0.26195272309998874, 0.04373932682408552, 0.3011919765820251, 0.05650180522502721, -0.05912834061064505, -0.09094139897651134, -0.07147397449677195, -0.030294074808590712, 0.1584833294446688, 0.2427641555940544, 0.19287653877893576]
other derivatives: [ 0.65408585 -0.00334239 -0.3396508   0.12375949 -0.25679583]
Current x array =  [-0.76283173 -0.50121987 -0.79447468  2.45511236  2.08715275 -3.04521907
 -3.39761484 -3.12847922 -3.11233017 -5.283853   -4.79548362 -4.77429428
 -3.80770651 -5.02550147 -4.24993697 -4.18917837 -5.15953768]
log likelihood =  -1867.80143149
Edge derivatives =  [-0.045024624604540014, -0.24226140727120837, 0.20816038464389952, 0.3543366740952959, 0.05215854094528162, -0.09679920119620727, -0.11712292921800166, -0.10094747528568589, -0.06952486818175069, 0.09838203034749632, 0.1168130558342898, 0.14856652818285787]
other derivatives: [ 0.20474999  0.16464128 -0.24333531  0.1029548  -0.1931312 ]
Current x array =  [-0.76202418 -0.50161616 -0.79475103  2.45535623  2.08796371 -3.02560563
 -3.41991903 -3.13788946 -3.11263147 -5.28573433 -4.7896725  -4.77298053
 -3.80707003 -5.02239971 -4.24708303 -4.18345673 -5.15501417]
log likelihood =  -1867.79776206
Edge derivatives =  [0.17328162806071978, 0.03816541797917393, 0.17691836646396597, 0.22868274493955143, 0.05855457823472493, -0.10493001153367909, -0.06978799462457051, -0.023056383146575682, -0.05851048951504742, 0.13161056492483936, 0.08181537075713038, 0.09226418257145248]
other derivatives: [-1.4862735  -1.43129455  0.29044713  0.23046596  0.15643309]
Current x array =  [-0.75897394 -0.4982984  -0.79661181  2.44955586  2.0865287  -3.015729
 -3.47267146 -3.14090221 -3.10534921 -5.28815644 -4.78629558 -4.77798399
 -3.80984123 -5.02444164 -4.2484842  -4.18234167 -5.14639423]
log likelihood =  -1867.79177115
Edge derivatives =  [0.02279707345544174, -0.053763665387075485, 0.14537506865572317, 0.15587952592849175, 0.04799628420184336, -0.13454514179935628, -0.09583261613571951, -0.021739118443966393, -0.08836276779222607, 0.08133556565732458, 0.029897244044945023, 0.07481277285250132]
other derivatives: [-0.68830559 -0.37623522  0.17655566  0.13060344  0.05290985]
Current x array =  [-0.76051079 -0.50056341 -0.79619339  2.45394081  2.08629781 -3.00570456
 -3.46919292 -3.14034564 -3.10297724 -5.28631166 -4.78314524 -4.77506353
 -3.80967949 -5.02109107 -4.2453791  -4.17946056 -5.1441712 ]
log likelihood =  -1867.78975832
Edge derivatives =  [0.005068606016626731, -0.04755360387128338, 0.07534330352842636, 0.051534914196698894, 0.04467891412100218, -0.13637730028870537, -0.08870280436141294, 0.004904502786497036, -0.09172963359328767, 0.055597774784535536, -0.0015301298003367048, 0.056473316223458664]
other derivatives: [-0.21063897  0.06862138  0.06309619  0.08922143  0.04515641]
Current x array =  [-0.76143468 -0.5015224  -0.79581365  2.45591681  2.08503037 -3.00386869
 -3.47153866 -3.1378163  -3.09880841 -5.28426703 -4.78287311 -4.77504003
 -3.81004148 -5.02048345 -4.24314883 -4.1773755  -5.14101074]
log likelihood =  -1867.78888529
Edge derivatives =  [0.03623829012631801, -0.011745206760213012, 0.016697922148522414, -0.033296626975274024, 0.044858506720244516, -0.12588587885678365, -0.07198492075828272, 0.023301255090363047, -0.08532274413974755, 0.036288723177391916, -0.027544948470274003, 0.03968458546522462]
other derivatives: [ 0.08042207  0.15434125 -0.02110028  0.0730779   0.04383764]
Current x array =  [-0.76198249 -0.50171374 -0.79554767  2.45677246  2.08414995 -3.00468868
 -3.47577774 -3.13570583 -3.09530272 -5.28272182 -4.78407229 -4.77631528
 -3.810287   -5.02126406 -4.24146357 -4.1757894  -5.13817892]
log likelihood =  -1867.78833272
Edge derivatives =  [0.04524113412462905, 0.001451996271633664, -0.023387692511727162, -0.07525236995659958, 0.04524111781132356, -0.11531032316673265, -0.061312564744782264, 0.018958977318494927, -0.07882704807325196, 0.020655670851575353, -0.036057446136467344, 0.029200190678805235]
other derivatives: [ 0.10720669  0.02260094 -0.11132215  0.05393304 -0.00013642]
Current x array =  [-0.76203593 -0.50145296 -0.79524314  2.4576262   2.08463823 -3.00356407
 -3.47942743 -3.13472235 -3.09404245 -5.28211223 -4.78569337 -4.7777687
 -3.81031625 -5.02260163 -4.24067219 -4.17567053 -5.13675183]
log likelihood =  -1867.78742096
Edge derivatives =  [0.09710505358030048, 0.05366543671953436, -0.034986098144998284, -0.07888692221738827, 0.0532147967221613, -0.07739899483074758, -0.02678802824489704, -0.00017509865046519413, -0.05259493318986804, -0.001097655275625005, -0.040806652433072826, 0.009523174841515776]
other derivatives: [ 0.42718966 -0.20795596  0.05766196  0.02487468 -0.02328306]
Current x array =  [-0.76253376 -0.5009623  -0.79590221  2.458808    2.08619413 -2.99983886
 -3.49216405 -3.13524164 -3.09395652 -5.28146077 -4.79075185 -4.78242958
 -3.81013374 -5.0271972  -4.2396321  -4.17637757 -5.13375277]
log likelihood =  -1867.78677547
Edge derivatives =  [0.09356467634415275, 0.06034270484952006, -0.07333607680437099, -0.08319582662034114, 0.058407883719132844, -0.03732689402376609, 0.004070386663990877, -0.023271599328426103, -0.023700063845899462, -0.027187490415982656, -0.0244080443908974, -0.0049354014358886505]
other derivatives: [-0.15288606 -0.0433829  -0.3562036  -0.03628884 -0.08249117]
Current x array =  [-0.76150244 -0.50126412 -0.79445284  2.46100404  2.08845436 -2.99390909
 -3.5009803  -3.1350874  -3.09485589 -5.2806166  -4.7966683  -4.78700307
 -3.81000942 -5.03223062 -4.23884226 -4.17837884 -5.13179202]
log likelihood =  -1867.78616225
Edge derivatives =  [0.052282724560399334, 0.03152972333970441, -0.04914603847461255, -0.04514690094001039, 0.05940889092312501, -0.033219227008712576, 0.0017786712355589498, -0.03139831016282014, -0.02250996116984485, -0.026992389659876343, -0.014450299770404046, -0.0008640562869722777]
other derivatives: [-0.00995897 -0.14410944 -0.12603323 -0.0516593  -0.06975824]
Current x array =  [-0.76175337 -0.50107619 -0.79526255  2.46172181  2.08875544 -2.99154712
 -3.49912309 -3.13593737 -3.09648162 -5.28038951 -4.79730566 -4.78696815
 -3.80986739 -5.03257034 -4.2389064  -4.17903192 -5.13227171]
log likelihood =  -1867.78585605
Edge derivatives =  [0.022485795199763133, 0.01148558779752308, -0.013940522156126733, 0.00795419876219676, 0.06225123975071434, -0.020615485600883617, 0.007444189491040004, -0.030243370481642294, -0.012850568422695679, -0.019322499056719355, 0.004448803328327873, 0.005136345224630731]
other derivatives: [ 0.00209184  0.02064553  0.06662049 -0.05766196 -0.01607532]
Current x array =  [-0.76176769 -0.50140606 -0.79594287  2.46191815  2.08895822 -2.98917803
 -3.49843667 -3.13708512 -3.09850058 -5.27989312 -4.79893883 -4.78761069
 -3.8099394  -5.033788   -4.23927866 -4.18009571 -5.13271858]
log likelihood =  -1867.78577353
Edge derivatives =  [0.002414532369996919, -6.267645092271346e-05, 0.00305867404185714, 0.029324196130522256, 0.06276746251323229, -0.013122141446026529, 0.010404230558480195, -0.02744084284405037, -0.007529341930340341, -0.017612574848419, 0.009743758756383884, 0.005488157763458016]
other derivatives: [ 0.05939    -0.03556124 -0.00691216 -0.05657057  0.00748059]
Current x array =  [-0.76185011 -0.50129951 -0.79568741  2.46184622  2.0891603  -2.98719922
 -3.49885193 -3.13781764 -3.09933042 -5.27928261 -4.7999619  -4.78803503
 -3.81010805 -5.03457052 -4.23938913 -4.18045418 -5.13267707]
log likelihood =  -1867.78562072
Edge derivatives =  [-0.017052795170441545, -0.007937060576970162, 0.007779026624991858, 0.02539543006303, 0.06015845745362565, -0.0035879909721142425, 0.016534158691407154, -0.012431790244476652, -2.854481004669826e-05, -0.017703189026836787, 0.004151752170688895, 0.0010017085630952133]
other derivatives: [ 0.0005457   0.0860382   0.00522959 -0.04279173  0.03697096]
Current x array =  [-0.76175817 -0.50155654 -0.79572343  2.46126669  2.08913712 -2.9849433
 -3.50028741 -3.13830083 -3.0991601  -5.27741661 -4.80148153 -4.78861731
 -3.81067015 -5.03565072 -4.23926619 -4.18023509 -5.13182407]
log likelihood =  -1867.78544501
Edge derivatives =  [-0.02168106239146829, -0.00865097641696564, 0.010669875099121609, 0.012716440508624027, 0.053762886161330944, 0.0034994606600316155, 0.020071816713315815, 0.006836000853341382, 0.0069852689194060315, -0.011777503371290118, -0.005399274477332121, -0.00372233408086718]
other derivatives: [ 0.01111857  0.11000338 -0.02737579 -0.00113687  0.04897629]
Current x array =  [-0.76176848 -0.50161376 -0.7956046   2.45955198  2.0892495  -2.9838076
 -3.50172801 -3.13881948 -3.09863384 -5.27479575 -4.80298362 -4.78895861
 -3.81151573 -5.03671375 -4.23957133 -4.17985906 -5.13107189]
log likelihood =  -1867.78542192
Edge derivatives =  [-0.05152629036727288, -0.02616328924182111, -0.005434699257137035, -0.021787987085333374, 0.033350136769699196, 0.0029867829261831236, 0.01086737535066408, 0.010715654493565704, 0.007278249733585193, -0.011108241499491321, -0.02122162429809391, -0.014307398359071686]
other derivatives: [-0.30872798 -0.19631443  0.10434178  0.0257387  -0.00691216]
Current x array =  [-0.76123687 -0.50101421 -0.7960381   2.45854141  2.09009598 -2.98097488
 -3.50343711 -3.13937133 -3.09791286 -5.26927042 -4.80478327 -4.78856546
 -3.81240908 -5.03770036 -4.23999173 -4.17964663 -5.12993877]
log likelihood =  -1867.7852617
Edge derivatives =  [-0.02695505057998561, -0.012439166374208943, -0.0040676050378051914, -0.02301649415574787, 0.03527643379464356, -0.00015587699688040732, 0.011123990551046091, 0.013889173356599727, 0.006190364673649392, -0.006971590884816761, -0.020859177283179316, -0.011992330538483873]
other derivatives: [-0.04599769 -0.03014975  0.02310117  0.03567493 -0.00911768]
Current x array =  [-0.76167656 -0.50134439 -0.79577022  2.45811687  2.08989074 -2.98277855
 -3.50311814 -3.13909426 -3.09759331 -5.26998242 -4.80413336 -4.78837177
 -3.81235004 -5.03726679 -4.24011482 -4.17947374 -5.130191  ]
log likelihood =  -1867.78522741
Edge derivatives =  [-0.019494346441794735, -0.009077092124046268, -0.003980054591196366, -0.02200400206245813, 0.03318848770429141, -0.0030158157588839572, 0.008338706036935824, 0.010611053834166773, 0.004600065316427818, -0.0047198046759947265, -0.01879792225627822, -0.011077735066569495]
other derivatives: [ 0.00286491 -0.01441549  0.01480203  0.03442437 -0.02100933]
Current x array =  [-0.76175688 -0.50137279 -0.79574575  2.45816425  2.08996819 -2.98331156
 -3.50299793 -3.13904914 -3.09762224 -5.26968643 -4.80392482 -4.78811695
 -3.81227862 -5.03707151 -4.24028193 -4.1795906  -5.13035636]
log likelihood =  -1867.78513906
Edge derivatives =  [-0.003966670338798162, -0.002153669257753857, -0.001970858893152863, -0.016623072058332022, 0.022455230363921518, -0.010076970814615064, -0.0011706818514568215, 0.0009233452906168768, 0.0013272080792952612, 0.0040192055982431335, -0.00988411908205733, -0.009062898698377666]
other derivatives: [ 0.07303242  0.00970886  0.00607088  0.02680736 -0.05268248]
Current x array =  [-0.76186909 -0.50141114 -0.7957262   2.45845884  2.09029549 -2.98410324
 -3.50316706 -3.13910812 -3.09786291 -5.26737008 -4.80388168 -4.7873167
 -3.81217493 -5.03680671 -4.24091256 -4.18016119 -5.13070146]
log likelihood =  -1867.78506678
Edge derivatives =  [0.005402110464641202, 0.005563654654302155, 0.004868149961472806, -0.006567080558614685, 0.012914309521185406, -0.01206449571958284, -0.006124945038419108, 0.0009337474122409553, 0.0015096354905003752, 0.014150076111805479, 0.002083738004301991, -0.00621757671667811]
other derivatives: [ 0.06416485  0.00723048 -0.0041382   0.01491571 -0.03064997]
Current x array =  [-0.76185298 -0.50139695 -0.79569986  2.45893534  2.09005897 -2.98443724
 -3.50375191 -3.13918153 -3.09808085 -5.26460474 -4.80423433 -4.78672065
 -3.812181   -5.03673672 -4.24134684 -4.18067035 -5.13086784]
log likelihood =  -1867.78510533
Edge derivatives =  [-0.023254503532165308, -0.0069408598190214, -0.008549248623328537, -0.026169033111379345, -0.012472871077565749, -0.008401562741941447, -0.013638120305539837, 0.0019833483723806188, 0.002458357418663109, 0.007108489694673981, -0.005387006211135845, -0.012716683256441432]
other derivatives: [ 0.0903583  -0.01591616  0.04333742  0.00427463 -0.06170922]
Current x array =  [-0.76193382 -0.50137621 -0.79586741  2.45951401  2.09042264 -2.98117399
 -3.50585274 -3.13926038 -3.09764612 -5.25681166 -4.80683139 -4.78631729
 -3.812686   -5.03755597 -4.24095731 -4.18056404 -5.12989008]
log likelihood =  -1867.78504324
Edge derivatives =  [-0.005493623285195981, 0.0008049923997093811, -0.00025389709723255827, -0.014039473179168163, 0.003282067839959068, -0.010657379047123428, -0.00898705774527386, 0.0013366939659740298, 0.0018728484316626048, 0.011465626667201533, -0.000763554556051739, -0.00869410394001892]
other derivatives: [ 0.07426024 -0.00150067  0.01400622  0.01091394 -0.04240519]
Current x array =  [-0.7618838  -0.50138904 -0.79576373  2.45915593  2.0901976  -2.98319331
 -3.50455274 -3.13921159 -3.09791514 -5.26163406 -4.80522431 -4.78656689
 -3.8123735  -5.03704902 -4.24119836 -4.18062983 -5.13049512]
log likelihood =  -1867.78540343
Edge derivatives =  [0.0064794452305841355, 0.012062623177476618, -0.002027362312148423, 0.008679306471769205, -0.011538519141114641, -0.004352130748472991, -0.009650794733830816, -0.003256605625165304, 0.0009787957355357896, -0.0027432680666104117, 0.008053841341747955, -0.00019002821856411306]
other derivatives: [-0.45467914  0.25299869 -0.28219347 -0.01907665  0.00820819]
Current x array =  [-0.76099635 -0.50187962 -0.79470873  2.4602438   2.08930661 -2.98427574
 -3.50435455 -3.1385098  -3.09861922 -5.25666351 -4.80684338 -4.7863583
 -3.81188588 -5.03655914 -4.24008071 -4.18061765 -5.13144256]
log likelihood =  -1867.78502522
Edge derivatives =  [-0.003344471364443366, 0.0028223840450225246, -0.0005706337448744825, -0.009965352547884263, 0.0006362654872366647, -0.009524198296508603, -0.00910524623496604, 0.0005156314048327948, 0.0017134377885586888, 0.008920074407901643, 0.0008173464790530022, -0.007168804050109945]
other derivatives: [-0.02046363  0.04413323 -0.0390628   0.00552518 -0.03335572]
Current x array =  [-0.76172476 -0.50147696 -0.79557466  2.45935089  2.09003792 -2.98338729
 -3.50451722 -3.13908582 -3.09804132 -5.26074327 -4.80551447 -4.78652951
 -3.81228611 -5.03696122 -4.24099806 -4.18062764 -5.13066492]
log likelihood =  -1867.78501029
Edge derivatives =  [-0.004139212073706239, 0.004230437595649325, 0.0021498185317652685, -0.002952215704609379, 0.001264876697442248, -0.008107633440048279, -0.007937578307435769, 0.0007530253157749314, 0.0019949567222089515, 0.008529728865838318, 0.00496214155590427, -0.005241349393873499]
other derivatives: [-0.02066827  0.01230092 -0.02060005 -0.00452474 -0.00932232]
Current x array =  [-0.76172874 -0.50141166 -0.79564284  2.45978004  2.08973772 -2.98344559
 -3.50446806 -3.13899094 -3.09820421 -5.26061502 -4.80555526 -4.78653958
 -3.81216085 -5.03685111 -4.24083413 -4.18070507 -5.13079009]
log likelihood =  -1867.78500264
Edge derivatives =  [-0.003845471951648541, 0.005565851622634808, 0.0030403179035849576, 0.0005411919716089425, 0.0017674819895017874, -0.005908903336664228, -0.005948255586017179, 0.002179549171009359, 0.002431243295293317, 0.0061970338641814185, 0.004998646565729396, -0.003866053315351394]
other derivatives: [-0.02057732  0.01364242 -0.00115961 -0.00488853  0.00609361]
Current x array =  [-0.76173265 -0.50141442 -0.79571167  2.45981327  2.08952204 -2.98358014
 -3.50438852 -3.13889278 -3.09826649 -5.26044197 -4.80574918 -4.78667019
 -3.81211238 -5.03680204 -4.24060183 -4.18060664 -5.13090008]
log likelihood =  -1867.78499828
Edge derivatives =  [-0.002420995113965277, 0.007538693267310624, 0.0019445075532730366, 0.005046049499348601, 0.0018687762355423113, -0.0016988488574808391, -0.0028102662357437705, 0.0021055945015361795, 0.0023366737151069607, -0.0010975847173336772, 0.0024961844796711277, -0.0016432178841712525]
other derivatives: [ 0.00482032 -0.05509264 -0.02639808 -0.00204636  0.01894023]
Current x array =  [-0.76177683 -0.50127753 -0.7956247   2.45973832  2.08927171 -2.98395186
 -3.50410078 -3.13866347 -3.09838272 -5.25998024 -4.80622842 -4.78697286
 -3.81199491 -5.0366837  -4.24008708 -4.18034277 -5.13118899]
log likelihood =  -1867.78499169
Edge derivatives =  [-0.0008784779831893519, 0.007858223809148114, 0.0008097372533611286, 0.0043264933937207095, 0.0017665647257332903, -0.001612557049224285, -0.002506038551986261, 0.0012505572601231238, 0.0019397999992682644, -0.0025984432179212355, 0.0009591306370963712, -0.0013237941142751272]
other derivatives: [ -2.47837306e-03  -7.48059392e-03  -7.04858394e-04   9.09494702e-05
   1.31649358e-02]
Current x array =  [-0.76176706 -0.50137294 -0.79571392  2.45964661  2.08930761 -2.98410672
 -3.50398252 -3.13861863 -3.09837434 -5.25997827 -4.80627363 -4.78702493
 -3.81197306 -5.03664004 -4.24002113 -4.18027464 -5.1312603 ]
log likelihood =  -1867.7849896
Edge derivatives =  [0.0006719776039392777, 0.007963817603461279, -0.0006250374898171401, 0.0035645995774613443, 0.0013549832813044846, -0.0017203961663285125, -0.002629451582132427, -0.00048466505170712687, 0.001266411954512263, -0.004191718793381656, -0.000448278131406743, -0.0010425777057810164]
other derivatives: [-0.00175078  0.00623004  0.00270575  0.00190994  0.00436557]
Current x array =  [-0.76176841 -0.50140009 -0.79572528  2.45957338  2.08937872 -2.98428049
 -3.5038271  -3.13857396 -3.09838128 -5.25992954 -4.80632068 -4.78706267
 -3.81193898 -5.03658157 -4.2399707  -4.18022484 -5.13135632]
      fun: 1867.784989596847
 hess_inv: <17x17 LbfgsInvHessProduct with dtype=float64>
      jac: array([ 0.00175078, -0.00623004, -0.00270575, -0.00190994, -0.00436557,
       -0.00067198, -0.00796382,  0.00062504, -0.0035646 , -0.00135498,
        0.0017204 ,  0.00262945,  0.00048467, -0.00126641,  0.00419172,
        0.00044828,  0.00104258])
  message: 'CONVERGENCE: REL_REDUCTION_OF_F_<=_FACTR*EPSMCH'
     nfev: 55
      nit: 50
   status: 0
  success: True
        x: array([-0.76176841, -0.50140009, -0.79572528,  2.45957338,  2.08937872,
       -2.98428049, -3.5038271 , -3.13857396, -3.09838128, -5.25992954,
       -4.80632068, -4.78706267, -3.81193898, -5.03658157, -4.2399707 ,
       -4.18022484, -5.13135632])
number of sites to be analyzed:  489
log likelihood =  -2605.77868059
Edge derivatives =  [-76.19527369701773, -19.925976509792015, -47.57660571070396, -43.60927545351589, -81.35331845443096, -75.47730556127644, -77.2024641425585, -64.186929539775, -82.15155341850276, -72.29600844159489, -73.32839357554154, -81.28344845635773]
other derivatives: [-116.38871911   -2.36673259   24.29292181  126.79506654    0.        ]
Current x array =  [-0.64149215 -0.55261911 -0.81901932  0.18232156  0.33647224 -2.30258509
 -2.30258509 -2.30258509 -2.30258509 -2.30258509 -2.30258509 -2.30258509
 -2.30258509 -2.30258509 -2.30258509 -2.30258509 -2.30258509]
log likelihood =  -2402.06527996
Edge derivatives =  [-57.066748697687615, -17.90723646276461, -33.12145008328303, -32.61171671442338, -59.704129730359234, -55.5406587629213, -56.681304421304496, -46.64382209439225, -60.36723657652472, -52.69030916667984, -53.541165222747, -59.51725733582354]
other derivatives: [ 132.20233086   23.83758329   38.01901585  140.38191694    0.        ]
Current x array =  [-1.03837345 -0.56068958 -0.816397    0.61468813  0.33647224 -2.56240821
 -2.32542303 -2.46481959 -2.45129114 -2.57999695 -2.55995996 -2.56584269
 -2.52146019 -2.58271891 -2.54911186 -2.55263225 -2.5797587 ]
log likelihood =  -2066.53337989
Edge derivatives =  [-20.46494063381129, -7.157547078876343, 1.6286735227368152, -1.0928453893270802, -19.829654645422206, -16.470781748537767, -17.348505944466577, -8.18488422503973, -19.70040968475725, -13.198956749341168, -13.425368159700358, -18.963866857482728]
other derivatives: [ 110.61583791  -17.56930033  -50.2713192    33.33725545    0.        ]
Current x array =  [-1.16746591 -0.47045823 -0.69732595  2.00400711  0.33647224 -3.27746324
 -2.41532813 -2.90027692 -2.8603248  -3.33807598 -3.26393778 -3.28534546
 -3.11754777 -3.34857552 -3.2211813  -3.23473104 -3.33659131]
log likelihood =  -2092.12787025
Edge derivatives =  [-15.840064893867295, -14.397237173421084, -5.6077802681596225, -8.389572803559458, -14.961184459624366, -13.751000126751686, -13.48902596485776, -8.313542740765442, -14.298924290418135, -9.079828502166922, -10.715957328056973, -13.079594536571014]
other derivatives: [  17.29176802  136.5506705   162.74088921   -2.28110366    0.        ]
Current x array =  [-0.8203494  -0.8664725  -1.59233381  2.57190365  0.33647224 -3.75807816
 -2.50234414 -2.9943963  -2.97479738 -3.82658743 -3.68726155 -3.72656355
 -3.39223584 -3.83659989 -3.59010268 -3.60901605 -3.81248841]
log likelihood =  -2039.54229154
Edge derivatives =  [-17.534079692971318, -8.477386822441401, 1.358936253263855, -1.6372087223320655, -16.820633262152434, -14.541910027516295, -14.767085975204832, -6.86731710766594, -16.56288033496808, -10.297455757991619, -11.092664862314594, -15.621260192333034]
other derivatives: [ 78.5797738   55.66739674  84.64189705  18.76644546   0.        ]
Current x array =  [-1.03985357 -0.61604711 -1.02636257  2.21278601  0.33647224 -3.45415432
 -2.4473183  -2.93487854 -2.90240898 -3.51767011 -3.41956661 -3.44755287
 -3.21853285 -3.52799058 -3.35680988 -3.37233147 -3.51154796]
log likelihood =  -1998.2572635
Edge derivatives =  [-12.441240652289183, -6.5514394588158815, 5.4294481789878395, 2.6518390876027174, -11.330255313250941, -8.762734673403857, -9.318244630745205, -1.1557074291402825, -10.776286441999332, -4.656155288758005, -5.117778485718107, -10.064568708894578]
other derivatives: [ 52.62002105  23.55366178  51.48526725   2.12730811   0.        ]
Current x array =  [-0.93683742 -0.53881646 -0.95448662  2.56364925  0.33647224 -3.70099018
 -2.49406393 -3.02253376 -2.9951895  -3.77204209 -3.64784815 -3.68212975
 -3.38415406 -3.78289496 -3.55992446 -3.5800496  -3.76058878]
log likelihood =  -1978.63244413
Edge derivatives =  [-7.579799995290737, -3.663910034110429, 6.879110384876446, 3.732576583497949, -6.263684953058968, -4.057719849665209, -4.2248844486168595, 3.373771304536322, -5.09983487571506, -0.2900269559613247, -0.19962387874205592, -4.715367746234318]
other derivatives: [-53.50248102  40.19780135  -2.28728823  -7.80721621   0.        ]
Current x array =  [-0.72190303 -0.56718276 -0.79342314  2.82216085  0.33647224 -4.04155537
 -2.58480077 -3.04606114 -3.04372543 -4.10970643 -3.93220664 -3.98114065
 -3.53638935 -4.11432598 -3.78432301 -3.8104244  -4.08165434]
log likelihood =  -1973.78628453
Edge derivatives =  [-6.791585335291027, -3.273484371175503, 6.143055210773208, 4.224589385055574, -5.385079955554176, -2.665304349904554, -3.5404392506586433, 3.804688396083132, -4.322874175891311, 0.7347216453432084, 0.8448760672315769, -4.093874676594943]
other derivatives: [-11.10201993 -16.81512458  -3.45632998  -9.0300091    0.        ]
Current x array =  [-0.78208017 -0.45513804 -0.79306606  2.88258148  0.33647224 -4.11407983
 -2.60464696 -3.04113594 -3.04978842 -4.17909143 -3.98901947 -4.04025442
 -3.55729877 -4.18005102 -3.82427228 -3.85083009 -4.14514751]
log likelihood =  -1972.39819586
Edge derivatives =  [-6.0085022500189975, -2.515797703316863, 6.1631295009741, 4.294866792902051, -4.6015806619073265, -1.9757396622705534, -2.785766612756932, 4.33364844388292, -3.486896156905736, 1.405792063664625, 1.5360370344020464, -3.2860939604432424]
other derivatives: [-5.78031631 -7.91640105 -4.55088411 -9.65517302  0.        ]
Current x array =  [-0.78841118 -0.46779559 -0.79103425  2.90478964  0.33647224 -4.17710273
 -2.62402845 -3.03007531 -3.04744869 -4.23839406 -4.03496078 -4.08985779
 -3.56959186 -4.23590876 -3.85398632 -3.88101662 -4.19902226]
log likelihood =  -1968.78956792
Edge derivatives =  [-3.7416176803857795, -0.29284126533536436, 3.4715508134928403, 2.9167507516082947, -2.336505761482966, 0.1342426937709092, -0.7516155856175448, 4.840794791129699, -1.0467493992297368, 3.1260119869194956, 3.29674740010702, -1.0442648299890926]
other derivatives: [-3.58013494  0.12648798  1.00651505 -9.5150881   0.        ]
Current x array =  [-0.78742158 -0.47846915 -0.8114044   2.8958735   0.33647224 -4.41731065
 -2.70120707 -2.94714869 -3.00631067 -4.45679886 -4.19268661 -4.26431814
 -3.57472526 -4.43538186 -3.93539199 -3.96319422 -4.39053508]
log likelihood =  -1965.77795811
Edge derivatives =  [-2.480566378387283, 0.973370801458812, -0.7026881551445432, -0.2192745293163761, -1.2365657269545323, 0.8263725847433921, -0.1444172819884906, 1.9392077785812525, 0.06090061846248006, 2.334297681926429, 2.562996353559812, -0.21374686354056172]
other derivatives: [ 17.80877028  12.45871317  -3.77985998  -3.12454631   0.        ]
Current x array =  [-0.82439917 -0.50563459 -0.7962066   2.66876287  0.33647224 -4.60215488
 -2.73761277 -2.83503569 -2.91883559 -4.59334474 -4.23827034 -4.34156572
 -3.44200755 -4.52845916 -3.8721935  -3.89530418 -4.48146894]
log likelihood =  -1964.84261418
Edge derivatives =  [-1.898602534772027, 1.0257195639465755, -3.4308885772097555, -1.9693782935267328, -0.7470808614508122, 1.3278651512057316, 0.05889434316290628, -0.055797043142233785, 0.5479092254487332, 1.7698079137418001, 1.989382274456664, 0.08033016878555622]
other derivatives: [-1.70768999  1.62981451  1.95532266  0.67420842  0.        ]
Current x array =  [-0.79267476 -0.48515798 -0.8124803   2.54994265  0.33647224 -4.72493509
 -2.75514795 -2.79345916 -2.8850068  -4.68556848 -4.27124277 -4.3970672
 -3.38004249 -4.59162014 -3.84254673 -3.86226918 -4.54510616]
log likelihood =  -1964.69562722
Edge derivatives =  [-1.9103949672692626, 0.7881172315358492, -2.768883381164631, -1.646185496968573, -0.8286195783390468, 1.1905661619214964, -0.10318329804863585, -0.29120262063240643, 0.39669391916663416, 1.4365294474639294, 1.6469598800160041, -0.07945531581941367]
other derivatives: [-0.71163413 -0.73603132  0.34647201  0.95571977  0.        ]
Current x array =  [-0.79428357 -0.48087006 -0.80724263  2.54141668  0.33647224 -4.72087122
 -2.74558023 -2.80889879 -2.89209975 -4.6763561  -4.25444392 -4.3854184
 -3.37233995 -4.57664193 -3.82479186 -3.84327746 -4.53258121]
log likelihood =  -1964.41345821
Edge derivatives =  [-1.701588869862764, 0.23502948774356347, -0.7248115641505587, -0.48616495440658536, -0.8291117959983854, 0.9817806101345022, -0.3358104832614287, -0.7306984793137079, 0.18835260950833038, 0.6183511275021434, 0.7683958838623649, -0.3090280542749019]
other derivatives: [-0.00650289 -3.30844614 -1.64168341  1.38895757  0.        ]
Current x array =  [-0.79508917 -0.47550011 -0.8011334   2.5273992   0.33647224 -4.74986929
 -2.72321866 -2.85619954 -2.91649615 -4.68278687 -4.22085781 -4.3763677
 -3.35742358 -4.55781947 -3.78033043 -3.79430043 -4.52282115]
log likelihood =  -1964.19751572
Edge derivatives =  [-1.2515902706415272, -0.007706239682066296, 0.5785865268159522, 0.38806353780049474, -0.5431541081180592, 0.9766797438962096, -0.22060725723302083, -0.7005267021840333, 0.2812445312151206, 0.11549072054581948, 0.1742352985122305, -0.21106917931962677]
other derivatives: [ 0.37734935 -2.40595455 -1.55807811  1.21085577  0.        ]
Current x array =  [-0.79517484 -0.47574249 -0.80205469  2.53172659  0.33647224 -4.82975235
 -2.71225192 -2.88569315 -2.93248531 -4.73045583 -4.2038497  -4.39919593
 -3.35646495 -4.56919592 -3.75024721 -3.75912836 -4.54715923]
log likelihood =  -1963.97798089
Edge derivatives =  [-0.6695332820353683, -0.31031879709952803, 0.7412945289480806, 0.4738041966544637, -0.18942045308162617, 0.5823105338318568, -0.03127869234609319, -0.22919396889993285, 0.2934441071455853, -0.4737203165673639, -0.5478066627832578, -0.05695985920502419]
other derivatives: [ 0.47618869 -1.1700422   0.26582256  0.1850367   0.        ]
Current x array =  [-0.79584003 -0.47668242 -0.80859696  2.5636136   0.33647224 -4.96307771
 -2.6998995  -2.88996424 -2.92721274 -4.80257242 -4.15148813 -4.43102326
 -3.36982061 -4.57233759 -3.71488246 -3.71777784 -4.58161927]
log likelihood =  -1963.95841517
Edge derivatives =  [-0.23204712898415716, -0.0006098597228851171, 0.263082857985728, 0.14961289151465418, 0.1492869964472437, 0.31423169743682555, 0.2822573248639678, 0.24126595549133215, 0.4553357391138642, -0.38806545526254266, -0.4083454016794642, 0.252124633017002]
other derivatives: [-1.91830622  0.3954483  -5.76769708 -0.2312845   0.        ]
Current x array =  [-0.79148247 -0.47842166 -0.79015937  2.57505111  0.33647224 -5.08865244
 -2.7087067  -2.87693528 -2.91505151 -4.87320865 -4.11949959 -4.46709844
 -3.38168809 -4.58426967 -3.71818756 -3.72055894 -4.62217264]
log likelihood =  -1963.89461012
Edge derivatives =  [-0.22043097119832364, -0.08896282585282145, -0.09865962950575158, -0.06141705594233825, 0.10845011272560479, 0.13959615507103518, 0.22653345509072498, 0.23167347594500493, 0.3476196641730785, -0.4065389300046912, -0.46640276378046774, 0.208431535925562]
other derivatives: [ 0.37855443  0.82329734 -0.01441549 -0.18787887  0.        ]
Current x array =  [-0.79594541 -0.47952245 -0.80816059  2.57552476  0.33647224 -5.09565275
 -2.70712967 -2.86955592 -2.90843061 -4.87208053 -4.10473595 -4.46273042
 -3.3818942  -4.57451906 -3.7152388  -3.71757093 -4.61780744]
log likelihood =  -1963.88702106
Edge derivatives =  [-0.25346753150313217, -0.0625660854387905, -0.16934523865514473, -0.09687109424781933, 0.06486500249585123, 0.10857418587911415, 0.19219631849915628, 0.23909064780450925, 0.3024473283925228, -0.2989919956362692, -0.33643937597885115, 0.18193636948201553]
other derivatives: [ 0.04665708  0.22387212  0.19508661 -0.1914259   0.        ]
Current x array =  [-0.79538699 -0.47852722 -0.80872823  2.57567169  0.33647224 -5.08660591
 -2.7085925  -2.86849885 -2.90822873 -4.86469987 -4.10387803 -4.45791278
 -3.38267524 -4.56958041 -3.72141706 -3.72474804 -4.61277453]
log likelihood =  -1963.87435114
Edge derivatives =  [-0.2587504455626284, 0.010138317628590438, -0.261645633731889, -0.17198943423527227, -0.01445764661812491, -0.0891713084972543, 0.1082068780204353, 0.1977706152451259, 0.16083871920223253, -0.10138894511975652, -0.08028528754300779, 0.1274928933601991]
other derivatives: [-0.60033472  0.36554866  0.26445832 -0.0604814   0.        ]
Current x array =  [-0.79438021 -0.47891517 -0.80869537  2.57147993  0.33647224 -5.08598404
 -2.71160384 -2.8669407  -2.90672837 -4.8551581  -4.09069162 -4.44719184
 -3.38134807 -4.55283778 -3.73339953 -3.73888407 -4.60206979]
log likelihood =  -1963.93301919
Edge derivatives =  [-0.045600683270735486, 0.24154837134450627, -0.3749365727475589, -0.11347684952106887, 0.09019095316686902, -0.2248069433009121, 0.15964254913670578, 0.1957112269928058, 0.09163174122700672, 0.2885906859935891, 0.3772362350149932, 0.20542465684614256]
other derivatives: [ 4.36980372 -6.95556537 -0.60717866  0.06045866  0.        ]
Current x array =  [-0.80177923 -0.46585326 -0.80629775  2.56912257  0.33647224 -5.15593419
 -2.72038689 -2.86538577 -2.9046921  -4.8841908  -4.071521   -4.45493105
 -3.3798946  -4.54309773 -3.75326427 -3.76008046 -4.61175539]
log likelihood =  -1963.87188003
Edge derivatives =  [-0.22132905359547622, 0.04919231087558257, -0.2804084005079233, -0.16188388113511334, 0.0033495349537745085, -0.11134284864373904, 0.11690647452028319, 0.19768134614116206, 0.14944667234079329, -0.03542378181363226, -0.0028766852952829686, 0.14062021394448385]
other derivatives: [ 0.23712801 -0.83196028  0.11818884 -0.04029062  0.        ]
Current x array =  [-0.7956191  -0.47672809 -0.80829392  2.57108521  0.33647224 -5.09769644
 -2.71307447 -2.86668035 -2.90638742 -4.86001931 -4.08748171 -4.44848769
 -3.3811047  -4.55120692 -3.73672567 -3.74243318 -4.60369154]
log likelihood =  -1963.86817408
Edge derivatives =  [-0.1854695540974332, 0.055376458824709894, -0.16601072314053944, -0.10340733929770511, -0.009644968709479076, -0.21641733333322338, 0.08251173813152138, 0.1487418180322982, 0.08459119023310105, -0.008401172600194351, 0.04105471101803481, 0.11938824039291154]
other derivatives: [ 0.02921752 -0.48482889 -0.00968612  0.03703917  0.        ]
Current x array =  [-0.79527013 -0.47730008 -0.80781591  2.56851073  0.33647224 -5.10712271
 -2.71311324 -2.86931333 -2.90730566 -4.86054407 -4.07905504 -4.44515555
 -3.37908614 -4.54346943 -3.73887498 -3.7449486  -4.60045897]
log likelihood =  -1963.86485737
Edge derivatives =  [-0.12176322530198358, 0.04573436477185308, 0.003249763248062254, -0.00878895783254191, 0.010083380584488127, -0.2379627340288572, 0.06859139547187892, 0.05511153395987753, 0.05090700132105602, -0.006077418748639887, 0.038082859800065094, 0.11080345582726353]
other derivatives: [-0.21693722 -0.21684627 -0.01987246  0.06868959  0.        ]
Current x array =  [-0.79482481 -0.4776867  -0.80774952  2.56736663  0.33647224 -5.12450565
 -2.71243869 -2.87286337 -2.90888626 -4.86625232 -4.07633433 -4.4445667
 -3.37543214 -4.53898973 -3.73958631 -3.74489825 -4.59962399]
log likelihood =  -1963.8664467
Edge derivatives =  [-0.07692639881196879, 0.07407658318741306, 0.23405334240931197, 0.11499700469772695, 0.017926607899629583, -0.16987538995115653, 0.05039901587573334, -0.03143253138401146, 0.015455753153994563, 0.06790647791527454, 0.09924149909402546, 0.08935694017153856]
other derivatives: [ 1.75525656  1.30885383 -0.41268322  0.04758931  0.        ]
Current x array =  [-0.79793188 -0.48051451 -0.80654089  2.56789261  0.33647224 -5.13495649
 -2.71155385 -2.87555658 -2.91074085 -4.8662804  -4.08178094 -4.44000967
 -3.37102112 -4.53261062 -3.74369308 -3.74781106 -4.59368103]
log likelihood =  -1963.86382381
Edge derivatives =  [-0.10440345752431221, 0.05668015177650327, 0.09230375437546591, 0.03900005046873972, 0.013116852283868483, -0.21164042865330157, 0.06158699253831609, 0.02182917894975033, 0.0372850871582628, 0.022538332994948854, 0.0617288513095319, 0.10255470531656238]
other derivatives: [ 0.54460543  0.37382506 -0.17123511  0.06057235  0.        ]
Current x array =  [-0.7960219  -0.47877619 -0.80728386  2.56756928  0.33647224 -5.12853213
 -2.71209778 -2.873901   -2.9096008  -4.86626314 -4.07843279 -4.44281098
 -3.37373267 -4.536532   -3.74116856 -3.74602049 -4.5973343 ]
log likelihood =  -1963.86226121
Edge derivatives =  [-0.06297131282223803, 0.03691960751182699, 0.17848116192625543, 0.08865250772384688, 0.03500788233398951, -0.16791416593401692, 0.05973110401590641, -0.04875574926235539, 0.030698515666843437, 0.01761622494463981, 0.04013260419645642, 0.09714651818965875]
other derivatives: [ 0.21721007  0.3049081  -0.06216396  0.03165042  0.        ]
Current x array =  [-0.79546573 -0.478612   -0.80760224  2.56841939  0.33647224 -5.14047078
 -2.71124382 -2.8756087  -2.91053499 -4.87082099 -4.08123291 -4.44314874
 -3.37121938 -4.5354214  -3.74129946 -3.74508497 -4.59712522]
log likelihood =  -1963.86069317
Edge derivatives =  [-0.04143388529740845, 0.010903060442973886, 0.17846093819209508, 0.08437592396473753, 0.04219299499326626, -0.09904900251068226, 0.046616685401822955, -0.1061574275806941, 0.014662729773470523, 0.02003004326216512, 0.022090101814417673, 0.07432293944499575]
other derivatives: [ 0.027444    0.1495664   0.03051355  0.00129603  0.        ]
Current x array =  [-0.79518588 -0.47841359 -0.80781759  2.56943721  0.33647224 -5.14737964
 -2.71009945 -2.87514517 -2.91054066 -4.87172583 -4.08702188 -4.44127282
 -3.36936598 -4.53336501 -3.74197262 -3.74463323 -4.59413289]
log likelihood =  -1963.85914216
Edge derivatives =  [-0.0246802071821871, -0.014107557902314521, 0.07360151857372521, 0.02351846536196911, 0.04315504963847561, -0.00769470348569614, 0.02691739517545758, -0.12324343513760944, -0.011883969791028522, 0.03081746609503308, 0.008844006410815994, 0.036053635632794456]
other derivatives: [-0.10074928 -0.00038654  0.08349161 -0.02983143  0.        ]
Current x array =  [-0.79505541 -0.47833109 -0.80785572  2.57058676  0.33647224 -5.15417412
 -2.70886238 -2.8719267  -2.90942153 -4.87069294 -4.09559015 -4.43752587
 -3.36905639 -4.53017092 -3.74324474 -3.74472759 -4.5885888 ]
log likelihood =  -1963.85856217
Edge derivatives =  [-0.019330295002041385, -0.021245713328099478, 0.006561496331898314, -0.0037344617074727415, 0.03364963868623039, 0.007117851582275885, 0.008351145022743978, -0.06617853805487527, -0.03449317896450488, 0.012148497835600583, -0.01090875801021339, 0.006222051332169368]
other derivatives: [-0.05900347 -0.04629328  0.00909495 -0.0039563   0.        ]
Current x array =  [-0.79517025 -0.47834798 -0.80755874  2.56987349  0.33647224 -5.15673465
 -2.70841395 -2.87000552 -2.90891639 -4.86817504 -4.09771009 -4.43438943
 -3.37129536 -4.52799061 -3.7425325  -3.74417155 -4.58455348]
log likelihood =  -1963.85849072
Edge derivatives =  [-0.008937412274350144, 0.006518220030664018, -0.041488925142528665, -0.00967256775544209, 0.03167366265363165, 0.015654174861486403, 0.010049281824653075, 0.026279313460339217, -0.027708240382778023, 0.01948874093402299, 0.00784587006488735, 0.00288146740564537]
other derivatives: [ 0.04520189  0.06455139  0.23965185 -0.00807177  0.        ]
Current x array =  [-0.7953324  -0.47854262 -0.80832059  2.57003124  0.33647224 -5.16031682
 -2.70942907 -2.86863552 -2.90867256 -4.8671261  -4.09881922 -4.43365808
 -3.37470371 -4.52912948 -3.74266884 -3.74522953 -4.58363171]
log likelihood =  -1963.85837192
Edge derivatives =  [-0.010260965328901157, 0.008402235197533803, -0.026350015993059556, -0.005003598867112213, 0.029625665273092232, 0.012165891002154185, 0.008753281544993316, 0.036423358694771535, -0.024523326164101588, 0.006532267585530757, 2.5593729179609892e-05, 0.0010786047253331672]
other derivatives: [-0.02953584  0.03760761 -0.11109478 -0.00422915  0.        ]
Current x array =  [-0.79518755 -0.47848335 -0.80720123  2.56983277  0.33647224 -5.15981538
 -2.70938116 -2.86894681 -2.90883744 -4.86645778 -4.09859129 -4.4334344
 -3.37505176 -4.52949002 -3.74206513 -3.74483427 -4.5834495 ]
log likelihood =  -1963.85833125
Edge derivatives =  [-0.011231194802917193, 0.0037286102644571023, -0.01231322301973492, 0.0007702971883908616, 0.028550500877578766, 0.006831328744571635, 0.007294295384721698, 0.02124756666837624, -0.025868138077439522, 0.005691560299640255, -0.0016255551083508152, 0.0015535707133024646]
other derivatives: [-0.00884484  0.02412435 -0.02296474 -0.00086402  0.        ]
Current x array =  [-0.79522662 -0.47845421 -0.80748377  2.56974435  0.33647224 -5.15932594
 -2.70926121 -2.8693574  -2.90895037 -4.86648383 -4.09803969 -4.43351311
 -3.37451816 -4.52936796 -3.74200496 -3.7447246  -4.58362112]
log likelihood =  -1963.85830991
Edge derivatives =  [-0.009721720172219325, 0.0033740689400624663, -0.002118841282790218, 0.005802007639875956, 0.02655179483091439, 0.00320945399134568, 0.005046974906518939, 0.01820732451493877, -0.025618630103594314, 0.0041120717857082295, -0.0009464117044234444, 0.00046371785698213694]
other derivatives: [ 0.0314003  -0.02905836  0.00306954  0.00256932  0.        ]
Current x array =  [-0.79528925 -0.47835376 -0.80757095  2.56964823  0.33647224 -5.15969653
 -2.70926354 -2.86962579 -2.90903597 -4.86618584 -4.09767886 -4.43335365
 -3.37443971 -4.52947647 -3.74190305 -3.74475531 -4.58352598]
log likelihood =  -1963.85827723
Edge derivatives =  [-0.007300678483227078, 0.0033848686046570597, 0.015370050313008449, 0.012004021684193483, 0.021977564266657576, -0.0017825524750067212, 0.0011797612580767489, 0.013375082603403268, -0.022540875802845136, 0.0006790393213696733, 0.000405709948576069, -0.0011438126720203154]
other derivatives: [ 0.01380158 -0.01869012  0.04451977  0.00484306  0.        ]
Current x array =  [-0.79526052 -0.47836172 -0.80770533  2.569569    0.33647224 -5.16023271
 -2.70927795 -2.8700532  -2.90915257 -4.86537402 -4.09727124 -4.43301971
 -3.37433192 -4.52995506 -3.74170339 -3.74484515 -4.5833149 ]
log likelihood =  -1963.85823427
Edge derivatives =  [-0.0025981773866786424, 0.006077404011299248, 0.028012566837548547, 0.01395990473533984, 0.01396015156305965, -0.0029178399306359695, -0.004079099526296745, 0.012270465646888072, -0.012292834532252724, -0.004645342969770247, 0.003756118659849303, -0.003912684584077928]
other derivatives: [ 0.05854872 -0.09185896  0.02789875  0.00352429  0.        ]
Current x array =  [-0.79532839 -0.47822373 -0.807659    2.56962084  0.33647224 -5.16161731
 -2.70934636 -2.87031496 -2.90916173 -4.86367317 -4.09721922 -4.43242106
 -3.37441688 -4.53134004 -3.74135801 -3.74504072 -4.58288507]
log likelihood =  -1963.8581984
Edge derivatives =  [-0.0003655412780486818, 0.005560624893069632, 0.027156053868670454, 0.00751065500640774, 0.006869491324649838, -0.002860061795789348, -0.007899989239199885, 0.0053647915701830196, -0.003912558340582399, -0.00781977519870626, 0.0047418434947748694, -0.005897618785808696]
other derivatives: [-0.01195986 -0.00363798  0.02355591  0.00045475  0.        ]
Current x array =  [-0.7952268  -0.47838713 -0.80763596  2.56970271  0.33647224 -5.16232908
 -2.70928247 -2.87022594 -2.90903323 -4.86216397 -4.09743437 -4.43191914
 -3.37425981 -4.53239187 -3.74118438 -3.74514921 -4.58247455]
log likelihood =  -1963.85818596
Edge derivatives =  [-0.000465916239265899, 0.005667870099448885, 0.014860875451468941, 0.00019869001164915523, 0.0053350756078234425, 0.0003218922432178528, -0.007349953819644744, 0.0037821929498026152, 0.00014007634631649918, -0.006375371502353011, 0.0055850165549996555, -0.005512619798903301]
other derivatives: [-0.00811724  0.00991349 -0.00454747 -0.00306954  0.        ]
Current x array =  [-0.79523856 -0.4784209  -0.80754218  2.56982002  0.33647224 -5.16246422
 -2.70925043 -2.8698908  -2.90888479 -4.86173178 -4.09779028 -4.43188377
 -3.37421552 -4.53283448 -3.74124715 -3.74519666 -4.58243589]
log likelihood =  -1963.85818076
Edge derivatives =  [-0.0012946127588357656, 0.00400423370212287, 0.0015366652116806934, -0.00402764670973782, 0.004655110888497047, 0.0008556197963484127, -0.005863187658960198, 0.0017233011892239108, 0.002123442406436027, -0.0040184422615427845, 0.004928660222586909, -0.0043453881105757555]
other derivatives: [-0.0264663  -0.00688942 -0.00891305 -0.00347882  0.        ]
Current x array =  [-0.79521395 -0.47839728 -0.80752257  2.56984507  0.33647224 -5.16236457
 -2.70919171 -2.86959187 -2.90882013 -4.86157081 -4.0978902  -4.43204346
 -3.37415157 -4.53304722 -3.74136226 -3.7451604  -4.58258909]
log likelihood =  -1963.85818493
Edge derivatives =  [-0.0024517685132890415, 0.001864916085477536, -0.006597716397463899, -0.003730081263067564, 0.0039586758059497774, -0.0003604350005281323, -0.0026481531583552737, -0.0046521608438882395, 0.0051990551507469646, 0.0006906757126576013, 0.003900674014324923, -0.0010999108680946092]
other derivatives: [ 0.07287326  0.04552021 -0.01955414 -0.00227374  0.        ]
Current x array =  [-0.79537991 -0.47849895 -0.80749012  2.56982422  0.33647224 -5.16207048
 -2.70904691 -2.86934346 -2.90881419 -4.86137535 -4.09780312 -4.4323832
 -3.37385577 -4.53328821 -3.74153928 -3.74503386 -4.58294612]
log likelihood =  -1963.85817869
Edge derivatives =  [-0.001716904370934651, 0.003223466643649739, -0.0014318008889329104, -0.003919019768790638, 0.004400934677988204, 0.00041177592077555614, -0.0046896717647749685, -0.0006032561636846734, 0.0032460055991362924, -0.0022996679546405246, 0.004553523465364126, -0.0031607605462922704]
other derivatives: [ 0.00977707  0.0122327  -0.01282388 -0.00309228  0.        ]
Current x array =  [-0.79527452 -0.47843439 -0.80751073  2.56983746  0.33647224 -5.16225724
 -2.70913887 -2.86950121 -2.90881796 -4.86149947 -4.09785842 -4.43216745
 -3.37404362 -4.53313517 -3.74142687 -3.74511421 -4.58271939]
      fun: 1963.8581786947657
 hess_inv: <17x17 LbfgsInvHessProduct with dtype=float64>
      jac: array([-0.00977707, -0.0122327 ,  0.01282388,  0.00309228, -0.        ,
        0.0017169 , -0.00322347,  0.0014318 ,  0.00391902, -0.00440093,
       -0.00041178,  0.00468967,  0.00060326, -0.00324601,  0.00229967,
       -0.00455352,  0.00316076])
  message: 'CONVERGENCE: REL_REDUCTION_OF_F_<=_FACTR*EPSMCH'
     nfev: 41
      nit: 36
   status: 0
  success: True
        x: array([-0.79527452, -0.47843439, -0.80751073,  2.56983746,  0.33647224,
       -5.16225724, -2.70913887, -2.86950121, -2.90881796, -4.86149947,
       -4.09785842, -4.43216745, -3.37404362, -4.53313517, -3.74142687,
       -3.74511421, -4.58271939])
