/home3/jxiong7/IGCexpansion/IGCexpansion/CodonGeneconv.py:275: FutureWarning: comparison to `None` will result in an elementwise object comparison in the future.
  if not x == None:
number of sites to be analyzed:  163
Successfully loaded parameter value from ./test/save/MG94_YDR418W_YEL054C_nonclock_save.txt
log likelihood =  -1739.17627613
Edge derivatives =  [-0.00019072405244434376, -0.0033762202883938497, -0.00022454919874867474, -0.0014373985851609539, -0.004031298171945884, -0.0018824036844427919, -0.005694521380016221, -0.0033177908248687438, 0.003676252701018533, 0.003411086842994168, 0.0001526422185278431, 0.0014044264959808747]
other derivatives: [ 0.00836735 -0.00648015  0.01018634  0.00193268 -0.00047748 -0.00427463]
Current x array =  [-0.72256811 -0.48683372 -0.89819735  2.12859353 -2.57460828  0.34355998
 -3.92767959 -1.53376139 -1.5639516  -1.76191835 -3.65954146 -3.62673622
 -3.43764578 -2.46092442 -3.69257557 -2.87092317 -2.84518781 -3.82134878]
log likelihood =  -1739.22441398
Edge derivatives =  [0.013441531621378837, 0.08266452338881841, -0.011406611690753798, 0.01730596437837753, 0.015035673866247594, 0.03079983276247901, 0.05544604054333121, 0.12860130803686345, 0.0035492506139171223, -0.0645541968583227, 0.008865083291225706, -0.003470681372761332]
other derivatives: [-5.44869181  3.57695171 -2.54080987  0.02851266  0.00713953  0.18969786]
Current x array =  [-0.71420075 -0.49331387 -0.88801101  2.1305262  -2.57508576  0.33928535
 -3.92787031 -1.53713761 -1.56417615 -1.76335575 -3.66357275 -3.62861862
 -3.4433403  -2.46424221 -3.68889931 -2.86751209 -2.84503517 -3.81994435]
log likelihood =  -1739.17627553
Edge derivatives =  [-0.00014270594133685213, -0.003071453291586118, -0.0002614774309932233, -0.001369744277007423, -0.003963191678695369, -0.0017667260883035413, -0.005477605680639951, -0.0028508055172532243, 0.0036758196101228102, 0.003172031047111487, 0.00018385251918856538, 0.0013873542932771876]
other derivatives: [-0.01061835  0.00641194  0.00127329  0.00209184 -0.0003638  -0.00354703]
Current x array =  [-0.72253855 -0.48685662 -0.89816136  2.12860035 -2.57460996  0.34354488
 -3.92768026 -1.53377332 -1.56395239 -1.76192343 -3.6595557  -3.62674287
 -3.43766589 -2.46093614 -3.69256258 -2.87091112 -2.84518727 -3.82134382]
      fun: 1739.1762755291948
 hess_inv: <18x18 LbfgsInvHessProduct with dtype=float64>
      jac: array([ 0.01061835, -0.00641194, -0.00127329, -0.00209184,  0.0003638 ,
        0.00354703,  0.00014271,  0.00307145,  0.00026148,  0.00136974,
        0.00396319,  0.00176673,  0.00547761,  0.00285081, -0.00367582,
       -0.00317203, -0.00018385, -0.00138735])
  message: 'CONVERGENCE: REL_REDUCTION_OF_F_<=_FACTR*EPSMCH'
     nfev: 3
      nit: 1
   status: 0
  success: True
        x: array([-0.72253855, -0.48685662, -0.89816136,  2.12860035, -2.57460996,
        0.34354488, -3.92768026, -1.53377332, -1.56395239, -1.76192343,
       -3.6595557 , -3.62674287, -3.43766589, -2.46093614, -3.69256258,
       -2.87091112, -2.84518727, -3.82134382])
number of sites to be analyzed:  163
Successfully loaded parameter value from ./test/save/MG94_Force_YDR418W_YEL054C_nonclock_save.txt
log likelihood =  -1771.21643823
Edge derivatives =  [-0.004043005494103033, -0.0026082969425454128, -0.0053566129831151, -0.004864881068013083, -0.0014917868722089597, 0.011713234789374652, -0.0024046833487446004, 7.968529831647864e-06, 0.004861137584933381, -0.0023712223085200768, -0.001204618649282091, -0.0034535335457335295]
other derivatives: [ 0.02310117  0.02185061 -0.02148681 -0.00895852  0.00322871  0.        ]
Current x array =  [-0.73390823 -0.47812183 -0.9111518   2.03856251 -2.72242296  0.33647224
 -4.87142449 -1.49457257 -1.60172279 -1.68760606 -3.72029544 -3.01475237
 -3.30732674 -2.22780438 -3.41745544 -2.5803416  -2.60616464 -3.47946919]
log likelihood =  -1771.62871025
Edge derivatives =  [-0.01528868147558135, -0.43116121234424226, -0.6070627435918523, -0.2958849107199897, -0.10973956556069356, -0.15961983404263497, -0.17712138896812843, -0.3826589645538916, -0.1663999273693437, -0.11428553276719625, -0.15923539313360224, -0.1290345930532737]
other derivatives: [-17.40843345 -13.30240593   6.41600764   1.01165369  -0.43162345   0.        ]
Current x array =  [-0.71080707 -0.45627122 -0.93263861  2.02960398 -2.71919425  0.33647224
 -4.8754675  -1.49718086 -1.60707941 -1.69247095 -3.72178723 -3.00303913
 -3.30973142 -2.22779641 -3.4125943  -2.58271282 -2.60736926 -3.48292272]
log likelihood =  -1771.21643617
Edge derivatives =  [-0.0040651534423153165, -0.0035264025467652005, -0.006624982630829834, -0.005449608440152742, -0.0017246445409471525, 0.011351897692340615, -0.0027801656940483477, -0.0008031078892529186, 0.004493600927822854, -0.0025950996656806946, -0.0015298218525977708, -0.003722803541810392]
other derivatives: [-0.01446097 -0.00609361 -0.00695763 -0.00673026  0.00227374  0.        ]
Current x array =  [-0.73385665 -0.47807304 -0.91119978  2.0385425  -2.72241575  0.33647224
 -4.87143352 -1.49457839 -1.60173476 -1.68761693 -3.72029877 -3.01472621
 -3.30733211 -2.22780436 -3.41744458 -2.5803469  -2.60616733 -3.4794769 ]
      fun: 1771.2164361687037
 hess_inv: <18x18 LbfgsInvHessProduct with dtype=float64>
      jac: array([ 0.01446097,  0.00609361,  0.00695763,  0.00673026, -0.00227374,
       -0.        ,  0.00406515,  0.0035264 ,  0.00662498,  0.00544961,
        0.00172464, -0.0113519 ,  0.00278017,  0.00080311, -0.0044936 ,
        0.0025951 ,  0.00152982,  0.0037228 ])
  message: 'CONVERGENCE: REL_REDUCTION_OF_F_<=_FACTR*EPSMCH'
     nfev: 3
      nit: 1
   status: 0
  success: True
        x: array([-0.73385665, -0.47807304, -0.91119978,  2.0385425 , -2.72241575,
        0.33647224, -4.87143352, -1.49457839, -1.60173476, -1.68761693,
       -3.72029877, -3.01472621, -3.30733211, -2.22780436, -3.41744458,
       -2.5803469 , -2.60616733, -3.4794769 ])
20
