/home3/jxiong7/IGCexpansion/IGCexpansion/CodonGeneconv.py:276: FutureWarning: comparison to `None` will result in an elementwise object comparison in the future.
  if not x == None:
number of sites to be analyzed:  118
Successfully loaded parameter value from ./test/save/MG94_YER131W_YGL189C_nonclock_save.txt
log likelihood =  -1205.1847341
Edge derivatives =  [-0.0009645326916983971, -0.002590782632025626, 0.0025821746394932565, 0.003911948404093257, -0.0048718897261831595, 0.0006108722923418575, -0.002176215653914959, -0.000717549333448253, 0.0021505667811762587, -0.0015989446907459792, -0.002194947242413564, 0.0005116158257725267]
other derivatives: [ -6.63931132e-03   4.54747351e-05   9.09494702e-05   6.82121026e-05
   2.75122147e-03  -2.59205990e-03]
Current x array =  [-0.67031513 -0.44090738 -0.70874235  1.88823025 -2.90534013  0.30601621
 -3.11571536 -2.17112169 -2.01500728 -1.70714649 -3.35026923 -2.836827
 -3.36281113 -3.08218096 -4.55401345 -2.74946887 -2.94788954 -3.22913114]
log likelihood =  -1205.19646858
Edge derivatives =  [-0.002835417292252479, 0.03381724138571052, -0.0017593794174126376, -0.029710168871313725, 0.021409773224330048, 0.035674197008551484, 0.027660897258663206, 0.024884716325978398, 0.0036060041540079135, 0.052262917553463656, 0.040749558354289867, 0.019873983261877268]
other derivatives: [  3.44075488e+00  -1.21008270e-01  -9.32232069e-04  -5.64796210e-02
  -1.79625204e-02   3.79714038e-02]
Current x array =  [-0.67695444 -0.44086191 -0.7086514   1.88829847 -2.90258891  0.30342415
 -3.11667989 -2.17371247 -2.0124251  -1.70323454 -3.35514111 -2.83621613
 -3.36498734 -3.08289851 -4.55186288 -2.75106782 -2.95008449 -3.22861953]
log likelihood =  -1205.18473375
Edge derivatives =  [-0.0009765441580711146, -0.0023937800643351187, 0.002555862637585199, 0.0037263287843876114, -0.004729550980210065, 0.0007998000569112151, -0.002014900376091422, -0.0005797561374251692, 0.002158108322678279, -0.001307797758231033, -0.001963083384414588, 0.0006159169178929919]
other derivatives: [  1.22099664e-02  -6.59383659e-04   2.27373675e-05  -3.18323146e-04
   2.59205990e-03  -2.36468622e-03]
Current x array =  [-0.67035117 -0.44090714 -0.70874186  1.88823062 -2.9053252   0.30600214
 -3.11572059 -2.17113575 -2.01499326 -1.70712526 -3.35029567 -2.83682369
 -3.36282294 -3.08218486 -4.55400177 -2.74947755 -2.94790146 -3.22912837]
      fun: 1205.1847337463055
 hess_inv: <18x18 LbfgsInvHessProduct with dtype=float64>
      jac: array([ -1.22099664e-02,   6.59383659e-04,  -2.27373675e-05,
         3.18323146e-04,  -2.59205990e-03,   2.36468622e-03,
         9.76544158e-04,   2.39378006e-03,  -2.55586264e-03,
        -3.72632878e-03,   4.72955098e-03,  -7.99800057e-04,
         2.01490038e-03,   5.79756137e-04,  -2.15810832e-03,
         1.30779776e-03,   1.96308338e-03,  -6.15916918e-04])
  message: 'CONVERGENCE: REL_REDUCTION_OF_F_<=_FACTR*EPSMCH'
     nfev: 3
      nit: 1
   status: 0
  success: True
        x: array([-0.67035117, -0.44090714, -0.70874186,  1.88823062, -2.9053252 ,
        0.30600214, -3.11572059, -2.17113575, -2.01499326, -1.70712526,
       -3.35029567, -2.83682369, -3.36282294, -3.08218486, -4.55400177,
       -2.74947755, -2.94790146, -3.22912837])
number of sites to be analyzed:  118
Successfully loaded parameter value from ./test/save/MG94_Force_YER131W_YGL189C_nonclock_save.txt
log likelihood =  -1220.87720171
Edge derivatives =  [0.00017886842399628296, 0.0011546477666963817, 0.0010715652262204833, 0.0009041114446062259, 0.0006351932367971713, -0.0007871395473115772, 0.0013575525481472894, -0.002832199962413115, 0.0026257618433329424, 0.0013663137083007315, -0.0013438832514875432, -0.004036675143530677]
other derivatives: [ 0.01443823  0.0129603   0.00811724 -0.00131877 -0.00052296  0.        ]
Current x array =  [-0.68643893 -0.43642274 -0.7074932   1.95932372 -3.03457461  0.33647224
 -5.79122018 -1.78078528 -2.08738653 -1.54184631 -3.0371979  -2.71591015
 -3.19559066 -2.86155975 -4.23874957 -2.46426262 -2.74158999 -2.81628148]
log likelihood =  -1220.9837218
Edge derivatives =  [-0.004685591154841654, -0.1488786315769476, -0.17363234797603805, -0.2585466962282602, -0.10256054987593306, -0.0627589064477555, -0.06441510871392325, -0.05116765611088478, -0.01777335249505449, -0.11306110380141696, -0.04584735256997231, -0.04079432877236851]
other derivatives: [-7.83563792 -6.47785328 -2.16775788  0.29085641 -0.08528787  0.        ]
Current x array =  [-0.6720007  -0.42346244 -0.69937596  1.95800496 -3.03509757  0.33647224
 -5.79104131 -1.77963064 -2.08631497 -1.5409422  -3.0365627  -2.71669728
 -3.19423311 -2.86439195 -4.23612381 -2.46289631 -2.74293387 -2.82031815]
log likelihood =  -1220.87720115
Edge derivatives =  [0.0001679998919168757, 0.0008182679666678683, 0.0006836940231083055, 0.000328364914750523, 0.0004036313560789456, -0.0009230533863053558, 0.0012107972619957719, -0.0029389826401395314, 0.0025803824720088894, 0.001111568609747815, -0.0014408849742874041, -0.004115865616990594]
other derivatives: [-0.00311502 -0.00131877  0.00322871 -0.00070486 -0.00068212  0.        ]
Current x array =  [-0.68640587 -0.43639306 -0.70747462  1.9593207  -3.03457581  0.33647224
 -5.79121977 -1.78078264 -2.08738408 -1.54184424 -3.03719644 -2.71591195
 -3.19558755 -2.86156624 -4.23874356 -2.46425949 -2.74159306 -2.81629072]
      fun: 1220.8772011450005
 hess_inv: <18x18 LbfgsInvHessProduct with dtype=float64>
      jac: array([ 0.00311502,  0.00131877, -0.00322871,  0.00070486,  0.00068212,
       -0.        , -0.000168  , -0.00081827, -0.00068369, -0.00032836,
       -0.00040363,  0.00092305, -0.0012108 ,  0.00293898, -0.00258038,
       -0.00111157,  0.00144088,  0.00411587])
  message: 'CONVERGENCE: REL_REDUCTION_OF_F_<=_FACTR*EPSMCH'
     nfev: 3
      nit: 1
   status: 0
  success: True
        x: array([-0.68640587, -0.43639306, -0.70747462,  1.9593207 , -3.03457581,
        0.33647224, -5.79121977, -1.78078264, -2.08738408, -1.54184424,
       -3.03719644, -2.71591195, -3.19558755, -2.86156624, -4.23874356,
       -2.46425949, -2.74159306, -2.81629072])
