/home3/jxiong7/IGCexpansion/IGCexpansion/CodonGeneconv.py:276: FutureWarning: comparison to `None` will result in an elementwise object comparison in the future.
  if not x == None:
number of sites to be analyzed:  310
Successfully loaded parameter value from ./test/save/MG94_ERa_ERb_nonclock_save.txt
log likelihood =  -13588.2964628
Edge derivatives =  [-0.007624357211653943, -0.008221158636859377, 0.009966228925435416, -0.009888054046732764, -0.008312536068355136, 0.009576559564833442, 0.00886553761329023, 0.008480492996313038, -0.017014648252153708, -0.005932591077721025, -0.01017284434849941, -0.0014943098512596453, 0.019990445114136834, -0.0006271088360478849, -0.008217660135871913, -0.012998320243477246, -0.001607902982025733, -0.01061343950796384, -0.01667264401457555, 0.005624884115204912, 0.01917368188997723, 0.020486417176490385, -0.011116384795905487, -0.005839613192286652, 0.0024439441338846013, 0.0019120121269428636, -0.005795518866957172, 0.004878381686882649, 0.005018009301682537, 0.0026901864516793023]
other derivatives: [-0.03710738  0.00454747 -0.04547474 -0.02528395 -0.00818545  0.01073204]
Current x array =  [-0.69191464 -0.83561901 -0.52407456  0.64525928 -2.57472669 -1.28058661
 -0.21332475  1.68717345 -0.23480361 -0.44930396 -1.35368204 -1.8242055
 -0.41033606 -1.57801666 -0.7688581  -1.66611378 -0.70063887 -1.59512566
 -1.17762362 -0.82313996 -1.94002987 -5.87809828 -1.0581617  -0.84620677
 -4.00196562 -2.97443537 -2.62860828 -3.49582699 -1.15898766 -0.74296106
 -2.06406444 -2.45854786 -1.14330307 -1.9215658  -4.07838424 -2.77154305]
log likelihood =  -13594.888562
Edge derivatives =  [1.399409139024869, 3.3327647294719127, -0.16507105744107742, 0.7372317044205973, -0.287649130981415, -0.2070443702084439, 0.22176869842882474, -0.13240222408379043, 0.581941016375065, -0.04071937412748096, -0.22683891321644767, 0.27349401086860337, -0.6582535026717298, -0.7517483984381821, 0.28358265528528115, 0.002531132675072628, 0.8035698830542504, 1.273504233997775, 0.0017723449029874785, 0.11229488093492472, -0.6401175944402842, -0.23786953712954223, 1.088296840688441, -0.5781960105945534, -0.267878689193882, -0.21033674001822034, 0.5599851133770222, -0.5114203187585427, -0.007447686385065776, -0.3300507897847545]
other derivatives: [  1.41531382e+02   3.14794306e+00   1.62632932e+02   6.55927579e-01
   1.55050657e+01  -3.05590220e-02]
Current x array =  [-0.72902202 -0.83107154 -0.5695493   0.61997532 -2.58291214 -1.26985458
 -0.2209491   1.67895229 -0.22483739 -0.45919202 -1.36199458 -1.81462894
 -0.40147053 -1.56953616 -0.78587275 -1.67204637 -0.71081172 -1.59661997
 -1.15763318 -0.82376707 -1.94824753 -5.8910966  -1.0597696  -0.85682021
 -4.01863826 -2.96881049 -2.6094346  -3.47534058 -1.17010405 -0.74880067
 -2.0616205  -2.45663585 -1.14909859 -1.91668742 -4.07336623 -2.76885286]
log likelihood =  -13588.2964612
Edge derivatives =  [-0.006811193544470934, -0.006307009463773078, 0.009967682784204346, -0.009407671120747696, -0.00842206839607651, 0.009490215881214181, 0.009073535962771162, 0.008433932649332898, -0.016638558424867167, -0.005924958111565452, -0.010257141283959825, -0.0013055395752619714, 0.01966734558570571, -0.000966399164214149, -0.008060603885487683, -0.012989475270004242, -0.001127740837012281, -0.009848588796636304, -0.016663006488646756, 0.005695262705326193, 0.018829253503937715, 0.02035327219275701, -0.010481208411273979, -0.006097554927874338, 0.002317166382124425, 0.0018046420713809797, -0.005446256501491442, 0.004615337069974523, 0.005013083763301895, 0.0025195404864241377]
other derivatives: [ 0.04038156  0.0001819   0.07421477 -0.02110028 -0.00218279  0.01073204]
Current x array =  [-0.6919347  -0.83561655 -0.52409915  0.64524561 -2.57473112 -1.28058081
 -0.21332887  1.687169   -0.23479823 -0.44930931 -1.35368654 -1.82420032
 -0.41033127 -1.57801207 -0.7688673  -1.66611699 -0.70064437 -1.59512646
 -1.17761281 -0.8231403  -1.94003431 -5.87810531 -1.05816257 -0.84621251
 -4.00197463 -2.97443233 -2.62859791 -3.49581592 -1.15899367 -0.74296422
 -2.06406312 -2.45854683 -1.1433062  -1.92156316 -4.07838152 -2.7715416 ]
      fun: 13588.296461210419
 hess_inv: <36x36 LbfgsInvHessProduct with dtype=float64>
      jac: array([-0.04038156, -0.0001819 , -0.07421477,  0.02110028,  0.00218279,
       -0.01073204,  0.00681119,  0.00630701, -0.00996768,  0.00940767,
        0.00842207, -0.00949022, -0.00907354, -0.00843393,  0.01663856,
        0.00592496,  0.01025714,  0.00130554, -0.01966735,  0.0009664 ,
        0.0080606 ,  0.01298948,  0.00112774,  0.00984859,  0.01666301,
       -0.00569526, -0.01882925, -0.02035327,  0.01048121,  0.00609755,
       -0.00231717, -0.00180464,  0.00544626, -0.00461534, -0.00501308,
       -0.00251954])
  message: 'CONVERGENCE: REL_REDUCTION_OF_F_<=_FACTR*EPSMCH'
     nfev: 3
      nit: 1
   status: 0
  success: True
        x: array([-0.6919347 , -0.83561655, -0.52409915,  0.64524561, -2.57473112,
       -1.28058081, -0.21332887,  1.687169  , -0.23479823, -0.44930931,
       -1.35368654, -1.82420032, -0.41033127, -1.57801207, -0.7688673 ,
       -1.66611699, -0.70064437, -1.59512646, -1.17761281, -0.8231403 ,
       -1.94003431, -5.87810531, -1.05816257, -0.84621251, -4.00197463,
       -2.97443233, -2.62859791, -3.49581592, -1.15899367, -0.74296422,
       -2.06406312, -2.45854683, -1.1433062 , -1.92156316, -4.07838152,
       -2.7715416 ])
number of sites to be analyzed:  310
Successfully loaded parameter value from ./test/save/MG94_Force_ERa_ERb_nonclock_save.txt
log likelihood =  -13701.114486
Edge derivatives =  [-0.006308527746486428, 0.01634310262525765, -0.056926172719753865, -0.013045444764694714, -0.009035232391651826, -0.015953454525237998, 0.05447027359577605, -0.004215373195489036, 0.004408604647509584, -0.011118381021233581, 0.01388967905121774, 0.009019329737803838, 0.009307973905459344, 0.052750810219741595, 0.005572632484453277, -0.018354349642785706, 0.013208771274730413, 0.017600958663506548, -0.03287088428477977, 0.007407068966931024, -0.006977995517960356, 0.03348727789280995, -0.004476244330594348, 0.04513279939500947, 0.0014427684838704824, -0.0007114714883335593, -0.008414077495077166, 0.00017494088234620842, 0.01653132774393002, 0.012602319529034012]
other derivatives: [ 0.04911271 -0.01273293  0.04802132  0.04692993  0.00873115  0.        ]
Current x array =  [-0.69816197 -0.84323582 -0.51332669  0.60883456 -2.59538392  0.33647224
 -0.58911709  1.73079984 -0.23915563 -0.44057939 -1.32887979 -1.67944933
 -0.33107231 -1.46953402 -0.72781308 -1.72584321 -0.61381167 -1.5466154
 -1.02212201 -0.74404313 -1.61491195 -5.51732038 -0.91536639 -0.76478987
 -3.94235941 -2.8440408  -2.54379505 -3.36352049 -0.98484093 -0.73526525
 -1.94500727 -2.38817928 -1.04161857 -1.79580046 -3.94688782 -2.6943783 ]
log likelihood =  -13712.8070693
Edge derivatives =  [-0.4486418445704604, -5.009070403422154, 3.3267689839757217, 0.43155921281911147, 1.1337158300375674, 0.4509515920109855, -8.29618950943809, -1.6061582312120033, 1.6132472050583893, 1.309479908860522, 0.016398960499827364, -0.653518419602485, -3.4869124904369997, -5.6079895791805905, -0.6560766135147477, -0.036048468828005, -2.3200904457459437, -2.6626525213375887, -0.05375361814059405, -0.22026135403576064, -0.14637678949540667, -0.09830920503952059, -0.3078548874656325, -3.9000554751212237, -0.3049639514937754, -0.005291873543698547, 0.5776778968823357, -0.04240484603859079, -0.2531021465889035, -0.19735836104335625]
other derivatives: [-215.95951694    7.64739525 -235.33248168  -10.15359885  -19.94485501
    0.        ]
Current x array =  [-0.64904926 -0.85596875 -0.46530537  0.65576448 -2.58665277  0.33647224
 -0.59542561  1.74714294 -0.29608181 -0.45362483 -1.33791502 -1.69540279
 -0.27660204 -1.47374939 -0.72340447 -1.73696159 -0.59992199 -1.53759607
 -1.01281403 -0.69129232 -1.60933932 -5.53567473 -0.90215762 -0.74718891
 -3.97523029 -2.83663373 -2.55077305 -3.33003321 -0.98931717 -0.69013245
 -1.9435645  -2.38889075 -1.05003265 -1.79562552 -3.93035649 -2.68177598]
log likelihood =  -13701.1144771
Edge derivatives =  [-0.006574894990835099, 0.011494165016946528, -0.05316549110271285, -0.012406339030454405, -0.007794783817643314, -0.015401220701912188, 0.04634621218669799, -0.005850395558915811, 0.00609487530747721, -0.009721214196292849, 0.013869623376885798, 0.008412521243844062, 0.00577632781527293, 0.04726010411229975, 0.0048233216403359425, -0.018372142890396015, 0.010888288051344341, 0.014996173236431171, -0.032896346774949015, 0.007202018552449313, -0.007113270380883191, 0.03335997358104753, -0.004743485844689421, 0.0412258546926112, 0.0011545937455184063, -0.0007138695298046782, -0.007767545412475485, 0.0001373276106368948, 0.016255356564249493, 0.012401081927796598]
other derivatives: [-0.09695214  0.00181899 -0.1717126   0.00673026 -0.03237801  0.        ]
Current x array =  [-0.69811204 -0.84324877 -0.51327787  0.60888227 -2.59537505  0.33647224
 -0.5891235   1.73081646 -0.23921351 -0.44059265 -1.32888897 -1.67946555
 -0.33101693 -1.4695383  -0.7278086  -1.72585451 -0.61379755 -1.54660623
 -1.02211254 -0.7439895  -1.61490628 -5.51733904 -0.91535296 -0.76477197
 -3.94239283 -2.84403327 -2.54380215 -3.36348644 -0.98484548 -0.73521936
 -1.94500581 -2.38818    -1.04162713 -1.79580028 -3.94687101 -2.69436549]
      fun: 13701.114477102856
 hess_inv: <36x36 LbfgsInvHessProduct with dtype=float64>
      jac: array([  9.69521352e-02,  -1.81898940e-03,   1.71712600e-01,
        -6.73026079e-03,   3.23780114e-02,  -0.00000000e+00,
         6.57489499e-03,  -1.14941650e-02,   5.31654911e-02,
         1.24063390e-02,   7.79478382e-03,   1.54012207e-02,
        -4.63462122e-02,   5.85039556e-03,  -6.09487531e-03,
         9.72121420e-03,  -1.38696234e-02,  -8.41252124e-03,
        -5.77632782e-03,  -4.72601041e-02,  -4.82332164e-03,
         1.83721429e-02,  -1.08882881e-02,  -1.49961732e-02,
         3.28963468e-02,  -7.20201855e-03,   7.11327038e-03,
        -3.33599736e-02,   4.74348584e-03,  -4.12258547e-02,
        -1.15459375e-03,   7.13869530e-04,   7.76754541e-03,
        -1.37327611e-04,  -1.62553566e-02,  -1.24010819e-02])
  message: 'CONVERGENCE: REL_REDUCTION_OF_F_<=_FACTR*EPSMCH'
     nfev: 3
      nit: 1
   status: 0
  success: True
        x: array([-0.69811204, -0.84324877, -0.51327787,  0.60888227, -2.59537505,
        0.33647224, -0.5891235 ,  1.73081646, -0.23921351, -0.44059265,
       -1.32888897, -1.67946555, -0.33101693, -1.4695383 , -0.7278086 ,
       -1.72585451, -0.61379755, -1.54660623, -1.02211254, -0.7439895 ,
       -1.61490628, -5.51733904, -0.91535296, -0.76477197, -3.94239283,
       -2.84403327, -2.54380215, -3.36348644, -0.98484548, -0.73521936,
       -1.94500581, -2.38818   , -1.04162713, -1.79580028, -3.94687101,
       -2.69436549])
