/home3/jxiong7/IGCexpansion/IGCexpansion/CodonGeneconv.py:276: FutureWarning: comparison to `None` will result in an elementwise object comparison in the future.
  if not x == None:
number of sites to be analyzed:  310
Successfully loaded parameter value from ./test/save/MG94_ERa_ERb_nonclock_save.txt
log likelihood =  -13588.29647
Edge derivatives =  [-0.010107333164954352, -0.015125071410913599, 0.00811889068520344, -0.012216084257532622, -0.009547851440183996, 0.008954447767429652, 0.009065225944998367, 0.008351158199478903, -0.02159533905911548, -0.007464449714697136, -0.013788262237311333, -0.002590241719922448, 0.02084450761688461, -0.001134000409371616, -0.009584974742089747, -0.01304160903620094, -0.0033020824535681115, -0.013298411105058527, -0.01672694702681144, 0.005533030787436943, 0.01957199637269036, 0.020605122246287882, -0.013775467909582284, -0.008810103738938757, 0.0021860917428675464, 0.0018569516014786402, -0.007637014274373133, 0.004842655038460597, 0.004990539978124001, 0.0025807381500657645]
other derivatives: [-0.03947207 -0.04893081  0.00291038 -0.03947207 -0.04656613  0.01200533]
Current x array =  [-0.69191566 -0.83559591 -0.52408318  0.64530157 -2.5746823  -1.28060069
 -0.21331362  1.68718922 -0.23481428 -0.44929027 -1.35367127 -1.82421661
 -0.4103471  -1.5780269  -0.76883392 -1.66610542 -0.70062376 -1.59512309
 -1.17764863 -0.82313912 -1.94001894 -5.87808265 -1.05815855 -0.84619194
 -4.00194558 -2.97444208 -2.62863176 -3.49585172 -1.15897225 -0.74295175
 -2.0640673  -2.4585502  -1.14329476 -1.92157177 -4.07839027 -2.77154624]
log likelihood =  -13595.0544598
Edge derivatives =  [3.2146365426719146, 7.7301613118584065, 2.9393997475224363, 3.0405192407999277, 2.1634668868293208, 1.1919052070088414, 0.5047430262475048, 0.7258913157599434, 5.537131182102956, 1.9161720179230877, 4.618631112491827, 1.7221449339921935, 0.023222748150616646, 1.623012988835492, 1.859727579758377, 0.05472768900224023, 2.6362147711395263, 3.6197897271862214, 0.07579029032662807, 0.23732844932203262, 0.03415509115594684, 0.03131953779991492, 3.5859411670920327, 4.029086034364818, 0.7528663056001645, 0.35269990657045874, 2.7469784422640817, 0.5291102807963426, 0.15808484783983784, 0.2945690145005037]
other derivatives: [ 155.20017769   90.86179489   -4.25843609   13.18639988   35.15342542
   -1.00262696]
Current x array =  [-0.73138773 -0.88452673 -0.52117279  0.6058295  -2.62124843 -1.26859536
 -0.22342095  1.67206415 -0.22669539 -0.46150635 -1.36321912 -1.81526216
 -0.40128188 -1.56967574 -0.79042926 -1.67356987 -0.71441202 -1.59771333
 -1.15680413 -0.82427312 -1.94960391 -5.89112426 -1.06146063 -0.85949035
 -4.01867253 -2.96890905 -2.60905977 -3.4752466  -1.17274771 -0.75176185
 -2.0618812  -2.45669325 -1.15093177 -1.91672912 -4.07339973 -2.7689655 ]
log likelihood =  -13588.2964658
Edge derivatives =  [-0.007318031321202567, -0.008481823474341982, 0.010707506581618453, -0.00951934611915184, -0.0076390312634403434, 0.00997846668446184, 0.009530210277270301, 0.008973992179090395, -0.01675790272738098, -0.005788462512103527, -0.009786997102153805, -0.001087179960224005, 0.02086064629466855, 0.0003141155064003698, -0.007993478925155034, -0.012983786527546032, -0.0010297294070018559, -0.010136287710127645, -0.016648861259637562, 0.005734715305274127, 0.019587475240079727, 0.020618307659645813, -0.010665048436962588, -0.00528562166174984, 0.0028391434638030955, 0.0021669441918223675, -0.005248114120607994, 0.0053035397825745845, 0.0051217701158769585, 0.0028407675316173414]
other derivatives: [ 0.09622454  0.0509317   0.0172804  -0.02528395 -0.01437002  0.01109584]
Current x array =  [-0.69194894 -0.83563717 -0.52408072  0.64526829 -2.57472157 -1.28059057
 -0.21332214  1.68717647 -0.23480743 -0.44930057 -1.35367932 -1.82420906
 -0.41033946 -1.57801986 -0.76885212 -1.66611172 -0.70063539 -1.59512527
 -1.17763106 -0.82314007 -1.94002702 -5.87809365 -1.05816133 -0.84620315
 -4.00195968 -2.97443742 -2.62861526 -3.49583434 -1.15898386 -0.74295917
 -2.06406545 -2.45854864 -1.1433012  -1.92156769 -4.07838606 -2.77154406]
      fun: 13588.29646584474
 hess_inv: <36x36 LbfgsInvHessProduct with dtype=float64>
      jac: array([-0.09622454, -0.0509317 , -0.0172804 ,  0.02528395,  0.01437002,
       -0.01109584,  0.00731803,  0.00848182, -0.01070751,  0.00951935,
        0.00763903, -0.00997847, -0.00953021, -0.00897399,  0.0167579 ,
        0.00578846,  0.009787  ,  0.00108718, -0.02086065, -0.00031412,
        0.00799348,  0.01298379,  0.00102973,  0.01013629,  0.01664886,
       -0.00573472, -0.01958748, -0.02061831,  0.01066505,  0.00528562,
       -0.00283914, -0.00216694,  0.00524811, -0.00530354, -0.00512177,
       -0.00284077])
  message: 'CONVERGENCE: REL_REDUCTION_OF_F_<=_FACTR*EPSMCH'
     nfev: 3
      nit: 1
   status: 0
  success: True
        x: array([-0.69194894, -0.83563717, -0.52408072,  0.64526829, -2.57472157,
       -1.28059057, -0.21332214,  1.68717647, -0.23480743, -0.44930057,
       -1.35367932, -1.82420906, -0.41033946, -1.57801986, -0.76885212,
       -1.66611172, -0.70063539, -1.59512527, -1.17763106, -0.82314007,
       -1.94002702, -5.87809365, -1.05816133, -0.84620315, -4.00195968,
       -2.97443742, -2.62861526, -3.49583434, -1.15898386, -0.74295917,
       -2.06406545, -2.45854864, -1.1433012 , -1.92156769, -4.07838606,
       -2.77154406])
number of sites to be analyzed:  310
Successfully loaded parameter value from ./test/save/MG94_Force_ERa_ERb_nonclock_save.txt
log likelihood =  -13701.114486
Edge derivatives =  [-0.006308527746486428, 0.01634310262525765, -0.056926172719753865, -0.013045444764694714, -0.009035232391651826, -0.015953454525237998, 0.05447027359577605, -0.004215373195489036, 0.004408604647509584, -0.011118381021233581, 0.01388967905121774, 0.009019329737803838, 0.009307973905459344, 0.052750810219741595, 0.005572632484453277, -0.018354349642785706, 0.013208771274730413, 0.017600958663506548, -0.03287088428477977, 0.007407068966931024, -0.006977995517960356, 0.03348727789280995, -0.004476244330594348, 0.04513279939500947, 0.0014427684838704824, -0.0007114714883335593, -0.008414077495077166, 0.00017494088234620842, 0.01653132774393002, 0.012602319529034012]
other derivatives: [ 0.04911271 -0.01273293  0.04802132  0.04692993  0.00873115  0.        ]
Current x array =  [-0.69816197 -0.84323582 -0.51332669  0.60883456 -2.59538392  0.33647224
 -0.58911709  1.73079984 -0.23915563 -0.44057939 -1.32887979 -1.67944933
 -0.33107231 -1.46953402 -0.72781308 -1.72584321 -0.61381167 -1.5466154
 -1.02212201 -0.74404313 -1.61491195 -5.51732038 -0.91536639 -0.76478987
 -3.94235941 -2.8440408  -2.54379505 -3.36352049 -0.98484093 -0.73526525
 -1.94500727 -2.38817928 -1.04161857 -1.79580046 -3.94688782 -2.6943783 ]
log likelihood =  -13712.8070693
Edge derivatives =  [-0.4486418445704604, -5.009070403422154, 3.3267689839757217, 0.43155921281911147, 1.1337158300375674, 0.4509515920109855, -8.29618950943809, -1.6061582312120033, 1.6132472050583893, 1.309479908860522, 0.016398960499827364, -0.653518419602485, -3.4869124904369997, -5.6079895791805905, -0.6560766135147477, -0.036048468828005, -2.3200904457459437, -2.6626525213375887, -0.05375361814059405, -0.22026135403576064, -0.14637678949540667, -0.09830920503952059, -0.3078548874656325, -3.9000554751212237, -0.3049639514937754, -0.005291873543698547, 0.5776778968823357, -0.04240484603859079, -0.2531021465889035, -0.19735836104335625]
other derivatives: [-215.95951694    7.64739525 -235.33248168  -10.15359885  -19.94485501
    0.        ]
Current x array =  [-0.64904926 -0.85596875 -0.46530537  0.65576448 -2.58665277  0.33647224
 -0.59542561  1.74714294 -0.29608181 -0.45362483 -1.33791502 -1.69540279
 -0.27660204 -1.47374939 -0.72340447 -1.73696159 -0.59992199 -1.53759607
 -1.01281403 -0.69129232 -1.60933932 -5.53567473 -0.90215762 -0.74718891
 -3.97523029 -2.83663373 -2.55077305 -3.33003321 -0.98931717 -0.69013245
 -1.9435645  -2.38889075 -1.05003265 -1.79562552 -3.93035649 -2.68177598]
log likelihood =  -13701.1144771
Edge derivatives =  [-0.006574894990835099, 0.011494165016946528, -0.05316549110271285, -0.012406339030454405, -0.007794783817643314, -0.015401220701912188, 0.04634621218669799, -0.005850395558915811, 0.00609487530747721, -0.009721214196292849, 0.013869623376885798, 0.008412521243844062, 0.00577632781527293, 0.04726010411229975, 0.0048233216403359425, -0.018372142890396015, 0.010888288051344341, 0.014996173236431171, -0.032896346774949015, 0.007202018552449313, -0.007113270380883191, 0.03335997358104753, -0.004743485844689421, 0.0412258546926112, 0.0011545937455184063, -0.0007138695298046782, -0.007767545412475485, 0.0001373276106368948, 0.016255356564249493, 0.012401081927796598]
other derivatives: [-0.09695214  0.00181899 -0.1717126   0.00673026 -0.03237801  0.        ]
Current x array =  [-0.69811204 -0.84324877 -0.51327787  0.60888227 -2.59537505  0.33647224
 -0.5891235   1.73081646 -0.23921351 -0.44059265 -1.32888897 -1.67946555
 -0.33101693 -1.4695383  -0.7278086  -1.72585451 -0.61379755 -1.54660623
 -1.02211254 -0.7439895  -1.61490628 -5.51733904 -0.91535296 -0.76477197
 -3.94239283 -2.84403327 -2.54380215 -3.36348644 -0.98484548 -0.73521936
 -1.94500581 -2.38818    -1.04162713 -1.79580028 -3.94687101 -2.69436549]
Traceback (most recent call last):
  File "Run_rebuild_Thornton_ERa_ERb.py", line 33, in <module>
    MG94.get_mle(True, True, 0, 'BFGS')
  File "/home3/jxiong7/IGCexpansion/IGCexpansion/CodonGeneconv.py", line 939, in get_mle
    self.save_likelihood(method)   
  File "/home3/jxiong7/IGCexpansion/IGCexpansion/CodonGeneconv.py", line 1633, in save_likelihood
    f.write(repr(2*len(self.x)-2*self.ll)-2)
TypeError: unsupported operand type(s) for -: 'str' and 'int'
