/home3/jxiong7/IGCexpansion/IGCexpansion/CodonGeneconv.py:277: FutureWarning: comparison to `None` will result in an elementwise object comparison in the future.
  if not x == None:
number of sites to be analyzed:  304
Successfully loaded parameter value from ./test/save/MG94_AR_PR_nonclock_save.txt
log likelihood =  -9580.25181157
Edge derivatives =  [-0.005467379021811047, -0.03913362444702626, 0.01833253175247139, 0.011709883576068614, -0.002491067373682432, 0.009322221300070765, -0.018927775147813852, 0.004244313232567382, 0.010570710392438176, 0.008653530380814511, -0.013576855316483005, -0.009046658163573005, -0.014750965097916045, 0.00773880894302692, -0.0005792656989770523, 0.01360207893794485, -0.0015696943316804018, -0.0064465076269154264, -0.016478597569671044, -0.01191440069086347]
other derivatives: [ 0.03565219 -0.00873115 -0.05857146  0.00381988  0.02619345 -0.0003638 ]
Current x array =  [-0.68231122 -0.78629625 -0.58584919  0.6387163  -2.99342707 -1.93858499
  0.53245607  2.62914013  0.57550893  0.00389475 -0.14953154  0.01154021
 -0.31535318 -0.75184618 -0.99260355 -0.75042352 -2.30561323 -3.47637105
 -3.64710722 -3.09364199 -2.20228789 -1.13596378 -3.10772161 -3.6376442
 -2.71137241 -2.83840144]
log likelihood =  -9587.80278788
Edge derivatives =  [-2.1403127068310828, 2.5115973343999456, -5.09329602770766, -2.677002120072383, -2.666306336758588, -3.5941449836391053, -1.200379590979086, -1.3409238196461448, -2.191389894144536, -2.436711390136457, 0.08330206180047514, -0.07524813082887004, -0.17722454652397346, -0.17328750731605436, -0.6076765266351272, -2.9956336218335453, -0.17654424987355571, -0.0783766549280595, 0.1627974264017945, -0.05946679155028778]
other derivatives: [-135.77810023   14.42131179  158.09018805    1.9574145   -15.20475053
    0.22409949]
Current x array =  [-0.64665903 -0.7950274  -0.64442065  0.64253618 -2.96723362 -1.93894879
  0.52698869  2.5900065   0.59384146  0.01560463 -0.15202261  0.02086243
 -0.33428096 -0.74760187 -0.98203284 -0.74176999 -2.31919009 -3.4854177
 -3.66185818 -3.08590319 -2.20286716 -1.1223617  -3.1092913  -3.64409071
 -2.727851   -2.85031584]
log likelihood =  -9580.25180884
Edge derivatives =  [-0.006614388594831322, -0.037288537581892836, 0.01551522379700273, 0.010235791382487203, -0.0039171418482819576, 0.007379346767479644, -0.019448050643821713, 0.003576787847679258, 0.009375069696385463, 0.007347360828753979, -0.013469968971446478, -0.009071159170591137, -0.014837841865545445, 0.0076536263679386485, -0.0008955218099644252, 0.011936739517697192, -0.001652306396365072, -0.0064767059287360595, -0.016336801566966264, -0.01192176565946991]
other derivatives: [-0.03674359  0.00945874  0.06039045  0.01000444  0.02728484 -0.0003638 ]
Current x array =  [-0.6822897  -0.78630152 -0.58588456  0.63871861 -2.99341125 -1.93858521
  0.53245277  2.6291165   0.57551999  0.00390182 -0.14953304  0.01154584
 -0.31536461 -0.75184362 -0.99259717 -0.7504183  -2.30562143 -3.47637651
 -3.64711612 -3.09363732 -2.20228824 -1.13595556 -3.10772256 -3.63764809
 -2.71138235 -2.83840863]
      fun: 9580.251808836587
 hess_inv: <26x26 LbfgsInvHessProduct with dtype=float64>
      jac: array([ 0.03674359, -0.00945874, -0.06039045, -0.01000444, -0.02728484,
        0.0003638 ,  0.00661439,  0.03728854, -0.01551522, -0.01023579,
        0.00391714, -0.00737935,  0.01944805, -0.00357679, -0.00937507,
       -0.00734736,  0.01346997,  0.00907116,  0.01483784, -0.00765363,
        0.00089552, -0.01193674,  0.00165231,  0.00647671,  0.0163368 ,
        0.01192177])
  message: 'CONVERGENCE: REL_REDUCTION_OF_F_<=_FACTR*EPSMCH'
     nfev: 3
      nit: 1
   status: 0
  success: True
        x: array([-0.6822897 , -0.78630152, -0.58588456,  0.63871861, -2.99341125,
       -1.93858521,  0.53245277,  2.6291165 ,  0.57551999,  0.00390182,
       -0.14953304,  0.01154584, -0.31536461, -0.75184362, -0.99259717,
       -0.7504183 , -2.30562143, -3.47637651, -3.64711612, -3.09363732,
       -2.20228824, -1.13595556, -3.10772256, -3.63764809, -2.71138235,
       -2.83840863])
number of sites to be analyzed:  304
Successfully loaded parameter value from ./test/save/MG94_Force_AR_PR_nonclock_save.txt
log likelihood =  -9595.8024789
Edge derivatives =  [0.0024527758484325646, -0.005682126707225885, 0.004665097240290822, -0.03796474317883802, -0.0014233808022701133, 0.007611068192256765, -0.014371626381070923, 0.017508486586398836, 0.031606478655013204, 0.030805066675086312, -0.005633735226659872, -0.01769090945946999, -0.01677252820888067, 0.016779679649606027, 0.003441301118753043, 0.04980580208457758, -0.003306934740545525, 0.0037411371550803707, -0.0033689439944713934, 0.00029127808061329974]
other derivatives: [ 0.06093615 -0.01382432 -0.01018634  0.0167347   0.00163709  0.        ]
Current x array =  [-0.68496769 -0.79006322 -0.58446778  0.62732904 -3.03495043  0.33647224
  0.44900049  2.67681543  0.61791393  0.070729   -0.06484906  0.09507004
 -0.26599881 -0.67379789 -0.93916091 -0.67701154 -2.24124014 -3.44571018
 -3.59982247 -3.0337021  -2.15187274 -1.08169843 -3.04991887 -3.58780528
 -2.66101717 -2.79232535]
log likelihood =  -9603.55721352
Edge derivatives =  [-0.765477412603367, -0.41773198906248105, -1.3343371255509018, 0.6346197148811128, -1.3049290099456434, -1.66844951084568, -0.7547536461438014, -1.4188474749735325, -3.3270586732207956, -4.090596696319075, -0.27082875504989756, -0.1401543823662737, -0.2527930505772308, -0.3040218254856679, -0.7778475193347287, -7.012644301473717, -0.1809720644386304, -0.18609027493420674, -0.3229582307136418, -0.2784560785380499]
other derivatives: [-239.26513677   22.84286893   38.79667929   -1.87501428   -6.83758117
    0.        ]
Current x array =  [-0.62403154 -0.80388754 -0.59465412  0.64406374 -3.03331334  0.33647224
  0.45145326  2.6711333   0.62257903  0.03276425 -0.06627244  0.10268111
 -0.28037044 -0.6562894  -0.90755443 -0.64620647 -2.24687388 -3.46340109
 -3.616595   -3.01692242 -2.14843144 -1.03189263 -3.0532258  -3.58406414
 -2.66438612 -2.79203407]
log likelihood =  -9595.80247418
Edge derivatives =  [0.0019242972406992576, -0.005892298205129751, 0.003768577154559874, -0.037345217559593635, -0.002379259249510546, 0.0063926308915609464, -0.01492562175293477, 0.016441229748159703, 0.028953302003625447, 0.02755475276911895, -0.005851131317137645, -0.017795723833810125, -0.01696405914416726, 0.016532092212936056, 0.0028233676753108283, 0.0443896464780531, -0.003450574266809406, 0.003592785566431188, -0.003625050466987745, 6.291609765456119e-05]
other derivatives: [-0.10422809  0.00727596  0.03001333  0.02000888  0.01091394  0.        ]
Current x array =  [-0.68492019 -0.79007399 -0.58447572  0.62734208 -3.03494916  0.33647224
  0.4490024   2.676811    0.61791757  0.07069941 -0.06485017  0.09507598
 -0.26601001 -0.67378424 -0.93913627 -0.67698753 -2.24124453 -3.44572397
 -3.59983555 -3.03368902 -2.15187006 -1.08165961 -3.04992144 -3.58780236
 -2.6610198  -2.79232512]
      fun: 9595.802474182732
 hess_inv: <26x26 LbfgsInvHessProduct with dtype=float64>
      jac: array([  1.04228093e-01,  -7.27595761e-03,  -3.00133252e-02,
        -2.00088834e-02,  -1.09139364e-02,  -0.00000000e+00,
        -1.92429724e-03,   5.89229821e-03,  -3.76857715e-03,
         3.73452176e-02,   2.37925925e-03,  -6.39263089e-03,
         1.49256218e-02,  -1.64412297e-02,  -2.89533020e-02,
        -2.75547528e-02,   5.85113132e-03,   1.77957238e-02,
         1.69640591e-02,  -1.65320922e-02,  -2.82336768e-03,
        -4.43896465e-02,   3.45057427e-03,  -3.59278557e-03,
         3.62505047e-03,  -6.29160977e-05])
  message: 'CONVERGENCE: REL_REDUCTION_OF_F_<=_FACTR*EPSMCH'
     nfev: 3
      nit: 1
   status: 0
  success: True
        x: array([-0.68492019, -0.79007399, -0.58447572,  0.62734208, -3.03494916,
        0.33647224,  0.4490024 ,  2.676811  ,  0.61791757,  0.07069941,
       -0.06485017,  0.09507598, -0.26601001, -0.67378424, -0.93913627,
       -0.67698753, -2.24124453, -3.44572397, -3.59983555, -3.03368902,
       -2.15187006, -1.08165961, -3.04992144, -3.58780236, -2.6610198 ,
       -2.79232512])
