/home3/jxiong7/IGCexpansion/IGCexpansion/CodonGeneconv.py:277: FutureWarning: comparison to `None` will result in an elementwise object comparison in the future.
  if not x == None:
number of sites to be analyzed:  303
Successfully loaded parameter value from ./test/save/MG94_PR_GR_nonclock_save.txt
log likelihood =  -9941.87917401
Edge derivatives =  [0.016602638869930908, -0.014024524744852718, 0.010681431595062671, -0.015814047624688347, 0.008376623538947192, -0.0019619202837939387, -0.011089769047251286, 0.01559556193142754, -0.006996898936674767, -0.011614388916844687, -0.012052280201593643, -0.02148612395384176, -0.023538684207104754, 0.0007042893612226944, 0.0092511460130148, 0.0015828998784224169, 0.001160046978920054, 0.008392207701036672, 0.005069659426599107, 0.010480602817873441]
other derivatives: [-0.05584297 -0.01164153 -0.02382876  0.03255991 -0.03219611  0.00090949]
Current x array =  [-0.66379524 -0.75713803 -0.60176311  0.54440065 -2.76247413 -1.72785123
  0.62722843  2.30045471  0.22550443 -0.37751507 -0.17105666 -0.14752157
 -0.333112   -1.08215476 -0.97010018 -0.67171027 -2.33546214 -3.55048072
 -4.30650111 -2.76848309 -2.02949874 -1.16094628 -2.93195549 -3.3093239
 -2.60611573 -2.44742547]
log likelihood =  -9948.89702707
Edge derivatives =  [3.888260484978401, 9.682721610816849, 3.754925279379212, 2.526166714483911, 3.212907250147272, 3.459189599196085, 3.715054729209143, 1.349918424009397, 2.912722951820018, 3.142297628369879, 0.9258338967570283, 0.28122859923650106, 0.04057349623115065, 0.36651060058624096, 0.19814396798166956, 1.1067590682323565, 0.19489174056066086, 0.03074593323244993, 0.1114849569855955, -0.12148377154834133]
other derivatives: [ 186.89715944   22.61713234   57.00603651  -15.00866347   31.74645826
    0.81781764]
Current x array =  [-0.71963821 -0.76877956 -0.62559187  0.57696056 -2.79467024 -1.72694174
  0.64383107  2.28643019  0.23618587 -0.39332911 -0.16268003 -0.14948349
 -0.34420177 -1.0665592  -0.97709708 -0.68332466 -2.34751442 -3.57196684
 -4.3300398  -2.7677788  -2.02024759 -1.15936338 -2.93079544 -3.30093169
 -2.60104607 -2.43694487]
log likelihood =  -9941.87917208
Edge derivatives =  [0.018934850311418117, -0.008143462968233761, 0.012976596797901724, -0.014236327533551807, 0.010299006679236, 0.00016953964714172542, -0.008816946347295324, 0.016402097819815817, -0.005264000541927882, -0.009696935137237822, -0.011489617674622463, -0.021306802049870857, -0.023502986062801823, 0.0009203900335812351, 0.009354540069344996, 0.002230877284191357, 0.0012740029032386052, 0.008402273480199465, 0.005131194562119926, 0.010398432917091305]
other derivatives: [ 0.0687578   0.00563887  0.02237357  0.02673914 -0.00709406  0.00145519]
Current x array =  [-0.66382876 -0.75714502 -0.60177742  0.5444202  -2.76249346 -1.72785068
  0.62723839  2.30044629  0.22551085 -0.37752456 -0.17105163 -0.14752275
 -0.33311866 -1.0821454  -0.97010438 -0.67171725 -2.33546937 -3.55049362
 -4.30651525 -2.76848267 -2.02949319 -1.16094533 -2.93195479 -3.30931886
 -2.60611268 -2.44741918]
      fun: 9941.879172084036
 hess_inv: <26x26 LbfgsInvHessProduct with dtype=float64>
      jac: array([-0.0687578 , -0.00563887, -0.02237357, -0.02673914,  0.00709406,
       -0.00145519, -0.01893485,  0.00814346, -0.0129766 ,  0.01423633,
       -0.01029901, -0.00016954,  0.00881695, -0.0164021 ,  0.005264  ,
        0.00969694,  0.01148962,  0.0213068 ,  0.02350299, -0.00092039,
       -0.00935454, -0.00223088, -0.001274  , -0.00840227, -0.00513119,
       -0.01039843])
  message: 'CONVERGENCE: REL_REDUCTION_OF_F_<=_FACTR*EPSMCH'
     nfev: 3
      nit: 1
   status: 0
  success: True
        x: array([-0.66382876, -0.75714502, -0.60177742,  0.5444202 , -2.76249346,
       -1.72785068,  0.62723839,  2.30044629,  0.22551085, -0.37752456,
       -0.17105163, -0.14752275, -0.33311866, -1.0821454 , -0.97010438,
       -0.67171725, -2.33546937, -3.55049362, -4.30651525, -2.76848267,
       -2.02949319, -1.16094533, -2.93195479, -3.30931886, -2.60611268,
       -2.44741918])
number of sites to be analyzed:  303
Successfully loaded parameter value from ./test/save/MG94_Force_PR_GR_nonclock_save.txt
log likelihood =  -9964.42146412
Edge derivatives =  [0.013571269673945452, 0.0018303638021487378, -0.025518886550639074, 0.011792530742606444, -0.006140150611662398, 0.0050196832181843565, -0.006274726899524491, 0.01036028695929185, 0.008150427847279929, -0.005047437018627088, 0.026099609176978497, -0.059173690697729084, 0.015474687172224957, 0.014385571103004181, -0.0026958730124090335, 0.0013308843446426244, 0.025049783636357903, 0.013619828549847016, -0.0015408771440137553, 0.0029773526208671797]
other derivatives: [-0.06220944 -0.01018634  0.04674803  0.06584742  0.03019522  0.        ]
Current x array =  [-0.66417888 -0.75907696 -0.60007781  0.53169508 -2.80012702  0.33647224
  0.5142266   2.34804296  0.27393102 -0.30803444 -0.09013178 -0.05905667
 -0.2566652  -1.03198987 -0.90940399 -0.59213661 -2.27530963 -3.46094083
 -4.25692506 -2.70976766 -1.97532462 -1.1093422  -2.8649518  -3.26561094
 -2.53939354 -2.39934314]
log likelihood =  -9975.65873295
Edge derivatives =  [-1.7520305106157568, -1.8328020431896819, 1.26361804235102, -0.2611831431397893, 1.9584917065972076, 1.3952469712590632, 0.34111638651312987, -0.14431581426618476, 0.8112400792073864, 0.13756414943764608, -0.236225674833936, -0.04941884767889894, 0.011886183625537068, -0.542701013076325, 0.4772479273088749, 0.12570253933625747, -0.63241791621529, -0.2556790728975405, 0.30128465592225945, 0.19342919371681744]
other derivatives: [ 214.54707166   21.88153303 -154.40054995  -18.61990313   -4.30409273
    0.        ]
Current x array =  [-0.72638832 -0.7692633  -0.55332979  0.5975425  -2.7699318   0.33647224
  0.52779787  2.34987332  0.24841213 -0.29624191 -0.09627194 -0.05403699
 -0.26293992 -1.02162958 -0.90125356 -0.59718405 -2.24921002 -3.52011452
 -4.24145037 -2.69538209 -1.9780205  -1.10801131 -2.83990201 -3.25199111
 -2.54093442 -2.39636579]
log likelihood =  -9964.42145719
Edge derivatives =  [0.012518175970390621, 0.0008131927408413508, -0.024154301856157016, 0.011763572227278307, -0.004340331705441347, 0.006359827934909523, -0.0057544466632720725, 0.010373226796921278, 0.008944920300711146, -0.004698112943335997, 0.02599480580143676, -0.05913840055272417, 0.015481324317671297, 0.014017885580461145, -0.0022096419544878065, 0.001653360645563151, 0.024589519870328938, 0.013448780006738013, -0.001237215686403656, 0.0031957643657047896]
other derivatives: [ 0.07203198 -0.03092282 -0.08149073  0.03146852  0.01418812  0.        ]
Current x array =  [-0.66422793 -0.75908499 -0.60004095  0.531747   -2.80010321  0.33647224
  0.5142373   2.3480444   0.27391089 -0.30802514 -0.09013663 -0.05905271
 -0.25667014 -1.0319817  -0.90939756 -0.59214059 -2.27528904 -3.46098749
 -4.25691286 -2.70975632 -1.97532675 -1.10934115 -2.86493205 -3.2656002
 -2.53939475 -2.39934079]
      fun: 9964.421457187786
 hess_inv: <26x26 LbfgsInvHessProduct with dtype=float64>
      jac: array([-0.07203198,  0.03092282,  0.08149073, -0.03146852, -0.01418812,
       -0.        , -0.01251818, -0.00081319,  0.0241543 , -0.01176357,
        0.00434033, -0.00635983,  0.00575445, -0.01037323, -0.00894492,
        0.00469811, -0.02599481,  0.0591384 , -0.01548132, -0.01401789,
        0.00220964, -0.00165336, -0.02458952, -0.01344878,  0.00123722,
       -0.00319576])
  message: 'CONVERGENCE: REL_REDUCTION_OF_F_<=_FACTR*EPSMCH'
     nfev: 3
      nit: 1
   status: 0
  success: True
        x: array([-0.66422793, -0.75908499, -0.60004095,  0.531747  , -2.80010321,
        0.33647224,  0.5142373 ,  2.3480444 ,  0.27391089, -0.30802514,
       -0.09013663, -0.05905271, -0.25667014, -1.0319817 , -0.90939756,
       -0.59214059, -2.27528904, -3.46098749, -4.25691286, -2.70975632,
       -1.97532675, -1.10934115, -2.86493205, -3.2656002 , -2.53939475,
       -2.39934079])
