/home3/jxiong7/IGCexpansion/IGCexpansion/CodonGeneconv.py:277: FutureWarning: comparison to `None` will result in an elementwise object comparison in the future.
  if not x == None:
number of sites to be analyzed:  112
Successfully loaded parameter value from ./test/save/MG94_YLR406C_YDL075W_nonclock_save.txt
log likelihood =  -1178.09909116
Edge derivatives =  [0.0003483831981321295, 6.58267706291904e-05, 0.0017872462663156563, -0.001992144195267498, 0.0043068892263584055, 0.00024090587296474175, 0.0008849318900897921, 0.0006485250654202357, 0.000650432771009667, 0.0010958926971161714, 0.0002775335370654372, 3.649413159043102e-05]
other derivatives: [-0.00570708  0.0007276   0.0001819   0.00013642  0.00109139  0.00052296]
Current x array =  [-0.64417971 -0.48191685 -0.9305643   1.83998718 -2.45793005  0.50240582
 -3.20345022 -1.43914408 -2.2167342  -2.14538171 -3.61436124 -2.59447796
 -3.90522215 -2.80402448 -5.62037857 -2.41125257 -3.17809632 -3.28149631]
log likelihood =  -1178.10801283
Edge derivatives =  [0.012314663809778977, 0.012532923116346462, -0.0003316636683714791, 0.03389423992937779, -0.009912239602619041, 0.0005175234661433242, -0.0021746575502242516, -0.004907278454365074, 0.001617811108728438, -0.006961823654779292, 0.0026780861585129975, 0.007301443069748774]
other derivatives: [ 3.05360572 -0.40363375 -0.02974048 -0.05431957  0.01182343 -0.03051355]
Current x array =  [-0.64988679 -0.48118925 -0.9303824   1.84012361 -2.45683865  0.50292878
 -3.20310183 -1.43907825 -2.21494695 -2.14737386 -3.61005435 -2.59423705
 -3.90433722 -2.80337595 -5.61972813 -2.41015668 -3.17781878 -3.28145981]
log likelihood =  -1178.09909105
Edge derivatives =  [0.00038953436029483257, 0.00010778598775773585, 0.0017782978117792947, -0.0018676210358368195, 0.0042565966998859076, 0.0002407212592234198, 0.0008737915559530948, 0.0006281406958067032, 0.0006537315298322261, 0.0010663245463269355, 0.00028535003474845777, 6.125662415236433e-05]
other derivatives: [  5.11590770e-03  -7.04858394e-04   6.82121026e-05  -4.54747351e-05
   1.11413101e-03   3.86535248e-04]
Current x array =  [-0.64419973 -0.4819143  -0.93056366  1.83998766 -2.45792622  0.50240765
 -3.203449   -1.43914384 -2.21672793 -2.1453887  -3.61434613 -2.59447711
 -3.90521905 -2.8040222  -5.62037628 -2.41124872 -3.17809534 -3.28149618]
      fun: 1178.099091047506
 hess_inv: <18x18 LbfgsInvHessProduct with dtype=float64>
      jac: array([ -5.11590770e-03,   7.04858394e-04,  -6.82121026e-05,
         4.54747351e-05,  -1.11413101e-03,  -3.86535248e-04,
        -3.89534360e-04,  -1.07785988e-04,  -1.77829781e-03,
         1.86762104e-03,  -4.25659670e-03,  -2.40721259e-04,
        -8.73791556e-04,  -6.28140696e-04,  -6.53731530e-04,
        -1.06632455e-03,  -2.85350035e-04,  -6.12566242e-05])
  message: 'CONVERGENCE: REL_REDUCTION_OF_F_<=_FACTR*EPSMCH'
     nfev: 3
      nit: 1
   status: 0
  success: True
        x: array([-0.64419973, -0.4819143 , -0.93056366,  1.83998766, -2.45792622,
        0.50240765, -3.203449  , -1.43914384, -2.21672793, -2.1453887 ,
       -3.61434613, -2.59447711, -3.90521905, -2.8040222 , -5.62037628,
       -2.41124872, -3.17809534, -3.28149618])
number of sites to be analyzed:  112
Successfully loaded parameter value from ./test/save/MG94_Force_YLR406C_YDL075W_nonclock_save.txt
log likelihood =  -1195.08199594
Edge derivatives =  [-0.0007099899737279848, 0.00042386192484550334, 0.0002948666785791698, 0.00019173399483607412, -1.2744042876551565e-05, -0.00015013778145624157, 0.001129090244477611, -0.0012759875894142736, -0.0035360307079993613, -3.517468065261653e-06, -0.003490455827955083, 0.00017021284090004696]
other derivatives: [ -2.18278728e-03   4.32009983e-04  -2.27373675e-05   8.41282599e-04
   7.95807864e-04   0.00000000e+00]
Current x array =  [-0.65169143 -0.48015971 -0.94181573  1.78753905 -2.59532581  0.33647224
 -3.94493761 -1.31050732 -2.39850526 -2.00188838 -3.48965178 -2.51295872
 -3.8622024  -2.46288451 -5.15890739 -2.16517546 -2.8397825  -3.13790069]
log likelihood =  -1195.08349554
Edge derivatives =  [0.004586227221661677, -0.002857329910827211, 0.005504399236676644, 0.0015671573365076963, 0.001394260388600875, 0.0091846213410859, 0.001015064396429191, 0.02467355810054178, -0.0012663717642484792, 0.009687421646324246, 0.040949638011267483, 0.0040375725369237725]
other derivatives: [ 1.25010047 -0.21857431 -0.01289209 -0.04101821 -0.00186446  0.        ]
Current x array =  [-0.65387421 -0.4797277  -0.94183847  1.78838034 -2.59453001  0.33647224
 -3.9456476  -1.31008346 -2.3982104  -2.00169664 -3.48966452 -2.51310886
 -3.86107331 -2.4641605  -5.16244342 -2.16517898 -2.84327295 -3.13773048]
log likelihood =  -1195.08199575
Edge derivatives =  [-0.0006502753861687555, 0.0003858334666496377, 0.00035307121522006046, 0.00020634704161315298, 2.902040667197847e-06, -4.5233771152758395e-05, 0.001127587596852074, -0.0009831288522259563, -0.003510366125036791, 0.00010515719644502153, -0.0029877465965068017, 0.00021354947982579753]
other derivatives: [ 0.01198259 -0.00204636 -0.0001819   0.0003638   0.0007276   0.        ]
Current x array =  [-0.65171609 -0.48015482 -0.94181599  1.78754856 -2.59531682  0.33647224
 -3.94494563 -1.31050253 -2.39850193 -2.00188621 -3.48965192 -2.51296042
 -3.86218964 -2.46289893 -5.15894734 -2.1651755  -2.83982194 -3.13789877]
      fun: 1195.0819957489698
 hess_inv: <18x18 LbfgsInvHessProduct with dtype=float64>
      jac: array([ -1.19825927e-02,   2.04636308e-03,   1.81898940e-04,
        -3.63797881e-04,  -7.27595761e-04,  -0.00000000e+00,
         6.50275386e-04,  -3.85833467e-04,  -3.53071215e-04,
        -2.06347042e-04,  -2.90204067e-06,   4.52337712e-05,
        -1.12758760e-03,   9.83128852e-04,   3.51036613e-03,
        -1.05157196e-04,   2.98774660e-03,  -2.13549480e-04])
  message: 'CONVERGENCE: REL_REDUCTION_OF_F_<=_FACTR*EPSMCH'
     nfev: 3
      nit: 1
   status: 0
  success: True
        x: array([-0.65171609, -0.48015482, -0.94181599,  1.78754856, -2.59531682,
        0.33647224, -3.94494563, -1.31050253, -2.39850193, -2.00188621,
       -3.48965192, -2.51296042, -3.86218964, -2.46289893, -5.15894734,
       -2.1651755 , -2.83982194, -3.13789877])
