/home3/jxiong7/IGCexpansion/IGCexpansion/CodonGeneconv.py:277: FutureWarning: comparison to `None` will result in an elementwise object comparison in the future.
  if not x == None:
number of sites to be analyzed:  198
Successfully loaded parameter value from ./test/save/MG94_YER102W_YBL072C_nonclock_save.txt
log likelihood =  -2058.95626422
Edge derivatives =  [-4.450257064890495e-05, 0.0042337444141183345, -0.003770861145537069, -0.001156243409226626, -0.0022718419494272765, 8.625675591024395e-05, -0.0052908960723864334, 0.00117490671870224, 0.001439753750662194, -0.005835690572626159, 0.0064361111071537525, -0.0009836369060819833]
other derivatives: [  8.73114914e-03  -1.09139364e-03  -2.72848411e-04   7.27595761e-04
  -9.09494702e-05   1.81898940e-03]
Current x array =  [-0.69725012 -0.52987208 -0.85419833  1.96382944 -1.66421572  1.5824807
 -2.96046723 -1.699193   -2.40459925 -1.61097946 -3.64462763 -2.64044494
 -4.05037965 -2.48070397 -3.49076233 -3.5070818  -4.54143519 -3.59062257]
log likelihood =  -2058.98869428
Edge derivatives =  [-0.017724544222566016, -0.14188773653878567, -0.011518588073714559, -0.058356989173642515, -0.012856011518164876, -0.03788233692942035, -0.0029160770549849363, -0.10269556334326305, -0.018016983017557754, 0.027139761120806773, -0.019834581669526466, -0.013455124584132262]
other derivatives: [-7.25408427  0.87825356  0.23283064  0.06484697 -0.08362804 -0.10340955]
Current x array =  [-0.68851897 -0.53096347 -0.85447118  1.96455703 -1.66430667  1.58429969
 -2.96051173 -1.69495926 -2.40837011 -1.6121357  -3.64689947 -2.64035868
 -4.05567054 -2.47952906 -3.48932258 -3.51291749 -4.53499908 -3.59160621]
log likelihood =  -2058.95626382
Edge derivatives =  [-0.00010951599029782044, 0.0037190138894263314, -0.003800566349558332, -0.001361626695932594, -0.0023099963191419368, -4.949002382026446e-05, -0.005283274426691235, 0.0008091125626808471, 0.0013701027269480207, -0.005721141449793875, 0.006343756749389081, -0.0010287074583162359]
other derivatives: [-0.01632543  0.00209184  0.00059117  0.00104592 -0.00027285  0.00154614]
Current x array =  [-0.69721953 -0.5298759  -0.85419929  1.96383199 -1.66421604  1.58248707
 -2.96046738 -1.69917817 -2.40461246 -1.61098351 -3.64463559 -2.64044464
 -4.05039818 -2.48069985 -3.49075729 -3.50710225 -4.54141264 -3.59062602]
      fun: 2058.9562638222956
 hess_inv: <18x18 LbfgsInvHessProduct with dtype=float64>
      jac: array([  1.63254299e-02,  -2.09183781e-03,  -5.91171556e-04,
        -1.04591891e-03,   2.72848411e-04,  -1.54614099e-03,
         1.09515990e-04,  -3.71901389e-03,   3.80056635e-03,
         1.36162670e-03,   2.30999632e-03,   4.94900238e-05,
         5.28327443e-03,  -8.09112563e-04,  -1.37010273e-03,
         5.72114145e-03,  -6.34375675e-03,   1.02870746e-03])
  message: 'CONVERGENCE: REL_REDUCTION_OF_F_<=_FACTR*EPSMCH'
     nfev: 3
      nit: 1
   status: 0
  success: True
        x: array([-0.69721953, -0.5298759 , -0.85419929,  1.96383199, -1.66421604,
        1.58248707, -2.96046738, -1.69917817, -2.40461246, -1.61098351,
       -3.64463559, -2.64044464, -4.05039818, -2.48069985, -3.49075729,
       -3.50710225, -4.54141264, -3.59062602])
number of sites to be analyzed:  198
Successfully loaded parameter value from ./test/save/MG94_Force_YER102W_YBL072C_nonclock_save.txt
log likelihood =  -2196.65841164
Edge derivatives =  [-8.086273115771887e-05, 0.0009538707147260517, -0.003311463027657835, 0.0006693946574815035, 0.003507495679819575, -0.004507479756050092, 0.004357178508738374, -3.296722017348541e-05, -0.004277100878757496, 0.006321442702537927, 0.006621751970008725, 0.0024788813257537873]
other derivatives: [-0.00645741  0.00095497  0.00350155  0.00300133 -0.00154614  0.        ]
Current x array =  [ -0.72343526  -0.51994788  -0.87319687   1.75535551  -2.00645062
   0.33647224 -12.7588849   -1.39764672  -2.54222935  -1.42200668
  -3.2169446   -2.23280177  -3.92652527  -1.94188379  -3.42801673
  -2.88985857  -4.48554729  -3.31939332]
log likelihood =  -2196.68117582
Edge derivatives =  [-7.873600770014468e-05, 0.06284192121932891, 0.12201879354579653, 0.07275325598215177, 0.02034483906043212, 0.1668821614222162, 0.0014709071105980728, 0.07236929992836383, 0.031380208032873655, -0.06076505513486666, -0.009641953411237122, -0.01496833723660751]
other derivatives: [ 5.76064849 -0.81472535 -1.36592462 -0.31704985  0.22955646  0.        ]
Current x array =  [ -0.72989267  -0.51899291  -0.86969531   1.75835684  -2.00799676
   0.33647224 -12.75896577  -1.39669285  -2.54554081  -1.42133728
  -3.2134371   -2.23730924  -3.9221681   -1.94191676  -3.43229383
  -2.88353712  -4.47892554  -3.31691444]
log likelihood =  -2196.65841102
Edge derivatives =  [-8.085205272409572e-05, 0.001269767273425565, -0.002665059320640012, 0.0010357611625868568, 0.0035932639774002434, -0.0036224104327340634, 0.004341532735292426, 0.0003374870378589634, -0.004092932432627219, 0.005974929362026482, 0.006537604945627523, 0.0023880976776826657]
other derivatives: [ 0.02351044 -0.00327418 -0.00354703  0.00136424 -0.0003638   0.        ]
Current x array =  [ -0.72346858  -0.51994296  -0.8731788    1.75537099  -2.0064586
   0.33647224 -12.75888532  -1.3976418   -2.54224643  -1.42200323
  -3.21692651  -2.23282502  -3.9265028   -1.94188396  -3.4280388
  -2.88982596  -4.48551313  -3.31938053]
      fun: 2196.6584110185204
 hess_inv: <18x18 LbfgsInvHessProduct with dtype=float64>
      jac: array([ -2.35104380e-02,   3.27418093e-03,   3.54702934e-03,
        -1.36424205e-03,   3.63797881e-04,  -0.00000000e+00,
         8.08520527e-05,  -1.26976727e-03,   2.66505932e-03,
        -1.03576116e-03,  -3.59326398e-03,   3.62241043e-03,
        -4.34153274e-03,  -3.37487038e-04,   4.09293243e-03,
        -5.97492936e-03,  -6.53760495e-03,  -2.38809768e-03])
  message: 'CONVERGENCE: REL_REDUCTION_OF_F_<=_FACTR*EPSMCH'
     nfev: 3
      nit: 1
   status: 0
  success: True
        x: array([ -0.72346858,  -0.51994296,  -0.8731788 ,   1.75537099,
        -2.0064586 ,   0.33647224, -12.75888532,  -1.3976418 ,
        -2.54224643,  -1.42200323,  -3.21692651,  -2.23282502,
        -3.9265028 ,  -1.94188396,  -3.4280388 ,  -2.88982596,
        -4.48551313,  -3.31938053])
