/home3/jxiong7/IGCexpansion/IGCexpansion/CodonGeneconv.py:277: FutureWarning: comparison to `None` will result in an elementwise object comparison in the future.
  if not x == None:
number of sites to be analyzed:  306
Successfully loaded parameter value from ./test/save/MG94_MR_PR_nonclock_save.txt
log likelihood =  -9854.61514688
Edge derivatives =  [0.008810860215476168, -0.010508504189761694, 0.04917063068094542, 0.020381948643781622, 0.010945762277660198, 0.018875977772943253, -0.010332654765120193, 0.012489047501006156, -0.010759543265037391, 0.0030127766929855526, 0.012601759464152845, 0.005515375936313523, -0.00789379196091506, 0.010573445336118148, 0.0373521086504254, -0.09215958531074303, 0.014704534625545704, -0.01602859900030002, -0.0013287469930653995, 0.008736636540245875]
other derivatives: [-0.1373337  -0.26957423 -0.26302587 -0.13242243  0.07858034 -0.04401954]
Current x array =  [-0.65383285 -0.75655617 -0.59322046  0.58827639 -2.8087447  -1.97196723
  0.63736732  2.37272299  0.15877244 -0.15103936 -0.54911676 -0.35455338
 -0.47174398 -0.9248491  -1.26179003 -0.91950073 -1.89642405 -3.45986044
 -4.33611405 -2.67963208 -2.11893776 -0.93756371 -2.85575096 -3.2690129
 -2.57887207 -2.55112024]
log likelihood =  -10014.7069132
Edge derivatives =  [-12.932599627037556, -18.320607066872824, -13.721156645850527, -9.97810571032086, -6.923230306620827, -10.195075045918449, -3.457018685601993, -4.198590590064458, 0.7120899077393623, -5.737217102880482, -1.7620187093988164, -0.611328542664579, -0.027552331619446306, 0.031578321972032586, -2.0468484181141915, 7.952667047832491, -1.2470424002844482, 0.8510494558480537, -0.12014454144464859, -0.6108297396679995]
other derivatives: [ 380.50911826  359.12762542  497.54398788   39.51481631  -64.36584954
    4.76666173]
Current x array =  [-0.79116655 -1.0261304  -0.85624633  0.45585396 -2.73016436 -2.01598677
  0.64617818  2.36221448  0.20794307 -0.13065741 -0.538171   -0.3356774
 -0.48207664 -0.91236005 -1.27254957 -0.91648796 -1.88382229 -3.45434507
 -4.34400784 -2.66905863 -2.08158565 -1.02972329 -2.84104643 -3.2850415
 -2.58020081 -2.5423836 ]
log likelihood =  -9854.61508661
Edge derivatives =  [0.004833480838743909, -0.015118560246600268, 0.045261626316176834, 0.017446017009652537, 0.010045148923803926, 0.017083252069066468, -0.008641118446537095, 0.012689873057345872, -0.00832735102548643, 0.0028073298859838808, 0.012997514096457413, 0.005546739339617274, -0.007798385552559607, 0.011181128816448171, 0.03731010119098485, -0.08449102873362047, 0.014566534805960596, -0.015172000867276346, -0.0005782527078483923, 0.009261972797755626]
other derivatives: [ 0.08076313 -0.02601155  0.11841621 -0.15024852  0.05748007 -0.04256435]
Current x array =  [-0.65390619 -0.75670013 -0.59336093  0.58820568 -2.80870273 -1.97199073
  0.63737202  2.37271738  0.1587987  -0.15102848 -0.54911092 -0.3545433
 -0.4717495  -0.92484243 -1.26179578 -0.91949913 -1.89641732 -3.4598575
 -4.33611826 -2.67962643 -2.11891781 -0.93761292 -2.85574311 -3.26902146
 -2.57887277 -2.55111557]
log likelihood =  -9854.61506676
Edge derivatives =  [-0.001193289847120027, -0.023067803301861076, 0.0394427858757295, 0.013457904594736503, 0.008229624008716407, 0.014538245869648136, -0.010861357908282894, 0.010982070306653123, -0.008243152879723992, 0.0018602452801137759, 0.01294151471927213, 0.005443846162735737, -0.007710940961181235, 0.010976835641478666, 0.036603005163967195, -0.0780550223020236, 0.014455889425385615, -0.014891960951829278, -0.00025000382898376916, 0.00954752778599647]
other derivatives: [ 0.03819878  0.04292815  0.05347829 -0.09094947  0.02146407 -0.04220055]
Current x array =  [-0.65389061 -0.75674776 -0.59334645  0.58812401 -2.8086677  -1.97201475
  0.63737527  2.37270954  0.15882456 -0.15101832 -0.54910517 -0.35453349
 -0.47175457 -0.92483535 -1.26180077 -0.91949753 -1.8964101  -3.4598544
 -4.33612264 -2.67962025 -2.11889692 -0.93766125 -2.85573494 -3.26903007
 -2.5788732  -2.55111046]
      fun: 9854.6150667629
 hess_inv: <26x26 LbfgsInvHessProduct with dtype=float64>
      jac: array([-0.03819878, -0.04292815, -0.05347829,  0.09094947, -0.02146407,
        0.04220055,  0.00119329,  0.0230678 , -0.03944279, -0.0134579 ,
       -0.00822962, -0.01453825,  0.01086136, -0.01098207,  0.00824315,
       -0.00186025, -0.01294151, -0.00544385,  0.00771094, -0.01097684,
       -0.03660301,  0.07805502, -0.01445589,  0.01489196,  0.00025   ,
       -0.00954753])
  message: 'CONVERGENCE: REL_REDUCTION_OF_F_<=_FACTR*EPSMCH'
     nfev: 4
      nit: 2
   status: 0
  success: True
        x: array([-0.65389061, -0.75674776, -0.59334645,  0.58812401, -2.8086677 ,
       -1.97201475,  0.63737527,  2.37270954,  0.15882456, -0.15101832,
       -0.54910517, -0.35453349, -0.47175457, -0.92483535, -1.26180077,
       -0.91949753, -1.8964101 , -3.4598544 , -4.33612264, -2.67962025,
       -2.11889692, -0.93766125, -2.85573494, -3.26903007, -2.5788732 ,
       -2.55111046])
Traceback (most recent call last):
  File "Run_rebuild_Thornton_MR_PR.py", line 30, in <module>
    MG94_tau.site_reconstruction()
  File "/home3/jxiong7/IGCexpansion/IGCexpansion/CodonGeneconv.py", line 1828, in site_reconstruction
    np.savetxt(open('./test/Ancestral_reconstruction/parameters/' + 'tau_' + self.paralog[0] + '_' + self.paralog[1] + '_' +model +'.txt','w+'), b)
  File "/usr/local/lib/python2.7/dist-packages/numpy/lib/npyio.py", line 1175, in savetxt
    ncol = X.shape[1]
IndexError: tuple index out of range
