/home3/jxiong7/IGCexpansion/IGCexpansion/CodonGeneconv.py:276: FutureWarning: comparison to `None` will result in an elementwise object comparison in the future.
  if not x == None:
number of sites to be analyzed:  140
Successfully loaded parameter value from ./test/save/MG94_YML026C_YDR450W_nonclock_save.txt
log likelihood =  -1377.24546062
Edge derivatives =  [-0.0014568835949403947, 0.00028664219485907694, 0.0005537513838627384, 0.00014403149444197627, 2.2111145989958545e-05, 0.0014893437045881697, -2.7247603929651075e-05, 0.0007829844722012647, 0.004349079149475556, -3.0585819130735103e-05, 0.0028131212215693063, -0.00033865158530484163]
other derivatives: [  8.18545232e-03  -4.54747351e-04  -4.54747351e-05  -1.63709046e-03
  -5.91171556e-04  -1.43245416e-03]
Current x array =  [ -0.69053251  -0.52076033  -0.86672789   1.70682014  -2.60732373
   1.2932849   -3.4439454   -1.56761016  -2.15739914  -1.86209688
 -10.02612819  -2.86246276 -15.65149495  -2.52822946  -4.83963141
  -2.59077424  -3.28880366  -3.93023546]
log likelihood =  -1377.26540138
Edge derivatives =  [-0.002635679202283636, -0.03740334170732629, -0.04116568590585429, -0.04650578363245919, -1.8411385140268389e-06, -0.033715631577583616, -2.7315308309944705e-05, -0.031818885112179535, -0.003610200351638032, -0.012911563878274246, -0.02803649136345146, -0.007906649045332184]
other derivatives: [-4.83410076  0.25083864  0.07394192  0.13878889 -0.05402399  0.04297362]
Current x array =  [ -0.68234706  -0.52121507  -0.86677337   1.70518305  -2.6079149
   1.29185245  -3.44540228  -1.56732352  -2.15684539  -1.86195285
 -10.02610608  -2.86097341 -15.6515222   -2.52744647  -4.83528233
  -2.59080482  -3.28599053  -3.93057411]
log likelihood =  -1377.24546048
Edge derivatives =  [-0.00146114068403988, 0.0001859792928087245, 0.00044317592863640787, 2.013007930495858e-05, 2.2047464211638965e-05, 0.0013960458799052167, -2.724778673284375e-05, 0.0006960611754306123, 0.004328000760233519, -6.537636935000091e-05, 0.0027317050743940613, -0.00035898336575809764]
other derivatives: [-0.00427463  0.00027285  0.0001819  -0.00118234 -0.00063665 -0.00122782]
Current x array =  [ -0.69051107  -0.52076152  -0.86672801   1.70681585  -2.60732528
   1.29328115  -3.44394922  -1.56760941  -2.15739769  -1.8620965
 -10.02612813  -2.86245885 -15.65149502  -2.52822741  -4.83962002
  -2.59077432  -3.28879629  -3.93023635]
      fun: 1377.245460477584
 hess_inv: <18x18 LbfgsInvHessProduct with dtype=float64>
      jac: array([  4.27462510e-03,  -2.72848411e-04,  -1.81898940e-04,
         1.18234311e-03,   6.36646291e-04,   1.22781785e-03,
         1.46114068e-03,  -1.85979293e-04,  -4.43175929e-04,
        -2.01300793e-05,  -2.20474642e-05,  -1.39604588e-03,
         2.72477867e-05,  -6.96061175e-04,  -4.32800076e-03,
         6.53763694e-05,  -2.73170507e-03,   3.58983366e-04])
  message: 'CONVERGENCE: REL_REDUCTION_OF_F_<=_FACTR*EPSMCH'
     nfev: 3
      nit: 1
   status: 0
  success: True
        x: array([ -0.69051107,  -0.52076152,  -0.86672801,   1.70681585,
        -2.60732528,   1.29328115,  -3.44394922,  -1.56760941,
        -2.15739769,  -1.8620965 , -10.02612813,  -2.86245885,
       -15.65149502,  -2.52822741,  -4.83962002,  -2.59077432,
        -3.28879629,  -3.93023635])
number of sites to be analyzed:  140
Successfully loaded parameter value from ./test/save/MG94_Force_YML026C_YDR450W_nonclock_save.txt
log likelihood =  -1444.31278772
Edge derivatives =  [-0.00010683293992687923, -0.0004869423943398843, 0.0010122355337089939, 0.0028588138567721133, 0.005358039536394521, -0.0014183686808904306, -4.629750133726115e-05, -0.0004905100462448964, 0.003987244919776423, 0.0022996263997491218, 0.0005133328682621341, -0.0019264189142844945]
other derivatives: [ -3.72892828e-03  -4.50199877e-03   6.82121026e-05   1.86446414e-03
  -1.54614099e-03   0.00000000e+00]
Current x array =  [ -0.71910438  -0.51667834  -0.89458224   1.57903915  -2.82997838
   0.33647224 -11.65397723  -1.39341283  -2.31078571  -1.65768306
  -3.7614161   -2.71139243 -15.12661769  -2.21349431  -4.47038512
  -2.10794265  -2.8618605   -3.49994854]
log likelihood =  -1444.32142903
Edge derivatives =  [-0.00011192432278613222, 0.062068393074189654, 0.0017525321742651867, -0.03734218474165951, 0.002839020220833141, 0.024321695322842146, -4.6289283754458634e-05, 0.03667666442696366, 1.3989601386342476e-05, -0.039122338579633154, 0.021466956419717437, 0.007301445119203248]
other derivatives: [ 2.18069545  1.89988896 -0.05040874 -0.15977548  0.06000391  0.        ]
Current x array =  [ -0.72283331  -0.52118033  -0.89451403   1.58090361  -2.83152452
   0.33647224 -11.65408406  -1.39389977  -2.30977347  -1.65482424
  -3.75605806  -2.7128108  -15.12666399  -2.21398482  -4.46639788
  -2.10564302  -2.86134717  -3.50187496]
log likelihood =  -1444.3127874
Edge derivatives =  [-0.00010686333266621669, -0.00010841540926520565, 0.001018702961792295, 0.0026209070664325873, 0.00534385183632248, -0.0012619336025048444, -4.6297448892702205e-05, -0.00026536374238339544, 0.0039636622051639064, 0.002052736975593661, 0.0006407994088709068, -0.001870734136405025]
other derivatives: [ 0.00948148  0.00702585 -0.00020464  0.00090949 -0.00115961  0.        ]
Current x array =  [ -0.71912678  -0.51670538  -0.89458183   1.57905035  -2.82998767
   0.33647224 -11.65397787  -1.39341575  -2.31077963  -1.65766588
  -3.76138391  -2.71140095 -15.12661797  -2.21349725  -4.47036117
  -2.10792883  -2.86185742  -3.49996011]
      fun: 1444.3127873992394
 hess_inv: <18x18 LbfgsInvHessProduct with dtype=float64>
      jac: array([ -9.48148227e-03,  -7.02584657e-03,   2.04636308e-04,
        -9.09494702e-04,   1.15960574e-03,  -0.00000000e+00,
         1.06863333e-04,   1.08415409e-04,  -1.01870296e-03,
        -2.62090707e-03,  -5.34385184e-03,   1.26193360e-03,
         4.62974489e-05,   2.65363742e-04,  -3.96366221e-03,
        -2.05273698e-03,  -6.40799409e-04,   1.87073414e-03])
  message: 'CONVERGENCE: REL_REDUCTION_OF_F_<=_FACTR*EPSMCH'
     nfev: 3
      nit: 1
   status: 0
  success: True
        x: array([ -0.71912678,  -0.51670538,  -0.89458183,   1.57905035,
        -2.82998767,   0.33647224, -11.65397787,  -1.39341575,
        -2.31077963,  -1.65766588,  -3.76138391,  -2.71140095,
       -15.12661797,  -2.21349725,  -4.47036117,  -2.10792883,
        -2.86185742,  -3.49996011])
