/home3/jxiong7/IGCexpansion/IGCexpansion/CodonGeneconv.py:276: FutureWarning: comparison to `None` will result in an elementwise object comparison in the future.
  if not x == None:
number of sites to be analyzed:  197
Successfully loaded parameter value from ./test/save/MG94_YMR142C_YDL082W_nonclock_save.txt
log likelihood =  -2054.0507457
Edge derivatives =  [-0.0010011186116029025, -0.002250908957640796, 0.0030473857444017344, -0.004909185489690049, 0.00024350181853431425, -0.0021528054632543314, -4.7135925352215224e-05, -0.00037275067716133203, 0.004523184140560466, 0.0016983877814931159, 0.0006341085310823946, 0.0034948846747137052]
other derivatives: [-0.0120508   0.00763976  0.00154614 -0.00832188 -0.00632099  0.00422915]
Current x array =  [-0.67259142 -0.47522637 -0.80772779  1.9878337  -1.49560868  1.7413745
 -2.68897838 -1.92258095 -2.43255283 -1.73372143 -6.32553664 -3.10257623
 -3.95779483 -2.55176597 -3.6281105  -2.84380481 -3.34965135 -4.24686559]
log likelihood =  -2054.14011596
Edge derivatives =  [0.036063783992041964, 0.08493495495392756, 0.02197148980345158, 0.26923122245361697, 0.0016704876673672435, 0.038493758629485314, -0.008717674345809438, 0.028861901080168215, -0.0505970048675818, -0.10838771197669643, -0.03442904271103579, -0.038573881652900904]
other derivatives: [ 10.43795237  -5.7928446   -0.70995156   0.179989     0.35342964
  -0.39044608]
Current x array =  [-0.68464222 -0.46758661 -0.80618165  1.97951182 -1.50192967  1.74560365
 -2.6899795  -1.92483186 -2.42950544 -1.73863062 -6.32529314 -3.10472904
 -3.95784197 -2.55213872 -3.62358731 -2.84210642 -3.34901724 -4.2433707 ]
log likelihood =  -2054.05074522
Edge derivatives =  [-0.000920889322861218, -0.002055740848838139, 0.0030870144472002897, -0.004285938918732024, 0.0002466498498727432, -0.0020627181105936365, -6.827797383830714e-05, -0.00030964837482652663, 0.0043958691646216325, 0.0014431756580051414, 0.0005518870128498887, 0.003397580206554715]
other derivatives: [  1.22327037e-02  -5.45696821e-03  -9.09494702e-05  -7.86712917e-03
  -5.54791768e-03   3.36513040e-03]
Current x array =  [-0.67261901 -0.47520888 -0.80772425  1.98781465 -1.49562315  1.74138418
 -2.68898067 -1.9225861  -2.43254585 -1.73373267 -6.32553608 -3.10258116
 -3.95779494 -2.55176683 -3.62810014 -2.84380092 -3.3496499  -4.24685759]
      fun: 2054.0507452223646
 hess_inv: <18x18 LbfgsInvHessProduct with dtype=float64>
      jac: array([ -1.22327037e-02,   5.45696821e-03,   9.09494702e-05,
         7.86712917e-03,   5.54791768e-03,  -3.36513040e-03,
         9.20889323e-04,   2.05574085e-03,  -3.08701445e-03,
         4.28593892e-03,  -2.46649850e-04,   2.06271811e-03,
         6.82779738e-05,   3.09648375e-04,  -4.39586916e-03,
        -1.44317566e-03,  -5.51887013e-04,  -3.39758021e-03])
  message: 'CONVERGENCE: REL_REDUCTION_OF_F_<=_FACTR*EPSMCH'
     nfev: 3
      nit: 1
   status: 0
  success: True
        x: array([-0.67261901, -0.47520888, -0.80772425,  1.98781465, -1.49562315,
        1.74138418, -2.68898067, -1.9225861 , -2.43254585, -1.73373267,
       -6.32553608, -3.10258116, -3.95779494, -2.55176683, -3.62810014,
       -2.84380092, -3.3496499 , -4.24685759])
number of sites to be analyzed:  197
Successfully loaded parameter value from ./test/save/MG94_Force_YMR142C_YDL082W_nonclock_save.txt
log likelihood =  -2197.02712613
Edge derivatives =  [-0.0001068844510215656, -0.003402668067148562, -0.0019182789749501161, -0.010029401405967087, -0.008360934732280424, -0.0013571309813623922, -0.010695897884392347, -0.0011217591183425024, 0.0065814353024507555, 0.005894343456681994, 0.003273175368650405, -0.008980344289513664]
other derivatives: [ 0.01437002 -0.02773959 -0.00404725  0.00013642 -0.00281943  0.        ]
Current x array =  [ -0.70841588  -0.46486526  -0.82441228   1.82319207  -1.88036684
   0.33647224 -14.66435785  -1.44280667  -2.29125449  -1.64086115
  -4.43729641  -2.95018607  -3.57168495  -2.21042839  -3.17138726
  -2.24944934  -2.7280726   -3.77718068]
log likelihood =  -2197.42904292
Edge derivatives =  [-0.00010762822994787334, 0.07692522112353595, 0.17937138155241825, 0.3803258011793085, 0.0021704318570169925, -0.018221945372386528, 0.025520388892420143, 0.05310173001367788, -0.04249622042519205, -0.23592555107817909, -0.11136572068344469, 0.08493093713506739]
other derivatives: [-14.19980435  20.71478775   2.07542143  -0.08535608   0.17948878   0.        ]
Current x array =  [ -0.69404587  -0.49260484  -0.82845953   1.82332849  -1.88318627
   0.33647224 -14.66446473  -1.44620934  -2.29317277  -1.65089055
  -4.44565735  -2.9515432   -3.58238084  -2.21155015  -3.16480583
  -2.24355499  -2.72479943  -3.78616103]
log likelihood =  -2197.02712482
Edge derivatives =  [-0.00010688586082609067, -0.003243490921058856, -0.0015801364715197774, -0.009305501512038683, -0.008341306765291323, -0.0013811044028619046, -0.010628199391584395, -0.0010078867281209658, 0.006502751674381579, 0.005479241716310146, 0.003077607721523601, -0.008807620972804159]
other derivatives: [-0.01032276  0.01155058 -0.00027285  0.         -0.00245564  0.        ]
Current x array =  [ -0.70839029  -0.46491466  -0.82441949   1.82319231  -1.88037186
   0.33647224 -14.66435804  -1.44281273  -2.2912579   -1.64087901
  -4.4373113   -2.95018848  -3.571704    -2.21043039  -3.17137554
  -2.24943884  -2.72806677  -3.77719668]
      fun: 2197.0271248188556
 hess_inv: <18x18 LbfgsInvHessProduct with dtype=float64>
      jac: array([ 0.01032276, -0.01155058,  0.00027285, -0.        ,  0.00245564,
       -0.        ,  0.00010689,  0.00324349,  0.00158014,  0.0093055 ,
        0.00834131,  0.0013811 ,  0.0106282 ,  0.00100789, -0.00650275,
       -0.00547924, -0.00307761,  0.00880762])
  message: 'CONVERGENCE: REL_REDUCTION_OF_F_<=_FACTR*EPSMCH'
     nfev: 3
      nit: 1
   status: 0
  success: True
        x: array([ -0.70839029,  -0.46491466,  -0.82441949,   1.82319231,
        -1.88037186,   0.33647224, -14.66435804,  -1.44281273,
        -2.2912579 ,  -1.64087901,  -4.4373113 ,  -2.95018848,
        -3.571704  ,  -2.21043039,  -3.17137554,  -2.24943884,
        -2.72806677,  -3.77719668])
