/home3/jxiong7/IGCexpansion/IGCexpansion/CodonGeneconv.py:277: FutureWarning: comparison to `None` will result in an elementwise object comparison in the future.
  if not x == None:
number of sites to be analyzed:  306
Successfully loaded parameter value from ./test/save/MG94_MR_PR_nonclock_save.txt
log likelihood =  -9854.61506676
Edge derivatives =  [-0.001193289847120027, -0.023067803301861076, 0.0394427858757295, 0.013457904594736503, 0.008229624008716407, 0.014538245869648136, -0.010861357908282894, 0.010982070306653123, -0.008243152879723992, 0.0018602452801137759, 0.01294151471927213, 0.005443846162735737, -0.007710940961181235, 0.010976835641478666, 0.036603005163967195, -0.0780550223020236, 0.014455889425385615, -0.014891960951829278, -0.00025000382898376916, 0.00954752778599647]
other derivatives: [ 0.03819878  0.04292815  0.05347829 -0.09094947  0.02146407 -0.04220055]
Current x array =  [-0.65389061 -0.75674776 -0.59334645  0.58812401 -2.8086677  -1.97201475
  0.63737527  2.37270954  0.15882456 -0.15101832 -0.54910517 -0.35453349
 -0.47175457 -0.92483535 -1.26180077 -0.91949753 -1.8964101  -3.4598544
 -4.33612264 -2.67962025 -2.11889692 -0.93766125 -2.85573494 -3.26903007
 -2.5788732  -2.55111046]
log likelihood =  -9865.84165763
Edge derivatives =  [-5.5858800566810105, -4.568732230892438, -7.089336159584481, -4.331768096090478, -3.4067808713411716, -4.150428261780192, -2.7771612578334084, -1.9192146368543697, -0.5818057644997148, -0.9190012828087679, -0.8792671841310337, -0.14712527480749643, 0.06429177250754332, -0.51215364471604, -1.8505521462490908, 9.184166795989587, -0.2614335535865041, 0.09081789430260735, -0.13723514934961945, -0.2289592054235444]
other derivatives: [-154.17936083  -91.94736776 -153.17418729   34.55788828  -29.51146598
    1.21326593]
Current x array =  [-0.61569183 -0.71381961 -0.53986816  0.49717454 -2.78720362 -2.01421531
  0.63618198  2.34964174  0.19826735 -0.13756041 -0.54087555 -0.33999525
 -0.48261592 -0.91385328 -1.27004392 -0.91763728 -1.88346859 -3.45441055
 -4.34383358 -2.66864342 -2.08229392 -1.01571627 -2.84127905 -3.28392203
 -2.5791232  -2.54156293]
log likelihood =  -9854.61504592
Edge derivatives =  [-0.008042760733170784, -0.02853538925937093, 0.030893223466333275, 0.008175497125078923, 0.004083880454017419, 0.00955224157875545, -0.014142903930085928, 0.008719841736467821, -0.008856211116456653, 0.0008883471795891468, 0.011921912138678381, 0.005273166434752452, -0.007625216396983759, 0.010368747177866067, 0.0343600284738326, -0.06586100276612583, 0.014158485475109228, -0.014723278642490449, -0.00035484746503577913, 0.00933043477971282]
other derivatives: [-0.17644197 -0.05911716 -0.16298145 -0.06475602 -0.03619789 -0.04110916]
Current x array =  [-0.65384225 -0.75669341 -0.59327875  0.58800887 -2.80864053 -1.97206818
  0.63737376  2.37268034  0.1588745  -0.15100128 -0.54909476 -0.35451509
 -0.47176831 -0.92482145 -1.2618112  -0.91949517 -1.89639372 -3.45984751
 -4.3361324  -2.67960636 -2.11885058 -0.93776007 -2.85571664 -3.26904892
 -2.57887352 -2.55109837]
      fun: 9854.615045915616
 hess_inv: <26x26 LbfgsInvHessProduct with dtype=float64>
      jac: array([ 0.17644197,  0.05911716,  0.16298145,  0.06475602,  0.03619789,
        0.04110916,  0.00804276,  0.02853539, -0.03089322, -0.0081755 ,
       -0.00408388, -0.00955224,  0.0141429 , -0.00871984,  0.00885621,
       -0.00088835, -0.01192191, -0.00527317,  0.00762522, -0.01036875,
       -0.03436003,  0.065861  , -0.01415849,  0.01472328,  0.00035485,
       -0.00933043])
  message: 'CONVERGENCE: REL_REDUCTION_OF_F_<=_FACTR*EPSMCH'
     nfev: 3
      nit: 1
   status: 0
  success: True
        x: array([-0.65384225, -0.75669341, -0.59327875,  0.58800887, -2.80864053,
       -1.97206818,  0.63737376,  2.37268034,  0.1588745 , -0.15100128,
       -0.54909476, -0.35451509, -0.47176831, -0.92482145, -1.2618112 ,
       -0.91949517, -1.89639372, -3.45984751, -4.3361324 , -2.67960636,
       -2.11885058, -0.93776007, -2.85571664, -3.26904892, -2.57887352,
       -2.55109837])
number of sites to be analyzed:  306
Successfully loaded parameter value from ./test/save/MG94_Force_MR_PR_nonclock_save.txt
log likelihood =  -9873.80873614
Edge derivatives =  [0.0033247666905996676, -0.004163665684341365, -0.020248079934861517, -0.0034181720269155225, -0.010690957998502504, -0.023104034331699053, -0.002532808923197314, -0.0037331226017341054, 0.025991109325428197, 0.026606699126601296, 0.0015408648518736578, 0.0037485206948578154, 0.00045674532560953385, -0.015643088598377264, 0.006004210019548928, -0.031153414715262562, -0.013957232475224346, 0.007733384944464197, -0.0007464427526622242, -0.014697734245343548]
other derivatives: [ 0.01218723  0.00582077 -0.03583409 -0.00454747  0.00836735  0.        ]
Current x array =  [-0.6541332  -0.75919866 -0.59159675  0.57686803 -2.82821525  0.33647224
  0.51212411  2.40907136  0.2061427  -0.10936254 -0.45407268 -0.31540595
 -0.44373763 -0.85302367 -1.17636168 -0.89633895 -1.82496818 -3.46270454
 -4.30132012 -2.62197421 -2.06801126 -0.89122009 -2.81030561 -3.2035731
 -2.53681782 -2.4910332 ]
log likelihood =  -9876.03537483
Edge derivatives =  [-1.2350919385005381, -0.7808651177005912, 0.24677441032162217, -0.43012550319011544, -0.0646123171843499, 0.288482301014368, -0.021757650260478663, -0.19460557671919862, -2.4957095563041887, -3.3763090877576065, -0.5915856240794115, -0.09022597851620354, -0.001098945659437394, 0.38358697630059646, -0.4608366423311835, 3.0209696414886387, 0.17144917694873446, -0.119850958656396, -0.06837343355013992, 0.11421646610968426]
other derivatives: [-50.52424967 -10.91357262  95.08075891   2.00416252  -3.18887032   0.        ]
Current x array =  [-0.64194597 -0.7533779  -0.62743084  0.57232056 -2.8198479   0.33647224
  0.51544887  2.40490769  0.18589462 -0.11278071 -0.46476364 -0.33850999
 -0.44627044 -0.85675679 -1.15037057 -0.86973226 -1.82342732 -3.45895602
 -4.30086338 -2.6376173  -2.06200705 -0.9223735  -2.82426285 -3.19583971
 -2.53756427 -2.50573094]
log likelihood =  -9873.80873166
Edge derivatives =  [0.0018860574196595814, -0.004958546312718332, -0.01975821613072258, -0.003847748435363507, -0.010643337739916436, -0.022589920647794415, -0.0023925011415867627, -0.0038596110416242863, 0.022916900290016723, 0.022454443872960028, 0.0008444369592966461, 0.00364405195972322, 0.0004586324708760088, -0.015106285451802925, 0.005454977509927905, -0.027137872255908912, -0.013698279508212438, 0.007589845350220711, -0.0008037729324519294, -0.014508423710224726]
other derivatives: [ 0.09495125  0.06402843  0.17316779  0.05511538  0.08367351  0.        ]
Current x array =  [-0.65411781 -0.75919131 -0.591642    0.57686229 -2.82820469  0.33647224
  0.5121283   2.4090661   0.20611713 -0.10936685 -0.45408618 -0.31543513
 -0.44374083 -0.85302838 -1.17632886 -0.89630536 -1.82496624 -3.46269981
 -4.30131954 -2.62199397 -2.06800368 -0.89125943 -2.81032324 -3.20356333
 -2.53681877 -2.49105176]
      fun: 9873.80873165897
 hess_inv: <26x26 LbfgsInvHessProduct with dtype=float64>
      jac: array([-0.09495125, -0.06402843, -0.17316779, -0.05511538, -0.08367351,
       -0.        , -0.00188606,  0.00495855,  0.01975822,  0.00384775,
        0.01064334,  0.02258992,  0.0023925 ,  0.00385961, -0.0229169 ,
       -0.02245444, -0.00084444, -0.00364405, -0.00045863,  0.01510629,
       -0.00545498,  0.02713787,  0.01369828, -0.00758985,  0.00080377,
        0.01450842])
  message: 'CONVERGENCE: REL_REDUCTION_OF_F_<=_FACTR*EPSMCH'
     nfev: 3
      nit: 1
   status: 0
  success: True
        x: array([-0.65411781, -0.75919131, -0.591642  ,  0.57686229, -2.82820469,
        0.33647224,  0.5121283 ,  2.4090661 ,  0.20611713, -0.10936685,
       -0.45408618, -0.31543513, -0.44374083, -0.85302838, -1.17632886,
       -0.89630536, -1.82496624, -3.46269981, -4.30131954, -2.62199397,
       -2.06800368, -0.89125943, -2.81032324, -3.20356333, -2.53681877,
       -2.49105176])
