/home3/jxiong7/IGCexpansion/IGCexpansion/CodonGeneconv.py:277: FutureWarning: comparison to `None` will result in an elementwise object comparison in the future.
  if not x == None:
number of sites to be analyzed:  306
Successfully loaded parameter value from ./test/save/MG94_MR_PR_nonclock_save.txt
log likelihood =  -9854.61504592
Edge derivatives =  [-0.008042760733170784, -0.02853538925937093, 0.030893223466333275, 0.008175497125078923, 0.004083880454017419, 0.00955224157875545, -0.014142903930085928, 0.008719841736467821, -0.008856211116456653, 0.0008883471795891468, 0.011921912138678381, 0.005273166434752452, -0.007625216396983759, 0.010368747177866067, 0.0343600284738326, -0.06586100276612583, 0.014158485475109228, -0.014723278642490449, -0.00035484746503577913, 0.00933043477971282]
other derivatives: [-0.17644197 -0.05911716 -0.16298145 -0.06475602 -0.03619789 -0.04110916]
Current x array =  [-0.65384225 -0.75669341 -0.59327875  0.58800887 -2.80864053 -1.97206818
  0.63737376  2.37268034  0.1588745  -0.15100128 -0.54909476 -0.35451509
 -0.47176831 -0.92482145 -1.2618112  -0.91949517 -1.89639372 -3.45984751
 -4.3361324  -2.67960636 -2.11885058 -0.93776007 -2.85571664 -3.26904892
 -2.57887352 -2.55109837]
log likelihood =  -9936.43389665
Edge derivatives =  [5.235728313278324, 11.886713516885369, 1.8568191764745259, 1.9614702869157217, 1.2868328251337653, 0.9570521555262725, 5.568386334211983, 2.897677334624299, 4.179136171179218, 1.7146741648144248, 0.33586702305761373, 0.12852928597015478, 0.1262356501334606, 0.9011684676013226, -0.44869047156318065, 10.474611028285832, -0.026989026880924583, 0.9580655293710963, 0.5241493027642441, 0.2616392874994082]
other derivatives: [ 501.55049394   99.08108041  332.37247408   10.75750333   36.1851562
    3.5870471 ]
Current x array =  [-0.83028422 -0.81581057 -0.7562602   0.52325285 -2.84483841 -2.01317734
  0.629331    2.34414495  0.18976772 -0.14282578 -0.54501088 -0.34496285
 -0.48591122 -0.91610161 -1.27066741 -0.91860682 -1.8844718  -3.45457434
 -4.34375762 -2.66923761 -2.08449056 -1.00362107 -2.84155815 -3.2837722
 -2.57922836 -2.54176794]
log likelihood =  -9854.61503525
Edge derivatives =  [-0.005253121954978235, -0.02223587862649643, 0.032377186760424906, 0.009505936944615878, 0.004993209663033071, 0.010597455280323631, -0.011156925994508836, 0.010386097341325515, -0.006806445376563303, 0.002050661929024325, 0.012287250183532578, 0.005396010578948368, -0.007572207884774362, 0.010833187972537406, 0.03435082544235693, -0.060779024584706576, 0.01425084964112247, -0.014259241517052823, 1.551622470308267e-05, 0.009589437554877123]
other derivatives: [ 0.14551915  0.05820766  0.02983143 -0.03565219  0.02073648 -0.04001777]
Current x array =  [-0.65391474 -0.7567177  -0.5933457   0.58798226 -2.8086554  -1.97208507
  0.63737045  2.37266861  0.15888719 -0.15099792 -0.54909308 -0.35451116
 -0.47177413 -0.92481787 -1.26181484 -0.91949481 -1.89638882 -3.45984534
 -4.33613554 -2.6796021  -2.11883647 -0.93778712 -2.85571082 -3.26905497
 -2.57887366 -2.55109454]
      fun: 9854.61503525464
 hess_inv: <26x26 LbfgsInvHessProduct with dtype=float64>
      jac: array([ -1.45519152e-01,  -5.82076609e-02,  -2.98314262e-02,
         3.56521923e-02,  -2.07364792e-02,   4.00177669e-02,
         5.25312195e-03,   2.22358786e-02,  -3.23771868e-02,
        -9.50593694e-03,  -4.99320966e-03,  -1.05974553e-02,
         1.11569260e-02,  -1.03860973e-02,   6.80644538e-03,
        -2.05066193e-03,  -1.22872502e-02,  -5.39601058e-03,
         7.57220788e-03,  -1.08331880e-02,  -3.43508254e-02,
         6.07790246e-02,  -1.42508496e-02,   1.42592415e-02,
        -1.55162247e-05,  -9.58943755e-03])
  message: 'CONVERGENCE: REL_REDUCTION_OF_F_<=_FACTR*EPSMCH'
     nfev: 3
      nit: 1
   status: 0
  success: True
        x: array([-0.65391474, -0.7567177 , -0.5933457 ,  0.58798226, -2.8086554 ,
       -1.97208507,  0.63737045,  2.37266861,  0.15888719, -0.15099792,
       -0.54909308, -0.35451116, -0.47177413, -0.92481787, -1.26181484,
       -0.91949481, -1.89638882, -3.45984534, -4.33613554, -2.6796021 ,
       -2.11883647, -0.93778712, -2.85571082, -3.26905497, -2.57887366,
       -2.55109454])
number of sites to be analyzed:  306
Successfully loaded parameter value from ./test/save/MG94_Force_MR_PR_nonclock_save.txt
log likelihood =  -9873.80873166
Edge derivatives =  [0.0018860574196595814, -0.004958546312718332, -0.01975821613072258, -0.003847748435363507, -0.010643337739916436, -0.022589920647794415, -0.0023925011415867627, -0.0038596110416242863, 0.022916900290016723, 0.022454443872960028, 0.0008444369592966461, 0.00364405195972322, 0.0004586324708760088, -0.015106285451802925, 0.005454977509927905, -0.027137872255908912, -0.013698279508212438, 0.007589845350220711, -0.0008037729324519294, -0.014508423710224726]
other derivatives: [ 0.09495125  0.06402843  0.17316779  0.05511538  0.08367351  0.        ]
Current x array =  [-0.65411781 -0.75919131 -0.591642    0.57686229 -2.82820469  0.33647224
  0.5121283   2.4090661   0.20611713 -0.10936685 -0.45408618 -0.31543513
 -0.44374083 -0.85302838 -1.17632886 -0.89630536 -1.82496624 -3.46269981
 -4.30131954 -2.62199397 -2.06800368 -0.89125943 -2.81032324 -3.20356333
 -2.53681877 -2.49105176]
log likelihood =  -9951.21654379
Edge derivatives =  [-10.684139532827148, -18.343506869986047, -8.560041925241784, -6.747728520124178, -3.2520459800890062, -2.874903682954785, -9.310699492208744, -6.219981728886108, -6.8133148857393095, -6.37569111559331, -1.2612077846355019, -0.49882302665946354, -0.01577826394127626, -1.1385348566708897, -1.4350651990376964, -0.2733198458135463, -0.17552600607749289, -0.8160245283111165, -0.7080847163863527, -0.08462087584799749]
other derivatives: [-398.77577365 -148.8635462  -678.92324296   -2.43853719  -61.39525794
    0.        ]
Current x array =  [-0.55916656 -0.69516288 -0.41847421  0.63197767 -2.74453117  0.33647224
  0.51401436  2.40410756  0.18635891 -0.1132146  -0.46472952 -0.33802505
 -0.44613333 -0.85688799 -1.15341196 -0.87385091 -1.8241218  -3.45905576
 -4.30086091 -2.63710025 -2.0625487  -0.9183973  -2.82402152 -3.19597349
 -2.53762254 -2.50556019]
log likelihood =  -9873.80873224
Edge derivatives =  [-0.0017147810235440542, -0.0111099848925745, -0.022339363930535865, -0.005895087852272107, -0.011365693763511375, -0.023001368714504977, -0.0051911072923235485, -0.0056703660571515505, 0.020651780838475464, 0.02053071685836283, 0.0005703615254060712, 0.003516740285447094, 0.0004616803751386449, -0.015430063599680355, 0.005062546976403015, -0.026561650340414744, -0.013644788534206101, 0.007314401826837194, -0.0009256276291129684, -0.014391772782478662]
other derivatives: [-0.14861143 -0.0351065  -0.14752004 -0.01982698 -0.0520231   0.        ]
Current x array =  [-0.6540788  -0.75916501 -0.59157086  0.57688493 -2.82817031  0.33647224
  0.51212908  2.40906406  0.20610901 -0.10936843 -0.45409056 -0.31544441
 -0.44374181 -0.85302997 -1.17631945 -0.89629613 -1.82496589 -3.46269831
 -4.30131936 -2.62200017 -2.06800144 -0.89127058 -2.81032887 -3.20356021
 -2.5368191  -2.49105772]
log likelihood =  -9873.80872921
Edge derivatives =  [0.0002735759023071438, -0.0077131961011038894, -0.02091404372551124, -0.0047645409114435155, -0.010966766635654657, -0.022774102374409022, -0.003645697460347852, -0.004670447161006078, 0.02190257416027977, 0.021593017957013627, 0.0007217277029543945, 0.003587046674317515, 0.0004599991408496991, -0.015251266331739455, 0.005279259609571263, -0.02687974726900194, -0.013674311165871367, 0.00746650187915536, -0.0008583242101585231, -0.014456166975898098]
other derivatives: [-0.09877112  0.00563887 -0.03328751  0.00563887 -0.04747562  0.        ]
Current x array =  [-0.65410034 -0.75917953 -0.59161014  0.57687243 -2.82818929  0.33647224
  0.51212865  2.40906519  0.20611349 -0.10936756 -0.45408814 -0.31543928
 -0.44374127 -0.85302909 -1.17632465 -0.89630122 -1.82496608 -3.46269914
 -4.30131946 -2.62199675 -2.06800267 -0.89126442 -2.81032576 -3.20356194
 -2.53681891 -2.49105443]
      fun: 9873.80872920712
 hess_inv: <26x26 LbfgsInvHessProduct with dtype=float64>
      jac: array([ 0.09877112, -0.00563887,  0.03328751, -0.00563887,  0.04747562,
       -0.        , -0.00027358,  0.0077132 ,  0.02091404,  0.00476454,
        0.01096677,  0.0227741 ,  0.0036457 ,  0.00467045, -0.02190257,
       -0.02159302, -0.00072173, -0.00358705, -0.00046   ,  0.01525127,
       -0.00527926,  0.02687975,  0.01367431, -0.0074665 ,  0.00085832,
        0.01445617])
  message: 'CONVERGENCE: REL_REDUCTION_OF_F_<=_FACTR*EPSMCH'
     nfev: 4
      nit: 1
   status: 0
  success: True
        x: array([-0.65410034, -0.75917953, -0.59161014,  0.57687243, -2.82818929,
        0.33647224,  0.51212865,  2.40906519,  0.20611349, -0.10936756,
       -0.45408814, -0.31543928, -0.44374127, -0.85302909, -1.17632465,
       -0.89630122, -1.82496608, -3.46269914, -4.30131946, -2.62199675,
       -2.06800267, -0.89126442, -2.81032576, -3.20356194, -2.53681891,
       -2.49105443])
