/home3/jxiong7/IGCexpansion/IGCexpansion/CodonGeneconv.py:276: FutureWarning: comparison to `None` will result in an elementwise object comparison in the future.
  if not x == None:
number of sites to be analyzed:  133
Successfully loaded parameter value from ./test/save/MG94_YER074W_YIL069C_nonclock_save.txt
log likelihood =  -1251.96345185
Edge derivatives =  [-7.185533512594256e-05, -0.00021883874841610584, -0.0011498211194811425, -0.00010019489371981827, -3.3889827479967156e-05, 0.0015658072445098314, -1.7259393530207504e-05, 0.0014802068852564076, -0.0006806818642842993, 0.0007197575185146077, 0.0013533286839848557, 6.178182025712298e-05]
other derivatives: [ -4.47926141e-03   2.04636308e-04   2.27373675e-05   1.22781785e-03
  -2.22826202e-03   4.32009983e-04]
Current x array =  [ -0.68199374  -0.50590231  -0.84525587   2.20492267  -2.00388465
   2.01089919 -13.34580704  -1.55194615  -2.33765652  -1.60870448
 -15.10859984  -3.03793882 -15.98371327  -2.60242688  -4.86169576
  -2.82825637  -2.92528011  -4.41933279]
log likelihood =  -1251.96926502
Edge derivatives =  [-7.15343882248001e-05, 0.026742957793308514, 0.03271337781413208, 0.03960809593320061, -3.39167035653184e-05, -0.00972120467423132, -1.7297308721685627e-05, -0.018961256786864666, -0.0015331450540925773, 0.00016093014213158785, -0.012833576747125597, 0.0019830757494264384]
other derivatives: [ 2.50424819 -0.10477379 -0.01532499 -0.05320544  0.09092673 -0.05366019]
Current x array =  [ -0.686473    -0.50569768  -0.84523313   2.20615049  -2.00611291
   2.0113312  -13.34587889  -1.55216499  -2.33880634  -1.60880468
 -15.10863373  -3.03637301 -15.98373053  -2.60094667  -4.86237644
  -2.82753661  -2.92392678  -4.41927101]
log likelihood =  -1251.9634518
Edge derivatives =  [-7.185437977811063e-05, -0.00013807394694920205, -0.0010477715332969373, 1.921162883192218e-05, -3.388991235358412e-05, 0.0015312010761122652, -1.725951083257346e-05, 0.0014177605778045166, -0.0006833731450047176, 0.0007176185092956366, 0.0013098871665278011, 6.748700572026256e-05]
other derivatives: [  3.20596882e-03  -1.13686838e-04   2.27373675e-05   1.11413101e-03
  -1.93267624e-03   2.95585778e-04]
Current x array =  [ -0.68200732  -0.50590169  -0.8452558    2.2049264   -2.00389141
   2.0109005  -13.34580725  -1.55194681  -2.33766001  -1.60870479
 -15.10859994  -3.03793407 -15.98371332  -2.60242239  -4.86169783
  -2.82825419  -2.92527601  -4.4193326 ]
      fun: 1251.9634517974093
 hess_inv: <18x18 LbfgsInvHessProduct with dtype=float64>
      jac: array([ -3.20596882e-03,   1.13686838e-04,  -2.27373675e-05,
        -1.11413101e-03,   1.93267624e-03,  -2.95585778e-04,
         7.18543798e-05,   1.38073947e-04,   1.04777153e-03,
        -1.92116288e-05,   3.38899124e-05,  -1.53120108e-03,
         1.72595108e-05,  -1.41776058e-03,   6.83373145e-04,
        -7.17618509e-04,  -1.30988717e-03,  -6.74870057e-05])
  message: 'CONVERGENCE: REL_REDUCTION_OF_F_<=_FACTR*EPSMCH'
     nfev: 3
      nit: 1
   status: 0
  success: True
        x: array([ -0.68200732,  -0.50590169,  -0.8452558 ,   2.2049264 ,
        -2.00389141,   2.0109005 , -13.34580725,  -1.55194681,
        -2.33766001,  -1.60870479, -15.10859994,  -3.03793407,
       -15.98371332,  -2.60242239,  -4.86169783,  -2.82825419,
        -2.92527601,  -4.4193326 ])
number of sites to be analyzed:  133
Successfully loaded parameter value from ./test/save/MG94_Force_YER074W_YIL069C_nonclock_save.txt
log likelihood =  -1361.55302699
Edge derivatives =  [-1.932819333648134e-05, -2.7722357657550267e-05, -0.004029366044711047, -0.0005049909196749303, -8.470001472248264e-09, 0.0015576589917340455, -2.224369336171401e-06, 0.005225464628830168, 0.000801735686523513, 0.0016091927959432928, -0.0038556991659061957, 0.00431307560140224]
other derivatives: [-0.00784439 -0.00093223  0.00047748 -0.00302407  0.00493401  0.        ]
Current x array =  [ -0.68874157  -0.4836539   -0.86365197   2.09704976  -2.19467421
   0.33647224 -15.36121588  -1.35422323  -3.12522594  -1.26904925
 -15.08001192  -2.91097958 -18.29765532  -2.00883684  -4.72466647
  -2.58553434  -2.80949709  -3.74034149]
log likelihood =  -1361.57186873
Edge derivatives =  [-1.9194288408016042e-05, 0.058651186368994634, 0.02070253132959987, 0.15256567871145932, -6.342618596244901e-07, 0.0078072433236728855, -2.2197676553120825e-06, -0.08650365487838813, 0.0024338482561693867, 0.005602256492963642, 0.06655374124758454, 0.0007253690993638609]
other derivatives: [ 4.6085006   0.44094577 -0.12410055 -0.02542038 -0.06775736  0.        ]
Current x array =  [ -0.69658596  -0.48458613  -0.86317448   2.09402569  -2.1897402
   0.33647224 -15.36123521  -1.35425095  -3.12925531  -1.26955424
 -15.08001192  -2.90942192 -18.29765754  -2.00361138  -4.72386473
  -2.58392515  -2.81335279  -3.73602841]
log likelihood =  -1361.55302657
Edge derivatives =  [-1.9327585864329828e-05, 0.00024202162251726889, -0.003915232864724172, 0.00020159967804600498, -1.1438846320944858e-08, 0.0015846926547310874, -2.2243482493352214e-06, 0.0047925009302275945, 0.0008089893700504343, 0.0016247849483082832, -0.0035281266445503223, 0.004295564085035938]
other derivatives: [ 0.01393801  0.00113687 -0.00013642 -0.00313776  0.00459295  0.        ]
Current x array =  [ -0.68877823  -0.48365826  -0.86364974   2.09703563  -2.19465116
   0.33647224 -15.36121597  -1.35422336  -3.12524477  -1.26905161
 -15.08001192  -2.9109723  -18.29765533  -2.00881243  -4.72466272
  -2.58552682  -2.80951511  -3.74032134]
      fun: 1361.5530265670695
 hess_inv: <18x18 LbfgsInvHessProduct with dtype=float64>
      jac: array([ -1.39380063e-02,  -1.13686838e-03,   1.36424205e-04,
         3.13775672e-03,  -4.59294824e-03,  -0.00000000e+00,
         1.93275859e-05,  -2.42021623e-04,   3.91523286e-03,
        -2.01599678e-04,   1.14388463e-08,  -1.58469265e-03,
         2.22434825e-06,  -4.79250093e-03,  -8.08989370e-04,
        -1.62478495e-03,   3.52812664e-03,  -4.29556409e-03])
  message: 'CONVERGENCE: REL_REDUCTION_OF_F_<=_FACTR*EPSMCH'
     nfev: 3
      nit: 1
   status: 0
  success: True
        x: array([ -0.68877823,  -0.48365826,  -0.86364974,   2.09703563,
        -2.19465116,   0.33647224, -15.36121597,  -1.35422336,
        -3.12524477,  -1.26905161, -15.08001192,  -2.9109723 ,
       -18.29765533,  -2.00881243,  -4.72466272,  -2.58552682,
        -2.80951511,  -3.74032134])
