/home3/jxiong7/IGCexpansion/IGCexpansion/CodonGeneconv.py:276: FutureWarning: comparison to `None` will result in an elementwise object comparison in the future.
  if not x == None:
number of sites to be analyzed:  112
Successfully loaded parameter value from ./test/save/MG94_YLR406C_YDL075W_nonclock_save.txt
log likelihood =  -1178.09909221
Edge derivatives =  [0.00035995306952579104, 0.0002579456941748104, 0.002388326532671972, -0.002540237696593728, 0.004761008787753353, 0.0006899484468542577, 0.0010715344000773175, 0.0011052158954578672, 0.0006885682427265026, 0.002181840561451931, 0.00046627782483384117, 0.0001443987247291903]
other derivatives: [ 0.00443379 -0.00518412  0.00015916 -0.00013642  0.00216005  0.00136424]
Current x array =  [-0.64419698 -0.48190234 -0.93056864  1.83998833 -2.4579739   0.50238134
 -3.2034598  -1.43914937 -2.2167898  -2.14532236 -3.61448012 -2.59449068
 -3.90524789 -2.80404795 -5.62039609 -2.41129602 -3.17810642 -3.28149886]
log likelihood =  -1178.11056057
Edge derivatives =  [-0.0015946724724330147, 0.008054230349411301, -0.022877866476545064, 0.020980114387428417, -0.01096807239369764, -0.02370363961589278, -0.007542590384398848, -0.01622330801268561, -0.0006665079510129327, -0.060502157909526455, -0.0047715329051548, -0.007694951697831957]
other derivatives: [-2.52036898  2.18431069  0.02039542  0.0362661  -0.06332357 -0.03274181]
Current x array =  [-0.63976319 -0.48708646 -0.93040948  1.8398519  -2.45581385  0.50374558
 -3.20309984 -1.43889143 -2.21440148 -2.14786259 -3.60971911 -2.59380074
 -3.90417636 -2.80294273 -5.61970753 -2.40911418 -3.17764014 -3.28135446]
log likelihood =  -1178.09909201
Edge derivatives =  [0.00035139028550117135, 0.00029022551047852563, 0.0022828070596179334, -0.0024425351102832504, 0.004695604690512403, 0.0005880788435358858, 0.0010354952176373465, 0.0010329541062099878, 0.000682905058882053, 0.0019206271076294967, 0.0004443852445500593, 0.00011145535412917379]
other derivatives: [ -6.02540240e-03   4.02451406e-03   2.27373675e-04  -2.27373675e-05
   1.88720151e-03   1.18234311e-03]
Current x array =  [-0.64417852 -0.48192393 -0.93056798  1.83998776 -2.4579649   0.50238702
 -3.2034583  -1.4391483  -2.21677986 -2.14533294 -3.61446029 -2.59448781
 -3.90524343 -2.80404334 -5.62039323 -2.41128693 -3.17810448 -3.28149826]
      fun: 1178.0990920068466
 hess_inv: <18x18 LbfgsInvHessProduct with dtype=float64>
      jac: array([  6.02540240e-03,  -4.02451406e-03,  -2.27373675e-04,
         2.27373675e-05,  -1.88720151e-03,  -1.18234311e-03,
        -3.51390286e-04,  -2.90225510e-04,  -2.28280706e-03,
         2.44253511e-03,  -4.69560469e-03,  -5.88078844e-04,
        -1.03549522e-03,  -1.03295411e-03,  -6.82905059e-04,
        -1.92062711e-03,  -4.44385245e-04,  -1.11455354e-04])
  message: 'CONVERGENCE: REL_REDUCTION_OF_F_<=_FACTR*EPSMCH'
     nfev: 3
      nit: 1
   status: 0
  success: True
        x: array([-0.64417852, -0.48192393, -0.93056798,  1.83998776, -2.4579649 ,
        0.50238702, -3.2034583 , -1.4391483 , -2.21677986, -2.14533294,
       -3.61446029, -2.59448781, -3.90524343, -2.80404334, -5.62039323,
       -2.41128693, -3.17810448, -3.28149826])
number of sites to be analyzed:  112
Successfully loaded parameter value from ./test/save/MG94_Force_YLR406C_YDL075W_nonclock_save.txt
log likelihood =  -1195.08199715
Edge derivatives =  [-0.0007060692903017723, 0.0009823277340865744, 0.0006680726842772239, 0.0005906088907545737, -5.387977492887774e-06, -0.00013033826163681705, 0.0011744454493573843, -0.0017969330546966228, -0.0035823193024035506, 0.00015929706026679424, -0.004709738339336772, 0.00020950409581206586]
other derivatives: [ 0.01493845  0.00027285 -0.00077307  0.00090949  0.0015234   0.        ]
Current x array =  [-0.6517228  -0.48016181 -0.94181176  1.78751071 -2.59535616  0.33647224
 -3.94491825 -1.31052564 -2.39851714 -2.00189826 -3.48965126 -2.51295378
 -3.86223283 -2.46284057 -5.15881293 -2.16517624 -2.83966871 -3.13790517]
log likelihood =  -1195.14565035
Edge derivatives =  [-0.022848494643976532, -0.08523497974055444, -0.08480459871990845, -0.07309754766760612, -0.008195084300270383, -0.044040817802695253, -0.008085992014889139, -0.03240202707219912, -0.005483789374021032, -0.06869343512605341, 0.01183876272568607, -0.024275271051004764]
other derivatives: [-8.58756266  0.20631887  0.20349944  0.18133051 -0.12291821  0.        ]
Current x array =  [-0.63678435 -0.47988896 -0.94258483  1.78842021 -2.59383276  0.33647224
 -3.94562432 -1.30954331 -2.39784906 -2.00130766 -3.48965665 -2.51308412
 -3.86105839 -2.4646375  -5.16239525 -2.16501694 -2.84437845 -3.13769567]
log likelihood =  -1195.08199686
Edge derivatives =  [-0.0007541770468108555, 0.000791417867042371, 0.00048140230824719743, 0.00042630001797205885, -2.5191557411020915e-05, -0.0002285251935299215, 0.0011533503628088915, -0.0018671759637044483, -0.003586987844099436, 6.0966207703072595e-06, -0.00467844112611239, 0.0001547446580667522]
other derivatives: [-0.00286491  0.0007276  -0.00029559  0.00131877  0.00127329  0.        ]
Current x array =  [-0.65169113 -0.48016123 -0.94181339  1.78751264 -2.59535293  0.33647224
 -3.94491975 -1.31052355 -2.39851572 -2.00189701 -3.48965127 -2.51295405
 -3.86223034 -2.46284438 -5.15882053 -2.1651759  -2.8396787  -3.13790473]
      fun: 1195.0819968621058
 hess_inv: <18x18 LbfgsInvHessProduct with dtype=float64>
      jac: array([  2.86490831e-03,  -7.27595761e-04,   2.95585778e-04,
        -1.31876732e-03,  -1.27329258e-03,  -0.00000000e+00,
         7.54177047e-04,  -7.91417867e-04,  -4.81402308e-04,
        -4.26300018e-04,   2.51915574e-05,   2.28525194e-04,
        -1.15335036e-03,   1.86717596e-03,   3.58698784e-03,
        -6.09662077e-06,   4.67844113e-03,  -1.54744658e-04])
  message: 'CONVERGENCE: REL_REDUCTION_OF_F_<=_FACTR*EPSMCH'
     nfev: 3
      nit: 1
   status: 0
  success: True
        x: array([-0.65169113, -0.48016123, -0.94181339,  1.78751264, -2.59535293,
        0.33647224, -3.94491975, -1.31052355, -2.39851572, -2.00189701,
       -3.48965127, -2.51295405, -3.86223034, -2.46284438, -5.15882053,
       -2.1651759 , -2.8396787 , -3.13790473])
