/home3/jxiong7/IGCexpansion/IGCexpansion/CodonGeneconv.py:276: FutureWarning: comparison to `None` will result in an elementwise object comparison in the future.
  if not x == None:
number of sites to be analyzed:  163
Successfully loaded parameter value from ./test/save/MG94_YDR418W_YEL054C_nonclock_save.txt
log likelihood =  -1739.17627488
Edge derivatives =  [-0.00012938923565514876, -0.0027120684201815404, -0.000283249623932752, -0.0011046906442887805, -0.003760749945597275, -0.0015530797435699961, -0.005188253472019164, -0.0022637132054598164, 0.0035686081926703944, 0.002949390428750698, 0.0002242753534994063, 0.0013630866910505218]
other derivatives: [-0.01066383  0.00284217  0.00047748  0.00179625 -0.00029559 -0.00284217]
Current x array =  [-0.72253771 -0.48684963 -0.89815903  2.12861086 -2.57461121  0.34352425
 -3.92768113 -1.53379085 -1.56395307 -1.7619305  -3.6595791  -3.62675304
 -3.43769844 -2.46095219 -3.69254053 -2.87089192 -2.84518584 -3.82133534]
log likelihood =  -1739.21788929
Edge derivatives =  [0.004547877766809205, 0.12705887686428988, 0.13092583684017878, 0.14668163261543954, 0.05305470428675963, 0.04650923383055266, 0.05671842111303636, 0.12484990531006752, -0.008383575388354554, 0.014430371380580731, 0.035802022416924775, 0.01765509897183659]
other derivatives: [ 7.16354407 -1.59466254 -0.36395704 -0.21827873  0.12826149  0.0775799 ]
Current x array =  [-0.73320154 -0.48400746 -0.89768154  2.13040711 -2.5749068   0.34068207
 -3.92781052 -1.53650291 -1.56423632 -1.76303519 -3.66333985 -3.62830612
 -3.44288669 -2.4632159  -3.68897193 -2.86794252 -2.84496157 -3.81997225]
log likelihood =  -1739.17627461
Edge derivatives =  [-0.00011897899719169949, -0.0023864766294736384, 4.368173407934273e-05, -0.0007353843835810892, -0.003616935715583039, -0.0014323502223771156, -0.005031795720534596, -0.0019442570155672467, 0.0035368344755068934, 0.0029761986021501763, 0.0003120283171799826, 0.0014033611743269059]
other derivatives: [  7.77617970e-03  -1.22781785e-03  -4.54747351e-04   1.22781785e-03
   4.54747351e-05  -2.63753464e-03]
Current x array =  [-0.72256477 -0.48684242 -0.89815782  2.12861542 -2.57461196  0.34351703
 -3.92768145 -1.53379773 -1.56395379 -1.7619333  -3.65958864 -3.62675698
 -3.4377116  -2.46095793 -3.69253148 -2.87088443 -2.84518528 -3.82133188]
      fun: 1739.1762746137028
 hess_inv: <18x18 LbfgsInvHessProduct with dtype=float64>
      jac: array([ -7.77617970e-03,   1.22781785e-03,   4.54747351e-04,
        -1.22781785e-03,  -4.54747351e-05,   2.63753464e-03,
         1.18978997e-04,   2.38647663e-03,  -4.36817341e-05,
         7.35384384e-04,   3.61693572e-03,   1.43235022e-03,
         5.03179572e-03,   1.94425702e-03,  -3.53683448e-03,
        -2.97619860e-03,  -3.12028317e-04,  -1.40336117e-03])
  message: 'CONVERGENCE: REL_REDUCTION_OF_F_<=_FACTR*EPSMCH'
     nfev: 3
      nit: 1
   status: 0
  success: True
        x: array([-0.72256477, -0.48684242, -0.89815782,  2.12861542, -2.57461196,
        0.34351703, -3.92768145, -1.53379773, -1.56395379, -1.7619333 ,
       -3.65958864, -3.62675698, -3.4377116 , -2.46095793, -3.69253148,
       -2.87088443, -2.84518528, -3.82133188])
number of sites to be analyzed:  163
Successfully loaded parameter value from ./test/save/MG94_Force_YDR418W_YEL054C_nonclock_save.txt
log likelihood =  -1771.2164351
Edge derivatives =  [-0.00400416933523047, -0.0027970018261456453, -0.004925051515297402, -0.003845097987243251, -0.0016847988630591046, 0.011142093003903022, -0.002582255755733183, -0.0002807399592179849, 0.004478749439163002, -0.002103782807859028, -0.00114637541367546, -0.003497530329249446]
other derivatives: [ 0.01955414  0.00636646 -0.00145519 -0.00718501  0.00241016  0.        ]
Current x array =  [-0.73390545 -0.4780936  -0.91122327  2.03851978 -2.72240807  0.33647224
 -4.87144724 -1.49459029 -1.60175712 -1.68763532 -3.72030459 -3.01468789
 -3.30734149 -2.22780707 -3.41742942 -2.58035566 -2.6061725  -3.47948946]
log likelihood =  -1771.36856932
Edge derivatives =  [0.0006497502159758511, -0.1674087551273824, -0.22300605998751305, -0.1401735385974478, -0.06381045273997524, -0.14832251119524437, -0.08021447311087067, -0.1689629476372015, -0.07753154432042356, -0.08157520436706386, -0.08445142575382267, -0.04715429565460703]
other derivatives: [-14.26235485  -3.58263605   0.86056389   0.70481292  -0.27173428   0.        ]
Current x array =  [-0.71435132 -0.47172714 -0.91267846  2.03133478 -2.71999791  0.33647224
 -4.87545141 -1.4973873  -1.60668217 -1.69148042 -3.72198939 -3.0035458
 -3.30992375 -2.22808781 -3.41295067 -2.58245944 -2.60731887 -3.48298699]
log likelihood =  -1771.21643425
Edge derivatives =  [-0.003994499919351137, -0.003190768960503465, -0.005449239798978572, -0.004176170151665326, -0.0018333664987158285, 0.010766797167045317, -0.002767680658855305, -0.0006841602361502275, 0.004283832124305269, -0.002295731650887617, -0.0013469740320111723, -0.0036027418571653314]
other derivatives: [-0.01336957 -0.00195541  0.0005457  -0.00554792  0.00175078  0.        ]
Current x array =  [-0.73385916 -0.47807853 -0.91122671  2.03850277 -2.72240237  0.33647224
 -4.87145672 -1.49459692 -1.60176878 -1.68764443 -3.72030858 -3.01466151
 -3.30734761 -2.22780774 -3.41741881 -2.58036064 -2.60617521 -3.47949774]
      fun: 1771.216434248438
 hess_inv: <18x18 LbfgsInvHessProduct with dtype=float64>
      jac: array([ 0.01336957,  0.00195541, -0.0005457 ,  0.00554792, -0.00175078,
       -0.        ,  0.0039945 ,  0.00319077,  0.00544924,  0.00417617,
        0.00183337, -0.0107668 ,  0.00276768,  0.00068416, -0.00428383,
        0.00229573,  0.00134697,  0.00360274])
  message: 'CONVERGENCE: REL_REDUCTION_OF_F_<=_FACTR*EPSMCH'
     nfev: 3
      nit: 1
   status: 0
  success: True
        x: array([-0.73385916, -0.47807853, -0.91122671,  2.03850277, -2.72240237,
        0.33647224, -4.87145672, -1.49459692, -1.60176878, -1.68764443,
       -3.72030858, -3.01466151, -3.30734761, -2.22780774, -3.41741881,
       -2.58036064, -2.60617521, -3.47949774])
