/home3/jxiong7/IGCexpansion/IGCexpansion/CodonGeneconv.py:277: FutureWarning: comparison to `None` will result in an elementwise object comparison in the future.
  if not x == None:
number of sites to be analyzed:  134
Successfully loaded parameter value from ./test/save/MG94_YMR143W_YDL083C_nonclock_save.txt
log likelihood =  -1209.74996923
Edge derivatives =  [-4.086579132309592e-05, -0.00195812283834447, -0.0009413247926872148, 0.0014164364035466892, 0.0012862147417788128, -0.0010585683633689696, -0.0022061523735988874, -0.0020882902485164223, -0.001276979579908897, -0.0014058673649166575, 0.00015847902907845796, 0.00012160438515083916]
other derivatives: [ 0.00934506 -0.00040927 -0.00031832 -0.00213731 -0.00236469  0.00213731]
Current x array =  [ -0.71742244  -0.48653818  -0.95369096   2.4356069   -3.71564626
   1.15089599 -10.45689411  -2.64923946  -1.73331093  -2.02830407
  -3.54991022  -2.99641144  -4.77377674  -2.57271902  -5.55048898
  -2.91940356  -3.53204605  -3.4002463 ]
log likelihood =  -1209.772824
Edge derivatives =  [-4.1217790324582195e-05, -0.005078075975216312, -0.0297086310327222, -0.07309854155782905, -0.015988855244100403, -0.021078402633105425, -0.0013075170278838144, -0.01215181879615547, -0.0031473823125940607, -0.006803348029179104, -0.02062049745263829, -0.02734511099499857]
other derivatives: [-4.88416845  0.23123903  0.14090347  0.1029548  -0.01036824 -0.01768967]
Current x array =  [ -0.70807738  -0.48694745  -0.95400929   2.43346959  -3.71801095
   1.1530333  -10.45693497  -2.65119759  -1.73425225  -2.02688763
  -3.548624    -2.99747001  -4.77598289  -2.57480731  -5.55176596
  -2.92080943  -3.53188757  -3.4001247 ]
log likelihood =  -1209.74996905
Edge derivatives =  [-4.0868342757566784e-05, -0.0019679865678505493, -0.0010236893790972479, 0.0012102739670270535, 0.001238491472951589, -0.0011145620110054322, -0.0022041587145851006, -0.002117616483871848, -0.0012823295862410926, -0.0014221453292731084, 0.0001010742585089569, 4.5562424114062305e-05]
other derivatives: [ -3.84261511e-03   2.04636308e-04   4.54747351e-05  -1.86446414e-03
  -2.36468622e-03   2.04636308e-03]
Current x array =  [ -0.71739696  -0.48653929  -0.95369183   2.43560108  -3.71565271
   1.15090182 -10.45689422  -2.6492448   -1.73331349  -2.02830021
  -3.54990671  -2.99641432  -4.77378275  -2.57272471  -5.55049246
  -2.91940739  -3.53204562  -3.40024597]
      fun: 1209.7499690542772
 hess_inv: <18x18 LbfgsInvHessProduct with dtype=float64>
      jac: array([  3.84261511e-03,  -2.04636308e-04,  -4.54747351e-05,
         1.86446414e-03,   2.36468622e-03,  -2.04636308e-03,
         4.08683428e-05,   1.96798657e-03,   1.02368938e-03,
        -1.21027397e-03,  -1.23849147e-03,   1.11456201e-03,
         2.20415871e-03,   2.11761648e-03,   1.28232959e-03,
         1.42214533e-03,  -1.01074259e-04,  -4.55624241e-05])
  message: 'CONVERGENCE: REL_REDUCTION_OF_F_<=_FACTR*EPSMCH'
     nfev: 3
      nit: 1
   status: 0
  success: True
        x: array([ -0.71739696,  -0.48653929,  -0.95369183,   2.43560108,
        -3.71565271,   1.15090182, -10.45689422,  -2.6492448 ,
        -1.73331349,  -2.02830021,  -3.54990671,  -2.99641432,
        -4.77378275,  -2.57272471,  -5.55049246,  -2.91940739,
        -3.53204562,  -3.40024597])
number of sites to be analyzed:  134
Successfully loaded parameter value from ./test/save/MG94_Force_YMR143W_YDL083C_nonclock_save.txt
log likelihood =  -1246.97932564
Edge derivatives =  [-1.1577120445000112e-05, 0.0006951781213284103, -0.00039357440272513866, -0.0004322029665214111, -0.002355003086888463, 0.00630690606362834, -0.0020256649685422012, 0.001680239024465735, -0.0028137490483261633, 0.000395102606698422, -0.005183019869982708, -0.003983742862398262]
other derivatives: [-0.00738964 -0.00293312  0.00025011 -0.00093223 -0.00306954  0.        ]
Current x array =  [ -0.73951184  -0.47039287  -0.97976662   2.29660449  -3.8554195
   0.33647224 -15.89065328  -2.39726717  -2.06271768  -2.05059666
  -3.17477091  -2.95069046  -4.54270745  -2.17675452  -4.92953033
  -2.46968003  -2.97115929  -3.17236111]
log likelihood =  -1246.99603879
Edge derivatives =  [-1.1509769648480779e-05, 0.030211687529055675, 0.07398383645310685, 0.09213921848485412, 0.030584817366922673, -0.02098244710566312, 0.001356138936612624, 0.026980135687241114, 0.004905880070210127, 0.05216396319636887, 0.0910028919831528, 0.059232385009495986]
other derivatives: [ 3.90443802  1.24762209 -0.17309958 -0.09174528  0.03647074  0.        ]
Current x array =  [ -0.74690149  -0.47332599  -0.97951651   2.29567225  -3.85848905
   0.33647224 -15.89066485  -2.39657199  -2.06311126  -2.05102886
  -3.17712591  -2.94438356  -4.54473312  -2.17507428  -4.93234408
  -2.46928493  -2.97634231  -3.17634485]
log likelihood =  -1246.97932518
Edge derivatives =  [-1.1576770977083842e-05, 0.0008487537855458305, -5.807081784547918e-06, 5.047082196896202e-05, -0.0021826250263594638, 0.006164151820632485, -0.0020081960654025864, 0.0018111572129561604, -0.002773442646637118, 0.0006646862684852317, -0.004679754407768855, -0.0036534588061536005]
other derivatives: [ 0.01327862  0.00368345 -0.00063665 -0.00138698 -0.00284217  0.        ]
Current x array =  [ -0.73955041  -0.47040817  -0.97976532   2.29659962  -3.85543552
   0.33647224 -15.89065334  -2.39726354  -2.06271974  -2.05059891
  -3.1747832   -2.95065755  -4.54271803  -2.17674575  -4.92954502
  -2.46967797  -2.97118634  -3.1723819 ]
      fun: 1246.9793251809142
 hess_inv: <18x18 LbfgsInvHessProduct with dtype=float64>
      jac: array([ -1.32786226e-02,  -3.68345354e-03,   6.36646291e-04,
         1.38697942e-03,   2.84217094e-03,  -0.00000000e+00,
         1.15767710e-05,  -8.48753786e-04,   5.80708178e-06,
        -5.04708220e-05,   2.18262503e-03,  -6.16415182e-03,
         2.00819607e-03,  -1.81115721e-03,   2.77344265e-03,
        -6.64686268e-04,   4.67975441e-03,   3.65345881e-03])
  message: 'CONVERGENCE: REL_REDUCTION_OF_F_<=_FACTR*EPSMCH'
     nfev: 3
      nit: 1
   status: 0
  success: True
        x: array([ -0.73955041,  -0.47040817,  -0.97976532,   2.29659962,
        -3.85543552,   0.33647224, -15.89065334,  -2.39726354,
        -2.06271974,  -2.05059891,  -3.1747832 ,  -2.95065755,
        -4.54271803,  -2.17674575,  -4.92954502,  -2.46967797,
        -2.97118634,  -3.1723819 ])
