/home3/jxiong7/IGCexpansion/IGCexpansion/CodonGeneconv.py:276: FutureWarning: comparison to `None` will result in an elementwise object comparison in the future.
  if not x == None:
number of sites to be analyzed:  133
Successfully loaded parameter value from ./test/save/MG94_YER074W_YIL069C_nonclock_save.txt
log likelihood =  -1251.96345191
Edge derivatives =  [-7.185536598161256e-05, -0.00020168664045150386, -0.0011783025811766823, -4.19449225342039e-05, -3.3889338873868386e-05, 0.0016863048904349753, -1.7259118041410666e-05, 0.0016956644409962252, -0.0006684269166140344, 0.0008151468131801787, 0.001478047193036569, 7.526325819140478e-05]
other derivatives: [ 0.00368345 -0.00029559  0.00013642  0.00127329 -0.002251    0.0007276 ]
Current x array =  [ -0.68200843  -0.50590113  -0.84525641   2.2049176   -2.00387567
   2.01089629 -13.34580675  -1.55194534  -2.33765182  -1.60870432
 -15.10859971  -3.03794555 -15.9837132   -2.60243364  -4.8616931
  -2.82825962  -2.925286    -4.41933309]
log likelihood =  -1251.96735793
Edge derivatives =  [-7.184328164198489e-05, -0.0042607757644637645, 0.00613149156538112, -0.014409337683685242, -3.40110872579888e-05, -0.028464489713398322, -1.7327778974629808e-05, -0.052256851957035, -0.003718026513853362, -0.023017407616206076, -0.029717376413764485, -0.003277109502133696]
other derivatives: [ -2.04468051e+00   1.31421984e-01  -1.50066626e-02   1.04591891e-03
   1.69166015e-02  -6.20502760e-02]
Current x array =  [ -0.67832497  -0.50619672  -0.84511999   2.20619089  -2.00612667
   2.01162388 -13.34587861  -1.55214703  -2.33883012  -1.60874626
 -15.10863359  -3.03625924 -15.98373046  -2.60073798  -4.86236152
  -2.82744448  -2.92380796  -4.41925783]
log likelihood =  -1251.96345185
Edge derivatives =  [-7.185533512594256e-05, -0.00021883874841610584, -0.0011498211194811425, -0.00010019489371981827, -3.3889827479967156e-05, 0.0015658072445098314, -1.7259393530207504e-05, 0.0014802068852564076, -0.0006806818642842993, 0.0007197575185146077, 0.0013533286839848557, 6.178182025712298e-05]
other derivatives: [ -4.47926141e-03   2.04636308e-04   2.27373675e-05   1.22781785e-03
  -2.22826202e-03   4.32009983e-04]
Current x array =  [ -0.68199374  -0.50590231  -0.84525587   2.20492267  -2.00388465
   2.01089919 -13.34580704  -1.55194615  -2.33765652  -1.60870448
 -15.10859984  -3.03793882 -15.98371327  -2.60242688  -4.86169576
  -2.82825637  -2.92528011  -4.41933279]
      fun: 1251.9634518510816
 hess_inv: <18x18 LbfgsInvHessProduct with dtype=float64>
      jac: array([  4.47926141e-03,  -2.04636308e-04,  -2.27373675e-05,
        -1.22781785e-03,   2.22826202e-03,  -4.32009983e-04,
         7.18553351e-05,   2.18838748e-04,   1.14982112e-03,
         1.00194894e-04,   3.38898275e-05,  -1.56580724e-03,
         1.72593935e-05,  -1.48020689e-03,   6.80681864e-04,
        -7.19757519e-04,  -1.35332868e-03,  -6.17818203e-05])
  message: 'CONVERGENCE: REL_REDUCTION_OF_F_<=_FACTR*EPSMCH'
     nfev: 3
      nit: 1
   status: 0
  success: True
        x: array([ -0.68199374,  -0.50590231,  -0.84525587,   2.20492267,
        -2.00388465,   2.01089919, -13.34580704,  -1.55194615,
        -2.33765652,  -1.60870448, -15.10859984,  -3.03793882,
       -15.98371327,  -2.60242688,  -4.86169576,  -2.82825637,
        -2.92528011,  -4.41933279])
number of sites to be analyzed:  133
Successfully loaded parameter value from ./test/save/MG94_Force_YER074W_YIL069C_nonclock_save.txt
log likelihood =  -1361.55302748
Edge derivatives =  [-1.932852645725129e-05, 0.000303060241142461, -0.003891318227292162, 0.00021537959204709356, -8.491274676377945e-09, 0.0017139953882540776, -2.2243346504037223e-06, 0.0059883710127470735, 0.0008456560665438227, 0.0019331328266710135, -0.0037945974150921102, 0.0043799156090553945]
other derivatives: [ 0.01537046  0.00563887  0.0003638  -0.00381988  0.0058435   0.        ]
Current x array =  [ -0.68877893  -0.48366761  -0.86365285   2.09705904  -2.19468841
   0.33647224 -15.36121584  -1.35422396  -3.12521648  -1.26904978
 -15.08001192  -2.91098374 -18.29765531  -2.0088514   -4.72466852
  -2.58553904  -2.80948787  -3.74035213]
log likelihood =  -1361.63737604
Edge derivatives =  [-1.917746960300727e-05, -0.1342728505540369, -0.05898943636805398, -0.2930962556791866, 2.4616999763434062e-08, -0.061936991554772156, -2.238456661061958e-06, -0.30735371331260847, -0.017072357890078937, -0.13018210345756384, -0.02756162612333718, -0.023111107210257206]
other derivatives: [-9.73532224 -2.72689249  0.05888978  0.32325715 -0.34422101  0.        ]
Current x array =  [ -0.67340847  -0.47802874  -0.86328905   2.09323917  -2.18884491
   0.33647224 -15.36123516  -1.3539209   -3.1291078   -1.2688344
 -15.08001192  -2.90926975 -18.29765754  -2.00286303  -4.72382287
  -2.58360591  -2.81328247  -3.73597222]
log likelihood =  -1361.55302699
Edge derivatives =  [-1.932819333648134e-05, -2.7722357657550267e-05, -0.004029366044711047, -0.0005049909196749303, -8.470001472248264e-09, 0.0015576589917340455, -2.224369336171401e-06, 0.005225464628830168, 0.000801735686523513, 0.0016091927959432928, -0.0038556991659061957, 0.00431307560140224]
other derivatives: [-0.00784439 -0.00093223  0.00047748 -0.00302407  0.00493401  0.        ]
Current x array =  [ -0.68874157  -0.4836539   -0.86365197   2.09704976  -2.19467421
   0.33647224 -15.36121588  -1.35422323  -3.12522594  -1.26904925
 -15.08001192  -2.91097958 -18.29765532  -2.00883684  -4.72466647
  -2.58553434  -2.80949709  -3.74034149]
      fun: 1361.5530269857961
 hess_inv: <18x18 LbfgsInvHessProduct with dtype=float64>
      jac: array([  7.84439180e-03,   9.32232069e-04,  -4.77484718e-04,
         3.02406988e-03,  -4.93400876e-03,  -0.00000000e+00,
         1.93281933e-05,   2.77223577e-05,   4.02936604e-03,
         5.04990920e-04,   8.47000147e-09,  -1.55765899e-03,
         2.22436934e-06,  -5.22546463e-03,  -8.01735687e-04,
        -1.60919280e-03,   3.85569917e-03,  -4.31307560e-03])
  message: 'CONVERGENCE: REL_REDUCTION_OF_F_<=_FACTR*EPSMCH'
     nfev: 3
      nit: 1
   status: 0
  success: True
        x: array([ -0.68874157,  -0.4836539 ,  -0.86365197,   2.09704976,
        -2.19467421,   0.33647224, -15.36121588,  -1.35422323,
        -3.12522594,  -1.26904925, -15.08001192,  -2.91097958,
       -18.29765532,  -2.00883684,  -4.72466647,  -2.58553434,
        -2.80949709,  -3.74034149])
