/home3/jxiong7/IGCexpansion/IGCexpansion/CodonGeneconv.py:277: FutureWarning: comparison to `None` will result in an elementwise object comparison in the future.
  if not x == None:
number of sites to be analyzed:  159
Successfully loaded parameter value from ./test/save/MG94_YBR191W_YPL079W_nonclock_save.txt
log likelihood =  -1467.29433184
Edge derivatives =  [-0.0003990173490725571, 0.000396521594530283, -0.0012713164005022648, 3.746581297281448e-05, 0.00045471326080255905, -0.00015232881569050144, -0.000774390244407135, -1.9702915666108822e-05, 0.0016406390058849515, -0.0001897174724460049, -0.001237225795215749, 0.0016076152101151334]
other derivatives: [ -2.41016096e-03   1.81898940e-04   0.00000000e+00   0.00000000e+00
   1.04591891e-03  -4.54747351e-05]
Current x array =  [-0.70824432 -0.49454996 -0.86377519  2.10000484 -2.37739602  1.34332062
 -3.33686976 -2.12631142 -1.98102649 -2.28171547 -3.57855429 -4.08416375
 -3.87625608 -2.62660617 -3.99918122 -2.89910626 -4.07761193 -3.95395918]
log likelihood =  -1467.2961613
Edge derivatives =  [0.004620072319037827, 0.004102562179500793, 0.04137417051771547, 0.010658949718726801, 0.0009935202444561197, 0.002223332375777244, 0.0033507524833580396, 0.010152066330751386, -0.0046197846370981815, 0.00885802308495065, 0.004654159339304374, -0.004849122593160095]
other derivatives: [  1.48174877e+00  -1.22008714e-01  -1.21417543e-02  -2.37832865e-02
  -4.54747351e-05  -1.02318154e-03]
Current x array =  [-0.71065448 -0.49436806 -0.86377519  2.10000484 -2.3763501   1.34327514
 -3.33726877 -2.1259149  -1.98229781 -2.281678   -3.57809958 -4.08431608
 -3.87703047 -2.62662587 -3.99754058 -2.89929598 -4.07884915 -3.95235156]
log likelihood =  -1467.2943318
Edge derivatives =  [-0.00037676256152145704, 0.00041287613687258917, -0.0010807622779545056, 8.471330418358125e-05, 0.0004570460040684392, -0.0001417704930624722, -0.0007559987462193545, 2.553934141358294e-05, 0.0016125747367787616, -0.0001494630324620494, -0.0012108917751030984, 0.0015786653520085264]
other derivatives: [  4.27462510e-03  -3.18323146e-04   0.00000000e+00  -6.82121026e-05
   1.09139364e-03  -4.54747351e-05]
Current x array =  [-0.70825509 -0.49454915 -0.86377519  2.10000484 -2.37739134  1.34332041
 -3.33687154 -2.12630965 -1.98103218 -2.2817153  -3.57855226 -4.08416444
 -3.87625955 -2.62660626 -3.99917389 -2.89910711 -4.07761746 -3.95395199]
      fun: 1467.2943318021953
 hess_inv: <18x18 LbfgsInvHessProduct with dtype=float64>
      jac: array([ -4.27462510e-03,   3.18323146e-04,  -0.00000000e+00,
         6.82121026e-05,  -1.09139364e-03,   4.54747351e-05,
         3.76762562e-04,  -4.12876137e-04,   1.08076228e-03,
        -8.47133042e-05,  -4.57046004e-04,   1.41770493e-04,
         7.55998746e-04,  -2.55393414e-05,  -1.61257474e-03,
         1.49463032e-04,   1.21089178e-03,  -1.57866535e-03])
  message: 'CONVERGENCE: REL_REDUCTION_OF_F_<=_FACTR*EPSMCH'
     nfev: 3
      nit: 1
   status: 0
  success: True
        x: array([-0.70825509, -0.49454915, -0.86377519,  2.10000484, -2.37739134,
        1.34332041, -3.33687154, -2.12630965, -1.98103218, -2.2817153 ,
       -3.57855226, -4.08416444, -3.87625955, -2.62660626, -3.99917389,
       -2.89910711, -4.07761746, -3.95395199])
number of sites to be analyzed:  159
Successfully loaded parameter value from ./test/save/MG94_Force_YBR191W_YPL079W_nonclock_save.txt
log likelihood =  -1533.39662687
Edge derivatives =  [-8.164808883640647e-05, -0.004484359730992898, 0.006057905376438966, 0.004258115550950903, -8.758823369625635e-05, -0.0002062442049856894, -0.0030637724658479706, 0.00023907168232029097, 0.0012712747395097757, -0.0018783897886325007, -0.0006125306573187689, -0.0014556636171525195]
other derivatives: [ 0.00854925 -0.0037744  -0.0001819  -0.00163709  0.00118234  0.        ]
Current x array =  [-0.72684404 -0.46920237 -0.8786942   2.04131841 -2.59697121  0.33647224
 -7.19111319 -1.94603448 -1.91121795 -1.97968461 -3.38475959 -3.43703191
 -3.48889028 -2.31283705 -3.84001688 -2.58933786 -3.43541767 -3.88980046]
log likelihood =  -1533.42640116
Edge derivatives =  [-0.0008123745886436291, 0.035159141228547214, -0.2578050656332359, -0.18546123793435715, -0.0036384787451680667, -0.01998795336238282, 0.008550257483916517, -0.04582469452618765, -0.009709376946393379, 0.006604044298900935, -0.0052753348115990445, -0.0003956206118496952]
other derivatives: [-5.72360932  2.10675353  0.15324986  0.17666935 -0.11689281  0.        ]
Current x array =  [-0.71829479 -0.47297678 -0.8788761   2.03968131 -2.59578886  0.33647224
 -7.19119483 -1.95051884 -1.90516004 -1.9754265  -3.38484718 -3.43723815
 -3.49195405 -2.31259797 -3.8387456  -2.59121625 -3.4360302  -3.89125612]
log likelihood =  -1533.39662659
Edge derivatives =  [-8.397009039215237e-05, -0.00436504745850394, 0.0052451374875092105, 0.003671532109573661, -9.980611071534751e-05, -0.0002682563973268326, -0.003029349771607112, 9.430559681189443e-05, 0.0012368306714172841, -0.0018551394490547435, -0.0006281111479884555, -0.0014531678657265582]
other derivatives: [-0.00877662  0.0027967   0.00031832 -0.00104592  0.00088676  0.        ]
Current x array =  [-0.72681778 -0.46921397 -0.87869476  2.04131338 -2.59696757  0.33647224
 -7.19111344 -1.94604826 -1.91119934 -1.97967153 -3.38475986 -3.43703254
 -3.48889969 -2.31283631 -3.84001297 -2.58934363 -3.43541955 -3.88980493]
      fun: 1533.3966265893691
 hess_inv: <18x18 LbfgsInvHessProduct with dtype=float64>
      jac: array([  8.77662387e-03,  -2.79669621e-03,  -3.18323146e-04,
         1.04591891e-03,  -8.86757334e-04,  -0.00000000e+00,
         8.39700904e-05,   4.36504746e-03,  -5.24513749e-03,
        -3.67153211e-03,   9.98061107e-05,   2.68256397e-04,
         3.02934977e-03,  -9.43055968e-05,  -1.23683067e-03,
         1.85513945e-03,   6.28111148e-04,   1.45316787e-03])
  message: 'CONVERGENCE: REL_REDUCTION_OF_F_<=_FACTR*EPSMCH'
     nfev: 3
      nit: 1
   status: 0
  success: True
        x: array([-0.72681778, -0.46921397, -0.87869476,  2.04131338, -2.59696757,
        0.33647224, -7.19111344, -1.94604826, -1.91119934, -1.97967153,
       -3.38475986, -3.43703254, -3.48889969, -2.31283631, -3.84001297,
       -2.58934363, -3.43541955, -3.88980493])
