/home3/jxiong7/IGCexpansion/IGCexpansion/CodonGeneconv.py:276: FutureWarning: comparison to `None` will result in an elementwise object comparison in the future.
  if not x == None:
number of sites to be analyzed:  156
Successfully loaded parameter value from ./test/save/MG94_EDN_ECP_nonclock_save.txt
log likelihood =  -2441.44829432
Edge derivatives =  [0.0025977617838131573, -0.005940545877836434, -0.012456485904678738, -0.006085760654197275, 0.0023302861700120123, -0.006648111817603532, -0.0034264158583971333, 0.0021553546126931167, -0.004137126840366295, 0.0018282134054032027, 0.004810809557471776, 0.003587574709323138, -0.000987605320988738, -7.249774367828694e-05, -0.0020368426132786194, -0.004699281076360806, -9.935839887876291e-05, -0.002611801146664275, -0.0008309207905008928, 0.0011447077634572887, 0.0013659952180408927, 9.558370279973138e-06, 0.003986560110112454, -0.002654159044680471]
other derivatives: [-0.03160494  0.07935341  0.06257324 -0.00604814  0.00104592 -0.00304681]
Current x array =  [ -0.66939547  -0.54791273  -0.7192621    0.75387999  -0.08712321
  -0.89607357  -1.07411199  -1.7623091   -1.89318345  -3.08517369
  -4.56709143  -4.06118775  -3.25397132  -2.40766495  -3.30214249
  -4.84294584  -3.3364374   -1.9352101   -4.07377789 -15.14887686
  -3.85000603  -4.6904846  -15.01211285  -5.011747    -4.25647718
  -4.77155064  -4.81701251  -4.50715814  -4.95140002  -3.27874621]
log likelihood =  -2444.60156103
Edge derivatives =  [-0.1898999664241623, -0.03347455002241184, 0.14010237160695804, 0.014817072159892947, -0.03471897210399695, -0.017742789616989066, -0.09428230695209916, -0.15552632262227403, 0.001320835511764859, -0.01722813085106066, -0.10568133191613432, -0.3864567262779676, -0.023923918136693374, -7.547028178792496e-05, -0.05550193838988834, 0.021406275428078988, -0.00010117285934976606, 0.0007369928790238976, -0.022332960637466467, -0.01693855209233756, -0.01778725226317134, -0.020339948079959706, -0.027887124428531744, -0.025904043505321495]
other derivatives: [  2.65052677e+01  -5.23116796e+01  -2.53027792e+01   5.43968781e-01
   7.83529686e-01   4.54747351e-03]
Current x array =  [ -0.70100041  -0.46855932  -0.65668886   0.74783185  -0.08607729
  -0.89912037  -1.07151423  -1.76824965  -1.90563994  -3.09125945
  -4.56476114  -4.06783587  -3.25739773  -2.4055096   -3.30627962
  -4.84111763  -3.33162659  -1.93162253  -4.0747655  -15.14894936
  -3.85204287  -4.69518389 -15.01221221  -5.0143588   -4.25730811
  -4.77040593  -4.81564651  -4.50714859  -4.94741346  -3.28140037]
log likelihood =  -2441.44828273
Edge derivatives =  [0.0025204566118854493, -0.005705312981480637, -0.011907478041635278, -0.00596114316728899, 0.002277722341509473, -0.006630183100557796, -0.0035325821489189113, 0.002023334449927444, -0.004048209078895443, 0.001806380853147254, 0.00467273330217495, 0.0030874579381887646, -0.0009988938570744954, -7.250315115428736e-05, -0.0020941129825989765, -0.004635734022415575, -9.936131790610693e-05, -0.002604385551432796, -0.0008449825540718728, 0.0011262409895988687, 0.0013450631143460956, -8.166183551282236e-06, 0.003951073086908806, -0.0026390144317665065]
other derivatives: [ 0.0221462  -0.00650289  0.01796252 -0.0050477   0.00250111 -0.00313776]
Current x array =  [ -0.66945637  -0.54775982  -0.71914152   0.75386834  -0.0871212
  -0.89607944  -1.07410698  -1.76232055  -1.89320745  -3.08518542
  -4.56708693  -4.06120056  -3.25397792  -2.4076608   -3.30215046
  -4.84294232  -3.33642813  -1.93520319  -4.0737798  -15.148877
  -3.85000995  -4.69049366 -15.01211304  -5.01175204  -4.25647879
  -4.77154844  -4.81700987  -4.50715813  -4.95139234  -3.27875133]
log likelihood =  -2441.44828118
Edge derivatives =  [0.0023787470036362446, -0.005443654830769529, -0.010977783946921171, -0.005722783063486919, 0.002276357767329134, -0.00660333345989482, -0.0034672901168476405, 0.0019024984041917936, -0.003952522270765119, 0.001800699954436668, 0.004557920020798634, 0.002744969172554068, -0.0009909907779770064, -7.250296709774838e-05, -0.0020981471551216116, -0.004574862595095309, -9.936166946760337e-05, -0.0025639449293576727, -0.0008402938393110987, 0.0011175115859742984, 0.0013349764072464639, -1.112754510135261e-05, 0.0039003199550564326, -0.0025462010804579993]
other derivatives: [-0.00582077 -0.00850378  0.00118234 -0.00400178  0.00195541 -0.00304681]
Current x array =  [ -0.66942241  -0.54775493  -0.71909527   0.75385779  -0.08711638
  -0.89608584  -1.07410181  -1.76233229  -1.89323196  -3.08519765
  -4.56708226  -4.06121415  -3.25398513  -2.40765663  -3.30215877
  -4.84293861  -3.33641853  -1.93519676  -4.07378184 -15.14887715
  -3.85001423  -4.69050317 -15.01211324  -5.01175737  -4.25648051
  -4.77154613  -4.81700711  -4.50715814  -4.95138424  -3.27875674]
Traceback (most recent call last):
  File "Run_rebuild_ECPEDN.py", line 20, in <module>
    MG94_tau.get_mle(True, True, 0, 'BFGS')
  File "/home3/jxiong7/IGCexpansion/IGCexpansion/CodonGeneconv.py", line 913, in get_mle
    self.save_likelihood(method)   
  File "/home3/jxiong7/IGCexpansion/IGCexpansion/CodonGeneconv.py", line 1447, in save_likelihood
    f.write(self.ll)
TypeError: expected a string or other character buffer object
