/home3/jxiong7/IGCexpansion/IGCexpansion/CodonGeneconv.py:277: FutureWarning: comparison to `None` will result in an elementwise object comparison in the future.
  if not x == None:
number of sites to be analyzed:  136
Successfully loaded parameter value from ./test/save/MG94_YBL087C_YER117W_nonclock_save.txt
log likelihood =  -1367.67936824
Edge derivatives =  [-0.004110350661287964, -0.0006286073529951086, 0.0015516635510323118, 0.0004942039493424644, -8.332999594157231e-06, 0.002461234061093831, 0.001552984199362395, 0.0011641828722668002, 0.005581089197436373, -2.3676879337727885e-05, 7.487448530370255e-05, 0.002180285103120981]
other derivatives: [-0.00884484  0.00081855  0.00040927  0.00031832 -0.00100044 -0.00084128]
Current x array =  [-0.7155672  -0.60174021 -0.98698818  2.13334571 -2.88186668  1.03347741
 -4.05065709 -1.53266671 -1.78423498 -1.82014159 -2.97154914 -3.0202489
 -3.55524602 -2.93809786 -5.48320346 -2.81691115 -2.94771125 -3.68474746]
log likelihood =  -1367.70055146
Edge derivatives =  [0.00256374752735454, 0.04653799808740153, 0.022170272345336105, 0.03121796921810821, 0.0004424015314344054, -0.00035562298003832815, -0.0023816440263040688, 0.0006375169968331207, 0.005918891437726615, 0.01748749663734908, 0.01311153102248798, -0.0029700534871317102]
other derivatives: [ 4.7290996  -0.43223736 -0.17807906 -0.13542376  0.07771632 -0.01482476]
Current x array =  [-0.72441204 -0.60092167 -0.9865789   2.13366403 -2.88286712  1.03263613
 -4.05476744 -1.53329532 -1.78268332 -1.81964739 -2.97155747 -3.01778766
 -3.55369303 -2.93693368 -5.47762237 -2.81693482 -2.94763637 -3.68256717]
log likelihood =  -1367.67936799
Edge derivatives =  [-0.00408839969564271, -0.0004710763526432349, 0.0016184581914958224, 0.0005947885835907718, -8.252029335131805e-06, 0.002449864392694401, 0.0015385494896168854, 0.0011606908822952844, 0.005581965367575098, 3.4295182936419644e-05, 0.00011727705504166464, 0.002161881606169487]
other derivatives: [ 0.00752607 -0.00061391 -0.0001819  -0.00013642 -0.00070486 -0.00086402]
Current x array =  [-0.71559733 -0.60173743 -0.98698678  2.13334679 -2.88187009  1.03347454
 -4.05067109 -1.53266886 -1.7842297  -1.82013991 -2.97154917 -3.02024052
 -3.55524073 -2.9380939  -5.48318445 -2.81691123 -2.94771099 -3.68474003]
      fun: 1367.6793679932657
 hess_inv: <18x18 LbfgsInvHessProduct with dtype=float64>
      jac: array([ -7.52606866e-03,   6.13908924e-04,   1.81898940e-04,
         1.36424205e-04,   7.04858394e-04,   8.64019967e-04,
         4.08839970e-03,   4.71076353e-04,  -1.61845819e-03,
        -5.94788584e-04,   8.25202934e-06,  -2.44986439e-03,
        -1.53854949e-03,  -1.16069088e-03,  -5.58196537e-03,
        -3.42951829e-05,  -1.17277055e-04,  -2.16188161e-03])
  message: 'CONVERGENCE: REL_REDUCTION_OF_F_<=_FACTR*EPSMCH'
     nfev: 3
      nit: 1
   status: 0
  success: True
        x: array([-0.71559733, -0.60173743, -0.98698678,  2.13334679, -2.88187009,
        1.03347454, -4.05067109, -1.53266886, -1.7842297 , -1.82013991,
       -2.97154917, -3.02024052, -3.55524073, -2.9380939 , -5.48318445,
       -2.81691123, -2.94771099, -3.68474003])
number of sites to be analyzed:  136
Successfully loaded parameter value from ./test/save/MG94_Force_YBL087C_YER117W_nonclock_save.txt
log likelihood =  -1415.2904869
Edge derivatives =  [-0.0007122792144659959, -0.0029783766382138754, -0.004985032381273027, -0.001920075166997437, 0.0051134109818834934, -0.00049870357699211, 0.0016083809790923276, 0.0012794317844308511, 0.0022800093587970263, -0.003339155051196252, -2.733992778516936e-05, 0.0023971047030269255]
other derivatives: [-0.01114131  0.00131877  0.00027285  0.00227374 -0.00079581  0.        ]
Current x array =  [-0.72291783 -0.59444588 -1.0133354   2.11664421 -2.99196191  0.33647224
 -5.4972834  -1.3931165  -2.03446306 -1.75279888 -2.74706339 -2.95325318
 -3.48659032 -2.5135321  -5.0303548  -2.27152567 -2.76967998 -2.96961734]
log likelihood =  -1415.32825761
Edge derivatives =  [0.006707408092383404, 0.111051846032801, 0.15399092613845033, 0.12918434391561773, -0.02977541317472839, 0.026397792129036812, -0.004451141220334361, 0.004007855799566723, 0.008583911089280626, 0.0996259233342344, 0.026726069787259457, -0.014659675018169796]
other derivatives: [ 6.44301963 -0.70995156 -0.27037004 -0.28128397  0.1174385   0.        ]
Current x array =  [-0.73405914 -0.59312711 -1.01306255  2.11891795 -2.99275772  0.33647224
 -5.49799568 -1.39609487 -2.0394481  -1.75471896 -2.74194998 -2.95375188
 -3.48498194 -2.51225266 -5.02807479 -2.27486483 -2.76970732 -2.96722024]
log likelihood =  -1415.29048657
Edge derivatives =  [-0.0006910079409128845, -0.0026525237373605237, -0.004528302547305824, -0.0015473337230462736, 0.005009261456726255, -0.0004232174534677391, 0.0015891252692811636, 0.001283317310801474, 0.0022978684078752733, -0.0030448592671609154, 4.7184674738909305e-05, 0.002344822762917309]
other derivatives: [ 0.00784439 -0.00075033 -0.00052296  0.00140972 -0.00045475  0.        ]
Current x array =  [-0.72295013 -0.59444206 -1.01333461  2.1166508  -2.99196421  0.33647224
 -5.49728547 -1.39312513 -2.03447751 -1.75280445 -2.74704857 -2.95325462
 -3.48658566 -2.51352839 -5.03034819 -2.27153535 -2.76968006 -2.96961039]
      fun: 1415.2904865735366
 hess_inv: <18x18 LbfgsInvHessProduct with dtype=float64>
      jac: array([ -7.84439180e-03,   7.50333129e-04,   5.22959454e-04,
        -1.40971679e-03,   4.54747351e-04,  -0.00000000e+00,
         6.91007941e-04,   2.65252374e-03,   4.52830255e-03,
         1.54733372e-03,  -5.00926146e-03,   4.23217453e-04,
        -1.58912527e-03,  -1.28331731e-03,  -2.29786841e-03,
         3.04485927e-03,  -4.71846747e-05,  -2.34482276e-03])
  message: 'CONVERGENCE: REL_REDUCTION_OF_F_<=_FACTR*EPSMCH'
     nfev: 3
      nit: 1
   status: 0
  success: True
        x: array([-0.72295013, -0.59444206, -1.01333461,  2.1166508 , -2.99196421,
        0.33647224, -5.49728547, -1.39312513, -2.03447751, -1.75280445,
       -2.74704857, -2.95325462, -3.48658566, -2.51352839, -5.03034819,
       -2.27153535, -2.76968006, -2.96961039])
