/home3/jxiong7/IGCexpansion/IGCexpansion/CodonGeneconv.py:276: FutureWarning: comparison to `None` will result in an elementwise object comparison in the future.
  if not x == None:
number of sites to be analyzed:  198
Successfully loaded parameter value from ./test/save/MG94_YER102W_YBL072C_nonclock_save.txt
log likelihood =  -2058.95626887
Edge derivatives =  [-4.0406855066524305e-05, 0.006973729494256481, -0.0047824679218407, -0.0027407135468740795, -0.002156678562481862, 0.0008422624218279995, -0.005382394654257758, 0.004335799584471223, 0.0018646726645405454, -0.006655328144547265, 0.007063122228439626, -0.0008211655941995494]
other derivatives: [ 0.01164153 -0.00236469 -0.00568434  0.00172804 -0.00063665  0.00923137]
Current x array =  [-0.69725442 -0.52987043 -0.85418169  1.96379942 -1.664204    1.58237551
 -2.96046556 -1.69931155 -2.40450516 -1.61093483 -3.64457878 -2.64045124
 -4.05026413 -2.48075606 -3.49079659 -3.50694511 -4.54157924 -3.59060216]
log likelihood =  -2059.02514068
Edge derivatives =  [-0.029165461395755904, -0.23922345191842306, -0.03061045708322073, -0.030085274939276152, -0.05289778047641712, -0.1381003076418576, -0.043531969508544904, -0.3622314338382031, -0.05077955598297128, -0.03048833524077492, -0.03134382677681949, -0.04289709246509214]
other derivatives: [-9.83800419  1.75405148  1.93190317  0.07612471 -0.14820216 -0.71509021]
Current x array =  [-0.68561289 -0.53223512 -0.85986603  1.96552746 -1.66484065  1.59160688
 -2.96050597 -1.69233782 -2.40928762 -1.61367555 -3.64673546 -2.63960897
 -4.05564653 -2.47642026 -3.48893191 -3.51360043 -4.53451612 -3.59142333]
log likelihood =  -2058.95626799
Edge derivatives =  [-0.0001486849874274554, 0.006092235049366179, -0.0048781747466798, -0.00284545514794729, -0.0023390837952595167, 0.0003440066768875122, -0.005519099042292232, 0.003030033390607062, 0.001675245066921252, -0.0067414622850387115, 0.006925672755672754, -0.0009729620937999894]
other derivatives: [-0.02287379  0.00404725  0.00136424  0.00209184 -0.00118234  0.00677574]
Current x array =  [-0.6972129  -0.52987887 -0.85420196  1.96380559 -1.66420627  1.58240843
 -2.9604657  -1.69928667 -2.40452222 -1.61094461 -3.64458647 -2.64044823
 -4.05028333 -2.48074059 -3.49078994 -3.50696884 -4.54155404 -3.59060509]
      fun: 2058.9562679930095
 hess_inv: <18x18 LbfgsInvHessProduct with dtype=float64>
      jac: array([ 0.02287379, -0.00404725, -0.00136424, -0.00209184,  0.00118234,
       -0.00677574,  0.00014868, -0.00609224,  0.00487817,  0.00284546,
        0.00233908, -0.00034401,  0.0055191 , -0.00303003, -0.00167525,
        0.00674146, -0.00692567,  0.00097296])
  message: 'CONVERGENCE: REL_REDUCTION_OF_F_<=_FACTR*EPSMCH'
     nfev: 3
      nit: 1
   status: 0
  success: True
        x: array([-0.6972129 , -0.52987887, -0.85420196,  1.96380559, -1.66420627,
        1.58240843, -2.9604657 , -1.69928667, -2.40452222, -1.61094461,
       -3.64458647, -2.64044823, -4.05028333, -2.48074059, -3.49078994,
       -3.50696884, -4.54155404, -3.59060509])
Traceback (most recent call last):
  File "Run_rebuild.py", line 52, in <module>
    main(parser.parse_args())
  File "Run_rebuild.py", line 14, in main
    MG94_tau.site_reconstruction()
  File "/home3/jxiong7/IGCexpansion/IGCexpansion/CodonGeneconv.py", line 1699, in site_reconstruction
    (argmatrix[site,node,i],likelihood_matrix[site,node,i])=likelihood_dict[site][node][i]
IndexError: index 156 is out of bounds for axis 0 with size 156
