/home3/jxiong7/IGCexpansion/IGCexpansion/CodonGeneconv.py:276: FutureWarning: comparison to `None` will result in an elementwise object comparison in the future.
  if not x == None:
number of sites to be analyzed:  198
Successfully loaded parameter value from ./test/save/MG94_YER102W_YBL072C_nonclock_save.txt
log likelihood =  -2058.95626728
Edge derivatives =  [-5.636903346782629e-05, 0.0060961152458348655, -0.004536118533715952, -0.0022024282826148267, -0.0022717303816090495, 0.0004249102177390496, -0.005449064942874837, 0.002936308629456097, 0.0016820302525149058, -0.006580398227353623, 0.006877054717087071, -0.0009249178371281211]
other derivatives: [ 0.01073204 -0.00131877  0.          0.00150067 -0.0005457   0.00591172]
Current x array =  [-0.69725335 -0.52987171 -0.85419955  1.96380928 -1.66420836  1.58242042
 -2.96046597 -1.6992759  -2.40453084 -1.61094964 -3.64459061 -2.64044762
 -4.05029309 -2.48073523 -3.49078697 -3.50698077 -4.5415418  -3.59060681]
log likelihood =  -2059.00662274
Edge derivatives =  [-0.022310604324506794, -0.19720612176578692, -0.020161144060778444, -0.04696951759723392, -0.034699634902402375, -0.09264052486853154, -0.02415661316055366, -0.24297496811264557, -0.03540701234934976, -0.00050256081019312, -0.024273183571924428, -0.03017621201348409]
other derivatives: [-8.94228833  1.07074811  0.18226274  0.06193659 -0.09204086 -0.43933142]
Current x array =  [-0.68652131 -0.53119048 -0.85419955  1.96530995 -1.66475406  1.58833213
 -2.96052234 -1.69317978 -2.40906696 -1.61315207 -3.64686234 -2.64002271
 -4.05574216 -2.47779893 -3.48910494 -3.51356116 -4.53466474 -3.59153173]
log likelihood =  -2058.95626666
Edge derivatives =  [-0.00013911014696101065, 0.005377189842843716, -0.004594860153634667, -0.002367419352126199, -0.002387308979184717, 9.403013715873765e-05, -0.005515880005077824, 0.0020703525856349686, 0.0015496509762983543, -0.006560618927943997, 0.006766989829912334, -0.0010297717351079316]
other derivatives: [-0.02037268  0.00241016  0.00063665  0.00163709 -0.00086402  0.00436557]
Current x array =  [-0.6972156  -0.52987635 -0.85419955  1.96381456 -1.66421028  1.58244121
 -2.96046617 -1.69925445 -2.4045468  -1.61095739 -3.6445986  -2.64044613
 -4.05031226 -2.48072491 -3.49078106 -3.50700391 -4.54151761 -3.59061007]
      fun: 2058.956266657561
 hess_inv: <18x18 LbfgsInvHessProduct with dtype=float64>
      jac: array([  2.03726813e-02,  -2.41016096e-03,  -6.36646291e-04,
        -1.63709046e-03,   8.64019967e-04,  -4.36557457e-03,
         1.39110147e-04,  -5.37718984e-03,   4.59486015e-03,
         2.36741935e-03,   2.38730898e-03,  -9.40301372e-05,
         5.51588001e-03,  -2.07035259e-03,  -1.54965098e-03,
         6.56061893e-03,  -6.76698983e-03,   1.02977174e-03])
  message: 'CONVERGENCE: REL_REDUCTION_OF_F_<=_FACTR*EPSMCH'
     nfev: 3
      nit: 1
   status: 0
  success: True
        x: array([-0.6972156 , -0.52987635, -0.85419955,  1.96381456, -1.66421028,
        1.58244121, -2.96046617, -1.69925445, -2.4045468 , -1.61095739,
       -3.6445986 , -2.64044613, -4.05031226, -2.48072491, -3.49078106,
       -3.50700391, -4.54151761, -3.59061007])
number of sites to be analyzed:  198
Successfully loaded parameter value from ./test/save/MG94_Force_YER102W_YBL072C_nonclock_save.txt
log likelihood =  -2196.65841475
Edge derivatives =  [-8.087040096184518e-05, 0.0017442192603728812, -0.003416328801934543, 0.001454394896669542, 0.0037478456468557214, -0.00550674347031746, 0.004629683451627238, 0.0011164325968046618, -0.004224589460279642, 0.007545789907882239, 0.006955151716778747, 0.0029769532296453627]
other derivatives: [ 0.04147296 -0.00541149 -0.01236913  0.00327418 -0.00181899  0.        ]
Current x array =  [ -0.72349022  -0.51994221  -0.87315256   1.7553197   -2.00643071
   0.33647224 -12.75888417  -1.39765831  -2.54219626  -1.42201449
  -3.21697735  -2.23275201  -3.92656631  -1.9418882   -3.42797755
  -2.88992344  -4.48560955  -3.31941865]
log likelihood =  -2197.48691529
Edge derivatives =  [-8.293220535273442e-05, -0.40165009467581914, -0.28233138578505035, -0.5811538821721622, -0.12435165304475522, -0.12914866011162573, -0.0866475711693299, -0.5281798518556498, -0.08379856446624179, -0.27440254140773324, -0.06267419257550273, -0.1388212911984189]
other derivatives: [-38.55789146   4.97325345   5.20003596   0.9102223   -0.56784302   0.        ]
Current x array =  [ -0.68201726  -0.52535371  -0.88552169   1.75859388  -2.0082497
   0.33647224 -12.75896504  -1.39591409  -2.54561259  -1.4205601
  -3.2132295   -2.23825876  -3.92193662  -1.94077177  -3.43220214
  -2.88237765  -4.47865439  -3.3164417 ]
log likelihood =  -2196.65841333
Edge derivatives =  [-8.087707187392878e-05, 0.001172051260065532, -0.003807584934482522, 0.0006119813417849729, 0.003565238184402561, -0.005708078235037578, 0.004502477662379802, 0.0003740160290226502, -0.004342677352956653, 0.007159578042918668, 0.006859864280380403, 0.002778436576582749]
other derivatives: [-0.00618456  0.00113687 -0.00545697  0.00445652 -0.00250111  0.        ]
Current x array =  [ -0.72343596  -0.51994929  -0.87316875   1.75532398  -2.00643309
   0.33647224 -12.75888427  -1.39765602  -2.54220073  -1.42201259
  -3.21697245  -2.23275922  -3.92656025  -1.94188674  -3.42798308
  -2.88991356  -4.48560045  -3.31941475]
      fun: 2196.6584133309498
 hess_inv: <18x18 LbfgsInvHessProduct with dtype=float64>
      jac: array([  6.18456397e-03,  -1.13686838e-03,   5.45696821e-03,
        -4.45652404e-03,   2.50111043e-03,  -0.00000000e+00,
         8.08770719e-05,  -1.17205126e-03,   3.80758493e-03,
        -6.11981342e-04,  -3.56523818e-03,   5.70807824e-03,
        -4.50247766e-03,  -3.74016029e-04,   4.34267735e-03,
        -7.15957804e-03,  -6.85986428e-03,  -2.77843658e-03])
  message: 'CONVERGENCE: REL_REDUCTION_OF_F_<=_FACTR*EPSMCH'
     nfev: 3
      nit: 1
   status: 0
  success: True
        x: array([ -0.72343596,  -0.51994929,  -0.87316875,   1.75532398,
        -2.00643309,   0.33647224, -12.75888427,  -1.39765602,
        -2.54220073,  -1.42201259,  -3.21697245,  -2.23275922,
        -3.92656025,  -1.94188674,  -3.42798308,  -2.88991356,
        -4.48560045,  -3.31941475])
