/home3/jxiong7/IGCexpansion/IGCexpansion/CodonGeneconv.py:275: FutureWarning: comparison to `None` will result in an elementwise object comparison in the future.
  if not x == None:
number of sites to be analyzed:  477
log likelihood =  -2231.64680293
Edge derivatives =  [-57.39464575166534, -31.391474921648108, -48.103384796604956, -50.49042583604099, -66.87384366514821, -70.56416373512297, -67.9663092682478, -61.45575559786948, -71.80945089468011, -63.574540278716974, -76.57690123098452, -76.87208167334344]
other derivatives: [-77.01173672 -25.49800229  19.2351763   72.68013178  66.20657587]
Current x array =  [-0.65006359 -0.53490057 -0.80890797  0.18232156  0.33647224 -2.30258509
 -2.30258509 -2.30258509 -2.30258509 -2.30258509 -2.30258509 -2.30258509
 -2.30258509 -2.30258509 -2.30258509 -2.30258509 -2.30258509]
log likelihood =  -2053.69602564
Edge derivatives =  [-45.96512235644269, -29.089115073896533, -35.62240226628824, -37.74824436421944, -50.961126030710645, -53.42225553367891, -51.96687950834862, -45.01947391739593, -54.83569855354932, -47.49299442458111, -57.09243577375559, -57.43164311572792]
other derivatives: [ 117.58847904   53.2226295    28.94603313   90.08913366   49.25104804]
Current x array =  [-0.96730454 -0.63993664 -0.80578174  0.48171895  0.36392187 -2.5390157
 -2.33017432 -2.50074142 -2.51057456 -2.57806416 -2.593266   -2.58256444
 -2.55574497 -2.59839582 -2.56447306 -2.61803478 -2.61925074]
log likelihood =  -1710.97105318
Edge derivatives =  [-17.567102503423975, -18.842738153146428, -3.7454452644453347, -5.560890048943055, -16.453451824915934, -17.59266203115389, -17.22716674870269, -8.21097022414883, -18.57194229630059, -11.021631900207083, -17.832506410346177, -18.47580510830516]
other derivatives: [ 66.86877896  28.37930424 -37.13441856  36.63931238  32.62794053]
Current x array =  [-1.02218794 -0.5844914  -0.70159006  1.56932216  0.50904089 -3.2681794
 -2.46873705 -3.0969168  -3.13817908 -3.41428411 -3.47382273 -3.43333754
 -3.31487586 -3.49691697 -3.35452292 -3.56908007 -3.57457575]
log likelihood =  -1703.72238153
Edge derivatives =  [-11.988575338272037, -17.932042971128336, -4.856372642630918, -5.99035623356697, -11.302970100815063, -11.708843803658514, -11.862357021385286, -3.692619813769336, -12.016409523825152, -6.940626378829957, -11.082750257249296, -11.763793104456642]
other derivatives: [  60.92755029  -34.30773177  151.90328213    2.40233931   31.15828804]
Current x array =  [-0.85030064 -0.48241717 -1.71424985  2.31265825  1.01181078 -3.76717902
 -2.76727883 -3.28657104 -3.37166023 -3.92238886 -4.0175448  -3.95998905
 -3.63786471 -4.0621892  -3.73957484 -4.13659581 -4.15646128]
log likelihood =  -1627.1225101
Edge derivatives =  [-4.40134556412298, -9.588200590063003, 3.8662378605442687, 2.1600822956948607, -5.07032591946828, -6.181410914163175, -5.950622519960819, 2.807493123167077, -5.998519827932701, 0.17005524869495714, -5.696587101373675, -5.771868768488136]
other derivatives: [-25.08352281  59.03286819  90.41229987  -0.10006715  32.6007239 ]
Current x array =  [-0.70960078 -0.66643852 -1.2750518   2.54896716  1.23537703 -3.98846147
 -2.90250571 -3.40456882 -3.50617889 -4.15486495 -4.26356642 -4.19988338
 -3.79426234 -4.31523263 -3.92475627 -4.39235274 -4.41836979]
log likelihood =  -1616.14058807
Edge derivatives =  [-1.1496281932866832, -5.8449809818092, 6.330377363474269, 5.050931394617865, -2.52702234718432, -2.9026502092769593, -3.158322707410913, 3.7889718926717073, -3.441364337243025, 3.254837844635355, -3.500604125021887, -2.801805979827873]
other derivatives: [  20.44748726  -24.85976438 -218.19846552   -3.8710823    31.56517323]
Current x array =  [-0.79858929 -0.46879192 -0.41321001  2.75514933  1.52962469 -4.19631654
 -3.03151536 -3.50499692 -3.62727235 -4.38363177 -4.5095048  -4.4386759
 -3.93308967 -4.56506356 -4.09632061 -4.64725217 -4.67725132]
log likelihood =  -1595.03640058
Edge derivatives =  [-2.148186188833048, -6.8060897135028915, 6.532591191078035, 4.773403454725036, -3.2042884597999737, -4.3382663260174095, -4.085453684314716, 4.514688783526994, -4.250310304412732, 2.4159341461523325, -4.14013420491011, -3.951107798291979]
other derivatives: [-13.32741704  32.58144261  38.33133633  -1.14416707  32.26487024]
Current x array =  [-0.74318995 -0.5918358  -0.94974522  2.62679167  1.34644231 -4.06691743
 -2.95120106 -3.44247592 -3.55188623 -4.24121415 -4.35639711 -4.29001684
 -3.84666342 -4.40953259 -3.98951411 -4.48856584 -4.51608595]
log likelihood =  -1577.66499495
Edge derivatives =  [0.7301793170567066, -4.069371495732154, 6.265646162368355, 4.993165208513319, -2.081949835003462, -2.6546700725223062, -2.7236003106864946, 4.357691385573132, -2.697830083114793, 3.6187659297598604, -3.0852613457384406, -2.1299699960521155]
other derivatives: [-10.76473382 -10.28361112 -42.99690772  -4.23794972  27.4331569 ]
Current x array =  [-0.73979739 -0.49188764 -0.66893272  2.78494201  1.75841288 -4.22380333
 -3.08613488 -3.45083258 -3.58658488 -4.41423224 -4.54833014 -4.47545629
 -3.90408023 -4.60613958 -4.081599   -4.68632674 -4.71554487]
log likelihood =  -1566.87952341
Edge derivatives =  [2.800050417253376, -2.244540790981587, 5.2265813957954625, 4.47353478088983, -1.6132855220660511, -1.8253291898746, -2.067738674777236, 4.0343684951359595, -1.7638550623862508, 4.077096532270909, -2.4835481003481052, -0.9850780996290687]
other derivatives: [-21.36439434 -26.84578249 -15.73716872  -6.78815013  18.87551662]
Current x array =  [-0.71606387 -0.45696035 -0.74473099  2.95210197  2.13574344 -4.37172837
 -3.21806669 -3.4595262  -3.61913018 -4.57934483 -4.72945755 -4.65167212
 -3.95999809 -4.79289603 -4.16770267 -4.87405212 -4.90329173]
log likelihood =  -1561.48416465
Edge derivatives =  [4.608838982416264, 0.025736803426272374, 1.103987930850468, 1.7871620804781614, -2.1892265890403304, -1.8425118055677607, -2.3487690831478782, 0.2680248484469635, -1.578945529738198, 2.581180134934706, -2.687486415520027, -0.33862525769439306]
other derivatives: [-6.52269136  7.85887551 -7.73165993 -9.14308202 -9.36463493]
Current x array =  [-0.7379514  -0.52333167 -0.77433692  3.12855298  2.73197717 -4.52149925
 -3.396839   -3.42271621 -3.61709402 -4.78933985 -4.95994131 -4.87902804
 -3.98785267 -5.02941334 -4.23151766 -5.11707434 -5.13231896]
log likelihood =  -1559.35625105
Edge derivatives =  [4.032582376431233, -0.6335492919131778, 1.9095620773550348, 2.0965168385405692, -1.8479078399181432, -1.687407395727444, -2.0829384001172944, 1.474219256857297, -1.5440299820835492, 2.748236774771507, -2.469446608322925, -0.4336223006694847]
other derivatives: [ 0.81936378  0.23198936  0.4721187  -7.45808393  1.01952082]
Current x array =  [-0.75303167 -0.508121   -0.80480785  2.99194367  2.54180197 -4.42595641
 -3.34825282 -3.40315049 -3.58409559 -4.73112543 -4.89285274 -4.81766646
 -3.95372945 -4.95833452 -4.17083386 -5.05223992 -5.05174867]
log likelihood =  -1557.78911706
Edge derivatives =  [3.491745003596134, -1.0365019343859083, 0.7770678882574511, 0.992638110418431, -1.868301354373676, -1.6910508828726167, -2.0779529570063473, 0.8687094882625741, -1.6587843342870778, 1.778342202061099, -2.425453527336572, -0.5760311057078071]
other derivatives: [-2.69117209 -6.52523795  4.51809683 -5.21954462  2.01562216]
Current x array =  [-0.74774644 -0.49544466 -0.81921682  2.82470801  2.50053023 -4.32523711
 -3.34243213 -3.3581995  -3.53171283 -4.72467715 -4.88055995 -4.81343786
 -3.90855589 -4.94223049 -4.09786454 -5.05056534 -5.01583483]
log likelihood =  -1555.68148077
Edge derivatives =  [2.610457598613741, -1.3181837445757083, -1.7519035593877497, -1.386827763424528, -1.5696456084313284, -1.3078957982144193, -1.7092758576653855, -0.5128160321818578, -1.511857487693759, -0.35904518817448194, -2.002369068773318, -0.45514819223043124]
other derivatives: [ 0.62943855 -5.28591499  6.64224444 -0.23101165  1.13986971]
Current x array =  [-0.75483186 -0.50126215 -0.82558699  2.50833103  2.49446211 -4.1239958
 -3.37407829 -3.27883005 -3.43865953 -4.77989332 -4.92523771 -4.87804796
 -3.83623046 -4.9811372  -3.96600228 -5.12694121 -5.00175758]
log likelihood =  -1554.07021508
Edge derivatives =  [2.712850669539815, -0.7436618395478451, -1.6097618949981218, -1.3565037612518707, -0.5713770666890263, -0.16287094746456285, -0.65298172571717, -0.19666615981003077, -0.5805396931347708, -0.5287347747822558, -0.9579387148687565, 0.3794912655252003]
other derivatives: [ 7.19874151 -1.4411853   4.04725142  1.30075932  1.08334461]
Current x array =  [-0.76434987 -0.50897142 -0.81729771  2.41128907  2.56321396 -3.98080557
 -3.47366969 -3.32731963 -3.47124811 -4.93987174 -5.07466125 -5.05189364
 -3.86147913 -5.13789626 -3.96220154 -5.32445922 -5.09078829]
log likelihood =  -1554.14546445
Edge derivatives =  [2.44004633176513, -0.7993954434400643, -1.919861794943013, -1.5969671109155532, 0.3484460747769072, 1.1001359407139237, 0.3908221173341173, -0.6537879813644967, 0.4351899290440558, -1.2375438703028805, 0.12119666304468739, 1.0924909619484116]
other derivatives: [-34.1912255   -3.0978299    0.72827788   2.29831585  -1.69859504]
Current x array =  [-0.68973836 -0.502966   -0.80436612  2.33483049  2.69446055 -3.73385583
 -3.61462382 -3.41458957 -3.53498299 -5.15670877 -5.26858237 -5.28910954
 -3.89138668 -5.35212152 -3.96571133 -5.59986385 -5.19603445]
log likelihood =  -1553.50054773
Edge derivatives =  [2.6354102849713326, -0.7113464562707493, -1.7507156790018303, -1.471802050489443, -0.109714115205983, 0.4639367325979501, -0.12442576093790393, -0.4034257403009496, -0.07139641971480311, -0.8524182683774693, -0.4097037604043459, 0.741870390839328]
other derivatives: [-11.70083124  -2.28878889   2.39597284   1.77167294  -0.13515091]
Current x array =  [-0.72796222 -0.50604261 -0.81099104  2.37400061  2.62722224 -3.86036946
 -3.54241229 -3.36988073 -3.50233129 -5.04562204 -5.16923558 -5.16758261
 -3.87606488 -5.24237281 -3.96391325 -5.45877264 -5.1421163 ]
log likelihood =  -1553.09128564
Edge derivatives =  [2.78998564161681, -0.47740229752799085, -0.771604060552793, -0.6491292021908641, 0.39896679395799284, 1.0593514387304124, 0.3973018798346203, 0.21846739295919404, 0.41835002770694407, -0.3233679935430801, 0.08661202724933037, 1.1525675996135303]
other derivatives: [-2.44258445  0.73048341 -0.55217697  1.28275133  0.81859071]
Current x array =  [-0.74278366 -0.51204164 -0.80085936  2.39309785  2.66330793 -3.78828359
 -3.59998257 -3.43171181 -3.55433279 -5.13417009 -5.24912163 -5.26310811
 -3.90935632 -5.33197578 -3.99443488 -5.5689824  -5.19289842]
log likelihood =  -1552.93989611
Edge derivatives =  [2.623826288614601, -0.5688319212767327, -0.4944509205273029, -0.4229155158885381, 0.5037350327232831, 1.2158105957534806, 0.5260591675503598, 0.23595806239650807, 0.5370301662243208, -0.27166271862479174, 0.22801759424542564, 1.1824722196343216]
other derivatives: [-0.49315076 -0.20131665 -0.82245606  1.19359811  0.85096872]
Current x array =  [-0.74576174 -0.50985951 -0.80009108  2.39566219  2.67857538 -3.72746277
 -3.62279593 -3.45723575 -3.57417479 -5.1620231  -5.26836209 -5.29387406
 -3.91462156 -5.3591217  -4.00007035 -5.60769577 -5.19734684]
log likelihood =  -1552.47136994
Edge derivatives =  [0.9355146760874694, -1.3794761978750267, 0.954122499443043, 0.7664785999260049, 0.6988275942146315, 1.5705893906870658, 0.8161039476120077, 0.35633824514884577, 0.8069985198843204, 0.045803056617336184, 0.6009564714501456, 0.9527839849668502]
other derivatives: [ 2.00755039  3.1990794  -1.88151716  0.77966433  2.721481  ]
Current x array =  [-0.74943543 -0.51817364 -0.79598217  2.41004031  2.69739749 -3.43320452
 -3.69919847 -3.5595525  -3.65095614 -5.2250269  -5.28328017 -5.36512649
 -3.92106271 -5.41579509 -4.01439335 -5.71137088 -5.15910932]
log likelihood =  -1553.6798387
Edge derivatives =  [-1.902540900006264, -2.401627499280349, -0.1180977352700559, -0.14211554375641985, 0.06572162872680612, 0.948429950235646, 0.36751142422604755, -1.6558607012590303, 0.38179040834408795, -0.9370613995823804, 0.36462191924342846, -0.09575258194307693]
other derivatives: [ 11.36227183 -34.02758466  -3.4538516    0.03878995  -6.19834282]
Current x array =  [-0.76621821 -0.44499855 -0.7894628   2.46027119  2.80853618 -3.18676566
 -3.78500108 -3.59401286 -3.67451551 -5.22810197 -5.22563415 -5.37005285
 -3.90026128 -5.41148203 -4.01428339 -5.74429243 -5.08417503]
log likelihood =  -1552.3530989
Edge derivatives =  [0.4198066630966333, -1.6067371106454233, 0.7151295645491378, 0.5753208575824269, 0.5560649916885457, 1.4420907515952082, 0.7171349898355527, -0.0825230581487052, 0.7139274856787287, -0.1643660357404802, 0.5492349693513504, 0.7266208526907488]
other derivatives: [ 4.27405666 -4.38553798 -2.25336407  0.59981176  0.82070528]
Current x array =  [-0.75333155 -0.50118608 -0.7944687   2.42170139  2.72319829 -3.37599384
 -3.71911751 -3.56755246 -3.65642544 -5.22574078 -5.26989767 -5.36627014
 -3.91623367 -5.41479381 -4.01436782 -5.71901361 -5.14171335]
log likelihood =  -1552.14344412
Edge derivatives =  [0.19943910498729112, -1.7119159610821537, 0.7163181076864944, 0.5927333708553104, 0.25546320754871266, 1.081388970919159, 0.4461826150023195, -0.25878870769006035, 0.466900609368052, -0.09801551042484838, 0.3254299383411989, 0.3740020682264141]
other derivatives: [ 3.24430403 -3.12247721 -0.9805035   0.0540922   0.47857611]
Current x array =  [-0.75207114 -0.50420798 -0.7990861   2.45348823  2.71268783 -3.36126395
 -3.71075304 -3.56356619 -3.65363092 -5.18119533 -5.21411439 -5.31785699
 -3.90710968 -5.36879885 -4.01601481 -5.67003795 -5.09936427]
log likelihood =  -1551.93024265
Edge derivatives =  [-0.380462804225595, -1.7762685204209103, 0.2861399435076151, 0.2553973243034065, -0.20667101898022577, 0.4343871051468491, 0.039065621248331905, -0.4312051735217004, 0.07997408105495361, -0.17984137805121012, -0.0008118637752754787, -0.22846963762316425]
other derivatives: [ 0.10488748 -0.31789114 -1.52149369 -0.19053914 -0.27130227]
Current x array =  [-0.74727443 -0.51112195 -0.79602204  2.46856805  2.69629757 -3.30205817
 -3.74577742 -3.5428699  -3.63392256 -5.12128882 -5.11539378 -5.24811132
 -3.89765887 -5.29854537 -4.00952395 -5.60391863 -5.02864445]
log likelihood =  -1551.86674693
Edge derivatives =  [-0.5601574673780249, -1.6302384170591329, -0.08720165261870894, -0.02701192969033759, -0.3213900268030516, 0.1905092025053098, -0.05481237085329221, -0.31504117889596284, -0.013757599152007506, -0.18554448410522256, -0.04933662706819114, -0.39793800604294927]
other derivatives: [-0.91599759  1.16015144  4.48217179 -0.26043381 -1.09328084]
Current x array =  [-0.74566927 -0.51450264 -0.81967905  2.47299267  2.70522296 -3.26579168
 -3.81242983 -3.53562098 -3.62654601 -5.12071717 -5.08242606 -5.24027689
 -3.90709832 -5.28812108 -4.01411326 -5.60225707 -5.01462891]
log likelihood =  -1551.7785024
Edge derivatives =  [-0.3858810539849447, -1.428218513056378, -0.22930419589027534, -0.11854671427179933, -0.3500459280853581, 0.0762951947579688, -0.07869568572104294, -0.10574550086326406, -0.04216241553249119, -0.09119698578395821, -0.06962538873629959, -0.4209628013542833]
other derivatives: [-1.32265541  1.1195425   2.52218797 -0.29431249 -0.929208  ]
Current x array =  [-0.74482693 -0.51434317 -0.81170567  2.47447792  2.7017806  -3.26483964
 -3.85081797 -3.52773277 -3.61967935 -5.11864601 -5.06324489 -5.23277622
 -3.91500397 -5.27992997 -4.01801698 -5.59634856 -5.01105666]
log likelihood =  -1551.56826243
Edge derivatives =  [-0.46180198092417346, -0.9699896478664726, -0.47781412418252694, -0.26596940193986734, -0.23961893096195985, -0.11815118706088466, 0.05442771143627988, 0.7492315665043073, 0.05517817243199694, 0.28816167233061374, 0.09140064822914508, -0.3805058082741265]
other derivatives: [-1.46183083  0.77388904 -1.79034032 -0.25979716 -0.2867182 ]
Current x array =  [-0.7438718  -0.51335683 -0.7947673   2.46958596  2.70830511 -3.18470851
 -4.05750481 -3.52747657 -3.61485781 -5.15907857 -5.01882541 -5.25239007
 -3.95304149 -5.29082709 -4.03837318 -5.63337436 -5.0142508 ]
log likelihood =  -1551.46982606
Edge derivatives =  [-0.043833509162451684, -0.60368752373974, -0.6259696562778061, -0.3654234567577381, -0.15569355394701245, -0.24035271654370163, 0.13167402890360894, 1.1602228980857516, 0.10406730567859707, 0.4891659977604741, 0.1859647108938264, -0.2440846843678575]
other derivatives: [-0.68125701 -0.39203769 -1.23759492 -0.1565013   0.24633664]
Current x array =  [-0.74487313 -0.51048629 -0.79709916  2.46277471  2.70974201 -3.16515794
 -4.2117094  -3.52457465 -3.60859069 -5.18817393 -4.99133273 -5.26236126
 -3.97040917 -5.29608308 -4.0488485  -5.65235917 -5.0285279 ]
log likelihood =  -1551.40585801
Edge derivatives =  [-0.6443593988744858, -0.5051789998296835, -0.8415517685837655, -0.6345019209565109, -0.028512891430611052, -0.4210954758445538, 0.23543190887501328, 0.7132231216535588, 0.19602890181359361, 0.2875881601747978, 0.38784413928380007, -0.07253828806758525]
other derivatives: [-1.86653324  2.45804586 -1.47956598 -0.03726655 -2.64817572]
Current x array =  [-0.74198574 -0.51662251 -0.7964145   2.45108253  2.76551082 -3.05304108
 -4.54475868 -3.55584316 -3.62203167 -5.27815271 -4.96790092 -5.31357842
 -3.97447589 -5.33498995 -4.05821229 -5.72888742 -5.06378072]
log likelihood =  -1551.2997465
Edge derivatives =  [-0.3387264152561329, -0.30617111524867385, -0.13820694725963228, -0.10148223847785455, 0.005474076626636828, -0.6407139476043454, 0.1965722021011931, 0.6221795289592561, 0.09647893625770874, 0.4539235985286526, 0.38013781414776043, 0.013724114313160443]
other derivatives: [ 5.8364094   0.67732344  0.48680704  0.12896635  0.16391368]
Current x array =  [-0.75631    -0.51303068 -0.80436327  2.44345948  2.72686535 -3.02642787
 -4.7301146  -3.57030045 -3.62440791 -5.28466169 -4.91224184 -5.28562892
 -3.95026745 -5.30396647 -4.04962843 -5.7062992  -5.05729545]
log likelihood =  -1551.2538352
Edge derivatives =  [0.3461175123296284, -0.16562019900333888, 0.005644755041657276, 0.018025516066013256, 0.06305813561532372, -0.541906652685817, 0.22154035895378907, 0.3718215064720074, 0.11511633530251106, 0.3590695842706188, 0.4022965120404975, 0.18298932830987474]
other derivatives: [-0.93332346 -1.35044047  1.16569936  0.2395609   0.91272341]
Current x array =  [-0.7435084  -0.50801904 -0.80714725  2.43572511  2.7205543  -3.05163247
 -4.78515535 -3.57504099 -3.62555734 -5.29783985 -4.91828485 -5.28707523
 -3.9373258  -5.30579641 -4.04362888 -5.70596788 -5.07528761]
log likelihood =  -1551.23373065
Edge derivatives =  [0.05123490874394003, -0.20040645002124208, 0.04230479637410715, 0.016023548492904625, 0.04793337961730268, -0.6381377753299058, 0.18910872014727384, 0.119892479681456, 0.08026661855205712, 0.2699239579198946, 0.39575920741946924, 0.16084890731533452]
other derivatives: [-0.36641268 -0.46875357  0.58719252  0.21057076  0.2637762 ]
Current x array =  [-0.74454376 -0.51007171 -0.80481955  2.43679359  2.72833235 -3.02634531
 -4.85222462 -3.5831648  -3.6291414  -5.30825528 -4.907181   -5.28747188
 -3.93028377 -5.30450628 -4.04176142 -5.71028469 -5.07501638]
log likelihood =  -1551.21904599
Edge derivatives =  [0.10192267673343933, -0.1749739136136014, 0.15359739281054222, 0.07987529055150427, 0.05323716276913794, -0.6511667477729671, 0.15069567363215972, -0.2169280824969435, 0.0364922120146767, 0.1167924416021464, 0.3657838620818232, 0.17717438667392574]
other derivatives: [ 0.11184511  0.82302449 -0.0967475   0.18019364 -0.0811724 ]
Current x array =  [-0.74539895 -0.5129936  -0.80221128  2.43771391  2.73175462 -3.01675186
 -4.92504393 -3.59093482 -3.63225344 -5.31805832 -4.90464334 -5.28345039
 -3.91781537 -5.30060604 -4.03512858 -5.70626457 -5.07796088]
log likelihood =  -1551.20862607
Edge derivatives =  [-0.06839687123352636, -0.1743604434792283, 0.2045624994420708, 0.08291167344031192, 0.035118724039115756, -0.7228580644715461, 0.07626654899137887, -0.5430372388646941, -0.04863166966317879, -0.06882838400841612, 0.3024990916179497, 0.1336343976996797]
other derivatives: [ 0.19181243 -0.37830432 -0.40790837  0.14008492 -0.50886229]
Current x array =  [-0.74557167 -0.51036682 -0.80092928  2.44022084  2.73387715 -2.99632011
 -5.02161766 -3.59681166 -3.63313827 -5.32573083 -4.89541902 -5.27293477
 -3.90594495 -5.29048917 -4.02712248 -5.69547102 -5.07454979]
log likelihood =  -1551.19167339
Edge derivatives =  [0.07181653503751675, -0.13448594403955433, 0.25988702898844035, 0.10861099210730603, 0.05349058018732701, -0.6808191719311658, 0.018658416579918066, -0.6195561260489437, -0.115467813030342, -0.20325015658951867, 0.21988865093935914, 0.11027046066505898]
other derivatives: [-0.3363084   0.947648   -0.64667347  0.07421477 -0.24469955]
Current x array =  [-0.7447295  -0.5133992  -0.79994931  2.44374041  2.72779153 -2.99077693
 -5.10684279 -3.59618077 -3.63028042 -5.32877762 -4.89730746 -5.25790936
 -3.90014111 -5.27840175 -4.01859666 -5.67508938 -5.07057837]
log likelihood =  -1551.16114428
Edge derivatives =  [0.20804582674714023, -0.0961087650610515, 0.19481451621758455, 0.0295580169945242, 0.12500563961315672, -0.48896484496347725, -0.02213607534264414, -0.5218011003636533, -0.1660852739126673, -0.39069884827226825, 0.11155390874738128, 0.09048318796074997]
other derivatives: [-0.61650098  0.80212885 -0.82670795 -0.01105036 -0.11102657]
Current x array =  [-0.74426129 -0.51306171 -0.79921759  2.4489203   2.7253381  -2.9832204
 -5.23017843 -3.59111235 -3.62458331 -5.33937243 -4.91921596 -5.24415972
 -3.90293494 -5.27052599 -4.00926491 -5.65099213 -5.06923988]
log likelihood =  -1551.32954868
Edge derivatives =  [-2.701476610654391, -0.18745431322404393, 0.22846165597855472, -0.051466999336133315, 0.37997098192894374, -0.0757982349703312, -0.13922374028167384, 0.09659727465553025, -0.2734097544910192, -0.38539361929337856, -0.17259146087489327, -0.14173870754603013]
other derivatives: [-3.26140253  4.22505764  5.10733571 -0.30295269  0.27009719]
Current x array =  [-0.74034644 -0.52163172 -0.82187842  2.4679552   2.72087361 -2.83233357
 -5.82303728 -3.59874054 -3.62638184 -5.39244808 -4.96337481 -5.20812669
 -3.9233879  -5.25418113 -4.00980531 -5.59475984 -5.04562534]
log likelihood =  -1551.14558133
Edge derivatives =  [-0.3157562772501703, -0.12504275546364393, 0.20282693935539695, 0.016517363326179126, 0.18349618306407633, -0.39168005401006867, -0.04747005998439002, -0.3806775728779265, -0.1901106901968026, -0.3889204568834491, 0.04832178325564487, 0.03832625331676111]
other derivatives: [-1.2018063   1.60000582  0.53496478 -0.08046754  0.01914486]
Current x array =  [-0.74337104 -0.51501056 -0.80437074  2.45324891  2.72432286 -2.9489082
 -5.36499662 -3.59284703 -3.6249923  -5.35144202 -4.92925784 -5.23596568
 -3.90758602 -5.26680911 -4.0093878  -5.63820471 -5.06386985]
log likelihood =  -1551.1172375
Edge derivatives =  [-0.23614398982359375, -0.09782787230222689, 0.022464481015292546, -0.12168616544999669, 0.3247951848662259, -0.014776121727994402, -0.022515419943589146, 0.05636464424349685, -0.15652959547742124, -0.40144332749836925, -0.04853896980780737, 0.039868309394802286]
other derivatives: [-0.65851964  0.20650077 -0.28794602 -0.14679244  0.22268978]
Current x array =  [-0.74423116 -0.51177456 -0.80116559  2.45772304  2.72622836 -2.94199935
 -5.50564932 -3.58259943 -3.61944306 -5.36698663 -4.97876417 -5.23050543
 -3.92593038 -5.27203054 -4.01032699 -5.61773564 -5.06689649]
log likelihood =  -1551.11105357
Edge derivatives =  [-0.07085085318585711, -0.08354951359695567, -0.05454461404226376, -0.15772258487695207, 0.34000360038782773, 0.0745844404500245, -0.018260200951185582, 0.032244335849512806, -0.13254029389581284, -0.3510949318682889, -0.06441612130941378, 0.048798268561670646]
other derivatives: [ 0.05843503  0.0657792   0.4155936  -0.11825705 -0.12501005]
Current x array =  [-0.74543487 -0.51136396 -0.80408892  2.45609416  2.73291585 -2.94737116
 -5.53856627 -3.58103519 -3.6207307  -5.36930402 -4.99489039 -5.23302494
 -3.92798061 -5.27883132 -4.01559421 -5.6171555  -5.071106  ]
log likelihood =  -1551.10469603
Edge derivatives =  [-0.08164014050577839, -0.07898738746753323, -0.040112386309472586, -0.11092991331301817, 0.34864825966086516, 0.1157507680540322, -0.01458928102904795, 0.06100033923349979, -0.10704959045402475, -0.18897289112796892, -0.07161063373197912, 0.04628712795851316]
other derivatives: [ 0.4529511  -0.25581812  0.39442511 -0.07339622 -0.01612079]
Current x array =  [-0.74607645 -0.51062749 -0.80404518  2.4535235   2.73368395 -2.94310934
 -5.59109599 -3.5814774  -3.62354583 -5.36892488 -5.00114744 -5.23251343
 -3.92952045 -5.282699   -4.023974   -5.61535833 -5.07148689]
log likelihood =  -1551.09326287
Edge derivatives =  [-0.11046018140910181, -0.06929335558044293, -0.027783277666389848, -0.0032364667990126897, 0.322915614170111, 0.147784782803537, -0.036540226722444336, 0.011397660005365129, -0.05807912279786655, 0.21276929770914066, -0.0998134339446222, 0.013654317742977934]
other derivatives: [ 0.09285941 -0.41566182  0.08578809  0.05143193 -0.02564775]
Current x array =  [-0.74523473 -0.51020434 -0.80286524  2.44591232  2.73772552 -2.93333871
 -5.72802928 -3.58303971 -3.63149062 -5.36127823 -5.00992956 -5.22925498
 -3.9300445  -5.29138649 -4.04612199 -5.61040653 -5.0704766 ]
log likelihood =  -1551.12553757
Edge derivatives =  [-0.24904357095600543, -0.059715164080594456, 0.22753857028688423, 0.262649363968924, 0.2141002628887142, -0.020311809579258655, -0.1305458461249046, -0.1023534063419066, -0.09152511679645853, 0.4962113355141759, -0.15854302036882106, -0.06635912822911308]
other derivatives: [ 6.19213552  0.41957264  0.00625278  0.15445494  0.5479933 ]
Current x array =  [-0.75671151 -0.51248761 -0.80262019  2.44118178  2.72724043 -2.91323948
 -5.9152571  -3.58817057 -3.63829698 -5.33432568 -4.98573609 -5.20941764
 -3.92061388 -5.28334181 -4.0554236  -5.59258885 -5.0576512 ]
log likelihood =  -1551.09159554
Edge derivatives =  [-0.13112775770065088, -0.067170971945551, 0.018533370493429117, 0.04521579104803895, 0.30334303018069314, 0.11758626505540948, -0.053466001632284786, -0.00923414254034971, -0.06420594108959918, 0.2642567031641402, -0.1104218128717502, -0.0007937957166295022]
other derivatives: [ 1.21199264 -0.26416274  0.07089511  0.06987193  0.08035386]
Current x array =  [-0.74730994 -0.5106172  -0.80282093  2.44505695  2.73582963 -2.92970441
 -5.76188339 -3.58396746 -3.63272133 -5.35640473 -5.00555495 -5.22566804
 -3.92833928 -5.28993187 -4.04780388 -5.60718477 -5.06815754]
log likelihood =  -1551.08784184
Edge derivatives =  [-0.09765278575051754, -0.06109827223619137, 0.03558099116364241, 0.08858161464066855, 0.2674910116864008, 0.08538430339340583, -0.0835686271067759, -0.09081059609051678, -0.06672530430053425, 0.35187586480112143, -0.13173805422219276, -0.023141898050092487]
other derivatives: [ 0.71011073 -0.1080025  -0.0834234   0.10734311  0.0492264 ]
Current x array =  [-0.74636705 -0.51095615 -0.80219805  2.44268741  2.73602239 -2.92774565
 -5.81655168 -3.58473435 -3.63502479 -5.34918985 -5.00296212 -5.22139848
 -3.92562449 -5.29002197 -4.05259104 -5.60288081 -5.06624274]
log likelihood =  -1551.08240026
Edge derivatives =  [-0.03528063124040755, -0.051376904335094196, 0.054970531946290306, 0.1293687130797162, 0.20612428430544086, 0.031118560054624548, -0.1349144994409919, -0.17228172112306894, -0.08270629615552917, 0.3699679409254233, -0.1700287874981536, -0.05781180172198837]
other derivatives: [ 0.0642558  -0.02874003 -0.03692548  0.12967121  0.03396963]
Current x array =  [-0.74521246 -0.51114117 -0.80233819  2.44135066  2.73476911 -2.92509625
 -5.9065098  -3.58502282 -3.63645758 -5.33547465 -4.99812401 -5.21354408
 -3.92255096 -5.28854775 -4.05338427 -5.59461215 -5.06273307]
log likelihood =  -1551.07541683
Edge derivatives =  [0.0385293231717799, -0.040561032674849416, 0.035063094051101806, 0.13289631527656526, 0.13053412947309614, -0.007725394017296273, -0.18509222893967509, -0.15752746998546552, -0.08696771756956964, 0.3168823786796817, -0.21150703877098595, -0.09283570051817518]
other derivatives: [-0.4370122   0.56584213 -0.10427357  0.12664714 -0.04215508]
Current x array =  [-0.74435831 -0.5124968  -0.80201863  2.44146478  2.7341703  -2.92156453
 -6.03463095 -3.58348474 -3.63639732 -5.31529287 -4.9973531  -5.20603182
 -3.92388635 -5.29000557 -4.05064181 -5.5858043  -5.05947549]
log likelihood =  -1551.06823927
Edge derivatives =  [-0.0025227693723280653, -0.032809401472986145, 0.009806198533594185, 0.12417715372821012, -0.02246362283947856, -0.11263650345568295, -0.25336422278664483, -0.09504479849457526, -0.08810776904520536, 0.1716471147693886, -0.24792316432167835, -0.14768717295137632]
other derivatives: [-0.85835836 -0.72948296  0.3439709   0.11282282 -0.13737917]
Current x array =  [-0.7436892  -0.50965117 -0.80365497  2.44304973  2.73238442 -2.91205103
 -6.24010431 -3.58208651 -3.63592682 -5.27707001 -4.99065218 -5.19723054
 -3.92741922 -5.29426191 -4.04268289 -5.57731111 -5.0540163 ]
log likelihood =  -1551.06157136
Edge derivatives =  [0.10094827433229475, -0.025628779083602397, -0.061871894657069874, 0.057492195064109984, -0.05458775449630282, -0.05219568077661584, -0.2391243566928151, 0.10772951579782408, -0.0478943803797992, 0.03540562135439257, -0.2481534674555476, -0.13169434403561336]
other derivatives: [-0.54346856  0.4888534   0.07212293  0.05807124 -0.18574156]
Current x array =  [-0.74431799 -0.51237821 -0.80259737  2.44612856  2.73342355 -2.91209031
 -6.34630961 -3.57811693 -3.63287475 -5.2606001  -5.00358876 -5.19925016
 -3.93663774 -5.30301605 -4.03571779 -5.57660771 -5.05628061]
log likelihood =  -1551.05778718
Edge derivatives =  [0.12966294549030005, -0.024483630576317358, -0.07933196575917623, 0.03094798489379407, -0.0526005897017308, -0.017945549137398882, -0.19991462319217082, 0.1895746710968842, -0.012053597833016242, 0.0032011363457381398, -0.21027477415819879, -0.09935638291167312]
other derivatives: [-0.06618848  0.21730102  0.01264198  0.03935838 -0.15886599]
Current x array =  [-0.74515618 -0.51174437 -0.80241313  2.44731483  2.73446531 -2.9129849
 -6.35602595 -3.57761334 -3.63192475 -5.25711659 -5.00936245 -5.20618836
 -3.94034224 -5.30944514 -4.03402237 -5.58381322 -5.05980722]
log likelihood =  -1551.05362654
Edge derivatives =  [0.08065155865022622, -0.025288385279148742, -0.07234109333845692, 0.014580831372131696, -0.053307944847926905, 0.026748303325012955, -0.12772494441157364, 0.29271709900991294, 0.05554944933004056, 0.012771319134717036, -0.1323928366757829, -0.04037731371188438]
other derivatives: [ 0.38544385 -0.15891146  0.20975222  0.02066827  0.00427463]
Current x array =  [-0.74594894 -0.51088244 -0.80324623  2.4485581   2.73495827 -2.91041781
 -6.38240514 -3.57838311 -3.63140864 -5.25056279 -5.01651161 -5.21911873
 -3.94445581 -5.3206177  -4.03382702 -5.59810406 -5.06563552]
log likelihood =  -1551.05119294
Edge derivatives =  [0.015260986824359321, -0.0264383246980557, -0.04844013876438147, 0.011242795509282415, -0.07245927695367906, 0.029173865160055656, -0.08999558551950387, 0.24898810694957307, 0.08975881047476252, 0.016047425357949854, -0.08183346763404632, -0.005956090516051409]
other derivatives: [ 0.41093244 -0.44212811 -0.2979732   0.00798082  0.04492904]
Current x array =  [-0.74597329 -0.51025304 -0.80125874  2.44925102  2.7350947  -2.90690118
 -6.41295721 -3.58011984 -3.63125224 -5.24419478 -5.01758736 -5.22724988
 -3.94262804 -5.32621419 -4.03348142 -5.60761638 -5.06881925]
log likelihood =  -1551.04877125
Edge derivatives =  [-0.10749326670064319, -0.028875557476091426, -0.011839665713396619, 0.010771868238497996, -0.09965729138512684, 0.01977143243873531, -0.05076174225164692, 0.1434180308888754, 0.1233107808048983, 0.03591804744342371, -0.022220641759486397, 0.029810026575149105]
other derivatives: [ 0.17246293 -0.09447376  0.03567493 -0.00218279  0.06111804]
Current x array =  [-0.74557701 -0.51105703 -0.80257972  2.4497563   2.73530127 -2.90115656
 -6.45375185 -3.58298958 -3.6314467  -5.23712823 -5.01716333 -5.23703273
 -3.93808507 -5.33164101 -4.03397222 -5.61921622 -5.0720478 ]
log likelihood =  -1551.04755306
Edge derivatives =  [-0.09699041418100315, -0.027983237722053377, 0.0022727367628396153, 0.016513671669524957, -0.11030780552416898, 0.009369817355979849, -0.05381625878034421, 0.01546118039465405, 0.11461888760105036, 0.05171963867750225, -0.020571334408191706, 0.027529526539950777]
other derivatives: [ -4.58840077e-02  -9.09494702e-05  -8.75843398e-02   5.27506927e-03
  -1.65528036e-02]
Current x array =  [-0.74517552 -0.51127038 -0.80210501  2.44918544  2.73572474 -2.90088406
 -6.47538685 -3.5841305  -3.63176735 -5.23656394 -5.01599688 -5.23814316
 -3.93303355 -5.32992565 -4.03500494 -5.62000617 -5.07186872]
log likelihood =  -1551.04645282
Edge derivatives =  [-0.03419221616133453, -0.025023646422446543, 0.015270908186670075, 0.024471883137950144, -0.12065268976197374, 0.006712763724720316, -0.059559488827204916, -0.09502247189754398, 0.0993754151144865, 0.053404634406134924, -0.02740916004849864, 0.019419236014194763]
other derivatives: [-0.20768312  0.12955752 -0.06239134  0.01257376 -0.05818492]
Current x array =  [-0.74488342 -0.51156099 -0.80222177  2.44867158  2.73561331 -2.90188861
 -6.51682844 -3.58469235 -3.63180401 -5.23520634 -5.01595295 -5.23843881
 -3.92849827 -5.32687174 -4.03521281 -5.61888298 -5.07096904]
log likelihood =  -1551.04518022
Edge derivatives =  [0.04418232434577307, -0.0211201795274348, 0.030813789111993936, 0.03251905324840303, -0.12873960028379067, 0.014728362448413827, -0.05700174799763944, -0.17707551960432533, 0.08356789353091179, 0.04922534675033344, -0.0314043753790776, 0.01292400846974487]
other derivatives: [-0.04306457  0.13085355 -0.01602984  0.01987246 -0.0456339 ]
Current x array =  [-0.7451844  -0.51157395 -0.80243332  2.44826119  2.73501468 -2.90267705
 -6.58521766 -3.58496106 -3.63150236 -5.23286027 -5.01732537 -5.24000645
 -3.92484931 -5.32319994 -4.03489731 -5.61804618 -5.0700104 ]
log likelihood =  -1551.04789225
Edge derivatives =  [0.30628962281356953, -0.01154633576428288, -0.009395634903383104, -0.024304797266272292, -0.0973497565340263, 0.11353577330356336, -0.008835164538913722, -0.21577855036547, 0.049586926771815025, -0.04775237301975084, -0.02897427177211024, 0.014396680486081437]
other derivatives: [ -2.25691110e+00   8.52651283e-02   3.23780114e-02  -1.63709046e-03
   3.78349796e-02]
Current x array =  [-0.74112018 -0.51135733 -0.8026231   2.44904005  2.73464156 -2.90832713
 -6.76894774 -3.58277613 -3.62793612 -5.23420547 -5.03146584 -5.25090229
 -3.92307593 -5.3136285  -4.03077982 -5.61939741 -5.07007417]
log likelihood =  -1551.04437355
Edge derivatives =  [0.1307847599291386, -0.017657330111840504, 0.017859785921743553, 0.014352702936180822, -0.11866680104694671, 0.04677084512199267, -0.041383312140777964, -0.18955301520476564, 0.07266452340760092, 0.017945525619399574, -0.03062882219265529, 0.013388204567159051]
other derivatives: [ -7.53357199e-01   1.16392584e-01  -6.13908924e-04   1.29148248e-02
  -1.77351467e-02]
Current x array =  [-0.74387446 -0.51150413 -0.80249449  2.44851222  2.73489442 -2.90449813
 -6.64443564 -3.58425684 -3.63035293 -5.23329384 -5.02188298 -5.24351828
 -3.92427773 -5.32011497 -4.0335702  -5.61848169 -5.07003096]
log likelihood =  -1551.04258936
Edge derivatives =  [0.19038629286834918, -0.014237490877035092, 0.028472444467658772, 0.012457470425251568, -0.12222958796237805, 0.06742480165013387, -0.026134309437508708, -0.21316408364054618, 0.05462279405247482, -0.004526217391866528, -0.029660391457132444, 0.00816615740266119]
other derivatives: [-0.27621354 -0.03235527  0.09506493  0.01591616  0.05034053]
Current x array =  [-0.74475005 -0.51119893 -0.80289565  2.44851668  2.73380647 -2.90391216
 -6.75101447 -3.58398903 -3.62935287 -5.22994598 -5.02500303 -5.24723336
 -3.92270691 -5.31536102 -4.03211961 -5.61843205 -5.06893079]
log likelihood =  -1551.04060767
Edge derivatives =  [0.20892704522510536, -0.011752206559915344, 0.025456875545635436, -0.006346898841359805, -0.11483183705255802, 0.10001527832113985, 0.0013619953776676267, -0.17482810053116304, 0.031613911396964116, -0.04343618811751186, -0.025039273599816197, 0.0033341688282359384]
other derivatives: [ 0.17964794 -0.13278623  0.14179022  0.01195986  0.14051693]
Current x array =  [-0.7455948  -0.5110127  -0.80308189  2.44894222  2.7326816  -2.90160546
 -6.88683311 -3.5831329  -3.62764546 -5.22764821 -5.02961624 -5.25315895
 -3.92355703 -5.30895641 -4.0298888  -5.61927492 -5.06774135]
log likelihood =  -1551.03852074
Edge derivatives =  [0.14683979397750926, -0.010893604566317215, 0.007409870295093532, -0.04046228183047327, -0.09949122705581628, 0.1290225425062243, 0.03126333148994787, -0.11209554076451567, -0.001644537823568759, -0.0832929286726242, -0.021553756475505725, -0.006385673603947416]
other derivatives: [ 0.42957709 -0.1837634   0.12155397  0.00511591  0.18262654]
Current x array =  [-0.74607111 -0.51094793 -0.80296818  2.44949972  2.7321115  -2.89676585
 -7.03809472 -3.58215565 -3.62576437 -5.2276751  -5.03358303 -5.26003599
 -3.92563747 -5.30041524 -4.02797064 -5.62048938 -5.066171  ]
log likelihood =  -1551.03611096
Edge derivatives =  [0.013301193964911404, -0.010909078492450368, -0.024649686302939643, -0.07483426781833317, -0.08799989146031208, 0.1327678255181622, 0.04961185478346963, -0.058276410118954236, -0.05025712321171251, -0.09995012223473718, -0.026730287024826042, -0.028030044823844733]
other derivatives: [  4.25461621e-01  -1.62572178e-02   2.53066901e-02   6.82121026e-05
   7.97626853e-02]
Current x array =  [-0.74607657 -0.51137109 -0.80252772  2.44978745  2.73325036 -2.88983911
 -7.21200084 -3.58160206 -3.62502678 -5.22977739 -5.03445247 -5.26614851
 -3.9282615  -5.28970207 -4.0280934  -5.62119303 -5.06400548]
log likelihood =  -1551.03731471
Edge derivatives =  [-0.24512626454452463, -0.011687930513504186, -0.017304863405655332, -0.053407477873183916, -0.08466201717020047, 0.08905518747703463, 0.060797711994144445, 0.0014598839041471967, -0.10197211107851377, -0.03402397127670673, -0.022713050767003348, -0.05010441663927687]
other derivatives: [-0.06914433 -1.57785962  0.38928647  0.00818545  0.08947154]
Current x array =  [-0.74512814 -0.50791237 -0.80386048  2.44963845  2.7337364  -2.87920176
 -7.41236217 -3.58343626 -3.62747006 -5.23368511 -5.02723701 -5.27107459
 -3.93100027 -5.27862953 -4.03233935 -5.62349533 -5.06184364]
log likelihood =  -1551.03533707
Edge derivatives =  [-0.08392196246829663, -0.011278058626945748, -0.021779012301847547, -0.06643408165564473, -0.08673016499691438, 0.11602639388356074, 0.05393899392915347, -0.035223195773076865, -0.07005901919510105, -0.07451379683517409, -0.025170010679940742, -0.03652076031209877]
other derivatives: [ 0.23535449 -0.61490937  0.16548256  0.00313776  0.08421921]
Current x array =  [-0.74571111 -0.51003834 -0.80304127  2.44973003  2.73343765 -2.88574022
 -7.28920614 -3.58230883 -3.62596825 -5.23128315 -5.03167214 -5.26804668
 -3.92931683 -5.28543549 -4.0297295  -5.62208017 -5.06317246]
log likelihood =  -1551.03386418
Edge derivatives =  [-0.15729623902240408, -0.011427792568403233, -0.03238082471260997, -0.05523928042758238, -0.07881823164108383, 0.08933026563158508, 0.04480492488893287, 0.007182982244651304, -0.10085108042038687, -0.03974767674286413, -0.03995351151911761, -0.05498226153297877]
other derivatives: [-0.02917204 -0.14422312  0.04458798  0.00272848 -0.00957243]
Current x array =  [-0.74521626 -0.51109254 -0.80252454  2.4494784   2.73481226 -2.88254848
 -7.35854706 -3.58258914 -3.62750103 -5.23596076 -5.02754271 -5.26737299
 -3.93173477 -5.27960477 -4.03239217 -5.62047612 -5.06170239]
log likelihood =  -1551.03310294
Edge derivatives =  [-0.15055646148024432, -0.011459464068579074, -0.02210416307619017, -0.025013579234369657, -0.07645578156300117, 0.06195983338609824, 0.03189356493656687, 0.011201958746545948, -0.10504495794913388, 0.004400187052198079, -0.04588069449142524, -0.057924172582332185]
other derivatives: [-0.20925199  0.00613909 -0.04083631  0.00427463 -0.03776677]
Current x array =  [-0.74485599 -0.51140226 -0.80219073  2.44915329  2.73561179 -2.88284536
 -7.35496408 -3.5834203  -3.62942152 -5.2395665  -5.02305856 -5.26486011
 -3.9323299  -5.27930262 -4.03501478 -5.61975651 -5.06176217]
log likelihood =  -1551.03214308
Edge derivatives =  [-0.10446996243285307, -0.010825020192046356, -0.0011826983304322816, 0.019658404628001593, -0.06802876232159823, 0.03136592132217765, 0.022820939953201204, 0.02293627689151989, -0.10589515285076337, 0.06019029214231518, -0.04543395532652455, -0.05262769263630261]
other derivatives: [-0.30331648  0.13151293  0.01482476  0.00350155 -0.02585239]
Current x array =  [-0.74463573 -0.51163868 -0.80243704  2.44891642  2.73641609 -2.88424336
 -7.37037346 -3.58466957 -3.6319214  -5.24504729 -5.01751624 -5.26283554
 -3.93313816 -5.27947804 -4.03817245 -5.62024776 -5.06265712]
log likelihood =  -1551.03129051
Edge derivatives =  [0.014009712459603904, -0.008765280673627794, 0.016359215038509213, 0.06537569927794933, -0.04262990497099855, -0.0007022882671195137, 0.02464450369155845, 0.03457912481482184, -0.10796083165144937, 0.10881593675705958, -0.034449024078951604, -0.03318974596981925]
other derivatives: [-0.17369075 -0.15331807 -0.55863438 -0.00441105 -0.04640697]
Current x array =  [-0.74474586 -0.51091485 -0.80024886  2.44894274  2.73835169 -2.88742601
 -7.4582561  -3.58619249 -3.63468392 -5.25590327 -5.01082343 -5.26295402
 -3.9343727  -5.27933983 -4.04135105 -5.62353173 -5.06529603]
log likelihood =  -1551.02992542
Edge derivatives =  [0.05773376239443949, -0.007508966378136224, 0.031231767472525027, 0.08267848471714079, -0.030547206126438457, -0.00915162825502864, 0.03589185587830343, 0.038225825137914504, -0.11143084647664406, 0.11921174299468867, -0.020638663306406548, -0.01925429337958631]
other derivatives: [-0.05413767  0.02937668 -0.0642558  -0.00786713 -0.00086402]
Current x array =  [-0.74495511 -0.51130766 -0.80222804  2.44905675  2.73852392 -2.88795237
 -7.55712465 -3.58703458 -3.63544892 -5.25987488 -5.00848024 -5.2654129
 -3.93431143 -5.27825023 -4.04189444 -5.62653004 -5.06666277]
log likelihood =  -1551.02908186
Edge derivatives =  [0.09233834327155245, -0.006283374297494361, 0.030824795726638994, 0.06835923849469434, -0.019539811123808648, 0.0039367129124994425, 0.05683111477630291, 0.024059595384561372, -0.11530805342902851, 0.08528811724585601, -0.003838117001663495, -0.004678434194751091]
other derivatives: [ 0.01159606  0.00654836  0.13137651 -0.01234639  0.03105924]
Current x array =  [-0.74507632 -0.51125547 -0.80302171  2.44933028  2.7383382  -2.8880463
 -7.68363739 -3.58711073 -3.63445275 -5.2615527  -5.00959884 -5.27002229
 -3.93338502 -5.27674793 -4.04004253 -5.63003504 -5.06788391]
log likelihood =  -1551.02815506
Edge derivatives =  [0.08401446552876189, -0.005417462494426888, 0.02092867604994774, 0.04007316923742928, -0.006082466237391695, 0.007841027453480856, 0.07610434866703118, -0.0028880164484510473, -0.11363834904363962, 0.041450115717774606, 0.01688733628748592, 0.013608473744912338]
other derivatives: [ 0.18999344 -0.04033609  0.17180355 -0.01266471  0.00720775]
Current x array =  [-0.74540575 -0.51116076 -0.80319595  2.44938493  2.73864627 -2.88667754
 -7.83960909 -3.58725815 -3.63311311 -5.26500435 -5.00921375 -5.27428398
 -3.93212325 -5.276734   -4.03775833 -5.63458555 -5.06958776]
log likelihood =  -1551.02898863
Edge derivatives =  [0.1390678958000791, -0.00396634305900404, 0.00783003445914044, -0.010768233802161992, 0.02355185212735524, 0.022692564705888575, 0.10902279600747682, -0.05790187828970528, -0.06909091628969546, -0.052015706197219194, 0.06654324288060508, 0.06730101232119061]
other derivatives: [-1.22356596 -0.04845333  0.11475549 -0.0186219   0.10356871]
Current x array =  [-0.74283092 -0.51107887 -0.80296311  2.44940787  2.73789916 -2.8874094
 -8.06719316 -3.58755096 -3.63014114 -5.27246373 -5.00845162 -5.27927772
 -3.92914797 -5.28465491 -4.03226685 -5.64408272 -5.07455377]
log likelihood =  -1551.02771885
Edge derivatives =  [0.10542670767841499, -0.004824610058668058, 0.016106761960600617, 0.021411460121914798, 0.004868154612227442, 0.013329447326586408, 0.08825619386375867, -0.02317125040061485, -0.09716092902599911, 0.007029343177344927, 0.03525388568047913, 0.03345042486058889]
other derivatives: [-0.33026026 -0.043201    0.1506578  -0.01491571  0.04324647]
Current x array =  [-0.7444557  -0.51113055 -0.80311004  2.44939339  2.7383706  -2.88694758
 -7.92358213 -3.58736619 -3.63201652 -5.26775668 -5.00893254 -5.27612655
 -3.93102544 -5.27965662 -4.0357321  -5.63808977 -5.0714201 ]
log likelihood =  -1551.02700881
Edge derivatives =  [0.041831864805165556, -0.004586720338849183, 0.002385972999262874, -0.006869238280654097, 0.01772709733302467, 0.003982729515165248, 0.09720568829596664, -0.039008801921585845, -0.09098734007944248, -0.023931748050925076, 0.050491707245242844, 0.04628066884107878]
other derivatives: [-0.05763923 -0.01634817  0.03240075 -0.00973159 -0.01411991]
Current x array =  [-0.74496239 -0.51121577 -0.80263947  2.44912951  2.73891135 -2.88406482
 -8.05816469 -3.58754425 -3.63097244 -5.27228945 -5.00660533 -5.27785366
 -3.93037872 -5.28100792 -4.0341332  -5.64159995 -5.07265302]
log likelihood =  -1551.02647076
Edge derivatives =  [-0.006258021737883632, -0.004643543012223984, -0.005175948959627433, -0.01976855424988916, 0.023833131982097907, -0.009092608800744502, 0.09231291192253648, -0.04186594573037217, -0.07621874195981784, -0.031976175928223605, 0.05544549704098809, 0.050681990213414005]
other derivatives: [ 0.03344667  0.05366019 -0.05866241 -0.00222826 -0.04206413]
Current x array =  [-0.74513892 -0.51138555 -0.80227033  2.44869737  2.73910657 -2.88221174
 -8.10543554 -3.58765353 -3.63055897 -5.27538925 -5.00404184 -5.27598337
 -3.93026585 -5.28445241 -4.03356588 -5.64259489 -5.07306883]
log likelihood =  -1551.02568047
Edge derivatives =  [-0.11545409959287783, -0.004941330832893918, -0.016851516362403333, -0.033687471278759144, 0.03117908587820978, -0.037671113301581516, 0.07178687638230564, -0.02187449749909509, -0.04764605061539231, -0.02764264965761533, 0.0543754532558186, 0.04485755109747213]
other derivatives: [ 0.01450644 -0.12555574 -0.06671144  0.01566605 -0.06411938]
Current x array =  [-0.74512242 -0.5110003  -0.80219981  2.44777727  2.73911593 -2.87838003
 -8.16420614 -3.58781158 -3.63032239 -5.28045788 -4.99883867 -5.2696696
 -3.93107514 -5.29149027 -4.03345318 -5.64215759 -5.07241878]
log likelihood =  -1551.02701662
Edge derivatives =  [-0.08074312810110919, -0.004807240034631032, 0.006166124390684612, -0.022921468920082323, 0.042967659713318694, -0.038872266189569266, 0.039581067743051486, 0.03370100838244927, 0.032602362808344394, -0.022903569685667657, 0.051871488080900016, 0.040804956313679155]
other derivatives: [ 0.22905624  1.20187451 -0.3933792   0.02482921  0.12682904]
Current x array =  [-0.74558094 -0.51401544 -0.80091793  2.44699509  2.73661529 -2.87872828
 -8.14637843 -3.58752152 -3.62926053 -5.28333796 -4.99634175 -5.25671424
 -3.93205856 -5.30858607 -4.03162311 -5.63921058 -5.07077792]
log likelihood =  -1551.02535806
Edge derivatives =  [-0.10479319232459978, -0.004900851420348802, -0.009799367243775024, -0.03037481714491027, 0.03479178360639547, -0.038029632026827354, 0.062054743016183175, -0.004846635077744743, -0.022874484118683182, -0.026223930124103945, 0.053619130901950585, 0.04362268352703541]
other derivatives: [ 0.08024017  0.28189788 -0.16639206  0.01846274 -0.00563887]
Current x array =  [-0.74526254 -0.51192167 -0.80180809  2.44753825  2.73835178 -2.87848645
 -8.15875833 -3.58772295 -3.6299979  -5.28133798 -4.99807566 -5.26571068
 -3.93137565 -5.29671443 -4.03289394 -5.64125704 -5.07191736]
log likelihood =  -1551.02495335
Edge derivatives =  [-0.09722633482265586, -0.004935501123551149, -0.005024963584321598, -0.023597203291474453, 0.034084023407876037, -0.040132843159678945, 0.05013170161362732, 0.011143751181900474, -0.007324055752008913, -0.01737330069144634, 0.048355681579555804, 0.03610156030388327]
other derivatives: [ 0.04006324  0.13305907 -0.09290488  0.02232809  0.03908553]
Current x array =  [-0.74519148 -0.51158012 -0.80209393  2.44737819  2.73781724 -2.8788001
 -8.14158115 -3.58768745 -3.63010645 -5.28146466 -4.99749563 -5.26196401
 -3.93185322 -5.30035162 -4.03300451 -5.63968905 -5.07101535]
log likelihood =  -1551.02446018
Edge derivatives =  [-0.054086724973678314, -0.0047108591981098145, -0.0010833353277848248, -0.015746815463591503, 0.030738240430366402, -0.0377081481284869, 0.03244982758680647, 0.024047254759734127, 0.010675736693291008, -0.012424433615888741, 0.03802576841232769, 0.019644627769246296]
other derivatives: [-0.02326033 -0.00131877  0.07480594  0.02132765  0.06543814]
Current x array =  [-0.74507668 -0.51125949 -0.80276359  2.44748981  2.73752083 -2.88029979
 -8.13943048 -3.5876006  -3.63028596 -5.28097182 -4.99790352 -5.25704722
 -3.93237055 -5.30494711 -4.03301444 -5.63724634 -5.06929387]
log likelihood =  -1551.02408226
Edge derivatives =  [-0.013547067200793662, -0.004256350817826393, -0.0006942711772659829, -0.014374844775933732, 0.029434001907223787, -0.03237392942962012, 0.022424804236170617, 0.022052672051555477, 0.01909342046544979, -0.018601252013500526, 0.03146793749493621, 0.005651242778257928]
other derivatives: [-0.01602984 -0.05461516  0.15938895  0.01509761  0.04929461]
Current x array =  [-0.74508702 -0.51112474 -0.80311191  2.44785508  2.7377332  -2.88145692
 -8.19399527 -3.58761303 -3.63033084 -5.28093641 -4.99885043 -5.25454027
 -3.93244845 -5.307405   -4.03271861 -5.6360487  -5.06790817]
log likelihood =  -1551.02327821
Edge derivatives =  [0.0442260098651438, -0.0032538694261112725, 0.004301706037034371, -0.004073726526059716, 0.027807034103470213, -0.017558060418248388, 0.0017919958911650899, 0.024303609037476637, 0.025142342979821843, -0.021083879933623487, 0.0125038751084934, -0.03432314471641916]
other derivatives: [-0.07196377 -0.21973392  0.01236913 -0.00306954  0.01130047]
Current x array =  [-0.74496529 -0.51072752 -0.80254458  2.44885689  2.73822948 -2.88256675
 -8.39025688 -3.58778184 -3.63084876 -5.28079873 -5.00141992 -5.24973298
 -3.93296489 -5.3098791  -4.03279003 -5.63278945 -5.0638494 ]
log likelihood =  -1551.02281721
Edge derivatives =  [0.022102966882339564, -0.0019732658078196238, 0.000498821256639477, -0.011090464016026369, 0.03727887609448826, 0.002754782815253447, -0.010429646085803348, 0.006921032163874519, 0.01238636931635925, -0.04355218807704933, -0.001954152795369162, -0.08500851068868738]
other derivatives: [-0.10365966  0.09629275  0.51174993 -0.03265086 -0.12228156]
Current x array =  [-0.74493509 -0.5114371  -0.80452511  2.45051616  2.73976492 -2.88045044
 -8.91900053 -3.58844097 -3.63122739 -5.28403918 -5.00468612 -5.24809094
 -3.93285737 -5.30859696 -4.03239382 -5.63172322 -5.0587673 ]
log likelihood =  -1551.02209164
Edge derivatives =  [0.03578131332175326, -0.0017812346711518366, 0.013030990017923516, -0.00416535327117732, 0.044582866382909696, 0.01630870200163869, 0.0025683994846211417, 0.003275300627331723, 0.009876767196443731, -0.04482936926850102, 0.006033964841992263, -0.07603639502156774]
other derivatives: [ 0.02103206 -0.04965841  0.13226327 -0.03688001 -0.05518359]
Current x array =  [-0.74514245 -0.51111242 -0.80303174  2.45073599  2.73911881 -2.88045913
 -9.         -3.58857659 -3.63106683 -5.28436541 -5.00596104 -5.25035188
 -3.93232246 -5.30708137 -4.03204265 -5.63302944 -5.05931831]
log likelihood =  -1551.02192521
Edge derivatives =  [0.01812102017405315, -0.0018171980457472082, 0.016022289109876936, -0.002623214630754017, 0.04736755427319097, 0.017754168107923515, 0.013651256077557034, 0.0015632397391863728, 0.003725988529466726, -0.038835251143875385, 0.01350294642161293, -0.061386205305042525]
other derivatives: [-0.04824869 -0.02355591 -0.01882654 -0.03290097 -0.01543867]
Current x array =  [-0.74501208 -0.51117819 -0.80242656  2.45047359  2.73871359 -2.87974874
 -9.         -3.58855451 -3.63098544 -5.28432458 -5.0058501  -5.25280305
 -3.93200924 -5.30493615 -4.03224254 -5.63428512 -5.06067865]
log likelihood =  -1551.02184999
Edge derivatives =  [-0.00039562983008577246, -0.00185496366805844, 0.018362765184820905, 0.0017427808015732515, 0.047248439951966426, 0.01666759704386347, 0.018906902691805616, 0.005139486328707754, -0.0024626094618372864, -0.0241909762981856, 0.01622668024172684, -0.05116733733920805]
other derivatives: [ 0.17430466 -0.01577973 -0.0559794  -0.025193    0.01127773]
Current x array =  [-0.74541891 -0.51121268 -0.80227981  2.45008243  2.73841636 -2.87900263
 -9.         -3.58842609 -3.63109599 -5.28373882 -5.00564817 -5.2540446
 -3.93197556 -5.30310545 -4.0329006  -5.63456665 -5.06167419]
log likelihood =  -1551.0217551
Edge derivatives =  [-0.0123492339299743, -0.0018799292111057729, 0.017128860748235122, 0.004448460343173977, 0.044998226202438936, 0.014947265339039437, 0.01898605504481837, 0.007824711058966982, -0.0061282318863723935, -0.011995872386061847, 0.015423934700477523, -0.04672712097268385]
other derivatives: [ 0.07144081  0.01864464 -0.05607035 -0.0198952   0.02451088]
Current x array =  [-0.74523246 -0.51129262 -0.80226929  2.44976761  2.73826191 -2.87858699
 -9.         -3.58827164 -3.63125086 -5.28299379 -5.005552   -5.25423534
 -3.93205681 -5.30210962 -4.03353844 -5.63424098 -5.06217598]
log likelihood =  -1551.02160219
Edge derivatives =  [-0.025053597309492276, -0.0019047484503726113, 0.012445838620836987, 0.011145506218791283, 0.03672876705996269, 0.010149467198520326, 0.011995079290232583, 0.014809901648495494, -0.010252169035865916, 0.01726984972233434, 0.008938102837121705, -0.041363022629372095]
other derivatives: [-0.04774847  0.04620233 -0.01928129 -0.00641194  0.04060894]
Current x array =  [-0.7450175  -0.51135857 -0.80239839  2.44901298  2.73802809 -2.87815455
 -9.         -3.58779647 -3.63165659 -5.28077492 -5.00546638 -5.25300593
 -3.9323875  -5.30115262 -4.03507681 -5.63252009 -5.06293484]
log likelihood =  -1551.02150096
Edge derivatives =  [-0.023831815531113916, -0.00190150038124948, 0.003895764249248264, 0.011004949513466741, 0.02789213047910816, 0.005555555940049087, 0.005053146737106982, 0.01160170707477226, -0.013243119540293792, 0.031445497246309934, 0.0033716601118140063, -0.03542166468951093]
other derivatives: [-0.07096332 -0.01516582  0.0050477   0.00416094  0.0233058 ]
Current x array =  [-0.7449739  -0.51122147 -0.80248855  2.44845299  2.73813629 -2.87826839
 -9.         -3.58733314 -3.63182007 -5.27870988 -5.00554431 -5.25196643
 -3.9324532  -5.30075275 -4.03594956 -5.63117765 -5.0638665 ]
log likelihood =  -1551.02145412
Edge derivatives =  [0.017082782871656016, -0.0018083025438179587, -0.004125449751305681, 0.014133703244817851, 0.012714647382743837, 0.0007725146672654367, -0.011482940116039422, 0.008622735039663154, -0.008270100642752961, 0.04497152821325759, -0.007723372624486251, -0.026376670259764125]
other derivatives: [-0.0084583   0.19040272 -0.03306013  0.01573426  0.00679847]
Current x array =  [-0.7450934  -0.51168166 -0.80234402  2.44778077  2.7381372  -2.87958573
 -9.         -3.58659714 -3.6319387  -5.27497768 -5.00598557 -5.24856852
 -3.93256571 -5.3023696  -4.03665599 -5.6283267  -5.06521659]
log likelihood =  -1551.02135478
Edge derivatives =  [0.013309828911640884, -0.0018166635044185083, -0.008349408689030717, 0.007354445415344774, 0.011376610312010618, -0.0003763799488220483, -0.008569964910580109, -9.588252602998892e-08, -0.010004243955078753, 0.034216063259022086, -0.004602779582050288, -0.017644227694031792]
other derivatives: [ 0.00081855 -0.04622507 -0.00807177  0.01734861 -0.00391083]
Current x array =  [-0.74510567 -0.51114874 -0.80244284  2.44776895  2.73821423 -2.87956365
 -9.         -3.58654771 -3.63168454 -5.27471114 -5.00591854 -5.24944069
 -3.93225662 -5.30207757 -4.03617029 -5.62891758 -5.06624478]
log likelihood =  -1551.02132343
Edge derivatives =  [0.014279305693180935, -0.0018149306976128403, -0.008230102180503351, 0.0032945080537657365, 0.01262411754906595, -3.658281144663586e-05, -0.005544820504424415, -0.004367636907915418, -0.009241054835472518, 0.02243465577227061, -0.0013718349452166339, -0.013164572235864222]
other derivatives: [ 0.01266471 -0.05522907 -0.00200089  0.01452918 -0.00734417]
Current x array =  [-0.74512903 -0.51112833 -0.80247008  2.44793241  2.73823509 -2.87960744
 -9.         -3.58663995 -3.63145944 -5.27501346 -5.00584662 -5.25009196
 -3.93204686 -5.30223756 -4.03554666 -5.62957633 -5.06669267]
log likelihood =  -1551.02127
Edge derivatives =  [0.017432955549432333, -0.0018036735173927888, -0.0022947916287745992, 0.0017094919834957437, 0.008196677848616973, 0.0003165993465616083, -0.004659428552855589, -0.0013920509486834431, -0.004284264132831941, 0.00246018242841934, 0.0011209762677178593, 0.004002883328755254]
other derivatives: [ 0.01321041 -0.03897185  0.01255103  0.00754881  0.01964509]
Current x array =  [-0.74514019 -0.51116575 -0.80252879  2.44836286  2.73783097 -2.8796236  -9.
 -3.58677517 -3.63111051 -5.27331863 -5.00598357 -5.25007326 -3.93199944
 -5.30332345 -4.0343045  -5.62949883 -5.06851252]
log likelihood =  -1551.02129964
Edge derivatives =  [-0.027119802329665148, -0.0019119256393221869, -0.010827739448502356, -0.01345001916502328, 0.002523422772103135, -0.005296331659619267, -0.004313545698875412, -0.010939553532411384, -0.007220077975363045, -0.018630597410206038, 0.00049960951562978, 0.006894452980933432]
other derivatives: [-0.01848548  0.0501359  -0.02467004 -0.0035925  -0.0693035 ]
Current x array =  [-0.74509338 -0.51137201 -0.80237243  2.44899015  2.73869408 -2.87827924
 -9.         -3.58703543 -3.63086384 -5.27247214 -5.00587519 -5.2510831
 -3.93204287 -5.30324916 -4.03358796 -5.62982508 -5.06917613]
log likelihood =  -1551.02125839
Edge derivatives =  [0.001996028974888084, -0.001841230974660784, -0.005252517691303173, -0.003544317901738092, 0.006231483425365954, -0.0016281344986273996, -0.004538892376418254, -0.004700140368594674, -0.005301555115916424, -0.0048472574751485635, 0.0009057019059333891, 0.005005543666190377]
other derivatives: [ 0.002251   -0.00804903 -0.00034106  0.00372893 -0.01118678]
Current x array =  [-0.74512397 -0.51123724 -0.80247459  2.44858028  2.73813013 -2.87915763
 -9.         -3.58686538 -3.63102501 -5.27302523 -5.00594601 -5.25042328
 -3.93201449 -5.3032977  -4.03405614 -5.62961191 -5.06874253]
log likelihood =  -1551.02125412
Edge derivatives =  [0.0002784477506858618, -0.0018441880155663619, -0.0028031587308574163, -0.0018127544901664003, 0.005137106759183421, -0.0014441623816513014, -0.005141565858353954, -0.0012627022895839168, -0.004048673151936229, -0.004401240575581274, 0.00018873297838886433, 0.005422214024664076]
other derivatives: [-0.00229647  0.00636646  0.00079581  0.00175078 -0.00325144]
Current x array =  [-0.74511755 -0.51126981 -0.80247821  2.44869285  2.73804    -2.87906932
 -9.         -3.58692946 -3.63105711 -5.27261301 -5.00600781 -5.25022199
 -3.93212529 -5.30355885 -4.0340312  -5.6293682  -5.06877802]
log likelihood =  -1551.02125119
Edge derivatives =  [-0.0020731493914782906, -0.001848942336101273, -0.00042172403103910017, -8.123357709460821e-05, 0.0038537584447970808, -0.0013523809938728003, -0.005622322376302431, 0.0017266289535182722, -0.0027118555294344563, -0.0027331372556325083, -0.0007591034501288887, 0.004563801747104008]
other derivatives: [-0.004502    0.00804903 -0.00363798 -0.00034106  0.00186446]
Current x array =  [-0.74511442 -0.51127342 -0.80246013  2.44881546  2.73799066 -2.87896709
 -9.         -3.5870126  -3.63111012 -5.27217812 -5.00608248 -5.25007598
 -3.93223924 -5.30384094 -4.03408435 -5.62911563 -5.06868691]
      fun: 1551.021251192828
 hess_inv: <17x17 LbfgsInvHessProduct with dtype=float64>
      jac: array([  4.50199877e-03,  -8.04902811e-03,   3.63797881e-03,
         3.41060513e-04,  -1.86446414e-03,   2.07314939e-03,
         1.84894234e-03,   4.21724031e-04,   8.12335771e-05,
        -3.85375844e-03,   1.35238099e-03,   5.62232238e-03,
        -1.72662895e-03,   2.71185553e-03,   2.73313726e-03,
         7.59103450e-04,  -4.56380175e-03])
  message: 'CONVERGENCE: REL_REDUCTION_OF_F_<=_FACTR*EPSMCH'
     nfev: 96
      nit: 85
   status: 0
  success: True
        x: array([-0.74511442, -0.51127342, -0.80246013,  2.44881546,  2.73799066,
       -2.87896709, -9.        , -3.5870126 , -3.63111012, -5.27217812,
       -5.00608248, -5.25007598, -3.93223924, -5.30384094, -4.03408435,
       -5.62911563, -5.06868691])
number of sites to be analyzed:  477
log likelihood =  -2350.51880244
Edge derivatives =  [-78.99320382950293, -28.336514037894784, -55.92085578568026, -57.02070228798318, -77.0470208343123, -79.32059955674782, -78.13239070876735, -66.54509175482029, -82.67101576821044, -71.10907832745563, -82.00603144627775, -84.63770675070322]
other derivatives: [-100.2236786   -17.94560376   18.60553311   95.1002221     0.        ]
Current x array =  [-0.65006359 -0.53490057 -0.80890797  0.18232156  0.33647224 -2.30258509
 -2.30258509 -2.30258509 -2.30258509 -2.30258509 -2.30258509 -2.30258509
 -2.30258509 -2.30258509 -2.30258509 -2.30258509 -2.30258509]
log likelihood =  -2146.86781158
Edge derivatives =  [-58.848478366706736, -26.73153083158002, -40.11191489892184, -41.76162208979171, -56.870501689008215, -58.53613566353337, -57.762476008743526, -48.12827806888818, -60.6648934486286, -52.18679296249468, -60.27333194558136, -62.09872044351921]
other derivatives: [ 122.39061107   43.10568329   29.98422133  112.59148778    0.        ]
Current x array =  [-1.00305318 -0.59810531 -0.80623508  0.51726624  0.33647224 -2.58080057
 -2.32617351 -2.49953935 -2.50341302 -2.57394608 -2.58195366 -2.57776877
 -2.53695809 -2.59375389 -2.55303254 -2.5914118  -2.60068061]
log likelihood =  -1784.42568988
Edge derivatives =  [-21.158887020356154, -17.36786864931359, -4.848929317276415, -5.818195037174374, -18.198413432731734, -18.97410207544222, -18.57569343742005, -9.869620710371473, -20.449341795918855, -12.995991476502256, -19.40803919558417, -21.009929149853694]
other derivatives: [ 72.76785254   0.68139343 -42.59391062  38.24036412   0.        ]
Current x array =  [-1.0616762  -0.50470973 -0.70061528  1.6942583   0.33647224 -3.38845394
 -2.44502004 -3.06370341 -3.08289319 -3.35911188 -3.39022735 -3.37444062
 -3.2102456  -3.43448291 -3.27621185 -3.42585089 -3.46136419]
log likelihood =  -1789.9842259
Edge derivatives =  [-14.616526562670444, -17.510074672577417, -5.292436216162987, -6.572790104804459, -12.123288839203813, -12.376698732124124, -13.41184529258795, -4.316664035216373, -13.337293295444638, -8.169895848322573, -12.181198762591906, -13.682240788652782]
other derivatives: [  22.212771    110.20090369  143.90616343    1.56503575    0.        ]
Current x array =  [-0.8009126  -0.7877541  -1.6295345   2.39145249  0.33647224 -3.93031679
 -2.68613462 -3.26485982 -3.30036213 -3.84441766 -3.89438055 -3.86842411
 -3.52452432 -3.97414392 -3.6543773  -3.94430784 -4.01529431]
log likelihood =  -1755.58514665
Edge derivatives =  [-17.39860780169804, -16.374435728059645, -3.257994365113296, -4.740504032922038, -14.378167930247892, -15.524936632558642, -15.299263558565414, -6.211876354524032, -16.436836821355726, -9.84304877448961, -15.209520284104787, -16.979941705056138]
other derivatives: [ 50.15269835  54.54689926  90.41764315  20.92137947   0.        ]
Current x array =  [-0.95478742 -0.62073155 -1.08138561  1.98004296  0.33647224 -3.61056723
 -2.54385456 -3.1461588  -3.17203519 -3.55804203 -3.59688319 -3.57692783
 -3.33907059 -3.65569364 -3.43122445 -3.63836993 -3.68842393]
log likelihood =  -1705.08790023
Edge derivatives =  [-10.708176310899484, -11.78000734999538, 3.6656775228044163, 2.5473776780636164, -7.410205549875698, -8.533397681631039, -8.120338722296905, 0.7620971351557411, -9.560731453327469, -2.325960838525818, -8.006822148359916, -9.895503495148445]
other derivatives: [ 40.61314485  14.73224529  47.91008905   5.66158178   0.        ]
Current x array =  [-0.90472602 -0.52295571 -0.96813319  2.40018617  0.33647224 -3.94348669
 -2.65592902 -3.3159168  -3.35241165 -3.86565106 -3.91681441 -3.89159854
 -3.56357341 -3.99269114 -3.69011751 -3.96578385 -4.03421409]
log likelihood =  -1690.00230263
Edge derivatives =  [-5.96236338382761, -6.410905294550567, 6.410113231619814, 5.733060343581599, -2.548248452372446, -3.921256655997082, -3.3123375649145284, 4.228867684916743, -4.763673921769444, 2.185815723051802, -3.149825590776517, -4.833354398084142]
other derivatives: [-50.88627404  62.32974101 -12.50739388  -3.74691353   0.        ]
Current x array =  [-0.71063132 -0.64031573 -0.76694863  2.71314016  0.33647224 -4.31594759
 -2.84168868 -3.39468617 -3.44845094 -4.18102399 -4.25430852 -4.21869584
 -3.72245428 -4.35758267 -3.9066506  -4.3043879  -4.40922476]
log likelihood =  -1680.8838479
Edge derivatives =  [-5.184905348569136, -5.543173822773203, 6.720853961645784, 6.3487839246080835, -1.7942143919340658, -2.7928781706913317, -2.312984073946082, 5.133773315668572, -3.874651970086101, 3.2264722672300414, -2.115386136905759, -3.886937188915043]
other derivatives: [-6.25068424 -9.00176929 -4.85051714 -5.17372882  0.        ]
Current x array =  [-0.77784421 -0.46275    -0.79555333  2.80308909  0.33647224 -4.41157777
 -2.88759136 -3.40866699 -3.46725001 -4.25896057 -4.33961924 -4.30062005
 -3.75719671 -4.44991308 -3.95644657 -4.38880281 -4.50380449]
log likelihood =  -1679.72072408
Edge derivatives =  [-4.649005553007398, -4.665258384843144, 6.603492635794921, 6.295573323458837, -1.2770136739478495, -2.2812068927509843, -1.8122822478287404, 5.360010889089774, -3.3306026026227573, 3.6122424079878117, -1.565023130541155, -3.3164778798047547]
other derivatives: [-6.22328571 -6.04584329 -3.19801075 -5.81533186  0.        ]
Current x array =  [-0.77649681 -0.46647823 -0.80269279  2.83372713  0.33647224 -4.47252801
 -2.92630497 -3.40015049 -3.46203388 -4.3034839  -4.38970528 -4.34807988
 -3.7633464  -4.50626177 -3.97503937 -4.43719347 -4.56145855]
log likelihood =  -1674.22812834
Edge derivatives =  [-2.771453139144452, -0.8191963321751384, 2.0357379721888, 2.3893127557991227, 0.22404074468955482, -0.5450363803044718, -0.28361539612460446, 3.510427677703677, -1.404205867384295, 3.408842148760921, 0.21548941176188371, -1.2315400344276821]
other derivatives: [-4.88348633 -1.50268988  5.54691724 -5.18284651  0.        ]
Current x array =  [-0.77786666 -0.47324269 -0.83920747  2.80396396  0.33647224 -4.76161797
 -3.12450391 -3.23521822 -3.31146431 -4.46134378 -4.58895369 -4.528742
 -3.65683562 -4.74910583 -3.94134107 -4.6129203  -4.80707947]
log likelihood =  -1672.49648721
Edge derivatives =  [-1.8536121047151204, 0.8527521691314629, -0.6330877082552672, -0.4428379078876843, 0.6194495283045858, 0.16741899881069355, 0.17960906199015592, 0.31317767160957755, -0.5825316344574719, 1.4128008538321528, 0.6898629602647395, -0.30818944353986216]
other derivatives: [ 12.60466433   8.81445885   2.70485998  -2.36632332   0.        ]
Current x array =  [-0.8114883  -0.49637805 -0.82851778  2.67500471  0.33647224 -4.9552409
 -3.20964149 -3.14081084 -3.20338691 -4.50093387 -4.66863308 -4.59388966
 -3.51002469 -4.87469864 -3.80956746 -4.65703481 -4.92588647]
log likelihood =  -1672.09589159
Edge derivatives =  [-1.5950748186383439, 1.1530039165978834, -1.8432095926748417, -1.656705340336565, 0.655501009758088, 0.37506684087512315, 0.295157238572286, -1.032027729828504, -0.3532225129171428, 0.47233744121486887, 0.8020340667925591, -0.05312479444387314]
other derivatives: [-1.79461495 -2.18108198  2.09688551 -0.90726644  0.        ]
Current x array =  [-0.78539847 -0.4744511  -0.82478789  2.61298178  0.33647224 -5.03709991
 -3.23661862 -3.11516614 -3.17285749 -4.51709222 -4.70079056 -4.62111439
 -3.46597666 -4.92706444 -3.7645987  -4.67492251 -4.97461562]
log likelihood =  -1672.00061717
Edge derivatives =  [-1.5938077663969692, 0.9578646836457353, -1.2948842865803896, -1.2400665876610857, 0.564418707563872, 0.2934058582498191, 0.21298817751663715, -0.9907483596894106, -0.4188070390397297, 0.30991016846872327, 0.6880051526965082, -0.12075481617083283]
other derivatives: [-0.9072437  -0.46570676 -0.49963091 -0.68553163  0.        ]
Current x array =  [-0.7868233  -0.4777726  -0.81522074  2.60238672  0.33647224 -5.03258631
 -3.22134194 -3.12942249 -3.18393005 -4.50446745 -4.68866708 -4.6097198
 -3.46753346 -4.91714648 -3.75571247 -4.66061462 -4.9629055 ]
log likelihood =  -1671.88285721
Edge derivatives =  [-1.4883266470792014, 0.6012710930691925, -0.3274357788776842, -0.4905751105610553, 0.4200878833291333, 0.2066486789876772, 0.11050476587788108, -0.940134833967813, -0.45995952022471265, -0.09731477742531619, 0.5129944572412832, -0.17276575011627554]
other derivatives: [ 0.0086402  -0.00870841 -2.53612598 -0.1046601   0.        ]
Current x array =  [-0.78807153 -0.47859775 -0.80773583  2.57675158  0.33647224 -5.05076994
 -3.19622161 -3.15659309 -3.2051218  -4.48617777 -4.67542692 -4.59732621
 -3.47056055 -4.91503565 -3.7348809  -4.63928659 -4.95557097]
log likelihood =  -1671.76448432
Edge derivatives =  [-1.2307685802161705, 0.31725495471626014, 0.41136732352013466, 0.18269678328515487, 0.35628240308198644, 0.22791991122410724, 0.11880177076116899, -0.6563971177651641, -0.3560142556289352, -0.4069781875323425, 0.4173260928406114, -0.09769210324179059]
other derivatives: [ 0.31736818  0.17614639 -2.08096935  0.42000465  0.        ]
Current x array =  [-0.78808613 -0.47859733 -0.80923402  2.55429551  0.33647224 -5.11052693
 -3.17687462 -3.17756796 -3.22398159 -4.47644288 -4.67603965 -4.59901976
 -3.482605   -4.93842298 -3.71877627 -4.62666236 -4.97021159]
log likelihood =  -1671.59607385
Edge derivatives =  [-0.7432115324869489, -0.10248035577884297, 0.6126314979683719, 0.5695898083321488, 0.23455948583273015, 0.2815761138566536, 0.18870191477506099, 0.11519890873021688, -0.06946318372381002, -0.4251759058414985, 0.25677822284745677, 0.0887866481481347]
other derivatives: [ 0.67411747 -0.30586307 -1.86043962  0.65042514  0.        ]
Current x array =  [-0.78820086 -0.47716675 -0.8096156   2.54489268  0.33647224 -5.25690521
 -3.14813947 -3.18114614 -3.23151375 -4.45853963 -4.67851924 -4.60657174
 -3.51431155 -4.99745652 -3.71563828 -4.60382679 -5.00744139]
log likelihood =  -1672.019774
Edge derivatives =  [-0.3070681192518211, -1.110922243174019, 0.6084088402476804, 0.11141473090063747, -0.6664591876821765, -0.30020641521636093, -0.3674058739487648, -0.4873575851812463, -0.07480162439710059, -0.8682107342602914, -0.6125325700047204, -0.16728695636531782]
other derivatives: [ -1.84331839   8.8040224   13.76765795   0.55856617   0.        ]
Current x array =  [-0.78666184 -0.49651678 -0.86706487  2.55213573  0.33647224 -5.42174917
 -3.09530115 -3.18142128 -3.21565413 -4.37514223 -4.60662804 -4.54819269
 -3.49343482 -5.00738522 -3.69946819 -4.50922492 -4.9815145 ]
log likelihood =  -1671.56252455
Edge derivatives =  [-0.6415234510442391, -0.30687420168272683, 0.6199775277154953, 0.48350265121258446, 0.05349639189588483, 0.16242131326898993, 0.0765522539283935, -0.005494012687441652, -0.0693597421570525, -0.5125435983748691, 0.08261402714170213, 0.03639908227744686]
other derivatives: [ 0.1403123   1.68083716  1.58772764  0.63064363  0.        ]
Current x array =  [-0.78787523 -0.48126092 -0.82177098  2.5464252   0.33647224 -5.29178366
 -3.13695969 -3.18120436 -3.2281581  -4.44089403 -4.66330817 -4.59421963
 -3.50989435 -4.99955728 -3.71221694 -4.58381049 -5.00195566]
log likelihood =  -1671.49536126
Edge derivatives =  [-0.37019627326559434, -0.40446762144928394, 0.22678642357605167, 0.2780223272141632, -0.0070694676051418735, 0.22383760752136514, 0.15706819037408812, 0.3556983151460025, 0.1583470815074554, -0.33009307902294255, 0.0160768769953152, 0.1911968395516803]
other derivatives: [ 0.11355041  0.20895641  1.22563506  0.43687578  0.        ]
Current x array =  [-0.78773536 -0.47815236 -0.82013134  2.55529062  0.33647224 -5.40511317
 -3.12924272 -3.16757045 -3.21820694 -4.43293472 -4.66804474 -4.60312033
 -3.52495267 -5.04627563 -3.71942105 -4.57319502 -5.03289035]
log likelihood =  -1671.47103009
Edge derivatives =  [-0.2105222734354301, -0.2808975943699977, 0.0460445310000573, 0.0900814316705406, -0.08891479277465394, 0.18865512508091808, 0.14182911917045146, 0.24580934869745996, 0.2592812553688464, -0.11370864977075046, -0.059577616445153886, 0.2304532998356685]
other derivatives: [-2.15268301  2.02178398 -0.19063009  0.01473381  0.        ]
Current x array =  [-0.78392046 -0.48148894 -0.8147013   2.57256176  0.33647224 -5.48275985
 -3.13376269 -3.16041722 -3.20909665 -4.42541383 -4.66086732 -4.60044469
 -3.52082137 -5.06620751 -3.72943111 -4.56306784 -5.04222189]
log likelihood =  -1671.45772731
Edge derivatives =  [-0.13190048954172987, -0.20276592640475588, -0.1393403411931421, -0.15104791548803892, -0.21796853404012398, 0.10444531675367295, 0.06766734523153047, 0.020485527252960933, 0.28640726551379386, 0.049424377401422775, -0.1631180491874132, 0.20034691944958782]
other derivatives: [ 1.00881152 -1.01463229  0.132286   -0.31413947  0.        ]
Current x array =  [-0.78978122 -0.4757983  -0.81582576  2.58817499  0.33647224 -5.53228162
 -3.13724791 -3.15376252 -3.19925457 -4.41509795 -4.64747524 -4.59111173
 -3.51139343 -5.07110117 -3.73726948 -4.55043386 -5.03950726]
log likelihood =  -1671.45248665
Edge derivatives =  [-0.16273457147636766, -0.17020154104931123, -0.05827097534035841, -0.10564522500768618, -0.19672803412829465, 0.09989973998334123, 0.05744423342245704, -0.07144573255104503, 0.24965383389274892, -0.023296797250149485, -0.14320231794763816, 0.1795456613607383]
other derivatives: [ 0.06521077 -0.07062226 -0.01841727 -0.21254891  0.        ]
Current x array =  [-0.78810877 -0.47761667 -0.81529092  2.58340966  0.33647224 -5.51351312
 -3.13941546 -3.15660943 -3.20135068 -4.41757854 -4.64755329 -4.59028081
 -3.50784735 -5.06343796 -3.73405848 -4.55331843 -5.03490931]
log likelihood =  -1671.45039513
Edge derivatives =  [-0.17030872879893147, -0.1262406402318233, 0.005855053186539463, -0.074608750563311, -0.19679461017222483, 0.08115246616118901, 0.036530072703266886, -0.16395290683784713, 0.2225279804811315, -0.05134735829131432, -0.14220497074630056, 0.15619964913096732]
other derivatives: [-0.16091235  0.1698254  -0.13781118 -0.17394086  0.        ]
Current x array =  [-0.78772099 -0.47809139 -0.81487344  2.581645    0.33647224 -5.5081953
 -3.141933   -3.15863149 -3.2023796  -4.41836729 -4.64509292 -4.58794601
 -3.50419829 -5.05771021 -3.73295343 -4.55382066 -5.03043674]
log likelihood =  -1671.44617545
Edge derivatives =  [-0.15856099851708114, -0.02814524349423681, 0.07502818907370468, -0.016028926103605012, -0.18348231789483582, 0.05146443186929216, 0.007933255988180735, -0.23955189697440482, 0.18735202451987165, -0.05391919294517209, -0.13196521945954715, 0.12336044187355301]
other derivatives: [-0.13756107  0.40515715 -0.23646862 -0.11473276  0.        ]
Current x array =  [-0.787744   -0.47852635 -0.81456067  2.57903569  0.33647224 -5.51199925
 -3.14731533 -3.16055911 -3.20375753 -4.42126507 -4.64047162 -4.58448639
 -3.50107035 -5.05001483 -3.73314448 -4.55541251 -5.02407689]
log likelihood =  -1671.45110553
Edge derivatives =  [-0.10232971231841738, 0.14383804460325322, 0.10232615444280724, 0.03801159531796677, -0.1749611549614807, -0.062348005016373886, -0.09504383079525748, -0.3504020168892218, 0.07394166772540384, -0.05817045633306523, -0.1282398132946836, 0.008295151144115945]
other derivatives: [-2.98996383 -2.19379217  0.26559519  0.04488356  0.        ]
Current x array =  [-0.78264824 -0.47339011 -0.81620317  2.57262589  0.33647224 -5.54024458
 -3.15890324 -3.16325983 -3.20587129 -4.42968707 -4.62464862 -4.57366467
 -3.4980451  -5.02868642 -3.73552555 -4.55863615 -5.0054198 ]
log likelihood =  -1671.44317615
Edge derivatives =  [-0.13688642111048968, 0.037613136124882214, 0.08555117630204041, 0.004701351850499427, -0.1802105303144021, 0.00849374771321464, -0.031136702769438133, -0.28165520242675157, 0.1445117845840624, -0.055457639363634445, -0.1304931491725035, 0.07981721400622246]
other derivatives: [-1.21956418 -0.57730176 -0.04511094 -0.05402399  0.        ]
Current x array =  [-0.7858025  -0.47656942 -0.81518647  2.57659353  0.33647224 -5.52276083
 -3.15173037 -3.16158809 -3.20456288 -4.42447389 -4.634443   -4.58036327
 -3.49991772 -5.04188862 -3.73405167 -4.55664073 -5.01696847]
log likelihood =  -1671.43698063
Edge derivatives =  [-0.08272459131142061, 0.19538999773001603, 0.1462171189288879, 0.1150745563168775, -0.13460235032181808, -0.03035962223262762, -0.06029231218449996, -0.2369980611142064, 0.10765913177344338, -0.002187526828273244, -0.10122312297991345, 0.04283053864120555]
other derivatives: [-0.37118753 -0.03567493 -0.14917987  0.04458798  0.        ]
Current x array =  [-0.78721796 -0.47753737 -0.81489886  2.57237215  0.33647224 -5.54823856
 -3.15980495 -3.1624508  -3.20627371 -4.4313213  -4.6270176  -4.5761556
 -3.50104324 -5.03329866 -3.7367271  -4.56015906 -5.0093301 ]
log likelihood =  -1671.43397753
Edge derivatives =  [-0.04403092106950722, 0.23538755614784856, 0.10573388784510236, 0.13635762927627204, -0.09592438848871357, -0.03650473089440333, -0.05813226890334604, -0.10292321830191697, 0.10231879612411979, 0.04483407414263361, -0.07618971302121799, 0.03795587628589509]
other derivatives: [ 0.01741682  0.02946763 -0.05236416  0.08442385  0.        ]
Current x array =  [-0.78784972 -0.47760381 -0.81525449  2.57077987  0.33647224 -5.56972579
 -3.16165129 -3.16073691 -3.20594497 -4.43626671 -4.62468681 -4.57594954
 -3.50601248 -5.03180793 -3.73897139 -4.56299072 -5.00795758]
log likelihood =  -1671.43156231
Edge derivatives =  [-0.017879005854917834, 0.1961006676322553, 0.027556334774835767, 0.09029669582227985, -0.05767070516846128, -0.036276232547430315, -0.051143522180932814, 0.036566830522562155, 0.09115671614909122, 0.06338919430903264, -0.05167455842363314, 0.03282530492551962]
other derivatives: [ 0.1585704  -0.02437446  0.04461072  0.0943146   0.        ]
Current x array =  [-0.78810948 -0.47748863 -0.8155352   2.57052831  0.33647224 -5.58756212
 -3.15909935 -3.15814261 -3.20385553 -4.44110337 -4.62337304 -4.57659368
 -3.51128729 -5.02949416 -3.73985206 -4.56592663 -5.00652152]
log likelihood =  -1671.42924442
Edge derivatives =  [-0.008172923435253294, 0.08765712331456559, -0.020086639348844984, 0.0070602448941917, -0.010809741014700364, -0.0361366003539723, -0.04705788269000942, 0.08938536719023205, 0.047902411194689604, 0.03117587517887637, -0.01812718201054211, 0.009142423905713168]
other derivatives: [ 0.18344508 -0.0944965  -0.1328317   0.06491518  0.        ]
Current x array =  [-0.78823639 -0.47740411 -0.8147706   2.57194172  0.33647224 -5.59829867
 -3.15250536 -3.15658877 -3.20083258 -4.44740648 -4.62193806 -4.57735074
 -3.51299794 -5.02072581 -3.738363   -4.57031942 -5.00125975]
log likelihood =  -1671.43847543
Edge derivatives =  [0.014657065251078641, -0.08665734151752967, -0.08412648679587267, -0.1583349339602524, 0.0015878399035887357, -0.05862353971425048, -0.06079053598598051, -0.021293053618511637, -0.007909135731093822, -0.007466755889570555, -0.009943560414892, -0.03416055968302115]
other derivatives: [-0.39972292  1.15637704  2.02289812 -0.10888925  0.        ]
Current x array =  [-0.7876359  -0.47995354 -0.82245432  2.57978079  0.33647224 -5.61613399
 -3.14316779 -3.15459655 -3.19555509 -4.45137579 -4.61839958 -4.57731841
 -3.50797716 -5.00900209 -3.73721089 -4.57227309 -4.99345648]
log likelihood =  -1671.42895452
Edge derivatives =  [-0.004720327776857689, 0.06195184119517818, -0.02946525091856969, -0.017284356364922107, -0.008910972745610375, -0.039455881202966996, -0.04906008158484403, 0.07307718966776078, 0.039691624608165194, 0.025515734229685845, -0.016874177602495505, 0.002757686578373497]
other derivatives: [ 0.09695214  0.09194991  0.18912942  0.03910827  0.        ]
Current x array =  [-0.78814729 -0.47778239 -0.8159107   2.57310486  0.33647224 -5.60094504
 -3.15111987 -3.15629317 -3.20004952 -4.44799543 -4.62141303 -4.57734594
 -3.51225297 -5.01898627 -3.73819205 -4.5706093  -5.00010192]
log likelihood =  -1671.42850893
Edge derivatives =  [-0.010775409771236035, -0.0009083319625806038, -0.027084587529564205, -0.04674899132410579, 0.006223968762212442, -0.034463207759786035, -0.04449755066981291, 0.05418487044696385, 0.01844388577818248, -0.0052478025531250555, -0.00435661201316347, -0.00710199254033919]
other derivatives: [ 0.03099103  0.02257821  0.0336513   0.015757    0.        ]
Current x array =  [-0.78807023 -0.47768198 -0.81530022  2.57412821  0.33647224 -5.59930749
 -3.14744999 -3.15641932 -3.19921308 -4.44997066 -4.62178001 -4.57818687
 -3.51137454 -5.01475656 -3.73674108 -4.57233084 -4.99789521]
log likelihood =  -1671.4283577
Edge derivatives =  [-0.010555556266656637, -0.012392955808259859, -0.013612997274089808, -0.031070873098485344, 0.008138781462243151, -0.02900160208910151, -0.03780420871745138, 0.028134550537431968, 0.01472255608271418, -0.007804641113908245, -0.0016707036848553694, -0.007358170090210338]
other derivatives: [ 0.01161879  0.00841283 -0.00361524 -0.00125056  0.        ]
Current x array =  [-0.78803483 -0.47765076 -0.81517134  2.57483632  0.33647224 -5.59918387
 -3.14673928 -3.15676981 -3.19971869 -4.45015577 -4.62252385 -4.57917294
 -3.5102822  -5.01385318 -3.73663657 -4.57268009 -4.99775465]
log likelihood =  -1671.42819946
Edge derivatives =  [-0.004897084984402621, -0.014945693076883405, 0.004638655503174688, 0.006206132626520769, 0.011545872159922147, -0.015087967559146456, -0.019395739074272274, -0.0028814695856892447, 0.012699864879294028, -0.0009193328730082162, 0.003169923913256628, -0.003124975222588056]
other derivatives: [-0.07507879  0.05638867 -0.04365575 -0.0174623   0.        ]
Current x array =  [-0.78785997 -0.47771815 -0.81504741  2.57547444  0.33647224 -5.60148719
 -3.14647986 -3.1571579  -3.20084124 -4.45030704 -4.6244301  -4.58171606
 -3.50895653 -5.01308156 -3.73699609 -4.57325023 -4.99836716]
log likelihood =  -1671.42852498
Edge derivatives =  [-0.00280006807816815, -0.02392665504844746, 0.01893482319345309, 0.026164542641059566, 0.0089560916408498, -7.734430379045809e-05, -0.0011951494938579853, -0.04403504952940407, 0.009510868418994681, 0.0004620822152041973, 0.005224148916762511, 0.00040006830438288343]
other derivatives: [ 0.37616701 -0.41695785  0.11732482 -0.03003606  0.        ]
Current x array =  [-0.78864718 -0.47681505 -0.81567369  2.57618943  0.33647224 -5.60234167
 -3.14600788 -3.15747344 -3.20149128 -4.44987493 -4.62651375 -4.58433304
 -3.5071757  -5.01212157 -3.73706565 -4.57347434 -4.99896005]
log likelihood =  -1671.42817856
Edge derivatives =  [-0.004483422782085297, -0.016716368564084323, 0.007459293474335715, 0.010144307601671634, 0.011035526006144974, -0.012125659572534482, -0.015801125208089604, -0.010990430523764694, 0.012071492282703648, -0.0006463919721015968, 0.003575182009287029, -0.0024294239061479796]
other derivatives: [ 0.01396074 -0.03678906 -0.01186891 -0.01991793  0.        ]
Current x array =  [-0.7880152  -0.47754006 -0.81517091  2.57561543  0.33647224 -5.60165569
 -3.14638679 -3.15722012 -3.20096943 -4.45022183 -4.62484099 -4.58223212
 -3.50860535 -5.01289225 -3.73700981 -4.57329442 -4.99848408]
log likelihood =  -1671.42815774
Edge derivatives =  [-0.001378399139694282, -0.011157370490267507, 0.008771452525454027, 0.01921252961652796, 0.012140913023712424, -0.008669110895316797, -0.01071149031545333, -0.011003221281579822, 0.012365114183956704, 0.004207430997868418, 0.0048336515231126205, -0.0007734397621102524]
other derivatives: [ 0.00311502 -0.01464286 -0.0080945  -0.0178261   0.        ]
Current x array =  [-0.78798659 -0.47757337 -0.81519153  2.57551617  0.33647224 -5.60316335
 -3.14667101 -3.15720222 -3.20120525 -4.4502767  -4.62528891 -4.58290516
 -3.50858013 -5.01285296 -3.73724818 -4.57342969 -4.9987497 ]
log likelihood =  -1671.42812674
Edge derivatives =  [0.0002642859637962264, -0.005742258755723283, 0.0057350215356588435, 0.014363891581642599, 0.011499127304567383, -0.0032784198375238084, -0.0035479922832674995, -0.008158980602734567, 0.010869097535404423, 0.0046804780480885835, 0.005286075343720713, 0.0012265837093395834]
other derivatives: [ 0.01191438  0.01364242 -0.0035925  -0.00804903  0.        ]
Current x array =  [-0.78799929 -0.47762819 -0.8152104   2.57510512  0.33647224 -5.60407154
 -3.14697083 -3.1570677  -3.20103308 -4.4500429  -4.62604541 -4.58387545
 -3.50866627 -5.01249877 -3.73726116 -4.57348462 -4.99904768]
log likelihood =  -1671.42818464
Edge derivatives =  [0.0023545596943013863, 0.00369471214919629, -0.00877788073482362, -0.005612435601047461, 0.006831196015532913, 0.0012245500502090952, 0.003247924857302683, -0.000461661970336702, 0.006088721710574719, 0.0017973300223742411, 0.0036530775434063696, 0.0016284768239916148]
other derivatives: [-0.21525466 -0.16375452  0.04843059  0.01068656  0.        ]
Current x array =  [-0.7875922  -0.47728088 -0.81538303  2.57434739  0.33647224 -5.60554581
 -3.14770034 -3.15677195 -3.20053705 -4.44954179 -4.62684808 -4.58496566
 -3.50908375 -5.01172798 -3.73724363 -4.57343537 -4.99926137]
log likelihood =  -1671.4281204
Edge derivatives =  [0.0007645394503374963, -0.0034854809126294017, 0.0022660497381261774, 0.009589470426146426, 0.010383696235138424, -0.0022015529916720768, -0.0019225105550692047, -0.00631836637972949, 0.009726712063799103, 0.003991283882908238, 0.004895733602059773, 0.001322711845676245]
other derivatives: [-0.04238245 -0.02876277  0.00886757 -0.00354703  0.        ]
Current x array =  [-0.78790196 -0.47754516 -0.81525167  2.57492396  0.33647224 -5.60442401
 -3.14714524 -3.15699699 -3.20091449 -4.44992309 -4.62623731 -4.5841361
 -3.50876608 -5.01231449 -3.73725697 -4.57347284 -4.99909877]
log likelihood =  -1671.42810819
Edge derivatives =  [0.0003200361767889959, -0.000922651462542369, -0.0011427770705541573, -0.0019253006791879052, 0.008728955433292024, 0.0010987201440632172, 0.0021428492625956835, -0.0032831513860019923, 0.007533814489192631, 0.0009402919087121014, 0.004404643707754282, 0.0021504660855912808]
other derivatives: [-0.00509317  0.00127329  0.00768523  0.00529781  0.        ]
Current x array =  [-0.78797236 -0.47761143 -0.81524678  2.57455641  0.33647224 -5.60430528
 -3.14729116 -3.15687433 -3.20055357 -4.44959829 -4.62672194 -4.58469341
 -3.50886464 -5.01187566 -3.73708892 -4.57342138 -4.99918923]
log likelihood =  -1671.42810549
Edge derivatives =  [-0.00020267739238981342, -0.0012075794391556705, -0.0017201925368688226, -0.005180043981330276, 0.007533160641998587, 0.0010802136506070266, 0.0020630697196397686, -0.0028942688491029323, 0.006521152512797914, -0.0006067030329335241, 0.0037295249729980585, 0.0018203015493112075]
other derivatives: [-0.00056843  0.00095497  0.00550244  0.00522959  0.        ]
Current x array =  [-0.78798315 -0.47761394 -0.81523726  2.57456203  0.33647224 -5.60405951
 -3.14727976 -3.15686142 -3.20046068 -4.44944687 -4.62674409 -4.58469709
 -3.50888146 -5.01169576 -3.73701449 -4.57335114 -4.99913108]
      fun: 1671.42810548966
 hess_inv: <17x17 LbfgsInvHessProduct with dtype=float64>
      jac: array([ 0.00056843, -0.00095497, -0.00550244, -0.00522959, -0.        ,
        0.00020268,  0.00120758,  0.00172019,  0.00518004, -0.00753316,
       -0.00108021, -0.00206307,  0.00289427, -0.00652115,  0.0006067 ,
       -0.00372952, -0.0018203 ])
  message: 'CONVERGENCE: REL_REDUCTION_OF_F_<=_FACTR*EPSMCH'
     nfev: 43
      nit: 36
   status: 0
  success: True
        x: array([-0.78798315, -0.47761394, -0.81523726,  2.57456203,  0.33647224,
       -5.60405951, -3.14727976, -3.15686142, -3.20046068, -4.44944687,
       -4.62674409, -4.58469709, -3.50888146, -5.01169576, -3.73701449,
       -4.57335114, -4.99913108])
