/home3/jxiong7/IGCexpansion/IGCexpansion/CodonGeneconv.py:276: FutureWarning: comparison to `None` will result in an elementwise object comparison in the future.
  if not x == None:
number of sites to be analyzed:  299
Successfully loaded parameter value from ./test/save/MG94_ARa_ERa_nonclock_save.txt
log likelihood =  -10816.6791985
Edge derivatives =  [-0.035812255337596355, -0.01569266839428113, 0.02057584868543231, 0.016025807210840667, -0.033552708032955285, 0.021089535717628026, -0.0010173936126135694, -0.007634213102177901, -0.006090289487526213, 0.009779617447933153, 0.0018346478059562965, 0.0038038560488098394, -0.007383909858164173, -0.007580842709639119, 0.004450493569585379, -0.003084676452173435, 0.015143751945440431, 0.010328628152965137, -0.01525291366402931, -0.013218517889036718, -0.01780590222474404, 0.008195635655531969, -0.006745217523805316, 0.010367742670078992, -0.002125487512842937, 0.015484183672065499]
other derivatives: [ 0.14460966 -0.04056346 -0.15661499 -0.02310117  0.01928129 -0.02237357]
Current x array =  [-0.69646857 -0.83340657 -0.54783675  0.72575052 -3.10352752 -2.38091708
  2.07345159  1.62349086 -0.13631897  0.0574     -1.49686058 -0.46234426
 -0.29849163 -1.3369914  -1.28047653 -1.14165961 -2.26453543 -2.12942611
 -0.80646658 -0.93116757 -0.93160143 -2.90544864 -1.95054693 -4.41824244
 -2.28183395 -2.22270796 -1.36238538 -2.18232742 -3.61807025 -2.70750804
 -2.97408656 -2.85697635]
log likelihood =  -10895.7497189
Edge derivatives =  [-3.2340670592436975, -1.4079740305424537, -7.092611565174151, -8.777581248435405, -2.8222122702286074, -7.9340185070826985, -5.643934566544811, -2.8224791388749204, -4.7632739870791845, -6.021855947314567, -1.846214762538122, -1.7190597736068631, -5.093335924382206, -5.391183491683385, -7.415970937829629, -1.3720034487151402, -3.054487695425475, -0.34750545672633754, -1.8260212765562325, -1.7155627105541142, -1.9163551469486677, -2.772250244986032, -0.7120947180666408, -1.7203761458563847, -1.1647709071170973, -1.685973753624593]
other derivatives: [-636.48403739   44.1346856   412.45293687   18.88111001  -22.62968337
    0.9447831 ]
Current x array =  [-0.55185891 -0.87397003 -0.70445174  0.70264936 -3.08424623 -2.40329065
  2.03763933  1.60779819 -0.11574313  0.07342581 -1.53041329 -0.44125472
 -0.29950903 -1.34462561 -1.28656682 -1.13188    -2.26270078 -2.12562226
 -0.81385049 -0.93874841 -0.92715094 -2.90853332 -1.93540318 -4.40791381
 -2.29708687 -2.23592648 -1.38019128 -2.17413179 -3.62481547 -2.69714029
 -2.97621204 -2.84149217]
log likelihood =  -10816.6791889
Edge derivatives =  [-0.03515085616025759, -0.015584791685882005, 0.019153685573120506, 0.014253447279591991, -0.03421816014847415, 0.01913656881222145, -0.002050597775761269, -0.00818660492719615, -0.007468384781668891, 0.007937449877391145, 0.0013516736705592863, 0.0033838362091603846, -0.00866604605835769, -0.008926205712062065, 0.0022614000639125664, -0.0035526816291732133, 0.014302516516861208, 0.01021839876101701, -0.015815163451823433, -0.01371279548199944, -0.01810882731265745, 0.0073419724549571574, -0.006966964589929361, 0.009836651683318348, -0.002471538471831937, 0.014955894511751167]
other derivatives: [-0.03637979 -0.01600711  0.02582965 -0.00763976  0.03328751 -0.02237357]
Current x array =  [-0.69641866 -0.83342057 -0.5478908   0.72574255 -3.10352086 -2.3809248
  2.07343923  1.62348544 -0.13631187  0.05740553 -1.49687216 -0.46233698
 -0.29849198 -1.33699403 -1.28047863 -1.14165624 -2.2645348  -2.1294248
 -0.80646913 -0.93117019 -0.9315999  -2.90544971 -1.95054171 -4.41823887
 -2.28183922 -2.22271252 -1.36239152 -2.18232459 -3.61807258 -2.70750446
 -2.97408729 -2.85697101]
      fun: 10816.679188895167
 hess_inv: <32x32 LbfgsInvHessProduct with dtype=float64>
      jac: array([ 0.03637979,  0.01600711, -0.02582965,  0.00763976, -0.03328751,
        0.02237357,  0.03515086,  0.01558479, -0.01915369, -0.01425345,
        0.03421816, -0.01913657,  0.0020506 ,  0.0081866 ,  0.00746838,
       -0.00793745, -0.00135167, -0.00338384,  0.00866605,  0.00892621,
       -0.0022614 ,  0.00355268, -0.01430252, -0.0102184 ,  0.01581516,
        0.0137128 ,  0.01810883, -0.00734197,  0.00696696, -0.00983665,
        0.00247154, -0.01495589])
  message: 'CONVERGENCE: REL_REDUCTION_OF_F_<=_FACTR*EPSMCH'
     nfev: 3
      nit: 1
   status: 0
  success: True
        x: array([-0.69641866, -0.83342057, -0.5478908 ,  0.72574255, -3.10352086,
       -2.3809248 ,  2.07343923,  1.62348544, -0.13631187,  0.05740553,
       -1.49687216, -0.46233698, -0.29849198, -1.33699403, -1.28047863,
       -1.14165624, -2.2645348 , -2.1294248 , -0.80646913, -0.93117019,
       -0.9315999 , -2.90544971, -1.95054171, -4.41823887, -2.28183922,
       -2.22271252, -1.36239152, -2.18232459, -3.61807258, -2.70750446,
       -2.97408729, -2.85697101])
number of sites to be analyzed:  299
Successfully loaded parameter value from ./test/save/MG94_Force_ARa_ERa_nonclock_save.txt
log likelihood =  -10868.3622579
Edge derivatives =  [-5.02195839746086, 4.184495664709136, 4.971787449040451, 3.399822065276424, -0.10548937117910438, -4.343232018861781, 0.6355658797209407, -5.096249362422345, -0.8014405406554803, -0.885591627297917, -0.39459543916180617, 0.3611664274603628, 2.3361394531665174, 1.24561349924168, 8.311991319706989, 0.06801447002789464, 0.2780593908098187, 0.04328467429724203, 0.5052604903724259, 0.07320567193383554, 1.120566106772877, 0.21505754440008312, 0.3984956376345778, 0.014808295499531485, -0.02121004997971796, 0.03642794951897699]
other derivatives: [ -3.91701178  11.45926944   1.91284926  -4.90599632  -3.41260602   0.        ]
Current x array =  [-0.69332908 -0.83142451 -0.55290987  0.73143349 -3.04557202  0.33647224
  2.43935871 -0.96115734 -0.46047279  0.14101852 -1.58185313 -0.36312141
 -0.36475953 -1.05696062 -1.24680564 -1.12350331 -2.20564517 -2.15208078
 -0.82601173 -0.93989971 -0.99505164 -2.78767087 -1.93763214 -4.36853353
 -2.2776534  -2.19749543 -1.35738296 -2.17014133 -3.66058593 -2.68119
 -2.95389533 -2.84006353]
log likelihood =  -11014.7923642
Edge derivatives =  [114.74938977157115, 19.54152933128958, 3.410653969817297, -2.634776395302837, 7.142576922175514, 20.77574826665595, 9.387529756248906, 4.29991050029642, 7.471758899134503, 8.121210725596285, 2.6070031187777625, 2.377441848050961, -2.0093048043392767, 0.7173145728258484, -46.588339521390424, -1.7489012103323367, 2.4818750910948073, 0.3592491754157309, 1.109493144429634, 1.9128861953573935, 0.03630267041877311, 2.045454845748399, 1.376172732520081, 0.8799030651906052, 1.3391373699029245, 1.159929362507072]
other derivatives: [ 668.20248321  -31.53745638  -87.53941074   74.24459909  165.55732145
    0.        ]
Current x array =  [-0.93823923 -0.78256615 -0.52146556  0.42468734 -3.25894433  0.33647224
  2.12536206 -0.69952283 -0.14961306  0.35359152 -1.58844883 -0.63468087
 -0.32502093 -1.3756023  -1.2969155  -1.1788747  -2.23031715 -2.12949894
 -0.67994521 -0.86201804 -0.47534652 -2.78341829 -1.92024655 -4.36582717
 -2.24606212 -2.19291827 -1.28731985 -2.15669492 -3.63567009 -2.68026412
 -2.95522149 -2.83778588]
log likelihood =  -10867.9907711
Edge derivatives =  [1.5464336426680978, 4.626120972164218, 4.966603656631917, 3.2203490157861827, 0.18927870509523714, -3.0400110365401583, 1.0360785341835181, -4.4951637630198675, -0.44079440363753464, -0.5009347320312177, -0.25879854663904, 0.44670562746796716, 2.112870107958286, 1.1959746642673343, 6.104831417996004, -0.0894838162936091, 0.37897263527283664, 0.054614319524911845, 0.5201881095610025, 0.14676335321160805, 1.0632476891202622, 0.28612530499145666, 0.4443629753696497, 0.053980691564233976, 0.04096786335443984, 0.08614406828047128]
other derivatives: [ 36.8552719    9.35960998  -1.56614988  -2.17060006   5.48425305   0.        ]
Current x array =  [-0.70442898 -0.82921014 -0.55148474  0.71753104 -3.05524255  0.33647224
  2.42512765 -0.94929946 -0.4463839   0.15065282 -1.58215207 -0.37542911
 -0.36295848 -1.0714022  -1.24907674 -1.12601287 -2.20676336 -2.15105732
 -0.81939165 -0.93636993 -0.97149739 -2.78747814 -1.93684419 -4.36841087
 -2.27622161 -2.19728799 -1.35420753 -2.16953191 -3.65945669 -2.68114804
 -2.95395544 -2.8399603 ]
log likelihood =  -10867.5292842
Edge derivatives =  [5.210172965505017, 4.902714909532511, 4.610279258801216, 2.479502812498418, 0.2868383918795307, -2.3480048845502215, 0.9534598691783878, -4.220501130907001, -0.37775862336734944, -0.4748860641879679, -0.2931116770857898, 0.4231499973337416, 1.5678228071751588, 0.698418409289365, 3.5956471000954275, -0.3256809369186551, 0.2764778461728523, 0.03708272577393097, 0.38756801232008653, 0.08787207878255321, 0.695552058550557, 0.24071054552279217, 0.42679929931929844, 0.009378888530769583, 0.024270073225557236, 0.05863748841019545]
other derivatives: [ 13.00304575  -2.28901627  -3.6223355    1.96305336   9.03237378   0.        ]
Current x array =  [-0.69835933 -0.8234847  -0.55095189  0.70516404 -3.06095525  0.33647224
  2.4140253  -0.93760476 -0.43270784  0.15993213 -1.58232049 -0.3868396
 -0.36104445 -1.08517446 -1.25113262 -1.12829035 -2.20779285 -2.15002835
 -0.8130568  -0.93296355 -0.94954169 -2.78735609 -1.93603751 -4.36828711
 -2.27482539 -2.19705619 -1.35114836 -2.16891089 -3.65834141 -2.68109112
 -2.9539881  -2.83983954]
log likelihood =  -10867.2678161
Edge derivatives =  [6.508819235360463, 5.071976966902061, 4.0115334931264455, 1.396112077294424, 0.3920006188665225, -1.5791868384989023, 0.7889939627676648, -3.929766712345086, -0.29063749979917536, -0.42920666415890985, -0.3070841246717324, 0.4097574685901929, 0.897818776847237, 0.16975558598408388, 0.83016042403189, -0.5722742487526689, 0.18586879999296668, 0.022320057368540366, 0.24257482697087582, 0.030859833092984457, 0.32048708799876663, 0.17526867909512744, 0.41330360655377785, -0.025892556473255904, 0.014304877522471206, 0.03714066209734046]
other derivatives: [-2.57678039 -4.06980689  3.21761036  5.99320629  8.52778612  0.        ]
Current x array =  [-0.69450906 -0.82298978 -0.55296516  0.69463442 -3.06116888  0.33647224
  2.40626511 -0.92271281 -0.41610687  0.17068567 -1.58231927 -0.39979789
 -0.35858053 -1.10171457 -1.25346821 -1.1309222  -2.20903886 -2.14874024
 -0.80579233 -0.92920631 -0.9255103  -2.78747798 -1.93508683 -4.36814458
 -2.27320815 -2.19678997 -1.34771028 -2.16815254 -3.65695804 -2.68104318
 -2.95401688 -2.83969326]
log likelihood =  -10867.0431814
Edge derivatives =  [4.617802647423782, 5.093940228051894, 3.1666135151541757, 0.0034191414048073965, 0.5350573156707432, -0.6892163852263585, 0.5176375512219944, -3.608964021569567, -0.07869164561755171, -0.23034406094704923, -0.30155806812871877, 0.41131760027718983, 0.22701306407807936, -0.3156579716165704, -1.87985475763113, -0.7712212392059625, 0.10972619930557773, 0.013441084620394804, 0.14647962211863777, 0.029603573282544815, -0.05588034972919609, 0.1542905542057403, 0.410789194394209, -0.017998375504885103, 0.03053504197496411, 0.049526343859937816]
other derivatives: [-10.89465513  -2.94876372  -9.91203706   9.32595867   2.92566256   0.        ]
Current x array =  [-0.69282282 -0.82387965 -0.54944582  0.68951617 -3.05532142  0.33647224
  2.40349175 -0.90360175 -0.39628648  0.18240167 -1.58197913 -0.41397412
 -0.35549858 -1.12149635 -1.25603232 -1.13390389 -2.21053828 -2.14711016
 -0.7978831  -0.92537413 -0.90114759 -2.78810625 -1.93398915 -4.36798452
 -2.27140802 -2.19650436 -1.34404875 -2.16726049 -3.655231   -2.6810188
 -2.95403358 -2.83951728]
log likelihood =  -10866.8292511
Edge derivatives =  [1.2961266216000547, 5.042732830959604, 2.0332629577726427, -1.7690629216938103, 0.684469463636648, 0.3731955820303463, 0.29166735787188147, -3.132805921779128, 0.02374398748580142, -0.18111365872649937, -0.33052047936618323, 0.340104583214984, -0.8204817081266991, -0.989114390368559, -5.388693607082855, -1.0689604923360014, -0.0448154580198023, -0.005030649839386669, -0.08440838228562969, -0.09918327177679487, -0.5845915429028596, -0.03582189424056906, 0.3698381821638148, -0.08422514282749688, -0.008357467806008372, -0.006982072817509843]
other derivatives: [ -8.96252459  -1.64127414  15.64440026   9.04510671  -4.76102286   0.        ]
Current x array =  [-0.69370029 -0.82469799 -0.55654615  0.69248977 -3.04538174  0.33647224
  2.4045194  -0.87451953 -0.36830472  0.19702121 -1.58097927 -0.43229308
 -0.35108875 -1.14985884 -1.25926723 -1.13780703 -2.21269827 -2.14463887
 -0.78775657 -0.92086776 -0.87266018 -2.78967123 -1.93248263 -4.36776706
 -2.26899133 -2.19609764 -1.339505   -2.16597356 -3.65264494 -2.68099275
 -2.95401145 -2.83923457]
log likelihood =  -10866.637981
Edge derivatives =  [-0.5240375127025505, 4.98913627849111, 1.8398806672068062, -1.9726623950779987, 0.7895601359210904, 0.7957554558326949, 0.3661329463255309, -2.9006463053523017, 0.20000594571763375, 0.022492094970186394, -0.31964938291578787, 0.3353602646004556, -0.8527672445341011, -0.9416324413351541, -5.4516008907775, -1.0480495411385513, -0.059585549723622816, -0.0025710350372677958, -0.07580029198190219, -0.06913212827075443, -0.6336682832944923, -0.03378815831460004, 0.36337853792015895, -0.05423932158315467, 0.0028726122574678145, 0.010928508116518798]
other derivatives: [-3.70055204  0.44492481  2.60806701  5.98902261 -7.21738616  0.        ]
Current x array =  [-0.69505777 -0.82579484 -0.55273747  0.70255534 -3.0426499   0.33647224
  2.40888158 -0.86322162 -0.35983556  0.1991304  -1.58009462 -0.43602259
 -0.34967156 -1.15907859 -1.2599109  -1.13876903 -2.21344752 -2.14373147
 -0.78600706 -0.92060663 -0.8708521  -2.79096723 -1.93212181 -4.36771586
 -2.26846132 -2.19604393 -1.33890105 -2.1656442  -3.65170299 -2.68103761
 -2.95398834 -2.83915004]
log likelihood =  -10866.4182254
Edge derivatives =  [-1.6580985636070442, 5.003599795114139, 1.7757727310165117, -1.8679696028000397, 0.9791153490357516, 1.5155881930384214, 0.7225618303473307, -2.403520127839208, 0.4642057839815303, 0.33312469923158716, -0.3104126507938898, 0.30511950959710393, -0.7823662571575751, -0.7497930473706005, -5.026287327339565, -0.9865912313678876, -0.09290145779044753, 4.437154342813027e-05, -0.08077687309421505, -0.05093960136462494, -0.6640635275750244, -0.06917122978290444, 0.33629032530508896, -0.02633689149721148, 0.0007176986230565813, 0.017775113856785096]
other derivatives: [ 5.23123163  2.12148734 -6.65659172 -1.5275873  -7.16772774  0.        ]
Current x array =  [-0.69706596 -0.82670945 -0.5497411   0.72294722 -3.0432783   0.33647224
  2.41594623 -0.84141577 -0.34509808  0.20079127 -1.57800832 -0.44096603
 -0.34708642 -1.17575167 -1.26067197 -1.14016352 -2.21486596 -2.14202903
 -0.78398128 -0.92096075 -0.87270952 -2.79386304 -1.93160019 -4.36763656
 -2.26768885 -2.19599908 -1.3384927  -2.16514282 -3.64992934 -2.68114025
 -2.95394022 -2.83899854]
log likelihood =  -10866.2334413
Edge derivatives =  [-0.7973905350198032, 5.168894194691732, 1.6931914136024508, -1.790490090096657, 1.161570797690209, 2.261634066081862, 1.095488241198712, -1.831914195117502, 0.6889185373448289, 0.5939450065907668, -0.29563746288027914, 0.27560393603790473, -0.7827741386286504, -0.636640915031585, -4.912666205266217, -0.9513568480773211, -0.1296843552471703, -0.0013081571198192976, -0.11524593818048304, -0.05210193480142444, -0.7124411647193702, -0.10913709110144178, 0.30593547174729796, -0.01751619504864431, -0.006131525752524278, 0.013936435631704658]
other derivatives: [ 6.12326403  2.43398972 -7.55480869 -6.32408046 -4.16239345  0.        ]
Current x array =  [-0.69691988 -0.82707335 -0.54912572  0.73439535 -3.04902988  0.33647224
  2.41896746 -0.81395441 -0.32623844  0.20351517 -1.57527989 -0.44720224
 -0.34341334 -1.19667493 -1.2615164  -1.14175372 -2.2167242  -2.13995488
 -0.78099003 -0.92092324 -0.8723346  -2.79729868 -1.93100665 -4.36753269
 -2.26668887 -2.1959581  -1.33784791 -2.16460359 -3.64773425 -2.68125231
 -2.9539208  -2.83882708]
log likelihood =  -10865.6437602
Edge derivatives =  [-1.738507265279198, 5.563967132070863, 0.9863949862486212, -1.9719098209485932, 1.4381242503893485, 3.5877970204721024, 1.739682244583714, -0.28673758358887547, 1.0927806505534767, 1.099729891954845, -0.2266341905149334, 0.17519450624177973, -0.7949578644859661, -0.34797436631658873, -3.4270725551190346, -0.7344909000134111, -0.1977858362493153, -0.004424917629383726, -0.17404439279430942, -0.06237872610005968, -0.6983238803060763, -0.1764362065887397, 0.2247986170576751, -0.00881901550630744, -0.01653673257484966, 0.0023460208547718686]
other derivatives: [  9.26156645  -1.39152689  -9.63518687 -12.57194526  -0.17025741   0.        ]
Current x array =  [-0.69731657 -0.8251684  -0.54808364  0.74985737 -3.06448067  0.33647224
  2.43218925 -0.71408815 -0.26244155  0.20840157 -1.56357544 -0.46034046
 -0.32832917 -1.26611825 -1.26224731 -1.1450145  -2.22328363 -2.1327948
 -0.77329724 -0.92208905 -0.88222162 -2.81034748 -1.92950325 -4.36721538
 -2.26389487 -2.19599351 -1.33752027 -2.16324245 -3.64012533 -2.68167008
 -2.95390512 -2.8382847 ]
log likelihood =  -10864.8521121
Edge derivatives =  [-1.0557043863340678, 7.153040500454913, -1.2707295281608353, -2.597748166807396, 1.9621126624172711, 6.069716459406268, 2.5392013821579744, 2.579498875113376, 2.0002310492829203, 2.25924207638772, 0.08854638394659334, 0.08911771299233134, -0.6975459047299779, 0.36965101946263823, 0.029219077353404344, -0.18605942652571986, -0.15831342564873424, 0.0038188607506730657, -0.2114005311177337, 0.0923876128402149, -0.35178089831743686, -0.14083383847772485, 0.09770966297523315, 0.13352113516297376, 0.06489766013269374, 0.08996531660848373]
other derivatives: [  6.57782948  36.96623025  -8.44083843 -15.45304258   9.58771125   0.        ]
Current x array =  [-0.69478203 -0.84746448 -0.54768603  0.7562451  -3.1043244   0.33647224
  2.44505004 -0.45228813 -0.1044324   0.21583513 -1.5313229  -0.48461312
 -0.28591423 -1.4353164  -1.26137899 -1.15008472 -2.23988862 -2.11501122
 -0.75517519 -0.92434027 -0.90184099 -2.84304872 -1.92630979 -4.36644239
 -2.25734058 -2.19631557 -1.33732928 -2.16037416 -3.62097549 -2.68277191
 -2.95396709 -2.83701121]
log likelihood =  -10863.7010391
Edge derivatives =  [-5.817419413700009, 8.196830943128731, -3.93076923214428, -3.5648846580388485, 1.8611820498753378, 6.314543031388562, 2.1983155931587675, 3.9513009445787732, 1.9591621819982536, 2.350687533844947, 0.17246220866769435, -0.19976424011445637, -1.053737751160372, 0.37927557101814147, 2.7997217204771454, 0.18211703228162693, -0.2955991358249569, -0.015576889734626315, -0.33458599248160015, -0.024709460342870693, -0.27157448827465436, -0.24335940517889304, -0.06325036745279816, 0.053165323930464414, 0.02168561549254243, 0.017186987753806338]
other derivatives: [  3.33784556   5.04296622  -6.13417797 -12.57449185   8.85229383   0.        ]
Current x array =  [-0.69495313 -0.82956416 -0.54833107  0.75019993 -3.12723354  0.33647224
  2.45883908 -0.2325413   0.02115378  0.2168056  -1.50277822 -0.49578139
 -0.24916382 -1.56918704 -1.25825463 -1.15159857 -2.25327164 -2.10051032
 -0.74280781 -0.92700314 -0.92543312 -2.87041496 -1.92407255 -4.36583929
 -2.25256153 -2.19658129 -1.33849466 -2.15834406 -3.60536752 -2.6835832
 -2.95395782 -2.83591724]
log likelihood =  -10862.7434095
Edge derivatives =  [-9.246306193454124, 9.736881413923339, -7.078469398784702, -4.527839588678293, 1.470195054694539, 5.64306453067341, 1.0480730590820349, 4.757824113569446, 1.6525804188750657, 2.162149063891884, 0.31445769303864757, -0.4207818916414585, -1.3478359521985188, 0.3066691913533938, 5.249514447928028, 0.5232559718666221, -0.31660745225484144, -0.027157976118811933, -0.3947585644971684, -0.06628003468556765, -0.012087571229816851, -0.23605952197090319, -0.18534204274581406, 0.0162188627460121, 0.028046184964005356, -0.007067695759792714]
other derivatives: [ 0.91440597 -9.19299055 -0.04638423 -1.90811988  6.98364602  0.        ]
Current x array =  [ -6.95365989e-01  -8.21901700e-01  -5.50244153e-01   7.23722052e-01
  -3.14805007e+00   3.36472237e-01   2.45553250e+00   2.43673790e-03
   1.41395644e-01   2.10936167e-01  -1.47101573e+00  -4.97102964e-01
  -2.08711026e-01  -1.69815890e+00  -1.25211904e+00  -1.14957516e+00
  -2.26663496e+00  -2.08625179e+00  -7.32504433e-01  -9.29464296e-01
  -9.45423275e-01  -2.89788121e+00  -1.92242491e+00  -4.36526896e+00
  -2.24837586e+00  -2.19702754e+00  -1.34038630e+00  -2.15682135e+00
  -3.58970855e+00  -2.68440488e+00  -2.95397481e+00  -2.83485518e+00]
log likelihood =  -10861.1497248
Edge derivatives =  [-17.006880726555615, 12.548786605109774, -13.195303230803116, -5.887539290205498, 0.4846904355498997, 3.5356843934685105, -1.8557185186076517, 5.367105188066666, 0.8338565638986042, 1.5293763287279187, 0.5144171892416636, -0.802080072421909, -1.6472848846017245, 0.1510746106686187, 9.190082853511866, 1.0401207512125186, -0.3352332365722004, -0.04396835664639166, -0.4777895748443908, -0.09817966170650438, 0.4886149639959049, -0.19982406358540994, -0.4055065664077663, -0.012836011986387813, 0.0429999012095571, -0.03132762432446545]
other derivatives: [-16.99845598 -17.51996024   8.58453859  14.41239874  -2.01671355   0.        ]
Current x array =  [-0.69219899 -0.81852645 -0.55278016  0.68670311 -3.17461036  0.33647224
  2.43310854  0.42949671  0.33247972  0.18839434 -1.41288375 -0.48579088
 -0.137545   -1.91052374 -1.23782814 -1.14141373 -2.28901645 -2.062438
 -0.71921972 -0.93441644 -0.97711938 -2.94493619 -1.92033255 -4.3643589
 -2.24222339 -2.19796494 -1.3445327  -2.15472715 -3.56300794 -2.68580489
 -2.95389799 -2.83301525]
log likelihood =  -10862.8297642
Edge derivatives =  [-40.46406013464343, 3.0150782546273467, -35.24079160651131, -9.389725566444852, -2.1181193535568474, -1.8624105959360984, -11.249268059870497, 4.863283644579738, -1.2427283216249898, 0.07449763944323728, 1.0773423278645755, -1.695154328920698, -1.8266230689434537, -0.15193992009602775, 18.046572916123846, 2.22373556105946, -0.1316959229950083, -0.04498362391036472, -0.510628464620182, 0.032875897788256614, 2.179342171165652, 0.09830058277701602, -0.955139643407418, 0.030210658903944865, 0.18530695622306798, 0.011632893019605572]
other derivatives: [  7.33125489 -28.6321665   26.24128683  58.82266123 -51.99763109   0.        ]
Current x array =  [-0.70353922 -0.81603141 -0.5574491   0.58982009 -3.2509206   0.33647224
  2.33315788  1.61821135  0.82756213  0.11582778 -1.25281786 -0.44562299
  0.05431881 -2.47675646 -1.19628145 -1.11504271 -2.34894991 -1.99914113
 -0.68572423 -0.94668172 -1.04233772 -3.07078825 -1.9153461  -4.36194956
 -2.22637688 -2.20061232 -1.35476499 -2.14950756 -3.49110161 -2.68951675
 -2.9535978  -2.82801511]
log likelihood =  -10859.3551547
Edge derivatives =  [-27.161571664934097, 14.001308994310557, -21.72012165578159, -7.149005394307493, -0.6872912650859178, 1.014588698183678, -5.789205286171605, 5.446144388859816, -0.11516122352176428, 0.8498233195615577, 0.8011935068132489, -1.2027154165860534, -1.7358216849424397, 0.07602729307296255, 13.255248829041035, 1.595446394337948, -0.2366970025021541, -0.04675743683188709, -0.4966327913464647, -0.04419659312102553, 1.2536794250975105, -0.07231391206894607, -0.6492682608368682, 0.006057858227185617, 0.10712660016569484, -0.013053731310835759]
other derivatives: [ -4.91454557 -21.8864443   17.28749339  33.51087798 -16.64193405   0.        ]
Current x array =  [-0.69735856 -0.81739126 -0.55490443  0.64262335 -3.20932993  0.33647224
  2.38763307  0.97033713  0.55773191  0.15537807 -1.3400571  -0.46751532
 -0.05025096 -2.16814784 -1.21892526 -1.12941547 -2.31628493 -2.03363924
 -0.70397997 -0.93999689 -1.00679237 -3.00219626 -1.91806382 -4.3632627
 -2.23501356 -2.19916944 -1.34918818 -2.15235234 -3.53029206 -2.68749371
 -2.95376141 -2.83074029]
log likelihood =  -10859.0253764
Edge derivatives =  [-31.853672697724647, 2.72687286325966, -30.93827123195138, -7.719170768627066, -3.3063962601850023, -5.364492420701569, -12.498531356743484, 4.831001928546646, -2.5744092803693785, -1.3666060435167673, 0.8916697706679347, -1.7424392777456954, -1.1831774675572744, -0.13336112470115682, 17.29996849497836, 2.028854309560708, -0.20189999999783767, -0.0612317376266454, -0.5532529426093944, -0.03567104483659245, 2.136550073839709, 0.11519895958112461, -1.010486268364133, -0.026345586110640834, 0.10837956667921932, -0.051440461708137764]
other derivatives: [-86.09604265 -31.93417797  20.46326699  58.81393008 -41.91133485   0.        ]
Current x array =  [-0.67895057 -0.81774559 -0.55508985  0.58809885 -3.24620928  0.33647224
  2.26877339  1.67240564  0.76418064  0.07634187 -1.24354087 -0.40065722
  0.05476294 -2.43950142 -1.18450747 -1.09990658 -2.34636202 -2.00243055
 -0.70054828 -0.94913281 -1.03840092 -3.06910806 -1.91797831 -4.36220495
 -2.23019633 -2.2010631  -1.3580483  -2.15148541 -3.4929908  -2.68932005
 -2.95328752 -2.82803043]
log likelihood =  -10857.8021906
Edge derivatives =  [-29.5143877838183, 12.4745667473824, -25.183562588504792, -7.277758997157042, -1.7496558663752844, -1.5998937799735624, -8.415765652430407, 5.234603772090762, -1.110660129256032, -0.0568999771364318, 0.8449410309748429, -1.420767158837875, -1.5180209165877394, -0.011744529887006586, 14.897741476882624, 1.7722546223934779, -0.22087865567189496, -0.05382936706756358, -0.5201516461052722, -0.0416423718704505, 1.6095305123453247, 0.0020158732270080526, -0.793488803586645, -0.006638737528894739, 0.10772641442816253, -0.028434467386195816]
other derivatives: [-36.85145202 -25.73542588  18.80434866  43.28849172 -24.02412065   0.        ]
Current x array =  [-0.68991057 -0.81753462 -0.55497945  0.62056238 -3.22425156  0.33647224
  2.33954166  1.25439866  0.64126242  0.1233995  -1.301006   -0.44046409
 -0.00776164 -2.27793928 -1.20499959 -1.11747598 -2.32845432 -2.021012
 -0.70259148 -0.94369334 -1.0195814  -3.02926921 -1.91802922 -4.36283473
 -2.23306447 -2.19993563 -1.35277304 -2.15200158 -3.51519973 -2.68823266
 -2.95356967 -2.82964386]
log likelihood =  -10852.7746428
Edge derivatives =  [-9.908859046520934, 8.704302592677802, -19.8327424617382, -3.4660292812533955, -5.111058144422173, -12.080727762574472, -12.806520751278375, 4.965556175838599, -4.807335246509702, -3.8765299975952034, 0.9468839346438377, -1.3372166889683754, 0.6649988030343015, 0.8369795187951569, 14.80265782010783, 1.6086566530063129, 0.33180429637382525, -0.009436361926035426, -0.22906249473156504, 0.05839587958765935, 2.8990621781471466, 0.4003276515659471, -0.8109432739995767, -0.027484139197639035, 0.14486835648435759, -0.027741811202030453]
other derivatives: [-17.36661943 -22.15401764  64.03170119  60.19290595  -7.7929144    0.        ]
Current x array =  [-0.69524535 -0.82184829 -0.56660688  0.55798515 -3.22260495  0.33647224
  2.14429896  1.61462082  0.56891595  0.00511025 -1.24603067 -0.31057243
  0.03226962 -2.27904028 -1.16502606 -1.07129285 -2.3328231  -2.01827653
 -0.73559874 -0.95147073 -1.01700758 -3.04756544 -1.92456901 -4.36309258
 -2.24051479 -2.20179246 -1.36390428 -2.15672227 -3.50713649 -2.68840729
 -2.95285952 -2.82887561]
log likelihood =  -10858.3284961
Edge derivatives =  [6.627542834097017, 17.187037586904943, -7.515857982310074, 0.10735356833648779, -7.511933774689539, -23.926008293813027, -15.295045097374045, 3.537714106392517, -7.197982734571081, -7.055702187836804, 0.5301690917700778, -0.7299467458211029, 2.699627944128682, 0.8656735366113889, 5.85389439791942, 0.6004870938565544, 0.5183725146301543, 0.02240166141604802, 0.393536803200752, 0.5824101360788221, 2.219290828762429, 1.2094729824919113, -0.449424701773705, 0.28689700928680084, 0.2573470746197315, 0.23826040793711656]
other derivatives: [-202.34292606   -3.51683411 -227.99486032   56.75938155   -4.22569428
    0.        ]
Current x array =  [-0.64868642 -0.83732128 -0.49189999  0.58457697 -3.10704326  0.33647224
  1.97169702  1.37062786  0.16328233 -0.10011303 -1.28052985 -0.18819962
 -0.0455717  -1.92138992 -1.14609927 -1.0335893  -2.30016722 -2.05497702
 -0.79313441 -0.94822252 -0.93761212 -2.99068171 -1.93500124 -4.36481884
 -2.25946043 -2.20220018 -1.36578293 -2.16511805 -3.5416977  -2.68621369
 -2.95188534 -2.8308871 ]
log likelihood =  -10849.8072519
Edge derivatives =  [-3.675706634624881, 11.977840622967966, -14.689971586346608, -2.111937083392289, -6.007590160865602, -16.109820694658488, -13.568940215581366, 4.684730186460955, -5.6287313529622605, -4.979573201163778, 0.8139411485479264, -1.073885852863447, 1.4859264185090106, 0.9732997896135116, 11.611477029224918, 1.2364670854016773, 0.4344890301162753, 0.005347671223562462, 0.026538972167642477, 0.27236337059013793, 2.7069621378230146, 0.714968857404148, -0.6686436635125425, 0.1036969221642536, 0.19788842912372176, 0.08331566988973194]
other derivatives: [-83.60402717 -15.03067324 -36.28665581  58.605292    -4.81231837   0.        ]
Current x array =  [ -6.77862539e-01  -8.27625144e-01  -5.38715005e-01   5.67913230e-01
  -3.17945990e+00   3.36472237e-01   2.07985789e+00   1.52352586e+00
   4.17472326e-01  -3.41749416e-02  -1.25891096e+00  -2.64884447e-01
   3.20750279e-03  -2.14551124e+00  -1.15795973e+00  -1.05721620e+00
  -2.32063100e+00  -2.03197869e+00  -7.57079728e-01  -9.50258006e-01
  -9.87365223e-01  -3.02632786e+00  -1.92846389e+00  -4.36373708e+00
  -2.24758816e+00  -2.20194468e+00  -1.36460567e+00  -2.15985684e+00
  -3.52003994e+00  -2.68758831e+00  -2.95249581e+00  -2.82962660e+00]
log likelihood =  -10844.9256236
Edge derivatives =  [3.039316779363661, 14.569323255468694, -10.489414166848524, -0.3153952852043137, -5.831231433518674, -16.279153095649807, -11.87716084663415, 4.733037480759336, -5.599781044294074, -5.105857629688922, 0.7465586018275889, -0.9994578749017237, 1.7849105881866325, 1.3244955257063935, 8.596460860893288, 0.857008869277915, 0.4346228466975132, 0.014954803805801466, -0.0004812062806232309, 0.2558428908609638, 2.40873017560291, 0.5566687790473824, -0.6452512821524945, 0.12834939364358883, 0.15407836395069896, 0.0634658310816194]
other derivatives: [-34.95515557   1.08284439 -19.10866558  34.29668141   7.11661414   0.        ]
Current x array =  [-0.68830108 -0.83596746 -0.54168719  0.62601809 -3.15782725  0.33647224
  2.04866025  1.4773373   0.32775929 -0.05273899 -1.27065258 -0.25483909
 -0.02227836 -2.07497317 -1.1587918  -1.0539589  -2.313519   -2.03986609
 -0.76607917 -0.94853954 -0.96012154 -3.01372218 -1.92984405 -4.36404645
 -2.25088925 -2.20169071 -1.36221392 -2.16071933 -3.52731165 -2.68704495
 -2.952111   -2.82991122]
log likelihood =  -10843.1876228
Edge derivatives =  [5.108434010658353, -6.171455516255961, -8.352834775923261, 1.3941510549883291, -5.6382685202285385, -15.319744145038568, -10.617340755508454, 5.165577441788455, -5.12544886773088, -4.565836464044542, 0.6555821753754573, -1.2706271054732026, 2.217473932183964, 2.1399244184440414, 5.177112617202928, 0.5719599152063455, 0.204247639341724, 0.030044263544924538, -0.1357369923887062, 0.28969500096831613, 1.7505025176532198, 0.22628485644244792, -0.9027784107844621, 0.24244062749978362, 0.06849164791852738, 0.033133016172692265]
other derivatives: [ 21.41114237  20.91983333 -64.18831617 -17.31314114  -9.84582584   0.        ]
Current x array =  [-0.70138177 -0.84976276 -0.52761884  0.77208033 -3.13348146  0.33647224
  1.96318509  1.89537181  0.34056804 -0.11532602 -1.23726249 -0.24786129
 -0.01321853 -2.17122193 -1.15324358 -1.04603176 -2.32336899 -2.0304
 -0.76560253 -0.94834373 -0.92026    -3.04008917 -1.92931506 -4.36359568
 -2.25037944 -2.20180017 -1.35708148 -2.15905482 -3.51257069 -2.68735903
 -2.95094438 -2.82826782]
log likelihood =  -10848.9277659
Edge derivatives =  [10.965890785064047, 15.856288208220167, -0.6146172711302798, 3.5969774436146955, -5.061450927793116, -14.256096965228714, -5.438543468496386, 4.147408737748029, -5.464419312770831, -6.017171871336504, -0.13092398962543267, -1.266053737762845, 0.2133712723179536, 0.09454541967695804, -8.441995433360894, -0.9666319594945029, -0.5954664862341539, -0.06803794134502585, -1.060700734240047, -0.62393804014394, -0.7427650301148474, -0.9191504384057885, -0.9009618505893096, -0.3477758827739119, -0.4565389266693737, -0.49898384595175627]
other derivatives: [-111.05876183   36.2553692   155.35897546  -55.52556104   10.95577318
    0.        ]
Current x array =  [-0.66133877 -0.85993557 -0.58805736  0.85231525 -3.04521382  0.33647224
  1.96267896  1.40460535  0.01091358 -0.11238668 -1.32589274 -0.28072414
 -0.14077247 -1.84009501 -1.18077721 -1.06077682 -2.28897225 -2.06859574
 -0.78695171 -0.93582038 -0.83411659 -2.97224239 -1.93297052 -4.36493202
 -2.26157133 -2.20020346 -1.34556589 -2.1621458  -3.55208841 -2.68488213
 -2.95049848 -2.83067615]
log likelihood =  -10841.0770455
Edge derivatives =  [6.495729051688662, 2.834990524718986, -5.366644937470786, 2.173046985827343, -5.427666306698492, -14.92776083411241, -8.707964401481156, 5.004808834631542, -5.215786282403468, -5.015856284573528, 0.4229175791382208, -1.2540218934369904, 1.600335244728501, 1.5571989034626665, 0.8101903569275846, 0.07077766739916723, -0.04114005661017858, -0.0009027768875459093, -0.43920320852268613, -0.0037494039428860315, 0.9648970950838724, -0.14583123086388555, -0.900265973511158, 0.05468674948659946, -0.09890679966813251, -0.13831709834079842]
other derivatives: [-20.4619937   26.39953891  17.15561666 -29.60296115  -0.62755134   0.        ]
Current x array =  [-0.68810811 -0.8531349  -0.54765331  0.79867701 -3.10422205  0.33647224
  1.96301732  1.73269005  0.2312925  -0.11435167 -1.2666421  -0.25875483
 -0.05550076 -2.06145829 -1.16237057 -1.05091952 -2.31196698 -2.04306132
 -0.77267946 -0.94419242 -0.89170474 -3.01759897 -1.93052679 -4.36403866
 -2.25408938 -2.20127088 -1.35326423 -2.16007943 -3.52567023 -2.68653797
 -2.95079657 -2.82906615]
log likelihood =  -10839.5003297
Edge derivatives =  [3.360679120937914, 9.253485093948687, -6.206837774170069, 1.3290921178290471, -5.149866128814593, -13.89984230335961, -8.488205368653565, 4.879370191729792, -4.809597794859599, -4.6505914991916955, 0.5131444956838125, -1.0852977075329036, 1.212982974708484, 1.1969505773070246, 1.0382967925827806, 0.1480522800010705, 0.09702964181486198, 0.0030935364794089336, -0.2894677836539953, 0.06764676167237138, 1.0543197700659035, 0.0491354273327156, -0.7492179111509822, 0.06327042780165475, -0.014159904829898387, -0.0723713480029331]
other derivatives: [ -0.47857611   9.8012606   -3.42351996 -10.15760063   1.7860657    0.        ]
Current x array =  [-0.69520433 -0.84148956 -0.5434649   0.7442773  -3.10665381  0.33647224
  1.99896082  1.58417827  0.22021332 -0.08758785 -1.28534418 -0.27967394
 -0.06919571 -2.02149725 -1.17051035 -1.05955723 -2.30769242 -2.04776905
 -0.76982951 -0.94187995 -0.89540498 -3.00670243 -1.93036339 -4.36418197
 -2.25424902 -2.20108527 -1.3526439  -2.16040412 -3.53196831 -2.6863359
 -2.95122643 -2.82973304]
log likelihood =  -10838.2803295
Edge derivatives =  [3.2160587988140934, 8.839598330014292, -4.774097775671317, 1.7124939854762835, -4.903662913041917, -12.863191288812265, -7.091208735697236, 4.793419860285845, -4.512034350508327, -4.545787580661239, 0.4633939121351962, -1.0104554635233196, 0.8172669980595828, 0.8014830825145103, -1.2284312286137336, -0.010523614301269801, 0.060019499664294235, -0.0056955824024940704, -0.3128603168751477, -0.011088517386166563, 0.6553283379067477, -0.005673645539244723, -0.7080407156409195, -0.023848576688525247, -0.05226147521101306, -0.12346376879055154]
other derivatives: [-2.89055606 -6.21766958  7.00074452 -6.82666723  2.18751666  0.        ]
Current x array =  [-0.69500552 -0.83196776 -0.54674165  0.73157903 -3.09518459  0.33647224
  1.98653053  1.57788456  0.16499785 -0.09470989 -1.30075154 -0.3003682
 -0.09690528 -1.97553088 -1.17987237 -1.06656791 -2.303255   -2.05394931
 -0.77226825 -0.93847935 -0.88014204 -3.00022892 -1.93110671 -4.36434192
 -2.25664884 -2.20096387 -1.34985069 -2.16103386 -3.53712271 -2.68598363
 -2.95115601 -2.83009646]
log likelihood =  -10835.3071819
Edge derivatives =  [-3.0903077951741444, 4.727005667863951, -0.2952697463045188, 2.86710951060028, -2.5336200099581756, -4.315876089831046, -0.18741046484834167, 4.508503708447593, -1.5507478833933288, -2.1555054186547395, 0.4544508977429338, -0.426377500976857, -0.6427708447244969, -0.47875210623612585, -9.152367419907042, -0.31992178723449116, 0.0783484783153304, -0.010893202251514186, -0.19500062422943928, -0.016377449332105165, -0.8437994151528083, -0.035624168639615664, -0.4480937912920183, -0.1381931187421941, -0.05218834306126291, -0.13435603919381867]
other derivatives: [ -0.89021341  -2.78905645  19.70183803   7.5693606   -5.30762918   0.        ]
Current x array =  [-0.69565314 -0.83070327 -0.55279771  0.68553093 -3.0499306   0.33647224
  1.95932245  1.58655047 -0.03914409 -0.11044472 -1.37221073 -0.42438107
 -0.21991116 -1.80641012 -1.22997084 -1.10858951 -2.28657399 -2.07845585
 -0.77518261 -0.92282008 -0.82292145 -2.97792383 -1.93292691 -4.36485565
 -2.26537917 -2.20038752 -1.33614023 -2.16267548 -3.55694674 -2.6848113
 -2.95100774 -2.83167243]
log likelihood =  -10835.7887504
Edge derivatives =  [7.349443483125987, 2.83175102585125, 3.5396857336348213, 5.518494502974114, 0.015634610758835897, 3.029592995907931, 4.114119470628315, 4.726599941293616, 0.9263768920073416, 0.46803349086057294, 0.331534689080288, -0.33280158283193073, -0.27199079130280357, -0.29658655382634436, -5.51492734594085, 0.1240676154475268, -0.1240950226287853, -0.024569553503541574, -0.05210088315646097, -0.09834851740419637, -1.1627241056245043, -0.17553909830451203, -0.45509565800419166, -0.23361393611622772, -0.15827744986153172, -0.2186193168321946]
other derivatives: [  4.00177669 -61.0596544   -1.8544597  -13.23751349  22.25442586   0.        ]
Current x array =  [-0.69568925 -0.79821952 -0.54588045  0.72223036 -3.0775561   0.33647224
  1.92468052  1.68546599 -0.10482813 -0.10313062 -1.41039893 -0.505721
 -0.26575629 -1.73769055 -1.25935385 -1.13873212 -2.27955871 -2.08811302
 -0.77703906 -0.9183944  -0.85489919 -2.97752605 -1.93249089 -4.3649428
 -2.26909007 -2.19980272 -1.33498631 -2.16267547 -3.56413265 -2.68505358
 -2.95097853 -2.8326176 ]
log likelihood =  -10834.8399039
Edge derivatives =  [1.233819979877159, 4.026717381036638, 1.3392748441716031, 3.9638677612619366, -1.483657983069175, -1.2257441493571506, 1.6371994828480252, 4.605881022229582, -0.5158099293980294, -1.0636407517501771, 0.40707092035141035, -0.38498206794503154, -0.48058111488780214, -0.3936663580276581, -7.626916494960556, -0.13729411003623837, -0.001084513174914925, -0.016278023018231214, -0.13384279238377428, -0.046649680367410795, -0.9692316897771749, -0.09033767873424685, -0.4503742774528684, -0.1749956759366154, -0.09418667900204675, -0.1669740451874424]
other derivatives: [  1.19489414 -26.38062142  10.75586624  -1.00662874   6.3178959    0.        ]
Current x array =  [-0.69566804 -0.81730531 -0.54994467  0.70066766 -3.06132477  0.33647224
  1.94503434  1.6273483  -0.06623556 -0.10742801 -1.3879615  -0.45792983
 -0.23882004 -1.77806664 -1.2420899  -1.12102187 -2.28368053 -2.08243896
 -0.7759483  -0.9209947  -0.83611071 -2.97775976 -1.93274707 -4.3648916
 -2.26690973 -2.20014632 -1.33566429 -2.16267548 -3.55991058 -2.68491123
 -2.95099569 -2.83206227]
log likelihood =  -10834.3853965
Edge derivatives =  [1.4898052816195244, 1.6587454888200783, 1.8802543126785818, 4.1703397969550675, -0.8493468907330334, 0.6349695903363973, 2.3441068958362563, 4.548062900897326, 0.2387387707350111, -0.2503636860811398, 0.4539876988164966, -0.23663146340429808, -0.3422737482842922, -0.30550591562132196, -5.915103563724229, 0.07768136172338008, 0.062430799414911614, -0.006956057649395744, -0.004287923094491886, 0.05007249099731659, -0.8473783925045317, -0.0066430117989342286, -0.39958206716803385, -0.11312357938085774, -0.05306238008844881, -0.10959900140720469]
other derivatives: [-2.41270754 -9.05856723  3.42661224  0.62082108  5.89570845  0.        ]
Current x array =  [-0.69398213 -0.82658521 -0.54829801  0.69656858 -3.06112145  0.33647224
  1.93291293  1.67244877 -0.08454509 -0.10600525 -1.39812188 -0.47943144
 -0.25017353 -1.75674785 -1.25000488 -1.12924957 -2.28173847 -2.08531462
 -0.7771596  -0.91983722 -0.84886305 -2.97858928 -1.93283876 -4.36492502
 -2.26824875 -2.20007216 -1.33609898 -2.16289588 -3.5618983  -2.6850824
 -2.95105169 -2.83241608]
log likelihood =  -10834.1059911
Edge derivatives =  [1.1793432507926878, 0.6980273114298136, 2.0036470482225837, 3.9655215857551225, -0.357148462426366, 1.9163644695363713, 2.2704648816569755, 4.295621628738122, 0.7885103215239844, 0.39393194936326464, 0.45655684174262867, -0.1378459157237003, -0.20313080158215324, -0.22639700287700376, -3.1945420084452625, 0.33386119763598054, 0.08833199907070771, 0.0012266984024201857, 0.12553876561246505, 0.11792089383112692, -0.6211819051246612, 0.051568498247418174, -0.35101975379683137, -0.052498196654736526, -0.023386776599905797, -0.059643953214268186]
other derivatives: [-0.07239578  4.12765075 -7.58027454 -0.80090103  3.75603122  0.        ]
Current x array =  [-0.69413056 -0.83350781 -0.54554027  0.70146984 -3.05568435  0.33647224
  1.92712773  1.68447524 -0.09954666 -0.09532123 -1.40923108 -0.49334045
 -0.25524996 -1.72484813 -1.25541022 -1.13578517 -2.27858026 -2.08855343
 -0.77931652 -0.91962128 -0.87096226 -2.97717328 -1.93276789 -4.36499056
 -2.26934584 -2.1998242  -1.33816882 -2.16307869 -3.56507978 -2.68533906
 -2.95116843 -2.83291476]
log likelihood =  -10833.9083435
Edge derivatives =  [0.6162302397270722, 0.4242560412278773, 1.7214154860378164, 3.38877160121629, -0.06379658358416283, 2.595168922536129, 1.6454491280343346, 3.9246314889233305, 1.0609959680659398, 0.768401970927022, 0.42068729857106446, -0.09829540514941904, -0.1520013961055558, -0.24450515379797705, -0.21638512218262929, 0.5849515521589383, 0.07329250375954352, 0.002896474216506288, 0.21152572065082212, 0.1242323484978346, -0.3617119911322422, 0.06914904465131355, -0.3178588460904767, -0.029053333947664545, -0.017306569489131604, -0.03994650491600438]
other derivatives: [ -0.99280442   8.84792826 -10.80006768  -0.9606083    1.45628292   0.        ]
Current x array =  [-0.69372444 -0.83571489 -0.54493616  0.7039555  -3.05036781  0.33647224
  1.925184    1.68265919 -0.10706748 -0.0792747  -1.41924793 -0.50148739
 -0.25498963 -1.69204059 -1.25859946 -1.14070974 -2.27528858 -2.09139428
 -0.78157535 -0.92012145 -0.89717556 -2.97516964 -1.93258932 -4.36505413
 -2.27004396 -2.19950844 -1.3412039  -2.16321898 -3.56836459 -2.68566097
 -2.9513438  -2.83345716]
log likelihood =  -10833.7708791
Edge derivatives =  [-0.38009375253136257, -0.9174554445284622, 0.9934856247208997, 2.235391372958441, 0.19945116496885112, 3.096764260109046, 0.5740022920822458, 3.3555769939196893, 1.1607560822485077, 1.0208524936098229, 0.3665809346501785, -0.09695652215581008, -0.1691108427358589, -0.25176096332236164, 3.369979286187629, 0.8697281998201621, 0.049347886783554284, 0.004168269860269889, 0.25537934565382475, 0.0469875137287854, 0.06471573270330744, 0.014574791170929774, -0.28456253129462583, -0.045968521182452746, -0.03297025960280172, -0.053004213013919776]
other derivatives: [ 17.8006303    7.04421836  10.94304025  -1.32440618  -3.00169631   0.        ]
Current x array =  [-0.69906643 -0.83365871 -0.55143142  0.70510199 -3.04415194  0.33647224
  1.92368302  1.69695602 -0.10659124 -0.05058529 -1.43169435 -0.50847353
 -0.25067444 -1.64676253 -1.26081295 -1.14618607 -2.27075344 -2.09475006
 -0.78441467 -0.92181136 -0.93093776 -2.9724397  -1.93215925 -4.36511194
 -2.27021394 -2.19896344 -1.34590422 -2.16322504 -3.57266908 -2.68629483
 -2.95168903 -2.83429249]
log likelihood =  -10833.6369976
Edge derivatives =  [-1.2161874027343647, 0.48507421727199596, 0.5685989424925664, 1.4438178536200221, 0.2110997187323621, 2.9184273223258432, -0.32745245334470885, 2.810085740291956, 1.0827777142455992, 0.9953243472638003, 0.25663069627157953, -0.11102055336392647, -0.22070914832577038, -0.4523227025081208, 4.581367566660541, 0.9431101751039346, -0.03653661208183609, -0.005289614362655171, 0.25336865691338883, 0.0050021016587946665, 0.12279639080829491, 0.0052441703124235794, -0.26763022779455004, -0.054433437918077116, -0.051351166598987696, -0.06011911099598266]
other derivatives: [-6.76009222  1.48556865  0.35397534 -0.48785296 -5.88406692  0.        ]
Current x array =  [-0.69270737 -0.83077922 -0.54875414  0.70578725 -3.03776716  0.33647224
  1.9264623   1.6624893  -0.1175172  -0.03345944 -1.44079241 -0.50771528
 -0.25105436 -1.60843869 -1.2611942  -1.14779176 -2.26682842 -2.09792563
 -0.78692951 -0.92251972 -0.94397434 -2.96695633 -1.93210348 -4.36520965
 -2.27054733 -2.19862535 -1.34812251 -2.16340926 -3.5767804  -2.68650766
 -2.95188504 -2.83484099]
log likelihood =  -10833.5788583
Edge derivatives =  [-0.6162040093990979, 1.103732884467877, 0.6626178211737445, 1.5838132690327287, 0.09144779136188651, 2.522653724711037, -0.2627805827059668, 2.8469807374903877, 0.9295848683244861, 0.8246006035887982, 0.2609971446518584, -0.11929672412618852, -0.1739037562790397, -0.4055045445718897, 3.7042618121167648, 0.847805908495953, -0.023474361860720022, -0.004315334429040363, 0.22779980040531606, 0.0022323539637975065, 0.09642794247426101, 0.0061695139049129655, -0.2680680947753448, -0.05670635123449627, -0.050075668285981506, -0.06208560704998012]
other derivatives: [-3.3811375  -0.98971213  1.27147359 -0.64028427 -4.30081855  0.        ]
Current x array =  [-0.69372987 -0.82946378 -0.54886358  0.70507792 -3.03971252  0.33647224
  1.9269895   1.65499473 -0.11712752 -0.03454998 -1.43894821 -0.5021181
 -0.25071037 -1.60955702 -1.2592693  -1.14558337 -2.26694087 -2.09768594
 -0.78699127 -0.92279255 -0.93600245 -2.96593065 -1.93218861 -4.3652147
 -2.27027227 -2.19865417 -1.34764007 -2.16341478 -3.57669668 -2.68647073
 -2.95188955 -2.83480299]
log likelihood =  -10833.4138783
Edge derivatives =  [1.0024627706767135, 1.9158328186725992, 0.7859868023157733, 1.4864182437050129, -0.16283959545199, 1.362672910404794, -0.5850103094079169, 2.5162879371816667, 0.4879280070846943, 0.4090957855026311, 0.23264666202572942, -0.11212517281608247, 0.07220989312665627, -0.23906549222774737, 2.1638857677655063, 0.6480864328123866, 0.013778044668619122, 0.000801713255698451, 0.182966896723628, -0.0064986007511042, 0.19762967653774804, 0.02674138571465813, -0.23748439687793577, -0.043023823077451145, -0.03837062251299846, -0.05078026033873262]
other derivatives: [  5.15283318e+00  -6.62603270e+00   2.19570211e+00   2.00088834e-03
  -2.29429133e+00   0.00000000e+00]
Current x array =  [-0.69634817 -0.82647727 -0.54879336  0.7023804  -3.0423161   0.33647224
  1.92308309  1.64706104 -0.1243216  -0.02369633 -1.44079864 -0.48525331
 -0.25062858 -1.57839678 -1.25374176 -1.1405616  -2.26392056 -2.09970135
 -0.7898222  -0.9246431  -0.9224885  -2.95960065 -1.93243585 -4.36529095
 -2.26969557 -2.19844571 -1.34826153 -2.16356929 -3.57966436 -2.6867117
 -2.95210804 -2.83523444]
log likelihood =  -10833.2419364
Edge derivatives =  [4.0361012596193735, 2.5723177353594266, 1.149002889201666, 1.328252885161923, -0.3108265732323155, 0.15576479907151036, -0.8959551153011198, 1.8260972630179646, -0.01781897173390945, -0.017168732498817618, 0.15778582762608517, -0.0811929540463947, 0.4795894359006443, 0.017335236693031008, 0.354067877638624, 0.3850228022466373, 0.04135041449200169, 0.0050772123399491255, 0.09377575761945944, -0.036694139908141965, 0.36503692107495234, 0.025839487468580474, -0.18982857392710317, -0.02229690050619748, -0.03220215052210449, -0.03846086646361524]
other derivatives: [  3.13229975  -8.82719178  13.28080543  -0.09968062   1.67310645   0.        ]
Current x array =  [ -6.95860938e-01  -8.25934557e-01  -5.51484417e-01   7.00551610e-01
  -3.04957221e+00   3.36472237e-01   1.91481708e+00   1.65073355e+00
  -1.40316433e-01  -7.39474728e-04  -1.44876655e+00  -4.65219023e-01
  -2.54406577e-01  -1.51437147e+00  -1.24735286e+00  -1.13554736e+00
  -2.25770223e+00  -2.10427373e+00  -7.94714929e-01  -9.27586829e-01
  -9.07190110e-01  -2.94877626e+00  -1.93271797e+00  -4.36542136e+00
  -2.26897229e+00  -2.19798569e+00  -1.34960734e+00  -2.16377830e+00
  -3.58575543e+00  -2.68723603e+00  -2.95252832e+00  -2.83615381e+00]
log likelihood =  -10833.1777929
Edge derivatives =  [5.30130024416262, 2.5270748319107024, 1.031559892859142, 0.1066201268878099, -0.28290477041931444, -1.1601109949967847, -2.1599059539490075, 0.21925380112863593, -0.39349559529090194, -0.1316871275836251, 0.0824176545872198, 0.0435627614108825, 1.2361431351015004, 0.5361497247499395, 0.5042865670969192, 0.29260569192046604, 0.1560927865991139, 0.028204379306984346, 0.16446678565201306, 0.05337439308783265, 0.9291253522304661, 0.18304625953616377, -0.047525751694815314, 0.11407717622396385, 0.05243731246990645, 0.07551411264306807]
other derivatives: [ 20.4108801   -7.8623998  -12.00005499   2.22062226   0.11787051   0.        ]
Current x array =  [-0.70119776 -0.82641191 -0.54418219  0.69697463 -3.05243878  0.33647224
  1.90981112  1.65613152 -0.16158157  0.05048307 -1.46781304 -0.4403546
 -0.25774453 -1.39466312 -1.23958808 -1.1315464  -2.24598977 -2.11282868
 -0.80254337 -0.93248322 -0.90692948 -2.93112716 -1.93280468 -4.36563804
 -2.26801728 -2.19702958 -1.35390125 -2.16405556 -3.59725581 -2.68830401
 -2.95334293 -2.83795948]
log likelihood =  -10833.0295495
Edge derivatives =  [5.01719199058603, 1.5223881033610867, 1.2111151688738617, 0.45467611916333117, -0.15476722805507998, -0.5177818097036304, -1.582899974695027, 0.5298141986548524, -0.22329635654069813, -0.008471465618537122, 0.08042733005124315, 0.03126250218914978, 1.0596003672911347, 0.4147732911207283, 0.32552472880273053, 0.29472977029587744, 0.112594976727863, 0.02048174866377976, 0.11704099797293135, 0.020586709239690415, 0.7506493338279625, 0.12041607582525228, -0.07991682081995286, 0.0816239848616784, 0.026093351141715536, 0.04546285070671052]
other derivatives: [ 6.32808224 -3.80387064  1.60325726  1.39589247  0.62063918  0.        ]
Current x array =  [-0.69691829 -0.82910884 -0.5480312   0.69842373 -3.05496307  0.33647224
  1.91023297  1.67593424 -0.159467    0.04203722 -1.46619369 -0.44905209
 -0.26115895 -1.41169721 -1.24238693 -1.13365859 -2.24768769 -2.11175591
 -0.80058469 -0.93130469 -0.90588488 -2.93430789 -1.93271163 -4.36558127
 -2.26817633 -2.19715741 -1.3524559  -2.16390441 -3.59552517 -2.68813361
 -2.95320534 -2.83768626]
log likelihood =  -10832.9771253
Edge derivatives =  [4.206323812713229, 0.5395459077817647, 1.2125848831795405, 0.4092209571572208, -0.033260347941675386, -0.17557944419308652, -1.3808897452684343, 0.5016658359778777, -0.10909815745042672, 0.12019879432880054, 0.0709828333327463, 0.04370160902231912, 1.020664313000179, 0.39933088119070653, 0.4851068947845559, 0.3116905592042778, 0.09813169138321248, 0.019238548178705628, 0.1080461299147212, 0.023761035237846895, 0.6995150393951968, 0.10826826661030088, -0.07875672341481105, 0.08882433713174044, 0.026181720596509535, 0.04936578293521121]
other derivatives: [-0.83218765  0.32487151  3.09919415  1.35387381 -0.46566129  0.        ]
Current x array =  [-0.6948062  -0.83167806 -0.54847394  0.69961957 -3.0566725   0.33647224
  1.91307527  1.69211418 -0.15862573  0.0449618  -1.46803121 -0.45239673
 -0.26402775 -1.40641479 -1.24345277 -1.13486579 -2.24717303 -2.11214233
 -0.79970162 -0.93104947 -0.90709358 -2.93409209 -1.93255267 -4.36555811
 -2.26804916 -2.19708303 -1.3519127  -2.16375366 -3.59597162 -2.6881538
 -2.9532257  -2.83774574]
log likelihood =  -10832.935437
Edge derivatives =  [3.077641768490741, -0.3330966138867326, 1.152407665501191, 0.25532960989063036, 0.050454580065070136, -0.07330885151594202, -1.2513512488226888, 0.37850192225701923, -0.0720792598801363, 0.1864993106393263, 0.057006990773289176, 0.05564779424601424, 1.0091086031513465, 0.4180407942676828, 0.48013932938985376, 0.300349601903106, 0.09075399424484387, 0.01981795837152857, 0.09803806883533431, 0.03325154253459772, 0.6564160013720651, 0.10496220039067831, -0.06779017023874578, 0.10565449391888843, 0.03339172273694256, 0.061372574922206935]
other derivatives: [-4.41850716  2.73630576  0.90731191  1.26528903 -2.129309    0.        ]
Current x array =  [-0.69386628 -0.83330406 -0.54791486  0.70105362 -3.05922316  0.33647224
  1.91911025  1.70574568 -0.15653063  0.05228968 -1.47041421 -0.45187483
 -0.26687575 -1.39342074 -1.24319748 -1.13490604 -2.2458817  -2.11288995
 -0.79865156 -0.93106013 -0.90661385 -2.93222944 -1.93232688 -4.36553523
 -2.26762335 -2.19692145 -1.35124625 -2.16353149 -3.59717649 -2.68819205
 -2.9532938  -2.83788677]
log likelihood =  -10832.8760404
Edge derivatives =  [1.4097186103934192, -1.17167436529298, 1.105256286131547, 0.09430081791965506, 0.14547150349295296, -0.08892059201165811, -0.9614319939174363, 0.19596872435693333, -0.08376721606909204, 0.2150318057676031, 0.034848039172746245, 0.0652155013951713, 0.9765953032024046, 0.4560182389389039, 0.20780379472690574, 0.24534428719235343, 0.08036797047771951, 0.020980029315050698, 0.07179854118813214, 0.04455503201804334, 0.5514820190815201, 0.09267186096052396, -0.04924784621251331, 0.12895027911793253, 0.0441080375755291, 0.07767776931438652]
other derivatives: [-5.62013156  3.79113771 -1.63381628  0.77034201 -3.3123797   0.        ]
Current x array =  [-0.69360436 -0.83430825 -0.54705212  0.70399528 -3.06559946  0.33647224
  1.93228574  1.72041346 -0.15140729  0.06527167 -1.4736258  -0.44786662
 -0.27162328 -1.370866   -1.24175625 -1.13369264 -2.24361058 -2.11402078
 -0.79616565 -0.93090076 -0.90339468 -2.9282141  -1.93189638 -4.36548535
 -2.26670365 -2.19661892 -1.34960803 -2.16308364 -3.59933154 -2.68814964
 -2.95338518 -2.83806411]
log likelihood =  -10832.8067224
Edge derivatives =  [-0.15069682203427437, -0.8807213655675785, 1.1663733992770646, 0.13618292381946764, 0.3011953285052431, 0.04598336462559978, -0.3321901645458841, 0.10055916283385732, -0.040132409924109824, 0.2778739217347725, 0.019401987755409494, 0.07372252300336968, 0.8019630639256844, 0.42837782584581136, 0.1199040576579794, 0.19637916450214493, 0.06360232438132965, 0.021303022427505536, 0.04901293198405973, 0.0635470537922811, 0.3285327468004088, 0.0673716315636996, -0.0275654839890727, 0.14911382543632662, 0.05503212864100372, 0.09263943898118154]
other derivatives: [-3.38422979  4.82505129 -3.6223355  -0.63373591 -1.79643393  0.        ]
Current x array =  [-0.69407899 -0.83506661 -0.5461769   0.70842655 -3.07750417  0.33647224
  1.95381876  1.72142398 -0.14164783  0.08041178 -1.47664221 -0.44338166
 -0.27863752 -1.3462153  -1.24044047 -1.13165691 -2.24104733 -2.11500912
 -0.79031273 -0.92921734 -0.90118914 -2.92281929 -1.93116037 -4.36537039
 -2.26551054 -2.19617685 -1.34628126 -2.16234413 -3.60189109 -2.68767023
 -2.95334381 -2.83800375]
log likelihood =  -10832.8358981
Edge derivatives =  [-2.5435609102146266, -1.4910010197023265, 0.793183435315792, -0.43948845415970494, 0.3325292167603201, -0.17577757284851275, -0.16085668336563924, -0.33289952596782263, -0.21215123556911591, 0.08375940464099735, -0.0662179318266771, 0.016647502466814623, 0.22503408002891762, 0.038089053612997074, 0.33670489891694166, 0.1442958475943398, -0.032935512833834724, 0.009919605389445883, -0.025254213893032673, -0.025471076680965266, 0.002168878474197833, -0.03602621702099704, -0.01608690587954586, 0.08749350229791011, 0.021946212355404386, 0.04909465198724128]
other derivatives: [ -2.18733476 -10.54468157   5.8020305    0.0338332   -3.78167897   0.        ]
Current x array =  [-0.69512737 -0.82665873 -0.54871698  0.70709974 -3.08523265  0.33647224
  1.9733987   1.72954689 -0.12967599  0.10185923 -1.48120969 -0.4393698
 -0.28583463 -1.30890595 -1.23965244 -1.1295804  -2.23725817 -2.11670144
 -0.78279746 -0.92646181 -0.90475437 -2.91594678 -1.93020679 -4.36520065
 -2.26432654 -2.19541587 -1.34301633 -2.16148269 -3.60564832 -2.68679969
 -2.95318375 -2.83781791]
log likelihood =  -10832.7900739
Edge derivatives =  [-1.043577324054478, -1.1084297342719822, 1.026377101556881, -0.07890595551118985, 0.31338174795968504, -0.036051152641421606, -0.26503308331801034, -0.058627081790311376, -0.10393869953293355, 0.20595319959864583, -0.012275254868057889, 0.052653135374999105, 0.5868408117124566, 0.2831902031314891, 0.2021520161210132, 0.17707812749279495, 0.027865002531376415, 0.017073856476355884, 0.021486551833069134, 0.030532410053241366, 0.2070988644456393, 0.028922138357667646, -0.02321083152219438, 0.12624604492645078, 0.04278627778907739, 0.07650582966671393]
other derivatives: [-2.96204234 -0.95224095 -0.07385097 -0.33851393 -2.46363925  0.        ]
Current x array =  [-0.69447131 -0.83192024 -0.54712744  0.70793004 -3.0803963   0.33647224
  1.96114591  1.72446371 -0.13716776  0.08843779 -1.47835144 -0.44188035
 -0.2813308  -1.33225349 -1.24014557 -1.13087985 -2.23962936 -2.11564242
 -0.78750039 -0.92818617 -0.90252331 -2.92024748 -1.93080352 -4.36530687
 -2.26506747 -2.19589208 -1.34505947 -2.16202176 -3.60329711 -2.68734446
 -2.95328392 -2.83793421]
log likelihood =  -10832.7728538
Edge derivatives =  [-1.143516012486707, -0.3134297950245048, 1.064075112095347, 0.09639159177192244, 0.31879767162699174, -0.018115087634177907, 0.05682755566758566, 0.10485435721924968, -0.08750677408892715, 0.1882623986121041, 0.002352475300675602, 0.0491274648957164, 0.4366321427395711, 0.2164653870007213, 0.02151850714854131, 0.15600091850880163, 0.026692637203533015, 0.016563727011020594, 0.018633853585656557, 0.042666707374461876, 0.07695785343741424, 0.023639777154749242, -0.02311402806474662, 0.12382414602103663, 0.04557037387433257, 0.07646665452832135]
other derivatives: [-0.7890776  -0.63901098 -1.11467671 -0.53514668 -0.54078555  0.        ]
Current x array =  [-0.69500936 -0.83207588 -0.54667905  0.70819456 -3.08487916  0.33647224
  1.96832642  1.71447723 -0.13071938  0.08809826 -1.47642896 -0.44053754
 -0.28282137 -1.33611235 -1.23988309 -1.12947089 -2.2399509  -2.11499483
 -0.78409098 -0.92676186 -0.90023561 -2.91951181 -1.93054653 -4.36523146
 -2.2647155  -2.19580127 -1.34325662 -2.16174114 -3.60307391 -2.68687229
 -2.95312335 -2.83761035]
log likelihood =  -10832.7691256
Edge derivatives =  [-0.991965812721713, -0.04546955508900288, 0.9670868172283952, 0.040356156153130984, 0.3192542945883793, 0.00964673933421309, 0.13105807626631077, 0.13479535454773178, -0.07457473159891498, 0.17025240519057677, 0.014486431993368382, 0.0504600494336267, 0.27919106541970024, 0.13331502550927932, 0.11725971394578921, 0.16074514967594616, 0.03156919088829968, 0.016757335787143356, 0.020182376463671575, 0.04212880616126646, 0.03675163916168145, 0.015964132218583046, -0.01842986148229657, 0.11458998028795588, 0.04607912051383655, 0.07257112094031137]
other derivatives: [ 4.42487362  1.39789336  3.07627488 -0.42091415  0.00600267  0.        ]
Current x array =  [-0.69639461 -0.83310563 -0.54782066  0.70687934 -3.08590879  0.33647224
  1.96931237  1.71134149 -0.12565494  0.08910799 -1.47539589 -0.44065503
 -0.28323449 -1.33595711 -1.24020271 -1.12878261 -2.2399305  -2.11473128
 -0.78172207 -0.92567049 -0.90088808 -2.91885115 -1.93035606 -4.36516282
 -2.26456161 -2.19564544 -1.34247898 -2.16156921 -3.6031689  -2.68640773
 -2.95295884 -2.83732448]
log likelihood =  -10832.7639152
Edge derivatives =  [-0.7862240407921901, 0.19512526631123633, 0.932963094397675, 0.034602033599202775, 0.28634158111823493, -0.06340093089774043, 0.09900634402504287, 0.1594792746453939, -0.09539865612889831, 0.13413602396369578, 0.012424756890878796, 0.04379046023047861, 0.23703567943578996, 0.09105444941360731, 0.05684959721842103, 0.1555808045129676, 0.02524107298171982, 0.015512285616688229, 0.019147329105100863, 0.0405870787942445, 0.013971001582633202, 0.018266863327793523, -0.021318328192993036, 0.10881260487427125, 0.043848441885857646, 0.06910691241852873]
other derivatives: [ 2.3172106  -0.09167707  0.9433279  -0.07548806 -0.04201866  0.        ]
Current x array =  [-0.6958779  -0.83245093 -0.54726761  0.70611581 -3.08582319  0.33647224
  1.96849126  1.70750173 -0.12448988  0.08791333 -1.4744547  -0.44024064
 -0.2827267  -1.33853172 -1.24014891 -1.12836901 -2.24018333 -2.1144831
 -0.78127289 -0.92539966 -0.90043675 -2.91893888 -1.93034971 -4.36514744
 -2.26456909 -2.195634   -1.34235014 -2.16156335 -3.60295017 -2.68626701
 -2.95289943 -2.837213  ]
log likelihood =  -10832.7593709
Edge derivatives =  [-0.6476823011097972, 0.3588438170497356, 0.839062204430515, -0.014958168020873658, 0.27089619047233476, -0.07809882686847941, 0.13382375954237413, 0.19179416168657623, -0.09477770669945856, 0.10494745533729222, 0.010920795677209619, 0.03642718389969346, 0.10599189480915172, -0.0003479568033389578, 0.0372418483090578, 0.1515253739584908, 0.014176131401761827, 0.013652952020436714, 0.014583389889554182, 0.03789150072704606, -0.04637881683781342, 0.014158409416439463, -0.02288464623691657, 0.09818804466681809, 0.04064194380976106, 0.06314603526497897]
other derivatives: [ 0.4123649  -0.42291504  0.11441443  0.34106051  0.35597623  0.        ]
Current x array =  [-0.69539946 -0.8323288  -0.54702448  0.70509466 -3.08683248  0.33647224
  1.96871616  1.70582932 -0.11996094  0.08792448 -1.47316343 -0.44030008
 -0.28289475 -1.33996549 -1.24038665 -1.12770488 -2.24032336 -2.11413645
 -0.77937678 -0.92455101 -0.90023191 -2.918569   -1.9302026  -4.36508638
 -2.26443441 -2.19551284 -1.34170511 -2.16142578 -3.60286364 -2.68586279
 -2.95274807 -2.83694578]
log likelihood =  -10832.7532682
Edge derivatives =  [-0.3588698673075603, 0.3383048880926709, 0.6436603356183421, -0.16384489809905217, 0.2540142775374934, -0.06470384783690986, 0.12445799492229673, 0.2054632556071624, -0.07935080033517078, 0.0727804306078122, 0.007792559836829027, 0.026382287742713395, -0.09576742116187675, -0.14064166250347723, 0.08388421798244533, 0.15381553646369153, -0.0014609231181434978, 0.011192158076245542, 0.00971621078023821, 0.03109724307147088, -0.11104995407522833, 0.007871939977988185, -0.024108437383329108, 0.07962958806241, 0.03491352563178055, 0.052735970356575845]
other derivatives: [-1.19289325 -0.24610927 -0.17425918  0.97061275  0.21609594  0.        ]
Current x array =  [-0.69496996 -0.83241981 -0.54689997  0.70352245 -3.08723899  0.33647224
  1.966748    1.70741831 -0.11280796  0.08819266 -1.47129222 -0.44122834
 -0.28292265 -1.34105516 -1.24108826 -1.12694546 -2.24045405 -2.11368466
 -0.77672236 -0.92337789 -0.90068895 -2.91801686 -1.92998513 -4.36498389
 -2.26427441 -2.19528436 -1.34103361 -2.16123169 -3.60280771 -2.68518641
 -2.95248793 -2.83650585]
log likelihood =  -10832.7475669
Edge derivatives =  [-0.018024625072892375, 0.193457147738509, 0.41421546260723074, -0.3311453854542375, 0.2642618404376974, 0.026843668834746627, 0.1622803030479169, 0.2064654580098724, -0.02835779564175317, 0.06596787251801423, 0.0029674428028675787, 0.014723952429640752, -0.3179624406520291, -0.277783332760115, 0.17908699085238933, 0.15790544580806723, -0.019053136978340462, 0.009195278517060434, 0.006079836245116099, 0.025057677513095733, -0.18003822406332237, -0.0003714203558760898, -0.023446733637051853, 0.05792205491088728, 0.02812764915630747, 0.04053226943721133]
other derivatives: [-1.14578143 -0.6873961  -1.77533366  0.96224539  0.1546141   0.        ]
Current x array =  [-0.6950747  -0.83234137 -0.54642068  0.70328203 -3.08837105  0.33647224
  1.96502724  1.71222182 -0.10282192  0.08956273 -1.46915444 -0.44267113
 -0.28345037 -1.33963812 -1.24213099 -1.12601766 -2.24035701 -2.11324488
 -0.77336857 -0.92210075 -0.90139707 -2.91679738 -1.92967208 -4.3648359
 -2.26400282 -2.19492688 -1.34022193 -2.16093798 -3.60300718 -2.68424026
 -2.95212661 -2.83591192]
log likelihood =  -10832.749815
Edge derivatives =  [0.4592908164374545, 0.023600932861008256, 0.15030091130952977, -0.48132813826657556, 0.2708049504252997, 0.13222763391406295, 0.2564553082938798, 0.2089949179250156, 0.0043995100408353305, 0.014100871063971676, -0.018223884597292614, -0.01321347639393472, -0.5508801044738475, -0.4072949709859443, 0.08224623907165807, 0.12760120081599952, -0.05626716280695404, 0.004708904818634976, -0.03450022382367124, -0.006095358893036584, -0.26650882211160126, -0.04117024335878641, -0.032895744500566794, 0.0169067532038865, 0.005716025937349448, 0.010363348349062718]
other derivatives: [-5.70780685  1.10776455  4.08999767  0.38180588  0.78525773  0.        ]
Current x array =  [-0.69370218 -0.83357146 -0.54788222  0.70565117 -3.09075597  0.33647224
  1.96410541  1.71953342 -0.08889027  0.09087598 -1.46587951 -0.44406168
 -0.28421887 -1.33688624 -1.24334081 -1.12456382 -2.24016809 -2.11265965
 -0.76976886 -0.92119518 -0.90073396 -2.91468855 -1.92929415 -4.36462444
 -2.26355182 -2.1944189  -1.3394041  -2.16053583 -3.60335847 -2.68293275
 -2.95161767 -2.83508437]
log likelihood =  -10832.7452286
Edge derivatives =  [0.18191240453654833, 0.12264885960907629, 0.3044260490943962, -0.3940031546857948, 0.26700738971095517, 0.0711192150704443, 0.201822451441521, 0.2075423293133808, -0.014603434021925765, 0.044297231929671055, -0.005890051088180609, 0.003045328952420767, -0.41541387920739675, -0.33201915797573894, 0.1385828174772702, 0.1452276780699583, -0.03461313319262613, 0.007316748265841264, -0.010900164071686896, 0.01203037606253432, -0.21619697304333452, -0.017444007464959818, -0.027398568280192367, 0.040765731236493505, 0.018753465750055168, 0.027910857395338162]
other derivatives: [-2.9533112   0.06202754  0.69285306  0.81818143  0.54369593  0.        ]
Current x array =  [-0.69450003 -0.83285641 -0.54703263  0.70427399 -3.08936962  0.33647224
  1.96464127  1.7152832  -0.09698872  0.09011259 -1.46778322 -0.44325335
 -0.28377214 -1.33848591 -1.24263754 -1.12540894 -2.24027791 -2.11299985
 -0.77186137 -0.92172158 -0.90111943 -2.91591441 -1.92951384 -4.36474736
 -2.26381399 -2.19471419 -1.3398795  -2.1607696  -3.60315426 -2.6836928
 -2.95191352 -2.83556542]
log likelihood =  -10832.7423566
Edge derivatives =  [0.3418190196940718, -0.007250858700631885, 0.2357509021425433, -0.42827110974665084, 0.2758913951365683, 0.12691379274008266, 0.20988595527189974, 0.20593756393458595, 0.015529264702440537, 0.05383853485832063, -0.005997587620941033, -0.0005861061760777386, -0.4335686114321884, -0.3279965483935422, 0.14755504640474115, 0.14414532812501546, -0.0351702793048089, 0.007785814001414974, -0.011267490589994406, 0.010619914619856563, -0.20635452422946426, -0.019103930159947033, -0.02714103912709584, 0.033627045582346804, 0.016055990570283042, 0.023368759596785083]
other derivatives: [-1.23291102  0.12878445  0.18007995  0.12114469  0.08403731  0.        ]
Current x array =  [-0.69501132 -0.83298775 -0.54686798  0.70540941 -3.08939113  0.33647224
  1.96355577  1.71838425 -0.09331618  0.09003821 -1.46677482 -0.44391107
 -0.28372436 -1.33772864 -1.24308579 -1.12511919 -2.24024635 -2.11285314
 -0.77132956 -0.92174199 -0.90108318 -2.91536671 -1.92944671 -4.36468731
 -2.26373242 -2.19456957 -1.33992145 -2.16068925 -3.60324277 -2.68332061
 -2.95176227 -2.83532607]
log likelihood =  -10832.7408772
Edge derivatives =  [0.30487354625064356, -0.026440091122922033, 0.16813387919125145, -0.4432712337886355, 0.2798548806923659, 0.15532143604247994, 0.2551305708503199, 0.20844597027254255, 0.03490609512650761, 0.049594917597698795, -0.006381476692456242, -0.005277279736640217, -0.45520846901575657, -0.3199889360500115, 0.11247951801472067, 0.13501706352872872, -0.03579140945640899, 0.008196606306710524, -0.014916607077078786, 0.008988454334810436, -0.2106252443823317, -0.02261162092577651, -0.026104436056740545, 0.025580402233818036, 0.013263166609631248, 0.018279367255282897]
other derivatives: [ 0.8583811   0.57170837  0.00782165  0.06093615  0.43164619  0.        ]
Current x array =  [-0.6955182  -0.83306772 -0.54675714  0.70644594 -3.09033356  0.33647224
  1.96478874  1.71967995 -0.08863329  0.09037886 -1.46557049 -0.44393028
 -0.28397052 -1.33607586 -1.24334911 -1.12452398 -2.24012759 -2.11269753
 -0.77050526 -0.92175375 -0.90060473 -2.91439756 -1.92934713 -4.36461312
 -2.26356943 -2.1943978  -1.33975181 -2.16056444 -3.60344899 -2.68288164
 -2.95159328 -2.83505284]
log likelihood =  -10832.739436
Edge derivatives =  [0.2267990008724723, -0.0897964973188293, 0.15176465837985195, -0.4150052529656258, 0.26771909240874714, 0.1370564603557139, 0.24254529549563336, 0.19820665668747203, 0.03205009449077206, 0.03425860648193835, -0.010619830710114367, -0.011685160102115066, -0.3705147015325967, -0.24640128652936094, -0.005796827564488738, 0.11746940749448995, -0.034218138758158295, 0.008944615698236333, -0.022995858962244264, 0.003351303396798566, -0.17182692145206563, -0.02580129648205627, -0.028167168012262225, 0.0188733732079351, 0.008387501044713586, 0.012252468936457706]
other derivatives: [ 1.25783117  0.28448994  0.29340299 -0.7039489   0.44074113  0.        ]
Current x array =  [-0.69565926 -0.83297715 -0.54677932  0.70826293 -3.09042353  0.33647224
  1.96551767  1.72090542 -0.08638775  0.08948922 -1.464474   -0.44358463
 -0.28360534 -1.33494215 -1.24337877 -1.12414677 -2.24008536 -2.1126361
 -0.77130547 -0.92260106 -0.89957285 -2.91366978 -1.92938826 -4.36456798
 -2.26350869 -2.19430326 -1.34018817 -2.16055536 -3.60358053 -2.68264253
 -2.95148967 -2.83489501]
log likelihood =  -10832.7366334
Edge derivatives =  [-0.030874435753862617, -0.17685683517699557, 0.09479101520223225, -0.4109387335370738, 0.22091725764452308, 0.0432382895915957, 0.1333939521474183, 0.17136674904433652, 0.010908330103228725, -0.0007984909779641947, -0.011239859604816063, -0.014489597169453694, -0.23055813434814693, -0.1432900660294303, -0.13354961330597126, 0.10086769541977228, -0.023587894705164092, 0.010415364153308893, -0.025497141011212004, 0.0010449888985509803, -0.09399734532566456, -0.017450727138268854, -0.02844858331284897, 0.012856138441542292, 0.005565706136666328, 0.007901064965163518]
other derivatives: [ 0.95642463  0.40017767 -0.56788849 -0.77488949 -0.50968083  0.        ]
Current x array =  [-0.69559922 -0.83313806 -0.54660634  0.70845869 -3.08952967  0.33647224
  1.96585214  1.72088663 -0.08437977  0.08707026 -1.46270789 -0.4429722
 -0.28247626 -1.33469882 -1.24333636 -1.1237304  -2.24019227 -2.11254279
 -0.77303468 -0.92397407 -0.89853078 -2.9129447  -1.9295321  -4.36451377
 -2.26354288 -2.19423175 -1.34106113 -2.1606288  -3.60364335 -2.6823979
 -2.95137725 -2.83472194]
log likelihood =  -10832.733062
Edge derivatives =  [-0.13903235172510908, -0.1484132938857598, -0.024320617262788877, -0.38592399459500404, 0.1265202087340603, -0.1312817222283718, -0.03139498099430133, 0.14535053931978667, -0.0366184242286427, -0.08864449015140635, -0.01333781045061927, -0.0258751112312533, -0.056954506230449675, -0.017165488523374843, -0.3301980526473062, 0.0711740758035936, -0.01162500468821695, 0.011415741277216982, -0.03402430073242502, -0.01163734072726974, 0.011990619123663449, -0.009540360175588208, -0.030943561800790283, -0.010049413454252434, -0.004371969272935629, -0.007742052961402512]
other derivatives: [ 0.05802576 -0.86420187 -0.26102498 -0.35543053 -0.78216544  0.        ]
Current x array =  [-0.69541675 -0.83247095 -0.54672092  0.70740825 -3.08919126  0.33647224
  1.96592116  1.71967446 -0.07854049  0.08237895 -1.45877661 -0.44209583
 -0.28046984 -1.33513537 -1.24343991 -1.122739   -2.24049109 -2.11220759
 -0.77512499 -0.92591449 -0.89712168 -2.91148702 -1.92972291 -4.3643768
 -2.263583   -2.19405122 -1.34228369 -2.16070361 -3.60371116 -2.68175712
 -2.95110088 -2.83427838]
log likelihood =  -10832.7321431
Edge derivatives =  [-0.03520404655814424, -0.035697525308675204, -0.0531531086412545, -0.28972860755120267, 0.0755070372523379, -0.20195147058069926, -0.12682664271426472, 0.13528525649329778, -0.0368890567689002, -0.10770411724415646, -0.00542631752034288, -0.021189583015894076, 0.1319930810245442, 0.12245798554027726, -0.3840708581735016, 0.06004747301398845, 0.00972938904344764, 0.013749291677748833, -0.02792803213693676, -0.005008320540421662, 0.11337421861833447, 0.009818297732313658, -0.02880076980608004, -0.01547056660947757, -0.0050745816701748825, -0.010485561624269057]
other derivatives: [-1.07138476  0.90767571 -1.18634489  0.35834091 -0.34160621  0.        ]
Current x array =  [-0.69502397 -0.83339151 -0.54641412  0.7066419  -3.08972116  0.33647224
  1.96573046  1.71862511 -0.07450798  0.07808853 -1.45564473 -0.44161435
 -0.27895798 -1.33522728 -1.24354943 -1.12218121 -2.24074126 -2.11201513
 -0.77700827 -0.92752083 -0.89650481 -2.91029332 -1.92990239 -4.36425871
 -2.26368025 -2.19394708 -1.34325646 -2.1607901  -3.60380951 -2.68132372
 -2.95091109 -2.83397673]
log likelihood =  -10832.7311805
Edge derivatives =  [0.04125855008111534, -0.013345052204615793, -0.04938212577190758, -0.27791450438130155, 0.07764332485515507, -0.18899414992939018, -0.10518491537818934, 0.13903467794397487, -0.03756612001103998, -0.11065488967634657, -0.006216138781313829, -0.024052984774517283, 0.10226030042146333, 0.10310098495644422, -0.3582069780725568, 0.06056555250545706, 0.00627232159745339, 0.013240085539509068, -0.029691236266568416, -0.00957917776148609, 0.0978365981466906, 0.0036835480024806355, -0.02957364867304544, -0.019688452768886186, -0.00737966307082466, -0.01372160909735487]
other derivatives: [-0.33578544 -0.0174623  -0.23665052  0.04438334 -0.28612703  0.        ]
Current x array =  [-0.69528891 -0.83293172 -0.54669859  0.70676153 -3.08997903  0.33647224
  1.96574233  1.7187184  -0.07398334  0.07807179 -1.45551537 -0.44180947
 -0.27911159 -1.33505225 -1.24362533 -1.12219609 -2.24073491 -2.11200543
 -0.77665586 -0.92731781 -0.89681824 -2.91019205 -1.92987265 -4.36424252
 -2.26367974 -2.19393316 -1.34309541 -2.16076468 -3.60384135 -2.68128528
 -2.9508973  -2.8339543 ]
log likelihood =  -10832.730663
Edge derivatives =  [0.1731931338295154, 0.034416616930324384, -0.059038189387857626, -0.25239457815585975, 0.0827354997892308, -0.15290489300924803, -0.06987719198904549, 0.14349545911307046, -0.023319603246811205, -0.10362726292896923, -0.004971419077154607, -0.025006978206463526, 0.06749487406286414, 0.0839290129191389, -0.28849397097760404, 0.06373480369525991, 0.004254834346228142, 0.012889695426852029, -0.028334285698541156, -0.010872673696867619, 0.07955785871913867, 7.592694058290717e-05, -0.028968385745993565, -0.02453454723025572, -0.009199065321152756, -0.01680774632427029]
other derivatives: [ 0.65592758 -0.14279067  0.5491529  -0.02110028  0.33105607  0.        ]
Current x array =  [-0.69548002 -0.83276643 -0.54681673  0.706798   -3.09079115  0.33647224
  1.96591327  1.71908451 -0.07184343  0.07770042 -1.45479092 -0.44219609
 -0.27932434 -1.33435685 -1.24384241 -1.12210901 -2.240722   -2.11195606
 -0.77600589 -0.92706334 -0.89740776 -2.90972    -1.92981659 -4.36418658
 -2.26366897 -2.19387293 -1.34284129 -2.16070693 -3.60395774 -2.68110538
 -2.95082896 -2.83384394]
log likelihood =  -10832.7303407
Edge derivatives =  [0.19943640730433265, 0.03544865860727661, -0.06738541569514916, -0.2409911913049346, 0.0814724856475511, -0.1400207079417255, -0.07046573601527384, 0.140754682601121, -0.01574494294136186, -0.09802220186080463, -0.004408787719605331, -0.024660152159208804, 0.06236742782836374, 0.08003649502361444, -0.24604560638225792, 0.0664700132886853, 0.003797952775374508, 0.012781648301416561, -0.026140840822886202, -0.010262237643664851, 0.07542512010721947, 0.0004160213466248841, -0.0285353059617122, -0.025900459144267945, -0.009689683248203872, -0.017588744458314598]
other derivatives: [ 0.28085196 -0.37362042 -0.06493792 -0.26720954  0.07566996  0.        ]
Current x array =  [-0.69543261 -0.83276188 -0.54673166  0.70677343 -3.09094289  0.33647224
  1.96585592  1.7193005  -0.0709566   0.07715556 -1.45432565 -0.44243589
 -0.27932329 -1.33409412 -1.24395498 -1.12212133 -2.24073981 -2.1119415
 -0.77588297 -0.9270328  -0.8977758  -2.90948091 -1.92980829 -4.36415452
 -2.26369185 -2.19385194 -1.34279065 -2.16069479 -3.60401208 -2.68103163
 -2.95079873 -2.83379697]
log likelihood =  -10832.7412502
Edge derivatives =  [0.8585990263239265, 0.22491147293756827, -0.25225809143744693, 0.019644890025608486, 0.05210400450729302, 0.13138340495944048, -0.03693795828051463, 0.09769663775171918, 0.14161128155671937, 0.011848810033625978, 0.012350350080023248, -0.01604352815507426, -0.10011866709997469, -0.035995949359966486, 0.70542586180053, 0.12744127737899535, -0.00431750640731926, 0.010129707400561967, 0.02152136411012895, 0.0017571286798795382, -0.036388059452891974, 0.004981114688087193, -0.017563525776558536, -0.05899380955029483, -0.020126936593810735, -0.03596959852042936]
other derivatives: [-2.05109245 -0.53732947 -4.58148861  0.64210326  2.09165592  0.        ]
Current x array =  [-0.69472176 -0.83259573 -0.54543452  0.70489953 -3.09536345  0.33647224
  1.96552478  1.72222848 -0.05062865  0.06564881 -1.44403547 -0.44746477
 -0.27955722 -1.32836462 -1.24637588 -1.12220109 -2.24112312 -2.11157288
 -0.77242768 -0.92594869 -0.90605547 -2.90412864 -1.92957358 -4.36344255
 -2.26415116 -2.1933786  -1.34133057 -2.16038524 -3.60522589 -2.67935495
 -2.95012312 -2.83273543]
log likelihood =  -10832.7298121
Edge derivatives =  [0.3256587112399978, 0.07170808191365233, -0.10189405289240523, -0.190028350864079, 0.07590355087354955, -0.08745678709230965, -0.0639849640619509, 0.13247483164861687, 0.014528306962665938, -0.07692713435583814, -0.001190041252289914, -0.02299445778756526, 0.031168718851117716, 0.057718657453553215, -0.06273070062283909, 0.07812545353936678, 0.002240303432505586, 0.012271050046298151, -0.016990072129719036, -0.007950487929162198, 0.0539644433954346, 0.001293796616906595, -0.026424005541369096, -0.03225039456554191, -0.011692101367086302, -0.021115882243367468]
other derivatives: [-0.26120688 -0.28521754 -0.8762072  -0.07403287  0.55806595  0.        ]
Current x array =  [-0.69529611 -0.83272998 -0.54648258  0.70641359 -3.09179175  0.33647224
  1.96579234  1.71986274 -0.06705313  0.07494598 -1.45234968 -0.44340156
 -0.27936821 -1.33299392 -1.24441986 -1.12213664 -2.24081342 -2.11187071
 -0.77521947 -0.92682462 -0.8993657  -2.90845314 -1.92976322 -4.3640178
 -2.26378005 -2.19376104 -1.34251027 -2.16063534 -3.60424516 -2.68070967
 -2.950669   -2.83359313]
log likelihood =  -10832.7290017
Edge derivatives =  [0.17218720412328103, 0.005450016596341478, -0.10250493012586569, -0.12175390239710471, 0.04945493443932504, -0.08783267096003022, -0.12951722610240896, 0.10448116481010779, 0.01907286624300386, -0.06545978800983743, 0.003615880176003894, -0.017698030553008837, 0.09116702508149616, 0.09441228410480479, 0.05897119622687591, 0.08412947112658635, 0.0084415031433423, 0.012686634087446316, -0.00960221890855198, -0.007215467821856336, 0.07672322712062463, 0.0025408783823899633, -0.024817497539442124, -0.033457087983431416, -0.012901793127362796, -0.022525151640903296]
other derivatives: [-0.50204108  0.95897121  0.36670826  0.18353603  0.35342964  0.        ]
Current x array =  [-0.69516726 -0.83337011 -0.54686355  0.70626304 -3.09103368  0.33647224
  1.96571982  1.71997864 -0.06619409  0.0713937  -1.45058071 -0.44406164
 -0.2788823  -1.33237681 -1.24460071 -1.12250885 -2.24096752 -2.11194143
 -0.77617002 -0.92735086 -0.9005892  -2.90768182 -1.92986364 -4.36390664
 -2.26400363 -2.19377689 -1.34276641 -2.16070231 -3.60441979 -2.68067201
 -2.95063855 -2.83356056]
log likelihood =  -10832.7285576
Edge derivatives =  [0.11036614788793053, -0.01646553620949609, -0.09167757826109049, -0.11207523487636613, 0.05155076656193811, -0.07239610382510417, -0.12325084707732917, 0.1008964175462205, 0.02177446910009828, -0.05487942200736723, 0.0050166919920313635, -0.016173616151697046, 0.06142993230828442, 0.06921952544156029, 0.11700102162879678, 0.08996204098207443, 0.006717265208802448, 0.01237328006012849, -0.005591712096439383, -0.006708412049039936, 0.05696628670534326, 0.0008964578725498967, -0.023818209100407745, -0.03189452674307505, -0.012080501608525335, -0.021396503878343243]
other derivatives: [ 0.28903742  0.45638444  0.29758667  0.12714736  0.06129994  0.        ]
Current x array =  [-0.69538168 -0.83308307 -0.54687218  0.70605924 -3.09078514  0.33647224
  1.96579918  1.71988525 -0.06677606  0.07106164 -1.45061997 -0.44441145
 -0.27911589 -1.33225486 -1.24462413 -1.12277058 -2.2409778  -2.11200414
 -0.77593891 -0.92706545 -0.90116011 -2.9076594  -1.92985075 -4.36388834
 -2.26406403 -2.19381166 -1.34256163 -2.1607042  -3.60445795 -2.68076731
 -2.95067632 -2.83362455]
log likelihood =  -10832.7283441
Edge derivatives =  [0.07976388692679492, -0.02724305654621173, -0.07899824881055084, -0.08624544162327974, 0.05506957451000956, -0.0422355536662515, -0.10414489147799587, 0.0957010396981749, 0.028520098126937232, -0.04102726919286748, 0.005034324252371436, -0.015529741677780207, 0.022225445894576812, 0.036543859011364255, 0.18877317421789375, 0.09486137685813709, 0.00194602369519567, 0.011622411696343496, -0.002904432303018234, -0.007501251275208065, 0.02703243995733473, -0.003356307805473857, -0.02327513511696043, -0.03194243146730294, -0.01261425010983954, -0.021716366006171883]
other derivatives: [ 0.39963197 -0.00418368  0.60535967  0.21846063  0.29831426  0.        ]
Current x array =  [-0.69538456 -0.83279619 -0.5469224   0.70604997 -3.09086726  0.33647224
  1.96603533  1.72001922 -0.06667464  0.07043145 -1.45033887 -0.44494452
 -0.27948075 -1.3317218  -1.24471271 -1.12304858 -2.24097735 -2.1120685
 -0.77553789 -0.92671504 -0.90187727 -2.90738534 -1.92982105 -4.36384107
 -2.26412896 -2.19382968 -1.34226601 -2.16068855 -3.60456294 -2.68081916
 -2.95069668 -2.83366288]
log likelihood =  -10832.7280926
Edge derivatives =  [-0.01022225933637344, -0.05213501577900384, -0.04919485006301126, -0.04755022760397122, 0.05477428876545977, -0.02442009537434979, -0.09720285175217004, 0.08796230985618306, 0.030902538456753836, -0.025544501506041983, 0.006506124036509617, -0.01258889844923311, 0.019931849615695718, 0.029506544673368346, 0.21263683275522932, 0.09597660506288003, 0.0012966876102692149, 0.011453573704881651, 0.0005452421006439112, -0.006005635926764397, 0.014645897781316919, -0.004230404203480462, -0.02211279493572242, -0.028313681621905354, -0.011528143739520776, -0.01967489806971745]
other derivatives: [ 0.39235601 -0.03146852  0.49367372  0.16443664  0.19899744  0.        ]
Current x array =  [-0.69542438 -0.83271244 -0.54692939  0.70613552 -3.09062392  0.33647224
  1.96629518  1.71994522 -0.06746142  0.06945454 -1.45009601 -0.44532078
 -0.27973866 -1.33130553 -1.24467671 -1.12339997 -2.24099267 -2.11217295
 -0.77563938 -0.92660835 -0.90214905 -2.90712479 -1.92983531 -4.36379762
 -2.26421936 -2.19387857 -1.34215034 -2.16071288 -3.60465794 -2.68096471
 -2.95075059 -2.83375859]
log likelihood =  -10832.7276341
Edge derivatives =  [-0.09096805603303171, -0.05556997970312155, 0.014841272987648951, 0.027023601664204047, 0.048470664048471494, -0.008829342625485917, -0.07005308835371216, 0.074847774330945, 0.021298255130605737, -0.006541653573739148, 0.007513141381589872, -0.008198195560212118, 0.02163051725547971, 0.019284049693885134, 0.11917849530662006, 0.08347626266022985, -0.0008092665756356254, 0.010999532725064754, 0.0014465100522703944, -0.004463500897407546, -0.003616128305083288, -0.00595759216010483, -0.02015416056796908, -0.019428340328039667, -0.009155226888721467, -0.014941886392027315]
other derivatives: [ 0.21063897 -0.50167728  0.58589649 -0.09713403  0.1378794   0.        ]
Current x array =  [-0.69538086 -0.83249746 -0.54697629  0.7064316  -3.09012676  0.33647224
  1.96640732  1.71930071 -0.06931993  0.06769913 -1.44955265 -0.44583758
 -0.28044085 -1.33050143 -1.24441391 -1.12402865 -2.24100065 -2.1123903
 -0.77595092 -0.92644363 -0.901487   -2.90638562 -1.92987444 -4.3636904
 -2.2643598  -2.19398941 -1.34201891 -2.16078576 -3.60487072 -2.68134194
 -2.95089422 -2.83400858]
log likelihood =  -10832.7273766
Edge derivatives =  [-0.10858717663051087, -0.04987526190207403, 0.050194557779981344, 0.10218192899320487, 0.040848149361852354, 0.025110612189925607, -0.04037436410528816, 0.06093692987278922, 0.02893423117872307, 0.025635359695072746, 0.013644981550664362, 0.0005289380541227962, 0.028171585220778284, 0.018821680712148167, 0.05877546908762982, 0.07370135535133607, 0.003357385142521402, 0.011393492844555982, 0.00940377019777866, 0.004131770643356347, -0.010929191279954231, 7.075368481263e-05, -0.014930544156973334, -0.008337141719679031, -0.0039237961642121025, -0.007478062633566984]
other derivatives: [ 0.84710337 -0.12842065 -0.60463208 -0.14133548  0.13515091  0.        ]
Current x array =  [-0.69555684 -0.83273299 -0.54666308  0.70649125 -3.08976808  0.33647224
  1.96617878  1.71889264 -0.0694681   0.0653606  -1.44819254 -0.44657931
 -0.28115564 -1.32930333 -1.24427771 -1.12454759 -2.24102126 -2.11255943
 -0.77607911 -0.9262909  -0.90094491 -2.90515995 -1.92990305 -4.36352281
 -2.26450049 -2.19405483 -1.34189522 -2.16084419 -3.60517549 -2.68158808
 -2.95098692 -2.83417765]
log likelihood =  -10832.7271535
Edge derivatives =  [-0.07685333630137925, -0.03669782434409516, 0.03940942344796987, 0.09478498883144958, 0.031979483376490356, 0.005901825116924879, -0.04722568846109609, 0.05761037506276532, 0.018398083981713942, 0.013782493483331049, 0.01175676556507678, -0.0010935157793487416, 0.03507164630596599, 0.022563662884359247, -0.006317218771838939, 0.06564387829933553, 0.002386201404226379, 0.011192232866315745, 0.00513222734719862, 0.0018297054396086976, -0.004423404443204382, -0.0007773407730608112, -0.015534223979902728, -0.009252479810939906, -0.00485107074444735, -0.008460938404667107]
other derivatives: [ 0.24901965  0.00854925 -0.09367795 -0.1036824   0.03547029  0.        ]
Current x array =  [-0.69535448 -0.83280481 -0.54677983  0.70648273 -3.08967206  0.33647224
  1.9659268   1.71868439 -0.06925559  0.06520718 -1.44794078 -0.44646975
 -0.28115321 -1.32926953 -1.24420886 -1.1244754  -2.24102141 -2.11255017
 -0.77622041 -0.92640217 -0.90043814 -2.90495822 -1.92991662 -4.36350103
 -2.26448783 -2.19405006 -1.3420017  -2.16085854 -3.60520037 -2.68159366
 -2.95098899 -2.83418221]
log likelihood =  -10832.7270913
Edge derivatives =  [-0.013879171462868323, -0.01741783934677779, 0.017731981847912137, 0.07586749776685467, 0.029291246615560925, 0.000431542075217603, -0.04106026793208733, 0.05809224599284164, 0.01518662113532182, 0.005832941106059697, 0.010101839892599995, -0.0029713700564495404, 0.01899085290148339, 0.01215761218862554, -0.03470315771735527, 0.061568228534576865, 0.0003330737543581763, 0.010897131619605142, 0.002301775819622487, 0.0003968689364922673, -0.007569427185341149, -0.00160207678068304, -0.015774932530946605, -0.010842855513477759, -0.005558745216388654, -0.00947509069582686]
other derivatives: [-0.26138878 -0.00636646 -0.02382876 -0.00964064  0.16734703  0.        ]
Current x array =  [-0.69522667 -0.83281374 -0.54678123  0.70641899 -3.08981483  0.33647224
  1.9657077   1.71867187 -0.06849821  0.06548801 -1.44775794 -0.44644049
 -0.28125469 -1.32915337 -1.24421652 -1.12433963 -2.2409992  -2.11251315
 -0.77598416 -0.92632998 -0.90020347 -2.90477761 -1.9298962  -4.36348064
 -2.26444725 -2.1940236  -1.34197952 -2.16084286 -3.6052278  -2.68154023
 -2.95097112 -2.83415182]
log likelihood =  -10832.7270333
Edge derivatives =  [-0.004745855724378245, -0.01487457471400258, 0.01303282866545992, 0.07771237232237127, 0.026374859883657824, 0.005608115453612068, -0.030499069976771244, 0.05407001174522867, 0.013873670785730374, 0.00864460840356368, 0.010302816241368293, -0.002252512052897393, 0.003145106090460481, -0.0003280244900004635, -0.05187426133365303, 0.0581841609171167, -0.0007168517426705545, 0.01070339845902694, 0.0025567350894618868, 0.0009531119006188637, -0.015196586159354264, -0.0017709910453013733, -0.014743937247490235, -0.009128307253280121, -0.004818148880386064, -0.008342918042958503]
other derivatives: [-0.35324774 -0.16225385 -0.02364686 -0.02764864  0.17680577  0.        ]
Current x array =  [-0.69522955 -0.83282471 -0.54676013  0.70638535 -3.08971256  0.33647224
  1.96555706  1.71856881 -0.06829979  0.06519676 -1.44742968 -0.44663337
 -0.28152751 -1.32880147 -1.24418574 -1.12442295 -2.24098507 -2.11254341
 -0.77582685 -0.92619362 -0.90008425 -2.90442316 -1.92988732 -4.36343033
 -2.2644622  -2.19403056 -1.34190258 -2.16084687 -3.60531536 -2.68159034
 -2.9509924  -2.83419009]
log likelihood =  -10832.7277946
Edge derivatives =  [0.06657198224821492, -0.005570671140217642, -0.048252298069475105, 0.08257868667494074, -0.004051103645275122, 0.05095686228855403, 0.056828054388428216, 0.01452951340288707, 0.00473465984666227, 0.03601425442715178, 0.014836665654957823, 0.006469005910903214, -0.13367905789985712, -0.10491367838323111, -0.18604985864274742, 0.02909839649879887, -0.005946382603945727, 0.009509390573310548, 0.007927100091506017, 0.00869824690632337, -0.07250717299273796, 9.830235475161153e-05, -0.0036550208091621905, 0.008057249942665434, 0.0035587413519422365, 0.003597168609639767]
other derivatives: [ 0.50240487  0.79598976 -0.84382918  0.3255991  -0.22882887  0.        ]
Current x array =  [-0.69545861 -0.83326458 -0.54655279  0.70590352 -3.08854681  0.33647224
  1.96396554  1.71766921 -0.06607445  0.06237436 -1.4441565  -0.44842737
 -0.28396788 -1.32550128 -1.24392364 -1.12513921 -2.24085692 -2.11280571
 -0.77445377 -0.92502221 -0.89914189 -2.901013   -1.92981405 -4.36294361
 -2.26460286 -2.19408056 -1.34127818 -2.16088869 -3.60614583 -2.68201957
 -2.95117595 -2.83452384]
log likelihood =  -10832.7269792
Edge derivatives =  [0.011776265096103966, -0.012718838536145083, -0.0011365175032641978, 0.07884638872045426, 0.019343315141103525, 0.016153188726792146, -0.010208925456896951, 0.044929246784278676, 0.011763511457416942, 0.014994174591291265, 0.011354284534255368, -0.00022872055437755945, -0.028560114502997502, -0.024565652551149845, -0.0829692342563606, 0.05145533721630261, -0.0019283539056427768, 0.01042653978830414, 0.0038024278032468273, 0.0027494229739402076, -0.028478144659893567, -0.0013370473059714921, -0.01217203021328852, -0.005143097688926457, -0.0028755162778302742, -0.005573990562482867]
other derivatives: [ 0.07494236  0.25174813 -0.12696546  0.05875336  0.26375346  0.        ]
Current x array =  [-0.69528265 -0.83292668 -0.54671207  0.70627365 -3.08944231  0.33647224
  1.96518811  1.71836026 -0.06778391  0.06454246 -1.44667088 -0.44704926
 -0.28209324 -1.32803641 -1.24412498 -1.124589   -2.24095536 -2.11260422
 -0.77550854 -0.92592206 -0.89986579 -2.9036326  -1.92987033 -4.3633175
 -2.26449481 -2.19404215 -1.34175783 -2.16085657 -3.60550788 -2.68168985
 -2.95103495 -2.83426746]
log likelihood =  -10832.7269912
Edge derivatives =  [-0.02784022075244197, -0.02988817210501607, -0.011181879676294859, 0.07620626779939817, 0.011721225661211657, 0.02191717453351027, 0.002057503548127948, 0.03334857174832854, 0.006287425744490094, 0.01996031771819423, 0.01147973076933878, 0.0011674348002235768, -0.06197130355574304, -0.052404047053638214, -0.09364632369229353, 0.047003368149796707, -0.004383830409804473, 0.009976667815269642, 0.00493732201008279, 0.0032619164687968105, -0.04482078349656726, -0.002350028118410369, -0.010120848768048848, -0.0013538207448542255, -0.0013604767938886972, -0.0031280817714658404]
other derivatives: [-0.02073648  0.11368684 -0.2917659   0.07603376 -0.02874003  0.        ]
Current x array =  [-0.69531895 -0.832903   -0.54671972  0.70615479 -3.0889783   0.33647224
  1.9649247   1.71810617 -0.06781803  0.06394208 -1.44612013 -0.4474661
 -0.28263212 -1.32737408 -1.24405032 -1.12482754 -2.24092788 -2.11268655
 -0.77526686 -0.9256469  -0.89987901 -2.90298267 -1.92986019 -4.36321714
 -2.2645443  -2.19407034 -1.3416102  -2.1608732  -3.60567954 -2.68183156
 -2.95109376 -2.83437149]
log likelihood =  -10832.7269699
Edge derivatives =  [-0.0007940474691701116, -0.018166561734143993, -0.004323924877388752, 0.07800803825546243, 0.01692600648121606, 0.017982846334240105, -0.006315365197863826, 0.041256807681750954, 0.010026559818726855, 0.016569958227882042, 0.011394122153745162, 0.00021432138849053484, -0.03916021021826277, -0.03339736286184619, -0.08635658828491444, 0.050043423842788946, -0.0027074161049421286, 0.010283802222071967, 0.004162562562364858, 0.0029120830640061435, -0.033663105914763236, -0.0016584476872453097, -0.01152116831389896, -0.003940736684240415, -0.0023947838817075517, -0.004797895111192663]
other derivatives: [-0.07457857  0.35197445 -0.17898856  0.10659278  0.06657501  0.        ]
Current x array =  [-0.69529417 -0.83291917 -0.5467145   0.70623594 -3.08929509  0.33647224
  1.96510453  1.71827964 -0.06779473  0.06435197 -1.44649613 -0.44718152
 -0.28226422 -1.32782626 -1.24410129 -1.12466468 -2.24094664 -2.11263034
 -0.77543186 -0.92583475 -0.89986998 -2.90342639 -1.92986711 -4.36328565
 -2.26451051 -2.19405109 -1.34171099 -2.16086185 -3.60556235 -2.68173481
 -2.95105361 -2.83430047]
      fun: 10832.726969942632
 hess_inv: <32x32 LbfgsInvHessProduct with dtype=float64>
      jac: array([  7.45785655e-02,  -3.51974450e-01,   1.78988557e-01,
        -1.06592779e-01,  -6.65750122e-02,  -0.00000000e+00,
         7.94047469e-04,   1.81665617e-02,   4.32392488e-03,
        -7.80080383e-02,  -1.69260065e-02,  -1.79828463e-02,
         6.31536520e-03,  -4.12568077e-02,  -1.00265598e-02,
        -1.65699582e-02,  -1.13941222e-02,  -2.14321388e-04,
         3.91602102e-02,   3.33973629e-02,   8.63565883e-02,
        -5.00434238e-02,   2.70741610e-03,  -1.02838022e-02,
        -4.16256256e-03,  -2.91208306e-03,   3.36631059e-02,
         1.65844769e-03,   1.15211683e-02,   3.94073668e-03,
         2.39478388e-03,   4.79789511e-03])
  message: 'CONVERGENCE: REL_REDUCTION_OF_F_<=_FACTR*EPSMCH'
     nfev: 79
      nit: 67
   status: 0
  success: True
        x: array([-0.69529417, -0.83291917, -0.5467145 ,  0.70623594, -3.08929509,
        0.33647224,  1.96510453,  1.71827964, -0.06779473,  0.06435197,
       -1.44649613, -0.44718152, -0.28226422, -1.32782626, -1.24410129,
       -1.12466468, -2.24094664, -2.11263034, -0.77543186, -0.92583475,
       -0.89986998, -2.90342639, -1.92986711, -4.36328565, -2.26451051,
       -2.19405109, -1.34171099, -2.16086185, -3.60556235, -2.68173481,
       -2.95105361, -2.83430047])
