/home3/jxiong7/IGCexpansion/IGCexpansion/CodonGeneconv.py:277: FutureWarning: comparison to `None` will result in an elementwise object comparison in the future.
  if not x == None:
number of sites to be analyzed:  299
Successfully loaded parameter value from ./test/save/MG94_ARa_ERa_nonclock_save.txt
log likelihood =  -10816.6791877
Edge derivatives =  [-0.03772080505369302, -0.016922099219189995, 0.01712314134307523, 0.011805248773870874, -0.034282506207521976, 0.01778706749098309, -0.003259567777533355, -0.00852682201767643, -0.00709799325843391, 0.007900830154589866, 0.0011665929415265869, 0.003223100757331343, -0.00810508523943515, -0.008702910771942678, 0.00234491446999352, -0.0033952862677824047, 0.01363245594103743, 0.010180757195389325, -0.015062760738600967, -0.012990567185848456, -0.017173446848043006, 0.007421706385979707, -0.0068775105429938616, 0.009755162085322178, -0.002382053875002829, 0.014773999725164688]
other derivatives: [-0.07385097 -0.04256435 -0.14570105 -0.00800355  0.00291038 -0.02255547]
Current x array =  [-0.69641176 -0.83339727 -0.54784479  0.72575319 -3.10348836 -2.38094249
  2.07341144  1.62347312 -0.13629673  0.0574168  -1.49689921 -0.46232185
 -0.29849361 -1.3370005  -1.28048454 -1.14164996 -2.26453373 -2.12942212
 -0.80647598 -0.93117724 -0.93159811 -2.90545252 -1.9505304  -4.4182308
 -2.28185172 -2.22272336 -1.36240584 -2.18231879 -3.61807809 -2.70749668
 -2.97408924 -2.85695919]
log likelihood =  -10860.8597831
Edge derivatives =  [11.64561225428708, 3.591422760935545, -0.3656261741742612, -0.54935927760517, -0.5975263157511962, -2.1860708649568505, 0.8828645610450295, 0.17575651651779164, -2.1025375716407826, -2.736289485325941, -0.12591398395480308, -0.5878551877260149, -1.490025495468482, -0.16286353124719774, -2.9985534906452056, -0.5997532972768174, -0.7963389344269768, -0.05992347908427224, -0.3432314216536254, -0.6265314785269519, 1.396237593732437, -1.6702166960422544, -0.05918391440891826, -1.0093515482926976, -0.4390743553752948, -1.0055978906026666]
other derivatives: [ 255.64950192   80.0793714   413.91904233  -16.94988896   21.75256668
    0.6697519 ]
Current x array =  [-0.77026273 -0.87596163 -0.69354584  0.71774964 -3.10057798 -2.40349796
  2.03569064  1.60655103 -0.11917359  0.06922205 -1.53118171 -0.44453478
 -0.30175317 -1.34552732 -1.28758253 -1.13374913 -2.26336713 -2.12619902
 -0.81458107 -0.93988015 -0.92925319 -2.9088478  -1.93689794 -4.40805004
 -2.29691448 -2.23571393 -1.37957928 -2.17489708 -3.6249556  -2.69774152
 -2.9764713  -2.84218519]
log likelihood =  -10816.679182
Edge derivatives =  [-0.032632187196169005, -0.015341788131889356, 0.017298372903905214, 0.011978839980983341, -0.03428486314360671, 0.01757056814185029, -0.0023338452847018742, -0.00823796055407423, -0.007511578449928835, 0.007261165736842101, 0.0012620804305501637, 0.0031647939102260603, -0.008215999269277852, -0.008322773988210474, 0.0017357279479240928, -0.0035519435089651115, 0.013531002767451866, 0.010171545193542006, -0.01505660793542346, -0.01307828465097649, -0.01635033919171419, 0.006950211894117403, -0.006864765262564694, 0.009485687465825635, -0.0024651692921416474, 0.01449449903060962]
other derivatives: [ 0.06039045 -0.00363798  0.07075869  0.0178261  -0.01091394 -0.02219167]
Current x array =  [-0.69643743 -0.83341207 -0.54789542  0.72575041 -3.10348735 -2.38095033
  2.07339833  1.62346724 -0.13629078  0.05742091 -1.49691112 -0.46231567
 -0.29849474 -1.33700347 -1.280487   -1.14164722 -2.26453332 -2.129421
 -0.8064788  -0.93118027 -0.93159729 -2.9054537  -1.95052566 -4.41822726
 -2.28185695 -2.22272788 -1.36241181 -2.18231621 -3.61808048 -2.70749329
 -2.97409007 -2.85695405]
      fun: 10816.679181974694
 hess_inv: <32x32 LbfgsInvHessProduct with dtype=float64>
      jac: array([-0.06039045,  0.00363798, -0.07075869, -0.0178261 ,  0.01091394,
        0.02219167,  0.03263219,  0.01534179, -0.01729837, -0.01197884,
        0.03428486, -0.01757057,  0.00233385,  0.00823796,  0.00751158,
       -0.00726117, -0.00126208, -0.00316479,  0.008216  ,  0.00832277,
       -0.00173573,  0.00355194, -0.013531  , -0.01017155,  0.01505661,
        0.01307828,  0.01635034, -0.00695021,  0.00686477, -0.00948569,
        0.00246517, -0.0144945 ])
  message: 'CONVERGENCE: REL_REDUCTION_OF_F_<=_FACTR*EPSMCH'
     nfev: 3
      nit: 1
   status: 0
  success: True
        x: array([-0.69643743, -0.83341207, -0.54789542,  0.72575041, -3.10348735,
       -2.38095033,  2.07339833,  1.62346724, -0.13629078,  0.05742091,
       -1.49691112, -0.46231567, -0.29849474, -1.33700347, -1.280487  ,
       -1.14164722, -2.26453332, -2.129421  , -0.8064788 , -0.93118027,
       -0.93159729, -2.9054537 , -1.95052566, -4.41822726, -2.28185695,
       -2.22272788, -1.36241181, -2.18231621, -3.61808048, -2.70749329,
       -2.97409007, -2.85695405])
number of sites to be analyzed:  299
Successfully loaded parameter value from ./test/save/MG94_Force_ARa_ERa_nonclock_save.txt
log likelihood =  -10832.7269699
Edge derivatives =  [-0.0007940474088177218, -0.018166561595471198, -0.004323924875385493, 0.07800803825484859, 0.016926006480939473, 0.017982846334580464, -0.0063153651985989046, 0.04125680768222272, 0.01002655981828282, 0.016569958228342507, 0.011394122153650654, 0.0002143213885709705, -0.03916021021822147, -0.033397362861893626, -0.08635658828490173, 0.05004342384277467, -0.002707416104940491, 0.010283802222051903, 0.004162562562363109, 0.0029120830640047, -0.03366310591473648, -0.001658447687261394, -0.011521168313897164, -0.003940736684243051, -0.00239478388170436, -0.004797895111192663]
other derivatives: [ 0.04383764  0.17771526 -0.19444997  0.03910827 -0.01509761  0.        ]
Current x array =  [-0.69529417 -0.83291917 -0.5467145   0.70623594 -3.08929509  0.33647224
  1.96510453  1.71827964 -0.06779473  0.06435197 -1.44649613 -0.44718152
 -0.28226422 -1.32782626 -1.24410129 -1.12466468 -2.24094664 -2.11263034
 -0.77543186 -0.92583475 -0.89986998 -2.90342639 -1.92986711 -4.36328565
 -2.26451051 -2.19405109 -1.34171099 -2.16086185 -3.60556235 -2.68173481
 -2.95105361 -2.83430047]
log likelihood =  -10929.0514254
Edge derivatives =  [5.005392209960913, 0.3438400151239775, -3.6010615889909383, -5.957627460945371, -4.9106754879458325, -12.344148613411644, -5.528076952494138, -3.2001346056538074, -9.942458806956807, -11.222305126878691, -3.3776903707347086, -3.8590979330135684, -5.812974800018203, -5.708086587251461, -3.726671748581075, -2.247034900793718, -3.7146617670798396, -0.4708797605238138, -4.035364719816593, -4.897023998145979, -2.9494662000422434, -4.310636042048307, -1.248653455566486, -3.0157192805949853, -2.249744332903085, -2.6077937261787136]
other derivatives: [-200.4140697  -434.77848521  531.75408539  -31.13054845   13.67334335
    0.        ]
Current x array =  [-0.65145652 -0.6552039  -0.74116446  0.74534421 -3.1043927   0.33647224
  1.96431049  1.70011308 -0.07211866  0.14236    -1.42957013 -0.42919867
 -0.28857959 -1.28656945 -1.23407473 -1.10809473 -2.22955252 -2.11241602
 -0.81459207 -0.95923212 -0.98622657 -2.85338296 -1.93257453 -4.35300185
 -2.26034795 -2.19113901 -1.37537409 -2.16252029 -3.61708352 -2.68567555
 -2.95344839 -2.83909836]
log likelihood =  -10832.7269398
Edge derivatives =  [0.005359671230625862, -0.016487559326290174, -0.00484860507090272, 0.07664593389848075, 0.015401636941922273, 0.014302279114188764, -0.006457925947116298, 0.040641547815586994, 0.006587907414500271, 0.012552495259855634, 0.010388606699176128, -0.0009566395295484975, -0.04010079779675785, -0.03438363470071268, -0.08633993676348473, 0.049251801859144725, -0.003702706067842315, 0.010126430660289253, 0.0027387258507115264, 0.0011543002712077755, -0.033684157469548504, -0.003185888422575195, -0.01198950715140465, -0.0050287338872961745, -0.00318080966898443, -0.005728229216815817]
other derivatives: [-0.14388206  0.05456968  0.10713848  0.15152182  0.10386429  0.        ]
Current x array =  [-0.69527257 -0.83283161 -0.5468103   0.70625521 -3.08930252  0.33647224
  1.96510414  1.71827069 -0.06779686  0.0643904  -1.44648779 -0.44717266
 -0.28226733 -1.32780593 -1.24409635 -1.12465652 -2.24094103 -2.11263023
 -0.77545115 -0.92585121 -0.89991253 -2.90340173 -1.92986845 -4.36328059
 -2.26450846 -2.19404966 -1.34172757 -2.16086266 -3.60556803 -2.68173675
 -2.95105479 -2.83430283]
log likelihood =  -10832.7269253
Edge derivatives =  [0.005859373321773775, -0.016954413895135245, -0.0057827974400773835, 0.07480035740337206, 0.01450318368389595, 0.01205538784614895, -0.006443208640475803, 0.040258807648425654, 0.0047643804139680945, 0.010447504204255886, 0.009840237988660877, -0.0017029904236789406, -0.039254303283509706, -0.03348029440648058, -0.08283514357735389, 0.04905654867539313, -0.004034280431865794, 0.0100910388938075, 0.0022182168034634298, 0.00028029298014675685, -0.032508053307202744, -0.0038345526160438737, -0.012165439183696773, -0.0054871007912143666, -0.0035262939030444376, -0.006125734422389839]
other derivatives: [-0.17898856 -0.08003553  0.18226274  0.15206751 -0.00345608  0.        ]
Current x array =  [-0.69529901 -0.83275869 -0.54684296  0.70631065 -3.08927808  0.33647224
  1.9651054   1.71826015 -0.06779963  0.06443728 -1.44647797 -0.4471628
 -0.2822712  -1.32778111 -1.24409125 -1.12464761 -2.24093441 -2.11263043
 -0.77547515 -0.92587172 -0.89996485 -2.90337163 -1.92987037 -4.3632744
 -2.26450634 -2.19404839 -1.34174798 -2.1608641  -3.60557514 -2.68173945
 -2.95105646 -2.834306  ]
      fun: 10832.726925297731
 hess_inv: <32x32 LbfgsInvHessProduct with dtype=float64>
      jac: array([ 0.17898856,  0.08003553, -0.18226274, -0.15206751,  0.00345608,
       -0.        , -0.00585937,  0.01695441,  0.0057828 , -0.07480036,
       -0.01450318, -0.01205539,  0.00644321, -0.04025881, -0.00476438,
       -0.0104475 , -0.00984024,  0.00170299,  0.0392543 ,  0.03348029,
        0.08283514, -0.04905655,  0.00403428, -0.01009104, -0.00221822,
       -0.00028029,  0.03250805,  0.00383455,  0.01216544,  0.0054871 ,
        0.00352629,  0.00612573])
  message: 'CONVERGENCE: REL_REDUCTION_OF_F_<=_FACTR*EPSMCH'
     nfev: 4
      nit: 2
   status: 0
  success: True
        x: array([-0.69529901, -0.83275869, -0.54684296,  0.70631065, -3.08927808,
        0.33647224,  1.9651054 ,  1.71826015, -0.06779963,  0.06443728,
       -1.44647797, -0.4471628 , -0.2822712 , -1.32778111, -1.24409125,
       -1.12464761, -2.24093441, -2.11263043, -0.77547515, -0.92587172,
       -0.89996485, -2.90337163, -1.92987037, -4.3632744 , -2.26450634,
       -2.19404839, -1.34174798, -2.1608641 , -3.60557514, -2.68173945,
       -2.95105646, -2.834306  ])
