/home3/jxiong7/IGCexpansion/IGCexpansion/CodonGeneconv.py:277: FutureWarning: comparison to `None` will result in an elementwise object comparison in the future.
  if not x == None:
number of sites to be analyzed:  344
Successfully loaded parameter value from ./test/save/MG94_AR_MR_nonclock_save.txt
log likelihood =  -10444.4473407
Edge derivatives =  [-0.002271706129165718, 0.002117987967843765, -0.017683420906891636, -0.005805256536258074, -0.03201309167541706, 0.026556006623828954, 0.01635758084432859, -0.0103280207236503, -0.02814313499070642, -0.011202619389187325, 0.010034504230686483, -0.011625423504357156, 0.02817951862894994, -0.005640126274695012, -0.010798244775957484, -0.002251795790419009, 0.010183173500427384, -0.03752617629556385, -0.02416515402603414, -0.01044717048039074]
other derivatives: [ 0.06584742  0.00291038 -0.03128662  0.04074536  0.02310117 -0.01346052]
Current x array =  [-0.66249817 -0.78382235 -0.55767622  0.59491802 -2.99723363 -1.95567716
  0.91663951  2.50268936 -0.09387893 -0.07090861 -0.31678969 -0.41623959
 -0.5773417  -1.10925102 -0.92112364 -1.09221002 -1.8787257  -3.39689685
 -3.73962629 -2.70039599 -2.12227035 -1.51381596 -3.02746492 -3.57935549
 -2.65674776 -2.90313131]
log likelihood =  -10455.3815522
Edge derivatives =  [-2.7882906350023107, -4.683598628398062, -1.6508347814222188, -1.7428079813015227, -0.8966228077176618, -2.949196611097642, -2.3177937956285204, -1.1199512767580344, 0.61528774551236, -0.34062729321261165, -2.0815846657762473, -0.29892545809587534, -0.29814926545326337, -0.16106455027619848, -0.4195726170727936, -1.3875059830003262, -0.6364316462259149, 0.26208261588112564, 0.3802453437160608, -0.14139838000293656]
other derivatives: [-283.2559403   -11.52438927   95.31449905   -7.691051    -14.60721251
    1.37988536]
Current x array =  [-0.59665075 -0.78091197 -0.58896284  0.63566338 -2.97413246 -1.96913768
  0.9143678   2.50480735 -0.11156235 -0.07671387 -0.34880278 -0.38968359
 -0.56098412 -1.11957904 -0.94926677 -1.10341264 -1.8686912  -3.40852228
 -3.71144677 -2.70603611 -2.13306859 -1.51606775 -3.01728174 -3.61688167
 -2.68091292 -2.91357848]
log likelihood =  -10444.4473353
Edge derivatives =  [-0.004067037006248164, -0.000935441056550558, -0.018590772311224038, -0.00677663315589716, -0.03254178911647872, 0.02464281942459927, 0.014813339581757345, -0.011028901099942867, -0.027723999854999737, -0.011462094045122464, 0.008623100908360534, -0.011829934561386507, 0.02795932120980132, -0.005759053232562428, -0.01108694110490379, -0.0031981196162023107, 0.009749593261870151, -0.03732254451004295, -0.023895644460126153, -0.010538765397802179]
other derivatives: [-0.14861143 -0.04565663 -0.02128218 -0.00418368 -0.02582965 -0.05238689]
Current x array =  [-0.66245353 -0.78382038 -0.55769743  0.59494564 -2.99721796 -1.95568628
  0.91663797  2.5026908  -0.09389092 -0.07091255 -0.31681139 -0.41622159
 -0.57733061 -1.10925802 -0.92114272 -1.09221762 -1.8787189  -3.39690473
 -3.73960719 -2.70039981 -2.12227767 -1.51381748 -3.02745801 -3.57938093
 -2.65676415 -2.9031384 ]
      fun: 10444.447335275692
 hess_inv: <26x26 LbfgsInvHessProduct with dtype=float64>
      jac: array([ 0.14861143,  0.04565663,  0.02128218,  0.00418368,  0.02582965,
        0.05238689,  0.00406704,  0.00093544,  0.01859077,  0.00677663,
        0.03254179, -0.02464282, -0.01481334,  0.0110289 ,  0.027724  ,
        0.01146209, -0.0086231 ,  0.01182993, -0.02795932,  0.00575905,
        0.01108694,  0.00319812, -0.00974959,  0.03732254,  0.02389564,
        0.01053877])
  message: 'CONVERGENCE: REL_REDUCTION_OF_F_<=_FACTR*EPSMCH'
     nfev: 3
      nit: 1
   status: 0
  success: True
        x: array([-0.66245353, -0.78382038, -0.55769743,  0.59494564, -2.99721796,
       -1.95568628,  0.91663797,  2.5026908 , -0.09389092, -0.07091255,
       -0.31681139, -0.41622159, -0.57733061, -1.10925802, -0.92114272,
       -1.09221762, -1.8787189 , -3.39690473, -3.73960719, -2.70039981,
       -2.12227767, -1.51381748, -3.02745801, -3.57938093, -2.65676415,
       -2.9031384 ])
number of sites to be analyzed:  344
Successfully loaded parameter value from ./test/save/MG94_Force_AR_MR_nonclock_save.txt
log likelihood =  -10468.9897039
Edge derivatives =  [-0.011098789967564915, 0.002549330640930463, -0.0023219496406409468, -0.003618906249838183, -0.020543560482169695, 0.0476670453149578, 0.023423451937642614, -0.028997735031899063, -0.008926260621702431, -0.006828934130346124, -0.0021226739166075453, -0.006479595520806493, 0.028054696703488563, -0.025475171669950836, -0.020526241489651362, -0.01062640367372647, -0.014574339791824625, -0.01890529070921547, -0.026660809472172753, -0.008373754319831474]
other derivatives: [-0.2053639   0.10077201 -0.15297701  0.01055014 -0.03201421  0.        ]
Current x array =  [ -6.65774293e-01  -7.87814234e-01  -5.55283374e-01   5.81341025e-01
  -3.03210155e+00   3.36472237e-01   8.40734290e-01   2.55400193e+00
   1.00072472e-02  -1.81520273e-03  -2.68154733e-01  -3.30366816e-01
  -5.14666125e-01  -1.03394614e+00  -8.55969659e-01  -1.02511903e+00
  -1.83527164e+00  -3.32195335e+00  -3.70263681e+00  -2.65124743e+00
  -2.07377128e+00  -1.45772565e+00  -2.97765762e+00  -3.52583943e+00
  -2.61062832e+00  -2.85115939e+00]
log likelihood =  -10582.7787716
Edge derivatives =  [9.344684726672297, 13.590228090028356, 5.050767802412425, 3.015202428770537, 2.023421114821626, -1.2856523971084133, 1.4122914658660177, 2.094713232699144, -0.9500688684404802, 0.6730127690138125, -0.9214233339751083, 0.6495135213188723, 0.040709681947676685, 1.3998437281048512, 0.8160021741184568, 1.5258211272070945, 0.4100313857526147, 0.514176314701723, 1.079191339790095, 0.39743552372022406]
other derivatives: [ 608.55145421 -205.95671231  412.72960516  -16.73306542   53.3522325     0.        ]
Current x array =  [-0.8711382  -0.68704222 -0.70826038  0.59189116 -3.06411576  0.33647224
  0.8296355   2.55655126  0.0076853  -0.00543411 -0.28869829 -0.28269977
 -0.49124267 -1.06294387 -0.86489592 -1.03194797 -1.83739432 -3.32843295
 -3.67458211 -2.6767226  -2.09429752 -1.46835205 -2.99223196 -3.54474472
 -2.63728913 -2.85953314]
log likelihood =  -10468.9896905
Edge derivatives =  [-0.007455512806925024, 0.00810718588952869, -1.461415836090385e-05, -0.002034202732101642, -0.019569340998468646, 0.04752202966406108, 0.024243437532500023, -0.027972608393329768, -0.009008932893708077, -0.0064255635667641526, -0.002292287669410503, -0.00625765951425819, 0.028084820477485308, -0.02500926655696767, -0.020162343883592095, -0.009936810178668987, -0.01439052582035763, -0.018709962611932286, -0.026253212929359893, -0.00819823298916151]
other derivatives: [ 0.05966285  0.03965397  0.0169166   0.00563887 -0.00945874  0.        ]
Current x array =  [ -6.65840884e-01  -7.87781558e-01  -5.55332979e-01   5.81344446e-01
  -3.03211193e+00   3.36472237e-01   8.40730691e-01   2.55400275e+00
   1.00064943e-02  -1.81637620e-03  -2.68161395e-01  -3.30351360e-01
  -5.14658529e-01  -1.03395554e+00  -8.55972553e-01  -1.02512125e+00
  -1.83527233e+00  -3.32195545e+00  -3.70262771e+00  -2.65125569e+00
  -2.07377793e+00  -1.45772909e+00  -2.97766235e+00  -3.52584556e+00
  -2.61063696e+00  -2.85116210e+00]
      fun: 10468.989690513055
 hess_inv: <26x26 LbfgsInvHessProduct with dtype=float64>
      jac: array([ -5.96628524e-02,  -3.96539690e-02,  -1.69166015e-02,
        -5.63886715e-03,   9.45874490e-03,  -0.00000000e+00,
         7.45551281e-03,  -8.10718589e-03,   1.46141584e-05,
         2.03420273e-03,   1.95693410e-02,  -4.75220297e-02,
        -2.42434375e-02,   2.79726084e-02,   9.00893289e-03,
         6.42556357e-03,   2.29228767e-03,   6.25765951e-03,
        -2.80848205e-02,   2.50092666e-02,   2.01623439e-02,
         9.93681018e-03,   1.43905258e-02,   1.87099626e-02,
         2.62532129e-02,   8.19823299e-03])
  message: 'CONVERGENCE: REL_REDUCTION_OF_F_<=_FACTR*EPSMCH'
     nfev: 3
      nit: 1
   status: 0
  success: True
        x: array([ -6.65840884e-01,  -7.87781558e-01,  -5.55332979e-01,
         5.81344446e-01,  -3.03211193e+00,   3.36472237e-01,
         8.40730691e-01,   2.55400275e+00,   1.00064943e-02,
        -1.81637620e-03,  -2.68161395e-01,  -3.30351360e-01,
        -5.14658529e-01,  -1.03395554e+00,  -8.55972553e-01,
        -1.02512125e+00,  -1.83527233e+00,  -3.32195545e+00,
        -3.70262771e+00,  -2.65125569e+00,  -2.07377793e+00,
        -1.45772909e+00,  -2.97766235e+00,  -3.52584556e+00,
        -2.61063696e+00,  -2.85116210e+00])
