/home3/jxiong7/IGCexpansion/IGCexpansion/CodonGeneconv.py:277: FutureWarning: comparison to `None` will result in an elementwise object comparison in the future.
  if not x == None:
number of sites to be analyzed:  185
Successfully loaded parameter value from ./test/save/MG94_YNL301C_YOL120C_nonclock_save.txt
log likelihood =  -2139.30757876
Edge derivatives =  [0.0006271015574423854, 8.713197616519452e-05, 0.0017668447543685295, -0.0016361269768450648, -0.005986111117398964, -0.0019093586249898653, 0.0029977068060310363, -0.002103918368222407, -0.0006040853893462261, -0.0016893829644394343, -0.0012546474332675167, -0.0018906838316914698]
other derivatives: [-0.01032276  0.00050022  0.0005457  -0.00236469  0.00100044  0.00222826]
Current x array =  [-0.72156133 -0.54730101 -0.88719079  1.68010437 -2.06556772  0.90816136
 -4.78148587 -1.73320728 -2.47452301 -1.32414627 -4.25802821 -2.4938783
 -3.95280785 -2.24588137 -5.39840981 -2.56308199 -2.76367228 -2.69756815]
log likelihood =  -2139.34953665
Edge derivatives =  [0.004586178770645245, 0.048867167472847584, 0.043550851312862904, 0.2155176039803638, 0.012435147245790413, 0.09082652030377722, 0.021418617824020526, 0.1080502586711991, 0.0029671649336608244, 0.0726676544859326, 0.06480912433610053, 0.06454644215355473]
other derivatives: [ 7.99186637 -0.42109605 -0.38653525 -0.11559678  0.07521521 -0.0635282 ]
Current x array =  [-0.7318841  -0.54680078 -0.88664509  1.67773968 -2.06456727  0.91038962
 -4.78085877 -1.73312015 -2.47275616 -1.32578239 -4.26401432 -2.49578765
 -3.94981014 -2.24798529 -5.39901389 -2.56477137 -2.76492693 -2.69945883]
log likelihood =  -2139.30757856
Edge derivatives =  [0.0006351806305458785, 0.00019142128980065287, 0.0018558956089641254, -0.0011651724063866942, -0.005946074827866923, -0.001708392950871912, 0.0030374781000137574, -0.0018654618368798004, -0.0005964303788499664, -0.0015282218126074776, -0.0011120874788540097, -0.0017465073631241779]
other derivatives: [ 0.00741238 -0.00045475 -0.0003638  -0.00263753  0.00118234  0.00200089]
Current x array =  [-0.72158392 -0.54729991 -0.88718959  1.6800992  -2.06556553  0.90816623
 -4.78148449 -1.73320709 -2.47451914 -1.32414985 -4.25804131 -2.49388247
 -3.95280129 -2.24588598 -5.39841113 -2.56308569 -2.76367503 -2.69757229]
      fun: 2139.3075785569245
 hess_inv: <18x18 LbfgsInvHessProduct with dtype=float64>
      jac: array([-0.00741238,  0.00045475,  0.0003638 ,  0.00263753, -0.00118234,
       -0.00200089, -0.00063518, -0.00019142, -0.0018559 ,  0.00116517,
        0.00594607,  0.00170839, -0.00303748,  0.00186546,  0.00059643,
        0.00152822,  0.00111209,  0.00174651])
  message: 'CONVERGENCE: REL_REDUCTION_OF_F_<=_FACTR*EPSMCH'
     nfev: 3
      nit: 1
   status: 0
  success: True
        x: array([-0.72158392, -0.54729991, -0.88718959,  1.6800992 , -2.06556553,
        0.90816623, -4.78148449, -1.73320709, -2.47451914, -1.32414985,
       -4.25804131, -2.49388247, -3.95280129, -2.24588598, -5.39841113,
       -2.56308569, -2.76367503, -2.69757229])
Traceback (most recent call last):
  File "Run_rebuild.py", line 52, in <module>
    main(parser.parse_args())
  File "Run_rebuild.py", line 14, in main
    MG94_tau.site_reconstruction()
  File "/home3/jxiong7/IGCexpansion/IGCexpansion/CodonGeneconv.py", line 1828, in site_reconstruction
    np.savetxt(open('./test/Ancestral_reconstruction/parameters/' + 'tau_' + self.paralog[0] + '_' + self.paralog[1] + '_' +model +'.txt','w+'), b)
  File "/usr/local/lib/python2.7/dist-packages/numpy/lib/npyio.py", line 1175, in savetxt
    ncol = X.shape[1]
IndexError: tuple index out of range
