/home3/jxiong7/IGCexpansion/IGCexpansion/CodonGeneconv.py:277: FutureWarning: comparison to `None` will result in an elementwise object comparison in the future.
  if not x == None:
number of sites to be analyzed:  183
Successfully loaded parameter value from ./test/save/MG94_YJL177W_YKL180W_nonclock_save.txt
log likelihood =  -1837.05812831
Edge derivatives =  [-4.4190516937565286e-05, -0.0009815812103128874, -0.0021790584364421717, -0.0008473240922232672, 0.008205309735935584, -0.006629950295085063, -0.0026164215740695704, 0.0015619073058872612, 0.002587533528533914, -0.0010324523047249984, 0.0025333172791583702, -0.004933455363320127]
other derivatives: [-0.01755325 -0.00381988  0.0003638   0.00159162 -0.00045475  0.00122782]
Current x array =  [ -0.7189014   -0.45380517  -0.81390951   1.85016694  -2.35169251
   0.56819652 -12.40357753  -1.49680227  -1.71257957  -1.71383347
  -3.47987464  -3.60525006  -3.91843035  -2.90664651  -4.71745598
  -3.15784047  -3.62687891  -3.26626236]
log likelihood =  -1837.17567326
Edge derivatives =  [-3.545448946766302e-05, 0.22107869624245513, 0.33271748570179055, 0.27492952243349866, 0.009066285452287937, 0.056851591889860664, 0.03352232017413415, 0.05143072617593164, 0.00863546690449958, 0.07945076890861447, 0.017966607293600723, 0.12377728503537311]
other derivatives: [ 12.68863343   2.06632649  -0.30140654  -0.42259671   0.20693278
  -0.09749783]
Current x array =  [ -0.73645465  -0.45762505  -0.81354571   1.85175855  -2.35214725
   0.56942434 -12.40362172  -1.49778385  -1.71475863  -1.7146808
  -3.47166933  -3.61188001  -3.92104677  -2.9050846   -4.71486845
  -3.15887293  -3.62434559  -3.27119581]
log likelihood =  -1837.0581278
Edge derivatives =  [-4.4173062297410366e-05, -0.0005294135302946756, -0.0014960383674047506, -0.0002863975971429955, 0.008205574651131808, -0.006499821985346266, -0.0025431141599294785, 0.0016622737958905676, 0.0025994145183897734, -0.0008688404140850675, 0.0025635417485718737, -0.004669476877810608]
other derivatives: [  9.16315912e-03   4.54747351e-04  -3.18323146e-04   7.04858394e-04
  -9.09494702e-05   9.77706804e-04]
Current x array =  [ -0.71893746  -0.45381302  -0.81390876   1.85017021  -2.35169344
   0.56819904 -12.40357762  -1.49680428  -1.71258405  -1.71383521
  -3.47985778  -3.60526368  -3.91843573  -2.9066433   -4.71745067
  -3.1578426   -3.6268737   -3.26627249]
      fun: 1837.0581278029451
 hess_inv: <18x18 LbfgsInvHessProduct with dtype=float64>
      jac: array([ -9.16315912e-03,  -4.54747351e-04,   3.18323146e-04,
        -7.04858394e-04,   9.09494702e-05,  -9.77706804e-04,
         4.41730623e-05,   5.29413530e-04,   1.49603837e-03,
         2.86397597e-04,  -8.20557465e-03,   6.49982199e-03,
         2.54311416e-03,  -1.66227380e-03,  -2.59941452e-03,
         8.68840414e-04,  -2.56354175e-03,   4.66947688e-03])
  message: 'CONVERGENCE: REL_REDUCTION_OF_F_<=_FACTR*EPSMCH'
     nfev: 3
      nit: 1
   status: 0
  success: True
        x: array([ -0.71893746,  -0.45381302,  -0.81390876,   1.85017021,
        -2.35169344,   0.56819904, -12.40357762,  -1.49680428,
        -1.71258405,  -1.71383521,  -3.47985778,  -3.60526368,
        -3.91843573,  -2.9066433 ,  -4.71745067,  -3.1578426 ,
        -3.6268737 ,  -3.26627249])
number of sites to be analyzed:  183
Successfully loaded parameter value from ./test/save/MG94_Force_YJL177W_YKL180W_nonclock_save.txt
log likelihood =  -1873.67774537
Edge derivatives =  [-1.5800237596436562e-05, 0.0027730800554207624, 0.0036838292287051377, 0.005911960286174023, -0.0015601903117097304, 0.0003445405708704108, -0.00622167739884192, 0.004270286473512186, -0.0031010890568596676, -0.0030744813990832287, 0.003518857858543889, 0.006861905480249342]
other derivatives: [ 0.0120508   0.0003638  -0.0003638  -0.00347882 -0.00222826  0.        ]
Current x array =  [ -0.73238455  -0.44169552  -0.82038728   1.84854924  -2.48501963
   0.33647224 -15.91769454  -1.41201999  -1.80936273  -1.71423117
  -3.24165445  -3.31442063  -3.68852532  -2.57942063  -4.35469838
  -2.80895222  -3.36994991  -2.99086678]
log likelihood =  -1873.7394262
Edge derivatives =  [-1.601554903111841e-05, -0.2175480768871194, -0.361321725054077, -0.4590208399328962, -0.02586325504317666, -0.04000902485941871, 0.0032526861088029366, -0.16242206558067696, -0.0029410586067030835, -0.011397647676961747, -0.07494995473376972, -0.15745626079724928]
other derivatives: [-9.64496394 -0.03119567  0.31895979  0.43651198 -0.08076313  0.        ]
Current x array =  [ -0.72033374  -0.44133172  -0.82075108   1.84507042  -2.4872479
   0.33647224 -15.91771034  -1.40924691  -1.8056789   -1.70831921
  -3.24321464  -3.31407609  -3.694747    -2.57515034  -4.35779947
  -2.8120267   -3.36643106  -2.98400488]
log likelihood =  -1873.67774485
Edge derivatives =  [-1.580086960501601e-05, 0.002132547041563848, 0.0026255559107533077, 0.0045657104200629295, -0.0016325717581264776, 0.0002265290306824319, -0.006195513380777173, 0.0037870297889493754, -0.0031013239016322545, -0.0031013915326368047, 0.003291255898149395, 0.006386986482308732]
other derivatives: [-0.01548415  0.00027285  0.00045475 -0.00231921 -0.00250111  0.        ]
Current x array =  [ -0.73234972  -0.44169446  -0.82038833   1.84853918  -2.48502607
   0.33647224 -15.91769459  -1.41201198  -1.80935208  -1.71421408
  -3.24165896  -3.31441963  -3.6885433   -2.57940828  -4.35470734
  -2.80896111  -3.36993974  -2.99084695]
      fun: 1873.6777448548632
 hess_inv: <18x18 LbfgsInvHessProduct with dtype=float64>
      jac: array([  1.54841473e-02,  -2.72848411e-04,  -4.54747351e-04,
         2.31921149e-03,   2.50111043e-03,  -0.00000000e+00,
         1.58008696e-05,  -2.13254704e-03,  -2.62555591e-03,
        -4.56571042e-03,   1.63257176e-03,  -2.26529031e-04,
         6.19551338e-03,  -3.78702979e-03,   3.10132390e-03,
         3.10139153e-03,  -3.29125590e-03,  -6.38698648e-03])
  message: 'CONVERGENCE: REL_REDUCTION_OF_F_<=_FACTR*EPSMCH'
     nfev: 3
      nit: 1
   status: 0
  success: True
        x: array([ -0.73234972,  -0.44169446,  -0.82038833,   1.84853918,
        -2.48502607,   0.33647224, -15.91769459,  -1.41201198,
        -1.80935208,  -1.71421408,  -3.24165896,  -3.31441963,
        -3.6885433 ,  -2.57940828,  -4.35470734,  -2.80896111,
        -3.36993974,  -2.99084695])
