/home3/jxiong7/IGCexpansion/IGCexpansion/CodonGeneconv.py:277: FutureWarning: comparison to `None` will result in an elementwise object comparison in the future.
  if not x == None:
number of sites to be analyzed:  156
Successfully loaded parameter value from ./test/save/MG94_EDN_ECP_nonclock_save.txt
log likelihood =  -2441.4483082
Edge derivatives =  [-0.005074052772885751, -0.007274212172414862, -0.009752875657941251, -0.002314625319411401, 0.0004204405633367776, -2.5254229596489985e-05, -0.006238252627894042, -0.0017932315973374635, -0.001989629019973807, -0.010895835494353124, 0.003355968589773925, 0.004239980861627357, 0.00477580055361463, -7.72698445049252e-05, 0.0012714974905924242, 0.006130345574463444, -8.52562447189796e-05, -0.004484132695871931, -0.005774963123684848, 0.0031445565657433235, -0.0032557424030379284, 0.00898698972309156, 0.0007100280049941697, -0.004717451859109989]
other derivatives: [-0.00104592  0.01159606  0.01200533 -0.00372893 -0.01109584  0.00045475]
Current x array =  [ -0.6694335   -0.54778952  -0.71912812   0.75391998  -0.08683753
  -0.89669216  -1.07390079  -1.76237458  -1.89326782  -3.08545918
  -4.56620551  -4.06255382  -3.25369706  -2.40750244  -3.30232463
  -4.83774827  -3.33621327  -1.93517763  -4.07470538 -15.0847572
  -3.85024798  -4.69406403 -15.16526966  -5.01136466  -4.25544368
  -4.77217815  -4.81530434  -4.50940913  -4.94965672  -3.27862377]
log likelihood =  -2441.5229695
Edge derivatives =  [0.2565706937688912, 0.21256179828359606, 0.3628122606768087, 0.07509110497510876, 0.0060149864791300064, 0.0016217374998003103, 0.06409019555866118, 0.07579719010800279, 0.0354420792465138, 0.021384714546539896, -0.029415228234442647, -0.16682641422757882, -0.020359851848204963, -7.769466054393817e-05, -0.006370414712019858, -0.008588705765796213, -8.534246284298866e-05, 0.0067531781507387395, 0.02542470842541792, -0.004597328028782845, 0.007523358347451374, -0.02354847812111228, 0.0016611567606351282, 0.06396819623266303]
other derivatives: [ 1.28879947 -6.54708856 -4.54547262  0.154796    0.87593435  0.15088517]
Current x array =  [ -0.67047942  -0.53619347  -0.70712279   0.75019105  -0.09793337
  -0.89623741  -1.07897485  -1.7696488   -1.90302069  -3.08777381
  -4.56578507  -4.06257907  -3.25993531  -2.40929567  -3.30431426
  -4.8486441   -3.3328573   -1.93093765  -4.06992958 -15.08483447
  -3.84897648  -4.68793368 -15.16535491  -5.01584879  -4.26121864
  -4.7690336   -4.81856008  -4.50042214  -4.94894669  -3.28334122]
log likelihood =  -2441.44830466
Edge derivatives =  [-0.003252908813528438, -0.00574203939951029, -0.007168682960821515, -0.0017761625496275635, 0.00046032171909689626, -9.87581759641365e-06, -0.005748894354959191, -0.0012439930012803913, -0.001725123316897656, -0.01067229359994925, 0.003140259662167813, 0.003096786066225876, 0.004607649144633311, -7.72727236124173e-05, 0.0012239513892244938, 0.0060313868425024356, -8.525678265311652e-05, -0.004407152754482436, -0.005558119396336533, 0.0030933642269962147, -0.0031802013405297647, 0.008767629251881973, 0.0007193972157286156, -0.0042405371335869635]
other derivatives: [ 0.0077307  -0.03228706 -0.01873559 -0.00254659 -0.00500222  0.00150067]
Current x array =  [ -0.66944066  -0.54771022  -0.71904602   0.75389448  -0.08691341
  -0.89668905  -1.07393549  -1.76242433  -1.89333451  -3.08547501
  -4.56620264  -4.06255399  -3.25373972  -2.4075147   -3.30233823
  -4.83782278  -3.33619032  -1.93514864  -4.07467272 -15.08475773
  -3.85023928  -4.69402211 -15.16527024  -5.01139532  -4.25548317
  -4.77215665  -4.8153266   -4.50934767  -4.94965186  -3.27865603]
      fun: 2441.448304661154
 hess_inv: <30x30 LbfgsInvHessProduct with dtype=float64>
      jac: array([ -7.73070497e-03,   3.22870619e-02,   1.87355909e-02,
         2.54658516e-03,   5.00222086e-03,  -1.50066626e-03,
         3.25290881e-03,   5.74203940e-03,   7.16868296e-03,
         1.77616255e-03,  -4.60321719e-04,   9.87581760e-06,
         5.74889435e-03,   1.24399300e-03,   1.72512332e-03,
         1.06722936e-02,  -3.14025966e-03,  -3.09678607e-03,
        -4.60764914e-03,   7.72727236e-05,  -1.22395139e-03,
        -6.03138684e-03,   8.52567827e-05,   4.40715275e-03,
         5.55811940e-03,  -3.09336423e-03,   3.18020134e-03,
        -8.76762925e-03,  -7.19397216e-04,   4.24053713e-03])
  message: 'CONVERGENCE: REL_REDUCTION_OF_F_<=_FACTR*EPSMCH'
     nfev: 3
      nit: 1
   status: 0
  success: True
        x: array([ -0.66944066,  -0.54771022,  -0.71904602,   0.75389448,
        -0.08691341,  -0.89668905,  -1.07393549,  -1.76242433,
        -1.89333451,  -3.08547501,  -4.56620264,  -4.06255399,
        -3.25373972,  -2.4075147 ,  -3.30233823,  -4.83782278,
        -3.33619032,  -1.93514864,  -4.07467272, -15.08475773,
        -3.85023928,  -4.69402211, -15.16527024,  -5.01139532,
        -4.25548317,  -4.77215665,  -4.8153266 ,  -4.50934767,
        -4.94965186,  -3.27865603])
Traceback (most recent call last):
  File "Run_rebuild_ECPEDN.py", line 22, in <module>
    MG94_tau.site_reconstruction()
  File "/home3/jxiong7/IGCexpansion/IGCexpansion/CodonGeneconv.py", line 1828, in site_reconstruction
    np.savetxt(open('./test/Ancestral_reconstruction/parameters/' + 'tau_' + self.paralog[0] + '_' + self.paralog[1] + '_' +model +'.txt','w+'), b)
  File "/usr/local/lib/python2.7/dist-packages/numpy/lib/npyio.py", line 1175, in savetxt
    ncol = X.shape[1]
IndexError: tuple index out of range
