/home3/jxiong7/IGCexpansion/IGCexpansion/CodonGeneconv.py:277: FutureWarning: comparison to `None` will result in an elementwise object comparison in the future.
  if not x == None:
number of sites to be analyzed:  342
Successfully loaded parameter value from ./test/save/MG94_MR_GR_nonclock_save.txt
log likelihood =  -10667.2662826
Edge derivatives =  [0.009600411529465447, 0.017367655687965833, 0.0029142447384432335, 0.002614211716055026, 0.004753498527102329, 0.04301628188612311, 0.026682660490484705, -0.027372684076053002, 0.017187936747914273, 0.009212438395970302, -0.008885485958298911, 0.017857542853034723, -0.0033947483021258967, -0.020481408862182637, -0.019727124750124947, -0.01911965037760291, -0.016665123501926393, -0.02435970004830767, 0.01824405878429014, 0.005568331620934397]
other derivatives: [-0.08294592  0.01527951  0.02946763  0.04147296 -0.01964509  0.01400622]
Current x array =  [-0.64546704 -0.76046167 -0.56873164  0.55216148 -2.82819559 -1.81392842
  0.42785861  2.33660389 -0.3637924  -0.37117651 -0.33795444 -0.40435501
 -0.63705858 -1.28386683 -0.81032717 -1.00407621 -1.86084485 -3.41241359
 -4.42990202 -2.34830377 -1.98464389 -1.56037036 -2.89322885 -3.47296141
 -2.40041217 -2.52372629]
log likelihood =  -10681.9344662
Edge derivatives =  [3.262603205061782, 3.5723311653239533, 1.9384475621709383, 2.5863861428560178, 1.6254183182059008, 0.01095886731959933, -0.48633988231055014, 1.1999655448504576, 0.6799504646190963, 0.45070664858875237, 1.292303687441057, 0.20387460963627016, 0.1650026853635977, 1.3340412532359043, 2.073306898149732, 2.98251493435184, 0.8015332397453113, 0.6270204238986665, -0.3243298858938254, 0.16270807010570654]
other derivatives: [ 290.42221286  -26.92431735  -93.88659237  -13.74210115   18.26301741
   -0.42145984]
Current x array =  [-0.72841295 -0.74518216 -0.53926401  0.59363444 -2.84784067 -1.79992221
  0.43745902  2.35397155 -0.36087815 -0.3685623  -0.33320094 -0.36133873
 -0.61037592 -1.31123952 -0.79313924 -0.99486377 -1.86973033 -3.39455605
 -4.43329677 -2.36878518 -2.00437101 -1.57949001 -2.90989398 -3.49732111
 -2.38216811 -2.51815795]
log likelihood =  -10667.2662784
Edge derivatives =  [0.011556497524534692, 0.019575395859671607, 0.004141450456245782, 0.004214939420220665, 0.005744238815634184, 0.043072523625967085, 0.026448173293894234, -0.026636318535993547, 0.017590504980452212, 0.00949098596214859, -0.008131358496125757, 0.017957363776293644, -0.0033040548449574866, -0.019705528943741668, -0.018548959215311966, -0.01740543198749836, -0.016195712066012377, -0.02399102715814324, 0.018074459084642336, 0.005671301671129059]
other derivatives: [ 0.10404619  0.0005457  -0.03346941  0.02000888 -0.00727596  0.01382432]
Current x array =  [-0.64551239 -0.76045332 -0.56871553  0.55218416 -2.82820633 -1.81392077
  0.42786385  2.33661339 -0.3637908  -0.37117508 -0.33795184 -0.40433149
 -0.63704399 -1.2838818  -0.81031777 -1.00407117 -1.8608497  -3.41240383
 -4.42990387 -2.34831497 -1.98465467 -1.56038082 -2.89323796 -3.47297473
 -2.4004022  -2.52372324]
      fun: 10667.266278442516
 hess_inv: <26x26 LbfgsInvHessProduct with dtype=float64>
      jac: array([-0.10404619, -0.0005457 ,  0.03346941, -0.02000888,  0.00727596,
       -0.01382432, -0.0115565 , -0.0195754 , -0.00414145, -0.00421494,
       -0.00574424, -0.04307252, -0.02644817,  0.02663632, -0.0175905 ,
       -0.00949099,  0.00813136, -0.01795736,  0.00330405,  0.01970553,
        0.01854896,  0.01740543,  0.01619571,  0.02399103, -0.01807446,
       -0.0056713 ])
  message: 'CONVERGENCE: REL_REDUCTION_OF_F_<=_FACTR*EPSMCH'
     nfev: 3
      nit: 1
   status: 0
  success: True
        x: array([-0.64551239, -0.76045332, -0.56871553,  0.55218416, -2.82820633,
       -1.81392077,  0.42786385,  2.33661339, -0.3637908 , -0.37117508,
       -0.33795184, -0.40433149, -0.63704399, -1.2838818 , -0.81031777,
       -1.00407117, -1.8608497 , -3.41240383, -4.42990387, -2.34831497,
       -1.98465467, -1.56038082, -2.89323796, -3.47297473, -2.4004022 ,
       -2.52372324])
number of sites to be analyzed:  342
Successfully loaded parameter value from ./test/save/MG94_Force_MR_GR_nonclock_save.txt
log likelihood =  -10693.9162274
Edge derivatives =  [0.0311655994122646, -0.0036768876283918006, 0.010791831308747793, -0.0388746927302841, 0.010820440844369117, -0.009046046350351444, 0.03877674944866066, -0.03052873454498561, -0.012625340375947577, -0.02812923599770009, -0.0007613137842951978, -0.0010542291192425363, -0.0018766999015440988, -0.019017988116387663, -0.001995295674322217, 0.011076773322396843, -0.006416047343447265, -0.0015346364024011114, -0.011896140371212116, -0.009010613634743314]
other derivatives: [-0.13915269 -0.04511094 -0.06511982 -0.02728484  0.00982254  0.        ]
Current x array =  [-0.64834316 -0.76317055 -0.56879998  0.53831999 -2.86485615  0.33647224
  0.32774182  2.37801197 -0.28003202 -0.33531812 -0.23649396 -0.33344032
 -0.54911907 -1.25199135 -0.75994481 -0.93654366 -1.78073693 -3.3688969
 -4.41182862 -2.29367562 -1.93996029 -1.49732019 -2.83125061 -3.43184084
 -2.33880849 -2.46631414]
log likelihood =  -10737.4468498
Edge derivatives =  [-1.5552267402108453, 2.5752580027514886, 1.1297300942918331, 2.5709728193012262, 1.426115638365942, 2.517136453241836, -0.10566133486871912, 0.817537926748076, 5.454434324621549, 3.985649226162695, 1.7060436315803482, 0.4231515216962583, 0.17917515217513075, 1.8459215617367772, 1.6528411630186353, 0.8148737064997833, 0.7883362496696719, 0.5161498420230928, 1.3409959636191693, 1.5413403333509619]
other derivatives: [ 471.22666729   93.37309166  179.5910066    10.07738319    8.99763108
    0.        ]
Current x array =  [-0.78749585 -0.80828148 -0.6339198   0.51103515 -2.8550336   0.33647224
  0.35890742  2.37433508 -0.26924019 -0.37419281 -0.22567352 -0.34248636
 -0.51034232 -1.28252008 -0.77257015 -0.9646729  -1.78149825 -3.36995113
 -4.41370532 -2.31269361 -1.94195559 -1.48624342 -2.83766666 -3.43337547
 -2.35070463 -2.47532476]
log likelihood =  -10693.9162247
Edge derivatives =  [0.030908083749458637, -0.002435074750673283, 0.011366568716400724, -0.03772250338575556, 0.011374201947281115, -0.00809996401921076, 0.03879777062344808, -0.030187643777962354, -0.010765543044676903, -0.026656845601489065, -0.00017450113999770145, -0.0009015687069613976, -0.0018221990033021052, -0.018358071041965185, -0.0014248465847689351, 0.01138449408028025, -0.006132473667555954, -0.0013531929083398092, -0.01141322373908471, -0.008453207953160513]
other derivatives: [ 0.10641088  0.00418368  0.01109584 -0.03292371  0.00891305  0.        ]
Current x array =  [-0.64839107 -0.76318608 -0.5688224   0.5383106  -2.86485276  0.33647224
  0.32775255  2.3780107  -0.28002831 -0.3353315  -0.23649023 -0.33344343
 -0.54910572 -1.25200186 -0.75994916 -0.93655335 -1.7807372  -3.36889726
 -4.41182927 -2.29368217 -1.93996098 -1.49731638 -2.83125282 -3.43184136
 -2.33881258 -2.46631725]
      fun: 10693.916224688624
 hess_inv: <26x26 LbfgsInvHessProduct with dtype=float64>
      jac: array([-0.10641088, -0.00418368, -0.01109584,  0.03292371, -0.00891305,
       -0.        , -0.03090808,  0.00243507, -0.01136657,  0.0377225 ,
       -0.0113742 ,  0.00809996, -0.03879777,  0.03018764,  0.01076554,
        0.02665685,  0.0001745 ,  0.00090157,  0.0018222 ,  0.01835807,
        0.00142485, -0.01138449,  0.00613247,  0.00135319,  0.01141322,
        0.00845321])
  message: 'CONVERGENCE: REL_REDUCTION_OF_F_<=_FACTR*EPSMCH'
     nfev: 3
      nit: 1
   status: 0
  success: True
        x: array([-0.64839107, -0.76318608, -0.5688224 ,  0.5383106 , -2.86485276,
        0.33647224,  0.32775255,  2.3780107 , -0.28002831, -0.3353315 ,
       -0.23649023, -0.33344343, -0.54910572, -1.25200186, -0.75994916,
       -0.93655335, -1.7807372 , -3.36889726, -4.41182927, -2.29368217,
       -1.93996098, -1.49731638, -2.83125282, -3.43184136, -2.33881258,
       -2.46631725])
