/home3/jxiong7/IGCexpansion/IGCexpansion/CodonGeneconv.py:275: FutureWarning: comparison to `None` will result in an elementwise object comparison in the future.
  if not x == None:
number of sites to be analyzed:  134
Successfully loaded parameter value from ./test/save/MG94_YMR143W_YDL083C_nonclock_save.txt
log likelihood =  -1209.74997165
Edge derivatives =  [-4.0911345902760064e-05, -0.0021977555580525304, -0.0020942943740646924, 0.0027199637511998442, 0.001622527491369076, -0.0008391245092003452, -0.002236051164687506, -0.003061221366173872, -0.0012534963879918164, -0.0013390875864807278, 0.000914728675072328, 0.000721970314429915]
other derivatives: [ 0.01498393  0.00929958  0.00529781 -0.00300133 -0.00302407  0.0058435 ]
Current x array =  [ -0.71743511  -0.48656292  -0.9537203    2.43569053  -3.71554931
   1.1507587  -10.45689268  -2.64916462  -1.73325135  -2.02837109
  -3.5499593   -2.99637485  -4.77369852  -2.57262156  -5.55044452
  -2.91935072  -3.5320631   -3.40025889]
log likelihood =  -1209.82817268
Edge derivatives =  [-5.993866363436347e-05, -0.0369539996064315, -0.09148034832517166, -0.162772936464056, -0.04594607863381287, -0.0644087882333536, -0.009438324768294017, -0.056032768651300746, -0.00481786589271688, -0.06783837475512929, -0.05431233444288571, -0.062038015750178324]
other derivatives: [-7.78659341 -3.82419785 -0.85287866  0.16968897 -0.01832632 -0.13765202]
Current x array =  [ -0.70245119  -0.47726333  -0.94842249   2.4326892   -3.71857338
   1.15660221 -10.45693359  -2.65136237  -1.73534565  -2.02565112
  -3.54833678  -2.99721398  -4.77593457  -2.57568278  -5.55169802
  -2.9206898   -3.53114837  -3.39953692]
log likelihood =  -1209.74997105
Edge derivatives =  [-4.096434483579475e-05, -0.002292659420193882, -0.002338411844193533, 0.002266539014559754, 0.0014924458196125187, -0.001013659980108203, -0.002256084768466133, -0.0032058239499240526, -0.0012633849777314759, -0.0015213115964909513, 0.0007633216686159794, 0.0005495033189914234]
other derivatives: [-0.00597993 -0.00100044  0.0029786  -0.00252385 -0.00306954  0.00547971]
Current x array =  [ -0.71739379  -0.48653727  -0.95370569   2.43568226  -3.71555765
   1.15077482 -10.45689279  -2.64917068  -1.73325713  -2.02836359
  -3.54995483  -2.99637717  -4.77370469  -2.57263     -5.55044798
  -2.91935441  -3.53206058  -3.40025689]
      fun: 1209.749971045381
 hess_inv: <18x18 LbfgsInvHessProduct with dtype=float64>
      jac: array([  5.97992766e-03,   1.00044417e-03,  -2.97859515e-03,
         2.52384780e-03,   3.06954462e-03,  -5.47970558e-03,
         4.09643448e-05,   2.29265942e-03,   2.33841184e-03,
        -2.26653901e-03,  -1.49244582e-03,   1.01365998e-03,
         2.25608477e-03,   3.20582395e-03,   1.26338498e-03,
         1.52131160e-03,  -7.63321669e-04,  -5.49503319e-04])
  message: 'CONVERGENCE: REL_REDUCTION_OF_F_<=_FACTR*EPSMCH'
     nfev: 3
      nit: 1
   status: 0
  success: True
        x: array([ -0.71739379,  -0.48653727,  -0.95370569,   2.43568226,
        -3.71555765,   1.15077482, -10.45689279,  -2.64917068,
        -1.73325713,  -2.02836359,  -3.54995483,  -2.99637717,
        -4.77370469,  -2.57263   ,  -5.55044798,  -2.91935441,
        -3.53206058,  -3.40025689])
number of sites to be analyzed:  134
Successfully loaded parameter value from ./test/save/MG94_Force_YMR143W_YDL083C_nonclock_save.txt
log likelihood =  -1246.97932922
Edge derivatives =  [-1.1576611154855064e-05, 0.0010916347825637024, -2.8175268454389002e-05, -0.00025838004374423296, -0.0023844511844710037, 0.007809302059600662, -0.001994777188875401, 0.003033484107298312, -0.0029613731956252623, 0.0008939810584218388, -0.006525948972712539, -0.0050324490081185]
other derivatives: [ 0.00607088  0.01887202  0.00777618 -0.00168257 -0.00352429  0.        ]
Current x array =  [ -0.73953813  -0.47044191  -0.97980565   2.29663322  -3.85534961
   0.33647224 -15.89065303  -2.39728617  -2.06271303  -2.05058822
  -3.17472047  -2.95084195  -4.54266514  -2.17680611  -4.92946929
  -2.46969366  -2.97103241  -3.17226448]
log likelihood =  -1247.07628532
Edge derivatives =  [-1.1793838235857636e-05, -0.10677180513400866, -0.13536921336788676, -0.14838383455281218, -0.04069585990895258, -0.11853466012617443, -0.009213869444931452, -0.14931691043334733, 0.007350104156118437, -0.13109554351702601, 0.0022303413901003932, 0.03787263920046324]
other derivatives: [-3.0902811  -8.75543265 -1.44600563  0.13205863  0.01341505  0.        ]
Current x array =  [ -0.73346726  -0.4515699   -0.97202947   2.29495066  -3.8588739
   0.33647224 -15.89066461  -2.39619453  -2.06274121  -2.0508466
  -3.17710492  -2.94303265  -4.54465992  -2.17377263  -4.93243066
  -2.46879968  -2.97755836  -3.17729693]
log likelihood =  -1246.97932819
Edge derivatives =  [-1.1577266059009454e-05, 0.0007565160708148111, -0.0004361293800599353, -0.0007077950692666035, -0.002497079404909869, 0.007409646611403656, -0.002015281840948787, 0.002562481801852312, -0.002926143032058298, 0.0004896823783676063, -0.006481515188093534, -0.004885131550370292]
other derivatives: [-0.00381988 -0.00841283  0.00309228 -0.00122782 -0.00341061  0.        ]
Current x array =  [ -0.73951835  -0.47038041  -0.9797803    2.29662774  -3.8553611
   0.33647224 -15.89065307  -2.39728261  -2.06271312  -2.05058907
  -3.17472824  -2.9508165   -4.54267164  -2.17679623  -4.92947894
  -2.46969075  -2.97105368  -3.17228088]
      fun: 1246.9793281861184
 hess_inv: <18x18 LbfgsInvHessProduct with dtype=float64>
      jac: array([  3.81987775e-03,   8.41282599e-03,  -3.09228199e-03,
         1.22781785e-03,   3.41060513e-03,  -0.00000000e+00,
         1.15772661e-05,  -7.56516071e-04,   4.36129380e-04,
         7.07795069e-04,   2.49707940e-03,  -7.40964661e-03,
         2.01528184e-03,  -2.56248180e-03,   2.92614303e-03,
        -4.89682378e-04,   6.48151519e-03,   4.88513155e-03])
  message: 'CONVERGENCE: REL_REDUCTION_OF_F_<=_FACTR*EPSMCH'
     nfev: 3
      nit: 1
   status: 0
  success: True
        x: array([ -0.73951835,  -0.47038041,  -0.9797803 ,   2.29662774,
        -3.8553611 ,   0.33647224, -15.89065307,  -2.39728261,
        -2.06271312,  -2.05058907,  -3.17472824,  -2.9508165 ,
        -4.54267164,  -2.17679623,  -4.92947894,  -2.46969075,
        -2.97105368,  -3.17228088])
29
