/home3/jxiong7/IGCexpansion/IGCexpansion/CodonGeneconv.py:277: FutureWarning: comparison to `None` will result in an elementwise object comparison in the future.
  if not x == None:
number of sites to be analyzed:  107
Successfully loaded parameter value from ./test/save/MG94_YLR333C_YGR027C_nonclock_save.txt
log likelihood =  -1261.9987006
Edge derivatives =  [-2.39130372099266e-05, -0.00019565156673850836, -6.178948175789012e-05, 0.0004987066012655528, -0.0021458490739739017, 0.00017548937004466247, -0.0018167953041715278, 0.00025085910034881864, 0.00189688545980371, -0.002400303273268234, -0.000566438366890909, -0.0005989586783673728]
other derivatives: [ -3.81987775e-03   1.36424205e-04   4.54747351e-05   2.09183781e-03
   5.00222086e-04   1.59161573e-04]
Current x array =  [ -0.71985326  -0.51715611  -0.84359373   1.72272361  -1.90453226
   1.18808725 -13.76049742  -1.03859726  -1.53487323  -0.86034307
  -3.75531115  -3.01581657  -3.43244018  -3.17603101  -3.74392744
  -3.0180925   -3.16611774  -3.51298826]
log likelihood =  -1262.00229865
Edge derivatives =  [-2.3613253360842728e-05, 0.030683988064815038, 0.036067015552001425, 0.030850223272226612, 0.0051445651442805565, 0.011394556086915475, 0.011870891920133686, 0.007623585257956145, 0.00469356273438859, 0.028060515224950566, 0.013246689183478322, 0.008274441239507047]
other derivatives: [  1.81341875e+00  -5.53427526e-02  -2.61707100e-02  -9.60426405e-02
   1.54159352e-02  -1.25055521e-03]
Current x array =  [ -0.72367314  -0.51701969  -0.84354826   1.72481545  -1.90403204
   1.18824641 -13.76052133  -1.03879291  -1.53493502  -0.85984436
  -3.757457    -3.01564108  -3.43425698  -3.17578016  -3.74203056
  -3.0204928   -3.16668418  -3.51358722]
log likelihood =  -1261.9987005
Edge derivatives =  [-2.391150029382195e-05, -3.732924963056883e-05, 0.0001236948388061987, 0.0006539137255437144, -0.002108303919933767, 0.0002329952303443822, -0.0017463732105990441, 0.00028868944995924517, 0.0019112385891759676, -0.002243302835271521, -0.0004954178197533188, -0.0005533728649256275]
other derivatives: [  5.68434189e-03  -1.36424205e-04  -9.09494702e-05   1.59161573e-03
   5.91171556e-04   1.81898940e-04]
Current x array =  [ -0.71987295  -0.51715541  -0.8435935    1.72273439  -1.90452968
   1.18808807 -13.76049754  -1.03859827  -1.53487355  -0.8603405
  -3.75532221  -3.01581566  -3.43244954  -3.17602972  -3.74391767
  -3.01810487  -3.16612066  -3.51299135]
      fun: 1261.9987005029138
 hess_inv: <18x18 LbfgsInvHessProduct with dtype=float64>
      jac: array([ -5.68434189e-03,   1.36424205e-04,   9.09494702e-05,
        -1.59161573e-03,  -5.91171556e-04,  -1.81898940e-04,
         2.39115003e-05,   3.73292496e-05,  -1.23694839e-04,
        -6.53913726e-04,   2.10830392e-03,  -2.32995230e-04,
         1.74637321e-03,  -2.88689450e-04,  -1.91123859e-03,
         2.24330284e-03,   4.95417820e-04,   5.53372865e-04])
  message: 'CONVERGENCE: REL_REDUCTION_OF_F_<=_FACTR*EPSMCH'
     nfev: 3
      nit: 1
   status: 0
  success: True
        x: array([ -0.71987295,  -0.51715541,  -0.8435935 ,   1.72273439,
        -1.90452968,   1.18808807, -13.76049754,  -1.03859827,
        -1.53487355,  -0.8603405 ,  -3.75532221,  -3.01581566,
        -3.43244954,  -3.17602972,  -3.74391767,  -3.01810487,
        -3.16612066,  -3.51299135])
number of sites to be analyzed:  107
Successfully loaded parameter value from ./test/save/MG94_Force_YLR333C_YGR027C_nonclock_save.txt
log likelihood =  -1345.64626245
Edge derivatives =  [-2.890908551207469e-05, 0.0022293903542793814, -0.002495262593461084, 0.0004468272862624134, 0.005750022803169455, 0.004310721512205809, -0.005766533298214353, 0.00027063284014858247, -0.00549219566740855, 0.004103041800271212, 0.0001922719703412873, -0.004050792730403166]
other derivatives: [  8.29913915e-03  -6.82121026e-05  -3.63797881e-04  -1.52340363e-03
  -7.04858394e-04   0.00000000e+00]
Current x array =  [ -0.71248166  -0.53779128  -0.86218891   1.37808233  -1.92543152
   0.33647224 -15.41021184  -0.6273931   -3.04595264  -0.62500493
  -3.41866219  -3.36693274  -3.42445927  -2.65742048  -3.33124383
  -2.62948067  -2.72544598  -2.93736327]
log likelihood =  -1345.66522519
Edge derivatives =  [-2.900443387495886e-05, -0.15459252562210446, -0.032262569556605086, -0.1757149985635984, -0.03286163862093132, -0.04164622412197852, 0.010568405118866437, -0.03937876566395729, 0.007105677909129082, -0.07222935803938435, -0.024542855384377657, 0.014133946271149764]
other derivatives: [-4.42535111  0.02883098  0.16686954  0.22671429 -0.02426077  0.        ]
Current x array =  [ -0.70418252  -0.53785949  -0.86255271   1.37655892  -1.92613638
   0.33647224 -15.41024074  -0.62516371  -3.04844791  -0.6245581
  -3.41291217  -3.36262202  -3.43022581  -2.65714984  -3.33673602
  -2.62537763  -2.72525371  -2.94141406]
log likelihood =  -1345.64626175
Edge derivatives =  [-2.890966658328748e-05, 0.00127690140723824, -0.002680038638632795, -0.0006272587679424235, 0.0055164640933035025, 0.0040322461722482605, -0.005668431542292067, 2.909095474648571e-05, -0.005416453766822871, 0.0036407749518785337, 4.116851705940339e-05, -0.003941996331622927]
other derivatives: [-0.01818989  0.00013642  0.00063665 -0.00013642 -0.00084128  0.        ]
Current x array =  [ -0.7124314   -0.53779169  -0.86219111   1.3780731   -1.92543579
   0.33647224 -15.41021201  -0.6273796   -3.04596776  -0.62500222
  -3.41862737  -3.36690664  -3.4244942   -2.65741884  -3.33127709
  -2.62945582  -2.72544481  -2.9373878 ]
      fun: 1345.6462617461218
 hess_inv: <18x18 LbfgsInvHessProduct with dtype=float64>
      jac: array([  1.81898940e-02,  -1.36424205e-04,  -6.36646291e-04,
         1.36424205e-04,   8.41282599e-04,  -0.00000000e+00,
         2.89096666e-05,  -1.27690141e-03,   2.68003864e-03,
         6.27258768e-04,  -5.51646409e-03,  -4.03224617e-03,
         5.66843154e-03,  -2.90909547e-05,   5.41645377e-03,
        -3.64077495e-03,  -4.11685171e-05,   3.94199633e-03])
  message: 'CONVERGENCE: REL_REDUCTION_OF_F_<=_FACTR*EPSMCH'
     nfev: 3
      nit: 1
   status: 0
  success: True
        x: array([ -0.7124314 ,  -0.53779169,  -0.86219111,   1.3780731 ,
        -1.92543579,   0.33647224, -15.41021201,  -0.6273796 ,
        -3.04596776,  -0.62500222,  -3.41862737,  -3.36690664,
        -3.4244942 ,  -2.65741884,  -3.33127709,  -2.62945582,
        -2.72544481,  -2.9373878 ])
