/home3/jxiong7/IGCexpansion/IGCexpansion/CodonGeneconv.py:277: FutureWarning: comparison to `None` will result in an elementwise object comparison in the future.
  if not x == None:
number of sites to be analyzed:  310
Successfully loaded parameter value from ./test/save/MG94_ERa_ERb_nonclock_save.txt
log likelihood =  -13588.2964585
Edge derivatives =  [-0.005450268573291173, -0.003075084217681545, 0.010989743252079798, -0.008008456261022756, -0.007492140852222606, 0.00988702820208337, 0.008780192233161843, 0.008499113139585623, -0.013940319606642215, -0.004948194900755019, -0.008196386665628275, -0.0007231439571847575, 0.019221680183304723, -0.0005784980747276514, -0.007175532441279664, -0.012959581436454704, -0.00023291867020547308, -0.008363708546142323, -0.01662551877958269, 0.005774062993781345, 0.01862075595019469, 0.020265274655485943, -0.008910333884805999, -0.004230793885134254, 0.002455881673279592, 0.0018888012032985402, -0.004402189568259107, 0.004633495501820295, 0.005059683804010014, 0.0025969043958373184]
other derivatives: [ 0.09222276  0.05584297  0.03201421  0.0172804   0.02692104  0.00945874]
Current x array =  [-0.69194612 -0.8356118  -0.52408117  0.64522317 -2.57475559 -1.28057282
 -0.21333413  1.68716436 -0.23479054 -0.44931651 -1.35369299 -1.82419299
 -0.41032461 -1.57800567 -0.76887969 -1.66612139 -0.70065192 -1.59512749
 -1.17759789 -0.82314115 -1.94004044 -5.87811534 -1.05816351 -0.84622008
 -4.00198751 -2.97442796 -2.62858344 -3.49580022 -1.15900167 -0.74296859
 -2.06406137 -2.45854546 -1.1433104  -1.92155965 -4.07837766 -2.77153963]
log likelihood =  -13613.3768329
Edge derivatives =  [-2.694746221797325, -4.912047799365318, -4.280148295632685, -2.8339482401035525, -2.110750363984556, -1.4176959398945872, -3.6895386758370172, -1.8550641176475724, -1.4341936837733456, -0.7548919749925079, -1.7146151918217503, -1.6481113612606748, -2.8439789819062655, -3.385589714771141, -0.6850811688625364, -0.06750342413634672, -2.3981945082319234, -2.2649564663372352, -0.07565902705085673, -0.4278075526538467, -1.1196504562148148, -0.4059949898216786, -1.7193270265123775, -2.058859060951592, -1.2936019863473975, -0.7504410936656644, -2.092221130753046, -1.3650843004587494, -0.2742711720623835, -0.4881474156892347]
other derivatives: [ -4.24230348e+02  -1.35303526e+02  -1.54593727e+02   6.57346391e+00
  -2.98932719e+01  -1.66801328e-01]
Current x array =  [-0.59972336 -0.77976883 -0.49206695  0.66250357 -2.54783454 -1.27111408
 -0.2187844   1.68408927 -0.2238008  -0.45732497 -1.36118513 -1.81430596
 -0.40154441 -1.56950656 -0.78282001 -1.67106959 -0.70884831 -1.59585063
 -1.15837621 -0.82371965 -1.94721597 -5.89107492 -1.05839642 -0.85458379
 -4.01861303 -2.9686539  -2.60996269 -3.47553494 -1.167912   -0.74719939
 -2.06160549 -2.45665666 -1.14771259 -1.91692615 -4.07331798 -2.76894273]
log likelihood =  -13588.2964574
Edge derivatives =  [-0.006354092046866239, -0.0046959425216502315, 0.00965067562409283, -0.008907443753305766, -0.008171916857536377, 0.009430284256974009, 0.007493095825439333, 0.007859245369856549, -0.014397644056669323, -0.0051808357710697445, -0.008821996393924447, -0.0012603402050084256, 0.018211959745713546, -0.0017190698034426077, -0.00745129980200783, -0.012978104383739364, -0.0010861254026528488, -0.009123482711501874, -0.016654120739474684, 0.0056242778030762275, 0.018226660063481198, 0.020121633021247892, -0.00949978996246581, -0.004892570099288118, 0.0020122047406809784, 0.0016277429694037115, -0.005123240586322408, 0.004157558154655183, 0.00496142561496201, 0.002438179775413815]
other derivatives: [-0.02546585 -0.02874003 -0.03637979  0.02764864  0.00836735  0.00945874]
Current x array =  [-0.6919144  -0.83559259 -0.52407015  0.64522912 -2.57474633 -1.28056957
 -0.21333601  1.6871633  -0.23478676 -0.44931927 -1.35369556 -1.82418959
 -0.41032159 -1.57800275 -0.76888449 -1.6661231  -0.70065474 -1.59512774
 -1.17759128 -0.82314135 -1.9400429  -5.8781198  -1.05816359 -0.84622296
 -4.00199323 -2.97442598 -2.62857704 -3.49579325 -1.15900474 -0.74297005
 -2.06406053 -2.45854481 -1.14331191 -1.92155805 -4.07837592 -2.77153874]
      fun: 13588.296457427568
 hess_inv: <36x36 LbfgsInvHessProduct with dtype=float64>
      jac: array([ 0.02546585,  0.02874003,  0.03637979, -0.02764864, -0.00836735,
       -0.00945874,  0.00635409,  0.00469594, -0.00965068,  0.00890744,
        0.00817192, -0.00943028, -0.0074931 , -0.00785925,  0.01439764,
        0.00518084,  0.008822  ,  0.00126034, -0.01821196,  0.00171907,
        0.0074513 ,  0.0129781 ,  0.00108613,  0.00912348,  0.01665412,
       -0.00562428, -0.01822666, -0.02012163,  0.00949979,  0.00489257,
       -0.0020122 , -0.00162774,  0.00512324, -0.00415756, -0.00496143,
       -0.00243818])
  message: 'CONVERGENCE: REL_REDUCTION_OF_F_<=_FACTR*EPSMCH'
     nfev: 3
      nit: 1
   status: 0
  success: True
        x: array([-0.6919144 , -0.83559259, -0.52407015,  0.64522912, -2.57474633,
       -1.28056957, -0.21333601,  1.6871633 , -0.23478676, -0.44931927,
       -1.35369556, -1.82418959, -0.41032159, -1.57800275, -0.76888449,
       -1.6661231 , -0.70065474, -1.59512774, -1.17759128, -0.82314135,
       -1.9400429 , -5.8781198 , -1.05816359, -0.84622296, -4.00199323,
       -2.97442598, -2.62857704, -3.49579325, -1.15900474, -0.74297005,
       -2.06406053, -2.45854481, -1.14331191, -1.92155805, -4.07837592,
       -2.77153874])
number of sites to be analyzed:  310
Successfully loaded parameter value from ./test/save/MG94_Force_ERa_ERb_nonclock_save.txt
log likelihood =  -13701.1144668
Edge derivatives =  [-0.005342312431528937, 0.014859257184242747, -0.05101359355043278, -0.010471564249967535, -0.0075535663852741575, -0.0149743697052519, 0.04727037634816278, -0.005207618525646052, 0.005441646045533988, -0.009817906126256937, 0.013096706637650168, 0.008836496312799924, 0.006363549571773319, 0.04698408639349827, 0.004676801115202522, -0.018354427582229327, 0.011777597784664806, 0.01572672700679181, -0.03288126153941134, 0.007462378752938148, -0.007152332195627831, 0.03334831157322049, -0.0039557847037404725, 0.03908943232806106, 0.0013557346778223511, -0.0005822358852574094, -0.006712036979220626, 0.000352696805872299, 0.01626063872279715, 0.012185113893302929]
other derivatives: [ 0.09458745  0.04019967  0.07275958  0.04365575  0.0001819   0.        ]
Current x array =  [-0.69816317 -0.84326499 -0.51333044  0.6088797  -2.59538696  0.33647224
 -0.58912536  1.7308197  -0.23922852 -0.44059615 -1.32889117 -1.6794699
 -0.33100385 -1.46953996 -0.72780688 -1.72585725 -0.61379363 -1.54660386
 -1.02211091 -0.74397616 -1.61490492 -5.51734422 -0.91534989 -0.76476774
 -3.94240211 -2.84403124 -2.54380415 -3.36347702 -0.98484682 -0.73520773
 -1.94500548 -2.3881802  -1.04162932 -1.79580024 -3.94686642 -2.69436199]
log likelihood =  -13738.1488621
Edge derivatives =  [-1.1929340449509203, -4.885699305078476, 1.802891779680683, -0.8196356631999329, 0.012983147193893041, -0.42222321497840076, -7.739327772315592, -2.1261349986535993, 0.12406505830969783, 0.6608922685584308, -1.024314251343886, -1.563812125397343, -3.638641040181124, -6.278227171485337, -1.250754923312654, -0.06091395119382581, -3.5070031221898397, -3.889203118549793, -0.050307310251133164, -0.4124898870110546, -0.41198864747362074, -0.22691520738043539, -1.7832382340424733, -4.244882578776556, -0.9147777914630919, -0.32137503965179237, -0.9269587707683098, -0.6086542034624598, -0.36728189411880297, -0.4094997650583285]
other derivatives: [-462.13208407 -116.88007362 -383.33928387   -1.3569661   -19.32348823
    0.        ]
Current x array =  [-0.60357573 -0.80306533 -0.44057086  0.65253545 -2.59520506  0.33647224
 -0.59446767  1.74567896 -0.29024211 -0.45106772 -1.33644474 -1.69444427
 -0.28373347 -1.47474757 -0.72236523 -1.73567516 -0.60069693 -1.53776736
 -1.01574736 -0.69699208 -1.61022812 -5.53569865 -0.90357229 -0.74904101
 -3.97528337 -2.83656886 -2.55095649 -3.33012871 -0.9888026  -0.6961183
 -1.94364974 -2.38876244 -1.04834135 -1.79544755 -3.93060578 -2.68217687]
log likelihood =  -13701.1144636
Edge derivatives =  [-0.005641063260112336, 0.012867187483203868, -0.049920200987576546, -0.0105926015945359, -0.007474998913841846, -0.015076556607070746, 0.04399897580363232, -0.006133137124805843, 0.005555616294974142, -0.00946522189893173, 0.012560360479548116, 0.008212794115202815, 0.004735488389044029, 0.04434356594058597, 0.004039253378187779, -0.018373520657512965, 0.010223989203274053, 0.014100098040193139, -0.03290467610779785, 0.00728988376129569, -0.0073443914370564245, 0.033238235674482475, -0.004716887409539239, 0.03731491010628085, 0.0009629825083823373, -0.0007265458611275533, -0.007102230360867434, 7.610363606391779e-05, 0.016089908750146424, 0.012016994722739371]
other derivatives: [-0.16043487 -0.08330971 -0.10004442 -0.03292371 -0.00636646  0.        ]
Current x array =  [-0.69812171 -0.84324737 -0.51329855  0.60889884 -2.59538688  0.33647224
 -0.5891277   1.73082621 -0.23925088 -0.44060075 -1.32889448 -1.67947647
 -0.33098313 -1.46954224 -0.72780449 -1.72586156 -0.61378789 -1.54659999
 -1.02210812 -0.74395557 -1.61490287 -5.51735227 -0.91534472 -0.76476085
 -3.94241653 -2.84402797 -2.54380729 -3.36346241 -0.98484855 -0.73519059
 -1.94500489 -2.38818046 -1.04163226 -1.79580009 -3.94685929 -2.69435665]
      fun: 13701.114463563525
 hess_inv: <36x36 LbfgsInvHessProduct with dtype=float64>
      jac: array([  1.60434865e-01,   8.33097147e-02,   1.00044417e-01,
         3.29237082e-02,   6.36646291e-03,  -0.00000000e+00,
         5.64106326e-03,  -1.28671875e-02,   4.99202010e-02,
         1.05926016e-02,   7.47499891e-03,   1.50765566e-02,
        -4.39989758e-02,   6.13313712e-03,  -5.55561629e-03,
         9.46522190e-03,  -1.25603605e-02,  -8.21279412e-03,
        -4.73548839e-03,  -4.43435659e-02,  -4.03925338e-03,
         1.83735207e-02,  -1.02239892e-02,  -1.41000980e-02,
         3.29046761e-02,  -7.28988376e-03,   7.34439144e-03,
        -3.32382357e-02,   4.71688741e-03,  -3.73149101e-02,
        -9.62982508e-04,   7.26545861e-04,   7.10223036e-03,
        -7.61036361e-05,  -1.60899088e-02,  -1.20169947e-02])
  message: 'CONVERGENCE: REL_REDUCTION_OF_F_<=_FACTR*EPSMCH'
     nfev: 3
      nit: 1
   status: 0
  success: True
        x: array([-0.69812171, -0.84324737, -0.51329855,  0.60889884, -2.59538688,
        0.33647224, -0.5891277 ,  1.73082621, -0.23925088, -0.44060075,
       -1.32889448, -1.67947647, -0.33098313, -1.46954224, -0.72780449,
       -1.72586156, -0.61378789, -1.54659999, -1.02210812, -0.74395557,
       -1.61490287, -5.51735227, -0.91534472, -0.76476085, -3.94241653,
       -2.84402797, -2.54380729, -3.36346241, -0.98484855, -0.73519059,
       -1.94500489, -2.38818046, -1.04163226, -1.79580009, -3.94685929,
       -2.69435665])
