/home3/jxiong7/IGCexpansion/IGCexpansion/CodonGeneconv.py:277: FutureWarning: comparison to `None` will result in an elementwise object comparison in the future.
  if not x == None:
number of sites to be analyzed:  197
Successfully loaded parameter value from ./test/save/MG94_YMR142C_YDL082W_nonclock_save.txt
log likelihood =  -2054.05074448
Edge derivatives =  [-0.0008650034107199611, -0.001858800530683824, 0.0029778947594716887, -0.0036303262901205557, 0.0002453839212984499, -0.001989434695582354, -0.00014934195865100308, -0.0003801841820363916, 0.0041138915772998, 0.0010512899423188726, 0.00033257427412147766, 0.0032509715479841356]
other derivatives: [ 0.01145963 -0.00309228 -0.00027285 -0.00700311 -0.00445652  0.00213731]
Current x array =  [-0.67261792 -0.4752123  -0.80772404  1.98778013 -1.49564788  1.74139767
 -2.68898493 -1.92259545 -2.43253227 -1.73375193 -6.32553498 -3.1025906
 -3.95779545 -2.5517687  -3.62808068 -2.84379494 -3.34964784 -4.24684237]
log likelihood =  -2054.11307724
Edge derivatives =  [-0.025437372655829682, -0.013099589497870212, -0.07790879333448514, 0.008685333422561836, -0.0026277564758188845, -0.011484089862652092, -0.031764242063520465, -0.0725558893198388, -0.07641989386607398, -0.08026452613246145, -0.06625381358520156, -0.02866761578831133]
other derivatives: [-10.02908903   2.47714524   0.18717401   0.2325578    0.05056791
  -0.20327207]
Current x array =  [-0.66115829 -0.47830458 -0.80799689  1.98077703 -1.5001044   1.74353498
 -2.68984994 -1.92445425 -2.42955437 -1.73738226 -6.32528959 -3.10458003
 -3.95794479 -2.55214888 -3.62396679 -2.84274365 -3.34931527 -4.24359139]
log likelihood =  -2054.05074417
Edge derivatives =  [-0.0009232511596235227, -0.0018878654544152162, 0.002797912113092507, -0.003609135143120168, 0.00023898444128819633, -0.0020131906475031325, -0.00021971347102138494, -0.000542132504049414, 0.003936212467048686, 0.000869542027129272, 0.000184615962057183, 0.0031798838426768325]
other derivatives: [ -1.02318154e-02   2.41016096e-03   9.09494702e-05  -6.45741238e-03
  -4.36557457e-03   1.63709046e-03]
Current x array =  [-0.67259275 -0.47521909 -0.80772464  1.98776475 -1.49565767  1.74140236
 -2.68898683 -1.92259953 -2.43252573 -1.73375991 -6.32553444 -3.10259497
 -3.95779577 -2.55176953 -3.62807164 -2.84379263 -3.34964711 -4.24683523]
      fun: 2054.050744174904
 hess_inv: <18x18 LbfgsInvHessProduct with dtype=float64>
      jac: array([  1.02318154e-02,  -2.41016096e-03,  -9.09494702e-05,
         6.45741238e-03,   4.36557457e-03,  -1.63709046e-03,
         9.23251160e-04,   1.88786545e-03,  -2.79791211e-03,
         3.60913514e-03,  -2.38984441e-04,   2.01319065e-03,
         2.19713471e-04,   5.42132504e-04,  -3.93621247e-03,
        -8.69542027e-04,  -1.84615962e-04,  -3.17988384e-03])
  message: 'CONVERGENCE: REL_REDUCTION_OF_F_<=_FACTR*EPSMCH'
     nfev: 3
      nit: 1
   status: 0
  success: True
        x: array([-0.67259275, -0.47521909, -0.80772464,  1.98776475, -1.49565767,
        1.74140236, -2.68898683, -1.92259953, -2.43252573, -1.73375991,
       -6.32553444, -3.10259497, -3.95779577, -2.55176953, -3.62807164,
       -2.84379263, -3.34964711, -4.24683523])
Traceback (most recent call last):
  File "Run_rebuild.py", line 52, in <module>
    main(parser.parse_args())
  File "Run_rebuild.py", line 14, in main
    MG94_tau.site_reconstruction()
  File "/home3/jxiong7/IGCexpansion/IGCexpansion/CodonGeneconv.py", line 1828, in site_reconstruction
    np.savetxt(open('./test/Ancestral_reconstruction/parameters/' + 'tau_' + self.paralog[0] + '_' + self.paralog[1] + '_' +model +'.txt','w+'), b)
  File "/usr/local/lib/python2.7/dist-packages/numpy/lib/npyio.py", line 1175, in savetxt
    ncol = X.shape[1]
IndexError: tuple index out of range
