/home3/jxiong7/IGCexpansion/IGCexpansion/CodonGeneconv.py:276: FutureWarning: comparison to `None` will result in an elementwise object comparison in the future.
  if not x == None:
number of sites to be analyzed:  198
Successfully loaded parameter value from ./test/save/MG94_YER102W_YBL072C_nonclock_save.txt
log likelihood =  -2058.95626666
Edge derivatives =  [-0.00013911014696101065, 0.005377189842843716, -0.004594860153634667, -0.002367419352126199, -0.002387308979184717, 9.403013715873765e-05, -0.005515880005077824, 0.0020703525856349686, 0.0015496509762983543, -0.006560618927943997, 0.006766989829912334, -0.0010297717351079316]
other derivatives: [-0.02037268  0.00241016  0.00063665  0.00163709 -0.00086402  0.00436557]
Current x array =  [-0.6972156  -0.52987635 -0.85419955  1.96381456 -1.66421028  1.58244121
 -2.96046617 -1.69925445 -2.4045468  -1.61095739 -3.6445986  -2.64044613
 -4.05031226 -2.48072491 -3.49078106 -3.50700391 -4.54151761 -3.59061007]
log likelihood =  -2059.12922929
Edge derivatives =  [0.05218700749164658, 0.019352171435536886, 0.1763450828045104, 0.3275671341169511, 0.042148066286407646, 0.07043726178221664, 0.041006180205802004, 0.011428386344186553, 0.015187929792897362, 0.09437704794266893, -0.017754831534465946, 0.0325272021624562]
other derivatives: [ 16.38818503  -1.98115231  -0.50417839  -0.27043825   0.30231604
  -0.27234819]
Current x array =  [-0.71758828 -0.52746619 -0.8535629   1.96545165 -1.6650743   1.58680678
 -2.96060528 -1.69387726 -2.40914166 -1.61332481 -3.64698591 -2.6403521
 -4.05582814 -2.47865455 -3.48923141 -3.51356453 -4.53475062 -3.59163984]
log likelihood =  -2058.95626609
Edge derivatives =  [-5.359520216212388e-05, 0.005390493620855863, -0.004276533295138288, -0.0017875757578962592, -0.002309703286839916, 0.00021278143312759845, -0.005434307095503306, 0.0020802663421398138, 0.0015693586282075206, -0.00638231471989021, 0.0067210041956889295, -0.0009730029514576494]
other derivatives: [ 0.00986802 -0.00109139 -0.0003638   0.00113687 -0.00031832  0.00386535]
Current x array =  [-0.69725203 -0.52987204 -0.85419841  1.96381749 -1.66421183  1.58244902
 -2.96046641 -1.69924484 -2.40455501 -1.61096162 -3.64460287 -2.64044596
 -4.05032212 -2.4807212  -3.49077829 -3.50701564 -4.54150551 -3.59061191]
      fun: 2058.9562660939296
 hess_inv: <18x18 LbfgsInvHessProduct with dtype=float64>
      jac: array([ -9.86801751e-03,   1.09139364e-03,   3.63797881e-04,
        -1.13686838e-03,   3.18323146e-04,  -3.86535248e-03,
         5.35952022e-05,  -5.39049362e-03,   4.27653330e-03,
         1.78757576e-03,   2.30970329e-03,  -2.12781433e-04,
         5.43430710e-03,  -2.08026634e-03,  -1.56935863e-03,
         6.38231472e-03,  -6.72100420e-03,   9.73002951e-04])
  message: 'CONVERGENCE: REL_REDUCTION_OF_F_<=_FACTR*EPSMCH'
     nfev: 3
      nit: 1
   status: 0
  success: True
        x: array([-0.69725203, -0.52987204, -0.85419841,  1.96381749, -1.66421183,
        1.58244902, -2.96046641, -1.69924484, -2.40455501, -1.61096162,
       -3.64460287, -2.64044596, -4.05032212, -2.4807212 , -3.49077829,
       -3.50701564, -4.54150551, -3.59061191])
number of sites to be analyzed:  198
Successfully loaded parameter value from ./test/save/MG94_Force_YER102W_YBL072C_nonclock_save.txt
log likelihood =  -2196.65841333
Edge derivatives =  [-8.087707187392878e-05, 0.001172051260065532, -0.003807584934482522, 0.0006119813417849729, 0.003565238184402561, -0.005708078235037578, 0.004502477662379802, 0.0003740160290226502, -0.004342677352956653, 0.007159578042918668, 0.006859864280380403, 0.002778436576582749]
other derivatives: [-0.00618456  0.00113687 -0.00545697  0.00445652 -0.00250111  0.        ]
Current x array =  [ -0.72343596  -0.51994929  -0.87316875   1.75532398  -2.00643309
   0.33647224 -12.75888427  -1.39765602  -2.54220073  -1.42201259
  -3.21697245  -2.23275922  -3.92656025  -1.94188674  -3.42798308
  -2.88991356  -4.48560045  -3.31941475]
log likelihood =  -2196.68174976
Edge derivatives =  [-7.748881750560751e-05, 0.02122667746044693, 0.10934612410364758, 0.12800106868883904, 0.013491599849952601, 0.20248635702198337, -0.003961884843499894, 0.004777069431289083, 0.012586081695380655, -0.0750442661734965, -0.021364393374147903, -0.01923181347302777]
other derivatives: [ 5.34537321 -0.83082341  1.56896931 -0.34665391  0.20754669  0.        ]
Current x array =  [ -0.72962052  -0.51881243  -0.87862572   1.75978051  -2.0089342
   0.33647224 -12.75896515  -1.39648397  -2.54600832  -1.42140061
  -3.21340721  -2.2384673   -3.92205777  -1.94151273  -3.43232576
  -2.88275399  -4.47874058  -3.31663632]
log likelihood =  -2196.65841237
Edge derivatives =  [-8.085575869030514e-05, 0.0012964081184005105, -0.0030858599907193918, 0.0014179507320348783, 0.0036274163323510578, -0.004377837010494268, 0.004447823721998402, 0.00040054568414316094, -0.004233662646296273, 0.0066375839111593865, 0.006680385313607675, 0.0026381245730261044]
other derivatives: [ 0.02819434 -0.00404725  0.0046839   0.00227374 -0.00109139  0.        ]
Current x array =  [ -0.72347531  -0.51994206  -0.87320347   1.75535234  -2.00644901
   0.33647224 -12.75888479  -1.39764857  -2.54222496  -1.4220087
  -3.21694976  -2.23279554  -3.9265316   -1.94188436  -3.42801071
  -2.88986801  -4.4855568   -3.31939708]
      fun: 2196.658412367645
 hess_inv: <18x18 LbfgsInvHessProduct with dtype=float64>
      jac: array([ -2.81943358e-02,   4.04725142e-03,  -4.68389771e-03,
        -2.27373675e-03,   1.09139364e-03,  -0.00000000e+00,
         8.08557587e-05,  -1.29640812e-03,   3.08585999e-03,
        -1.41795073e-03,  -3.62741633e-03,   4.37783701e-03,
        -4.44782372e-03,  -4.00545684e-04,   4.23366265e-03,
        -6.63758391e-03,  -6.68038531e-03,  -2.63812457e-03])
  message: 'CONVERGENCE: REL_REDUCTION_OF_F_<=_FACTR*EPSMCH'
     nfev: 3
      nit: 1
   status: 0
  success: True
        x: array([ -0.72347531,  -0.51994206,  -0.87320347,   1.75535234,
        -2.00644901,   0.33647224, -12.75888479,  -1.39764857,
        -2.54222496,  -1.4220087 ,  -3.21694976,  -2.23279554,
        -3.9265316 ,  -1.94188436,  -3.42801071,  -2.88986801,
        -4.4855568 ,  -3.31939708])
