/home3/jxiong7/IGCexpansion/IGCexpansion/CodonGeneconv.py:277: FutureWarning: comparison to `None` will result in an elementwise object comparison in the future.
  if not x == None:
number of sites to be analyzed:  197
Successfully loaded parameter value from ./test/save/MG94_YNL069C_YIL133C_nonclock_save.txt
log likelihood =  -2322.82896288
Edge derivatives =  [0.0012059652771827245, -0.0023243536672006015, -0.002660233497578768, 0.00047496895778170733, -0.00538787940027164, 0.002936063781338094, 0.0015894304182929465, -0.0010556547579000097, -0.0014752274804222323, -0.001054425536794995, -0.003913200733594843, -0.0012521743179423409]
other derivatives: [ 0.0120508  -0.00059117 -0.00059117 -0.00109139  0.00218279  0.00122782]
Current x array =  [-0.72549576 -0.53824509 -0.93561894  1.69245458 -1.757125    0.38124534
 -2.15299377 -2.03037225 -1.72010662 -1.62481041 -3.6839002  -2.55257883
 -5.17771831 -2.50662871 -3.84596637 -2.72115128 -3.21320134 -4.57597851]
log likelihood =  -2322.89102847
Edge derivatives =  [-0.10554489951946411, -0.03039215476689358, -0.0665109366194625, -0.15539332069337541, -0.0032980914808052597, -0.13518842206583276, 0.0011529882520858164, -0.04656952828435393, -0.014827761012188974, -0.03688781427000451, 0.025494327012757098, 0.001996643260081938]
other derivatives: [-10.22617653   0.52486939   0.56729732   0.32086973  -0.25656846
   0.04224603]
Current x array =  [-0.71344496 -0.53883626 -0.93621011  1.69136319 -1.75494221  0.38247316
 -2.1517878  -2.03269661 -1.72276686 -1.62433544 -3.68928808 -2.54964276
 -5.17612888 -2.50768436 -3.84744159 -2.7222057  -3.21711454 -4.57723069]
log likelihood =  -2322.82896267
Edge derivatives =  [0.0010038246003758189, -0.0023786082583223955, -0.0027833039555916206, 0.00018174380417246283, -0.005385124695579821, 0.0026791031372093432, 0.0015881959926381112, -0.0011432878621458753, -0.001500830551909041, -0.0011231822576471956, -0.0038604055381656344, -0.0012467401295797598]
other derivatives: [-0.00654836  0.0003638   0.00045475 -0.00045475  0.00177351  0.00131877]
Current x array =  [-0.72547349 -0.53824618 -0.93562003  1.69245256 -1.75712097  0.38124761
 -2.15299154 -2.03037655 -1.72011154 -1.62480953 -3.68391016 -2.5525734
 -5.17771537 -2.50663066 -3.84596909 -2.72115323 -3.21320857 -4.57598083]
      fun: 2322.828962665266
 hess_inv: <18x18 LbfgsInvHessProduct with dtype=float64>
      jac: array([ 0.00654836, -0.0003638 , -0.00045475,  0.00045475, -0.00177351,
       -0.00131877, -0.00100382,  0.00237861,  0.0027833 , -0.00018174,
        0.00538512, -0.0026791 , -0.0015882 ,  0.00114329,  0.00150083,
        0.00112318,  0.00386041,  0.00124674])
  message: 'CONVERGENCE: REL_REDUCTION_OF_F_<=_FACTR*EPSMCH'
     nfev: 3
      nit: 1
   status: 0
  success: True
        x: array([-0.72547349, -0.53824618, -0.93562003,  1.69245256, -1.75712097,
        0.38124761, -2.15299154, -2.03037655, -1.72011154, -1.62480953,
       -3.68391016, -2.5525734 , -5.17771537, -2.50663066, -3.84596909,
       -2.72115323, -3.21320857, -4.57598083])
number of sites to be analyzed:  197
Successfully loaded parameter value from ./test/save/MG94_Force_YNL069C_YIL133C_nonclock_save.txt
log likelihood =  -2381.43620342
Edge derivatives =  [0.004195862027604053, -0.0034007149887818333, 0.0006515840348091384, -0.0031903931548656894, 0.0021665159534815376, -0.0010602915746043273, 0.0003148890397379877, 6.879481648724983e-05, -0.0005289251352506782, 0.0028638272883089455, 0.007726687764382387, -0.01072161257131176]
other derivatives: [-0.01041371  0.0003638   0.00095497 -0.00536602  0.00381988  0.        ]
Current x array =  [-0.73934016 -0.52969814 -0.9568968   1.53570574 -1.87961843  0.33647224
 -3.54363225 -1.46810331 -1.70902708 -1.41679347 -3.47429112 -2.19994304
 -4.91216678 -2.32338945 -3.59248864 -2.44852046 -2.92904049 -4.23472923]
log likelihood =  -2381.48431212
Edge derivatives =  [0.04440957813620508, 0.17356582560280984, 0.11686124407769921, 0.34236902160222, 0.011447654543991312, 0.12279223561868416, 0.0005714193911708024, 0.08691228537940249, 0.0384282579349799, -0.011602847131812866, -0.0737181908559389, 0.03194064481647399]
other derivatives: [ 8.8406523  -0.33842298 -0.66365828  0.02637535 -0.19090294  0.        ]
Current x array =  [-0.74975388 -0.52933434 -0.95594183  1.53033972 -1.87579856  0.33647224
 -3.53943639 -1.47150402 -1.7083755  -1.41998386 -3.4721246  -2.20100333
 -4.91185189 -2.32332066 -3.59301757 -2.44565663 -2.92131381 -4.24545084]
log likelihood =  -2381.43620267
Edge derivatives =  [0.0043501029403124405, -0.0027136980055635362, 0.0010974869365569795, -0.0018496052861007306, 0.002201087974647964, -0.0005816361305516216, 0.00031518751882221065, 0.0004031342265138904, -0.00037809519397769, 0.0028030390669551153, 0.007407235377384289, -0.010554139316490022]
other derivatives: [ 0.02455636 -0.00100044 -0.00163709 -0.00536602  0.00300133  0.        ]
Current x array =  [-0.7393808  -0.52969672 -0.95689308  1.5356848  -1.87960353  0.33647224
 -3.54361588 -1.46811657 -1.70902454 -1.41680592 -3.47428266 -2.19994718
 -4.91216555 -2.32338919 -3.59249071 -2.44850928 -2.92901034 -4.23477107]
      fun: 2381.4362026721337
 hess_inv: <18x18 LbfgsInvHessProduct with dtype=float64>
      jac: array([-0.02455636,  0.00100044,  0.00163709,  0.00536602, -0.00300133,
       -0.        , -0.0043501 ,  0.0027137 , -0.00109749,  0.00184961,
       -0.00220109,  0.00058164, -0.00031519, -0.00040313,  0.0003781 ,
       -0.00280304, -0.00740724,  0.01055414])
  message: 'CONVERGENCE: REL_REDUCTION_OF_F_<=_FACTR*EPSMCH'
     nfev: 3
      nit: 1
   status: 0
  success: True
        x: array([-0.7393808 , -0.52969672, -0.95689308,  1.5356848 , -1.87960353,
        0.33647224, -3.54361588, -1.46811657, -1.70902454, -1.41680592,
       -3.47428266, -2.19994718, -4.91216555, -2.32338919, -3.59249071,
       -2.44850928, -2.92901034, -4.23477107])
