/home3/jxiong7/IGCexpansion/IGCexpansion/CodonGeneconv.py:276: FutureWarning: comparison to `None` will result in an elementwise object comparison in the future.
  if not x == None:
number of sites to be analyzed:  107
Successfully loaded parameter value from ./test/save/MG94_YLR333C_YGR027C_nonclock_save.txt
log likelihood =  -1261.99870162
Edge derivatives =  [-2.390987726517969e-05, -0.00014944135842082096, 0.00016840087298891637, 0.0016252164171317307, -0.0022183795007052823, 0.00012141163992172854, -0.002039078543928069, 0.00022497798922906098, 0.0020042618223490294, -0.0032203257302204635, -0.0007589300110666386, -0.0007599076043482145]
other derivatives: [  8.43556336e-03  -5.91171556e-04  -6.82121026e-05   4.00177669e-03
   1.22781785e-03  -4.77484718e-04]
Current x array =  [ -0.719881    -0.51715499  -0.84359402   1.72263298  -1.9045577
   1.18809055 -13.76049672  -1.03859173  -1.53487389  -0.86037322
  -3.75524727  -3.01582058  -3.43238344  -3.17603796  -3.74398455
  -3.01800938  -3.16609815  -3.5129683 ]
log likelihood =  -1262.01562496
Edge derivatives =  [-2.462592617985126e-05, -0.05089123273468832, -0.07489318622894181, -0.1348183437032168, -0.007102239417108809, -0.012508986871987343, -0.004316280171825535, -0.009336733653022539, -0.012010745227251318, 0.017769094031126476, -0.006077686151697292, -0.0008819128126429099]
other derivatives: [-3.97953954  0.25645477  0.05861693  0.00954969 -0.07680683  0.05991296]
Current x array =  [ -0.71144543  -0.51774616  -0.84366223   1.72663475  -1.90332989
   1.18761306 -13.76052063  -1.03874117  -1.53470549  -0.858748
  -3.75746565  -3.01569917  -3.43442252  -3.17581298  -3.74198029
  -3.02122971  -3.16685708  -3.51372821]
log likelihood =  -1261.99870142
Edge derivatives =  [-2.3912368998381496e-05, -0.000327335486688507, -9.199933999681775e-05, 0.0011524202490971747, -0.002235632988988198, 7.688978589920348e-05, -0.0020476302630907835, 0.00019153629112010628, 0.001955905088594334, -0.0031490572432703035, -0.0007779832627334837, -0.0007609510423343679]
other derivatives: [ -5.16138243e-03   2.50111043e-04   9.09494702e-05   3.95630195e-03
   9.09494702e-04  -2.95585778e-04]
Current x array =  [ -0.71985202  -0.51715702  -0.84359425   1.72264672  -1.90455349
   1.18808891 -13.76049681  -1.03859224  -1.53487331  -0.86036764
  -3.75525489  -3.01582017  -3.43239045  -3.17603719  -3.74397766
  -3.01802045  -3.16610076  -3.51297091]
      fun: 1261.9987014175945
 hess_inv: <18x18 LbfgsInvHessProduct with dtype=float64>
      jac: array([  5.16138243e-03,  -2.50111043e-04,  -9.09494702e-05,
        -3.95630195e-03,  -9.09494702e-04,   2.95585778e-04,
         2.39123690e-05,   3.27335487e-04,   9.19993400e-05,
        -1.15242025e-03,   2.23563299e-03,  -7.68897859e-05,
         2.04763026e-03,  -1.91536291e-04,  -1.95590509e-03,
         3.14905724e-03,   7.77983263e-04,   7.60951042e-04])
  message: 'CONVERGENCE: REL_REDUCTION_OF_F_<=_FACTR*EPSMCH'
     nfev: 3
      nit: 1
   status: 0
  success: True
        x: array([ -0.71985202,  -0.51715702,  -0.84359425,   1.72264672,
        -1.90455349,   1.18808891, -13.76049681,  -1.03859224,
        -1.53487331,  -0.86036764,  -3.75525489,  -3.01582017,
        -3.43239045,  -3.17603719,  -3.74397766,  -3.01802045,
        -3.16610076,  -3.51297091])
number of sites to be analyzed:  107
Successfully loaded parameter value from ./test/save/MG94_Force_YLR333C_YGR027C_nonclock_save.txt
log likelihood =  -1345.64626879
Edge derivatives =  [-2.8909830109027805e-05, 0.004148802269802132, -0.0025313604082470575, -0.0032959037753100273, 0.006325863007943605, 0.005075860784552966, -0.006548079190048305, 0.00038619886225463307, -0.006421049006255952, 0.0051619915337896005, -0.0001012139990331784, -0.005466139143005949]
other derivatives: [-0.00704858 -0.03087735 -0.00393356 -0.00202363 -0.00177351  0.        ]
Current x array =  [ -0.71244882  -0.53770964  -0.86217086   1.37813195  -1.9253988
   0.33647224 -15.41021112  -0.62748043  -3.04588767  -0.62497817
  -3.41881431  -3.36705169  -3.42430404  -2.65742947  -3.33109415
  -2.62959986  -2.72544764  -2.937243  ]
log likelihood =  -1345.83734137
Edge derivatives =  [-2.868526466993994e-05, 0.12395602992459176, -0.048351494003013494, 0.6728710390652999, 0.009917595251708058, -0.00846263530843655, 0.02739769528065453, 0.02861888972806087, 0.06288764626544474, 0.015265966735744207, 0.06179363477304371, 0.11421852419836355]
other derivatives: [  3.37149686  11.23296443   0.76258857  -0.24940618   0.07803465   0.        ]
Current x array =  [ -0.71949741  -0.56858699  -0.86610442   1.37610832  -1.92717231
   0.33647224 -15.41024003  -0.62333162  -3.04841903  -0.62827408
  -3.41248845  -3.36197583  -3.43085212  -2.65704327  -3.3375152
  -2.62443787  -2.72554886  -2.94270914]
log likelihood =  -1345.64626679
Edge derivatives =  [-2.8909062357397793e-05, 0.0046143820820956916, -0.0026792433221689976, -0.0009881481078466703, 0.006348382312499817, 0.005042016720797585, -0.006431021771258365, 0.0004970724961844974, -0.0061891078611240324, 0.005217770190931281, 0.00011667894455050232, -0.0050663492288688106]
other derivatives: [ 0.00388809  0.0071168  -0.0015234  -0.00286491 -0.00150067  0.        ]
Current x array =  [ -0.71247117  -0.53780754  -0.86218333   1.37812553  -1.92540442
   0.33647224 -15.41021121  -0.62746727  -3.04589569  -0.62498862
  -3.41879426  -3.3670356   -3.4243248   -2.65742825  -3.33111451
  -2.6295835   -2.72544796  -2.93726033]
      fun: 1345.6462667861113
 hess_inv: <18x18 LbfgsInvHessProduct with dtype=float64>
      jac: array([ -3.88808985e-03,  -7.11679604e-03,   1.52340363e-03,
         2.86490831e-03,   1.50066626e-03,  -0.00000000e+00,
         2.89090624e-05,  -4.61438208e-03,   2.67924332e-03,
         9.88148108e-04,  -6.34838231e-03,  -5.04201672e-03,
         6.43102177e-03,  -4.97072496e-04,   6.18910786e-03,
        -5.21777019e-03,  -1.16678945e-04,   5.06634923e-03])
  message: 'CONVERGENCE: REL_REDUCTION_OF_F_<=_FACTR*EPSMCH'
     nfev: 3
      nit: 1
   status: 0
  success: True
        x: array([ -0.71247117,  -0.53780754,  -0.86218333,   1.37812553,
        -1.92540442,   0.33647224, -15.41021121,  -0.62746727,
        -3.04589569,  -0.62498862,  -3.41879426,  -3.3670356 ,
        -3.4243248 ,  -2.65742825,  -3.33111451,  -2.6295835 ,
        -2.72544796,  -2.93726033])
