/home3/jxiong7/IGCexpansion/IGCexpansion/CodonGeneconv.py:277: FutureWarning: comparison to `None` will result in an elementwise object comparison in the future.
  if not x == None:
number of sites to be analyzed:  299
Successfully loaded parameter value from ./test/save/MG94_ARa_ERa_nonclock_save.txt
log likelihood =  -10816.6791772
Edge derivatives =  [-0.02930349143926314, -0.014422014728575516, 0.016175078839373087, 0.010583130873615329, -0.034267931941594214, 0.01652323322203445, -0.002429356981490237, -0.008254572256148195, -0.007587043147805228, 0.00666735902991461, 0.0011039275828685635, 0.0029604790134358794, -0.007906509032229003, -0.00800930319268561, 0.0012028252298313946, -0.003607994804480698, 0.012816653193608085, 0.010116832314974122, -0.014598991787696941, -0.012652306482613396, -0.015207294444459007, 0.006549325789733149, -0.006838309759871687, 0.009176188493490417, -0.002511579180734698, 0.014086104469818839]
other derivatives: [ 0.04038156 -0.02328306  0.08385541  0.01582521 -0.01273293 -0.02219167]
Current x array =  [-0.69643365 -0.83341363 -0.54790442  0.72576089 -3.10347205 -2.38097099
  2.07336901  1.62345347 -0.13627489  0.05743181 -1.4969428  -0.46229941
 -0.29849702 -1.33701111 -1.28049372 -1.14164033 -2.26453221 -2.12941808
 -0.80648608 -0.93118786 -0.93159549 -2.90545693 -1.95051331 -4.41821784
 -2.28187072 -2.22273977 -1.36242676 -2.1823097  -3.61808683 -2.70748448
 -2.97409233 -2.85694064]
log likelihood =  -10833.920271
Edge derivatives =  [3.238757767221543, 1.9549506172170585, -0.5896255528764184, -0.7756609046170346, 0.6539708763784724, 0.2921239190386893, -0.6838720582329375, -0.013683172188687094, 1.545775848052855, 1.351181066753836, -0.13536399397509255, 0.09837325934410063, 1.8269941130639331, 0.9486958349534976, 1.7062678514391267, 0.4567214916059161, -0.6306458652168399, -0.010341372387530884, 1.0910560617676064, 1.3360960967088586, 1.0740382842358431, 0.5639447222723009, 0.1701852142273643, 0.2833171225072779, 0.2809291076733093, 0.07609099132783559]
other derivatives: [ -1.50874439e+02   3.09288225e+01  -3.47254354e+02   2.50383891e+00
   1.32604328e+00   2.87946023e-01]
Current x array =  [-0.65605208 -0.85669669 -0.46404901  0.74158609 -3.11620498 -2.40316266
  2.04406552  1.60903145 -0.12009981  0.06801495 -1.53121073 -0.44577618
 -0.30092638 -1.34526569 -1.28808077 -1.13497297 -2.26342829 -2.1264576
 -0.81439259 -0.93919716 -0.93039266 -2.90906493 -1.93769665 -4.40810101
 -2.29646972 -2.23539207 -1.37763405 -2.17576038 -3.62492514 -2.69830829
 -2.97660391 -2.84285453]
log likelihood =  -10816.679175
Edge derivatives =  [-0.027460119290012797, -0.013421170606676275, 0.016084181305971036, 0.010445397713542706, -0.03385608746056733, 0.016893560517511404, -0.002431893932978879, -0.008143964007333623, -0.006756428505514056, 0.007380509393066947, 0.0010985151250306607, 0.0030573753647442636, -0.006912875781571126, -0.007389630465112661, 0.0021263079621083314, -0.0033886446197793044, 0.012593198363594932, 0.010113091791410744, -0.01405785142088986, -0.012003118437281968, -0.01457852188215819, 0.006828982939897477, -0.006749443652382156, 0.00932471444202522, -0.0023599553224280326, 0.014135175917567855]
other derivatives: [-0.04438334 -0.04074536 -0.06530172 -0.0172804  -0.01364242 -0.02237357]
Current x array =  [-0.69641569 -0.83342398 -0.54786714  0.72576792 -3.10347772 -2.38098086
  2.07335598  1.62344706 -0.1362677   0.05743652 -1.49695803 -0.46229207
 -0.2984981  -1.33701478 -1.2804971  -1.14163736 -2.26453172 -2.12941676
 -0.8064896  -0.93119142 -0.93159495 -2.90545854 -1.95050761 -4.41821334
 -2.28187722 -2.22274539 -1.36243352 -2.18230679 -3.61808987 -2.7074804
 -2.97409344 -2.85693437]
      fun: 10816.6791750447
 hess_inv: <32x32 LbfgsInvHessProduct with dtype=float64>
      jac: array([ 0.04438334,  0.04074536,  0.06530172,  0.0172804 ,  0.01364242,
        0.02237357,  0.02746012,  0.01342117, -0.01608418, -0.0104454 ,
        0.03385609, -0.01689356,  0.00243189,  0.00814396,  0.00675643,
       -0.00738051, -0.00109852, -0.00305738,  0.00691288,  0.00738963,
       -0.00212631,  0.00338864, -0.0125932 , -0.01011309,  0.01405785,
        0.01200312,  0.01457852, -0.00682898,  0.00674944, -0.00932471,
        0.00235996, -0.01413518])
  message: 'CONVERGENCE: REL_REDUCTION_OF_F_<=_FACTR*EPSMCH'
     nfev: 3
      nit: 1
   status: 0
  success: True
        x: array([-0.69641569, -0.83342398, -0.54786714,  0.72576792, -3.10347772,
       -2.38098086,  2.07335598,  1.62344706, -0.1362677 ,  0.05743652,
       -1.49695803, -0.46229207, -0.2984981 , -1.33701478, -1.2804971 ,
       -1.14163736, -2.26453172, -2.12941676, -0.8064896 , -0.93119142,
       -0.93159495, -2.90545854, -1.95050761, -4.41821334, -2.28187722,
       -2.22274539, -1.36243352, -2.18230679, -3.61808987, -2.7074804 ,
       -2.97409344, -2.85693437])
number of sites to be analyzed:  299
Successfully loaded parameter value from ./test/save/MG94_Force_ARa_ERa_nonclock_save.txt
log likelihood =  -10832.7269038
Edge derivatives =  [-0.00282804813738724, -0.019284562572917635, -0.007803808254070357, 0.07157040356026025, 0.014620280023467033, 0.012090540016815601, -0.00750757018604048, 0.03969916091393269, 0.005778539784141057, 0.011695048977426459, 0.009719133533389976, -0.0015606820135822819, -0.03552660308906658, -0.030595504430927834, -0.0740183232594438, 0.04978591769618679, -0.0036867772485336403, 0.01017409648018847, 0.0029218197943600144, 0.001088154244588413, -0.030177684546083272, -0.0027897561862125636, -0.011950253710196486, -0.0047233714165692, -0.003129227619018335, -0.005520477640634236]
other derivatives: [-0.11896191  0.0680302  -0.1371518   0.06984919  0.00763976  0.        ]
Current x array =  [-0.69528274 -0.83278351 -0.54675522  0.70637232 -3.08924419  0.33647224
  1.9651112   1.71824745 -0.06780358  0.06449708 -1.44646596 -0.44715202
 -0.28227546 -1.32774885 -1.24408652 -1.1246382  -2.24092634 -2.11263153
 -0.77550462 -0.92589664 -0.90002756 -2.90333243 -1.92987312 -4.36326634
 -2.2645041  -2.19404768 -1.34177265 -2.16086665 -3.60558461 -2.68174343
 -2.95105901 -2.83431055]
log likelihood =  -10891.7592249
Edge derivatives =  [11.47745032530128, 3.5794801749141136, 0.6030048998120062, -0.4788098985538529, -1.0690625611616669, -2.303355414229438, 2.107698012785262, 0.222210944277598, -3.1158683915683847, -3.4833579869569253, -0.3652353234656945, -0.9370101928622677, 1.136418104205904, 2.1022253207713746, 4.184611838627257, -0.3807030233833279, 0.056707360343282553, 0.030041419099862715, -1.006171735463236, -1.633523577443099, 2.547721897365256, -1.4121167992715835, -0.17232651886874403, -0.8962284968080335, -0.5732639254109914, -0.7482108925245987]
other derivatives: [ 368.99728002 -107.05189197  412.3625331   -49.07087714   29.83906597
    0.        ]
Current x array =  [-0.81424464 -0.76475331 -0.68390702  0.77622151 -3.08160444  0.33647224
  1.96228316  1.69896289 -0.07560739  0.13606749 -1.43184568 -0.43506148
 -0.28978303 -1.28804969 -1.23830798 -1.11294315 -2.23120721 -2.11419221
 -0.81103123 -0.95649214 -0.97404588 -2.85354652 -1.93355989 -4.35309224
 -2.26158228 -2.19295953 -1.37195034 -2.1636564  -3.61753486 -2.6864668
 -2.95418824 -2.83983103]
log likelihood =  -10832.7268941
Edge derivatives =  [0.0034584545792881727, -0.017339783659110874, -0.0071786956782441125, 0.07173581632779263, 0.014284164671843586, 0.011423336310046515, -0.005979280576452244, 0.03998264138547411, 0.004563479451800911, 0.010278351880929737, 0.009644100446819376, -0.0019328270072549447, -0.03470674544227631, -0.029234980146645183, -0.0716226174148204, 0.04959004634937451, -0.003547392996271964, 0.010189317162722655, 0.0025338763441351553, 0.00041830765805916936, -0.028713324807231377, -0.0034060960228056297, -0.012007656735530933, -0.005079605249961414, -0.00334717293439888, -0.005822769656268489]
other derivatives: [-0.05675247 -0.07366907  0.09677024 -0.07676135  0.06002665  0.        ]
Current x array =  [-0.69533879 -0.83275145 -0.54681984  0.70640523 -3.08924059  0.33647224
  1.96510987  1.71823836 -0.06780726  0.06453081 -1.44645907 -0.44714633
 -0.28227899 -1.32773015 -1.24408379 -1.12463269 -2.24092176 -2.11263227
 -0.77552136 -0.92591106 -0.90006244 -2.90330898 -1.92987485 -4.36326154
 -2.26450272 -2.19404717 -1.34178687 -2.16086796 -3.60559024 -2.68174565
 -2.95106048 -2.83431315]
      fun: 10832.7268940541
 hess_inv: <32x32 LbfgsInvHessProduct with dtype=float64>
      jac: array([ 0.05675247,  0.07366907, -0.09677024,  0.07676135, -0.06002665,
       -0.        , -0.00345845,  0.01733978,  0.0071787 , -0.07173582,
       -0.01428416, -0.01142334,  0.00597928, -0.03998264, -0.00456348,
       -0.01027835, -0.0096441 ,  0.00193283,  0.03470675,  0.02923498,
        0.07162262, -0.04959005,  0.00354739, -0.01018932, -0.00253388,
       -0.00041831,  0.02871332,  0.0034061 ,  0.01200766,  0.00507961,
        0.00334717,  0.00582277])
  message: 'CONVERGENCE: REL_REDUCTION_OF_F_<=_FACTR*EPSMCH'
     nfev: 3
      nit: 1
   status: 0
  success: True
        x: array([-0.69533879, -0.83275145, -0.54681984,  0.70640523, -3.08924059,
        0.33647224,  1.96510987,  1.71823836, -0.06780726,  0.06453081,
       -1.44645907, -0.44714633, -0.28227899, -1.32773015, -1.24408379,
       -1.12463269, -2.24092176, -2.11263227, -0.77552136, -0.92591106,
       -0.90006244, -2.90330898, -1.92987485, -4.36326154, -2.26450272,
       -2.19404717, -1.34178687, -2.16086796, -3.60559024, -2.68174565,
       -2.95106048, -2.83431315])
