/home3/jxiong7/IGCexpansion/IGCexpansion/CodonGeneconv.py:277: FutureWarning: comparison to `None` will result in an elementwise object comparison in the future.
  if not x == None:
number of sites to be analyzed:  310
Successfully loaded parameter value from ./test/save/MG94_ERa_ERb_nonclock_save.txt
log likelihood =  -13588.2964574
Edge derivatives =  [-0.006354092046866239, -0.0046959425216502315, 0.00965067562409283, -0.008907443753305766, -0.008171916857536377, 0.009430284256974009, 0.007493095825439333, 0.007859245369856549, -0.014397644056669323, -0.0051808357710697445, -0.008821996393924447, -0.0012603402050084256, 0.018211959745713546, -0.0017190698034426077, -0.00745129980200783, -0.012978104383739364, -0.0010861254026528488, -0.009123482711501874, -0.016654120739474684, 0.0056242778030762275, 0.018226660063481198, 0.020121633021247892, -0.00949978996246581, -0.004892570099288118, 0.0020122047406809784, 0.0016277429694037115, -0.005123240586322408, 0.004157558154655183, 0.00496142561496201, 0.002438179775413815]
other derivatives: [-0.02546585 -0.02874003 -0.03637979  0.02764864  0.00836735  0.00945874]
Current x array =  [-0.6919144  -0.83559259 -0.52407015  0.64522912 -2.57474633 -1.28056957
 -0.21333601  1.6871633  -0.23478676 -0.44931927 -1.35369556 -1.82418959
 -0.41032159 -1.57800275 -0.76888449 -1.6661231  -0.70065474 -1.59512774
 -1.17759128 -0.82314135 -1.9400429  -5.8781198  -1.05816359 -0.84622296
 -4.00199323 -2.97442598 -2.62857704 -3.49579325 -1.15900474 -0.74297005
 -2.06406053 -2.45854481 -1.14331191 -1.92155805 -4.07837592 -2.77153874]
log likelihood =  -13593.3505638
Edge derivatives =  [1.1074677074475892, 1.5740797646299007, -0.15982165865016817, 0.49445163149568894, 0.2765053354208571, 0.07779603762674825, -0.6244154009392637, -0.09040849417627844, 1.2943785993582102, 0.16648563372090674, 0.5593968104945248, 0.4288215116689595, -0.7801398615224924, -0.44470712010337365, 0.34797597560273513, -5.209816762427599e-05, 0.6424492726596827, 1.3441991832012357, -0.0047515723664319776, -0.03377421308361293, -0.495836875752315, -0.18796256379818368, 1.2822578932111668, 0.24515094847889163, -0.17874634693306501, -0.1760722434095698, 0.6313202909631501, -0.42515012128251567, -0.014003349515937666, -0.228874190658734]
other derivatives: [ 108.17311704   55.47954061  137.16344256  -19.26273399    5.04987838
   -0.51713869]
Current x array =  [-0.71738025 -0.86433263 -0.56044994  0.67287776 -2.56637897 -1.27111082
 -0.2196901   1.68246735 -0.22513608 -0.45822671 -1.36186748 -1.8147593
 -0.40282849 -1.5701435  -0.78328213 -1.67130393 -0.70947674 -1.59638808
 -1.15937932 -0.82486042 -1.9474942  -5.8910979  -1.05924971 -0.85534644
 -4.01864735 -2.9688017  -2.61035038 -3.47567161 -1.16850453 -0.74786262
 -2.06204832 -2.45691707 -1.14843515 -1.91740049 -4.0734145  -2.76910056]
log likelihood =  -13588.2964556
Edge derivatives =  [-0.005643403406858122, -0.0036703772945419766, 0.009610966689546085, -0.00854160539730242, -0.007953620273436046, 0.009504555410913829, 0.0071820545008085546, 0.007819977924303445, -0.01351899017548297, -0.005037793915947452, -0.008421581237368247, -0.0009538842266742509, 0.01776611820879137, -0.0019328090243537766, -0.007218658440351161, -0.012969404296431036, -0.0006423153342423049, -0.008219659540883217, -0.01664639463473829, 0.00561125673759548, 0.017923292412361902, 0.02000097109525023, -0.008649108153477636, -0.004664039880570847, 0.001925681754462616, 0.0015306002669843999, -0.004680465420465296, 0.0039161052499891436, 0.004952389461112504, 0.002310652696582191]
other derivatives: [ 0.0338332  -0.00327418  0.06548362 -0.02783054  0.00181899  0.00927685]
Current x array =  [-0.69193006 -0.83561027 -0.52409252  0.64524612 -2.57474118 -1.28056375
 -0.21333991  1.68716041 -0.23478083 -0.44932475 -1.35370059 -1.82418379
 -0.41031698 -1.57799791 -0.76889334 -1.66612628 -0.70066016 -1.59512851
 -1.17758008 -0.82314241 -1.94004749 -5.87812778 -1.05816425 -0.84622857
 -4.00200347 -2.97442252 -2.62856583 -3.49578087 -1.15901058 -0.74297306
 -2.06405929 -2.45854381 -1.14331506 -1.9215555  -4.07837287 -2.77153724]
      fun: 13588.296455550397
 hess_inv: <36x36 LbfgsInvHessProduct with dtype=float64>
      jac: array([-0.0338332 ,  0.00327418, -0.06548362,  0.02783054, -0.00181899,
       -0.00927685,  0.0056434 ,  0.00367038, -0.00961097,  0.00854161,
        0.00795362, -0.00950456, -0.00718205, -0.00781998,  0.01351899,
        0.00503779,  0.00842158,  0.00095388, -0.01776612,  0.00193281,
        0.00721866,  0.0129694 ,  0.00064232,  0.00821966,  0.01664639,
       -0.00561126, -0.01792329, -0.02000097,  0.00864911,  0.00466404,
       -0.00192568, -0.0015306 ,  0.00468047, -0.00391611, -0.00495239,
       -0.00231065])
  message: 'CONVERGENCE: REL_REDUCTION_OF_F_<=_FACTR*EPSMCH'
     nfev: 3
      nit: 1
   status: 0
  success: True
        x: array([-0.69193006, -0.83561027, -0.52409252,  0.64524612, -2.57474118,
       -1.28056375, -0.21333991,  1.68716041, -0.23478083, -0.44932475,
       -1.35370059, -1.82418379, -0.41031698, -1.57799791, -0.76889334,
       -1.66612628, -0.70066016, -1.59512851, -1.17758008, -0.82314241,
       -1.94004749, -5.87812778, -1.05816425, -0.84622857, -4.00200347,
       -2.97442252, -2.62856583, -3.49578087, -1.15901058, -0.74297306,
       -2.06405929, -2.45854381, -1.14331506, -1.9215555 , -4.07837287,
       -2.77153724])
number of sites to be analyzed:  310
Successfully loaded parameter value from ./test/save/MG94_Force_ERa_ERb_nonclock_save.txt
log likelihood =  -13701.1144636
Edge derivatives =  [-0.005641063260112336, 0.012867187483203868, -0.049920200987576546, -0.0105926015945359, -0.007474998913841846, -0.015076556607070746, 0.04399897580363232, -0.006133137124805843, 0.005555616294974142, -0.00946522189893173, 0.012560360479548116, 0.008212794115202815, 0.004735488389044029, 0.04434356594058597, 0.004039253378187779, -0.018373520657512965, 0.010223989203274053, 0.014100098040193139, -0.03290467610779785, 0.00728988376129569, -0.0073443914370564245, 0.033238235674482475, -0.004716887409539239, 0.03731491010628085, 0.0009629825083823373, -0.0007265458611275533, -0.007102230360867434, 7.610363606391779e-05, 0.016089908750146424, 0.012016994722739371]
other derivatives: [-0.16043487 -0.08330971 -0.10004442 -0.03292371 -0.00636646  0.        ]
Current x array =  [-0.69812171 -0.84324737 -0.51329855  0.60889884 -2.59538688  0.33647224
 -0.5891277   1.73082621 -0.23925088 -0.44060075 -1.32889448 -1.67947647
 -0.33098313 -1.46954224 -0.72780449 -1.72586156 -0.61378789 -1.54659999
 -1.02210812 -0.74395557 -1.61490287 -5.51735227 -0.91534472 -0.76476085
 -3.94241653 -2.84402797 -2.54380729 -3.36346241 -0.98484855 -0.73519059
 -1.94500489 -2.38818046 -1.04163226 -1.79580009 -3.94685929 -2.69435665]
log likelihood =  -13777.1782686
Edge derivatives =  [1.1206292832779907, 1.5719314428095332, 4.386435122864589, 3.0601493277557967, 1.5656968415925625, 1.2776120690038026, -1.8460608575361441, 1.201753084183539, 0.09983041061826836, 0.4375557049057888, -0.2406341424327083, 1.059498226879928, 0.5729702114833941, -1.5237392552289961, 0.8359591873433763, 0.0379699890278663, 2.3581803183827432, 1.3742731659430059, 0.11415863299292328, 0.695834124456679, 0.35592420604460245, 0.04185919982491465, 2.8830378043017584, -4.943731327307884, 1.0501555851481803, 0.6392254837413092, 3.539423921099911, 1.056542944899228, 0.15460255497117723, -0.3693206634859056]
other derivatives: [ 547.72317526  174.11693989  396.92677092   -4.05452738   28.38260116
    0.        ]
Current x array =  [-0.85855658 -0.92655709 -0.61334296  0.57597513 -2.60175334  0.33647224
 -0.59476876  1.7436934  -0.28917108 -0.45119335 -1.33636948 -1.69455302
 -0.28698415 -1.47567538 -0.72224887 -1.73532678 -0.60122753 -1.53838719
 -1.01737264 -0.699612   -1.61086362 -5.53572579 -0.90512073 -0.75066075
 -3.9753212  -2.83673808 -2.55115168 -3.33022417 -0.98956544 -0.69787568
 -1.9440419  -2.388907   -1.04873449 -1.79572398 -3.93076938 -2.68233965]
log likelihood =  -13701.1144585
Edge derivatives =  [-0.0049278981011293245, 0.013795259965832224, -0.04796693292277454, -0.009171061947048309, -0.006759427674123852, -0.014463637562272313, 0.04362791774589758, -0.005648401523309365, 0.005885935866945857, -0.009139491314503256, 0.012583698400948418, 0.008741504256780885, 0.005018067328138809, 0.04408361428644092, 0.004325524883689202, -0.018351670806025455, 0.011138202478212511, 0.014828293012322902, -0.03286511127627847, 0.007561248726357328, -0.007199175405712299, 0.03326371097008274, -0.003556696541871851, 0.03603166484468101, 0.0014040444406151487, -0.0004603191322714306, -0.005727892362325182, 0.0005121222169021111, 0.016143859954221018, 0.011960060958694396]
other derivatives: [ 0.08294592  0.04802132  0.02346496 -0.05911716 -0.02146407  0.        ]
Current x array =  [-0.69817424 -0.84327465 -0.5133313   0.60888806 -2.59538896  0.33647224
 -0.58912954  1.73083043 -0.23926722 -0.44060421 -1.32889693 -1.6794814
 -0.33096872 -1.46954425 -0.72780267 -1.72586466 -0.61378378 -1.5465973
 -1.02210657 -0.74394105 -1.61490155 -5.51735829 -0.91534138 -0.76475623
 -3.9424273  -2.84402558 -2.54380969 -3.36345152 -0.9848501  -0.73517838
 -1.94500457 -2.3881807  -1.04163459 -1.79580006 -3.94685402 -2.69435271]
      fun: 13701.114458491884
 hess_inv: <36x36 LbfgsInvHessProduct with dtype=float64>
      jac: array([-0.08294592, -0.04802132, -0.02346496,  0.05911716,  0.02146407,
       -0.        ,  0.0049279 , -0.01379526,  0.04796693,  0.00917106,
        0.00675943,  0.01446364, -0.04362792,  0.0056484 , -0.00588594,
        0.00913949, -0.0125837 , -0.0087415 , -0.00501807, -0.04408361,
       -0.00432552,  0.01835167, -0.0111382 , -0.01482829,  0.03286511,
       -0.00756125,  0.00719918, -0.03326371,  0.0035567 , -0.03603166,
       -0.00140404,  0.00046032,  0.00572789, -0.00051212, -0.01614386,
       -0.01196006])
  message: 'CONVERGENCE: REL_REDUCTION_OF_F_<=_FACTR*EPSMCH'
     nfev: 3
      nit: 1
   status: 0
  success: True
        x: array([-0.69817424, -0.84327465, -0.5133313 ,  0.60888806, -2.59538896,
        0.33647224, -0.58912954,  1.73083043, -0.23926722, -0.44060421,
       -1.32889693, -1.6794814 , -0.33096872, -1.46954425, -0.72780267,
       -1.72586466, -0.61378378, -1.5465973 , -1.02210657, -0.74394105,
       -1.61490155, -5.51735829, -0.91534138, -0.76475623, -3.9424273 ,
       -2.84402558, -2.54380969, -3.36345152, -0.9848501 , -0.73517838,
       -1.94500457, -2.3881807 , -1.04163459, -1.79580006, -3.94685402,
       -2.69435271])
