/home3/jxiong7/IGCexpansion/IGCexpansion/CodonGeneconv.py:277: FutureWarning: comparison to `None` will result in an elementwise object comparison in the future.
  if not x == None:
number of sites to be analyzed:  134
Successfully loaded parameter value from ./test/save/MG94_YMR143W_YDL083C_nonclock_save.txt
log likelihood =  -1209.74996961
Edge derivatives =  [-4.0879305920910294e-05, -0.002030087801441982, -0.0011769678666035677, 0.0016479345078399266, 0.0013363152215946986, -0.0010550804059247382, -0.002224657869529953, -0.0023707660589517843, -0.0012771050611395064, -0.00148016525329836, 0.0002743616397799589, 0.0002150892491287748]
other derivatives: [ 0.01004992 -0.00038654 -0.00034106 -0.00231921 -0.00252385  0.00266027]
Current x array =  [ -0.71742396  -0.48653852  -0.95369059   2.43562593  -3.71562372
   1.15087265 -10.45689374  -2.64922125  -1.73329991  -2.02831735
  -3.54992182  -2.99640161  -4.77375687  -2.57269763  -5.55047753
  -2.91939018  -3.53204807  -3.40024767]
log likelihood =  -1209.77642911
Edge derivatives =  [-4.1340530704884505e-05, -0.006458084490772745, -0.028909682007254578, -0.08142003623962618, -0.018180366107496508, -0.02436342898187091, -0.0018040282378298383, -0.01388755559466466, -0.0036562275892437594, -0.0105156424396598, -0.024723577216359212, -0.03161519309655822]
other derivatives: [-5.25672021  0.22635049  0.15186288  0.11084467 -0.01120952 -0.03244622]
Current x array =  [ -0.70737405  -0.48692505  -0.95403165   2.43330672  -3.71814757
   1.15353292 -10.45693462  -2.65125133  -1.73447688  -2.02666942
  -3.5485855   -2.99745669  -4.77598153  -2.5750684   -5.55175464
  -2.92087034  -3.53177371  -3.40003258]
log likelihood =  -1209.74996941
Edge derivatives =  [-4.088242661996931e-05, -0.0020438548478331903, -0.0012578987886103232, 0.0014157860503072883, 0.0012818679672344305, -0.0011208798921966273, -0.0022240313924426873, -0.0024046602006868034, -0.001283944810672323, -0.0015068474075692756, 0.00020468795237646442, 0.000126137598530765]
other derivatives: [ -4.22915036e-03   2.27373675e-04   9.09494702e-05  -2.04636308e-03
  -2.52384780e-03   2.59205990e-03]
Current x array =  [ -0.7173963   -0.48653958  -0.95369153   2.43561955  -3.71563066
   1.15087997 -10.45689385  -2.64922683  -1.73330315  -2.02831282
  -3.54991814  -2.99640451  -4.77376299  -2.57270416  -5.55048105
  -2.91939425  -3.53204732  -3.40024708]
      fun: 1209.7499694117287
 hess_inv: <18x18 LbfgsInvHessProduct with dtype=float64>
      jac: array([  4.22915036e-03,  -2.27373675e-04,  -9.09494702e-05,
         2.04636308e-03,   2.52384780e-03,  -2.59205990e-03,
         4.08824266e-05,   2.04385485e-03,   1.25789879e-03,
        -1.41578605e-03,  -1.28186797e-03,   1.12087989e-03,
         2.22403139e-03,   2.40466020e-03,   1.28394481e-03,
         1.50684741e-03,  -2.04687952e-04,  -1.26137599e-04])
  message: 'CONVERGENCE: REL_REDUCTION_OF_F_<=_FACTR*EPSMCH'
     nfev: 3
      nit: 1
   status: 0
  success: True
        x: array([ -0.7173963 ,  -0.48653958,  -0.95369153,   2.43561955,
        -3.71563066,   1.15087997, -10.45689385,  -2.64922683,
        -1.73330315,  -2.02831282,  -3.54991814,  -2.99640451,
        -4.77376299,  -2.57270416,  -5.55048105,  -2.91939425,
        -3.53204732,  -3.40024708])
Traceback (most recent call last):
  File "Run_rebuild.py", line 52, in <module>
    main(parser.parse_args())
  File "Run_rebuild.py", line 14, in main
    MG94_tau.site_reconstruction()
  File "/home3/jxiong7/IGCexpansion/IGCexpansion/CodonGeneconv.py", line 1828, in site_reconstruction
    np.savetxt(open('./test/Ancestral_reconstruction/parameters/' + 'tau_' + self.paralog[0] + '_' + self.paralog[1] + '_' +model +'.txt','w+'), b)
  File "/usr/local/lib/python2.7/dist-packages/numpy/lib/npyio.py", line 1175, in savetxt
    ncol = X.shape[1]
IndexError: tuple index out of range
