/home3/jxiong7/IGCexpansion/IGCexpansion/CodonGeneconv.py:276: FutureWarning: comparison to `None` will result in an elementwise object comparison in the future.
  if not x == None:
number of sites to be analyzed:  156
Successfully loaded parameter value from ./test/save/MG94_EDN_ECP_nonclock_save.txt
log likelihood =  -2441.44829432
Edge derivatives =  [0.0025977617838131573, -0.005940545877836434, -0.012456485904678738, -0.006085760654197275, 0.0023302861700120123, -0.006648111817603532, -0.0034264158583971333, 0.0021553546126931167, -0.004137126840366295, 0.0018282134054032027, 0.004810809557471776, 0.003587574709323138, -0.000987605320988738, -7.249774367828694e-05, -0.0020368426132786194, -0.004699281076360806, -9.935839887876291e-05, -0.002611801146664275, -0.0008309207905008928, 0.0011447077634572887, 0.0013659952180408927, 9.558370279973138e-06, 0.003986560110112454, -0.002654159044680471]
other derivatives: [-0.03160494  0.07935341  0.06257324 -0.00604814  0.00104592 -0.00304681]
Current x array =  [ -0.66939547  -0.54791273  -0.7192621    0.75387999  -0.08712321
  -0.89607357  -1.07411199  -1.7623091   -1.89318345  -3.08517369
  -4.56709143  -4.06118775  -3.25397132  -2.40766495  -3.30214249
  -4.84294584  -3.3364374   -1.9352101   -4.07377789 -15.14887686
  -3.85000603  -4.6904846  -15.01211285  -5.011747    -4.25647718
  -4.77155064  -4.81701251  -4.50715814  -4.95140002  -3.27874621]
log likelihood =  -2444.60156103
Edge derivatives =  [-0.1898999664241623, -0.03347455002241184, 0.14010237160695804, 0.014817072159892947, -0.03471897210399695, -0.017742789616989066, -0.09428230695209916, -0.15552632262227403, 0.001320835511764859, -0.01722813085106066, -0.10568133191613432, -0.3864567262779676, -0.023923918136693374, -7.547028178792496e-05, -0.05550193838988834, 0.021406275428078988, -0.00010117285934976606, 0.0007369928790238976, -0.022332960637466467, -0.01693855209233756, -0.01778725226317134, -0.020339948079959706, -0.027887124428531744, -0.025904043505321495]
other derivatives: [  2.65052677e+01  -5.23116796e+01  -2.53027792e+01   5.43968781e-01
   7.83529686e-01   4.54747351e-03]
Current x array =  [ -0.70100041  -0.46855932  -0.65668886   0.74783185  -0.08607729
  -0.89912037  -1.07151423  -1.76824965  -1.90563994  -3.09125945
  -4.56476114  -4.06783587  -3.25739773  -2.4055096   -3.30627962
  -4.84111763  -3.33162659  -1.93162253  -4.0747655  -15.14894936
  -3.85204287  -4.69518389 -15.01221221  -5.0143588   -4.25730811
  -4.77040593  -4.81564651  -4.50714859  -4.94741346  -3.28140037]
log likelihood =  -2441.44828273
Edge derivatives =  [0.0025204566118854493, -0.005705312981480637, -0.011907478041635278, -0.00596114316728899, 0.002277722341509473, -0.006630183100557796, -0.0035325821489189113, 0.002023334449927444, -0.004048209078895443, 0.001806380853147254, 0.00467273330217495, 0.0030874579381887646, -0.0009988938570744954, -7.250315115428736e-05, -0.0020941129825989765, -0.004635734022415575, -9.936131790610693e-05, -0.002604385551432796, -0.0008449825540718728, 0.0011262409895988687, 0.0013450631143460956, -8.166183551282236e-06, 0.003951073086908806, -0.0026390144317665065]
other derivatives: [ 0.0221462  -0.00650289  0.01796252 -0.0050477   0.00250111 -0.00313776]
Current x array =  [ -0.66945637  -0.54775982  -0.71914152   0.75386834  -0.0871212
  -0.89607944  -1.07410698  -1.76232055  -1.89320745  -3.08518542
  -4.56708693  -4.06120056  -3.25397792  -2.4076608   -3.30215046
  -4.84294232  -3.33642813  -1.93520319  -4.0737798  -15.148877
  -3.85000995  -4.69049366 -15.01211304  -5.01175204  -4.25647879
  -4.77154844  -4.81700987  -4.50715813  -4.95139234  -3.27875133]
log likelihood =  -2441.44828118
Edge derivatives =  [0.0023787470036362446, -0.005443654830769529, -0.010977783946921171, -0.005722783063486919, 0.002276357767329134, -0.00660333345989482, -0.0034672901168476405, 0.0019024984041917936, -0.003952522270765119, 0.001800699954436668, 0.004557920020798634, 0.002744969172554068, -0.0009909907779770064, -7.250296709774838e-05, -0.0020981471551216116, -0.004574862595095309, -9.936166946760337e-05, -0.0025639449293576727, -0.0008402938393110987, 0.0011175115859742984, 0.0013349764072464639, -1.112754510135261e-05, 0.0039003199550564326, -0.0025462010804579993]
other derivatives: [-0.00582077 -0.00850378  0.00118234 -0.00400178  0.00195541 -0.00304681]
Current x array =  [ -0.66942241  -0.54775493  -0.71909527   0.75385779  -0.08711638
  -0.89608584  -1.07410181  -1.76233229  -1.89323196  -3.08519765
  -4.56708226  -4.06121415  -3.25398513  -2.40765663  -3.30215877
  -4.84293861  -3.33641853  -1.93519676  -4.07378184 -15.14887715
  -3.85001423  -4.69050317 -15.01211324  -5.01175737  -4.25648051
  -4.77154613  -4.81700711  -4.50715814  -4.95138424  -3.27875674]
      fun: 2441.4482811774624
 hess_inv: <30x30 LbfgsInvHessProduct with dtype=float64>
      jac: array([  5.82076609e-03,   8.50377546e-03,  -1.18234311e-03,
         4.00177669e-03,  -1.95541361e-03,   3.04680725e-03,
        -2.37874700e-03,   5.44365483e-03,   1.09777839e-02,
         5.72278306e-03,  -2.27635777e-03,   6.60333346e-03,
         3.46729012e-03,  -1.90249840e-03,   3.95252227e-03,
        -1.80069995e-03,  -4.55792002e-03,  -2.74496917e-03,
         9.90990778e-04,   7.25029671e-05,   2.09814716e-03,
         4.57486260e-03,   9.93616695e-05,   2.56394493e-03,
         8.40293839e-04,  -1.11751159e-03,  -1.33497641e-03,
         1.11275451e-05,  -3.90031996e-03,   2.54620108e-03])
  message: 'CONVERGENCE: REL_REDUCTION_OF_F_<=_FACTR*EPSMCH'
     nfev: 4
      nit: 2
   status: 0
  success: True
        x: array([ -0.66942241,  -0.54775493,  -0.71909527,   0.75385779,
        -0.08711638,  -0.89608584,  -1.07410181,  -1.76233229,
        -1.89323196,  -3.08519765,  -4.56708226,  -4.06121415,
        -3.25398513,  -2.40765663,  -3.30215877,  -4.84293861,
        -3.33641853,  -1.93519676,  -4.07378184, -15.14887715,
        -3.85001423,  -4.69050317, -15.01211324,  -5.01175737,
        -4.25648051,  -4.77154613,  -4.81700711,  -4.50715814,
        -4.95138424,  -3.27875674])
number of sites to be analyzed:  156
Successfully loaded parameter value from ./test/save/MG94_Force_EDN_ECP_nonclock_save.txt
log likelihood =  -2466.29146978
Edge derivatives =  [-0.02449881794948916, -0.0037120847753240316, 0.01390485295446986, 0.0030835278233463104, -0.011915870704848869, -0.003340319806815234, 0.00014360620048871342, 0.002925502576154676, 0.0018459743879132295, 0.0047321226212741, -0.0019229461851839186, -0.015097786696253224, -0.0001101030164483291, -4.142368179028165e-05, -0.00022430067915560348, -0.0014146802227624766, -3.668531299180239e-05, -0.0106655753329682, 6.243110677987135e-05, 0.0001744972132274522, 0.00010882412931808791, 0.00031132637556303966, -0.016452228605924997, -0.0020167461078739457]
other derivatives: [ 0.08822099 -0.01264198  0.04583853  0.00713953  0.0007276   0.        ]
Current x array =  [ -0.66076398  -0.54413047  -0.71958124   0.76930532  -0.04190618
   0.33647224  -1.00948099  -2.0335237   -1.86355533  -2.84305741
  -4.00925894  -3.96098527  -3.04243534  -2.33786417  -3.17087416
  -4.65053353  -3.21245482  -1.78999474  -3.95127181 -15.49913565
  -3.65870098  -4.64523563 -15.88394915  -5.02579342  -4.13294903
  -4.64542201  -4.64979562  -4.3527732   -4.65972869  -3.16983499]
log likelihood =  -2470.50845124
Edge derivatives =  [1.0653760021031669, 0.2001375904859235, -0.6537643940730835, -0.11158232864055323, 0.016918035950293647, 0.06557651514271079, -0.006507110416039921, -0.11814694261413275, -0.04060240991772823, -0.008884589063574883, 0.006914480430877112, 0.6512003307904003, -0.005701158786483779, -4.1375287410943524e-05, -0.008645199759971689, 0.005041753877366266, -3.665172613023989e-05, 0.018044854070716196, -0.005456322556668801, -0.002960657860319231, -0.004899064366431009, -0.004175456839367625, 0.02136331041030226, 0.02415749902764497]
other derivatives: [ -8.91479885e+01   9.03455657e+00  -1.80762527e+01   7.14408088e-02
  -1.07861524e+00   0.00000000e+00]
Current x array =  [ -0.57254299  -0.55677244  -0.6737427    0.77644485  -0.04117858
   0.33647224  -1.03397981  -2.03723578  -1.84965048  -2.83997388
  -4.02117481  -3.96432559  -3.04229174  -2.33493866  -3.16902819
  -4.6458014   -3.21437777  -1.80509253  -3.95138191 -15.49917707
  -3.65892528  -4.64665031 -15.88398583  -5.03645899  -4.1328866
  -4.64524751  -4.6496868   -4.35246187  -4.67618092  -3.17185174]
log likelihood =  -2466.29146089
Edge derivatives =  [-0.02294667300664527, -0.0034519302350364822, 0.012902841174567747, 0.0028888031056795715, -0.011888890615415149, -0.003244981127410562, 0.00011036659997532006, 0.0027262281275894917, 0.0017713708058056804, 0.00470923207852933, -0.0019201863207266995, -0.01417084685559683, -0.00012415687708588335, -4.14236647024843e-05, -0.00024468809608430703, -0.0014084176076338203, -3.668527790264008e-05, -0.010626277574713993, 4.942459478752409e-05, 0.00016698504999639388, 9.858111637992342e-05, 0.0003006390826320801, -0.016398724109532165, -0.0019923290135037686]
other derivatives: [-0.02387424  0.00081855  0.0208729   0.00718501 -0.0007276   0.        ]
Current x array =  [ -0.66063516  -0.54414892  -0.7195143    0.76931574  -0.04190511
   0.33647224  -1.00951677  -2.03352912  -1.86353503  -2.84305291
  -4.00927634  -3.96099015  -3.04243513  -2.33785989  -3.17087147
  -4.65052662  -3.21245763  -1.79001679  -3.95127197 -15.49913571
  -3.65870131  -4.64523769 -15.8839492   -5.02580899  -4.13294894
  -4.64542175  -4.64979546  -4.35277274  -4.65975271  -3.16983794]
log likelihood =  -2466.29145787
Edge derivatives =  [-0.021215056143477046, -0.0031700348538300505, 0.012194268892215643, 0.0027390981889226507, -0.011817148278338574, -0.003200925352692459, 0.00014725542196167285, 0.002591204787590312, 0.0017427091906002251, 0.004691980932949237, -0.0018720358663503883, -0.013023799255631463, -0.0001181903576278967, -4.142351416276985e-05, -0.00024096805085633416, -0.0013951665097627387, -3.6685046356346786e-05, -0.010586450423928638, 5.282623125569402e-05, 0.00016873511894294896, 9.986712139187573e-05, 0.00030089042989624865, -0.016323486284928437, -0.0019364748796790732]
other derivatives: [-0.02000888  0.00209184  0.00582077  0.00600267 -0.0001819   0.        ]
Current x array =  [ -0.66063956  -0.54415163  -0.71947401   0.76932705  -0.04190583
   0.33647224  -1.00955339  -2.03353464  -1.8635144   -2.8430483
  -4.00929509  -3.96099529  -3.04243495  -2.33785554  -3.17086865
  -4.65051919  -3.21246065  -1.7900394   -3.95127216 -15.49913578
  -3.65870169  -4.64523992 -15.88394926  -5.02582575  -4.13294885
  -4.64542149  -4.64979531  -4.35277227  -4.65977857  -3.16984109]
      fun: 2466.2914578739064
 hess_inv: <30x30 LbfgsInvHessProduct with dtype=float64>
      jac: array([  2.00088834e-02,  -2.09183781e-03,  -5.82076609e-03,
        -6.00266503e-03,   1.81898940e-04,  -0.00000000e+00,
         2.12150561e-02,   3.17003485e-03,  -1.21942689e-02,
        -2.73909819e-03,   1.18171483e-02,   3.20092535e-03,
        -1.47255422e-04,  -2.59120479e-03,  -1.74270919e-03,
        -4.69198093e-03,   1.87203587e-03,   1.30237993e-02,
         1.18190358e-04,   4.14235142e-05,   2.40968051e-04,
         1.39516651e-03,   3.66850464e-05,   1.05864504e-02,
        -5.28262313e-05,  -1.68735119e-04,  -9.98671214e-05,
        -3.00890430e-04,   1.63234863e-02,   1.93647488e-03])
  message: 'CONVERGENCE: REL_REDUCTION_OF_F_<=_FACTR*EPSMCH'
     nfev: 4
      nit: 2
   status: 0
  success: True
        x: array([ -0.66063956,  -0.54415163,  -0.71947401,   0.76932705,
        -0.04190583,   0.33647224,  -1.00955339,  -2.03353464,
        -1.8635144 ,  -2.8430483 ,  -4.00929509,  -3.96099529,
        -3.04243495,  -2.33785554,  -3.17086865,  -4.65051919,
        -3.21246065,  -1.7900394 ,  -3.95127216, -15.49913578,
        -3.65870169,  -4.64523992, -15.88394926,  -5.02582575,
        -4.13294885,  -4.64542149,  -4.64979531,  -4.35277227,
        -4.65977857,  -3.16984109])
Traceback (most recent call last):
  File "Run_rebuild_ECPEDN.py", line 35, in <module>
    result = MG94_tau.find_differences_between(MG94_tau_series, MG94_series)
  File "/home3/jxiong7/IGCexpansion/IGCexpansion/CodonGeneconv.py", line 1592, in find_differences_between
    result[reconstruction_series1['data'][nodes_num]['name'] + '_' + paralog] = {'location':[], 'model_1': [], 'model_2': [], 'differences': 0}
NameError: global name 'result' is not defined
