/home3/jxiong7/IGCexpansion/IGCexpansion/CodonGeneconv.py:276: FutureWarning: comparison to `None` will result in an elementwise object comparison in the future.
  if not x == None:
number of sites to be analyzed:  198
Successfully loaded parameter value from ./test/save/MG94_YER102W_YBL072C_nonclock_save.txt
log likelihood =  -2058.95626799
Edge derivatives =  [-0.0001486849874274554, 0.006092235049366179, -0.0048781747466798, -0.00284545514794729, -0.0023390837952595167, 0.0003440066768875122, -0.005519099042292232, 0.003030033390607062, 0.001675245066921252, -0.0067414622850387115, 0.006925672755672754, -0.0009729620937999894]
other derivatives: [-0.02287379  0.00404725  0.00136424  0.00209184 -0.00118234  0.00677574]
Current x array =  [-0.6972129  -0.52987887 -0.85420196  1.96380559 -1.66420627  1.58240843
 -2.9604657  -1.69928667 -2.40452222 -1.61094461 -3.64458647 -2.64044823
 -4.05028333 -2.48074059 -3.49078994 -3.50696884 -4.54155404 -3.59060509]
log likelihood =  -2059.17853567
Edge derivatives =  [0.0577536583223843, 0.016640720192780373, 0.19228765280800797, 0.36794304847134174, 0.037228947391621955, 0.05110241770869339, 0.03527223791499634, -0.04520484048512827, 0.008787866883316876, 0.08595956520864419, -0.01905286460588305, 0.028459751265884944]
other derivatives: [ 18.37779564  -3.02893568  -0.77570803  -0.30349838   0.33978722
  -0.46770765]
Current x array =  [-0.72008669 -0.52583161 -0.85283772  1.96589742 -1.66538861  1.58918417
 -2.96061439 -1.69319444 -2.40940039 -1.61379006 -3.64692556 -2.64010422
 -4.05580243 -2.47771056 -3.48911469 -3.51371031 -4.53462837 -3.59157805]
log likelihood =  -2058.95626728
Edge derivatives =  [-5.636903346782629e-05, 0.0060961152458348655, -0.004536118533715952, -0.0022024282826148267, -0.0022717303816090495, 0.0004249102177390496, -0.005449064942874837, 0.002936308629456097, 0.0016820302525149058, -0.006580398227353623, 0.006877054717087071, -0.0009249178371281211]
other derivatives: [ 0.01073204 -0.00131877  0.          0.00150067 -0.0005457   0.00591172]
Current x array =  [-0.69725335 -0.52987171 -0.85419955  1.96380928 -1.66420836  1.58242042
 -2.96046597 -1.6992759  -2.40453084 -1.61094964 -3.64459061 -2.64044762
 -4.05029309 -2.48073523 -3.49078697 -3.50698077 -4.5415418  -3.59060681]
      fun: 2058.956267281521
 hess_inv: <18x18 LbfgsInvHessProduct with dtype=float64>
      jac: array([ -1.07320375e-02,   1.31876732e-03,  -0.00000000e+00,
        -1.50066626e-03,   5.45696821e-04,  -5.91171556e-03,
         5.63690335e-05,  -6.09611525e-03,   4.53611853e-03,
         2.20242828e-03,   2.27173038e-03,  -4.24910218e-04,
         5.44906494e-03,  -2.93630863e-03,  -1.68203025e-03,
         6.58039823e-03,  -6.87705472e-03,   9.24917837e-04])
  message: 'CONVERGENCE: REL_REDUCTION_OF_F_<=_FACTR*EPSMCH'
     nfev: 3
      nit: 1
   status: 0
  success: True
        x: array([-0.69725335, -0.52987171, -0.85419955,  1.96380928, -1.66420836,
        1.58242042, -2.96046597, -1.6992759 , -2.40453084, -1.61094964,
       -3.64459061, -2.64044762, -4.05029309, -2.48073523, -3.49078697,
       -3.50698077, -4.5415418 , -3.59060681])
number of sites to be analyzed:  198
Successfully loaded parameter value from ./test/save/MG94_Force_YER102W_YBL072C_nonclock_save.txt
log likelihood =  -2196.65841691
Edge derivatives =  [-8.089441813434257e-05, 0.0009845051645266667, -0.00491702716999648, 0.00047212639003613166, 0.0034572971054516316, -0.008098139176199448, 0.004643615540111931, 0.0006807821139001025, -0.004530614660445083, 0.008523010776901319, 0.007112230255897609, 0.003255778409581772]
other derivatives: [-0.00527507  0.00095497  0.00491127  0.00914042 -0.00736691  0.        ]
Current x array =  [ -0.72344177  -0.51995099  -0.87319767   1.75523575  -2.00636305
   0.33647224 -12.75888343  -1.39766735  -2.5421511   -1.42201883
  -3.2170091   -2.23267764  -3.92660896  -1.94189445  -3.42793594
  -2.89000172  -4.48567487  -3.31944855]
log likelihood =  -2196.68346764
Edge derivatives =  [-7.82375509587613e-05, 0.08388628429457998, 0.15791826638694995, 0.10755424202514807, 0.03509535119496207, 0.2723797747461223, 0.0032076550609871912, 0.04817997468780033, 0.028584154510014254, -0.09825498468394855, -0.009970720001549187, -0.0271523740756502]
other derivatives: [ 5.05283424 -0.69412636 -1.87883415 -0.62341314  0.6051323   0.        ]
Current x array =  [ -0.72871684  -0.51899602  -0.8682864    1.76437617  -2.01372996
   0.33647224 -12.75896432  -1.39668284  -2.54706813  -1.4215467
  -3.21355181  -2.24077577  -3.92196534  -1.94121367  -3.43246656
  -2.88147871  -4.47856264  -3.31619277]
log likelihood =  -2196.65841475
Edge derivatives =  [-8.087040096184518e-05, 0.0017442192603728812, -0.003416328801934543, 0.001454394896669542, 0.0037478456468557214, -0.00550674347031746, 0.004629683451627238, 0.0011164325968046618, -0.004224589460279642, 0.007545789907882239, 0.006955151716778747, 0.0029769532296453627]
other derivatives: [ 0.04147296 -0.00541149 -0.01236913  0.00327418 -0.00181899  0.        ]
Current x array =  [ -0.72349022  -0.51994221  -0.87315256   1.7553197   -2.00643071
   0.33647224 -12.75888417  -1.39765831  -2.54219626  -1.42201449
  -3.21697735  -2.23275201  -3.92656631  -1.9418882   -3.42797755
  -2.88992344  -4.48560955  -3.31941865]
      fun: 2196.65841474829
 hess_inv: <18x18 LbfgsInvHessProduct with dtype=float64>
      jac: array([ -4.14729584e-02,   5.41149348e-03,   1.23691279e-02,
        -3.27418093e-03,   1.81898940e-03,  -0.00000000e+00,
         8.08704010e-05,  -1.74421926e-03,   3.41632880e-03,
        -1.45439490e-03,  -3.74784565e-03,   5.50674347e-03,
        -4.62968345e-03,  -1.11643260e-03,   4.22458946e-03,
        -7.54578991e-03,  -6.95515172e-03,  -2.97695323e-03])
  message: 'CONVERGENCE: REL_REDUCTION_OF_F_<=_FACTR*EPSMCH'
     nfev: 3
      nit: 1
   status: 0
  success: True
        x: array([ -0.72349022,  -0.51994221,  -0.87315256,   1.7553197 ,
        -2.00643071,   0.33647224, -12.75888417,  -1.39765831,
        -2.54219626,  -1.42201449,  -3.21697735,  -2.23275201,
        -3.92656631,  -1.9418882 ,  -3.42797755,  -2.88992344,
        -4.48560955,  -3.31941865])
