/home3/jxiong7/IGCexpansion/IGCexpansion/CodonGeneconv.py:275: FutureWarning: comparison to `None` will result in an elementwise object comparison in the future.
  if not x == None:
number of sites to be analyzed:  198
Successfully loaded parameter value from ./test/save/MG94_YER102W_YBL072C_nonclock_save.txt
log likelihood =  -2058.95627121
Edge derivatives =  [-3.794435182218059e-05, 0.0072654650560599054, -0.005062856395737544, -0.0031572632957946323, -0.0021904802951993804, 0.0010088142776017023, -0.005426397218553921, 0.004730592225687738, 0.0019603015574689783, -0.006773033717210546, 0.007133984251253781, -0.0008001046220588101]
other derivatives: [-0.02291927  0.04083631 -0.00968612  0.00177351 -0.00063665  0.01064109]
Current x array =  [-0.69721449 -0.52994158 -0.85416481  1.96379633 -1.66420289  1.58235697
 -2.96046549 -1.6993242  -2.40449634 -1.61092933 -3.64457497 -2.64045299
 -4.05025468 -2.4807643  -3.4908     -3.50693331 -4.54159167 -3.59060077]
log likelihood =  -2059.72724275
Edge derivatives =  [-0.006587219848458031, -0.17361358466509383, 0.1458899662666271, 0.21725182997477846, 0.01390700589288893, -0.10180928432233399, 0.017256940398026745, -0.233223435096513, -0.05722753445948346, 0.05693378216006359, -0.034155334226780056, -0.01816774089267857]
other derivatives: [  1.91806066e+01  -2.68172698e+01   2.31848389e+00  -2.71938916e-02
  -3.72892828e-03  -7.53152563e-01]
Current x array =  [-0.72013376 -0.48910526 -0.86385093  1.96556985 -1.66483954  1.59299805
 -2.96050344 -1.69205874 -2.40955919 -1.6140866  -3.64676545 -2.63944418
 -4.05568108 -2.47603371 -3.4888397  -3.51370634 -4.53445768 -3.59140087]
log likelihood =  -2058.95626887
Edge derivatives =  [-4.0406855066524305e-05, 0.006973729494256481, -0.0047824679218407, -0.0027407135468740795, -0.002156678562481862, 0.0008422624218279995, -0.005382394654257758, 0.004335799584471223, 0.0018646726645405454, -0.006655328144547265, 0.007063122228439626, -0.0008211655941995494]
other derivatives: [ 0.01164153 -0.00236469 -0.00568434  0.00172804 -0.00063665  0.00923137]
Current x array =  [-0.69725442 -0.52987043 -0.85418169  1.96379942 -1.664204    1.58237551
 -2.96046556 -1.69931155 -2.40450516 -1.61093483 -3.64457878 -2.64045124
 -4.05026413 -2.48075606 -3.49079659 -3.50694511 -4.54157924 -3.59060216]
      fun: 2058.9562688737933
 hess_inv: <18x18 LbfgsInvHessProduct with dtype=float64>
      jac: array([ -1.16415322e-02,   2.36468622e-03,   5.68434189e-03,
        -1.72803993e-03,   6.36646291e-04,  -9.23137122e-03,
         4.04068551e-05,  -6.97372949e-03,   4.78246792e-03,
         2.74071355e-03,   2.15667856e-03,  -8.42262422e-04,
         5.38239465e-03,  -4.33579958e-03,  -1.86467266e-03,
         6.65532814e-03,  -7.06312223e-03,   8.21165594e-04])
  message: 'CONVERGENCE: REL_REDUCTION_OF_F_<=_FACTR*EPSMCH'
     nfev: 3
      nit: 1
   status: 0
  success: True
        x: array([-0.69725442, -0.52987043, -0.85418169,  1.96379942, -1.664204  ,
        1.58237551, -2.96046556, -1.69931155, -2.40450516, -1.61093483,
       -3.64457878, -2.64045124, -4.05026413, -2.48075606, -3.49079659,
       -3.50694511, -4.54157924, -3.59060216])
number of sites to be analyzed:  198
Successfully loaded parameter value from ./test/save/MG94_Force_YER102W_YBL072C_nonclock_save.txt
log likelihood =  -2196.65841957
Edge derivatives =  [-8.088157281263169e-05, 0.0016089898273250747, -0.0044408486344027776, 0.0017316705716781122, 0.0036605950063731546, -0.007827138646996717, 0.004791292131530345, 0.0015324747621442425, -0.004409835333108639, 0.00902386471583802, 0.007196071412341399, 0.003517856238017439]
other derivatives: [ 0.06020855 -0.0084583   0.00495675  0.0079126  -0.00700311  0.        ]
Current x array =  [ -0.72351752  -0.51994034  -0.87320391   1.75522579  -2.00635424
   0.33647224 -12.75888332  -1.39766937  -2.54214552  -1.42202101
  -3.21701371  -2.23266779  -3.92661499  -1.94189638  -3.42793039
  -2.89001307  -4.48568392  -3.31945298]
log likelihood =  -2198.34351774
Edge derivatives =  [-8.490081907164748e-05, -0.4147413292078166, -0.3346303200722091, -0.8522109219125721, -0.13217673648444017, -0.15118127565012704, -0.09837126447757936, -0.5874642609429817, -0.0753119725783932, -0.3570551570735608, -0.05199312850706928, -0.180815894919588]
other derivatives: [ -5.67277766e+01   7.46217665e+00   3.82897269e-02   1.05605977e+00
  -3.44198270e-01   0.00000000e+00]
Current x array =  [ -0.66330898  -0.52839864  -0.86824716   1.7631384   -2.01335735
   0.33647224 -12.75896421  -1.39606038  -2.54658637  -1.42028934
  -3.21335311  -2.24049493  -3.92182369  -1.94036391  -3.43234023
  -2.88098921  -4.47848785  -3.31593512]
log likelihood =  -2196.65841691
Edge derivatives =  [-8.089441813434257e-05, 0.0009845051645266667, -0.00491702716999648, 0.00047212639003613166, 0.0034572971054516316, -0.008098139176199448, 0.004643615540111931, 0.0006807821139001025, -0.004530614660445083, 0.008523010776901319, 0.007112230255897609, 0.003255778409581772]
other derivatives: [-0.00527507  0.00095497  0.00491127  0.00914042 -0.00736691  0.        ]
Current x array =  [ -0.72344177  -0.51995099  -0.87319767   1.75523575  -2.00636305
   0.33647224 -12.75888343  -1.39766735  -2.5421511   -1.42201883
  -3.2170091   -2.23267764  -3.92660896  -1.94189445  -3.42793594
  -2.89000172  -4.48567487  -3.31944855]
      fun: 2196.6584169120706
 hess_inv: <18x18 LbfgsInvHessProduct with dtype=float64>
      jac: array([  5.27506927e-03,  -9.54969437e-04,  -4.91127139e-03,
        -9.14042175e-03,   7.36690708e-03,  -0.00000000e+00,
         8.08944181e-05,  -9.84505165e-04,   4.91702717e-03,
        -4.72126390e-04,  -3.45729711e-03,   8.09813918e-03,
        -4.64361554e-03,  -6.80782114e-04,   4.53061466e-03,
        -8.52301078e-03,  -7.11223026e-03,  -3.25577841e-03])
  message: 'CONVERGENCE: REL_REDUCTION_OF_F_<=_FACTR*EPSMCH'
     nfev: 3
      nit: 1
   status: 0
  success: True
        x: array([ -0.72344177,  -0.51995099,  -0.87319767,   1.75523575,
        -2.00636305,   0.33647224, -12.75888343,  -1.39766735,
        -2.5421511 ,  -1.42201883,  -3.2170091 ,  -2.23267764,
        -3.92660896,  -1.94189445,  -3.42793594,  -2.89000172,
        -4.48567487,  -3.31944855])
49
