/home3/jxiong7/IGCexpansion/IGCexpansion/CodonGeneconv.py:276: FutureWarning: comparison to `None` will result in an elementwise object comparison in the future.
  if not x == None:
number of sites to be analyzed:  185
Successfully loaded parameter value from ./test/save/MG94_YNL301C_YOL120C_nonclock_save.txt
log likelihood =  -2139.30757922
Edge derivatives =  [0.000623487458359261, 0.00013494953112866415, 0.0018784002224160323, -0.001988134694674515, -0.006045808457761596, -0.002146198194439841, 0.0030008320339512465, -0.0024026906368133094, -0.0006074429780297029, -0.0017965875914243146, -0.0013921320277418964, -0.0020223774725083715]
other derivatives: [-0.01114131 -0.00131877  0.00100044 -0.00304681  0.00131877  0.00231921]
Current x array =  [-0.72156015 -0.54729773 -0.88719256  1.68012084 -2.06557477  0.90814997
 -4.78148911 -1.73320838 -2.47453297 -1.32413765 -4.25799727 -2.49386794
 -3.95282342 -2.24586986 -5.39840671 -2.56307327 -2.7636656  -2.69755824]
log likelihood =  -2139.35668452
Edge derivatives =  [0.006371709154497994, 0.06386597716639358, 0.050268571089749886, 0.24856003862767262, 0.015265715149199197, 0.10401234821829397, 0.026482028630999386, 0.12927386012632713, 0.0034451612154900602, 0.0795011761126474, 0.0727951148496096, 0.0742466837457996]
other derivatives: [ 8.58781277  0.53605618 -0.52759788 -0.11314114  0.07621566 -0.06270966]
Current x array =  [-0.73270146 -0.5486165  -0.88619212  1.67707403 -2.064256    0.91046919
 -4.78086562 -1.73307343 -2.47265457 -1.32612579 -4.26404308 -2.49601414
 -3.94982259 -2.24827255 -5.39901415 -2.56486986 -2.76505773 -2.69958062]
log likelihood =  -2139.30757898
Edge derivatives =  [0.0006353693380921673, 0.0002712404753739128, 0.0019813093643658297, -0.0014469597658012812, -0.005999696413513243, -0.0019171015816759618, 0.003051366248082981, -0.002118673223121037, -0.0005987883991027251, -0.0016212051915718284, -0.0012326909998125885, -0.0018575663348713023]
other derivatives: [ 0.00777618 -0.00013642 -0.00013642 -0.00331966  0.00140972  0.00213731]
Current x array =  [-0.72158439 -0.5473006  -0.88719038  1.68011421 -2.0655719   0.90815502
 -4.78148775 -1.73320809 -2.47452888 -1.32414198 -4.25801042 -2.49387261
 -3.95281689 -2.24587509 -5.39840803 -2.56307718 -2.76366863 -2.69756264]
      fun: 2139.307578979567
 hess_inv: <18x18 LbfgsInvHessProduct with dtype=float64>
      jac: array([-0.00777618,  0.00013642,  0.00013642,  0.00331966, -0.00140972,
       -0.00213731, -0.00063537, -0.00027124, -0.00198131,  0.00144696,
        0.0059997 ,  0.0019171 , -0.00305137,  0.00211867,  0.00059879,
        0.00162121,  0.00123269,  0.00185757])
  message: 'CONVERGENCE: REL_REDUCTION_OF_F_<=_FACTR*EPSMCH'
     nfev: 3
      nit: 1
   status: 0
  success: True
        x: array([-0.72158439, -0.5473006 , -0.88719038,  1.68011421, -2.0655719 ,
        0.90815502, -4.78148775, -1.73320809, -2.47452888, -1.32414198,
       -4.25801042, -2.49387261, -3.95281689, -2.24587509, -5.39840803,
       -2.56307718, -2.76366863, -2.69756264])
number of sites to be analyzed:  185
Successfully loaded parameter value from ./test/save/MG94_Force_YNL301C_YOL120C_nonclock_save.txt
log likelihood =  -2215.07038121
Edge derivatives =  [-0.000140492011208538, 0.0003427451180914587, -0.004212080087408671, -0.0030159824643697375, 0.0033832994110643833, -0.0008521853877287155, 0.006733520865364804, -0.0007366041966572756, 0.013194902373442924, -0.0009455658996126992, 0.003749255867147777, -0.0022165719344197643]
other derivatives: [-0.01855369  0.00641194  0.00095497  0.00727596 -0.00281943  0.        ]
Current x array =  [ -0.73654474  -0.5494298   -0.91225591   1.55112945  -2.20999502
   0.33647224 -12.6896807   -1.515891    -2.97113159  -1.29780355
  -4.02200134  -2.23245288  -4.54451455  -2.08584047  -4.69927533
  -2.06853912  -2.79491143  -2.19218307]
log likelihood =  -2215.23455598
Edge derivatives =  [-0.00012935375505212395, 0.13949217408371092, 0.12769335271266308, 0.6211334685593408, 0.0064429865856218335, 0.15069529995085743, 0.013082178584488634, 0.18658486644203362, 0.00926616107535522, 0.1978823476550251, -0.002924915452809318, 0.21023608514393552]
other derivatives: [ 15.53730726  -4.12310328  -0.95105861  -0.94846655   0.43519321   0.        ]
Current x array =  [ -0.75509843  -0.54301787  -0.91130094   1.55840541  -2.21281446
   0.33647224 -12.68982119  -1.51554826  -2.97534367  -1.30081953
  -4.01861804  -2.23330506  -4.53778103  -2.08657708  -4.68608043
  -2.06948469  -2.79116218  -2.19439964]
log likelihood =  -2215.07038042
Edge derivatives =  [-0.00014046863278487223, 0.0006352911497898295, -0.003928906118502981, -0.0016783802017300564, 0.0033868079889510447, -0.0005309871356626306, 0.006745813153729945, -0.0003407498943356624, 0.013185327718687332, -0.0005230456408173989, 0.0037279823220790625, -0.0017627898083933946]
other derivatives: [ 0.01605258 -0.00245564 -0.00118234  0.00518412 -0.00190994  0.        ]
Current x array =  [ -0.73658504  -0.54941588  -0.91225383   1.55114525  -2.21000115
   0.33647224 -12.68968101  -1.51589026  -2.97114073  -1.2978101
  -4.02199399  -2.23245473  -4.54449992  -2.08584207  -4.69924667
  -2.06854117  -2.79490329  -2.19218788]
      fun: 2215.0703804240984
 hess_inv: <18x18 LbfgsInvHessProduct with dtype=float64>
      jac: array([-0.01605258,  0.00245564,  0.00118234, -0.00518412,  0.00190994,
       -0.        ,  0.00014047, -0.00063529,  0.00392891,  0.00167838,
       -0.00338681,  0.00053099, -0.00674581,  0.00034075, -0.01318533,
        0.00052305, -0.00372798,  0.00176279])
  message: 'CONVERGENCE: REL_REDUCTION_OF_F_<=_FACTR*EPSMCH'
     nfev: 3
      nit: 1
   status: 0
  success: True
        x: array([ -0.73658504,  -0.54941588,  -0.91225383,   1.55114525,
        -2.21000115,   0.33647224, -12.68968101,  -1.51589026,
        -2.97114073,  -1.2978101 ,  -4.02199399,  -2.23245473,
        -4.54449992,  -2.08584207,  -4.69924667,  -2.06854117,
        -2.79490329,  -2.19218788])
