/home3/jxiong7/IGCexpansion/IGCexpansion/CodonGeneconv.py:276: FutureWarning: comparison to `None` will result in an elementwise object comparison in the future.
  if not x == None:
number of sites to be analyzed:  183
Successfully loaded parameter value from ./test/save/MG94_YJL177W_YKL180W_nonclock_save.txt
log likelihood =  -1837.05813242
Edge derivatives =  [-4.423383357383251e-05, -0.0017415266708041832, -0.004525719021925112, -0.0018278295538536882, 0.009174224106562101, -0.006918381200083035, -0.0027298104198984485, 0.002704011992884975, 0.0027275807516170293, -0.0012775013158044524, 0.003148170611536036, -0.006388114006547041]
other derivatives: [-0.01293756 -0.01978151 -0.00454747  0.0027967  -0.00125056  0.00227374]
Current x array =  [ -0.71890935  -0.45378297  -0.81389461   1.85013493  -2.35168016
   0.56816342 -12.40357667  -1.49678139  -1.7125212   -1.71381501
  -3.48004564  -3.60511971  -3.91837926  -2.90669134  -4.71750809
  -3.15781972  -3.62693614  -3.26615263]
log likelihood =  -1837.24616016
Edge derivatives =  [-3.3850682663409074e-05, 0.2771826431822262, 0.44611109556336737, 0.35491375039594836, 0.003199596159723095, 0.05545859366299832, 0.03598507542977312, 0.015947679837195264, 0.012099758277649336, 0.08626529942005931, 0.021043750553737986, 0.14359747276046764]
other derivatives: [  8.97605332  12.2841584    1.41719738  -0.47764388   0.24590463
  -0.08528787]
Current x array =  [ -0.73184692  -0.47356448  -0.81844208   1.85293162  -2.35293072
   0.57043715 -12.4036209   -1.49852291  -1.71704692  -1.71564284
  -3.47087141  -3.61203809  -3.92110907  -2.90398733  -4.71478051
  -3.15909722  -3.62378797  -3.27254074]
log likelihood =  -1837.05813153
Edge derivatives =  [-4.421081182469312e-05, -0.0011194421127945775, -0.003528533443216464, -0.0010334245580949641, 0.009168077096293525, -0.006778196721122454, -0.0026422913776802115, 0.0027434451552716677, 0.0027497674597409885, -0.00108158911962207, 0.0031924262651576163, -0.00605761222525425]
other derivatives: [ 0.00666205  0.00782165 -0.00147793  0.00172804 -0.0007276   0.00204636]
Current x array =  [ -0.71893697  -0.45382519  -0.81390431   1.85014089  -2.35168283
   0.56816827 -12.40357676  -1.4967851   -1.71253086  -1.71381892
  -3.48002606  -3.60513447  -3.91838509  -2.90668557  -4.71750227
  -3.15782244  -3.62692942  -3.26616626]
      fun: 1837.0581315320474
 hess_inv: <18x18 LbfgsInvHessProduct with dtype=float64>
      jac: array([ -6.66204869e-03,  -7.82165444e-03,   1.47792889e-03,
        -1.72803993e-03,   7.27595761e-04,  -2.04636308e-03,
         4.42108118e-05,   1.11944211e-03,   3.52853344e-03,
         1.03342456e-03,  -9.16807710e-03,   6.77819672e-03,
         2.64229138e-03,  -2.74344516e-03,  -2.74976746e-03,
         1.08158912e-03,  -3.19242627e-03,   6.05761223e-03])
  message: 'CONVERGENCE: REL_REDUCTION_OF_F_<=_FACTR*EPSMCH'
     nfev: 3
      nit: 1
   status: 0
  success: True
        x: array([ -0.71893697,  -0.45382519,  -0.81390431,   1.85014089,
        -2.35168283,   0.56816827, -12.40357676,  -1.4967851 ,
        -1.71253086,  -1.71381892,  -3.48002606,  -3.60513447,
        -3.91838509,  -2.90668557,  -4.71750227,  -3.15782244,
        -3.62692942,  -3.26616626])
Traceback (most recent call last):
  File "Run_rebuild.py", line 52, in <module>
    main(parser.parse_args())
  File "Run_rebuild.py", line 14, in main
    MG94_tau.site_reconstruction()
  File "/home3/jxiong7/IGCexpansion/IGCexpansion/CodonGeneconv.py", line 1699, in site_reconstruction
    (argmatrix[site,node,i],likelihood_matrix[site,node,i])=likelihood_dict[site][node][i]
IndexError: index 156 is out of bounds for axis 0 with size 156
