/home3/jxiong7/IGCexpansion/IGCexpansion/CodonGeneconv.py:277: FutureWarning: comparison to `None` will result in an elementwise object comparison in the future.
  if not x == None:
number of sites to be analyzed:  133
Successfully loaded parameter value from ./test/save/MG94_YER074W_YIL069C_nonclock_save.txt
log likelihood =  -1251.96345175
Edge derivatives =  [-7.185442812745292e-05, -0.00015970400410994512, -0.0010256374285274594, -3.517669025793202e-05, -3.389032942792246e-05, 0.0014268555898692137, -1.7259738451459956e-05, 0.0012474308509979881, -0.0006923933984062658, 0.0006410075652586444, 0.0012059361905842891, 5.624607620782762e-05]
other derivatives: [ -3.88808985e-03   1.13686838e-04   2.27373675e-05   1.06865627e-03
  -1.86446414e-03   1.13686838e-04]
Current x array =  [ -0.68199452  -0.50590215  -0.84525571   2.20493084  -2.00389912
   2.01090168 -13.34580754  -1.55194736  -2.33766419  -1.60870471
 -15.10860008  -3.03792796 -15.98371339  -2.60241674  -4.86170055
  -2.82825133  -2.92527078  -4.41933233]
log likelihood =  -1251.96781169
Edge derivatives =  [-7.157631338277003e-05, 0.02299800077749381, 0.028602629996378692, 0.03412693414821194, -3.391026793614031e-05, -0.008092740728889436, -1.7289177027351745e-05, -0.012732092691118302, -0.0010316885319566482, 0.00163867231396575, -0.010098089722302861, 0.0019830281466527155]
other derivatives: [ 2.17401066 -0.06496066 -0.01355147 -0.04611138  0.07753442 -0.03553851]
Current x array =  [ -0.68588261  -0.50578846  -0.84523297   2.2059995   -2.00576358
   2.01101537 -13.3458794   -1.55210707  -2.33868982  -1.60873989
 -15.10863397  -3.03650111 -15.98373065  -2.6011693   -4.86239295
  -2.82761032  -2.92406484  -4.41927609]
log likelihood =  -1251.96345171
Edge derivatives =  [-7.185359519708313e-05, -8.998758025668963e-05, -0.0009359609287942217, 6.801009286158677e-05, -3.3890392634875895e-05, 0.0013976053954393164, -1.7259829754164885e-05, 0.0012045489036702772, -0.0006935047715719844, 0.0006437093696760599, 0.0011712228813294256, 6.201751875997696e-05]
other derivatives: [  2.77395884e-03  -1.13686838e-04  -2.27373675e-05   9.09494702e-04
  -1.63709046e-03   0.00000000e+00]
Current x array =  [ -0.68200635  -0.5059018   -0.84525564   2.20493409  -2.00390479
   2.01090202 -13.34580776  -1.55194785  -2.33766731  -1.60870482
 -15.10860018  -3.03792362 -15.98371345  -2.60241294  -4.86170266
  -2.82824938  -2.92526711  -4.41933216]
      fun: 1251.963451709947
 hess_inv: <18x18 LbfgsInvHessProduct with dtype=float64>
      jac: array([ -2.77395884e-03,   1.13686838e-04,   2.27373675e-05,
        -9.09494702e-04,   1.63709046e-03,  -0.00000000e+00,
         7.18535952e-05,   8.99875803e-05,   9.35960929e-04,
        -6.80100929e-05,   3.38903926e-05,  -1.39760540e-03,
         1.72598298e-05,  -1.20454890e-03,   6.93504772e-04,
        -6.43709370e-04,  -1.17122288e-03,  -6.20175188e-05])
  message: 'CONVERGENCE: REL_REDUCTION_OF_F_<=_FACTR*EPSMCH'
     nfev: 3
      nit: 1
   status: 0
  success: True
        x: array([ -0.68200635,  -0.5059018 ,  -0.84525564,   2.20493409,
        -2.00390479,   2.01090202, -13.34580776,  -1.55194785,
        -2.33766731,  -1.60870482, -15.10860018,  -3.03792362,
       -15.98371345,  -2.60241294,  -4.86170266,  -2.82824938,
        -2.92526711,  -4.41933216])
Traceback (most recent call last):
  File "Run_rebuild.py", line 52, in <module>
    main(parser.parse_args())
  File "Run_rebuild.py", line 14, in main
    MG94_tau.site_reconstruction()
  File "/home3/jxiong7/IGCexpansion/IGCexpansion/CodonGeneconv.py", line 1828, in site_reconstruction
    np.savetxt(open('./test/Ancestral_reconstruction/parameters/' + 'tau_' + self.paralog[0] + '_' + self.paralog[1] + '_' +model +'.txt','w+'), b)
  File "/usr/local/lib/python2.7/dist-packages/numpy/lib/npyio.py", line 1175, in savetxt
    ncol = X.shape[1]
IndexError: tuple index out of range
