/home3/jxiong7/IGCexpansion/IGCexpansion/CodonGeneconv.py:276: FutureWarning: comparison to `None` will result in an elementwise object comparison in the future.
  if not x == None:
number of sites to be analyzed:  197
Successfully loaded parameter value from ./test/save/MG94_YMR142C_YDL082W_nonclock_save.txt
log likelihood =  -2054.05074522
Edge derivatives =  [-0.000920889322861218, -0.002055740848838139, 0.0030870144472002897, -0.004285938918732024, 0.0002466498498727432, -0.0020627181105936365, -6.827797383830714e-05, -0.00030964837482652663, 0.0043958691646216325, 0.0014431756580051414, 0.0005518870128498887, 0.003397580206554715]
other derivatives: [  1.22327037e-02  -5.45696821e-03  -9.09494702e-05  -7.86712917e-03
  -5.54791768e-03   3.36513040e-03]
Current x array =  [-0.67261901 -0.47520888 -0.80772425  1.98781465 -1.49562315  1.74138418
 -2.68898067 -1.9225861  -2.43254585 -1.73373267 -6.32553608 -3.10258116
 -3.95779494 -2.55176683 -3.62810014 -2.84380092 -3.3496499  -4.24685759]
log likelihood =  -2054.12956462
Edge derivatives =  [-0.016350498853586304, -0.005537474145097754, -0.07538139206679198, 0.029914916779529455, -0.002773258202814056, -0.017843089329498324, -0.03840580525962921, -0.08976846462783156, -0.08536032522230823, -0.10548673139207478, -0.08468647004384092, -0.03090792474963949]
other derivatives: [-10.77173692   4.12119334   0.14997568   0.24128894   0.10359145
  -0.31518539]
Current x array =  [-0.66038631 -0.48066584 -0.8078152   1.97994752 -1.50117107  1.74474931
 -2.68990156 -1.92464184 -2.42945884 -1.73801861 -6.32528943 -3.10464388
 -3.95786322 -2.55207648 -3.62370427 -2.84235775 -3.34909801 -4.24346001]
log likelihood =  -2054.05074482
Edge derivatives =  [-0.0009605149814992664, -0.0020685618866417843, 0.0029081771093136255, -0.004215689610094608, 0.00023976748945508854, -0.002101500534939571, -0.00015539322312442538, -0.0005144790672905464, 0.004193351769371231, 0.001199590801284095, 0.0003585224214818772, 0.0033194130403989275]
other derivatives: [-0.01155058  0.00386535  0.0001819  -0.00736691 -0.00536602  0.00259206]
Current x array =  [-0.67259153 -0.47522114 -0.80772445  1.98779697 -1.49563561  1.74139174
 -2.68898274 -1.92259072 -2.43253892 -1.7337423  -6.32553553 -3.1025858
 -3.95779509 -2.55176752 -3.62809026 -2.84379768 -3.34964866 -4.24684995]
      fun: 2054.050744823123
 hess_inv: <18x18 LbfgsInvHessProduct with dtype=float64>
      jac: array([ 0.01155058, -0.00386535, -0.0001819 ,  0.00736691,  0.00536602,
       -0.00259206,  0.00096051,  0.00206856, -0.00290818,  0.00421569,
       -0.00023977,  0.0021015 ,  0.00015539,  0.00051448, -0.00419335,
       -0.00119959, -0.00035852, -0.00331941])
  message: 'CONVERGENCE: REL_REDUCTION_OF_F_<=_FACTR*EPSMCH'
     nfev: 3
      nit: 1
   status: 0
  success: True
        x: array([-0.67259153, -0.47522114, -0.80772445,  1.98779697, -1.49563561,
        1.74139174, -2.68898274, -1.92259072, -2.43253892, -1.7337423 ,
       -6.32553553, -3.1025858 , -3.95779509, -2.55176752, -3.62809026,
       -2.84379768, -3.34964866, -4.24684995])
number of sites to be analyzed:  197
Successfully loaded parameter value from ./test/save/MG94_Force_YMR142C_YDL082W_nonclock_save.txt
log likelihood =  -2197.02712482
Edge derivatives =  [-0.00010688586082609067, -0.003243490921058856, -0.0015801364715197774, -0.009305501512038683, -0.008341306765291323, -0.0013811044028619046, -0.010628199391584395, -0.0010078867281209658, 0.006502751674381579, 0.005479241716310146, 0.003077607721523601, -0.008807620972804159]
other derivatives: [-0.01032276  0.01155058 -0.00027285  0.         -0.00245564  0.        ]
Current x array =  [ -0.70839029  -0.46491466  -0.82441949   1.82319231  -1.88037186
   0.33647224 -14.66435804  -1.44281273  -2.2912579   -1.64087901
  -4.4373113   -2.95018848  -3.571704    -2.21043039  -3.17137554
  -2.24943884  -2.72806677  -3.77719668]
log likelihood =  -2197.13672107
Edge derivatives =  [-0.00010593099329411223, 0.16550881253327832, 0.14527128026235506, 0.6087573330781624, 0.030967720517414293, 0.0772474044182092, 0.08831514961284381, 0.09452873020193542, -0.047753392503503425, -0.13657332493372543, -0.014679128229082072, 0.04563168753723287]
other derivatives: [ 9.78707249 -9.47707122 -0.21505002 -0.08431016  0.22851054  0.        ]
Current x array =  [ -0.71871306  -0.45336408  -0.82469233   1.82319231  -1.88282749
   0.33647224 -14.66446493  -1.44605623  -2.29283804  -1.65018451
  -4.44565261  -2.95156959  -3.5823322   -2.21143827  -3.16487279
  -2.2439596   -2.72498916  -3.7860043 ]
log likelihood =  -2197.02712373
Edge derivatives =  [-0.00010688294984884697, -0.0027152541394044327, -0.0011219339046168453, -0.007360084061977301, -0.008217908015463626, -0.001135870165839159, -0.010316390542665685, -0.0007094532482984639, 0.006331586803394795, 0.005031836800860667, 0.0030201712393456703, -0.008635523037362786]
other derivatives: [ 0.0208729  -0.0174623  -0.00095497 -0.00022737 -0.00168257  0.        ]
Current x array =  [ -0.70842267  -0.46487843  -0.82442034   1.82319231  -1.88037956
   0.33647224 -14.66435838  -1.44282291  -2.29126286  -1.6409082
  -4.43733747  -2.95019282  -3.57173734  -2.21043355  -3.17135514
  -2.24942165  -2.72805712  -3.77722431]
      fun: 2197.027123732211
 hess_inv: <18x18 LbfgsInvHessProduct with dtype=float64>
      jac: array([-0.0208729 ,  0.0174623 ,  0.00095497,  0.00022737,  0.00168257,
       -0.        ,  0.00010688,  0.00271525,  0.00112193,  0.00736008,
        0.00821791,  0.00113587,  0.01031639,  0.00070945, -0.00633159,
       -0.00503184, -0.00302017,  0.00863552])
  message: 'CONVERGENCE: REL_REDUCTION_OF_F_<=_FACTR*EPSMCH'
     nfev: 3
      nit: 1
   status: 0
  success: True
        x: array([ -0.70842267,  -0.46487843,  -0.82442034,   1.82319231,
        -1.88037956,   0.33647224, -14.66435838,  -1.44282291,
        -2.29126286,  -1.6409082 ,  -4.43733747,  -2.95019282,
        -3.57173734,  -2.21043355,  -3.17135514,  -2.24942165,
        -2.72805712,  -3.77722431])
