/home3/jxiong7/IGCexpansion/IGCexpansion/CodonGeneconv.py:275: FutureWarning: comparison to `None` will result in an elementwise object comparison in the future.
  if not x == None:
number of sites to be analyzed:  107
Successfully loaded parameter value from ./test/save/MG94_YLR333C_YGR027C_nonclock_save.txt
log likelihood =  -1261.99870412
Edge derivatives =  [-2.3911591179129113e-05, -0.0009424314541187084, -1.4425876295687257e-05, 0.0019388188989376554, -0.0023827774463773405, -2.667515062196313e-05, -0.0022873780138452024, 8.403197889630953e-05, 0.0019235437963168733, -0.003920161975274561, -0.0010652440595800283, -0.0010970168457156149]
other derivatives: [ 0.01682565 -0.02328306  0.01361968  0.00616183  0.0015234  -0.00150067]
Current x array =  [ -0.71990099  -0.51709394  -0.84366443   1.72254136  -1.90457873
   1.18810783 -13.76049633  -1.03858291  -1.53487337  -0.860403
  -3.75520908  -3.0158208   -3.43234692  -3.17603985  -3.74401689
  -3.01794846  -3.16608225  -3.5129528 ]
log likelihood =  -1262.18060504
Edge derivatives =  [-2.4023600103507543e-05, 0.09879446636046157, -0.047699016272289424, -0.036915597666790756, 0.014230511337658652, -0.003360223709050189, 0.0022004650850918524, -0.00797382776530401, 0.003917575861659528, 0.024457781892525676, 0.009728421027278111, 0.03527953345200108]
other derivatives: [-8.07970082  8.20075456 -2.62343747 -0.01941771 -0.11777956  0.08049028]
Current x array =  [ -0.70307534  -0.540377    -0.83004474   1.72870319  -1.90305533
   1.18660716 -13.76052024  -1.03952535  -1.5348878   -0.85846418
  -3.75759186  -3.01584747  -3.4346343   -3.17595582  -3.74209335
  -3.02186862  -3.16714749  -3.51404982]
log likelihood =  -1261.99870251
Edge derivatives =  [-2.391185163757806e-05, -0.0006345066619501405, -0.00014468150763302656, 0.0018404078829583614, -0.002331456140800159, -3.6174710391453924e-05, -0.002273126476791433, 6.279912710760449e-05, 0.0019318584423496654, -0.0038342473906055607, -0.0010309238656859288, -0.000987869600670016]
other derivatives: [-0.00645741  0.00213731  0.00593445  0.00613909  0.00120508 -0.00120508]
Current x array =  [ -0.71985128  -0.51716273  -0.84362419   1.72255957  -1.90457423
   1.18810339 -13.7604964   -1.0385857   -1.53487341  -0.86039727
  -3.75521612  -3.01582088  -3.43235368  -3.1760396   -3.74401121
  -3.01796004  -3.16608539  -3.51295604]
      fun: 1261.9987025129108
 hess_inv: <18x18 LbfgsInvHessProduct with dtype=float64>
      jac: array([  6.45741238e-03,  -2.13731255e-03,  -5.93445293e-03,
        -6.13908924e-03,  -1.20508048e-03,   1.20508048e-03,
         2.39118516e-05,   6.34506662e-04,   1.44681508e-04,
        -1.84040788e-03,   2.33145614e-03,   3.61747104e-05,
         2.27312648e-03,  -6.27991271e-05,  -1.93185844e-03,
         3.83424739e-03,   1.03092387e-03,   9.87869601e-04])
  message: 'CONVERGENCE: REL_REDUCTION_OF_F_<=_FACTR*EPSMCH'
     nfev: 3
      nit: 1
   status: 0
  success: True
        x: array([ -0.71985128,  -0.51716273,  -0.84362419,   1.72255957,
        -1.90457423,   1.18810339, -13.7604964 ,  -1.0385857 ,
        -1.53487341,  -0.86039727,  -3.75521612,  -3.01582088,
        -3.43235368,  -3.1760396 ,  -3.74401121,  -3.01796004,
        -3.16608539,  -3.51295604])
number of sites to be analyzed:  107
Successfully loaded parameter value from ./test/save/MG94_Force_YLR333C_YGR027C_nonclock_save.txt
log likelihood =  -1345.64628518
Edge derivatives =  [-2.8909340344660817e-05, 0.0073958651923186625, -0.0032351007272250765, -0.0164943969163866, 0.00644292689763748, 0.005705115106780109, -0.007305614878300726, 0.0004810366934241139, -0.007213123326256343, 0.006333999499830378, -0.00034917708608778186, -0.0069728998737913495]
other derivatives: [ 0.01771241 -0.06859864  0.04151843 -0.00425189 -0.00545697  0.        ]
Current x array =  [ -0.71250103  -0.53761479  -0.8623837    1.37820562  -1.9253299
   0.33647224 -15.41021061  -0.62761881  -3.04583062  -0.62480537
  -3.41893069  -3.36714985  -3.42418119  -2.6574404   -3.33097467
  -2.62970815  -2.72544637  -2.93713485]
log likelihood =  -1346.76781977
Edge derivatives =  [-2.8707123556656342e-05, 0.20504535447683442, -0.10236618425992543, 1.6260570114106723, 0.0772946204871277, -0.022483988544203276, 0.03535776530366625, 0.005762299175971236, 0.073649274085265, -0.04233829705481973, 0.05290210880712942, 0.1948186963169929]
other derivatives: [ -9.45647116  23.57649009  -8.94647201   0.04517915   0.32966909   0.        ]
Current x array =  [ -0.69478862  -0.60621343  -0.82086526   1.37395373  -1.93078687
   0.33647224 -15.41023952  -0.62022295  -3.04906572  -0.64129977
  -3.41248776  -3.36144473  -3.43148681  -2.65695936  -3.33818779
  -2.62337415  -2.72579555  -2.94410775]
log likelihood =  -1345.64627379
Edge derivatives =  [-2.8908480742994958e-05, 0.008402766169517906, -0.00357641723288922, -0.010639803261220354, 0.006711346702548374, 0.005658706469588909, -0.007135171834719518, 0.0005915981260248004, -0.006910409444010557, 0.006287072256570103, -9.242667747419442e-05, -0.006264490670022424]
other derivatives: [-0.0101636   0.01482476  0.01446097 -0.00416094 -0.00436557  0.        ]
Current x array =  [ -0.71244616  -0.53782731  -0.86225507   1.37819244  -1.9253468
   0.33647224 -15.4102107   -0.6275959   -3.04584064  -0.62485647
  -3.41891073  -3.36713217  -3.42420383  -2.65743891  -3.33099701
  -2.62968852  -2.72544745  -2.93715646]
log likelihood =  -1345.64627162
Edge derivatives =  [-2.8908321211892634e-05, 0.007986199650098114, -0.0032076485903389657, -0.007707862815576144, 0.006732113313929811, 0.005595035890672728, -0.006939541963269898, 0.0006791414154865838, -0.006723434595501621, 0.006149746094068931, 1.6790153932910723e-05, -0.0059467489580294075]
other derivatives: [ 0.00161435  0.00911768  0.00266027 -0.00422915 -0.00338787  0.        ]
Current x array =  [ -0.71246704  -0.53781254  -0.86220088   1.37817967  -1.92536057
   0.33647224 -15.41021079  -0.62757055  -3.04585147  -0.62489119
  -3.41889028  -3.36711483  -3.42422573  -2.65743713  -3.33101828
  -2.62966926  -2.72544783  -2.93717589]
      fun: 1345.6462716202495
 hess_inv: <18x18 LbfgsInvHessProduct with dtype=float64>
      jac: array([ -1.61435310e-03,  -9.11768439e-03,  -2.66027200e-03,
         4.22915036e-03,   3.38786776e-03,  -0.00000000e+00,
         2.89083212e-05,  -7.98619965e-03,   3.20764859e-03,
         7.70786282e-03,  -6.73211331e-03,  -5.59503589e-03,
         6.93954196e-03,  -6.79141415e-04,   6.72343460e-03,
        -6.14974609e-03,  -1.67901539e-05,   5.94674896e-03])
  message: 'CONVERGENCE: REL_REDUCTION_OF_F_<=_FACTR*EPSMCH'
     nfev: 4
      nit: 2
   status: 0
  success: True
        x: array([ -0.71246704,  -0.53781254,  -0.86220088,   1.37817967,
        -1.92536057,   0.33647224, -15.41021079,  -0.62757055,
        -3.04585147,  -0.62489119,  -3.41889028,  -3.36711483,
        -3.42422573,  -2.65743713,  -3.33101828,  -2.62966926,
        -2.72544783,  -2.93717589])
67
