/home3/jxiong7/IGCexpansion/IGCexpansion/CodonGeneconv.py:277: FutureWarning: comparison to `None` will result in an elementwise object comparison in the future.
  if not x == None:
number of sites to be analyzed:  310
Successfully loaded parameter value from ./test/save/MG94_ERa_ERb_nonclock_save.txt
log likelihood =  -13588.2964596
Edge derivatives =  [-0.006809804451302359, -0.005791868816469314, 0.009933529566154231, -0.009264771258493232, -0.0082907071680286, 0.009496503907223897, 0.008288590497441906, 0.008171942038614433, -0.015587709723728027, -0.0055309712380420435, -0.009392544514961187, -0.0013437098880517695, 0.019047727101154655, -0.001196756153820644, -0.007824417746339588, -0.012988181958984685, -0.001276928235159236, -0.00976594935668379, -0.016664031965696498, 0.005622314361798733, 0.01865300696193639, 0.020296709540540525, -0.010250050157918356, -0.0053350494242394575, 0.0022156841276628203, 0.0017451963195365128, -0.005415465838002342, 0.00449725746711882, 0.004976932547638077, 0.0025527823346066097]
other derivatives: [-0.08221832 -0.00818545 -0.01346052 -0.03819878 -0.03346941  0.01018634]
Current x array =  [-0.69190995 -0.8356082  -0.52407524  0.64523998 -2.57474086 -1.2805773
 -0.21333113  1.6871669  -0.23479491 -0.44931244 -1.35368934 -1.82419717
 -0.41032825 -1.57800927 -0.76887283 -1.66611896 -0.70064779 -1.5951269
 -1.17760627 -0.82314062 -1.94003699 -5.87810963 -1.05816294 -0.84621578
 -4.00198017 -2.97443044 -2.62859165 -3.49580915 -1.15899716 -0.74296624
 -2.06406235 -2.45854623 -1.14330801 -1.92156163 -4.07837985 -2.77154076]
log likelihood =  -13601.7248113
Edge derivatives =  [2.9767400950374907, 5.960910261212654, 2.179525739591488, 2.6846194110522488, 1.749955705284165, 0.8912794939157284, 1.216618167467848, 0.760096896951623, 3.719709227495523, 1.324683180449358, 2.82701836654877, 1.4028518800211471, 0.5364015365176744, 1.3894518365233501, 1.5546756326756046, 0.05248708850456632, 2.4632263206097553, 3.1813047679881166, 0.08367887749558592, 0.35137395374928626, -0.028541463550287777, -0.04435597940234251, 3.0821318621821856, 2.5182267322900125, 0.5738576830078459, 0.35306293703128155, 2.3445780087215695, 0.35855815779080985, 0.20043034369799398, 0.10974667531570563]
other derivatives: [ 281.66577977   35.08921509   64.99449228    8.16162355   33.62602001
   -0.56152203]
Current x array =  [-0.77412827 -0.84379365 -0.53753576  0.6070412  -2.60821026 -1.27039096
 -0.22014094  1.68137503 -0.22486138 -0.45857721 -1.36198004 -1.81470066
 -0.40203966 -1.56983733 -0.78446054 -1.67164993 -0.71004033 -1.59647061
 -1.15855854 -0.82433738 -1.94786141 -5.89109781 -1.05943987 -0.85598173
 -4.01864421 -2.96880812 -2.60993864 -3.47551244 -1.16924721 -0.74830129
 -2.06184666 -2.45680103 -1.14872348 -1.91706437 -4.07340292 -2.76898798]
log likelihood =  -13588.2964585
Edge derivatives =  [-0.005450268573291173, -0.003075084217681545, 0.010989743252079798, -0.008008456261022756, -0.007492140852222606, 0.00988702820208337, 0.008780192233161843, 0.008499113139585623, -0.013940319606642215, -0.004948194900755019, -0.008196386665628275, -0.0007231439571847575, 0.019221680183304723, -0.0005784980747276514, -0.007175532441279664, -0.012959581436454704, -0.00023291867020547308, -0.008363708546142323, -0.01662551877958269, 0.005774062993781345, 0.01862075595019469, 0.020265274655485943, -0.008910333884805999, -0.004230793885134254, 0.002455881673279592, 0.0018888012032985402, -0.004402189568259107, 0.004633495501820295, 0.005059683804010014, 0.0025969043958373184]
other derivatives: [ 0.09222276  0.05584297  0.03201421  0.0172804   0.02692104  0.00945874]
Current x array =  [-0.69194612 -0.8356118  -0.52408117  0.64522317 -2.57475559 -1.28057282
 -0.21333413  1.68716436 -0.23479054 -0.44931651 -1.35369299 -1.82419299
 -0.41032461 -1.57800567 -0.76887969 -1.66612139 -0.70065192 -1.59512749
 -1.17759789 -0.82314115 -1.94004044 -5.87811534 -1.05816351 -0.84622008
 -4.00198751 -2.97442796 -2.62858344 -3.49580022 -1.15900167 -0.74296859
 -2.06406137 -2.45854546 -1.1433104  -1.92155965 -4.07837766 -2.77153963]
      fun: 13588.29645852667
 hess_inv: <36x36 LbfgsInvHessProduct with dtype=float64>
      jac: array([-0.09222276, -0.05584297, -0.03201421, -0.0172804 , -0.02692104,
       -0.00945874,  0.00545027,  0.00307508, -0.01098974,  0.00800846,
        0.00749214, -0.00988703, -0.00878019, -0.00849911,  0.01394032,
        0.00494819,  0.00819639,  0.00072314, -0.01922168,  0.0005785 ,
        0.00717553,  0.01295958,  0.00023292,  0.00836371,  0.01662552,
       -0.00577406, -0.01862076, -0.02026527,  0.00891033,  0.00423079,
       -0.00245588, -0.0018888 ,  0.00440219, -0.0046335 , -0.00505968,
       -0.0025969 ])
  message: 'CONVERGENCE: REL_REDUCTION_OF_F_<=_FACTR*EPSMCH'
     nfev: 3
      nit: 1
   status: 0
  success: True
        x: array([-0.69194612, -0.8356118 , -0.52408117,  0.64522317, -2.57475559,
       -1.28057282, -0.21333413,  1.68716436, -0.23479054, -0.44931651,
       -1.35369299, -1.82419299, -0.41032461, -1.57800567, -0.76887969,
       -1.66612139, -0.70065192, -1.59512749, -1.17759789, -0.82314115,
       -1.94004044, -5.87811534, -1.05816351, -0.84622008, -4.00198751,
       -2.97442796, -2.62858344, -3.49580022, -1.15900167, -0.74296859,
       -2.06406137, -2.45854546, -1.1433104 , -1.92155965, -4.07837766,
       -2.77153963])
number of sites to be analyzed:  310
Successfully loaded parameter value from ./test/save/MG94_Force_ERa_ERb_nonclock_save.txt
log likelihood =  -13701.1144771
Edge derivatives =  [-0.006574894984302887, 0.011494165216888147, -0.05316549109627644, -0.012406339038340541, -0.007794783816721607, -0.015401220703430418, 0.04634621217269097, -0.005850395553951615, 0.006094875307815384, -0.009721214195852923, 0.013869623373652384, 0.008412521245006022, 0.005776327812293092, 0.04726010411647552, 0.00482332164082655, -0.018372142890378085, 0.010888288052406825, 0.014996173236231073, -0.03289634677501611, 0.007202018552505629, -0.007113270380926906, 0.033359973581272157, -0.004743485843857975, 0.04122585469233808, 0.0011545937450272437, -0.000713869529390454, -0.007767545413298382, 0.0001373276117504485, 0.016255356564043637, 0.012401081927995078]
other derivatives: [-0.18117134 -0.05748007 -0.18626451 -0.00909495 -0.04220055  0.        ]
Current x array =  [-0.69811204 -0.84324877 -0.51327787  0.60888227 -2.59537505  0.33647224
 -0.5891235   1.73081646 -0.23921351 -0.44059265 -1.32888897 -1.67946555
 -0.33101693 -1.4695383  -0.7278086  -1.72585451 -0.61379755 -1.54660623
 -1.02211254 -0.7439895  -1.61490628 -5.51733904 -0.91535296 -0.76477197
 -3.94239283 -2.84403327 -2.54380215 -3.36348644 -0.98484548 -0.73521936
 -1.94500581 -2.38818    -1.04162713 -1.79580028 -3.94687101 -2.69436549]
log likelihood =  -13832.8538546
Edge derivatives =  [2.2861406399224222, 8.830006860961822, 4.453266679317757, 3.9945586756775495, -0.5723314528129335, 0.17987570073622206, 0.28404529122392264, 1.2544633438665134, -4.676286088784563, -1.5433767284668862, -4.2747610143065735, 0.011972556800740608, 0.47406595424862785, -3.219094288803754, -1.0634096014213985, 0.020026581823075873, 1.3375638235216547, 0.018636711484991977, 0.022081378423984527, 0.49522899559832917, -0.4661322097491819, -0.23105956531587596, 0.7545600131764932, -10.122858772319983, -0.15770261336511604, -0.00023759474147930226, 1.8352473472586266, -0.08301349842418487, -0.0710466716578165, -1.232911265416795]
other derivatives: [ 617.10397858  134.92663129  642.95873017  -41.90460459   68.78235581
    0.        ]
Current x array =  [-0.87928339 -0.90072884 -0.69954238  0.59978732 -2.6375756   0.33647224
 -0.5956984   1.74231062 -0.292379   -0.45299899 -1.33668376 -1.69486677
 -0.28467072 -1.4753887  -0.72171372 -1.73557572 -0.59992792 -1.53819371
 -1.01633622 -0.6967294  -1.61008296 -5.53571118 -0.90446467 -0.7497758
 -3.97528917 -2.83683125 -2.55091542 -3.33012647 -0.98958896 -0.69399351
 -1.94385121 -2.38889387 -1.04939467 -1.79566295 -3.93061565 -2.68196441]
log likelihood =  -13701.1144668
Edge derivatives =  [-0.005342312431528937, 0.014859257184242747, -0.05101359355043278, -0.010471564249967535, -0.0075535663852741575, -0.0149743697052519, 0.04727037634816278, -0.005207618525646052, 0.005441646045533988, -0.009817906126256937, 0.013096706637650168, 0.008836496312799924, 0.006363549571773319, 0.04698408639349827, 0.004676801115202522, -0.018354427582229327, 0.011777597784664806, 0.01572672700679181, -0.03288126153941134, 0.007462378752938148, -0.007152332195627831, 0.03334831157322049, -0.0039557847037404725, 0.03908943232806106, 0.0013557346778223511, -0.0005822358852574094, -0.006712036979220626, 0.000352696805872299, 0.01626063872279715, 0.012185113893302929]
other derivatives: [ 0.09458745  0.04019967  0.07275958  0.04365575  0.0001819   0.        ]
Current x array =  [-0.69816317 -0.84326499 -0.51333044  0.6088797  -2.59538696  0.33647224
 -0.58912536  1.7308197  -0.23922852 -0.44059615 -1.32889117 -1.6794699
 -0.33100385 -1.46953996 -0.72780688 -1.72585725 -0.61379363 -1.54660386
 -1.02211091 -0.74397616 -1.61490492 -5.51734422 -0.91534989 -0.76476774
 -3.94240211 -2.84403124 -2.54380415 -3.36347702 -0.98484682 -0.73520773
 -1.94500548 -2.3881802  -1.04162932 -1.79580024 -3.94686642 -2.69436199]
      fun: 13701.11446680781
 hess_inv: <36x36 LbfgsInvHessProduct with dtype=float64>
      jac: array([-0.09458745, -0.04019967, -0.07275958, -0.04365575, -0.0001819 ,
       -0.        ,  0.00534231, -0.01485926,  0.05101359,  0.01047156,
        0.00755357,  0.01497437, -0.04727038,  0.00520762, -0.00544165,
        0.00981791, -0.01309671, -0.0088365 , -0.00636355, -0.04698409,
       -0.0046768 ,  0.01835443, -0.0117776 , -0.01572673,  0.03288126,
       -0.00746238,  0.00715233, -0.03334831,  0.00395578, -0.03908943,
       -0.00135573,  0.00058224,  0.00671204, -0.0003527 , -0.01626064,
       -0.01218511])
  message: 'CONVERGENCE: REL_REDUCTION_OF_F_<=_FACTR*EPSMCH'
     nfev: 3
      nit: 1
   status: 0
  success: True
        x: array([-0.69816317, -0.84326499, -0.51333044,  0.6088797 , -2.59538696,
        0.33647224, -0.58912536,  1.7308197 , -0.23922852, -0.44059615,
       -1.32889117, -1.6794699 , -0.33100385, -1.46953996, -0.72780688,
       -1.72585725, -0.61379363, -1.54660386, -1.02211091, -0.74397616,
       -1.61490492, -5.51734422, -0.91534989, -0.76476774, -3.94240211,
       -2.84403124, -2.54380415, -3.36347702, -0.98484682, -0.73520773,
       -1.94500548, -2.3881802 , -1.04162932, -1.79580024, -3.94686642,
       -2.69436199])
