/home3/jxiong7/IGCexpansion/IGCexpansion/CodonGeneconv.py:277: FutureWarning: comparison to `None` will result in an elementwise object comparison in the future.
  if not x == None:
number of sites to be analyzed:  163
Successfully loaded parameter value from ./test/save/MG94_YDR418W_YEL054C_nonclock_save.txt
log likelihood =  -1739.17627393
Edge derivatives =  [-0.00010264565610788173, -0.0020932013510516767, -0.0002564082888286412, -0.0006843415315644641, -0.0034115647564903623, -0.0012116501961035586, -0.004680866236644349, -0.001394736291447471, 0.0033574543776758448, 0.002533477443907417, 0.00025236097430242355, 0.0013103217570679948]
other derivatives: [-0.00923137  0.00077307  0.00034106  0.0013415  -0.00013642 -0.00184173]
Current x array =  [-0.72253886 -0.48684523 -0.89815991  2.12862709 -2.57461216  0.34349499
 -3.9276825  -1.53381896 -1.56395414 -1.76193981 -3.65962178 -3.62676965
 -3.4377575  -2.4609742  -3.69249894 -2.87085793 -2.84518249 -3.82131901]
log likelihood =  -1739.20573016
Edge derivatives =  [0.005567006662421672, 0.11445530948984683, 0.1257958897854948, 0.12649481775298305, 0.04481970758802805, 0.036425037706718705, 0.05076693345726699, 0.09765225370872217, -0.007267902780448879, 0.010791961752587786, 0.02835526896442722, 0.015805974756171393]
other derivatives: [ 6.1888386  -0.45706656 -0.28499016 -0.19028903  0.10668373  0.04433787]
Current x array =  [-0.73177023 -0.48607216 -0.89781885  2.1299686  -2.57474858  0.34165327
 -3.92778515 -1.53591216 -1.56421055 -1.76262415 -3.66303334 -3.6279813
 -3.44243837 -2.46236893 -3.68914149 -2.86832446 -2.84493012 -3.82000869]
log likelihood =  -1739.17627373
Edge derivatives =  [-8.918162027584872e-05, -0.001797792026042161, 6.16255090271356e-05, -0.0003632373796064181, -0.003288533223713065, -0.001116315714217074, -0.004539529128368712, -0.0011438452283861894, 0.0033292882604123997, 0.0025529353966900897, 0.0003224027040812233, 0.0013466332125728342]
other derivatives: [ 0.00686668 -0.0003638  -0.0003638   0.00088676  0.00015916 -0.00168257]
Current x array =  [-0.72256245 -0.48684326 -0.89815903  2.12863052 -2.57461251  0.34349029
 -3.92768276 -1.53382431 -1.5639548  -1.76194156 -3.6596305  -3.62677275
 -3.43776946 -2.46097776 -3.69249037 -2.87085146 -2.84518184 -3.82131566]
      fun: 1739.1762737337667
 hess_inv: <18x18 LbfgsInvHessProduct with dtype=float64>
      jac: array([ -6.86668500e-03,   3.63797881e-04,   3.63797881e-04,
        -8.86757334e-04,  -1.59161573e-04,   1.68256520e-03,
         8.91816203e-05,   1.79779203e-03,  -6.16255090e-05,
         3.63237380e-04,   3.28853322e-03,   1.11631571e-03,
         4.53952913e-03,   1.14384523e-03,  -3.32928826e-03,
        -2.55293540e-03,  -3.22402704e-04,  -1.34663321e-03])
  message: 'CONVERGENCE: REL_REDUCTION_OF_F_<=_FACTR*EPSMCH'
     nfev: 3
      nit: 1
   status: 0
  success: True
        x: array([-0.72256245, -0.48684326, -0.89815903,  2.12863052, -2.57461251,
        0.34349029, -3.92768276, -1.53382431, -1.5639548 , -1.76194156,
       -3.6596305 , -3.62677275, -3.43776946, -2.46097776, -3.69249037,
       -2.87085146, -2.84518184, -3.82131566])
number of sites to be analyzed:  163
Successfully loaded parameter value from ./test/save/MG94_Force_YDR418W_YEL054C_nonclock_save.txt
log likelihood =  -1771.21643348
Edge derivatives =  [-0.003948236257512257, -0.0025204629285139613, -0.004010823378380435, -0.0029001076705372775, -0.001788600446998856, 0.010611673487787257, -0.0025833047321736566, -0.00021272464575486372, 0.004270238519249486, -0.0018775378451439673, -0.0009795669546858315, -0.003411003676952795]
other derivatives: [ 0.01878107  0.00216005 -0.00100044 -0.00609361  0.00204636  0.        ]
Current x array =  [-0.73390447 -0.47808516 -0.91122486  2.03848397 -2.72239643  0.33647224
 -4.87147026 -1.49460773 -1.60178725 -1.68765858 -3.7203148  -3.01462502
 -3.30735699 -2.22781006 -3.4174043  -2.58036842 -2.60617978 -3.47950995]
log likelihood =  -1771.34714884
Edge derivatives =  [0.002265307210424625, -0.1291857059238113, -0.1849212986779254, -0.13234939212055455, -0.05573154255965312, -0.15009769350654245, -0.06258118291128786, -0.13481371004138315, -0.06189426484150705, -0.07502671277019879, -0.0767122763094364, -0.03106740065918475]
other derivatives: [-13.69028269  -1.08057066   0.72343482   0.62896106  -0.25070221   0.        ]
Current x array =  [-0.71512341 -0.47592511 -0.91222531  2.03239036 -2.72035007  0.33647224
 -4.8754185  -1.49712819 -1.60579807 -1.69055869 -3.7221034  -3.00401335
 -3.30994029 -2.22802278 -3.41313406 -2.58224595 -2.60715934 -3.48292096]
log likelihood =  -1771.21643277
Edge derivatives =  [-0.003935553831194006, -0.0028222551401999585, -0.004445102484211233, -0.0032148911829862348, -0.0019159423530446737, 0.010239095002439219, -0.0027254604128027285, -0.000533264280653617, 0.00411460884341102, -0.0020534167316896, -0.0011612292538974306, -0.0034781190485286342]
other derivatives: [-0.01214175 -0.00029559  0.00063665 -0.00459295  0.00143245  0.        ]
Current x array =  [-0.73386097 -0.47808016 -0.91122718  2.03846986 -2.72239169  0.33647224
 -4.87147941 -1.49461357 -1.60179654 -1.6876653  -3.72031894 -3.01460044
 -3.30736297 -2.22781055 -3.4173944  -2.58037277 -2.60618205 -3.47951786]
      fun: 1771.2164327716696
 hess_inv: <18x18 LbfgsInvHessProduct with dtype=float64>
      jac: array([ 0.01214175,  0.00029559, -0.00063665,  0.00459295, -0.00143245,
       -0.        ,  0.00393555,  0.00282226,  0.0044451 ,  0.00321489,
        0.00191594, -0.0102391 ,  0.00272546,  0.00053326, -0.00411461,
        0.00205342,  0.00116123,  0.00347812])
  message: 'CONVERGENCE: REL_REDUCTION_OF_F_<=_FACTR*EPSMCH'
     nfev: 3
      nit: 1
   status: 0
  success: True
        x: array([-0.73386097, -0.47808016, -0.91122718,  2.03846986, -2.72239169,
        0.33647224, -4.87147941, -1.49461357, -1.60179654, -1.6876653 ,
       -3.72031894, -3.01460044, -3.30736297, -2.22781055, -3.4173944 ,
       -2.58037277, -2.60618205, -3.47951786])
