/home3/jxiong7/IGCexpansion/IGCexpansion/CodonGeneconv.py:277: FutureWarning: comparison to `None` will result in an elementwise object comparison in the future.
  if not x == None:
number of sites to be analyzed:  197
Successfully loaded parameter value from ./test/save/MG94_YNL069C_YIL133C_nonclock_save.txt
log likelihood =  -2322.82896335
Edge derivatives =  [0.001183210548575564, -0.0024105643201715043, -0.003094321116224985, 0.0006088575527523621, -0.005443086204260941, 0.0032882685765323605, 0.0015890636590668462, -0.0011794249522910916, -0.0015155808662971268, -0.0011599985162019238, -0.004266874669864626, -0.0012984516765607579]
other derivatives: [ 0.0127784  -0.00063665 -0.0007276  -0.00145519  0.00291038  0.00127329]
Current x array =  [-0.72549668 -0.53824535 -0.93561918  1.69245962 -1.75713798  0.38123861
 -2.15299906 -2.03035987 -1.72009058 -1.62481244 -3.68387266 -2.55259454
 -5.17772635 -2.50662245 -3.84595861 -2.72114518 -3.21317995 -4.57597196]
log likelihood =  -2322.89915916
Edge derivatives =  [-0.1110167331387929, -0.03374775568212554, -0.06580864982386864, -0.17259476188867007, -0.005906181954158492, -0.1496051678675635, 0.001225788337628873, -0.04845734151102496, -0.016140061746552796, -0.03851939391360565, 0.028691776931620575, 0.002259914788868427]
other derivatives: [-10.86859811   0.56188583   0.64082997   0.35888661  -0.31145646
   0.04306457]
Current x array =  [-0.71271828 -0.538882   -0.93634678  1.69100443 -1.7542276   0.38251191
 -2.15181585 -2.03277043 -1.7231849  -1.62420358 -3.68931574 -2.54930628
 -5.17613728 -2.50780187 -3.84747419 -2.72230518 -3.21744682 -4.57727042]
log likelihood =  -2322.82896311
Edge derivatives =  [0.0009682394230210722, -0.0024717778295681447, -0.003217167553435485, 0.0002797618723474615, -0.005445231511613795, 0.00300105929333333, 0.0015878951490463106, -0.0012716761559785072, -0.0015439337808492992, -0.0012326086931447183, -0.004207128483856737, -0.0012924616945486564]
other derivatives: [-0.00718501  0.00045475  0.00050022 -0.0007276   0.00236469  0.00136424]
Current x array =  [-0.72547283 -0.53824654 -0.93562054  1.6924569  -1.75713255  0.38124099
 -2.15299686 -2.03036437 -1.72009635 -1.6248113  -3.68388282 -2.55258841
 -5.17772338 -2.50662465 -3.84596144 -2.72114734 -3.21318791 -4.57597439]
      fun: 2322.8289631072566
 hess_inv: <18x18 LbfgsInvHessProduct with dtype=float64>
      jac: array([ 0.00718501, -0.00045475, -0.00050022,  0.0007276 , -0.00236469,
       -0.00136424, -0.00096824,  0.00247178,  0.00321717, -0.00027976,
        0.00544523, -0.00300106, -0.0015879 ,  0.00127168,  0.00154393,
        0.00123261,  0.00420713,  0.00129246])
  message: 'CONVERGENCE: REL_REDUCTION_OF_F_<=_FACTR*EPSMCH'
     nfev: 3
      nit: 1
   status: 0
  success: True
        x: array([-0.72547283, -0.53824654, -0.93562054,  1.6924569 , -1.75713255,
        0.38124099, -2.15299686, -2.03036437, -1.72009635, -1.6248113 ,
       -3.68388282, -2.55258841, -5.17772338, -2.50662465, -3.84596144,
       -2.72114734, -3.21318791, -4.57597439])
number of sites to be analyzed:  197
Successfully loaded parameter value from ./test/save/MG94_Force_YNL069C_YIL133C_nonclock_save.txt
log likelihood =  -2381.43620423
Edge derivatives =  [0.00434572644438172, -0.0031299974098606687, 0.0014478066397857758, -0.002569517839845048, 0.002282245132851954, -0.0006564379279803967, 0.0003169075110092921, 0.00042156592179440344, -0.00040378008868174886, 0.003324118888385519, 0.008135304389635806, -0.010733569433159229]
other derivatives: [ 0.02669367 -0.00104592 -0.00163709 -0.00745786  0.00491127  0.        ]
Current x array =  [-0.73938189 -0.5296965  -0.95689425  1.53571739 -1.87962611  0.33647224
 -3.54363904 -1.46809841 -1.70902934 -1.41678945 -3.47429468 -2.19994202
 -4.91216728 -2.32339011 -3.59248801 -2.44852565 -2.92905321 -4.23471245]
log likelihood =  -2381.76933227
Edge derivatives =  [-0.08786887171389604, -0.1661002917611497, -0.4964269181675491, -0.3791983668963377, -0.06938568555227188, -0.2495670837527484, 0.0001948758970305338, -0.2169949726343381, -0.0785057734141623, -0.28513513904814214, -0.25055167713209814, -0.0013887104079828363]
other derivatives: [-24.56781658   0.91686161   1.65209713   1.32008608  -0.68343979   0.        ]
Current x array =  [-0.71268822 -0.53074242 -0.95853134  1.52825954 -1.87471484  0.33647224
 -3.53929331 -1.47122841 -1.70758154 -1.41935897 -3.47201244 -2.20059845
 -4.91185037 -2.32296855 -3.59289179 -2.44520153 -2.92091791 -4.24544602]
log likelihood =  -2381.43620342
Edge derivatives =  [0.004195862027604053, -0.0034007149887818333, 0.0006515840348091384, -0.0031903931548656894, 0.0021665159534815376, -0.0010602915746043273, 0.0003148890397379877, 6.879481648724983e-05, -0.0005289251352506782, 0.0028638272883089455, 0.007726687764382387, -0.01072161257131176]
other derivatives: [-0.01041371  0.0003638   0.00095497 -0.00536602  0.00381988  0.        ]
Current x array =  [-0.73934016 -0.52969814 -0.9568968   1.53570574 -1.87961843  0.33647224
 -3.54363225 -1.46810331 -1.70902708 -1.41679347 -3.47429112 -2.19994304
 -4.91216678 -2.32338945 -3.59248864 -2.44852046 -2.92904049 -4.23472923]
      fun: 2381.4362034171445
 hess_inv: <18x18 LbfgsInvHessProduct with dtype=float64>
      jac: array([  1.04137143e-02,  -3.63797881e-04,  -9.54969437e-04,
         5.36601874e-03,  -3.81987775e-03,  -0.00000000e+00,
        -4.19586203e-03,   3.40071499e-03,  -6.51584035e-04,
         3.19039315e-03,  -2.16651595e-03,   1.06029157e-03,
        -3.14889040e-04,  -6.87948165e-05,   5.28925135e-04,
        -2.86382729e-03,  -7.72668776e-03,   1.07216126e-02])
  message: 'CONVERGENCE: REL_REDUCTION_OF_F_<=_FACTR*EPSMCH'
     nfev: 3
      nit: 1
   status: 0
  success: True
        x: array([-0.73934016, -0.52969814, -0.9568968 ,  1.53570574, -1.87961843,
        0.33647224, -3.54363225, -1.46810331, -1.70902708, -1.41679347,
       -3.47429112, -2.19994304, -4.91216678, -2.32338945, -3.59248864,
       -2.44852046, -2.92904049, -4.23472923])
