/home3/jxiong7/IGCexpansion/IGCexpansion/CodonGeneconv.py:277: FutureWarning: comparison to `None` will result in an elementwise object comparison in the future.
  if not x == None:
number of sites to be analyzed:  344
Successfully loaded parameter value from ./test/save/MG94_AR_MR_nonclock_save.txt
log likelihood =  -10444.4473467
Edge derivatives =  [-0.002153829817352293, 0.002770790759427391, -0.018447504890233654, -0.006199504050764526, -0.03389369094791543, 0.025895108622000396, 0.016482176250258496, -0.010795448199870772, -0.030738481160401676, -0.01319625016514022, 0.009338631167847083, -0.011868027390183292, 0.02812035106713231, -0.005903549215234616, -0.011576063982234215, -0.00338558402501421, 0.00998051781839765, -0.0378578275059403, -0.024816008192701133, -0.010961033030705815]
other derivatives: [-0.08294592  0.01200533  0.09167707  0.05020411  0.02510205 -0.01327862]
Current x array =  [-0.6624593  -0.78382798 -0.55771919  0.59489449 -2.99724539 -1.95567093
  0.91664052  2.50268806 -0.09387029 -0.07090571 -0.31677381 -0.41625173
 -0.57734943 -1.10924596 -0.92110923 -1.09220384 -1.87873008 -3.39689129
 -3.73963947 -2.70039322 -2.12226492 -1.51381437 -3.02746959 -3.57933775
 -2.65673613 -2.90312618]
log likelihood =  -10472.6593087
Edge derivatives =  [-1.6588636164876358, -3.5507938741087806, 0.4553020392701051, -0.30780314115183716, 2.6717359547026756, 0.29244749560630934, -1.4531601106649008, 0.23586451281033138, 4.5487871897929155, 3.406795874241224, 1.015730552799499, 0.38067935271507847, 0.06859447237015252, 0.34431174979294643, 1.272907955390662, 1.7176786763715284, 0.2394048025336268, 0.5728271260975567, 1.096886905284171, 0.8656143576079912]
other derivatives: [ 282.28914744  -15.04722604 -358.35473682  -11.33612386   -5.67742973
    0.85674401]
Current x array =  [-0.74540521 -0.77182265 -0.46604212  0.6450986  -2.97214334 -1.96894956
  0.91448669  2.50545885 -0.11231779 -0.07710521 -0.3506675  -0.39035662
 -0.56086725 -1.12004141 -0.95184772 -1.10540009 -1.86939145 -3.40875932
 -3.71151912 -2.70629677 -2.13384099 -1.51719995 -3.01748908 -3.61719558
 -2.68155214 -2.91408721]
log likelihood =  -10444.4473407
Edge derivatives =  [-0.002271706129165718, 0.002117987967843765, -0.017683420906891636, -0.005805256536258074, -0.03201309167541706, 0.026556006623828954, 0.01635758084432859, -0.0103280207236503, -0.02814313499070642, -0.011202619389187325, 0.010034504230686483, -0.011625423504357156, 0.02817951862894994, -0.005640126274695012, -0.010798244775957484, -0.002251795790419009, 0.010183173500427384, -0.03752617629556385, -0.02416515402603414, -0.01044717048039074]
other derivatives: [ 0.06584742  0.00291038 -0.05020411  0.04074536  0.02310117 -0.01346052]
Current x array =  [-0.66249817 -0.78382235 -0.55767622  0.59491802 -2.99723363 -1.95567716
  0.91663951  2.50268936 -0.09387893 -0.07090861 -0.31678969 -0.41623959
 -0.5773417  -1.10925102 -0.92112364 -1.09221002 -1.8787257  -3.39689685
 -3.73962629 -2.70039599 -2.12227035 -1.51381596 -3.02746492 -3.57935549
 -2.65674776 -2.90313131]
      fun: 10444.447340737952
 hess_inv: <26x26 LbfgsInvHessProduct with dtype=float64>
      jac: array([-0.06584742, -0.00291038,  0.05020411, -0.04074536, -0.02310117,
        0.01346052,  0.00227171, -0.00211799,  0.01768342,  0.00580526,
        0.03201309, -0.02655601, -0.01635758,  0.01032802,  0.02814313,
        0.01120262, -0.0100345 ,  0.01162542, -0.02817952,  0.00564013,
        0.01079824,  0.0022518 , -0.01018317,  0.03752618,  0.02416515,
        0.01044717])
  message: 'CONVERGENCE: REL_REDUCTION_OF_F_<=_FACTR*EPSMCH'
     nfev: 3
      nit: 1
   status: 0
  success: True
        x: array([-0.66249817, -0.78382235, -0.55767622,  0.59491802, -2.99723363,
       -1.95567716,  0.91663951,  2.50268936, -0.09387893, -0.07090861,
       -0.31678969, -0.41623959, -0.5773417 , -1.10925102, -0.92112364,
       -1.09221002, -1.8787257 , -3.39689685, -3.73962629, -2.70039599,
       -2.12227035, -1.51381596, -3.02746492, -3.57935549, -2.65674776,
       -2.90313131])
number of sites to be analyzed:  344
Successfully loaded parameter value from ./test/save/MG94_Force_AR_MR_nonclock_save.txt
log likelihood =  -10468.9897229
Edge derivatives =  [-0.010178868267898822, 0.022282471992154756, 0.0007581422565771934, -0.0017513315041099986, -0.0180450684678284, 0.0590281286949694, 0.02885996718137207, -0.029860943904454484, -0.01435648215121954, -0.010868750571873434, -0.004396161538806689, -0.00700484907328551, 0.02791091833727041, -0.027829672102133607, -0.0252442294919969, -0.015678169728684965, -0.016214792483892168, -0.020038184335581043, -0.030080113920422535, -0.01017820517060582]
other derivatives: [ 0.01928129 -0.02037268  0.01582521 -0.03019522  0.0003638   0.        ]
Current x array =  [ -6.65832289e-01  -7.87752955e-01  -5.55330975e-01   5.81431849e-01
  -3.03210264e+00   3.36472237e-01   8.40764907e-01   2.55393490e+00
   1.00049668e-02  -1.80993491e-03  -2.68100456e-01  -3.30544367e-01
  -5.14752932e-01  -1.03385632e+00  -8.55926476e-01  -1.02508634e+00
  -1.83525842e+00  -3.32193228e+00  -3.70272076e+00  -2.65116372e+00
  -2.07369534e+00  -1.45767849e+00  -2.97760885e+00  -3.52577916e+00
  -2.61053784e+00  -2.85112877e+00]
log likelihood =  -10471.0810426
Edge derivatives =  [-0.3140404332436678, -6.586689306105485, -1.0177445916014465, -0.6183595073119197, -0.8461420200396249, -3.875620185315838, -1.8329928161625684, 0.2384216362544722, 1.7908247843155363, 1.3352898236421022, 0.7466102456559808, 0.168218987576582, 0.07302858411219203, 0.7423287665066691, 1.5237562426438598, 1.6522215136985527, 0.5242318736675311, 0.35319346729111184, 1.090174217897828, 0.5842469680331515]
other derivatives: [-78.95687304  38.28390618 -57.79183994  13.17148417 -11.42616384   0.        ]
Current x array =  [ -6.46551001e-01  -8.08125636e-01  -5.39505767e-01   5.51236625e-01
  -3.03173885e+00   3.36472237e-01   8.30586038e-01   2.57621738e+00
   1.07631090e-02  -3.56126642e-03  -2.86145524e-01  -2.71516238e-01
  -4.85892965e-01  -1.06371726e+00  -8.70282958e-01  -1.03595509e+00
  -1.83965458e+00  -3.32893713e+00  -3.67480984e+00  -2.67899339e+00
  -2.09893957e+00  -1.47335666e+00  -2.99382364e+00  -3.54581735e+00
  -2.64061795e+00  -2.86130698e+00]
log likelihood =  -10468.9897039
Edge derivatives =  [-0.011098789967564915, 0.002549330640930463, -0.0023219496406409468, -0.003618906249838183, -0.020543560482169695, 0.0476670453149578, 0.023423451937642614, -0.028997735031899063, -0.008926260621702431, -0.006828934130346124, -0.0021226739166075453, -0.006479595520806493, 0.028054696703488563, -0.025475171669950836, -0.020526241489651362, -0.01062640367372647, -0.014574339791824625, -0.01890529070921547, -0.026660809472172753, -0.008373754319831474]
other derivatives: [-0.2053639   0.10077201 -0.15297701  0.01055014 -0.03201421  0.        ]
Current x array =  [ -6.65774293e-01  -7.87814234e-01  -5.55283374e-01   5.81341025e-01
  -3.03210155e+00   3.36472237e-01   8.40734290e-01   2.55400193e+00
   1.00072472e-02  -1.81520273e-03  -2.68154733e-01  -3.30366816e-01
  -5.14666125e-01  -1.03394614e+00  -8.55969659e-01  -1.02511903e+00
  -1.83527164e+00  -3.32195335e+00  -3.70263681e+00  -2.65124743e+00
  -2.07377128e+00  -1.45772565e+00  -2.97765762e+00  -3.52583943e+00
  -2.61062832e+00  -2.85115939e+00]
      fun: 10468.989703925043
 hess_inv: <26x26 LbfgsInvHessProduct with dtype=float64>
      jac: array([ 0.2053639 , -0.10077201,  0.15297701, -0.01055014,  0.03201421,
       -0.        ,  0.01109879, -0.00254933,  0.00232195,  0.00361891,
        0.02054356, -0.04766705, -0.02342345,  0.02899774,  0.00892626,
        0.00682893,  0.00212267,  0.0064796 , -0.0280547 ,  0.02547517,
        0.02052624,  0.0106264 ,  0.01457434,  0.01890529,  0.02666081,
        0.00837375])
  message: 'CONVERGENCE: REL_REDUCTION_OF_F_<=_FACTR*EPSMCH'
     nfev: 3
      nit: 1
   status: 0
  success: True
        x: array([ -6.65774293e-01,  -7.87814234e-01,  -5.55283374e-01,
         5.81341025e-01,  -3.03210155e+00,   3.36472237e-01,
         8.40734290e-01,   2.55400193e+00,   1.00072472e-02,
        -1.81520273e-03,  -2.68154733e-01,  -3.30366816e-01,
        -5.14666125e-01,  -1.03394614e+00,  -8.55969659e-01,
        -1.02511903e+00,  -1.83527164e+00,  -3.32195335e+00,
        -3.70263681e+00,  -2.65124743e+00,  -2.07377128e+00,
        -1.45772565e+00,  -2.97765762e+00,  -3.52583943e+00,
        -2.61062832e+00,  -2.85115939e+00])
