/home3/jxiong7/IGCexpansion/IGCexpansion/CodonGeneconv.py:276: FutureWarning: comparison to `None` will result in an elementwise object comparison in the future.
  if not x == None:
number of sites to be analyzed:  134
Successfully loaded parameter value from ./test/save/MG94_YMR143W_YDL083C_nonclock_save.txt
log likelihood =  -1209.74997008
Edge derivatives =  [-4.089147172232075e-05, -0.0020924777389350335, -0.0014516429444084156, 0.001926429553585185, 0.0014016819893713159, -0.0010295550730745756, -0.002236838944911723, -0.0026462298519597804, -0.0012725749359599105, -0.0015154203141314465, 0.0004276505027502944, 0.0003414780567965875]
other derivatives: [  1.10276233e-02  -6.82121026e-05  -3.63797881e-04  -2.54658516e-03
  -2.68300937e-03   3.41060513e-03]
Current x array =  [ -0.71742603  -0.48653955  -0.95368999   2.4356462   -3.71560022
   1.15084373 -10.45689338  -2.64920278  -1.73328668  -2.02833262
  -3.54993371  -2.9963921   -4.77373726  -2.57267416  -5.55046633
  -2.91937662  -3.53205129  -3.40025002]
log likelihood =  -1209.78183662
Edge derivatives =  [-4.228831571234343e-05, -0.009604014341327002, -0.03078768265519899, -0.0934310455195872, -0.02181161480512788, -0.02963693806306371, -0.0029126819469665784, -0.019173903167905418, -0.004431657405557573, -0.017807984093953413, -0.030657000902050882, -0.03796378812141611]
other derivatives: [-5.77376795  0.10109034  0.1651415   0.12207693 -0.01293756 -0.05563834]
Current x array =  [ -0.70639841  -0.48660777  -0.95405379   2.43309961  -3.71828322
   1.15425433 -10.45693428  -2.65129526  -1.73473832  -2.02640619
  -3.54853202  -2.99742166  -4.7759741   -2.57532039  -5.55173891
  -2.92089204  -3.53162364  -3.39990854]
log likelihood =  -1209.74996984
Edge derivatives =  [-4.089752870189143e-05, -0.0021151316032397005, -0.0015383085019129994, 0.0016582586975754099, 0.0013365501527790868, -0.0011107057541916293, -0.002239340512264508, -0.002694565229712259, -0.0012816651741184952, -0.0015626546565629396, 0.00034057777142804113, 0.00023384172586962682]
other derivatives: [ -4.75210982e-03   2.04636308e-04   6.82121026e-05  -2.20552465e-03
  -2.68300937e-03   3.25144356e-03]
Current x array =  [ -0.71739549  -0.48653974  -0.953691     2.43563914  -3.71560764
   1.15085317 -10.4568935   -2.64920858  -1.7332907   -2.02832728
  -3.54992982  -2.99639495  -4.77374345  -2.57268149  -5.55046986
  -2.91938081  -3.53205011  -3.40024907]
      fun: 1209.7499698356157
 hess_inv: <18x18 LbfgsInvHessProduct with dtype=float64>
      jac: array([  4.75210982e-03,  -2.04636308e-04,  -6.82121026e-05,
         2.20552465e-03,   2.68300937e-03,  -3.25144356e-03,
         4.08975287e-05,   2.11513160e-03,   1.53830850e-03,
        -1.65825870e-03,  -1.33655015e-03,   1.11070575e-03,
         2.23934051e-03,   2.69456523e-03,   1.28166517e-03,
         1.56265466e-03,  -3.40577771e-04,  -2.33841726e-04])
  message: 'CONVERGENCE: REL_REDUCTION_OF_F_<=_FACTR*EPSMCH'
     nfev: 3
      nit: 1
   status: 0
  success: True
        x: array([ -0.71739549,  -0.48653974,  -0.953691  ,   2.43563914,
        -3.71560764,   1.15085317, -10.4568935 ,  -2.64920858,
        -1.7332907 ,  -2.02832728,  -3.54992982,  -2.99639495,
        -4.77374345,  -2.57268149,  -5.55046986,  -2.91938081,
        -3.53205011,  -3.40024907])
number of sites to be analyzed:  134
Successfully loaded parameter value from ./test/save/MG94_Force_YMR143W_YDL083C_nonclock_save.txt
log likelihood =  -1246.97932742
Edge derivatives =  [-1.1576524711795019e-05, 0.0011400326441198677, 5.848031711003232e-05, -9.231604632525814e-05, -0.0022845795182546147, 0.007198161499282735, -0.001975629184925526, 0.0025597022269643888, -0.00286975641563824, 0.0008945654622271315, -0.005788402288351785, -0.004419277508713126]
other derivatives: [ 0.00832188  0.01377884 -0.00097771 -0.00161435 -0.00325144  0.        ]
Current x array =  [ -0.73954115  -0.47043063  -0.97976184   2.29662041  -3.85538146
   0.33647224 -15.89065314  -2.39727809  -2.06271573  -2.05059329
  -3.17474314  -2.95077227  -4.54268367  -2.17678093  -4.92949641
  -2.46968783  -2.97109237  -3.17231005]
log likelihood =  -1247.04151728
Edge derivatives =  [-1.1782756720613639e-05, -0.1213174189373411, -0.1477671086395616, -0.1477101151233785, -0.046008210487901685, -0.11268504946563751, -0.014893834953999836, -0.15389727562363, -0.00028635688838855866, -0.14016758300762558, -0.004238083234600981, 0.007544320467194915]
other derivatives: [ -4.47384991e+00  -6.30334398e+00   3.11092663e-01   1.61821845e-01
  -4.54747351e-05   0.00000000e+00]
Current x array =  [ -0.73121928  -0.45665179  -0.98073955   2.29500605  -3.8586329
   0.33647224 -15.89066472  -2.39613806  -2.06265725  -2.05068561
  -3.17702772  -2.94357411  -4.5446593   -2.17422123  -4.93236616
  -2.46879326  -2.97688077  -3.17672932]
log likelihood =  -1246.97932675
Edge derivatives =  [-1.1577167531610913e-05, 0.0007503377355631141, -0.00040506684386942826, -0.0005553861760655421, -0.002420722426988195, 0.006814932759590053, -0.002016154994209516, 0.0020637821613715412, -0.0028604296199207895, 0.0004490216313241535, -0.005775214387291991, -0.004376458044941342]
other derivatives: [ -6.07087713e-03  -6.09361450e-03   2.27373675e-05  -1.09139364e-03
  -3.27418093e-03   0.00000000e+00]
Current x array =  [ -0.73951403  -0.47038572  -0.97976503   2.29661515  -3.85539205
   0.33647224 -15.89065318  -2.39727438  -2.06271553  -2.05059359
  -3.17475059  -2.9507488   -4.54269011  -2.17677259  -4.92950576
  -2.46968491  -2.97111124  -3.17232445]
      fun: 1246.979326753356
 hess_inv: <18x18 LbfgsInvHessProduct with dtype=float64>
      jac: array([  6.07087713e-03,   6.09361450e-03,  -2.27373675e-05,
         1.09139364e-03,   3.27418093e-03,  -0.00000000e+00,
         1.15771675e-05,  -7.50337736e-04,   4.05066844e-04,
         5.55386176e-04,   2.42072243e-03,  -6.81493276e-03,
         2.01615499e-03,  -2.06378216e-03,   2.86042962e-03,
        -4.49021631e-04,   5.77521439e-03,   4.37645804e-03])
  message: 'CONVERGENCE: REL_REDUCTION_OF_F_<=_FACTR*EPSMCH'
     nfev: 3
      nit: 1
   status: 0
  success: True
        x: array([ -0.73951403,  -0.47038572,  -0.97976503,   2.29661515,
        -3.85539205,   0.33647224, -15.89065318,  -2.39727438,
        -2.06271553,  -2.05059359,  -3.17475059,  -2.9507488 ,
        -4.54269011,  -2.17677259,  -4.92950576,  -2.46968491,
        -2.97111124,  -3.17232445])
