/home3/jxiong7/IGCexpansion/IGCexpansion/CodonGeneconv.py:277: FutureWarning: comparison to `None` will result in an elementwise object comparison in the future.
  if not x == None:
number of sites to be analyzed:  107
Successfully loaded parameter value from ./test/save/MG94_YLR333C_YGR027C_nonclock_save.txt
log likelihood =  -1261.99870124
Edge derivatives =  [-2.3910487412572983e-05, -0.00010424190837604597, 0.00014393789489069997, 0.001288628626460564, -0.0021877804356055033, 0.00015260392768499942, -0.001957404938905588, 0.0002556669685474175, 0.0019910199073827073, -0.0029317626218002824, -0.0006712726084205367, -0.0006899626603212583]
other derivatives: [  7.36690708e-03  -2.50111043e-04  -9.09494702e-05   3.20596882e-03
   1.04591891e-03  -2.27373675e-04]
Current x array =  [ -0.71987814  -0.51715575  -0.84359379   1.72266674  -1.90454889
   1.18808741 -13.76049693  -1.0385939   -1.53487378  -0.86036181
  -3.7552662   -3.01581978  -3.43240081  -3.17603622  -3.74396777
  -3.01803638  -3.1661047   -3.51297476]
log likelihood =  -1262.01153189
Edge derivatives =  [-2.4539917041988055e-05, -0.04729609198061063, -0.0656739900559492, -0.11629016822626301, -0.006560079410262376, -0.010987743527959351, -0.0036917473162037494, -0.009223379996704875, -0.011636859786152254, 0.01542566472410467, -0.006435106125829704, -0.0018397852993648212]
other derivatives: [-3.47088189  0.12703367  0.05647962  0.01612079 -0.06677965  0.04674803]
Current x array =  [ -0.71251123  -0.51740586  -0.84368474   1.72587271  -1.90350297
   1.18786004 -13.76052084  -1.03869814  -1.53472984  -0.85907318
  -3.75745398  -3.01566717  -3.43435821  -3.17578055  -3.74197675
  -3.02096814  -3.16677597  -3.51366472]
log likelihood =  -1261.99870109
Edge derivatives =  [-2.3912702453626738e-05, -0.00027117716230834477, -8.705949810899893e-05, 0.0008763160368336631, -0.00220336030799248, 0.0001129835122226086, -0.0019639944953969944, 0.00022223284587388759, 0.0019434518456323824, -0.0028684902333722118, -0.0006919213427288295, -0.000694431704219789]
other derivatives: [ -4.61568561e-03   2.04636308e-04   9.09494702e-05   3.20596882e-03
   7.73070497e-04  -6.82121026e-05]
Current x array =  [ -0.71985249  -0.51715662  -0.84359411   1.7226779   -1.90454524
   1.18808662 -13.76049701  -1.03859426  -1.53487328  -0.86035732
  -3.75527381  -3.01581925  -3.43240762  -3.17603533  -3.74396084
  -3.01804659  -3.16610703  -3.51297716]
      fun: 1261.9987010864004
 hess_inv: <18x18 LbfgsInvHessProduct with dtype=float64>
      jac: array([  4.61568561e-03,  -2.04636308e-04,  -9.09494702e-05,
        -3.20596882e-03,  -7.73070497e-04,   6.82121026e-05,
         2.39127025e-05,   2.71177162e-04,   8.70594981e-05,
        -8.76316037e-04,   2.20336031e-03,  -1.12983512e-04,
         1.96399450e-03,  -2.22232846e-04,  -1.94345185e-03,
         2.86849023e-03,   6.91921343e-04,   6.94431704e-04])
  message: 'CONVERGENCE: REL_REDUCTION_OF_F_<=_FACTR*EPSMCH'
     nfev: 3
      nit: 1
   status: 0
  success: True
        x: array([ -0.71985249,  -0.51715662,  -0.84359411,   1.7226779 ,
        -1.90454524,   1.18808662, -13.76049701,  -1.03859426,
        -1.53487328,  -0.86035732,  -3.75527381,  -3.01581925,
        -3.43240762,  -3.17603533,  -3.74396084,  -3.01804659,
        -3.16610703,  -3.51297716])
Traceback (most recent call last):
  File "Run_rebuild.py", line 52, in <module>
    main(parser.parse_args())
  File "Run_rebuild.py", line 14, in main
    MG94_tau.site_reconstruction()
  File "/home3/jxiong7/IGCexpansion/IGCexpansion/CodonGeneconv.py", line 1828, in site_reconstruction
    np.savetxt(open('./test/Ancestral_reconstruction/parameters/' + 'tau_' + self.paralog[0] + '_' + self.paralog[1] + '_' +model +'.txt','w+'), b)
  File "/usr/local/lib/python2.7/dist-packages/numpy/lib/npyio.py", line 1175, in savetxt
    ncol = X.shape[1]
IndexError: tuple index out of range
