/home3/jxiong7/IGCexpansion/IGCexpansion/CodonGeneconv.py:276: FutureWarning: comparison to `None` will result in an elementwise object comparison in the future.
  if not x == None:
number of sites to be analyzed:  136
Successfully loaded parameter value from ./test/save/MG94_YBL087C_YER117W_nonclock_save.txt
log likelihood =  -1367.67936987
Edge derivatives =  [-0.004113216063374867, -0.0009582268210159561, 0.002202391022378701, 0.0005491798188618502, 0.00027224399307707037, 0.0028536762410117933, 0.0018483630211365357, 0.0015521646547902168, 0.005633208671042957, -0.00011704965710732096, 4.736224282279877e-05, 0.002524743854945888]
other derivatives: [-0.00970886  0.00090949  0.00040927  0.00031832 -0.00131877 -0.00095497]
Current x array =  [-0.71556535 -0.60174115 -0.98698991  2.13334424 -2.88184373  1.03349816
 -4.05056638 -1.53265025 -1.7842791  -1.82015457 -2.97155286 -3.02030877
 -3.55528441 -2.938129   -5.48332767 -2.81691013 -2.94771309 -3.68480042]
log likelihood =  -1367.70489612
Edge derivatives =  [0.0026746086013934196, 0.055187109254587585, 0.016131515546451522, 0.033901070454126436, -0.002347805786176438, -0.0025191107056179995, -0.0037865693041992353, -0.0027213654868177353, 0.00614042318206646, 0.02150745777937149, 0.01522972015890195, -0.003983605360826162]
other derivatives: [ 5.18298293 -0.47646154 -0.18567334 -0.14770194  0.08783445 -0.01682565]
Current x array =  [-0.7252742  -0.60083165 -0.98658064  2.13366257 -2.8831625   1.03254319
 -4.0546796  -1.53360848 -1.78207671 -1.81960539 -2.97128061 -3.01745509
 -3.55343605 -2.93657683 -5.47769446 -2.81702718 -2.94766572 -3.68227567]
log likelihood =  -1367.67936958
Edge derivatives =  [-0.004091502988654464, -0.000774481736826399, 0.002244801691290939, 0.0006556847038777236, 0.00026177019480388974, 0.0028336530372117807, 0.0018283373072757354, 0.001535893352031803, 0.005634573473215837, -4.683672720202925e-05, 9.567606698070164e-05, 0.0025020087121188778]
other derivatives: [ 0.00788987 -0.00065938 -0.00020464 -0.00015916 -0.00100044 -0.00100044]
Current x array =  [-0.71559775 -0.60173811 -0.98698855  2.13334531 -2.88184813  1.03349497
 -4.05058011 -1.53265345 -1.78427175 -1.82015273 -2.97155195 -3.02029924
 -3.55527824 -2.93812382 -5.48330887 -2.81691052 -2.94771293 -3.68479199]
      fun: 1367.6793695828135
 hess_inv: <18x18 LbfgsInvHessProduct with dtype=float64>
      jac: array([ -7.88986654e-03,   6.59383659e-04,   2.04636308e-04,
         1.59161573e-04,   1.00044417e-03,   1.00044417e-03,
         4.09150299e-03,   7.74481737e-04,  -2.24480169e-03,
        -6.55684704e-04,  -2.61770195e-04,  -2.83365304e-03,
        -1.82833731e-03,  -1.53589335e-03,  -5.63457347e-03,
         4.68367272e-05,  -9.56760670e-05,  -2.50200871e-03])
  message: 'CONVERGENCE: REL_REDUCTION_OF_F_<=_FACTR*EPSMCH'
     nfev: 3
      nit: 1
   status: 0
  success: True
        x: array([-0.71559775, -0.60173811, -0.98698855,  2.13334531, -2.88184813,
        1.03349497, -4.05058011, -1.53265345, -1.78427175, -1.82015273,
       -2.97155195, -3.02029924, -3.55527824, -2.93812382, -5.48330887,
       -2.81691052, -2.94771293, -3.68479199])
number of sites to be analyzed:  136
Successfully loaded parameter value from ./test/save/MG94_Force_YBL087C_YER117W_nonclock_save.txt
log likelihood =  -1415.29048815
Edge derivatives =  [-0.0007379401197321993, -0.003720732047146791, -0.00618759716239238, -0.0028780808470589836, 0.005776157686732852, -0.000303827195483497, 0.0017961870716914907, 0.0016312706833128132, 0.002307851480548675, -0.004107073699666203, 2.1044987843318874e-05, 0.0028101158336925475]
other derivatives: [ 0.00993623 -0.00093223 -0.00047748  0.00220552 -0.00084128  0.        ]
Current x array =  [-0.72295606 -0.59444315 -1.01333237  2.11662026 -2.99195316  0.33647224
 -5.49727551 -1.39307903 -2.03440062 -1.7527715  -2.74712362 -2.95324921
 -3.48660911 -2.51354852 -5.03037973 -2.27148409 -2.76968007 -2.96964631]
log likelihood =  -1415.31979259
Edge derivatives =  [-0.00036809425340538025, 0.04866629990951324, 0.08857894806529348, 0.07322315984111949, -0.0659989204171447, -0.036591546357042204, -0.019744618321186444, -0.04442682937966208, -0.0039243657237784495, 0.05601317421722174, -0.016565000221164056, -0.043375493231418386]
other derivatives: [-5.73948     0.60697403  0.20856987  0.13226327 -0.04431513  0.        ]
Current x array =  [-0.71301983 -0.59537538 -1.01380985  2.11882579 -2.99279445  0.33647224
 -5.49801345 -1.39679977 -2.04058822 -1.75564958 -2.74134746 -2.95355304
 -3.48481293 -2.51191725 -5.02807188 -2.27559116 -2.76965902 -2.9668362 ]
log likelihood =  -1415.29048768
Edge derivatives =  [-0.0007368076806279784, -0.0035173672249532717, -0.005814092793540726, -0.0025823156730042096, 0.005486057907273724, -0.0004528030154919982, 0.0017078519285743388, 0.0014420197804846935, 0.0022824344005805096, -0.003871660756907064, -4.922874554592893e-05, 0.0026218147900082256]
other derivatives: [-0.01273293  0.00150067  0.0003638   0.00275122 -0.00102318  0.        ]
Current x array =  [-0.7229162  -0.59444689 -1.01333428  2.11662911 -2.99195654  0.33647224
 -5.49727847 -1.39309396 -2.03442545 -1.75278305 -2.74710045 -2.95325043
 -3.48660191 -2.51354198 -5.03037047 -2.27150056 -2.76967998 -2.96963504]
      fun: 1415.2904876756943
 hess_inv: <18x18 LbfgsInvHessProduct with dtype=float64>
      jac: array([  1.27329258e-02,  -1.50066626e-03,  -3.63797881e-04,
        -2.75122147e-03,   1.02318154e-03,  -0.00000000e+00,
         7.36807681e-04,   3.51736722e-03,   5.81409279e-03,
         2.58231567e-03,  -5.48605791e-03,   4.52803015e-04,
        -1.70785193e-03,  -1.44201978e-03,  -2.28243440e-03,
         3.87166076e-03,   4.92287455e-05,  -2.62181479e-03])
  message: 'CONVERGENCE: REL_REDUCTION_OF_F_<=_FACTR*EPSMCH'
     nfev: 3
      nit: 1
   status: 0
  success: True
        x: array([-0.7229162 , -0.59444689, -1.01333428,  2.11662911, -2.99195654,
        0.33647224, -5.49727847, -1.39309396, -2.03442545, -1.75278305,
       -2.74710045, -2.95325043, -3.48660191, -2.51354198, -5.03037047,
       -2.27150056, -2.76967998, -2.96963504])
