/home3/jxiong7/IGCexpansion/IGCexpansion/CodonGeneconv.py:277: FutureWarning: comparison to `None` will result in an elementwise object comparison in the future.
  if not x == None:
number of sites to be analyzed:  198
Successfully loaded parameter value from ./test/save/MG94_YER102W_YBL072C_nonclock_save.txt
log likelihood =  -2058.95626609
Edge derivatives =  [-5.3595202163025935e-05, 0.005390493620853226, -0.004276533295134097, -0.0017875757578897644, -0.0023097032868392847, 0.00021278143311974362, -0.00543430709550289, 0.0020802663421423395, 0.0015693586282073818, -0.006382314719891029, 0.00672100419568309, -0.000973002951462569]
other derivatives: [ 0.00986802 -0.00104592 -0.00031832  0.00113687 -0.00031832  0.00386535]
Current x array =  [-0.69725203 -0.52987204 -0.85419841  1.96381749 -1.66421183  1.58244902
 -2.96046641 -1.69924484 -2.40455501 -1.61096162 -3.64460287 -2.64044596
 -4.05032212 -2.4807212  -3.49077829 -3.50701564 -4.54150551 -3.59061191]
log likelihood =  -2058.99805233
Edge derivatives =  [-0.02065936805311132, -0.17600782520869454, -0.015534019149489403, -0.0510487223735315, -0.023678701861744526, -0.06512553001141802, -0.013336707349683351, -0.17451587000860586, -0.026782641728272293, 0.014870922190574114, -0.022379737237059546, -0.021956924045228747]
other derivatives: [-8.20896275  0.88575689  0.26466296  0.06539267 -0.09094947 -0.26966518]
Current x array =  [-0.68738401 -0.53091796 -0.85451673  1.96495436 -1.66453015  1.58631437
 -2.96052001 -1.69385435 -2.40883155 -1.6127492  -3.64691257 -2.64023318
 -4.05575643 -2.47864094 -3.48920893 -3.51339796 -4.5347845  -3.59158491]
log likelihood =  -2058.95626558
Edge derivatives =  [-0.00012977243089626334, 0.004750596514608185, -0.004319266853405029, -0.001966788903391775, -0.0023860467629397003, -1.977519639750902e-05, -0.005462946719539022, 0.0014588093558855486, 0.00146808003119029, -0.006309044828022997, 0.006618443424362821, -0.0010483645917959972]
other derivatives: [-0.01859917  0.00200089  0.00059117  0.00136424 -0.0007276   0.00286491]
Current x array =  [-0.69721739 -0.52987571 -0.85419953  1.96382148 -1.66421294  1.58246258
 -2.9604666  -1.69922592 -2.40457002 -1.6109679  -3.64461098 -2.64044521
 -4.0503412  -2.4807139  -3.49077278 -3.50703804 -4.54148192 -3.59061532]
      fun: 2058.9562655761583
 hess_inv: <18x18 LbfgsInvHessProduct with dtype=float64>
      jac: array([  1.85991667e-02,  -2.00088834e-03,  -5.91171556e-04,
        -1.36424205e-03,   7.27595761e-04,  -2.86490831e-03,
         1.29772431e-04,  -4.75059651e-03,   4.31926685e-03,
         1.96678890e-03,   2.38604676e-03,   1.97751964e-05,
         5.46294672e-03,  -1.45880936e-03,  -1.46808003e-03,
         6.30904483e-03,  -6.61844342e-03,   1.04836459e-03])
  message: 'CONVERGENCE: REL_REDUCTION_OF_F_<=_FACTR*EPSMCH'
     nfev: 3
      nit: 1
   status: 0
  success: True
        x: array([-0.69721739, -0.52987571, -0.85419953,  1.96382148, -1.66421294,
        1.58246258, -2.9604666 , -1.69922592, -2.40457002, -1.6109679 ,
       -3.64461098, -2.64044521, -4.0503412 , -2.4807139 , -3.49077278,
       -3.50703804, -4.54148192, -3.59061532])
Traceback (most recent call last):
  File "Run_rebuild.py", line 52, in <module>
    main(parser.parse_args())
  File "Run_rebuild.py", line 14, in main
    MG94_tau.site_reconstruction()
  File "/home3/jxiong7/IGCexpansion/IGCexpansion/CodonGeneconv.py", line 1828, in site_reconstruction
    np.savetxt(open('./test/Ancestral_reconstruction/parameters/' + 'tau_' + self.paralog[0] + '_' + self.paralog[1] + '_' +model +'.txt','w+'), b)
  File "/usr/local/lib/python2.7/dist-packages/numpy/lib/npyio.py", line 1175, in savetxt
    ncol = X.shape[1]
IndexError: tuple index out of range
