/home3/jxiong7/IGCexpansion/IGCexpansion/CodonGeneconv.py:277: FutureWarning: comparison to `None` will result in an elementwise object comparison in the future.
  if not x == None:
number of sites to be analyzed:  303
Successfully loaded parameter value from ./test/save/MG94_PR_GR_nonclock_save.txt
log likelihood =  -9941.87917713
Edge derivatives =  [0.01696493412246064, -0.015140550422354182, 0.011060849766969416, -0.01578634585098053, 0.009305441149877636, -0.0014293158784639548, -0.010938319094393856, 0.015835211577116648, -0.0064126647334413756, -0.011735212688560481, -0.011971897554395552, -0.0215137010158101, -0.02348692518351394, 0.0009149019641299383, 0.009913479921777713, 0.002390204081461289, 0.0013912909307194077, 0.008600406551870068, 0.005466844254629372, 0.010899355834662505]
other derivatives: [ 0.11150405  0.00727596  0.00891305  0.04583853 -0.0165528   0.0007276 ]
Current x array =  [-0.66383726 -0.75714077 -0.60176647  0.54438337 -2.76246789 -1.72785151
  0.62722203  2.30046042  0.22550027 -0.37750912 -0.17106017 -0.14752103
 -0.33310788 -1.08216073 -0.97009777 -0.67170585 -2.33545762 -3.55047261
 -4.30649226 -2.76848344 -2.02950248 -1.16094718 -2.93195601 -3.30932714
 -2.60611779 -2.44742958]
log likelihood =  -9967.41225396
Edge derivatives =  [-0.9714707269536275, 2.7193146439560287, -1.3104157080284833, -0.23898825530345905, -2.4595292434423475, -1.4992699210369316, -0.23284423445022395, -0.5707413914968629, -1.2196876504685101, 0.5978247667060297, -0.12367285265764678, 0.1089109010207418, -0.12518743973175256, -0.49529370396768096, -1.6513122279682388, -1.8606747853612793, -0.5622578862961255, -0.5173938645296107, -0.9857500827600095, -1.0234933031162243]
other derivatives: [-479.80174713  -14.82421794  -11.16113708   -9.93641152    1.92831067
    0.87075023]
Current x array =  [-0.55233321 -0.74986482 -0.59285342  0.59022191 -2.77902069 -1.72712391
  0.64418697  2.28531987  0.23656112 -0.39329546 -0.16175472 -0.14895035
 -0.3440462  -1.06632552 -0.97651043 -0.68344106 -2.34742952 -3.57198631
 -4.32997919 -2.76756854 -2.019589   -1.15855698 -2.93056472 -3.30072673
 -2.60065094 -2.43653023]
log likelihood =  -9941.87917401
Edge derivatives =  [0.016602638869930908, -0.014024524744852718, 0.010681431595062671, -0.015814047624688347, 0.008376623538947192, -0.0019619202837939387, -0.011089769047251286, 0.01559556193142754, -0.006996898936674767, -0.011614388916844687, -0.012052280201593643, -0.02148612395384176, -0.023538684207104754, 0.0007042893612226944, 0.0092511460130148, 0.0015828998784224169, 0.001160046978920054, 0.008392207701036672, 0.005069659426599107, 0.010480602817873441]
other derivatives: [-0.05584297 -0.01164153 -0.02382876  0.03255991 -0.03219611  0.00090949]
Current x array =  [-0.66379524 -0.75713803 -0.60176311  0.54440065 -2.76247413 -1.72785123
  0.62722843  2.30045471  0.22550443 -0.37751507 -0.17105666 -0.14752157
 -0.333112   -1.08215476 -0.97010018 -0.67171027 -2.33546214 -3.55048072
 -4.30650111 -2.76848309 -2.02949874 -1.16094628 -2.93195549 -3.3093239
 -2.60611573 -2.44742547]
      fun: 9941.879174005118
 hess_inv: <26x26 LbfgsInvHessProduct with dtype=float64>
      jac: array([ 0.05584297,  0.01164153,  0.02382876, -0.03255991,  0.03219611,
       -0.00090949, -0.01660264,  0.01402452, -0.01068143,  0.01581405,
       -0.00837662,  0.00196192,  0.01108977, -0.01559556,  0.0069969 ,
        0.01161439,  0.01205228,  0.02148612,  0.02353868, -0.00070429,
       -0.00925115, -0.0015829 , -0.00116005, -0.00839221, -0.00506966,
       -0.0104806 ])
  message: 'CONVERGENCE: REL_REDUCTION_OF_F_<=_FACTR*EPSMCH'
     nfev: 3
      nit: 1
   status: 0
  success: True
        x: array([-0.66379524, -0.75713803, -0.60176311,  0.54440065, -2.76247413,
       -1.72785123,  0.62722843,  2.30045471,  0.22550443, -0.37751507,
       -0.17105666, -0.14752157, -0.333112  , -1.08215476, -0.97010018,
       -0.67171027, -2.33546214, -3.55048072, -4.30650111, -2.76848309,
       -2.02949874, -1.16094628, -2.93195549, -3.3093239 , -2.60611573,
       -2.44742547])
number of sites to be analyzed:  303
Successfully loaded parameter value from ./test/save/MG94_Force_PR_GR_nonclock_save.txt
log likelihood =  -9964.4214724
Edge derivatives =  [0.01703170041742008, 0.006358043913907152, -0.02347945704946494, 0.0135591260352943, -0.0024773081264721775, 0.008913913986814404, -0.004484438302789884, 0.011530631146159542, 0.010838963868242235, -0.004190886495511803, 0.02695412976467125, -0.05921251346176696, 0.015610684314809616, 0.014867617320136611, -0.0022032133720892855, 0.0025785707534960456, 0.025862365510875562, 0.013934009154650213, -0.0009291709361914785, 0.0035297948857716532]
other derivatives: [ 0.05857146  0.09058567 -0.02110028  0.04038156  0.03965397  0.        ]
Current x array =  [-0.66421705 -0.759136   -0.60006406  0.53166876 -2.80015287  0.33647224
  0.5142155   2.34803882  0.27394632 -0.30804328 -0.09013017 -0.05906248
 -0.25666227 -1.03199739 -0.90941105 -0.59213388 -2.27532719 -3.46090223
 -4.25693523 -2.70977735 -1.97532319 -1.10934388 -2.86496866 -3.26562002
 -2.53939293 -2.39934544]
log likelihood =  -9982.32286139
Edge derivatives =  [-5.805641882594169, -7.441477909183877, -3.649213686306355, -3.023717058658088, -6.119301382248094, -6.576387645279778, -3.346920382694111, -2.089351979805104, -4.487189690525357, -1.844068975250026, -1.405950756788705, -0.028754224029288542, -0.2080049205874932, -0.8002345999270659, -0.8879272373791098, -2.244136969719305, -1.299226759275446, -0.5234358840935741, -1.051113227846833, -0.9688120381957094]
other derivatives: [-255.58747438 -214.57362891   65.25824574   -2.2308086   -30.46243364
    0.        ]
Current x array =  [-0.6056456  -0.66855033 -0.62116434  0.57205033 -2.7604989   0.33647224
  0.5312472   2.35439686  0.25046686 -0.29448415 -0.09260748 -0.05014856
 -0.26114671 -1.02046676 -0.89857209 -0.59632477 -2.24837306 -3.52011475
 -4.24132455 -2.69490973 -1.9775264  -1.10676531 -2.83910629 -3.25168601
 -2.5403221  -2.39581564]
log likelihood =  -9964.42146412
Edge derivatives =  [0.013571269673945452, 0.0018303638021487378, -0.025518886550639074, 0.011792530742606444, -0.006140150611662398, 0.0050196832181843565, -0.006274726899524491, 0.01036028695929185, 0.008150427847279929, -0.005047437018627088, 0.026099609176978497, -0.059173690697729084, 0.015474687172224957, 0.014385571103004181, -0.0026958730124090335, 0.0013308843446426244, 0.025049783636357903, 0.013619828549847016, -0.0015408771440137553, 0.0029773526208671797]
other derivatives: [-0.06220944 -0.01018634  0.04674803  0.06584742  0.03019522  0.        ]
Current x array =  [-0.66417888 -0.75907696 -0.60007781  0.53169508 -2.80012702  0.33647224
  0.5142266   2.34804296  0.27393102 -0.30803444 -0.09013178 -0.05905667
 -0.2566652  -1.03198987 -0.90940399 -0.59213661 -2.27530963 -3.46094083
 -4.25692506 -2.70976766 -1.97532462 -1.1093422  -2.8649518  -3.26561094
 -2.53939354 -2.39934314]
      fun: 9964.421464120136
 hess_inv: <26x26 LbfgsInvHessProduct with dtype=float64>
      jac: array([ 0.06220944,  0.01018634, -0.04674803, -0.06584742, -0.03019522,
       -0.        , -0.01357127, -0.00183036,  0.02551889, -0.01179253,
        0.00614015, -0.00501968,  0.00627473, -0.01036029, -0.00815043,
        0.00504744, -0.02609961,  0.05917369, -0.01547469, -0.01438557,
        0.00269587, -0.00133088, -0.02504978, -0.01361983,  0.00154088,
       -0.00297735])
  message: 'CONVERGENCE: REL_REDUCTION_OF_F_<=_FACTR*EPSMCH'
     nfev: 3
      nit: 1
   status: 0
  success: True
        x: array([-0.66417888, -0.75907696, -0.60007781,  0.53169508, -2.80012702,
        0.33647224,  0.5142266 ,  2.34804296,  0.27393102, -0.30803444,
       -0.09013178, -0.05905667, -0.2566652 , -1.03198987, -0.90940399,
       -0.59213661, -2.27530963, -3.46094083, -4.25692506, -2.70976766,
       -1.97532462, -1.1093422 , -2.8649518 , -3.26561094, -2.53939354,
       -2.39934314])
