/home3/jxiong7/IGCexpansion/IGCexpansion/CodonGeneconv.py:277: FutureWarning: comparison to `None` will result in an elementwise object comparison in the future.
  if not x == None:
number of sites to be analyzed:  197
Successfully loaded parameter value from ./test/save/MG94_YMR142C_YDL082W_nonclock_save.txt
log likelihood =  -2054.05074346
Edge derivatives =  [-0.0008122142579079783, -0.0015315243710649074, 0.0027513945821033142, -0.0026277954004900184, 0.0002453196861976507, -0.0017851046094409517, -0.00023948774383469873, -0.0003563132189445817, 0.0036658240977903295, 0.0005860116546451688, 8.300423805202017e-05, 0.003012939271657508]
other derivatives: [ 0.00941327 -0.00190994 -0.00027285 -0.00550244 -0.00309228  0.00081855]
Current x array =  [-0.67261523 -0.47521398 -0.80772491  1.98772284 -1.49568436  1.74141129
 -2.68899289 -1.92261162 -2.43250667 -1.73378226 -6.32553279 -3.10260824
 -3.95779734 -2.55177284 -3.62804534 -2.8437874  -3.34964612 -4.24681385]
log likelihood =  -2054.09142134
Edge derivatives =  [-0.02628692289098522, -0.012299889636122996, -0.06916418322050516, -0.00742417611079671, -0.0019469745835960922, -0.0018263534728931163, -0.021575669495082474, -0.04683440753560106, -0.06016720251391207, -0.04617304781134726, -0.042132112606179786, -0.022880928934333855]
other derivatives: [-8.20309651  1.59730007  0.16593731  0.19090294  0.0136879  -0.08412826]
Current x array =  [-0.66320196 -0.47712392 -0.80799775  1.9822204  -1.49877664  1.74222983
 -2.6898051  -1.92414315 -2.42975527 -1.73641005 -6.32528747 -3.10439334
 -3.95803683 -2.55212915 -3.62437951 -2.84320139 -3.34956311 -4.24380091]
log likelihood =  -2054.05074327
Edge derivatives =  [-0.0008703372765150874, -0.0015577939169539312, 0.0025937517897659385, -0.0026421160966447754, 0.00024050047217210463, -0.0017871103075275119, -0.00028645590090832507, -0.0004595033920612168, 0.0035267222475336424, 0.0004823029179619742, -9.815100532328813e-06, 0.0029560765334527977]
other derivatives: [-0.00813998  0.00159162  0.00013642 -0.00500222 -0.00295586  0.00059117]
Current x array =  [-0.6725948  -0.47521813 -0.8077255   1.98771089 -1.49569108  1.74141307
 -2.68899465 -1.92261495 -2.43250069 -1.73378797 -6.32553226 -3.10261211
 -3.95779786 -2.55177362 -3.62803738 -2.84378613 -3.34964594 -4.24680731]
      fun: 2054.050743266666
 hess_inv: <18x18 LbfgsInvHessProduct with dtype=float64>
      jac: array([  8.13997758e-03,  -1.59161573e-03,  -1.36424205e-04,
         5.00222086e-03,   2.95585778e-03,  -5.91171556e-04,
         8.70337277e-04,   1.55779392e-03,  -2.59375179e-03,
         2.64211610e-03,  -2.40500472e-04,   1.78711031e-03,
         2.86455901e-04,   4.59503392e-04,  -3.52672225e-03,
        -4.82302918e-04,   9.81510053e-06,  -2.95607653e-03])
  message: 'CONVERGENCE: REL_REDUCTION_OF_F_<=_FACTR*EPSMCH'
     nfev: 3
      nit: 1
   status: 0
  success: True
        x: array([-0.6725948 , -0.47521813, -0.8077255 ,  1.98771089, -1.49569108,
        1.74141307, -2.68899465, -1.92261495, -2.43250069, -1.73378797,
       -6.32553226, -3.10261211, -3.95779786, -2.55177362, -3.62803738,
       -2.84378613, -3.34964594, -4.24680731])
number of sites to be analyzed:  197
Successfully loaded parameter value from ./test/save/MG94_Force_YMR142C_YDL082W_nonclock_save.txt
log likelihood =  -2197.02712188
Edge derivatives =  [-0.00010688214229789242, -0.0022220162384456454, -0.0005815476819989174, -0.005543619256035859, -0.008104866945599108, -0.0009266474560820914, -0.009985122905070962, -0.0004325200012842423, 0.006068863929857421, 0.004303989080886972, 0.0027724653185756676, -0.008340165284727918]
other derivatives: [ 0.02228262 -0.01095941 -0.00095497 -0.00045475 -0.00104592  0.        ]
Current x array =  [ -0.70842389  -0.46488676  -0.82441953   1.82319178  -1.88038791
   0.33647224 -14.66435888  -1.44283602  -2.29126795  -1.64094245
  -4.4373763   -2.9501984   -3.57178596  -2.21043725  -3.17132575
  -2.24939948  -2.7280437   -3.77726479]
log likelihood =  -2197.30916349
Edge derivatives =  [-0.00010781624915022332, -0.11336181861100414, -0.03006281880117878, -0.03524869859495261, -0.021065170187901532, -0.058711467407302265, 0.002856668805891402, -0.11710769808120619, -0.10448454644751784, -0.3132304296278558, -0.16990274085245088, 0.028757839172552827]
other derivatives: [-20.87772373   9.23055268   1.04428182   0.25524969  -0.16189006   0.        ]
Current x array =  [ -0.68614127  -0.47584617  -0.8253745    1.82273703  -1.88143383
   0.33647224 -14.66446576  -1.44505804  -2.29184949  -1.64648607
  -4.44548117  -2.95112505  -3.58177108  -2.21086977  -3.16525688
  -2.24509549  -2.72527123  -3.78560496]
log likelihood =  -2197.02712107
Edge derivatives =  [-0.00010688382127736362, -0.0024286797605138077, -0.0006490863439796435, -0.005623714225684084, -0.00812829026824198, -0.0010343833412797265, -0.00996882261351141, -0.00064734561835883, 0.005875653091392874, 0.0037498624416541504, 0.00246914958024097, -0.008280766547055299]
other derivatives: [-0.01209628  0.0050477   0.00077307  0.         -0.00127329  0.        ]
Current x array =  [ -0.70838605  -0.46490537  -0.82442115   1.82319101  -1.88038969
   0.33647224 -14.66435906  -1.4428398   -2.29126893  -1.64095186
  -4.43739007  -2.95019997  -3.57180292  -2.21043799  -3.17131544
  -2.24939217  -2.72803899  -3.77727895]
      fun: 2197.027121068369
 hess_inv: <18x18 LbfgsInvHessProduct with dtype=float64>
      jac: array([ 0.01209628, -0.0050477 , -0.00077307, -0.        ,  0.00127329,
       -0.        ,  0.00010688,  0.00242868,  0.00064909,  0.00562371,
        0.00812829,  0.00103438,  0.00996882,  0.00064735, -0.00587565,
       -0.00374986, -0.00246915,  0.00828077])
  message: 'CONVERGENCE: REL_REDUCTION_OF_F_<=_FACTR*EPSMCH'
     nfev: 3
      nit: 1
   status: 0
  success: True
        x: array([ -0.70838605,  -0.46490537,  -0.82442115,   1.82319101,
        -1.88038969,   0.33647224, -14.66435906,  -1.4428398 ,
        -2.29126893,  -1.64095186,  -4.43739007,  -2.95019997,
        -3.57180292,  -2.21043799,  -3.17131544,  -2.24939217,
        -2.72803899,  -3.77727895])
