/home3/jxiong7/IGCexpansion/IGCexpansion/CodonGeneconv.py:275: FutureWarning: comparison to `None` will result in an elementwise object comparison in the future.
  if not x == None:
number of sites to be analyzed:  156
Successfully loaded parameter value from ./test/save/MG94_EDN_ECP_nonclock_save.txt
log likelihood =  -2187.29393101
Edge derivatives =  [0.006572064204570016, 0.007345208607931586, -0.0021664564014849397, 0.0016494349782907036, 0.0005246356207420436, 0.0010551022995257814, 0.002642127360957605, -0.00017815632057213704, -0.001495698575314952, -0.003770991245816629, 0.0010551022995238246, -6.86091715604843e-16, -0.002384076586923016, -7.094255583162525e-05, -0.005284691615863084, 0.0016718383309257644, -8.85256220900713e-05, 0.0025225734424342283, 0.007162546549318818, 0.0019574358554171334, 0.0014921669767120095, -0.0027971999309366405, -0.004036686421099164, 0.001008108422948073]
other derivatives: [ 0.01418812  0.01773515 -0.01264198  0.00591172  0.00218279  0.00286491]
Current x array =  [ -0.68313459  -0.54284795  -0.71864492   0.81404816  -0.14081818
  -1.04090432  -1.06106634  -1.78805762  -1.89155549  -3.04161672
  -4.29030181  -3.72237356  -3.23961435  -2.38787017  -3.32867645
  -4.79423161  -3.72237356  -2.30258509  -4.05219457 -15.14876983
  -3.79960202  -4.72575291 -15.01196544  -4.85176627  -4.23662856
  -4.75023857  -4.79040456  -4.48039044  -5.07137391  -3.22869307]
log likelihood =  -2187.47743895
Edge derivatives =  [-0.37744983550835953, -0.30358641718193374, -0.05789981105402475, -0.04133348813593901, -0.017167195506434092, -0.013929583796628037, -0.05593261365158164, -0.06392037650236979, 0.005288415454878903, -0.0018792798068565687, -0.013929583796628897, 1.9135167927348295e-15, -0.0011534332979159234, -7.175189126951037e-05, 0.018872927297824672, -0.011529168943900915, -8.95271376973388e-05, -0.02687340273147552, -0.03956633570144271, -0.010521818895465315, -0.009637009330877282, -0.00022652518418505782, 0.016134436411858414, -0.059461944594777716]
other derivatives: [ -1.06074822e+01  -9.04187800e+00   4.24975042e+00  -7.91260391e-03
  -2.97177394e-01  -7.60792318e-02]
Current x array =  [ -0.66894647  -0.5251128   -0.73128689   0.81995988  -0.13863539
  -1.03803941  -1.05449427  -1.78071241  -1.89372195  -3.03996729
  -4.28977718  -3.72131846  -3.23697222  -2.38804833  -3.33017215
  -4.7980026   -3.72131846  -2.30258509  -4.05457865 -15.14884077
  -3.80488671  -4.72408107 -15.01205396  -4.8492437   -4.22946601
  -4.74828113  -4.78891239  -4.48318764  -5.0754106   -3.22768496]
log likelihood =  -2187.29392969
Edge derivatives =  [0.005571299863045408, 0.006538526359151198, -0.002292123313207828, 0.0015420774230246181, 0.0004798257601461228, 0.001018297054113368, 0.002491662578944398, -0.0003342528236587594, -0.0014729685221302191, -0.0037643871943397987, 0.001018297054112785, 3.180489830182454e-15, -0.0023780266966074368, -7.094470590722494e-05, -0.005216130289776105, 0.0016377950650167047, -8.852827995992906e-05, 0.00244597777451978, 0.007040379722265469, 0.0019254818552927981, 0.0014638028215599834, -0.002788515328462658, -0.003982417629819136, 0.0008534649741769318]
other derivatives: [-0.01359695 -0.00559339 -0.00100044  0.00591172  0.00140972  0.00268301]
Current x array =  [ -0.68309662  -0.54280049  -0.71867875   0.81406398  -0.14081234
  -1.04089665  -1.06104875  -1.78803796  -1.89156129  -3.04161231
  -4.29030041  -3.72237073  -3.23960728  -2.38787065  -3.32868045
  -4.7942417   -3.72237073  -2.30258509  -4.05220095 -15.14877002
  -3.79961616  -4.72574843 -15.01196567  -4.85175952  -4.23660939
  -4.75023333  -4.79040056  -4.48039792  -5.07138471  -3.22869037]
      fun: 2187.2939296861764
 hess_inv: <30x30 LbfgsInvHessProduct with dtype=float64>
      jac: array([  1.35969458e-02,   5.59339242e-03,   1.00044417e-03,
        -5.91171556e-03,  -1.40971679e-03,  -2.68300937e-03,
        -5.57129986e-03,  -6.53852636e-03,   2.29212331e-03,
        -1.54207742e-03,  -4.79825760e-04,  -1.01829705e-03,
        -2.49166258e-03,   3.34252824e-04,   1.47296852e-03,
         3.76438719e-03,  -1.01829705e-03,  -3.18048983e-15,
         2.37802670e-03,   7.09447059e-05,   5.21613029e-03,
        -1.63779507e-03,   8.85282800e-05,  -2.44597777e-03,
        -7.04037972e-03,  -1.92548186e-03,  -1.46380282e-03,
         2.78851533e-03,   3.98241763e-03,  -8.53464974e-04])
  message: 'CONVERGENCE: REL_REDUCTION_OF_F_<=_FACTR*EPSMCH'
     nfev: 3
      nit: 1
   status: 0
  success: True
        x: array([ -0.68309662,  -0.54280049,  -0.71867875,   0.81406398,
        -0.14081234,  -1.04089665,  -1.06104875,  -1.78803796,
        -1.89156129,  -3.04161231,  -4.29030041,  -3.72237073,
        -3.23960728,  -2.38787065,  -3.32868045,  -4.7942417 ,
        -3.72237073,  -2.30258509,  -4.05220095, -15.14877002,
        -3.79961616,  -4.72574843, -15.01196567,  -4.85175952,
        -4.23660939,  -4.75023333,  -4.79040056,  -4.48039792,
        -5.07138471,  -3.22869037])
number of sites to be analyzed:  156
Successfully loaded parameter value from ./test/save/MG94_Force_EDN_ECP_nonclock_save.txt
log likelihood =  -2200.63647253
Edge derivatives =  [0.00643516158918081, 0.0023725817591847, -0.007548254645073582, -0.0035403136806513857, 0.001786790064838381, 0.005820459277165395, 0.0021057808258429095, 0.006410567316570165, 0.002839325900708789, 0.0010677237078504619, 0.005820459277166144, 1.7992203770868487e-15, 0.001146825091044093, -4.126733369763472e-05, 0.0008152073500503412, 0.0005358195197923826, -3.309319104034555e-05, -0.0021803032620150258, -0.005507991701393274, -0.000323154502454695, 0.00010569257675156415, -0.0036063274279737184, 0.0007113553967432358, -0.003354377052507518]
other derivatives: [ 0.04597496  0.00209184  0.009004   -0.00168257 -0.0084583   0.        ]
Current x array =  [ -0.67648176  -0.54120868  -0.7194116    0.82700215  -0.0913412
   0.33647224  -1.007545    -2.02644065  -1.85407961  -2.85570246
  -3.92864188  -3.62703917  -3.04613498  -2.33369377  -3.22031418
  -4.60100063  -3.62703917  -2.30258509  -3.9500863  -15.49909362
  -3.65655461  -4.64759019 -15.88391173  -4.81504373  -4.13036352
  -4.64392372  -4.64885578  -4.35032095  -4.84549435  -3.13121947]
log likelihood =  -2201.52439048
Edge derivatives =  [-0.3311300379179747, -0.07083123084281079, 0.15352437818390086, 0.052656638194015615, -0.03776190941031364, -0.03721654993288683, -0.09625059546006634, -0.16976468888811044, -0.0413987921326438, -0.007369479713238633, -0.03721654993288781, -2.663998972479256e-15, -0.01428286985112237, -4.1327491479523724e-05, -0.015878022992597385, -0.004979693512778438, -3.316385503606964e-05, -0.006394372123933744, 0.014866974162645728, -0.0034400185543643977, -0.005269176119742425, 0.00590589206101055, 0.0021822943326660245, 0.01791366034021169]
other derivatives: [-38.8729859   -0.14879333  -3.33761818   0.44574335  -0.1114131    0.        ]
Current x array =  [ -0.6305068   -0.53911684  -0.7104076    0.82531959  -0.0997995
   0.33647224  -1.00110984  -2.02406807  -1.86162786  -2.85924277
  -3.92685509  -3.62121871  -3.04402919  -2.3272832   -3.21747486
  -4.59993291  -3.62121871  -2.30258509  -3.94893947 -15.49913489
  -3.6557394   -4.64705437 -15.88394482  -4.81722403  -4.13587151
  -4.64424687  -4.64875009  -4.35392728  -4.84478299  -3.13457384]
log likelihood =  -2200.63647057
Edge derivatives =  [0.005917341203277499, 0.002252260247151805, -0.007324006650936354, -0.0034643691555126255, 0.0017258979429056256, 0.005754103462399102, 0.0019513419800881449, 0.006143488021226912, 0.002769571869542381, 0.0010542326369352775, 0.0057541034623996914, 0.0, 0.0011219789489848656, -4.1267439005626146e-05, 0.0007877624947541031, 0.0005266499340677751, -3.309330831496614e-05, -0.0021873485934722665, -0.005479294678485923, -0.00032875789099460345, 9.676374334624191e-05, -0.003593525877336832, 0.0007126882424271681, -0.003327191554632458]
other derivatives: [-0.00768523  0.00190994  0.00400178 -0.00109139 -0.0086402   0.        ]
Current x array =  [ -0.67641346  -0.54120557  -0.71939822   0.82699965  -0.09135377
   0.33647224  -1.00753544  -2.02643713  -1.85409082  -2.85570772
  -3.92863922  -3.62703052  -3.04613185  -2.33368425  -3.22030996
  -4.60099905  -3.62703052  -2.30258509  -3.9500846  -15.49909368
  -3.6565534   -4.64758939 -15.88391178  -4.81504697  -4.1303717
  -4.6439242   -4.64885562  -4.35032631  -4.84549329  -3.13122445]
      fun: 2200.6364705736887
 hess_inv: <30x30 LbfgsInvHessProduct with dtype=float64>
      jac: array([  7.68523023e-03,  -1.90993887e-03,  -4.00177669e-03,
         1.09139364e-03,   8.64019967e-03,  -0.00000000e+00,
        -5.91734120e-03,  -2.25226025e-03,   7.32400665e-03,
         3.46436916e-03,  -1.72589794e-03,  -5.75410346e-03,
        -1.95134198e-03,  -6.14348802e-03,  -2.76957187e-03,
        -1.05423264e-03,  -5.75410346e-03,  -0.00000000e+00,
        -1.12197895e-03,   4.12674390e-05,  -7.87762495e-04,
        -5.26649934e-04,   3.30933083e-05,   2.18734859e-03,
         5.47929468e-03,   3.28757891e-04,  -9.67637433e-05,
         3.59352588e-03,  -7.12688242e-04,   3.32719155e-03])
  message: 'CONVERGENCE: REL_REDUCTION_OF_F_<=_FACTR*EPSMCH'
     nfev: 3
      nit: 1
   status: 0
  success: True
        x: array([ -0.67641346,  -0.54120557,  -0.71939822,   0.82699965,
        -0.09135377,   0.33647224,  -1.00753544,  -2.02643713,
        -1.85409082,  -2.85570772,  -3.92863922,  -3.62703052,
        -3.04613185,  -2.33368425,  -3.22030996,  -4.60099905,
        -3.62703052,  -2.30258509,  -3.9500846 , -15.49909368,
        -3.6565534 ,  -4.64758939, -15.88391178,  -4.81504697,
        -4.1303717 ,  -4.6439242 ,  -4.64885562,  -4.35032631,
        -4.84549329,  -3.13122445])
