/home3/jxiong7/IGCexpansion/IGCexpansion/CodonGeneconv.py:276: FutureWarning: comparison to `None` will result in an elementwise object comparison in the future.
  if not x == None:
number of sites to be analyzed:  163
Successfully loaded parameter value from ./test/save/MG94_YDR418W_YEL054C_nonclock_save.txt
log likelihood =  -1739.17627553
Edge derivatives =  [-0.00014270594133685213, -0.003071453291586118, -0.0002614774309932233, -0.001369744277007423, -0.003963191678695369, -0.0017667260883035413, -0.005477605680639951, -0.0028508055172532243, 0.0036758196101228102, 0.003172031047111487, 0.00018385251918856538, 0.0013873542932771876]
other derivatives: [-0.01061835  0.00641194  0.00127329  0.00209184 -0.0003638  -0.00354703]
Current x array =  [-0.72253855 -0.48685662 -0.89816136  2.12860035 -2.57460996  0.34354488
 -3.92768026 -1.53377332 -1.56395239 -1.76192343 -3.6595557  -3.62674287
 -3.43766589 -2.46093614 -3.69256258 -2.87091112 -2.84518727 -3.82134382]
log likelihood =  -1739.22747203
Edge derivatives =  [0.0004178267992146871, 0.11289485281041542, 0.10276533181133488, 0.13550757887261342, 0.055550241927295685, 0.054511301691055974, 0.054629190488364274, 0.12953042466830245, -0.012760944792688668, 0.010085093778028631, 0.03627397413115939, 0.012793946407282288]
other derivatives: [ 7.18459887 -3.58113539 -0.59048944 -0.21291271  0.13296813  0.1036824 ]
Current x array =  [-0.7331569  -0.48044468 -0.89688807  2.13069219 -2.57497376  0.33999785
 -3.92782297 -1.53684477 -1.56421387 -1.76329317 -3.66351889 -3.62850959
 -3.4431435  -2.46378695 -3.68888676 -2.86773909 -2.84500342 -3.81995646]
log likelihood =  -1739.17627519
Edge derivatives =  [-0.0001427028280932066, -0.0027764969506718917, -1.7144550700787242e-06, -0.0010227257915793875, -0.0038101264851560235, -0.0016230686988311788, -0.005323250176099949, -0.002512562852397343, 0.003632112325576739, 0.003187679451252312, 0.0002744535704254786, 0.0014156878861950571]
other derivatives: [  8.13997758e-03  -2.75122147e-03  -2.72848411e-04   1.47792889e-03
  -9.09494702e-05  -3.31965566e-03]
Current x array =  [-0.7225659  -0.4868401  -0.89815808  2.12860574 -2.5746109   0.34353574
 -3.92768063 -1.53378123 -1.56395306 -1.76192695 -3.65956591 -3.62674742
 -3.43768    -2.46094349 -3.69255311 -2.87090295 -2.84518679 -3.82134024]
      fun: 1739.1762751857746
 hess_inv: <18x18 LbfgsInvHessProduct with dtype=float64>
      jac: array([ -8.13997758e-03,   2.75122147e-03,   2.72848411e-04,
        -1.47792889e-03,   9.09494702e-05,   3.31965566e-03,
         1.42702828e-04,   2.77649695e-03,   1.71445507e-06,
         1.02272579e-03,   3.81012649e-03,   1.62306870e-03,
         5.32325018e-03,   2.51256285e-03,  -3.63211233e-03,
        -3.18767945e-03,  -2.74453570e-04,  -1.41568789e-03])
  message: 'CONVERGENCE: REL_REDUCTION_OF_F_<=_FACTR*EPSMCH'
     nfev: 3
      nit: 1
   status: 0
  success: True
        x: array([-0.7225659 , -0.4868401 , -0.89815808,  2.12860574, -2.5746109 ,
        0.34353574, -3.92768063, -1.53378123, -1.56395306, -1.76192695,
       -3.65956591, -3.62674742, -3.43768   , -2.46094349, -3.69255311,
       -2.87090295, -2.84518679, -3.82134024])
Traceback (most recent call last):
  File "Run_rebuild.py", line 52, in <module>
    main(parser.parse_args())
  File "Run_rebuild.py", line 14, in main
    MG94_tau.site_reconstruction()
  File "/home3/jxiong7/IGCexpansion/IGCexpansion/CodonGeneconv.py", line 1699, in site_reconstruction
    (argmatrix[site,node,i],likelihood_matrix[site,node,i])=likelihood_dict[site][node][i]
IndexError: index 156 is out of bounds for axis 0 with size 156
