/home3/jxiong7/IGCexpansion/IGCexpansion/CodonGeneconv.py:277: FutureWarning: comparison to `None` will result in an elementwise object comparison in the future.
  if not x == None:
number of sites to be analyzed:  112
Successfully loaded parameter value from ./test/save/MG94_YLR406C_YDL075W_nonclock_save.txt
log likelihood =  -1178.09909153
Edge derivatives =  [0.00039069455828976557, 0.0001945120520555621, 0.0020694007435393263, -0.002163800690487383, 0.0044950161073353395, 0.00043757537032794447, 0.0009629455396644865, 0.0008337210933986733, 0.000669939551033622, 0.0015173777002848582, 0.000366745306609316, 9.616159851972422e-05]
other derivatives: [ 0.0056616  -0.00113687  0.00011369 -0.00011369  0.00156888  0.00077307]
Current x array =  [-0.64420022 -0.48191283 -0.93056586  1.83998739 -2.45794561  0.5023983
 -3.20345438 -1.43914575 -2.21675596 -2.14535852 -3.61441008 -2.59448203
 -3.90523247 -2.80403296 -5.62038588 -2.41126767 -3.17810002 -3.28149714]
log likelihood =  -1178.10837969
Edge derivatives =  [-0.010706209888196372, -0.02134656687362832, -0.03414766923609748, 0.004459836331568212, -0.013659013978466611, -0.025854576513638247, -0.007907077666724806, -0.020841161930219787, -0.0023485087808888952, -0.05145512031178828, -0.01230900350996035, -0.01121432264947387]
other derivatives: [-3.12311386  0.54621978  0.02617071  0.06123173 -0.06702976 -0.01732587]
Current x array =  [-0.63853861 -0.4830497  -0.93045217  1.83987371 -2.45637673  0.50317137
 -3.20306368 -1.43895124 -2.21468656 -2.14752232 -3.60991507 -2.59404446
 -3.90426953 -2.80319924 -5.61971594 -2.40975029 -3.17773328 -3.28140098]
log likelihood =  -1178.0990914
Edge derivatives =  [0.00034785369069950667, 0.00011126852699888667, 0.0019310722428005217, -0.0021404666349904566, 0.004426129456957202, 0.00033702304522661986, 0.0009289975669611109, 0.000750904215810505, 0.0006584438235963698, 0.0013160252966127328, 0.0003182141823839732, 5.262681164532046e-05]
other derivatives: [-0.00604814  0.00095497  0.00022737  0.00013642  0.00131877  0.00070486]
Current x array =  [-0.64417884 -0.48191712 -0.93056543  1.83998696 -2.45793969  0.50240122
 -3.2034529  -1.43914502 -2.21674814 -2.14536669 -3.61439311 -2.59448038
 -3.90522884 -2.80402982 -5.62038335 -2.41126193 -3.17809864 -3.28149678]
      fun: 1178.0990914012523
 hess_inv: <18x18 LbfgsInvHessProduct with dtype=float64>
      jac: array([  6.04813977e-03,  -9.54969437e-04,  -2.27373675e-04,
        -1.36424205e-04,  -1.31876732e-03,  -7.04858394e-04,
        -3.47853691e-04,  -1.11268527e-04,  -1.93107224e-03,
         2.14046663e-03,  -4.42612946e-03,  -3.37023045e-04,
        -9.28997567e-04,  -7.50904216e-04,  -6.58443824e-04,
        -1.31602530e-03,  -3.18214182e-04,  -5.26268116e-05])
  message: 'CONVERGENCE: REL_REDUCTION_OF_F_<=_FACTR*EPSMCH'
     nfev: 3
      nit: 1
   status: 0
  success: True
        x: array([-0.64417884, -0.48191712, -0.93056543,  1.83998696, -2.45793969,
        0.50240122, -3.2034529 , -1.43914502, -2.21674814, -2.14536669,
       -3.61439311, -2.59448038, -3.90522884, -2.80402982, -5.62038335,
       -2.41126193, -3.17809864, -3.28149678])
number of sites to be analyzed:  112
Successfully loaded parameter value from ./test/save/MG94_Force_YLR406C_YDL075W_nonclock_save.txt
log likelihood =  -1195.08199637
Edge derivatives =  [-0.0007349362599125518, 0.0005737242856564961, 0.0003645855273495674, 0.0002895870541717027, -2.2188441782748647e-05, -0.0001954340227001694, 0.0011417636610894961, -0.0015564078422796584, -0.0035620095222384015, -8.584247824183766e-06, -0.004058945758480245, 0.00015982525150771976]
other derivatives: [-0.00254659  0.00034106  0.00011369  0.00104592  0.00097771  0.        ]
Current x array =  [-0.65169123 -0.48015992 -0.94181634  1.78752714 -2.59533792  0.33647224
 -3.94492861 -1.31051437 -2.39850994 -2.001892   -3.48965155 -2.51295654
 -3.8622166  -2.46286587 -5.15886318 -2.16517561 -2.83973318 -3.13790279]
log likelihood =  -1195.08401244
Edge derivatives =  [0.005273985192263325, -0.0029866204371551963, 0.006980677609343067, 0.0013498942352152543, 0.002046785638653792, 0.011616782839284398, 0.0016487470809563413, 0.030769828185569448, -0.000981892468713337, 0.011897530333387168, 0.048227524920973125, 0.0052560602071782675]
other derivatives: [ 1.4550551  -0.18551418 -0.03765308 -0.04961294 -0.00270575  0.        ]
Current x array =  [-0.65423782 -0.47981886 -0.94170265  1.78857306 -2.59436021  0.33647224
 -3.94566354 -1.30994065 -2.39814535 -2.00160241 -3.48967373 -2.51315198
 -3.86107484 -2.46442228 -5.16242519 -2.16518419 -2.84379213 -3.13774296]
log likelihood =  -1195.08199615
Edge derivatives =  [-0.0006729150592889865, 0.0005357172576640201, 0.00043224082059480085, 0.00029942148729400486, -1.0904941087144793e-06, -7.39022881204171e-05, 0.0011467443958408617, -0.0012223284084082603, -0.0035353111835323796, 0.00011360806421456537, -0.0035172196130428823, 0.000212125050132142]
other derivatives: [ 0.01257376 -0.00159162 -0.00027285  0.00052296  0.00095497  0.        ]
Current x array =  [-0.65171758 -0.48015639 -0.94181516  1.78753797 -2.5953278   0.33647224
 -3.94493621 -1.31050843 -2.39850616 -2.001889   -3.48965178 -2.51295857
 -3.86220479 -2.46288197 -5.15890003 -2.16517569 -2.83977518 -3.13790114]
      fun: 1195.0819961450393
 hess_inv: <18x18 LbfgsInvHessProduct with dtype=float64>
      jac: array([ -1.25737643e-02,   1.59161573e-03,   2.72848411e-04,
        -5.22959454e-04,  -9.54969437e-04,  -0.00000000e+00,
         6.72915059e-04,  -5.35717258e-04,  -4.32240821e-04,
        -2.99421487e-04,   1.09049411e-06,   7.39022881e-05,
        -1.14674440e-03,   1.22232841e-03,   3.53531118e-03,
        -1.13608064e-04,   3.51721961e-03,  -2.12125050e-04])
  message: 'CONVERGENCE: REL_REDUCTION_OF_F_<=_FACTR*EPSMCH'
     nfev: 3
      nit: 1
   status: 0
  success: True
        x: array([-0.65171758, -0.48015639, -0.94181516,  1.78753797, -2.5953278 ,
        0.33647224, -3.94493621, -1.31050843, -2.39850616, -2.001889  ,
       -3.48965178, -2.51295857, -3.86220479, -2.46288197, -5.15890003,
       -2.16517569, -2.83977518, -3.13790114])
