/home3/jxiong7/IGCexpansion/IGCexpansion/CodonGeneconv.py:277: FutureWarning: comparison to `None` will result in an elementwise object comparison in the future.
  if not x == None:
number of sites to be analyzed:  118
Successfully loaded parameter value from ./test/save/MG94_YER131W_YGL189C_nonclock_save.txt
log likelihood =  -1205.18473216
Edge derivatives =  [-0.0011631470511372713, -0.0020709345570539828, 0.0017506872050665756, 0.0022533215344688884, -0.004364817190118539, 0.0010870484406954317, -0.0016274385436261668, -0.00033097393720350754, 0.0021329607956768783, -0.0007011127085025659, -0.0013759224773713663, 0.0006420973705757865]
other derivatives: [  1.00044417e-02  -1.93267624e-03  -2.27373675e-05  -4.54747351e-05
   1.56887836e-03  -1.22781785e-03]
Current x array =  [-0.67034809 -0.44090468 -0.70873981  1.88823211 -2.90527358  0.30595717
 -3.11574806 -2.17119453 -2.01494042 -1.70705139 -3.35041189 -2.8368014
 -3.36287033 -3.08219755 -4.55394754 -2.74950499 -2.94794526 -3.2291134 ]
log likelihood =  -1205.21285816
Edge derivatives =  [-0.01197866488127388, -0.019213006005071517, -0.06490640998744313, -0.09361119209323293, -0.0008573207428498875, -0.012564936905547566, -0.00096468285690543, -0.006658416714653448, -0.0004719735449682516, -0.0074565322115343335, 0.004607749272001915, -0.01952822146622278]
other derivatives: [-5.41419922  1.03516413  0.02949037  0.10345502 -0.07978542  0.06591563]
Current x array =  [-0.66034365 -0.44283735 -0.70876254  1.88818664 -2.9037047   0.30472935
 -3.11691121 -2.17326547 -2.01318973 -1.70479807 -3.3547767  -2.83571435
 -3.36449776 -3.08252852 -4.55181458 -2.7502061  -2.94932119 -3.2284713 ]
log likelihood =  -1205.18473196
Edge derivatives =  [-0.0011947918940472119, -0.0021188364950058824, 0.0015672767738217075, 0.0019901038043819153, -0.004356781154932252, 0.0010483298991505047, -0.001626931004974158, -0.00034983396840417014, 0.00212549938419759, -0.0007215114480589591, -0.0013620429947382579, 0.0005865505306606178]
other derivatives: [ -4.38831194e-03   8.64019967e-04   4.54747351e-05   2.27373675e-04
   1.34150469e-03  -1.04591891e-03]
Current x array =  [-0.67032109 -0.44090989 -0.70873987  1.88823199 -2.90526934  0.30595386
 -3.1157512  -2.17120012 -2.0149357  -1.70704531 -3.35042367 -2.83679846
 -3.36287472 -3.08219844 -4.55394179 -2.74950688 -2.94794898 -3.22911167]
      fun: 1205.184731957278
 hess_inv: <18x18 LbfgsInvHessProduct with dtype=float64>
      jac: array([  4.38831194e-03,  -8.64019967e-04,  -4.54747351e-05,
        -2.27373675e-04,  -1.34150469e-03,   1.04591891e-03,
         1.19479189e-03,   2.11883650e-03,  -1.56727677e-03,
        -1.99010380e-03,   4.35678115e-03,  -1.04832990e-03,
         1.62693100e-03,   3.49833968e-04,  -2.12549938e-03,
         7.21511448e-04,   1.36204299e-03,  -5.86550531e-04])
  message: 'CONVERGENCE: REL_REDUCTION_OF_F_<=_FACTR*EPSMCH'
     nfev: 3
      nit: 1
   status: 0
  success: True
        x: array([-0.67032109, -0.44090989, -0.70873987,  1.88823199, -2.90526934,
        0.30595386, -3.1157512 , -2.17120012, -2.0149357 , -1.70704531,
       -3.35042367, -2.83679846, -3.36287472, -3.08219844, -4.55394179,
       -2.74950688, -2.94794898, -3.22911167])
number of sites to be analyzed:  118
Successfully loaded parameter value from ./test/save/MG94_Force_YER131W_YGL189C_nonclock_save.txt
log likelihood =  -1220.87720051
Edge derivatives =  [0.00016126257517434014, 0.0006154702836859149, 0.0005107075546716411, 0.00013281965718148214, 0.0003979413051767994, -0.0007886239714205989, 0.001105047277122656, -0.002499011215580202, 0.002504848795685667, 0.000809032543438587, -0.0010939550218525829, -0.0033917203774616045]
other derivatives: [ -3.84261511e-03   1.36424205e-04   9.09494702e-05  -4.09272616e-04
  -5.22959454e-04   0.00000000e+00]
Current x array =  [-0.68640465 -0.43639633 -0.70746247  1.95930868 -3.03458653  0.33647224
 -5.79121683 -1.78076916 -2.08737214 -1.54183848 -3.03718911 -2.71592688
 -3.19556668 -2.86161503 -4.23869848 -2.4642413  -2.74161568 -2.8163582 ]
log likelihood =  -1220.8813423
Edge derivatives =  [0.0004282220145968487, 0.0074321074827359, 0.014943616094779621, 0.026840370740268016, 0.008551196111444573, 0.018198285058110775, 0.002247915378034107, 0.03196418839775497, 0.0004100572627094498, 0.0021519689344577653, 0.0251053656648606, 0.045164650380672605]
other derivatives: [ 2.09274731 -0.13535555 -0.02164597 -0.03840341  0.03033165  0.        ]
Current x array =  [-0.69024727 -0.43625991 -0.70737152  1.95889941 -3.03510949  0.33647224
 -5.79105556 -1.78015369 -2.08686143 -1.54170566 -3.03679117 -2.7167155
 -3.19446164 -2.86411404 -4.23619363 -2.46343227 -2.74270964 -2.81974992]
log likelihood =  -1220.87720039
Edge derivatives =  [0.00016258161613536166, 0.0006503151756931946, 0.0005849402658507086, 0.00027021368275714774, 0.0004399556073111377, -0.0006901323349100541, 0.001110619248180733, -0.0023195182711411577, 0.002493796970933923, 0.0008152961457597308, -0.0009578977872153893, -0.0031385996403075767]
other derivatives: [  7.16227078e-03  -5.45696821e-04   2.27373675e-05  -6.13908924e-04
  -3.86535248e-04   0.00000000e+00]
Current x array =  [-0.68642468 -0.43639562 -0.707462    1.95930654 -3.03458925  0.33647224
 -5.79121599 -1.78076595 -2.08736948 -1.54183778 -3.03718703 -2.71593099
 -3.19556092 -2.86162806 -4.23868543 -2.46423708 -2.74162139 -2.81637589]
      fun: 1220.877200394807
 hess_inv: <18x18 LbfgsInvHessProduct with dtype=float64>
      jac: array([ -7.16227078e-03,   5.45696821e-04,  -2.27373675e-05,
         6.13908924e-04,   3.86535248e-04,  -0.00000000e+00,
        -1.62581616e-04,  -6.50315176e-04,  -5.84940266e-04,
        -2.70213683e-04,  -4.39955607e-04,   6.90132335e-04,
        -1.11061925e-03,   2.31951827e-03,  -2.49379697e-03,
        -8.15296146e-04,   9.57897787e-04,   3.13859964e-03])
  message: 'CONVERGENCE: REL_REDUCTION_OF_F_<=_FACTR*EPSMCH'
     nfev: 3
      nit: 1
   status: 0
  success: True
        x: array([-0.68642468, -0.43639562, -0.707462  ,  1.95930654, -3.03458925,
        0.33647224, -5.79121599, -1.78076595, -2.08736948, -1.54183778,
       -3.03718703, -2.71593099, -3.19556092, -2.86162806, -4.23868543,
       -2.46423708, -2.74162139, -2.81637589])
