/home3/jxiong7/IGCexpansion/IGCexpansion/CodonGeneconv.py:275: FutureWarning: comparison to `None` will result in an elementwise object comparison in the future.
  if not x == None:
number of sites to be analyzed:  549
log likelihood =  -2698.26318947
Edge derivatives =  [-59.580353502386984, -28.444414801045287, -50.695600269182435, -44.0090622010819, -80.77005452510444, -80.44868550989769, -85.06285732808794, -81.31076246692406, -90.52367922090393, -82.475582026258, -88.65538059552873, -84.58945785812122]
other derivatives: [-93.2839157  -24.02707651   8.44083843  88.39429029  43.05870789]
Current x array =  [-0.64593956 -0.52410055 -0.73401825  0.18232156  0.33647224 -2.30258509
 -2.30258509 -2.30258509 -2.30258509 -2.30258509 -2.30258509 -2.30258509
 -2.30258509 -2.30258509 -2.30258509 -2.30258509 -2.30258509]
log likelihood =  -2490.40265102
Edge derivatives =  [-48.95332880618247, -25.630891373907662, -37.70946414492059, -32.27921510530376, -61.44740110053356, -60.826452180101235, -64.30143385196754, -59.306483026553025, -68.30936630719916, -60.940367165562606, -65.59384007840548, -62.53871561908804]
other derivatives: [ 141.12993085   58.20279512   11.56399776  107.02374311   31.05160431]
Current x array =  [-0.97151465 -0.60795871 -0.73163093  0.49083111  0.35972896 -2.51052961
 -2.32596009 -2.47952047 -2.45618343 -2.5844849  -2.58336327 -2.59946743
 -2.58637205 -2.61852654 -2.59043745 -2.61200589 -2.5978152 ]
log likelihood =  -2101.84790608
Edge derivatives =  [-20.935220085586607, -13.90494761309674, -3.9116294701681134, -0.1457847749516853, -20.32576128119101, -19.83200250227836, -21.373088373971974, -13.892849278121334, -24.508970307757107, -15.968828557857115, -20.125031864840224, -17.53623255246851]
other derivatives: [ 86.35061022  15.50661182 -16.45166776  37.49114512  24.58327799]
Current x array =  [-1.02095013 -0.52578754 -0.69451912  1.58328772  0.45759586 -3.14618935
 -2.43445642 -3.00326101 -2.90886206 -3.42486552 -3.41876519 -3.48272451
 -3.42129392 -3.55796508 -3.4407262  -3.52638485 -3.47005533]
log likelihood =  -2058.96893064
Edge derivatives =  [-11.406651566633428, -10.750080537336034, -4.26158229122903, -2.6055748506740954, -12.151163934133837, -11.956794473258915, -12.434468582839111, -8.468593387319206, -14.794254357874086, -9.024440383877607, -11.625806128975922, -9.975834077955346]
other derivatives: [ -18.38602657  119.76917449  117.69388948    4.51791493   24.72906999]
Current x array =  [-0.73370204 -0.76223173 -1.12242914  2.08186388  0.84800387 -3.56297145
 -2.61259027 -3.08652592 -2.91419959 -3.85245339 -3.8385452  -3.93542577
 -3.72870226 -4.07883107 -3.78728072 -3.96234663 -3.85029915]
log likelihood =  -1992.22104295
Edge derivatives =  [-4.713338628439083, -5.024711927682548, 3.327578639621698, 4.196248652362735, -5.03101852721696, -4.863648264385844, -5.7188342669538015, -0.6643053335998949, -8.343890238627711, -1.7449766953457901, -4.735077673043643, -2.7002061917230984]
other derivatives: [ -4.12892405 -12.4295866   57.21162779  -5.4841621   25.02038114]
Current x array =  [-0.76179414 -0.47183954 -0.89653329  2.45401465  1.06947847 -3.85835711
 -2.71978418 -3.22216641 -3.00444539 -4.1911614  -4.17309212 -4.29163335
 -4.01272248 -4.47673747 -4.0894745  -4.31592443 -4.17137341]
log likelihood =  -1978.73244156
Edge derivatives =  [-1.2860282020613036, -2.0048965155790355, 5.77449125288673, 5.444043988433615, -2.230653592697871, -1.7240019981519066, -3.0931230552381606, 2.172483651161179, -5.650606829703819, 0.9784181880401346, -1.8170074515621781, 0.01245774746888063]
other derivatives: [-26.65158263  11.85878773 -28.83450634 -11.3660235   24.0225063 ]
Current x array =  [-0.71937267 -0.50318716 -0.65469159  2.65524909  1.31174019 -4.05398712
 -2.80322597 -3.27421496 -3.02416843 -4.40826632 -4.38672495 -4.52253305
 -4.17307966 -4.74499604 -4.26731703 -4.5394772  -4.36542271]
log likelihood =  -1972.79367835
Edge derivatives =  [0.33787662768875815, -1.111639259633525, 5.439752884730593, 4.5834660825463525, -1.3580836410314483, -0.8239167264071465, -2.1708768908671505, 2.3763600243026586, -4.60769585844221, 1.531874172003899, -0.9390667898975859, 0.6836351073113859]
other derivatives: [-18.4429382  -10.3853381   -8.29743385 -12.93001333  20.81958428]
Current x array =  [-0.72857738 -0.46440135 -0.70148359  2.72068293  1.4995364  -4.15113624
 -2.8519573  -3.27262208 -3.00696302 -4.51243247 -4.48742768 -4.63540773
 -4.23341298 -4.88345247 -4.34055518 -4.6435957  -4.44975099]
log likelihood =  -1965.68823595
Edge derivatives =  [2.99661088028426, 0.46960431160790184, 3.3968472954962268, 1.1557500403585668, -0.5632518608405779, 0.2748816941784665, -1.2617475388521135, 1.2361014612917856, -3.1992563756263253, 1.4499387763857714, 0.07520211455149792, 0.8888574438956647]
other derivatives: [ -4.7251433  -11.16402473   7.41051736 -14.48943294   6.72384886]
Current x array =  [-0.74345799 -0.45934031 -0.74483917  2.77637704  1.94676794 -4.32334241
 -2.95034477 -3.23659904 -2.94700209 -4.70265484 -4.66845675 -4.84491582
 -4.32309799 -5.15201548 -4.45784253 -4.82965377 -4.59161694]
log likelihood =  -1962.35003659
Edge derivatives =  [3.231950860086358, 0.1350635383521706, 0.6798019212151403, -1.2479884287003986, -1.0144196217689068, -0.05947614332584905, -1.5632948925109613, -0.5190725496196245, -3.055957459213123, 0.265606380361673, -0.27084512317575227, -0.05696473446645539]
other derivatives: [-12.14091299  -3.0893716    9.18000751 -10.25309757  -2.69408247]
Current x array =  [-0.73191961 -0.4733112  -0.74955831  2.57667385  2.1085324  -4.29978155
 -2.96411196 -3.17477757 -2.91648641 -4.73108985 -4.6822062  -4.88612728
 -4.30879458 -5.22995104 -4.44436311 -4.84565804 -4.5899817 ]
log likelihood =  -1959.96523203
Edge derivatives =  [2.7952983342321263, -0.5804356923244361, -1.8258969372659568, -1.9527406800758838, -1.2558236529238613, -0.4178569182169179, -1.6330662279300014, -1.4935096667126746, -2.7557140914588203, -0.7051809434028413, -0.6101090255648811, -0.8325898861614798]
other derivatives: [ 15.55090421   3.34621291  -0.11164047  -0.8168854   -5.70780685]
Current x array =  [-0.77408894 -0.48828417 -0.72190346  2.22318055  2.13689    -4.17837118
 -2.95237707 -3.10411041 -2.91527152 -4.72737931 -4.64932218 -4.90044504
 -4.27384913 -5.29307041 -4.39249502 -4.81687619 -4.54962259]
log likelihood =  -1959.40988677
Edge derivatives =  [2.656865273238062, -0.7628926066677372, -1.7236902359058932, -1.478371093979236, -1.0452347491871663, -0.264329297973108, -1.3625197599146637, -1.0094530461892033, -2.5485352191026958, -0.45261391015523283, -0.45227826015417555, -0.6006147592219725]
other derivatives: [-0.75337994  3.15401394 -1.57317572  0.60331331 -2.43135219]
Current x array =  [-0.74803404 -0.48783694 -0.7174731   2.17310294  2.09780491 -4.14879923
 -2.95129897 -3.10935204 -2.92973578 -4.73346011 -4.64799438 -4.91031115
 -4.28074983 -5.31304799 -4.39248155 -4.81759103 -4.55111222]
log likelihood =  -1959.12420512
Edge derivatives =  [2.731010784172356, -0.6164182938729987, -1.3052860994896975, -0.8655022960856126, -0.6471605458491518, 0.10296248551478165, -0.9333414927298597, -0.36705125620285495, -2.191262045371506, 0.00766213507358612, -0.08442592546472068, -0.16957764449938245]
other derivatives: [-4.69992756  0.18021638 -3.07168193  0.86151886 -0.41800376]
Current x array =  [-0.74125239 -0.48203675 -0.71322113  2.16300018  2.08969183 -4.14148982
 -2.96063482 -3.12369279 -2.94678209 -4.76507991 -4.67158078 -4.94719394
 -4.3063835  -5.36480661 -4.41364063 -4.84442119 -4.57557339]
log likelihood =  -1958.81556936
Edge derivatives =  [2.898623617449179, -0.33243802228914787, -0.60933185904119, 0.15839651336296728, -0.021701871208551993, 0.6704762717622751, -0.24985776505055304, 0.5243084791320888, -1.5919698516441476, 0.6634989626382171, 0.4787469636470547, 0.4614151229607563]
other derivatives: [-2.885713    1.16676802 -1.4672878   1.29473392  1.93651886]
Current x array =  [-0.74277573 -0.48278001 -0.7174914   2.14592356  2.09028253 -4.11662913
 -2.97921852 -3.14907178 -2.97459829 -4.8205406  -4.70978131 -5.01305902
 -4.34729194 -5.4631689  -4.44641835 -4.88885795 -4.61535884]
log likelihood =  -1958.50067241
Edge derivatives =  [2.9220895499715978, -0.5351524513807316, -0.8837719598441811, 0.16656274138978108, 0.286292001056488, 0.9122158404667426, 0.22880109515192235, 0.4870677433178153, -0.9841364728697151, 0.5927232395231591, 0.7145411674365162, 0.5167067845181023]
other derivatives: [-5.08100584 -9.49612513 -0.78423454  2.49572167  0.62354957]
Current x array =  [-0.73787478 -0.46454017 -0.7191807   2.10404636  2.14584502 -4.01948403
 -3.00427128 -3.17051329 -2.99327606 -4.87944184 -4.73286056 -5.09026955
 -4.37210318 -5.60924278 -4.45884947 -4.92258077 -4.64135502]
log likelihood =  -1958.0483428
Edge derivatives =  [2.746486954543026, -0.7452391838184789, -0.4348304795526118, 0.7151566060997987, 0.5189107716696071, 1.03922725066935, 0.5996263591595289, 0.5772300995581487, -0.5559764217557499, 0.5834582405859453, 0.8276979110789877, 0.588317935112368]
other derivatives: [-0.66618213 -8.77776074  1.29050477  2.15970886  1.18832304]
Current x array =  [-0.74374264 -0.46550872 -0.72517596  2.1113962   2.16090892 -3.9014169
 -3.02356539 -3.20602063 -3.01355032 -4.91278428 -4.7318247  -5.13772985
 -4.38388375 -5.71958297 -4.45730365 -4.9316373  -4.64976837]
log likelihood =  -1957.06522311
Edge derivatives =  [0.7349056908848909, -2.4129158407080316, 0.2299480361073613, 1.5182901065587158, 0.7121516731102928, 0.8686792441604518, 1.3120507328663098, -0.09127279719542285, 0.3084233026928286, -0.27639228415831846, 0.646965228085764, 0.14036311360449105]
other derivatives: [ 4.47973889 -1.71285137  5.71744749  1.17292984  0.68882855]
Current x array =  [-0.75085695 -0.47816566 -0.7382394   2.1329006   2.22335592 -3.43945457
 -3.08755011 -3.31459958 -3.05949557 -4.9834437  -4.68077453 -5.25272906
 -4.38572355 -6.05747758 -4.41353533 -4.91568279 -4.63759213]
log likelihood =  -1956.89358238
Edge derivatives =  [0.29018893087721953, -2.2934129810142223, 0.4533630400225064, 1.1608839334252676, 0.5431440614794699, 0.6282524845868674, 1.2270457501626215, -0.2535997207284998, 0.3539353159631296, -0.4088466286132323, 0.4387386252619387, -0.037056302262546026]
other derivatives: [ 7.59898739 -3.02675289 -5.34910214 -0.98827968 -0.04433787]
Current x array =  [-0.75568795 -0.47590241 -0.70698759  2.20345472  2.23883523 -3.34414997
 -3.13693888 -3.34510758 -3.04822031 -4.98153363 -4.65501182 -5.24871361
 -4.38623189 -6.10706643 -4.40906893 -4.89922639 -4.63179115]
log likelihood =  -1956.7008709
Edge derivatives =  [0.17449221779141755, -2.2386387189752575, 0.13987854851610898, 0.6680860642179298, 0.2822052221461856, 0.3092863176205849, 0.9810272284962703, -0.580254811648618, 0.2326001420940216, -0.6315498911646242, 0.15567799394813212, -0.3046603539311263]
other derivatives: [ 2.28719728  0.49838036 -1.78197297 -0.77959612 -0.43191903]
Current x array =  [-0.74818522 -0.48229607 -0.71687536  2.19608779  2.22850537 -3.33676414
 -3.14480071 -3.33473634 -3.03248368 -4.9523343  -4.62939559 -5.21183884
 -4.369339   -6.06658018 -4.39424018 -4.8729453  -4.61165432]
log likelihood =  -1956.59565785
Edge derivatives =  [0.13215213534112175, -1.9465886678601945, -0.1710870471976781, 0.05183155002671924, -0.005798536210981808, -0.03639250396160493, 0.6902405358823706, -0.7996706009537037, 0.10137170171106186, -0.740055715496754, -0.14126391265657343, -0.5334286683678691]
other derivatives: [-1.70648491  1.49882453 -0.70767783 -0.56554654 -0.46616151]
Current x array =  [-0.74262344 -0.48443707 -0.71999196  2.18892274  2.2139788  -3.32844729
 -3.16978157 -3.32463296 -3.01138483 -4.92019336 -4.60060987 -5.16719838
 -4.35648484 -6.02350809 -4.38392556 -4.84463674 -4.59318827]
log likelihood =  -1956.50714873
Edge derivatives =  [-0.056454308171630996, -1.687238830624568, -0.28361775593038574, -0.3218646453892852, -0.1461635144719119, -0.24105386388094602, 0.5663407661212315, -0.7998176887148966, 0.09273755274459985, -0.6824496555648158, -0.29577709631599747, -0.6005743136155113]
other derivatives: [-2.85970145  0.84228304 -0.15336354 -0.41732164 -0.10084023]
Current x array =  [-0.74096249 -0.48359675 -0.72170132  2.18341931  2.20859649 -3.28471593
 -3.21412559 -3.32917383 -2.99881823 -4.90826066 -4.57996363 -5.14473013
 -4.35850712 -6.02888056 -4.38371143 -4.82891869 -4.58795106]
log likelihood =  -1956.3693592
Edge derivatives =  [0.11243929772817615, -0.797631137306675, -0.5571314895610755, -1.2307046751568662, -0.2472896145474116, -0.3616294302058359, 0.4631978290594357, -0.3829179854856471, 0.2435821078410712, -0.09983955860593932, -0.29098644387137185, -0.38264196091717145]
other derivatives: [ -1.03744469e+01   5.68929863e+00  -2.47782737e+00   1.56887836e-03
  -3.83397492e-01]
Current x array =  [-0.7290142  -0.4916861  -0.71559763  2.16210283  2.23945692 -3.17660391
 -3.38182719 -3.35443966 -2.97932896 -4.92342976 -4.56506588 -5.12376874
 -4.40644492 -6.11309322 -4.42227428 -4.8318398  -4.61791224]
log likelihood =  -1956.2068538
Edge derivatives =  [0.02404250478838793, -0.45154647680861226, -0.5926363969114232, -1.6921163756020698, -0.4149334842801381, -0.6400098906178104, 0.20811160202532694, -0.2151408173944625, 0.24843056181951184, 0.2133595223380241, -0.4630479402471215, -0.3342246219397871]
other derivatives: [-0.92320533  0.66511348  1.04337232  0.23528628 -0.01700755]
Current x array =  [-0.74285705 -0.48345844 -0.72594556  2.1554243   2.24182376 -3.1018359
 -3.4924945  -3.36913069 -2.9636838  -4.91217691 -4.53871172 -5.08114279
 -4.42659682 -6.13238536 -4.43652141 -4.81568778 -4.62408438]
log likelihood =  -1956.15886861
Edge derivatives =  [-0.1364493615440936, -0.5112928023138947, -0.37056280923827445, -1.3961378290982425, -0.260311278195528, -0.47591509059831627, 0.36319245011229295, 0.04979447239627179, 0.3658400798319993, 0.4496972886269486, -0.291726492714524, -0.12403171604670417]
other derivatives: [ 0.05084075 -0.23758275  0.63628249  0.05934453  0.2449724 ]
Current x array =  [-0.74382608 -0.48163115 -0.72488916  2.1597541   2.25689075 -3.05742379
 -3.53766395 -3.38925194 -2.97473944 -4.93590567 -4.54821181 -5.0984619
 -4.44962482 -6.18909695 -4.45270985 -4.83129896 -4.64381633]
log likelihood =  -1956.10512041
Edge derivatives =  [0.4490902575524748, -0.14203748648918518, -0.11910953247599745, -0.6355732619892178, -0.15652763465556674, -0.2854061059250467, 0.26228636104659875, 0.2211992179874025, 0.3923129576385993, 0.5689052130691277, -0.14170043412564873, 0.06992789200357635]
other derivatives: [ 2.28897079  1.02363629 -0.34872301  0.19585968  0.04124558]
Current x array =  [-0.7463551  -0.48324309 -0.72236375  2.15167806  2.27671135 -3.04582483
 -3.61200668 -3.40431808 -2.99969939 -4.95326995 -4.56397829 -5.08613444
 -4.47336454 -6.20868372 -4.4657835  -4.84857186 -4.66629031]
log likelihood =  -1956.10410251
Edge derivatives =  [0.08052845450895735, -0.30073961487894446, 0.14154958501787518, 0.3137751480058328, -0.10631850501077844, -0.223502864744225, 0.08058421110117861, 0.13784534164946385, 0.42484111654858964, 0.3566732820660205, -0.11905483596165803, 0.10622011113794623]
other derivatives: [-2.3666189  -5.56431132  0.38162398  0.26291218 -0.55274541]
Current x array =  [-0.73838549 -0.47173778 -0.7245907   2.14659913  2.30511346 -2.96673031
 -3.7157354  -3.43506634 -3.03785347 -4.97422002 -4.57025398 -5.06908967
 -4.49371312 -6.25617818 -4.46416036 -4.85921166 -4.68372365]
log likelihood =  -1956.08036052
Edge derivatives =  [0.29757982518074644, -0.2083084346915262, 0.011542473163955957, -0.15600782528064974, -0.13116515240652082, -0.253954794988058, 0.17334161662952502, 0.1805548211873101, 0.40917837121953016, 0.4642710451068998, -0.12989997721282429, 0.08861037972150207]
other derivatives: [-0.00759428 -2.21348273  0.01468834  0.2269644  -0.2365141 ]
Current x array =  [-0.7423857  -0.47751267 -0.72347292  2.14914842  2.2908575  -3.00643046
 -3.66367053 -3.41963277 -3.01870267 -4.96370449 -4.56710401 -5.077645
 -4.48349949 -6.23233914 -4.46497506 -4.85387119 -4.67497328]
log likelihood =  -1956.0620632
Edge derivatives =  [0.14743990822533296, -0.24663980383088485, 0.09918434541802257, 0.13834961311537208, -0.18044948953959639, -0.31763507538284985, 0.0059803060824820745, 0.07764301293428945, 0.38758403559252685, 0.3229661046382389, -0.2022308468779595, 0.03709560508546861]
other derivatives: [ 0.41504791 -0.5185484  -0.02205525  0.20631887 -0.52452833]
Current x array =  [-0.74296372 -0.48049188 -0.72348277  2.14858723  2.29719373 -2.97303485
 -3.70761841 -3.42894585 -3.0286506  -4.96232203 -4.56151397 -5.05830645
 -4.48558219 -6.2362867  -4.45868814 -4.8494918  -4.67497274]
log likelihood =  -1956.05099231
Edge derivatives =  [0.2317828229878329, -0.15808713527250293, 0.14768343759124458, 0.35496464856684606, -0.22303527386423072, -0.3503116339410025, -0.16644262224791712, -0.0103702083625146, 0.33357792234867756, 0.16008506802214367, -0.2657184576620341, -0.0191490886449989]
other derivatives: [ 0.33373908  0.05115908 -0.20188509  0.22259883 -0.35072389]
Current x array =  [-0.74288661 -0.48154897 -0.7230626   2.14771889  2.29240621 -2.96831921
 -3.72808072 -3.42836853 -3.03321148 -4.95482781 -4.55821895 -5.03688438
 -4.48060903 -6.21441217 -4.44835395 -4.84386666 -4.66985436]
log likelihood =  -1956.03646519
Edge derivatives =  [0.13767456165222755, -0.1403447334448115, 0.18251404542545008, 0.4459863012435307, -0.13015137287147638, -0.195118355720956, -0.2317629193565712, 0.05353892972377805, 0.317470735265018, 0.02246569894409912, -0.17661695422161136, 0.03599338041386092]
other derivatives: [-0.23410394  1.05449089  1.09462235  0.08794814  0.16011654]
Current x array =  [-0.74209368 -0.48329324 -0.72686674  2.15196316  2.28918417 -2.94611299
 -3.76585741 -3.43050799 -3.0343458  -4.96127443 -4.56755141 -5.02620244
 -4.4834374  -6.20367442 -4.43990763 -4.85075905 -4.67226946]
log likelihood =  -1956.02085131
Edge derivatives =  [0.05928681525046922, -0.10324977491167861, 0.10093345014972605, 0.2744417550281745, -0.05133412604673948, -0.03493065486235905, -0.3517970070554837, 0.12244890969905264, 0.2786471950791546, -0.1504501104395235, -0.08653475348873876, 0.07496002268401243]
other derivatives: [-0.30574938  0.46713922  0.08710686 -0.02241904  0.52352789]
Current x array =  [-0.74205325 -0.48237325 -0.72408652  2.15597066  2.28597228 -2.92302244
 -3.81391887 -3.42895988 -3.02821235 -4.96690029 -4.57844026 -5.01104622
 -4.48602938 -6.1825821  -4.4304196  -4.85853187 -4.67403752]
log likelihood =  -1956.01155991
Edge derivatives =  [0.1156336976618117, -0.06412205814721487, -0.08078882328564063, -0.07754099086819005, 0.009709703375791134, 0.10120956064293617, -0.39499166203767505, 0.14708526405385808, 0.24892437611517582, -0.24542272831943446, 0.009096218570200073, 0.094231589881736]
other derivatives: [-0.36829988  0.13360477  0.3062496  -0.08917596  0.19895197]
Current x array =  [-0.74195349 -0.48176986 -0.72475351  2.15830396  2.29125718 -2.91291177
 -3.84892634 -3.42564932 -3.01996788 -4.97530709 -4.59145715 -5.00904265
 -4.48922102 -6.16570108 -4.428993   -4.86973196 -4.67782689]
log likelihood =  -1956.00155905
Edge derivatives =  [-0.03600883521964027, -0.11361440726719031, -0.13091077397560957, -0.18559143960076507, 0.06059926262017323, 0.18554640021895344, -0.3384752200896963, 0.1261950306194405, 0.22517451922907578, -0.2690908574222068, 0.0775564240288355, 0.0763497508130699]
other derivatives: [ 0.19356321 -0.16723334 -0.43285127 -0.10868462  0.02089564]
Current x array =  [-0.74277025 -0.48129015 -0.72262796  2.15908685  2.29615628 -2.8933414
 -3.87947126 -3.42750213 -3.0183393  -4.98396295 -4.59987506 -5.01935009
 -4.48759879 -6.15095326 -4.43112472 -4.87891028 -4.67813564]
log likelihood =  -1955.98762792
Edge derivatives =  [-0.07369640515966175, -0.11381395998830333, -0.18836563802513562, -0.3111266372518161, 0.09369735672862867, 0.24389295418430146, -0.21200603698069076, 0.05098134110406828, 0.1637960742813987, -0.19864346085069506, 0.139434484238807, 0.015112979379812826]
other derivatives: [ 0.50265498 -0.35806806 -0.69503585 -0.03653895 -0.18749233]
Current x array =  [-0.7431819  -0.48096679 -0.72181902  2.15674663  2.30100204 -2.87856891
 -3.91524493 -3.42810318 -3.01602878 -4.99186348 -4.60835388 -5.0401682
 -4.48014809 -6.11449672 -4.43978666 -4.88960178 -4.67499769]
log likelihood =  -1955.97258569
Edge derivatives =  [-0.10934702864964907, -0.09821644612452128, -0.12347951392014253, -0.19973345440936657, 0.07734363679169515, 0.20918737804819343, -0.09576339288255306, -0.05690572475982039, 0.048954302552086146, -0.059508692097771126, 0.13703018458056532, -0.06477131753508639]
other derivatives: [ 0.55988494 -0.51941242 -0.10663825  0.02273737 -0.21132109]
Current x array =  [-0.74316743 -0.48070118 -0.72345824  2.15445299  2.30478109 -2.85492972
 -3.97673129 -3.43380787 -3.01946529 -4.99545849 -4.60894192 -5.05985561
 -4.47110465 -6.05918563 -4.45200445 -4.89566203 -4.67074592]
log likelihood =  -1956.07417478
Edge derivatives =  [0.2114124360252138, 0.013188319414064446, -0.08088588438864025, -0.22707573950514887, 0.06569812218434867, 0.19345501629197806, 0.15925790279135604, 0.00574090442180978, -0.047817307526095046, 0.28069921306193657, 0.18159198569591192, -0.0321266669441069]
other derivatives: [-9.8164719   4.1989324  -2.97152383 -0.02394245 -0.05304628]
Current x array =  [-0.72762253 -0.48835254 -0.71519717  2.15240481  2.3103398  -2.85153991
 -4.03067691 -3.43891209 -3.02023937 -5.00279146 -4.60994353 -5.09624618
 -4.47113387 -6.00966909 -4.47623178 -4.90518623 -4.67597549]
log likelihood =  -1955.97160758
Edge derivatives =  [-0.08070254921750109, -0.08766972890863492, -0.11980004671114552, -0.20228342896860535, 0.0762575531490503, 0.20772488429806668, -0.07270575056392667, -0.05141255812128882, 0.040760512947960764, -0.029047284254013553, 0.14095748310655504, -0.06194406133995083]
other derivatives: [-0.34383447 -0.09331416 -0.35959147  0.01855369 -0.19654181]
Current x array =  [-0.74178407 -0.48138209 -0.72272308  2.15427072  2.30527577 -2.85462806
 -3.98153197 -3.4342621  -3.01953418 -4.99611106 -4.60903105 -5.06309405
 -4.47110725 -6.0547791  -4.45416047 -4.8965096  -4.67121131]
log likelihood =  -1955.96772951
Edge derivatives =  [-0.0646773059643087, -0.0700160871709772, -0.013467087973591918, 0.004966740312606688, 0.028765462297161926, 0.11864843619449776, -0.046831413018512895, -0.1083959716525283, -0.01582361952479546, 0.054400020907360486, 0.08418425354977518, -0.10269612901193943]
other derivatives: [-0.12307737 -0.0018872  -0.02189608  0.05240963 -0.07541985]
Current x array =  [-0.74206803 -0.48156126 -0.72369214  2.15284859  2.30474886 -2.84685589
 -4.00458075 -3.43847658 -3.02455321 -4.99255968 -4.60229379 -5.0673215
 -4.46685947 -6.03194426 -4.45919171 -4.8931484  -4.66841406]
log likelihood =  -1955.96596838
Edge derivatives =  [-0.04142963997535998, -0.057271760252191696, 0.032908564932625006, 0.07007318293541742, 0.014767268402097522, 0.07947745980878322, -0.03951188507096464, -0.06448184798980393, -0.024376199206947932, 0.0751794805895905, 0.061938885954018565, -0.06841418550036743]
other derivatives: [-0.06775736 -0.0056616   0.03412879  0.02171419  0.02546585]
Current x array =  [-0.74210963 -0.48153978 -0.72388413  2.15362141  2.30494276 -2.8427977
 -4.01890305 -3.44103873 -3.02605032 -4.99179961 -4.59799079 -5.06721614
 -4.47046677 -6.03000928 -4.4597636  -4.89079384 -4.67161792]
log likelihood =  -1955.9646275
Edge derivatives =  [-0.020133937005523628, -0.04388110527909092, 0.04678222865982179, 0.04834479627529725, -0.020775183165560374, -0.01158867844270789, -0.0380333771099007, 0.020222959773551104, -0.04644175758982471, 0.04161583281523634, 0.005870848929695841, 0.006792183614995572]
other derivatives: [ 0.45884008  0.9981477   0.09661107 -0.04017693 -0.045452  ]
Current x array =  [-0.74288704 -0.48329645 -0.72413428  2.15507522  2.30780087 -2.83061671
 -4.05767955 -3.44483753 -3.0255536  -4.99108236 -4.58835521 -5.06636622
 -4.47959328 -6.02660526 -4.45732418 -4.88522504 -4.6801195 ]
log likelihood =  -1955.96374553
Edge derivatives =  [-0.04604442483677551, -0.0480616672129854, 0.054098377370514816, 0.041492795476442135, -0.030292573279149915, -0.04689787721116226, -0.02937255824439327, 0.06840160939141135, -0.04988630137189313, 0.032848286462950814, -0.01390119225120119, 0.046943183252690424]
other derivatives: [-0.2582965  -0.30834144  0.19113031 -0.0687578  -0.00411546]
Current x array =  [-0.74173426 -0.48102325 -0.7244209   2.15599264  2.30885973 -2.82496521
 -4.07427206 -3.44704563 -3.02586428 -4.99156336 -4.58462447 -5.06681963
 -4.48441094 -6.02752643 -4.45671143 -4.88335243 -4.68453006]
log likelihood =  -1955.96334424
Edge derivatives =  [-0.04680758192294865, -0.04942346307360795, 0.034533836643214744, 0.010972366753275398, -0.016590405935773544, -0.0149968241689514, -0.029319752510214202, 0.052257248574378606, -0.04626246469579986, 0.02716101403507562, 0.006079904885222863, 0.03257115505796517]
other derivatives: [-0.03487912  0.00643468  0.03337846 -0.05397851 -0.02669367]
Current x array =  [-0.74209905 -0.48157297 -0.72395778  2.15560003  2.30854279 -2.82692682
 -4.06776001 -3.4456307  -3.02494449 -4.99240955 -4.58762923 -5.06726969
 -4.48243502 -6.02755564 -4.45664107 -4.88524319 -4.68283801]
log likelihood =  -1955.96324689
Edge derivatives =  [-0.041808951242878034, -0.047332356370883226, 0.02500040034733758, -0.008515509391170073, -0.012945735693717597, -0.009445985353820463, -0.025499279059695942, 0.05366685372168932, -0.04644616994439073, 0.022043924802336308, 0.009804426919353912, 0.034252597592023495]
other derivatives: [ 0.01743956  0.02096385 -0.02639808 -0.0473392  -0.03519744]
Current x array =  [-0.74217962 -0.48160094 -0.72378569  2.15539342  2.30865017 -2.8267409
 -4.06927865 -3.44530786 -3.02442988 -4.99289839 -4.58806901 -5.06786689
 -4.48242177 -6.02727525 -4.45644041 -4.88560146 -4.68298601]
log likelihood =  -1955.96300025
Edge derivatives =  [-0.03195076516544898, -0.041570184051316676, 0.0018099366226900226, -0.05243822248064689, -0.0034645032194905445, 0.0015338607073670518, -0.013887518364718167, 0.05593777881434843, -0.047168587093873594, 0.0028397258856390634, 0.015860170608277803, 0.04027118566811545]
other derivatives: [ 0.06939445  0.04056346 -0.05793481 -0.02437446 -0.04399681]
Current x array =  [-0.74226081 -0.48164471 -0.72369138  2.15464634  2.30890341 -2.82513913
 -4.07656781 -3.44465466 -3.02329112 -4.99432141 -4.58874752 -5.06954253
 -4.48243809 -6.0266409  -4.45553235 -4.88617377 -4.68354576]
log likelihood =  -1955.96259261
Edge derivatives =  [-0.002380384672381941, -0.026015156767357474, -0.0033033750640001913, -0.045730129150925336, 0.004110571028816068, 0.0008131553753479848, -0.0005097158548219918, 0.051999641527793586, -0.046310059038572174, -0.023605599143980378, 0.008942564004077783, 0.04715633287499575]
other derivatives: [ 0.13997123 -0.08108145 -0.25097506  0.01286935  0.00868567]
Current x array =  [-0.7423482  -0.48144779 -0.72314114  2.15335895  2.30878678 -2.82182318
 -4.09208469 -3.44450485 -3.02341774 -4.99581901 -4.58792603 -5.07125901
 -4.4821204  -6.02717944 -4.45392233 -4.88540132 -4.68409985]
log likelihood =  -1955.96219183
Edge derivatives =  [0.035845484773828235, -0.00792181986508936, -0.025203477672968266, -0.04757773336956339, 0.018109889438116422, 0.010977907183703894, 0.007003318349239042, 0.029452211372165187, -0.035400383348005326, -0.07483045209682154, 0.00267464399232061, 0.046006793532187173]
other derivatives: [ 0.03119567  0.06712071 -0.01780336  0.06252776  0.0494083 ]
Current x array =  [-0.74218871 -0.48171655 -0.72379693  2.15165053  2.30841767 -2.81906873
 -4.10744023 -3.44338884 -3.02337859 -4.99777906 -4.58782806 -5.07210745
 -4.48076103 -6.03168264 -4.45083251 -4.8844536  -4.6837633 ]
log likelihood =  -1955.96194697
Edge derivatives =  [0.04688620969248425, -0.0032282930687507786, -0.013599753478615584, -0.00875348367794071, 0.009698023240930498, -0.008860199106297567, 0.006367582297063919, 0.016698732254159302, -0.03527393425175077, -0.07455243379266774, -0.014571571461995683, 0.040337092900724875]
other derivatives: [ 0.00175078 -0.01966782 -0.04401954  0.0599357   0.04392859]
Current x array =  [-0.74212492 -0.48156484 -0.72372507  2.15164723  2.30879714 -2.81698136
 -4.11580442 -3.4440709  -3.02457665 -4.99760105 -4.58604676 -5.0721775
 -4.48052797 -6.03269819 -4.45087407 -4.88305588 -4.68364523]
log likelihood =  -1955.96155392
Edge derivatives =  [0.05225915495625383, -0.00021014718317745752, -0.003461215395604622, 0.03655912983655635, 0.0034495826083446035, -0.025931439817416968, 0.0076026935224659704, -0.0030100721863924665, -0.02685086542298958, -0.06050067973748835, -0.031236331277111312, 0.026993960419381752]
other derivatives: [ 0.01919034 -0.14845227  0.02376055  0.03506102  0.02480647]
Current x array =  [-0.74212782 -0.48133351 -0.72391939  2.15240298  2.3096286  -2.81350223
 -4.12817125 -3.44490795 -3.02611512 -4.99802218 -4.58456497 -5.07255646
 -4.48004265 -6.03700575 -4.45184341 -4.88185022 -4.68296096]
log likelihood =  -1955.96182928
Edge derivatives =  [0.044244176172374916, 0.00025425142427410157, 0.0023165559650532574, 0.08200089694473728, -0.005979564555482431, -0.05058127021205655, 0.01832529179807069, -0.028678786940663895, -0.01224004113144921, -0.022431188503862845, -0.05417702871018793, 0.0047786916710707145]
other derivatives: [-0.8794359   0.23990196 -0.21245796 -0.02992238 -0.01743956]
Current x array =  [-0.74074369 -0.4819553  -0.72323518  2.15415571  2.3116567  -2.8048158
 -4.15726928 -3.44664063 -3.02810528 -4.99963635 -4.58234059 -5.07446348
 -4.47976324 -6.04421017 -4.45461564 -4.88049967 -4.68209941]
log likelihood =  -1955.9613808
Edge derivatives =  [0.050100209920705324, 0.0002823206362950635, -0.0012245204912790797, 0.05405622525110654, -0.0001689366737815945, -0.03535048168329219, 0.011720104253368908, -0.012847419522967373, -0.021230306087315715, -0.04590368345776156, -0.0400244244088698, 0.01848212452389281]
other derivatives: [-0.32455318  0.00059117 -0.06684786  0.01007265  0.00904947]
Current x array =  [-0.7415974  -0.48157179 -0.72365718  2.15307466  2.31040581 -2.81017341
 -4.13932221 -3.44557195 -3.02687779 -4.99864077 -4.58371254 -5.07328727
 -4.47993557 -6.03976663 -4.45290578 -4.88133266 -4.6826308 ]
log likelihood =  -1955.96105052
Edge derivatives =  [0.04092887070666032, -0.0006547899650998883, -0.005112462768813553, 0.06362751521629234, 0.0015853691532662362, -0.039624334066779066, 0.019383965583727764, -0.02411121771177977, -0.009787974820997952, -0.02873420444571196, -0.046123592379657845, 0.008521905110477648]
other derivatives: [-0.13169483 -0.05582024  0.01837179 -0.02103206 -0.02194156]
Current x array =  [-0.74187433 -0.48147227 -0.72390119  2.15409809  2.31156571 -2.80525621
 -4.15527248 -3.44618909 -3.02747508 -5.0000767  -4.58324293 -5.07449998
 -4.47985567 -6.04483658 -4.45419394 -4.88109965 -4.68220553]
log likelihood =  -1955.96081864
Edge derivatives =  [0.02147750832288639, -0.003885647468936622, -0.017818606750212185, 0.04063522174347406, 0.010517854875916943, -0.03041895015926885, 0.031205859796152913, -0.022899743492835915, 0.001063828189386141, -0.014615598723811789, -0.04022345040867831, 0.005435124420217173]
other derivatives: [ 0.00993623 -0.02876277  0.03115019 -0.04060894 -0.03306013]
Current x array =  [-0.7420843  -0.48152195 -0.7239366   2.15476212  2.31249751 -2.80023533
 -4.17077893 -3.44653757 -3.0270694  -5.0020134  -4.58377023 -5.0760949
 -4.48016788 -6.04904537 -4.45528111 -4.88180954 -4.68214133]
log likelihood =  -1955.96069237
Edge derivatives =  [0.0015557690348860787, -0.007372953759092565, -0.027120403729905873, 0.010003819409502845, 0.020198937791799154, -0.014566415265947208, 0.03839466747016933, -0.016830441366496186, 0.008295026549436956, -0.0043859132927426235, -0.026926782389903883, 0.003868762618466859]
other derivatives: [ 0.01582521 -0.05343281  0.00582077 -0.03753939 -0.01439275]
Current x array =  [-0.74209379 -0.48148544 -0.72386258  2.15469348  2.3127739  -2.79713906
 -4.17967187 -3.44673897 -3.0262585  -5.00332576 -4.58493479 -5.07692829
 -4.48036983 -6.05135993 -4.4560092  -4.88304145 -4.6819177 ]
log likelihood =  -1955.96200065
Edge derivatives =  [-0.014636908103658919, -0.007893604550572529, 0.020716119856883375, 0.04065763144858636, 0.02280391196909204, -0.010412668513999773, 0.04342461977202396, 0.005067284097651423, 0.012468133481087176, 0.032520123457731365, -0.010746028326725922, 0.004841970085369431]
other derivatives: [ 0.72398052  1.06197149 -0.23276243  0.00388809  0.08187726]
Current x array =  [-0.74316646 -0.4834437  -0.72320782  2.15303977  2.3129797  -2.78966205
 -4.20239527 -3.44967483 -3.02640995 -5.00368517 -4.58456207 -5.07676776
 -4.48155691 -6.05256473 -4.45780055 -4.88426338 -4.68174062]
log likelihood =  -1955.96066334
Edge derivatives =  [-0.00023505829063608097, -0.007352826640910995, -0.020954849739807435, 0.01396420914068347, 0.020534040552744548, -0.014027614488134665, 0.039043656431152735, -0.014015845679043636, 0.008831857356892367, 0.00035769819599156677, -0.024846576686502087, 0.003997085985496775]
other derivatives: [ 0.10700205  0.0903583  -0.02471552 -0.03217338 -0.00186446]
Current x array =  [-0.74223145 -0.48173675 -0.72377856  2.15448125  2.31280031 -2.79617951
 -4.18258806 -3.44711574 -3.02627793 -5.00337189 -4.58488695 -5.07690769
 -4.48052217 -6.05151455 -4.45623909 -4.88319826 -4.68189498]
log likelihood =  -1955.96060398
Edge derivatives =  [-0.010238491757235985, -0.009233886341009736, -0.021158825226404165, -0.002163680103352883, 0.023946448039616985, -0.006043270705317294, 0.040122263993216084, -0.00842208394383626, 0.010043820576819252, 0.005410019993994184, -0.015945351773388194, 0.0037232429094752467]
other derivatives: [ 0.06248229  0.0727141  -0.03933565 -0.01932676  0.01705303]
Current x array =  [-0.74216398 -0.48171066 -0.72373735  2.15406281  2.31276231 -2.79511071
 -4.18531474 -3.44739268 -3.02576933 -5.00363755 -4.58553344 -5.07693177
 -4.48071515 -6.0516279  -4.4565611  -4.8839946  -4.68178012]
log likelihood =  -1955.96049549
Edge derivatives =  [-0.021039587277381783, -0.011537944576619493, -0.010492486029070824, -0.01201593046273941, 0.022042035851789654, -0.003752839104622513, 0.03623944221099897, -0.002364533125087189, 0.009321832782836749, 0.014620480480793334, -0.006566100166605573, 0.0006829118369729922]
other derivatives: [ 0.00518412  0.04865797 -0.00916316  0.00422915  0.0278078 ]
Current x array =  [-0.74206658 -0.48167372 -0.72383002  2.15323035  2.31302661 -2.79305509
 -4.19144941 -3.44853723 -3.02544072 -5.00339411 -4.5858581  -5.07632568
 -4.48129352 -6.05131873 -4.45721692 -4.88496544 -4.68166014]
log likelihood =  -1955.96039604
Edge derivatives =  [-0.019238868691357075, -0.009714895439570163, 0.006238265646536789, -0.012619930980035388, 0.015310938882401315, -0.007301433174897759, 0.024526835520472363, -0.0036595910207330683, 0.008136242799811507, 0.01143323143378458, -0.00018469010777080914, -0.007169687411430765]
other derivatives: [-0.01439275 -0.04279173 -0.0877435   0.0445425   0.02094112]
Current x array =  [-0.74201055 -0.48152445 -0.72361943  2.15177444  2.31366121 -2.78956642
 -4.20489973 -3.45029482 -3.02543329 -5.00283811 -4.58575029 -5.07491157
 -4.48191296 -6.05158879 -4.45729504 -4.8857724  -4.68144188]
log likelihood =  -1955.96037772
Edge derivatives =  [-0.012373088630286216, -0.007245320159041538, 0.015286848999691516, -0.009934717605675436, 0.009870864219945319, -0.011655268434714094, 0.01545787067035885, -0.007199948733678529, 0.007514856965032149, 0.003740067645739975, 0.002090709557306565, -0.01136845922229135]
other derivatives: [-0.0839691   0.05125003  0.15184014  0.05852598  0.00022737]
Current x array =  [-0.74189389 -0.48168546 -0.72431471  2.15118919  2.31432575 -2.78677371
 -4.21654283 -3.45150144 -3.02559043 -5.00243612 -4.58552941 -5.07377601
 -4.48249591 -6.05208021 -4.45707596 -4.8861577  -4.68151199]
log likelihood =  -1955.96032559
Edge derivatives =  [-0.008110732905737661, -0.006300868056082987, 0.013376211024054119, -0.0032481182598399494, 0.009531396308870677, -0.01384239288430869, 0.01619237835948574, -0.008690835047711495, 0.0074028616266048125, 0.002449325360392437, -0.0020100498193281312, -0.010531796463661092]
other derivatives: [-0.02823981  0.00400178  0.03449259  0.04738467 -0.00322871]
Current x array =  [-0.74197775 -0.48160247 -0.72397827  2.15158338  2.31425459 -2.7874695
 -4.21442638 -3.45116557 -3.02579437 -5.00243835 -4.58532537 -5.07395461
 -4.48232481 -6.05211255 -4.45696083 -4.88576348 -4.68155936]
log likelihood =  -1955.96030244
Edge derivatives =  [-0.003101890844024041, -0.0048221356707668795, 0.01265923160541571, 0.0011323469423482058, 0.008603028858993111, -0.015407932253350298, 0.014688126171796833, -0.009921799363358796, 0.007510277661978238, -0.0006552006381663478, -0.004023549869082757, -0.010249669233885643]
other derivatives: [ 0.00400178 -0.01095941 -0.00418368  0.03760761 -0.01014087]
Current x array =  [-0.74202421 -0.48157443 -0.72387028  2.15190232  2.31437057 -2.78719971
 -4.21615854 -3.45113897 -3.02595608 -5.00240246 -4.58520635 -5.07383277
 -4.48237247 -6.05237464 -4.45680668 -4.88559828 -4.68165788]
log likelihood =  -1955.96026448
Edge derivatives =  [0.005556548394785393, -0.0019069691924710128, 0.011721116948733068, 0.00398895738738686, 0.007291462553274064, -0.015375930371314489, 0.010046126829011126, -0.00910284469295172, 0.007434074893263091, -0.006743197336430761, -0.003893699938314994, -0.008735196519194577]
other derivatives: [ 0.04154117 -0.02130491 -0.03335572  0.02005436 -0.01689386]
Current x array =  [-0.74207698 -0.4815523  -0.72379435  2.15246464  2.31461064 -2.78615867
 -4.22142741 -3.45125666 -3.02608568 -5.00225289 -4.58526372 -5.07330982
 -4.48269453 -6.0527043  -4.45651926 -4.88563436 -4.68192391]
log likelihood =  -1955.96022951
Edge derivatives =  [0.010889961986304098, 0.0006302449325151002, 0.011070160582215383, 0.0035292917629728415, 0.005921598801051697, -0.012396737010511444, 0.0032691496429953643, -0.004093995846258296, 0.007218387268596164, -0.010184609944096663, -0.00011647255641058889, -0.005766612694944398]
other derivatives: [-0.02648903  0.01712124 -0.05688889 -0.00165983 -0.01316494]
Current x array =  [-0.74197115 -0.48161091 -0.72373722  2.15313738  2.3148778  -2.78429075
 -4.229507   -3.45155752 -3.02611872 -5.00195837 -4.58561355 -5.07244372
 -4.48331663 -6.05292747 -4.45639522 -4.8859928  -4.68231306]
log likelihood =  -1955.96024266
Edge derivatives =  [0.007969936506263486, 0.0016979043556598263, 0.010738376921700432, -0.0068695300483910815, 0.006974775801522837, -0.0030919886358738158, -0.00451136390077541, 0.007171273516738828, 0.007225391527931646, -0.00885193932985184, 0.01095660410965579, -0.0010319718759079603]
other derivatives: [ 0.15925252 -0.07571543  0.03701643 -0.01596163  0.00472937]
Current x array =  [-0.74224759 -0.48145555 -0.72402194  2.1536422   2.3151279  -2.78143108
 -4.24041543 -3.45206216 -3.02579221 -5.00165141 -4.58656139 -5.07132257
 -4.48425742 -6.05297948 -4.45653577 -4.88699272 -4.68276639]
log likelihood =  -1955.96021558
Edge derivatives =  [0.009786957376211936, 0.0011144159704073175, 0.010935349364717017, -0.0008022627746470112, 0.006360680599358459, -0.00850989612255848, 2.3417948658649435e-05, 0.0006103102992116652, 0.007221393808389256, -0.009628197734455078, 0.004507384088400788, -0.0037897151421888604]
other derivatives: [ 0.0511136  -0.02162324 -0.0176442  -0.00761702 -0.00559339]
Current x array =  [-0.74208656 -0.48154605 -0.72385609  2.15334813  2.31498222 -2.78309689
 -4.23406109 -3.4517682  -3.0259824  -5.00183022 -4.58600926 -5.07197566
 -4.48370939 -6.05294918 -4.4564539  -4.88641025 -4.68250232]
log likelihood =  -1955.96020832
Edge derivatives =  [0.006393039522657934, 0.00048444345825140057, 0.010698502685830114, -0.0035944063716444874, 0.006507476785718058, -0.006497545586668513, -0.0008178373091320412, 0.0031589021145706844, 0.007047777800184682, -0.007013230341281554, 0.0067644826719528706, -0.0029304946775871206]
other derivatives: [ 0.01020908 -0.0035925  -0.00409273 -0.00759428  0.00068212]
Current x array =  [-0.74202553 -0.48157669 -0.72389592  2.15334108  2.31497735 -2.78271437
 -4.23510204 -3.45184015 -3.02589907 -5.00174264 -4.58621802 -5.0718246
 -4.48385867 -6.05279769 -4.4566065  -4.88661035 -4.6825594 ]
log likelihood =  -1955.96020479
Edge derivatives =  [0.0025299348729497795, -0.0004293941486820116, 0.010052957031114418, -0.005393410989117331, 0.006549568197792732, -0.005217204737344189, -0.0009765586641318422, 0.004823176351980138, 0.006755759116105937, -0.0038098502185600104, 0.007908742316606538, -0.0022946245177444917]
other derivatives: [-0.01291482  0.00331966  0.00786713 -0.00568434  0.0050477 ]
Current x array =  [-0.7419916  -0.48158911 -0.72393005  2.15327857  2.31494652 -2.78260727
 -4.2349865  -3.45183315 -3.0258481  -5.00165459 -4.58637125 -5.07177744
 -4.48392154 -6.05257947 -4.45678453 -4.88671151 -4.68258817]
      fun: 1955.9602047888689
 hess_inv: <17x17 LbfgsInvHessProduct with dtype=float64>
      jac: array([ 0.01291482, -0.00331966, -0.00786713,  0.00568434, -0.0050477 ,
       -0.00252993,  0.00042939, -0.01005296,  0.00539341, -0.00654957,
        0.0052172 ,  0.00097656, -0.00482318, -0.00675576,  0.00380985,
       -0.00790874,  0.00229462])
  message: 'CONVERGENCE: REL_REDUCTION_OF_F_<=_FACTR*EPSMCH'
     nfev: 66
      nit: 60
   status: 0
  success: True
        x: array([-0.7419916 , -0.48158911, -0.72393005,  2.15327857,  2.31494652,
       -2.78260727, -4.2349865 , -3.45183315, -3.0258481 , -5.00165459,
       -4.58637125, -5.07177744, -4.48392154, -6.05257947, -4.45678453,
       -4.88671151, -4.68258817])
number of sites to be analyzed:  549
log likelihood =  -2800.87517289
Edge derivatives =  [-88.55775239377219, -21.53528967759476, -59.02144022470261, -50.4776347348811, -89.53209482838446, -88.55235828101966, -93.19356175369106, -80.68800353999585, -98.09957368073115, -85.6504046347684, -92.93580957390475, -88.24929481573412]
other derivatives: [-122.78537724  -19.39501999    8.64711183  115.4117399     0.        ]
Current x array =  [-0.64593956 -0.52410055 -0.73401825  0.18232156  0.33647224 -2.30258509
 -2.30258509 -2.30258509 -2.30258509 -2.30258509 -2.30258509 -2.30258509
 -2.30258509 -2.30258509 -2.30258509 -2.30258509 -2.30258509]
log likelihood =  -2572.83459576
Edge derivatives =  [-66.46311688897228, -19.78014707748834, -42.36882566171387, -36.64781788428183, -66.21362871925251, -65.08384192445149, -68.56913959778247, -58.80085662094877, -72.01605293072622, -62.687793315536325, -68.0344828263684, -64.56468352629057]
other derivatives: [ 149.54521248   50.88249964   12.73865564  135.12758414    0.        ]
Current x array =  [-1.02107893 -0.58335708 -0.73192841  0.53493266  0.33647224 -2.57315069
 -2.32304733 -2.48291003 -2.45680662 -2.57612755 -2.57313421 -2.58731423
 -2.54910669 -2.60230329 -2.56426803 -2.58652673 -2.57220828]
log likelihood =  -2183.98621245
Edge derivatives =  [-26.575703167084782, -9.365318560357796, -4.470423435516008, -1.6427226316120895, -22.684655638592623, -22.362774407670013, -24.609511429381662, -15.56565126394714, -27.024050397486533, -18.756552957697334, -23.213400069914506, -20.269777521898185]
other derivatives: [ 104.21795196    1.49157131  -18.30367182   43.29713192    0.        ]
Current x array =  [-1.10540301 -0.49164851 -0.69459228  1.67636867  0.33647224 -3.30558623
 -2.40654529 -2.96363457 -2.86953072 -3.31284304 -3.30022671 -3.35280066
 -3.20968848 -3.40746024 -3.26651897 -3.34856676 -3.29567035]
log likelihood =  -2156.16963614
Edge derivatives =  [-17.788530388710257, -9.830453625389026, -6.5454688239740175, -4.92542131161674, -14.486647664018564, -14.239354326470664, -15.018696390918095, -10.044545500905475, -16.784267823425285, -11.088225284721807, -13.97637464658317, -12.135473718933861]
other derivatives: [ -20.9639893   161.04295355  123.83575267    5.17588887    0.        ]
Current x array =  [-0.78021629 -0.89678411 -1.1008721   2.1435976   0.33647224 -3.78856566
 -2.50291626 -3.05445118 -2.90430945 -3.73059847 -3.71474203 -3.80834092
 -3.5021247  -3.90866914 -3.61627955 -3.78067794 -3.67359766]
log likelihood =  -2076.32167301
Edge derivatives =  [-11.725573863004414, -3.8975386207932208, 4.110984873517917, 4.371178044246188, -6.832305232917677, -7.2142348090146236, -8.449050257985997, -1.2268501257983642, -10.415498922063328, -3.3140119570589945, -7.015041666618572, -4.403586735154407]
other derivatives: [ 24.25263119  51.22524271  51.05052878  -3.68008841   0.        ]
Current x array =  [-0.84205373 -0.56887436 -0.86331469  2.44106256  0.33647224 -4.04267016
 -2.55044637 -3.17935983 -3.00408844 -3.96932832 -3.95058189 -4.05924624
 -3.69849139 -4.17785037 -3.83114305 -4.02538481 -3.8989659 ]
log likelihood =  -2061.9763572
Edge derivatives =  [-9.083598142059541, -2.34435716146092, 5.812895040530265, 4.434950257499386, -3.460645487198253, -4.133540244394913, -5.572465192581112, 2.0522664169498976, -7.396899689855069, -0.2761724284468301, -3.8930696633212514, -1.2476955562940384]
other derivatives: [-14.08370736 -33.61924428 -16.93165359  -9.32200237   0.        ]
Current x array =  [-0.76751313 -0.42425251 -0.6851804   2.60486561  0.33647224 -4.28220229
 -2.59539813 -3.22200357 -3.02650836 -4.16829094 -4.15038705 -4.27860086
 -3.8320968  -4.42200745 -3.99290004 -4.23150862 -4.0749551 ]
log likelihood =  -2059.22215382
Edge derivatives =  [-7.900012391266357, -1.1974154109270163, 6.567566832559805, 5.0260342880070965, -2.183637914130133, -2.896486902163015, -4.298563146107453, 3.1922657686563305, -6.119257908738003, 1.0090608712259794, -2.5884893425482485, 0.01783428027620443]
other derivatives: [-20.53520802   5.05606295  -5.13155101 -11.20615707   0.        ]
Current x array =  [-0.75606728 -0.47450244 -0.71146887  2.65947007  0.33647224 -4.38130547
 -2.61599545 -3.22868888 -3.02818854 -4.24441607 -4.22757398 -4.36513234
 -3.87658477 -4.51988988 -4.05106921 -4.31063903 -4.1396457 ]
log likelihood =  -2057.30603683
Edge derivatives =  [-6.812201532126747, -0.2909992421448698, 6.645378503901378, 4.890259788172078, -1.0697587449683452, -1.804578937344084, -3.1543556611980956, 4.046849170394868, -4.943382552620183, 2.0344906024454334, -1.4632258707855013, 1.097047379779669]
other derivatives: [ -8.19190973   7.94084372   1.80098141 -12.14707481   0.        ]
Current x array =  [-0.77142922 -0.47718518 -0.72905756  2.69119984  0.33647224 -4.49134766
 -2.63668805 -3.22180367 -3.01987879 -4.3209964  -4.30667016 -4.45591126
 -3.91229576 -4.62517427 -4.10412018 -4.39093125 -4.20089575]
log likelihood =  -2054.07426635
Edge derivatives =  [-5.184971124226426, 1.040408344588549, 4.898205441267825, 2.695024852749812, 0.5130836046143942, -0.23532877529639518, -1.5147090991356034, 4.678904853001162, -3.1519972341438094, 3.2028462782813714, 0.14133190739565366, 2.4284087442017492]
other derivatives: [ -0.45256456  10.69583959   2.22798917 -11.02098395   0.        ]
Current x array =  [-0.77998552 -0.48022855 -0.72994852  2.65098283  0.33647224 -4.70561385
 -2.67109378 -3.16332827 -2.97172489 -4.44307484 -4.43774066 -4.61432345
 -3.93581711 -4.81846271 -4.16815696 -4.52133233 -4.28398495]
log likelihood =  -2051.92770366
Edge derivatives =  [-3.5807124575002014, 0.6426166872455272, -1.6076749503650885, -2.1082180437210205, 1.4012232214978448, 0.749194051857598, -0.13922722847117014, 2.5056635807272403, -1.407660686007199, 2.6720453323193807, 1.0978584095162005, 2.521472378835889]
other derivatives: [-14.61717147 -25.75134204  33.29782885  -2.13149178   0.        ]
Current x array =  [-0.75958979 -0.42798723 -0.82050253  2.38672174  0.33647224 -5.02867639
 -2.67965319 -3.02218727 -2.89929265 -4.53866605 -4.56016793 -4.79396571
 -3.84742873 -5.06945264 -4.14821992 -4.63380342 -4.29893616]
log likelihood =  -2049.33413269
Edge derivatives =  [-3.189483331339627, 1.4611308447044178, -2.464060993860421, -2.841131505746978, 1.8699748359878932, 1.257545432727254, 0.18667286547009876, 2.2644598755830057, -0.9951149350163255, 2.812832640009116, 1.541529344762997, 2.6525863897801085]
other derivatives: [ 3.44789441  2.25663825  5.38248059  0.31809577  0.        ]
Current x array =  [-0.78581476 -0.46979309 -0.73595481  2.31465365  0.33647224 -5.11368098
 -2.6842474  -2.98141281 -2.87465118 -4.5579944  -4.58747796 -4.83663185
 -3.81770698 -5.13217006 -4.13601545 -4.65767934 -4.29564331]
log likelihood =  -2049.00663821
Edge derivatives =  [-3.2434679670597664, 1.11030246778545, -2.470442632872774, -2.5512973163551576, 1.5932121912420023, 1.0219044976582392, -0.04431002138547211, 1.662051258881313, -1.1453925963436353, 2.315403441967678, 1.2656378643139705, 2.2009180227525094]
other derivatives: [ 2.02303454  1.29693944 -0.67757355  1.38306859  0.        ]
Current x array =  [-0.78413797 -0.46897716 -0.71964509  2.2862046   0.33647224 -5.10503505
 -2.67289922 -2.98204438 -2.88262948 -4.53038604 -4.56277169 -4.81477487
 -3.7910728  -5.1134571  -4.1061914  -4.63088958 -4.26564715]
log likelihood =  -2048.5933334
Edge derivatives =  [-3.1718420464688437, 0.4481958822042179, -2.068826914491308, -1.522867721470522, 1.1620890270392716, 0.6770090858109659, -0.3257150143677963, 0.5320434273524718, -1.2639906127051599, 1.3968081134506631, 0.8419476357016473, 1.3982407373632224]
other derivatives: [-0.15434125 -1.67697181 -3.38300197  2.84853741  0.        ]
Current x array =  [-0.78140663 -0.46519686 -0.71229082  2.24817507  0.33647224 -5.12443537
 -2.651762   -2.99236642 -2.90581234 -4.48810062 -4.52867268 -4.79282536
 -3.74380072 -5.10460173 -4.0530607  -4.59227256 -4.21407049]
log likelihood =  -2048.01431378
Edge derivatives =  [-2.725157394476674, -0.11109782074956218, -0.7977339592009467, 0.1454007230129517, 0.9077651054010355, 0.5599752161619076, -0.32814229571782183, -0.5904910336517359, -1.0587498390335381, 0.4435216223938167, 0.6019985470059108, 0.5814480856035997]
other derivatives: [-5.04946911 -0.54692464 -3.97344593  2.84048838  0.        ]
Current x array =  [-0.7742795  -0.46683118 -0.71011423  2.24722587  0.33647224 -5.23288227
 -2.63058051 -3.02006828 -2.93987317 -4.45710465 -4.51418144 -4.80980634
 -3.6983716  -5.15459885 -3.99737552 -4.57112478 -4.16350224]
log likelihood =  -2047.44053835
Edge derivatives =  [-1.8000395779520901, -0.7797618091323423, 0.9796995031506601, 2.2721502593015965, 0.7151076028915823, 0.6595620281594358, 0.03788117320834902, -2.202468087633111, -0.41085340421052596, -1.029566951154674, 0.4821814071216848, -0.6222507646785499]
other derivatives: [ 8.5015472  -6.70158897 -0.26630005  2.58237378  0.        ]
Current x array =  [-0.79417714 -0.45781361 -0.71846761  2.2565799   0.33647224 -5.51145834
 -2.60024323 -3.0549266  -2.97885097 -4.42021464 -4.51275012 -4.88221709
 -3.6328681  -5.30345345 -3.91073569 -4.55787399 -4.08865074]
log likelihood =  -2047.08620422
Edge derivatives =  [-1.3695852542078009, -0.6519946908118687, 1.6653220945331602, 2.524797779984154, 1.0150557813283203, 1.0291233710074048, 0.4784838702049773, -2.0262571664153985, 0.04155349819948852, -1.0017765195246118, 0.8049857113323063, -0.589469864540184]
other derivatives: [-4.19297521  1.02056674 -0.69860562  0.50774815  0.        ]
Current x array =  [-0.77489575 -0.46804034 -0.71689135  2.30845372  0.33647224 -5.68698328
 -2.60101344 -3.06996167 -2.98297609 -4.43685173 -4.54530422 -4.95408891
 -3.64058772 -5.41561147 -3.90812039 -4.58737017 -4.09166077]
log likelihood =  -2046.96797212
Edge derivatives =  [-1.2573045950677004, -0.4031101538151541, 1.3818966324539428, 1.9280276291021008, 1.1735164516780656, 1.1851512334907528, 0.6779021678921753, -1.6490206682320723, 0.20364735981363202, -0.7336744351969079, 0.9775996806908323, -0.3673258794339953]
other derivatives: [-1.41346845  1.30248736  0.32168828  0.04406502  0.        ]
Current x array =  [-0.77878887 -0.46831745 -0.71955959  2.32143836  0.33647224 -5.74517386
 -2.60711752 -3.06168044 -2.96856146 -4.4476906  -4.55983363 -4.98078317
 -3.6546433  -5.45459061 -3.91890076 -4.60231212 -4.10336307]
log likelihood =  -2046.78408322
Edge derivatives =  [-1.0756189620610193, -0.1410408181920726, 0.7966077028283859, 0.6759870732783217, 1.1271499955082405, 1.1865539286274753, 0.877698478312831, -1.058032876925934, 0.38952701484390395, -0.5309832917215943, 1.0058685038485686, -0.2792562486193303]
other derivatives: [ 1.82953954  0.60761067  0.81636244 -0.68221198  0.        ]
Current x array =  [-0.78375931 -0.46734459 -0.72086164  2.3426183   0.33647224 -5.85522008
 -2.61318394 -3.04637485 -2.94017804 -4.43880535 -4.559624   -5.00871903
 -3.67818815 -5.51064026 -3.92470331 -4.60308445 -4.10742056]
log likelihood =  -2046.59064533
Edge derivatives =  [-0.8766577881895732, -0.02767169231476653, -0.1425947676047096, -0.8527829765483462, 0.6761743033221275, 0.8579680336702135, 0.9511261169907425, -0.5408986551170673, 0.5182715270134207, -0.5903853889886707, 0.7242746216915753, -0.49948372582458395]
other derivatives: [ 3.29698651  2.69922111  2.39128894 -0.79990059  0.        ]
Current x array =  [-0.78697443 -0.47140334 -0.72474013  2.34746575  0.33647224 -6.00259266
 -2.6147252  -3.02324662 -2.90698466 -4.39526938 -4.52874166 -5.01911561
 -3.70048368 -5.56472502 -3.91614913 -4.57373246 -4.09389349]
log likelihood =  -2046.80110297
Edge derivatives =  [-0.6352254190328345, 0.12765266040706533, -0.6132447757814947, -2.357697763664159, -0.26540704421776384, 0.11651249258878438, 0.9137732943679969, 0.8225066234873353, 0.5914877309989054, -0.3908616927459809, 0.0455700118715497, -0.6533758347724661]
other derivatives: [ -0.84701242 -17.89137514  -6.79267487  -2.71234057   0.        ]
Current x array =  [-0.78073623 -0.44081    -0.70178429  2.40507154  0.33647224 -6.23306905
 -2.62237941 -3.01647356 -2.88139874 -4.31881876 -4.46675151 -5.01600137
 -3.76519333 -5.63152789 -3.92529681 -4.51731361 -4.09051337]
log likelihood =  -2046.51400793
Edge derivatives =  [-0.7841786638957446, 0.03593762812648961, -0.2891067582307289, -1.3489202618523102, 0.3686231636597659, 0.6129619304628863, 0.939575279490599, -0.061373041050516365, 0.5446719415353085, -0.516071506918827, 0.49950887729077054, -0.5477647428620976]
other derivatives: [ 1.91139407 -3.97378699 -0.65942913 -1.46187631  0.        ]
Current x array =  [-0.78484393 -0.46095494 -0.71690013  2.36713959  0.33647224 -6.08130621
 -2.61733931 -3.02093345 -2.89824642 -4.36915955 -4.50757045 -5.01805202
 -3.72258367 -5.5875399  -3.9192733  -4.55446399 -4.09273909]
log likelihood =  -2046.42806908
Edge derivatives =  [-0.7158773342557834, -0.0436910732205769, -0.5588353233627077, -1.5808804201408853, -0.11920651826584078, 0.22041943660531726, 0.8238033072339573, 0.047576682199709563, 0.5183772864053329, -0.7074245516334334, 0.13617107558650526, -0.8268260034552618]
other derivatives: [ 1.14803242 -1.16324372 -0.38837698 -1.12231646  0.        ]
Current x array =  [-0.78445056 -0.46582674 -0.71741885  2.35794334  0.33647224 -6.14334746
 -2.61396506 -3.01415681 -2.8930746  -4.32908093 -4.47245136 -5.00096072
 -3.7281678  -5.59320245 -3.90755702 -4.52048464 -4.07691234]
log likelihood =  -2046.35864804
Edge derivatives =  [-0.6667799604685202, -0.06095302406244417, -0.49127803070808873, -1.0946478037495937, -0.46011054469970614, -0.09813228499931392, 0.6820035697532872, 0.17258384598425688, 0.4697944920954345, -0.6616424021499545, -0.14495446270700277, -0.8450455312514565]
other derivatives: [-0.46622972 -0.21925644  0.43455657 -0.6761411   0.        ]
Current x array =  [-0.78214199 -0.46737734 -0.71934649  2.34523368  0.33647224 -6.18156838
 -2.61332073 -3.01519634 -2.90307323 -4.3037673  -4.44584321 -4.97789113
 -3.73490523 -5.58552443 -3.90964263 -4.49586571 -4.07665197]
log likelihood =  -2046.31800319
Edge derivatives =  [-0.5761974930965015, 0.11120731423979967, 0.09781540795937857, 0.20596999067420363, -0.7355369656451983, -0.4120091086083135, 0.4795515371277864, 0.5137801251261362, 0.42608986516408187, -0.26203478922198153, -0.40499090573713514, -0.5335065241857058]
other derivatives: [ 1.51198947  3.96928499 -4.09252152 -0.24338078  0.        ]
Current x array =  [-0.78460473 -0.47375461 -0.70795435  2.33163786  0.33647224 -6.25031173
 -2.61561822 -3.02449615 -2.92813881 -4.28246456 -4.41773919 -4.94439129
 -3.74892166 -5.57628785 -3.92806759 -4.47146461 -4.09446533]
log likelihood =  -2046.26143948
Edge derivatives =  [-0.5410576010218734, 0.11219602207890107, 0.13426625084339386, 0.5857190586386158, -0.7319033083850307, -0.4555841481235551, 0.45319130485574366, 0.5275515238867503, 0.43907375713031255, -0.08263503812633839, -0.42242021500337507, -0.33234866224204485]
other derivatives: [-1.32076821  1.09907887  0.31025138  0.095838    0.        ]
Current x array =  [-0.78008513 -0.46889333 -0.71883958  2.32252378  0.33647224 -6.28005618
 -2.61724797 -3.02620263 -2.93697615 -4.28518804 -4.4166915  -4.93760629
 -3.75173373 -5.57803889 -3.93888366 -4.47161249 -4.10722483]
log likelihood =  -2046.23930815
Edge derivatives =  [-0.5140271652998534, 0.1608037147806952, 0.1793616159088057, 0.6383760883225511, -0.5904244915733895, -0.3455839185870031, 0.5064761424106727, 0.5428416444685282, 0.49221819235180425, 0.051161598715800935, -0.312449787941203, -0.16714336336061908]
other derivatives: [-0.82359293  0.13262706  0.84232852  0.05868515  0.        ]
Current x array =  [-0.78055585 -0.46717421 -0.72019886  2.32362849  0.33647224 -6.3085018
 -2.61865759 -3.02674624 -2.93780486 -4.29567592 -4.42598502 -4.94442333
 -3.75236441 -5.59076596 -3.94573936 -4.48096087 -4.1167855 ]
log likelihood =  -2046.19913832
Edge derivatives =  [-0.43827100946038744, 0.22756926632766822, 0.11916011482231165, 0.5593977185128602, -0.34693201221827447, -0.1795290409096868, 0.5579071771982952, 0.527098148068338, 0.5998060161388312, 0.3496680007832648, -0.13647406523475658, 0.214344731000832]
other derivatives: [-0.31295713 -0.64719643  0.66502253  0.24801921  0.        ]
Current x array =  [-0.78094396 -0.46569932 -0.71972213  2.3186545   0.33647224 -6.4017751
 -2.62032476 -3.02390571 -2.93558232 -4.31426846 -4.44011134 -4.9494366
 -3.75184955 -5.61771373 -3.9610913  -4.4956893  -4.13936519]
log likelihood =  -2046.22883159
Edge derivatives =  [-0.3509252492402336, -0.04845661057159868, 0.18243112361047195, 0.5363554375103852, -0.33173812355498755, -0.2661765090244612, 0.28439224470883867, -0.023046227683315886, 0.5748280194559782, 0.29321840531222104, -0.22641581006189682, 0.3779803581148231]
other derivatives: [ 9.75567218 -5.86899205  2.18039986  0.99782937  0.        ]
Current x array =  [-0.79615514 -0.45847807 -0.72373133  2.30116687  0.33647224 -6.53256146
 -2.61015702 -3.0221967  -2.9321868  -4.31766675 -4.43104609 -4.90446372
 -3.72808411 -5.60511095 -3.95860602 -4.48672871 -4.14755329]
log likelihood =  -2046.18057868
Edge derivatives =  [-0.4027827328242701, 0.12221686880531486, 0.14283706318731432, 0.5497017731783481, -0.34126365468949127, -0.2128065667383443, 0.4548999646754092, 0.317902083823154, 0.5902090935016368, 0.327760561653043, -0.1710078343858487, 0.27665598984933554]
other derivatives: [ 3.58256784 -2.62130015  1.24459802  0.5329639   0.        ]
Current x array =  [-0.78674974 -0.46294312 -0.72125236  2.31197984  0.33647224 -6.45169348
 -2.61644395 -3.02325342 -2.93428632 -4.31556552 -4.43665133 -4.9322714
 -3.74277878 -5.61290351 -3.96014272 -4.49226923 -4.14249041]
log likelihood =  -2046.14379477
Edge derivatives =  [-0.3468059515766935, 0.06899473295923204, 0.03414872401008047, 0.2774524934870293, -0.21075207871785104, -0.15031898625714246, 0.4000753195437845, 0.1630745710317241, 0.6380460383801666, 0.45228466112275745, -0.10271065312027132, 0.49939094102091197]
other derivatives: [ 2.77320851 -2.19467893  0.37250629  0.6953087   0.        ]
Current x array =  [-0.7855713  -0.46358053 -0.7190027   2.30776336  0.33647224 -6.54214035
 -2.61459741 -3.01980685 -2.92821949 -4.32666769 -4.44199396 -4.92245153
 -3.73667582 -5.62429538 -3.96711915 -4.49792812 -4.15617506]
log likelihood =  -2046.07079177
Edge derivatives =  [-0.2537715933802793, -0.14770525291603717, 0.0766383911234911, -0.15045899328563717, -0.052544862359377255, -0.13827990013740332, 0.11516212291036891, -0.27759413408750183, 0.6326107899243077, 0.4615119367231689, -0.08809937239943738, 0.7275604523852104]
other derivatives: [ 0.8364168  -1.2019882  -0.34788172  0.47011781  0.        ]
Current x array =  [-0.7830736  -0.46516018 -0.71724341  2.31428044  0.33647224 -6.72388916
 -2.60733345 -3.01883567 -2.91787408 -4.34289209 -4.44323791 -4.87739565
 -3.71958199 -5.61754925 -3.96973012 -4.49921229 -4.170556  ]
log likelihood =  -2046.02526185
Edge derivatives =  [-0.19365858585461582, -0.27805993586605465, 0.14088507142689075, -0.39999839625976297, -0.004218007540338284, -0.20244260681473436, -0.20541291249627341, -0.5504959958876812, 0.5611647107069877, 0.31069529803889184, -0.1499085494158477, 0.7136405794085666]
other derivatives: [-0.14529178  0.02671641 -0.3238938  -0.020691    0.        ]
Current x array =  [-0.78211931 -0.46718949 -0.71744847  2.32802581  0.33647224 -6.87741545
 -2.60242422 -3.0181021  -2.91101842 -4.3501781  -4.43847305 -4.82876053
 -3.70963501 -5.59401026 -3.96370679 -4.49399053 -4.16966551]
log likelihood =  -2045.9967075
Edge derivatives =  [-0.1578495672443531, -0.2647288626366872, 0.052304320601259106, -0.4023707323322825, -0.007501141321023919, -0.2638468476265903, -0.43055717127653576, -0.555345159246774, 0.46172925049125796, 0.07495795019045956, -0.21438199340015382, 0.48898144341255484]
other derivatives: [-1.25326096 -1.29277851 -1.06922471 -0.29367584  0.        ]
Current x array =  [-0.78073737 -0.46521241 -0.71568821  2.33598173  0.33647224 -6.9916068
 -2.60275331 -3.01457712 -2.91076888 -4.35220494 -4.43551336 -4.79563569
 -3.71120807 -5.56682188 -3.95349963 -4.48984605 -4.15620564]
log likelihood =  -2045.99795644
Edge derivatives =  [-0.10145616226280768, 0.0081399101331973, -0.17165183641752124, -0.2925331757582915, 0.2186434838053685, -0.1414053200651575, -0.7086185713870912, -0.3815910241319662, 0.30757156399888963, -0.33499917588766515, -0.09718392718952978, 0.03321595595442783]
other derivatives: [ 0.60897491  4.87527814  2.87400326 -0.84139629  0.        ]
Current x array =  [-0.78416514 -0.47506584 -0.72604286  2.35099565  0.33647224 -7.23063364
 -2.60810739 -3.00316949 -2.90896521 -4.37216411 -4.44926511 -4.74868954
 -3.71938264 -5.51759215 -3.9334874  -4.49965131 -4.12629518]
log likelihood =  -2045.97423805
Edge derivatives =  [-0.12703962474714034, -0.12838180220351425, -0.0531722315472523, -0.34564068097756107, 0.10488620961946059, -0.2033749620243137, -0.5645163057218692, -0.4693908812842697, 0.3871738837664862, -0.12505124779919513, -0.1561937640581161, 0.2670429172446705]
other derivatives: [-0.33273864  1.77399215  0.88239176 -0.56365934  0.        ]
Current x array =  [-0.78242208 -0.47005524 -0.72077738  2.34336087  0.33647224 -7.10908525
 -2.60538477 -3.00897043 -2.9098824  -4.3620146  -4.44227216 -4.77256229
 -3.71522576 -5.54262614 -3.94366389 -4.4946652  -4.14150506]
log likelihood =  -2045.95452848
Edge derivatives =  [-0.11441686900428004, 0.02772078341471193, -0.16151803002604007, -0.10029614769971518, 0.12248478280098896, -0.18443754974160864, -0.5737713007671443, -0.2296438948443378, 0.33467260151862077, -0.22099565101792443, -0.13915160579426816, 0.06996684140657836]
other derivatives: [-0.36420715  0.54085376  0.36318397 -0.51065854  0.        ]
Current x array =  [-0.78225372 -0.46804368 -0.71950142  2.34197917  0.33647224 -7.15928325
 -2.61013303 -3.00539328 -2.91518385 -4.36326487 -4.44596017 -4.76923013
 -3.72603103 -5.52953468 -3.93945197 -4.49721942 -4.12974867]
log likelihood =  -2045.93672582
Edge derivatives =  [-0.09786702663581935, 0.2483803184310043, -0.2651288139870049, 0.23201145357266872, 0.19418811077938727, -0.08960781143122254, -0.48693658034737153, 0.1453825316554635, 0.3024940245895069, -0.21669843309381595, -0.04624886111870313, -0.0960582888776466]
other derivatives: [ 0.03058176 -0.33830929 -0.02676188 -0.24151632  0.        ]
Current x array =  [-0.78252198 -0.46649685 -0.71854029  2.33448834  0.33647224 -7.22875709
 -2.61670761 -3.00146227 -2.92214139 -4.36789516 -4.45667155 -4.77748002
 -3.74232723 -5.52061322 -3.94000992 -4.50630126 -4.11974903]
log likelihood =  -2045.92531021
Edge derivatives =  [-0.08519861377109669, 0.2412248807373466, -0.2135565443137844, 0.23270571285347308, 0.22671819584430847, -0.01338627764397926, -0.4231022955404015, 0.278165494910142, 0.27941029535731665, -0.16146306916154257, 0.021311375983226764, -0.1445737252109808]
other derivatives: [-0.13208137 -0.6787559   0.26011548 -0.00416094  0.        ]
Current x array =  [-0.78215555 -0.46590141 -0.71927873  2.32804471  0.33647224 -7.29273785
 -2.6165265  -3.00217017 -2.92195578 -4.3701276  -4.46475368 -4.78494246
 -3.74793325 -5.51234689 -3.94333874 -4.5128463  -4.11688717]
log likelihood =  -2045.97536488
Edge derivatives =  [-0.049269009306915044, 0.18251812460878414, 0.3298558620854255, 0.20210319274296673, 0.27200752565778935, 0.26396411921608487, -0.19330953279358207, 0.7405586427896556, 0.13534832961561374, 0.08749473690190526, 0.24662182985603837, -0.32184578632617217]
other derivatives: [ 4.42755663  3.70760063 -5.89470801  0.49240043  0.        ]
Current x array =  [-0.78866736 -0.47286549 -0.70407327  2.31381287  0.33647224 -7.53349942
 -2.61134168 -3.00995163 -2.9182184  -4.36895802 -4.49019451 -4.81546222
 -3.76334687 -5.46613316 -3.95548648 -4.53179738 -4.10494144]
log likelihood =  -2045.917969
Edge derivatives =  [-0.07413307814594644, 0.2273514960426899, -0.06713997665868573, 0.22722367011008915, 0.2392539177829902, 0.06044787234443927, -0.36163783215776557, 0.4010612046655387, 0.24261039215066224, -0.0951608253114021, 0.08136384333437709, -0.19055098387675656]
other derivatives: [ 1.07559117  0.49381015 -1.3365252   0.12616965  0.        ]
Current x array =  [-0.78386851 -0.46773334 -0.71527888  2.32430097  0.33647224 -7.35607111
 -2.61516261 -3.00421712 -2.92097265 -4.36981994 -4.47144599 -4.7929708
 -3.75198786 -5.50019019 -3.94653425 -4.51783146 -4.1137448 ]
log likelihood =  -2045.90350194
Edge derivatives =  [-0.05788451228184955, 0.030722233569383348, 0.12450295399728964, -0.022665296805982504, 0.24800284255195548, 0.1609609203865877, -0.2928425349421473, 0.4143784417582834, 0.19206402913914122, 0.009975693480278304, 0.16084311053108993, -0.20043542844234602]
other derivatives: [ 0.29406237  0.10804797 -0.373484    0.4249614   0.        ]
Current x array =  [-0.78268956 -0.46712034 -0.71772271  2.3164557   0.33647224 -7.47060137
 -2.60941234 -3.00863266 -2.91529121 -4.37074969 -4.48208998 -4.80244684
 -3.75207907 -5.48213506 -3.95318989 -4.52577525 -4.11332552]
log likelihood =  -2045.89440962
Edge derivatives =  [-0.048945017815069755, -0.12850975146621463, 0.235438263433161, -0.19775346111718728, 0.20897466672132403, 0.19614122181677718, -0.26803553815972314, 0.316219842153271, 0.13798735236433923, 0.060301989986450415, 0.17952265680983753, -0.18671904716809629]
other derivatives: [ 0.01671197 -0.0250111  -0.03028617  0.43460204  0.        ]
Current x array =  [-0.7823717  -0.46696107 -0.71859691  2.31645015  0.33647224 -7.55147114
 -2.60453648 -3.01113079 -2.91119927 -4.36802786 -4.48590854 -4.8071976
 -3.74711935 -5.46462779 -3.95669997 -4.52777954 -4.11425167]
log likelihood =  -2045.88108028
Edge derivatives =  [-0.03671821337182675, -0.2508418289426669, 0.2598865910757964, -0.18105600618835715, 0.039407631901133486, 0.2074736186134455, -0.1444095491110342, 0.15635006109664792, 0.009264470688630587, 0.126307895709539, 0.16434208406624803, -0.18380933410071787]
other derivatives: [-2.00118393  0.82757197  0.07923973  0.24356268  0.        ]
Current x array =  [-0.77957984 -0.46826887 -0.71877158  2.32151173  0.33647224 -7.67623299
 -2.60068677 -3.01150871 -2.91120369 -4.35464064 -4.48812024 -4.82912789
 -3.73842101 -5.42722905 -3.96150724 -4.52690828 -4.11507558]
log likelihood =  -2045.87664468
Edge derivatives =  [-0.027962938788247384, -0.3686197478786261, 0.2971439811414073, -0.17489424221884298, -0.1244902597573729, 0.19626397922306382, -0.0739359378299493, -0.10227178095839032, -0.1179532371235556, 0.1948725443679405, 0.12718552486217696, -0.0923245931670752]
other derivatives: [ 1.34082256 -1.00676516  0.79555775 -0.04954472  0.        ]
Current x array =  [-0.78464138 -0.46561223 -0.72058944  2.33050134  0.33647224 -7.81196422
 -2.59627835 -3.01132163 -2.90995003 -4.34213235 -4.48693014 -4.84292064
 -3.72491576 -5.39032742 -3.96595941 -4.52325977 -4.12019826]
log likelihood =  -2045.87080994
Edge derivatives =  [-0.03179508632874706, -0.23110869090239594, 0.18500450532464574, -0.03621832373509437, -0.09700417995700165, 0.1648784781643593, -0.09042819382716914, -0.012376411912451375, -0.0768873109835584, 0.14103481704760787, 0.10913804623706785, -0.12408430908943995]
other derivatives: [-0.04406502 -0.12441888  0.17996626 -0.05807124  0.        ]
Current x array =  [-0.78255179 -0.46688617 -0.71899188  2.33022104  0.33647224 -7.74854263
 -2.60062675 -3.00893621 -2.91346889 -4.34404508 -4.48389146 -4.83993968
 -3.72952097 -5.4031723  -3.96262598 -4.52161424 -4.11854809]
log likelihood =  -2045.86969716
Edge derivatives =  [-0.03294080570054706, -0.15004782376282935, 0.10785546957559375, 0.05399679615059627, -0.10219442026883041, 0.14463023018214605, -0.08220823390625198, 0.0052059417310377845, -0.06938220485128835, 0.12202293362436381, 0.09362622546611082, -0.11758463474820749]
other derivatives: [-0.15033947 -0.00745786  0.01300577 -0.0903583   0.        ]
Current x array =  [-0.78237738 -0.46704543 -0.71854678  2.33099193  0.33647224 -7.73214221
 -2.60306534 -3.00709913 -2.91550156 -4.34356276 -4.48181897 -4.84128023
 -3.73030656 -5.40576667 -3.96140474 -4.52011272 -4.11900151]
log likelihood =  -2045.86783212
Edge derivatives =  [-0.032861537550595885, -0.04294171351481081, -0.008011100579420317, 0.08604733937311992, -0.10428140966885946, 0.12122561079230021, -0.056733786104741266, 0.0011888808188601288, -0.07184997230808118, 0.09550397051218668, 0.07358141652143008, -0.0764716046151057]
other derivatives: [-0.07535164  0.00484306 -0.06602932 -0.07398739  0.        ]
Current x array =  [-0.78248848 -0.46707649 -0.71831948  2.33053616  0.33647224 -7.73817217
 -2.60631869 -3.00437402 -2.91623822 -4.34367397 -4.47904979 -4.84562715
 -3.7298793  -5.40521556 -3.9598878  -4.51811284 -4.12155849]
log likelihood =  -2045.86509155
Edge derivatives =  [-0.029793002463273394, 0.07769344857102617, -0.0901147621114376, 0.046668971320167785, -0.07258357005268584, 0.08398735696791892, -0.017006247410624512, -0.018706485391278796, -0.0857793567933331, 0.033228611734753284, 0.04017423735366611, 0.014560737527089841]
other derivatives: [ 0.15036221  0.33417109  0.12439614 -0.00463842  0.        ]
Current x array =  [-0.78285665 -0.46763512 -0.71877502  2.32868092  0.33647224 -7.78653123
 -2.6099235  -3.00232798 -2.91504787 -4.34725263 -4.47371169 -4.85280683
 -3.72828896 -5.40092366 -3.95656435 -4.51464943 -4.12713728]
log likelihood =  -2045.8704342
Edge derivatives =  [-0.024219880791226188, 0.1579235272553825, -0.17524351242347813, -0.14205500238847013, -0.017701627132729804, 0.029549110540085577, 0.04135874052274155, -0.06011528233522063, -0.1271818459731013, -0.07302591351893974, -0.01649134983096989, 0.1343370759227146]
other derivatives: [-0.51140887 -2.2643917  -1.24741746  0.14235866  0.        ]
Current x array =  [-0.7818151  -0.46365032 -0.71527513  2.32517464  0.33647224 -7.8918836
 -2.61325555 -3.00117701 -2.91164567 -4.35412826 -4.46622111 -4.86521391
 -3.72584927 -5.39069561 -3.95214858 -4.51015119 -4.13541265]
log likelihood =  -2045.86439338
Edge derivatives =  [-0.02825918606529594, 0.09825747564400499, -0.11129675968968498, -0.0007726311943552222, -0.05856043080414194, 0.07026392826948735, -0.0020570862109800508, -0.029123142312255677, -0.09621460238711119, 0.006379744304019913, 0.025859286882414984, 0.04509734120093739]
other derivatives: [-0.01716671 -0.32027856 -0.22218956  0.0326736   0.        ]
Current x array =  [-0.78259236 -0.46662399 -0.71788693  2.32779121  0.33647224 -7.81326417
 -2.610769   -3.00203592 -2.91418457 -4.34899731 -4.47181097 -4.8559551
 -3.72766989 -5.39832831 -3.95544386 -4.51350801 -4.12923714]
log likelihood =  -2045.86348549
Edge derivatives =  [-0.02613254599312629, 0.10225890771122782, -0.0745539865052674, -0.07043819415285835, -0.020778587878857543, 0.05934859856528463, 0.005967463818087304, -0.034474186751053515, -0.1009331220866706, -0.0240761713807002, 0.016632828828015065, 0.08451714826964958]
other derivatives: [ 0.09226824 -0.08978986 -0.04599769  0.08967618  0.        ]
Current x array =  [-0.78277551 -0.46700826 -0.7183371   2.32627702  0.33647224 -7.84734527
 -2.61086575 -3.00283089 -2.91239758 -4.35270147 -4.46965777 -4.85760508
 -3.72710188 -5.39652998 -3.9538927  -4.51247124 -4.13162812]
log likelihood =  -2045.86277122
Edge derivatives =  [-0.024318601889198144, 0.06711675624944081, -0.012839797299090072, -0.09886935737910307, 0.01300971268280508, 0.04578150597289099, 0.0048379467392730136, -0.035624985450215856, -0.10098086813374083, -0.04464146363180866, 0.007217109450994533, 0.10082678903929519]
other derivatives: [ 0.04702088 -0.02344223  0.09536052  0.09690666  0.        ]
Current x array =  [-0.78272059 -0.46711435 -0.71869813  2.32611177  0.33647224 -7.87441106
 -2.6098163  -3.00424391 -2.91154041 -4.35601248 -4.46750055 -4.8577702
 -3.72688015 -5.39622189 -3.95288932 -4.51156136 -4.13264948]
log likelihood =  -2045.86217549
Edge derivatives =  [-0.020990977978449538, -0.025863750086642684, 0.11018028047590439, -0.10405319188745743, 0.0659159452039368, 0.022900988208411577, 0.005177619630651355, -0.030919191826860724, -0.10184027177901527, -0.052780499789044935, -0.0050201628146019465, 0.10800309037614697]
other derivatives: [ 0.36243364  0.39972292 -0.33628567  0.06361915  0.        ]
Current x array =  [-0.78320972 -0.46778653 -0.71761169  2.32702104  0.33647224 -7.92888542
 -2.60674606 -3.00673395 -2.91081288 -4.36094655 -4.46363888 -4.85851666
 -3.7264628  -5.39542501 -3.95238187 -4.51018004 -4.13300096]
log likelihood =  -2045.8613845
Edge derivatives =  [-0.02027068414856, -0.057591081630784344, 0.12453280263538037, -0.057076723501425786, 0.0921718462584969, -0.002906173228778841, -0.0023095986810448502, -0.014353519637672375, -0.0874163151258944, -0.06694392655213818, -0.018894385466407305, 0.0938585912299508]
other derivatives: [-0.10029453  0.1114131   0.05470611  0.02819434  0.        ]
Current x array =  [-0.78251776 -0.46729951 -0.71858898  2.32801109  0.33647224 -7.93646756
 -2.60601998 -3.00723253 -2.91182085 -4.36362833 -4.46088768 -4.85731357
 -3.72744379 -5.39948214 -3.95171351 -4.50914024 -4.13227666]
log likelihood =  -2045.86102048
Edge derivatives =  [-0.020351471407281208, -0.061121144846016245, 0.10132691540610278, -0.008935892624160169, 0.0873986107150452, -0.01151895729142216, -0.0022679287822222963, -0.0075220908527898825, -0.08166010311937354, -0.05665985471551705, -0.02192133928105086, 0.07676550837929749]
other derivatives: [-0.11377779 -0.00591172  0.04677077 -0.00611635  0.        ]
Current x array =  [-0.78249208 -0.46710448 -0.71856023  2.32895324  0.33647224 -7.93432685
 -2.60592761 -3.00665848 -2.91287516 -4.36318779 -4.46019603 -4.85721457
 -3.72780749 -5.40116312 -3.95219162 -4.50892991 -4.13124145]
log likelihood =  -2045.86026107
Edge derivatives =  [-0.019344279773402386, -0.07693742498093008, 0.03908857125516137, 0.061647233823410974, 0.07627765636764283, -0.03657578352609925, 0.006688296460903735, -0.006908705856144497, -0.07405845982025673, -0.021730482634592735, -0.030074239282387824, 0.040266447095664085]
other derivatives: [-0.14963462 -0.0747832  -0.03528839 -0.07564722  0.        ]
Current x array =  [-0.78245859 -0.46698928 -0.71832787  2.33088987  0.33647224 -7.95795378
 -2.6054272  -3.00505129 -2.91432276 -4.36238187 -4.45779491 -4.85867533
 -3.72774344 -5.40312271 -3.95391292 -4.50827184 -4.12902297]
log likelihood =  -2045.86047296
Edge derivatives =  [-0.0170904707453894, -0.07275740579443213, 0.004591846534338001, 0.08926819188614465, 0.07892344546780633, -0.06776856577256951, 0.014588244418588516, 0.0036958204785144735, -0.05717936985436774, 0.01981486722975584, -0.03487175231989821, -0.009331943344630944]
other derivatives: [ 1.06867901 -0.71620434  0.26414    -0.08797088  0.        ]
Current x array =  [-0.78426315 -0.46603787 -0.71908877  2.33155831  0.33647224 -8.01573232
 -2.60536837 -3.00381072 -2.91444777 -4.36282229 -4.45429021 -4.85947193
 -3.72794232 -5.40707948 -3.95577718 -4.50779153 -4.12573509]
log likelihood =  -2045.85990462
Edge derivatives =  [-0.01831359735377884, -0.07508289707830924, 0.02392728671924979, 0.07389745284718796, 0.0774450525282987, -0.05034338684326756, 0.010175648370606364, -0.002232525660454697, -0.06659314717828145, -0.0033774966273386817, -0.03219851251682953, 0.01837298662887877]
other derivatives: [ 0.38921826 -0.35774974  0.09699761 -0.08103598  0.        ]
Current x array =  [-0.78325563 -0.46656906 -0.71866395  2.33118511  0.33647224 -7.98347358
 -2.60540122 -3.00450335 -2.91437797 -4.3625764  -4.45624694 -4.85902717
 -3.72783128 -5.40487035 -3.95473633 -4.5080597  -4.12757077]
log likelihood =  -2045.85923611
Edge derivatives =  [-0.016819756344776275, -0.0694797268960437, -0.03412742188154473, 0.07881945601836848, 0.06969608519349553, -0.07164798044451426, 0.022129142507019986, -0.008416788238273062, -0.06259703204578192, 0.026130222084031825, -0.03748466118628691, -0.007647460471157122]
other derivatives: [ 0.26925591 -0.22332642  0.004502   -0.09906671  0.        ]
Current x array =  [-0.7831144  -0.466786   -0.71840872  2.33170771  0.33647224 -8.02365701
 -2.60554389 -3.00301531 -2.9143918  -4.36216952 -4.45401485 -4.86110659
 -3.72738941 -5.4056813  -3.95621635 -4.50760344 -4.12599988]
log likelihood =  -2045.85818853
Edge derivatives =  [-0.014189217342572103, -0.03983003839068132, -0.08511527964552582, 0.027451579767658996, 0.0613655339667669, -0.09580223844140201, 0.03562932009571609, -0.015150588131213352, -0.05363691961539047, 0.06304471337208944, -0.03821518624816145, -0.046948832328528374]
other derivatives: [ 0.10304575 -0.02162324 -0.04074536 -0.06580194  0.        ]
Current x array =  [-0.78291738 -0.46711814 -0.71827413  2.33086213  0.33647224 -8.09934468
 -2.60640921 -3.00164471 -2.91311053 -4.36180495 -4.451366   -4.86344858
 -3.72692281 -5.40770557 -3.95805563 -4.50757457 -4.12361229]
log likelihood =  -2045.8572264
Edge derivatives =  [-0.011506604355788003, -0.003369317538688729, -0.07345115060971154, -0.04607367641815563, 0.054287812640197566, -0.10553958776451755, 0.0403681096511576, -0.017523185963083346, -0.04133559124984374, 0.08557730440820227, -0.02963555933841481, -0.08157592230073438]
other derivatives: [-0.01057288  0.11216343 -0.03542482  0.00436557  0.        ]
Current x array =  [-0.78277409 -0.46733639 -0.7182804   2.32900497  0.33647224 -8.1819547
 -2.60745916 -3.00171171 -2.91130433 -4.36130749 -4.45019741 -4.86428113
 -3.72680646 -5.41085251 -3.95912636 -4.50839052 -4.12148954]
log likelihood =  -2045.85616385
Edge derivatives =  [-0.008684934054012598, 0.032650977537163284, -0.021190288528151052, -0.0908207675471081, 0.04409026930595586, -0.10059834283247071, 0.04063217127609928, -0.018782575710163167, -0.027380030223358554, 0.08182385621600854, -0.014625948436375807, -0.0946508424057938]
other derivatives: [-0.09531504  0.02171419 -0.10491021  0.07212293  0.        ]
Current x array =  [-0.78264014 -0.46718491 -0.71809887  2.32722486  0.33647224 -8.27802636
 -2.60847095 -3.00263197 -2.91008807 -4.3601875  -4.45066933 -4.86439426
 -3.72691918 -5.41492445 -3.95880064 -4.50978925 -4.12069842]
log likelihood =  -2045.86125247
Edge derivatives =  [-0.003679562333384327, 0.18888580913009112, 0.0962115593673982, 0.03893889255902305, -0.01642748937655631, -0.04674035445948721, 0.02886472720443325, 0.029351074892911264, 0.03772806525283108, 0.06209728274057689, 0.05390512024937778, -0.11791927197777732]
other derivatives: [ 0.35915946  2.19879439  1.3545332   0.14717898  0.        ]
Current x array =  [-0.78333054 -0.47053677 -0.72179826  2.32490149  0.33647224 -8.48578831
 -2.61216232 -3.00355311 -2.9113548  -4.35244545 -4.45717899 -4.86005643
 -3.7298384  -5.43338537 -3.95622632 -4.51515413 -4.11854911]
log likelihood =  -2045.8557539
Edge derivatives =  [-0.007416559177619372, 0.06625842157019664, 0.004531619358954922, -0.06254769791960424, 0.031296216610718075, -0.08904447725784381, 0.038150760635887335, -0.008445671963134983, -0.013343891478266588, 0.07768281091597595, 5.549047339565433e-05, -0.09956806645994436]
other derivatives: [ 0.00181899  0.48967195  0.20809239  0.08813004  0.        ]
Current x array =  [-0.78278745 -0.4679001  -0.71888821  2.32672912  0.33647224 -8.32235633
 -2.60925857 -3.00282851 -2.91035835 -4.35853558 -4.45205829 -4.8634687
 -3.72754205 -5.41886344 -3.95825136 -4.51093395 -4.12023982]
log likelihood =  -2045.85468285
Edge derivatives =  [-0.004995386696657153, 0.08509527850686481, 0.09191864409840786, -0.061808426674935135, 0.017492692033536025, -0.06755726627584091, 0.03322074773375667, -0.007410909234617791, 0.0016545776467092599, 0.04709393806169052, 0.020980520335586644, -0.08805770927805107]
other derivatives: [-0.01080025  0.20154403  0.04956746  0.1292392   0.        ]
Current x array =  [-0.78272931 -0.46741915 -0.71848203  2.32567757  0.33647224 -8.42760764
 -2.60970227 -3.00445898 -2.9100939  -4.35667215 -4.45443293 -4.86267641
 -3.72793454 -5.42374798 -3.95647922 -4.51284356 -4.12094203]
log likelihood =  -2045.85386502
Edge derivatives =  [-0.0034955399684273762, 0.08367948198278378, 0.11179479470669304, -0.028000883976675772, -0.008479064328936428, -0.04008485114085192, 0.03198757243246168, -0.011206343016788377, 0.012303365829252993, 0.016530805894370733, 0.03951491827605788, -0.06160087313787416]
other derivatives: [-0.02612524 -0.04845333  0.0001819   0.11432348  0.        ]
Current x array =  [-0.78268787 -0.46700417 -0.71834477  2.32615889  0.33647224 -8.5165671
 -2.60953015 -3.0045193  -2.91065793 -4.35360457 -4.45786876 -4.8622282
 -3.72817224 -5.42747003 -3.95469838 -4.51449413 -4.1225379 ]
log likelihood =  -2045.85329122
Edge derivatives =  [-0.002560992711755036, 0.06001008098819771, 0.081539771906048, 0.012068512320103975, -0.03457072849945619, -0.010268041641401049, 0.03374934128286181, -0.014374857650797906, 0.019394700357688362, -0.01041553036247727, 0.05318995704817894, -0.022518922668093834]
other derivatives: [ 0.12207693 -0.05222773 -0.16134436  0.05902621  0.        ]
Current x array =  [-0.78291734 -0.46699368 -0.71792307  2.32773472  0.33647224 -8.59956189
 -2.60858905 -3.0033179  -2.91136216 -4.35040632 -4.46160795 -4.86209672
 -3.72831257 -5.43006253 -3.95302145 -4.51554558 -4.12483511]
log likelihood =  -2045.85421322
Edge derivatives =  [-0.0018834151305345756, -0.012280734066140941, -0.04487025270121359, 0.03860407007087707, -0.06411088161119802, 0.0005311671252993255, 0.03814637631100626, -0.024368291206500747, 0.02868252560650416, -0.027691455919022043, 0.04894907003052118, -1.509960390600612e-05]
other derivatives: [-0.63730567 -0.6998107   0.58253136 -0.03983587  0.        ]
Current x array =  [-0.78184671 -0.46596707 -0.71977316  2.33064901  0.33647224 -8.6964664
 -2.60670053 -3.00041028 -2.91218094 -4.34762029 -4.4642087  -4.86215936
 -3.72863071 -5.43324304 -3.95224268 -4.51546957 -4.12641757]
log likelihood =  -2045.85315371
Edge derivatives =  [-0.0023630986634305333, 0.0409280212132231, 0.048260297573559055, 0.019219623585734924, -0.04237193202093114, -0.007398791115107994, 0.03491915169709402, -0.017011172004233105, 0.021859572105391946, -0.01497706488102779, 0.05207280791027098, -0.016549665513488965]
other derivatives: [-0.07878498 -0.22325821  0.0359023   0.03283276  0.        ]
Current x array =  [-0.78263388 -0.46672188 -0.7184129   2.3285063   0.33647224 -8.62521796
 -2.60808905 -3.00254809 -2.91157894 -4.3496687  -4.46229652 -4.8621133
 -3.7283968  -5.43090459 -3.95281527 -4.51552546 -4.12525408]
log likelihood =  -2045.85302017
Edge derivatives =  [-0.002346743038668239, 0.022350927925585864, 0.01576847291602442, 0.023636176939341058, -0.04496133960300275, -0.0037875618584701787, 0.03690597188348489, -0.017256915672393146, 0.0214810171694359, -0.015160055624363837, 0.04975703547571199, -0.006451079875645714]
other derivatives: [-0.01405169 -0.12341843 -0.00695763  0.00388809  0.        ]
Current x array =  [-0.78275001 -0.46688763 -0.7183011   2.32931521  0.33647224 -8.639619
 -2.60746627 -3.00168175 -2.91165197 -4.34929714 -4.46279314 -4.86228951
 -3.72837103 -5.43077922 -3.95273962 -4.51522886 -4.12583621]
log likelihood =  -2045.85289488
Edge derivatives =  [-0.002371777812135695, -0.004384131022522109, -0.00975940790829407, 0.005906826702990697, -0.03921745840278529, -0.0024360718003580972, 0.03729368062124114, -0.016489484709338184, 0.01915057505796602, -0.01379185153088279, 0.0421500028649114, 0.003308064096935792]
other derivatives: [-0.03969944  0.01120952 -0.03415153 -0.01614353  0.        ]
Current x array =  [-0.78273949 -0.46711132 -0.7182325   2.32987699  0.33647224 -8.65167102
 -2.60664156 -3.00105016 -2.91127311 -4.34979529 -4.46293117 -4.86226694
 -3.72835947 -5.429997   -3.95281383 -4.5144761  -4.12642841]
log likelihood =  -2045.85279885
Edge derivatives =  [-0.0022742158334397664, -0.03184813683976792, -0.03856984316148643, -0.03026735057931529, -0.028439630458669447, -0.005513013756259566, 0.038991023505443756, -0.014274686711756905, 0.01784561801334407, -0.004653771495993282, 0.029865622717895095, 0.007783492230251536]
other derivatives: [ 0.14547368  0.01227818  0.02032721 -0.02378329  0.        ]
Current x array =  [-0.78304403 -0.46714199 -0.71837482  2.33017469  0.33647224 -8.68330031
 -2.60579275 -3.00031351 -2.91043462 -4.350846   -4.46248015 -4.86238406
 -3.72834271 -5.4292952  -3.95328736 -4.51330014 -4.12666743]
log likelihood =  -2045.85270234
Edge derivatives =  [-0.001966619852194502, -0.047212973657704785, -0.034741242499406036, -0.061168533131209735, -0.017171233833839436, -0.00629455632003173, 0.037019719608371617, -0.011855913131278588, 0.0176586995700411, -0.002867413854758083, 0.02013600539879034, 0.01051851657037061]
other derivatives: [-0.0512955   0.12291821 -0.01755325 -0.01573426  0.        ]
Current x array =  [-0.78277162 -0.46731771 -0.71827968  2.32995638  0.33647224 -8.72050532
 -2.60535698 -3.00037888 -2.90974287 -4.35193585 -4.46227419 -4.86210435
 -3.72844323 -5.42913434 -3.95343883 -4.51242951 -4.12688748]
log likelihood =  -2045.85261983
Edge derivatives =  [-0.001642554619801592, -0.044762171693624286, -0.01710722815922621, -0.06934650666014375, -0.01156141659330515, -0.005419357299614624, 0.034901007459456526, -0.008860281185472739, 0.01969966145908144, -0.003137523435886795, 0.016295363403765684, 0.009849213322918118]
other derivatives: [-0.06193659  0.08344614 -0.00163709 -0.00045475  0.        ]
Current x array =  [-0.78275247 -0.46725366 -0.71832198  2.3295589   0.33647224 -8.75361503
 -2.60542812 -3.00071887 -2.90949218 -4.35243823 -4.4622877  -4.86174214
 -3.72860155 -5.42968446 -3.95343509 -4.51209883 -4.12686103]
log likelihood =  -2045.85242289
Edge derivatives =  [-0.0008622932120014365, -0.027636344282346084, 0.009840791162932287, -0.041407235939334264, 0.004090929478360809, -0.0022104122083160815, 0.02697642561321812, 0.0016779341298662973, 0.023308180172019334, -0.000833272960063372, 0.0008432943733507406, 0.0086958337692951]
other derivatives: [-0.0351065   0.00186446  0.01123226  0.01678018  0.        ]
Current x array =  [-0.78277597 -0.46711005 -0.71835821  2.329119    0.33647224 -8.84289361
 -2.6058934  -3.00103527 -2.90985571 -4.35379877 -4.46254113 -4.86028793
 -3.72914325 -5.430638   -3.9535871  -4.51073215 -4.12682194]
log likelihood =  -2045.8523334
Edge derivatives =  [-0.00047927096337203445, -0.011580283596836313, 0.007425297694639725, -0.006714199000589338, 0.013510596895754075, -0.0003208668377793211, 0.019296224865710216, 0.0057984318611766505, 0.0219230446861363, 0.001421892955486205, -0.012366071936235526, 0.00886813046480655]
other derivatives: [-0.0153932  -0.05084075 -0.02551133  0.00841283  0.        ]
Current x array =  [-0.78279813 -0.46701648 -0.71826807  2.32936128  0.33647224 -8.89900575
 -2.60633559 -3.00074192 -2.91046726 -4.35466166 -4.46278461 -4.85893375
 -3.72937686 -5.43021975 -3.95377292 -4.50956645 -4.12686087]
log likelihood =  -2045.85243677
Edge derivatives =  [-5.413763686810957e-06, 0.024943731537694483, 0.029267238796724278, 0.04454785292585117, 0.014423172145227016, 0.006992014619702669, 0.009863884219390606, 0.00829195221210758, 0.022805649862673284, -0.001767840006323143, -0.014531571107066047, 0.009513141015162548]
other derivatives: [ 0.07555627  0.26982434  0.21020696  0.00568434  0.        ]
Current x array =  [-0.78293137 -0.46749883 -0.71886937  2.3293852   0.33647224 -8.96515798
 -2.60726063 -3.00085233 -2.9112435  -4.35459128 -4.46364227 -4.8571207
 -3.72956355 -5.4303724  -3.95353277 -4.50927069 -4.12681532]
log likelihood =  -2045.85231777
Edge derivatives =  [-0.0003455479823055996, -0.0018689633792642463, 0.013269816186628161, 0.0069368379139918, 0.01375405461993377, 0.0016219054589556858, 0.016795108540656713, 0.006462133733853244, 0.022157936106936595, 0.0005762747177761318, -0.012940159458492681, 0.00904052409838444]
other derivatives: [ 0.00877662  0.03440164  0.03715286  0.00775344  0.        ]
Current x array =  [-0.7828335  -0.46714454 -0.71842771  2.32936763  0.33647224 -8.91656865
 -2.60658118 -3.00077123 -2.91067334 -4.35464298 -4.46301231 -4.8584524
 -3.72942642 -5.43026028 -3.95370916 -4.50948793 -4.12684878]
log likelihood =  -2045.85229805
Edge derivatives =  [-0.00027062719204157693, 0.003060831639749767, 0.003944858826052146, 0.0196778271807857, 0.014414713860462443, 0.0029577335751282963, 0.013546221632790819, 0.005718853743881799, 0.020249481070581256, 0.00023288730674993208, -0.01642283053791991, 0.01038827552598831]
other derivatives: [ 0.01734861  0.01878107  0.00370619 -0.00291038  0.        ]
Current x array =  [-0.78284751 -0.46711813 -0.71834407  2.32966419  0.33647224 -8.93283268
 -2.60671064 -3.00047152 -2.91092156 -4.35470513 -4.46322985 -4.8578959
 -3.72941939 -5.42974827 -3.95372348 -4.50918038 -4.12693851]
log likelihood =  -2045.8522737
Edge derivatives =  [-0.00023560706675527327, 0.008141562174002581, -0.0036935431551110426, 0.020216327854865934, 0.012322903632836446, 0.003496486261832521, 0.009679427788406582, 0.0030042600648782294, 0.017550129077665854, -0.0006704039399173384, -0.016480650195939178, 0.009341596005995247]
other derivatives: [ 0.01812168  0.01168701 -0.013506   -0.00854925  0.        ]
Current x array =  [-0.78285392 -0.46710874 -0.71830295  2.32982532  0.33647224 -8.94413736
 -2.60685264 -3.00024789 -2.91092649 -4.35455569 -4.46338024 -4.85727636
 -3.72932888 -5.42903079 -3.95371733 -4.50919066 -4.12687586]
log likelihood =  -2045.85222386
Edge derivatives =  [-0.0001580864838585396, 0.010399458076451262, -0.017410519792296582, 0.00876751461558023, 0.003016923190174395, 0.003931589719218254, -0.0008966138663024179, -0.004472990256334686, 0.009832559584234962, -0.0037164222943467176, -0.011604823362369766, 0.004379570480401079]
other derivatives: [-0.01323315 -0.02512479 -0.00075033 -0.01537046  0.        ]
Current x array =  [-0.78282547 -0.46705927 -0.71834139  2.33004467  0.33647224 -8.97288371
 -2.60691462 -2.99986019 -2.91068342 -4.35385349 -4.46373201 -4.8556028
 -3.72909892 -5.42701555 -3.95368041 -4.50969654 -4.12657457]
log likelihood =  -2045.85235066
Edge derivatives =  [-5.2975713563796836e-05, 0.01882228333361448, 0.008122671612926645, -0.013996137675991949, -0.00586658290496439, 0.004205417449241189, -0.011992811457277128, -0.006712597262248328, 0.00229052417688032, -0.0037510600922265533, 0.002224348041312, -0.00543475656080622]
other derivatives: [ 0.20133939  0.19024355 -0.24731435  0.00379714  0.        ]
Current x array =  [-0.78315414 -0.46741201 -0.71773121  2.32950727  0.33647224 -8.99788658
 -2.6070194  -3.00027613 -2.91007069 -4.3530603  -4.46375595 -4.8539662
 -3.72891605 -5.42502564 -3.95367111 -4.51087564 -4.12588024]
log likelihood =  -2045.85221723
Edge derivatives =  [-0.00013833493641812787, 0.011936945488310202, -0.012748883196307667, 0.004625258103263641, 0.0013988929407193935, 0.003981728313929955, -0.002917440764542376, -0.004880300233273009, 0.008459280460956568, -0.0037219218311019264, -0.009082240845250413, 0.002591696884481666]
other derivatives: [ 0.0259206   0.01414264 -0.04565663 -0.01182343  0.        ]
Current x array =  [-0.78288538 -0.46712356 -0.71823017  2.32994672  0.33647224 -8.97744116
 -2.60693372 -2.99993601 -2.91057173 -4.35370891 -4.46373638 -4.85530448
 -3.72906559 -5.42665283 -3.95367872 -4.50991147 -4.12644801]
log likelihood =  -2045.85220643
Edge derivatives =  [-0.00012617726847061065, 0.008333103522836616, -0.01108733723508714, -0.006097684157459815, -0.0021220353903517106, 0.0032659914793145006, -0.005457834142964611, -0.006623418510151392, 0.006366464641052316, -0.004319279075879451, -0.005496993861770941, -0.00015447831894403047]
other derivatives: [ 0.0063892   0.00270575 -0.01830358 -0.00745786  0.        ]
Current x array =  [-0.78286238 -0.46710955 -0.71830142  2.32983907  0.33647224 -8.98304723
 -2.60683434 -2.99998696 -2.91034916 -4.35344853 -4.46373838 -4.85492127
 -3.72901362 -5.42610923 -3.95368264 -4.51026143 -4.12627885]
log likelihood =  -2045.85220118
Edge derivatives =  [-0.00011621659787503869, 0.0032339016702597756, -0.005662831612535051, -0.009679063564227652, -0.0030728810420410993, 0.0023120383021882907, -0.005820386370624186, -0.005688124267049698, 0.005438951018057027, -0.0035528141641082353, -0.0032828846781368416, -0.0015476156247149209]
other derivatives: [-0.00077307 -0.00059117 -0.00197815 -0.00236469  0.        ]
Current x array =  [-0.78285225 -0.46710547 -0.71834339  2.32970181  0.33647224 -8.98373301
 -2.60668731 -3.00012674 -2.91027035 -4.35339209 -4.46364941 -4.85487691
 -3.72905007 -5.42585563 -3.95373661 -4.51047358 -4.12619225]
log likelihood =  -2045.85219711
Edge derivatives =  [-9.878344238725776e-05, -0.0019312121623780154, 6.897683510480312e-05, -0.006473490020341033, -0.002981575417411491, 0.0011761462228923047, -0.00558866156076801, -0.00318972862443289, 0.004283367949967053, -0.0018555966634895005, -0.0016900018886979555, -0.0022330426212989404]
other derivatives: [-0.00948148  0.00031832  0.00361524  0.00140972  0.        ]
Current x array =  [-0.78283694 -0.46710538 -0.71835726  2.32959787  0.33647224 -8.98352972
 -2.60653621 -3.00026427 -2.91033118 -4.35342678 -4.46352984 -4.85492135
 -3.72914228 -5.42552767 -3.95384068 -4.51062792 -4.12615146]
      fun: 2045.8521971083187
 hess_inv: <17x17 LbfgsInvHessProduct with dtype=float64>
      jac: array([  9.48148227e-03,  -3.18323146e-04,  -3.61524144e-03,
        -1.40971679e-03,  -0.00000000e+00,   9.87834424e-05,
         1.93121216e-03,  -6.89768351e-05,   6.47349002e-03,
         2.98157542e-03,  -1.17614622e-03,   5.58866156e-03,
         3.18972862e-03,  -4.28336795e-03,   1.85559666e-03,
         1.69000189e-03,   2.23304262e-03])
  message: 'CONVERGENCE: REL_REDUCTION_OF_F_<=_FACTR*EPSMCH'
     nfev: 86
      nit: 75
   status: 0
  success: True
        x: array([-0.78283694, -0.46710538, -0.71835726,  2.32959787,  0.33647224,
       -8.98352972, -2.60653621, -3.00026427, -2.91033118, -4.35342678,
       -4.46352984, -4.85492135, -3.72914228, -5.42552767, -3.95384068,
       -4.51062792, -4.12615146])
