/home3/jxiong7/IGCexpansion/IGCexpansion/CodonGeneconv.py:276: FutureWarning: comparison to `None` will result in an elementwise object comparison in the future.
  if not x == None:
number of sites to be analyzed:  310
Successfully loaded parameter value from ./test/save/MG94_ERa_ERb_nonclock_save.txt
log likelihood =  -13588.2964658
Edge derivatives =  [-0.007318031321202567, -0.008481823474341982, 0.010707506581618453, -0.00951934611915184, -0.0076390312634403434, 0.00997846668446184, 0.009530210277270301, 0.008973992179090395, -0.01675790272738098, -0.005788462512103527, -0.009786997102153805, -0.001087179960224005, 0.02086064629466855, 0.0003141155064003698, -0.007993478925155034, -0.012983786527546032, -0.0010297294070018559, -0.010136287710127645, -0.016648861259637562, 0.005734715305274127, 0.019587475240079727, 0.020618307659645813, -0.010665048436962588, -0.00528562166174984, 0.0028391434638030955, 0.0021669441918223675, -0.005248114120607994, 0.0053035397825745845, 0.0051217701158769585, 0.0028407675316173414]
other derivatives: [ 0.09622454  0.0509317   0.0172804  -0.02528395 -0.01437002  0.01109584]
Current x array =  [-0.69194894 -0.83563717 -0.52408072  0.64526829 -2.57472157 -1.28059057
 -0.21332214  1.68717647 -0.23480743 -0.44930057 -1.35367932 -1.82420906
 -0.41033946 -1.57801986 -0.76885212 -1.66611172 -0.70063539 -1.59512527
 -1.17763106 -0.82314007 -1.94002702 -5.87809365 -1.05816133 -0.84620315
 -4.00195968 -2.97443742 -2.62861526 -3.49583434 -1.15898386 -0.74295917
 -2.06406545 -2.45854864 -1.1433012  -1.92156769 -4.07838606 -2.77154406]
log likelihood =  -13612.5134366
Edge derivatives =  [-0.926729282115935, 0.4626699242285473, -2.4295253619607067, -1.2400605495055228, -2.0278373463677433, -1.218389446112564, -1.7498127425000312, -1.3564189265250106, -0.8340312580169306, -0.49408472448998464, -0.996564327533636, -1.2177477734997126, -2.3306232589828424, -2.6989111841919105, -0.5336839751910791, -0.05542567168234497, -1.5388275693744573, -1.3962298608331953, -0.06797945839260297, -0.3040618244381954, -1.1425144483393916, -0.3597794036007874, -1.2819781167929138, -1.7173732137557653, -1.1301829433578006, -0.7201024694968157, -1.5599211765498648, -1.1892150391265661, -0.28157972537961634, -0.4600664970715683]
other derivatives: [-440.6858352  -125.46315702  -95.5282303    21.03661245   -2.94694473
    0.59044396]
Current x array =  [-0.5957244  -0.78470546 -0.50680032  0.61998434 -2.58909158 -1.26949473
 -0.22064017  1.67869465 -0.22409993 -0.45881991 -1.36131835 -1.81423059
 -0.40080925 -1.56904586 -0.78561003 -1.67190018 -0.71042238 -1.59621245
 -1.15677041 -0.82282596 -1.9480205  -5.89107744 -1.05919106 -0.85633944
 -4.01860854 -2.9687027  -2.60902779 -3.47521604 -1.16964891 -0.7482448
 -2.06122631 -2.45638169 -1.14854931 -1.91626415 -4.07326429 -2.7687033 ]
log likelihood =  -13588.2964628
Edge derivatives =  [-0.007624357211653943, -0.008221158636859377, 0.009966228925435416, -0.009888054046732764, -0.008312536068355136, 0.009576559564833442, 0.00886553761329023, 0.008480492996313038, -0.017014648252153708, -0.005932591077721025, -0.01017284434849941, -0.0014943098512596453, 0.019990445114136834, -0.0006271088360478849, -0.008217660135871913, -0.012998320243477246, -0.001607902982025733, -0.01061343950796384, -0.01667264401457555, 0.005624884115204912, 0.01917368188997723, 0.020486417176490385, -0.011116384795905487, -0.005839613192286652, 0.0024439441338846013, 0.0019120121269428636, -0.005795518866957172, 0.004878381686882649, 0.005018009301682537, 0.0026901864516793023]
other derivatives: [-0.03710738  0.00454747 -0.04547474 -0.02528395 -0.00818545  0.01073204]
Current x array =  [-0.69191464 -0.83561901 -0.52407456  0.64525928 -2.57472669 -1.28058661
 -0.21332475  1.68717345 -0.23480361 -0.44930396 -1.35368204 -1.8242055
 -0.41033606 -1.57801666 -0.7688581  -1.66611378 -0.70063887 -1.59512566
 -1.17762362 -0.82313996 -1.94002987 -5.87809828 -1.0581617  -0.84620677
 -4.00196562 -2.97443537 -2.62860828 -3.49582699 -1.15898766 -0.74296106
 -2.06406444 -2.45854786 -1.14330307 -1.9215658  -4.07838424 -2.77154305]
      fun: 13588.296462759283
 hess_inv: <36x36 LbfgsInvHessProduct with dtype=float64>
      jac: array([ 0.03710738, -0.00454747,  0.04547474,  0.02528395,  0.00818545,
       -0.01073204,  0.00762436,  0.00822116, -0.00996623,  0.00988805,
        0.00831254, -0.00957656, -0.00886554, -0.00848049,  0.01701465,
        0.00593259,  0.01017284,  0.00149431, -0.01999045,  0.00062711,
        0.00821766,  0.01299832,  0.0016079 ,  0.01061344,  0.01667264,
       -0.00562488, -0.01917368, -0.02048642,  0.01111638,  0.00583961,
       -0.00244394, -0.00191201,  0.00579552, -0.00487838, -0.00501801,
       -0.00269019])
  message: 'CONVERGENCE: REL_REDUCTION_OF_F_<=_FACTR*EPSMCH'
     nfev: 3
      nit: 1
   status: 0
  success: True
        x: array([-0.69191464, -0.83561901, -0.52407456,  0.64525928, -2.57472669,
       -1.28058661, -0.21332475,  1.68717345, -0.23480361, -0.44930396,
       -1.35368204, -1.8242055 , -0.41033606, -1.57801666, -0.7688581 ,
       -1.66611378, -0.70063887, -1.59512566, -1.17762362, -0.82313996,
       -1.94002987, -5.87809828, -1.0581617 , -0.84620677, -4.00196562,
       -2.97443537, -2.62860828, -3.49582699, -1.15898766, -0.74296106,
       -2.06406444, -2.45854786, -1.14330307, -1.9215658 , -4.07838424,
       -2.77154305])
number of sites to be analyzed:  310
Successfully loaded parameter value from ./test/save/MG94_Force_ERa_ERb_nonclock_save.txt
log likelihood =  -13701.114486
Edge derivatives =  [-0.006308527746486428, 0.01634310262525765, -0.056926172719753865, -0.013045444764694714, -0.009035232391651826, -0.015953454525237998, 0.05447027359577605, -0.004215373195489036, 0.004408604647509584, -0.011118381021233581, 0.01388967905121774, 0.009019329737803838, 0.009307973905459344, 0.052750810219741595, 0.005572632484453277, -0.018354349642785706, 0.013208771274730413, 0.017600958663506548, -0.03287088428477977, 0.007407068966931024, -0.006977995517960356, 0.03348727789280995, -0.004476244330594348, 0.04513279939500947, 0.0014427684838704824, -0.0007114714883335593, -0.008414077495077166, 0.00017494088234620842, 0.01653132774393002, 0.012602319529034012]
other derivatives: [ 0.04911271 -0.01273293  0.04802132  0.04692993  0.00873115  0.        ]
Current x array =  [-0.69816197 -0.84323582 -0.51332669  0.60883456 -2.59538392  0.33647224
 -0.58911709  1.73079984 -0.23915563 -0.44057939 -1.32887979 -1.67944933
 -0.33107231 -1.46953402 -0.72781308 -1.72584321 -0.61381167 -1.5466154
 -1.02212201 -0.74404313 -1.61491195 -5.51732038 -0.91536639 -0.76478987
 -3.94235941 -2.8440408  -2.54379505 -3.36352049 -0.98484093 -0.73526525
 -1.94500727 -2.38817928 -1.04161857 -1.79580046 -3.94688782 -2.6943783 ]
log likelihood =  -13712.8070693
Edge derivatives =  [-0.4486418445704604, -5.009070403422154, 3.3267689839757217, 0.43155921281911147, 1.1337158300375674, 0.4509515920109855, -8.29618950943809, -1.6061582312120033, 1.6132472050583893, 1.309479908860522, 0.016398960499827364, -0.653518419602485, -3.4869124904369997, -5.6079895791805905, -0.6560766135147477, -0.036048468828005, -2.3200904457459437, -2.6626525213375887, -0.05375361814059405, -0.22026135403576064, -0.14637678949540667, -0.09830920503952059, -0.3078548874656325, -3.9000554751212237, -0.3049639514937754, -0.005291873543698547, 0.5776778968823357, -0.04240484603859079, -0.2531021465889035, -0.19735836104335625]
other derivatives: [-215.95951694    7.64739525 -235.33248168  -10.15359885  -19.94485501
    0.        ]
Current x array =  [-0.64904926 -0.85596875 -0.46530537  0.65576448 -2.58665277  0.33647224
 -0.59542561  1.74714294 -0.29608181 -0.45362483 -1.33791502 -1.69540279
 -0.27660204 -1.47374939 -0.72340447 -1.73696159 -0.59992199 -1.53759607
 -1.01281403 -0.69129232 -1.60933932 -5.53567473 -0.90215762 -0.74718891
 -3.97523029 -2.83663373 -2.55077305 -3.33003321 -0.98931717 -0.69013245
 -1.9435645  -2.38889075 -1.05003265 -1.79562552 -3.93035649 -2.68177598]
log likelihood =  -13701.1144771
Edge derivatives =  [-0.006574894990835099, 0.011494165016946528, -0.05316549110271285, -0.012406339030454405, -0.007794783817643314, -0.015401220701912188, 0.04634621218669799, -0.005850395558915811, 0.00609487530747721, -0.009721214196292849, 0.013869623376885798, 0.008412521243844062, 0.00577632781527293, 0.04726010411229975, 0.0048233216403359425, -0.018372142890396015, 0.010888288051344341, 0.014996173236431171, -0.032896346774949015, 0.007202018552449313, -0.007113270380883191, 0.03335997358104753, -0.004743485844689421, 0.0412258546926112, 0.0011545937455184063, -0.0007138695298046782, -0.007767545412475485, 0.0001373276106368948, 0.016255356564249493, 0.012401081927796598]
other derivatives: [-0.09695214  0.00181899 -0.1717126   0.00673026 -0.03237801  0.        ]
Current x array =  [-0.69811204 -0.84324877 -0.51327787  0.60888227 -2.59537505  0.33647224
 -0.5891235   1.73081646 -0.23921351 -0.44059265 -1.32888897 -1.67946555
 -0.33101693 -1.4695383  -0.7278086  -1.72585451 -0.61379755 -1.54660623
 -1.02211254 -0.7439895  -1.61490628 -5.51733904 -0.91535296 -0.76477197
 -3.94239283 -2.84403327 -2.54380215 -3.36348644 -0.98484548 -0.73521936
 -1.94500581 -2.38818    -1.04162713 -1.79580028 -3.94687101 -2.69436549]
Traceback (most recent call last):
  File "Run_rebuild_Thornton_ERa_ERb.py", line 33, in <module>
    MG94.get_mle(True, True, 0, 'BFGS')
  File "/home3/jxiong7/IGCexpansion/IGCexpansion/CodonGeneconv.py", line 939, in get_mle
    self.save_likelihood(method)   
  File "/home3/jxiong7/IGCexpansion/IGCexpansion/CodonGeneconv.py", line 1633, in save_likelihood
    f.write(repr(2*len(self.x)-2*self.ll)-2)
TypeError: unsupported operand type(s) for -: 'str' and 'int'
