/home3/jxiong7/IGCexpansion/IGCexpansion/CodonGeneconv.py:276: FutureWarning: comparison to `None` will result in an elementwise object comparison in the future.
  if not x == None:
number of sites to be analyzed:  107
Successfully loaded parameter value from ./test/save/MG94_YLR333C_YGR027C_nonclock_save.txt
log likelihood =  -1261.99870185
Edge derivatives =  [-2.3911854969679925e-05, -0.00039824230332641264, -8.710770916581234e-05, 0.0015106456720411499, -0.002270693943649024, 3.65560506953716e-05, -0.0021405561806963, 0.0001440966874197147, 0.001958180995318526, -0.0034684190189345765, -0.0008860495228129039, -0.0008452937558899032]
other derivatives: [-0.00586624  0.00068212  0.00011369  0.00493401  0.00109139 -0.00065938]
Current x array =  [ -0.71985134  -0.51715844  -0.84359459   1.72260803  -1.90456322
   1.18809388 -13.7604966   -1.03858971  -1.53487345  -0.86038086
  -3.75523579  -3.01582077  -3.43237262  -3.17603869  -3.74399445
  -3.01799185  -3.16609367  -3.51296403]
log likelihood =  -1262.00751013
Edge derivatives =  [-2.3517045505987886e-05, 0.049170896032296574, 0.05078947202271411, 0.024762025984927077, 0.008101956961601382, 0.016966302341807488, 0.01798969855168224, 0.016213093589739387, 0.011110519757432269, 0.04558650267506448, 0.02432841419510029, 0.016107947304797338]
other derivatives: [ 2.78757852 -0.25763711 -0.04465619 -0.18617357  0.01948592  0.02978595]
Current x array =  [ -0.72571758  -0.51647632  -0.84348091   1.72754204  -1.90347183
   1.1874345  -13.76052052  -1.03898796  -1.53496056  -0.85887021
  -3.75750648  -3.01578421  -3.43451317  -3.17589459  -3.74203627
  -3.02146027  -3.16697972  -3.51380932]
log likelihood =  -1261.99870162
Edge derivatives =  [-2.390987726517969e-05, -0.00014944135842082096, 0.00016840087298891637, 0.0016252164171317307, -0.0022183795007052823, 0.00012141163992172854, -0.002039078543928069, 0.00022497798922906098, 0.0020042618223490294, -0.0032203257302204635, -0.0007589300110666386, -0.0007599076043482145]
other derivatives: [  8.43556336e-03  -5.91171556e-04  -6.82121026e-05   4.00177669e-03
   1.22781785e-03  -4.77484718e-04]
Current x array =  [ -0.719881    -0.51715499  -0.84359402   1.72263298  -1.9045577
   1.18809055 -13.76049672  -1.03859173  -1.53487389  -0.86037322
  -3.75524727  -3.01582058  -3.43238344  -3.17603796  -3.74398455
  -3.01800938  -3.16609815  -3.5129683 ]
      fun: 1261.9987016174737
 hess_inv: <18x18 LbfgsInvHessProduct with dtype=float64>
      jac: array([ -8.43556336e-03,   5.91171556e-04,   6.82121026e-05,
        -4.00177669e-03,  -1.22781785e-03,   4.77484718e-04,
         2.39098773e-05,   1.49441358e-04,  -1.68400873e-04,
        -1.62521642e-03,   2.21837950e-03,  -1.21411640e-04,
         2.03907854e-03,  -2.24977989e-04,  -2.00426182e-03,
         3.22032573e-03,   7.58930011e-04,   7.59907604e-04])
  message: 'CONVERGENCE: REL_REDUCTION_OF_F_<=_FACTR*EPSMCH'
     nfev: 3
      nit: 1
   status: 0
  success: True
        x: array([ -0.719881  ,  -0.51715499,  -0.84359402,   1.72263298,
        -1.9045577 ,   1.18809055, -13.76049672,  -1.03859173,
        -1.53487389,  -0.86037322,  -3.75524727,  -3.01582058,
        -3.43238344,  -3.17603796,  -3.74398455,  -3.01800938,
        -3.16609815,  -3.5129683 ])
number of sites to be analyzed:  107
Successfully loaded parameter value from ./test/save/MG94_Force_YLR333C_YGR027C_nonclock_save.txt
log likelihood =  -1345.64627162
Edge derivatives =  [-2.8908321211892634e-05, 0.007986199650098114, -0.0032076485903389657, -0.007707862815576144, 0.006732113313929811, 0.005595035890672728, -0.006939541963269898, 0.0006791414154865838, -0.006723434595501621, 0.006149746094068931, 1.6790153932910723e-05, -0.0059467489580294075]
other derivatives: [ 0.00161435  0.00911768  0.00266027 -0.00422915 -0.00338787  0.        ]
Current x array =  [ -0.71246704  -0.53781254  -0.86220088   1.37817967  -1.92536057
   0.33647224 -15.41021079  -0.62757055  -3.04585147  -0.62489119
  -3.41889028  -3.36711483  -3.42422573  -2.65743713  -3.33101828
  -2.62966926  -2.72544783  -2.93717589]
log likelihood =  -1345.66799216
Edge derivatives =  [-2.9042642954924504e-05, -0.3356068350752816, 0.05689608656126058, 0.3776063218925457, -0.02974043844616594, -0.0408260053874934, 0.02738375235735553, -0.025948668576857903, 0.01961732527439708, -0.08247158581792369, -0.011123482836046278, 0.03596356125947173]
other derivatives: [-0.77448021 -3.59875685 -0.57498255  0.19024355  0.14151738  0.        ]
Current x array =  [ -0.71085269  -0.52869485  -0.85954061   1.37395052  -1.92874844
   0.33647224 -15.4102397   -0.61958435  -3.04905912  -0.63259905
  -3.41215817  -3.3615198   -3.43116527  -2.65675799  -3.33774171
  -2.62351952  -2.72543104  -2.94312264]
log likelihood =  -1345.64626879
Edge derivatives =  [-2.8909830109027805e-05, 0.004148802269802132, -0.0025313604082470575, -0.0032959037753100273, 0.006325863007943605, 0.005075860784552966, -0.006548079190048305, 0.00038619886225463307, -0.006421049006255952, 0.0051619915337896005, -0.0001012139990331784, -0.005466139143005949]
other derivatives: [-0.00704858 -0.03087735 -0.00393356 -0.00202363 -0.00177351  0.        ]
Current x array =  [ -0.71244882  -0.53770964  -0.86217086   1.37813195  -1.9253988
   0.33647224 -15.41021112  -0.62748043  -3.04588767  -0.62497817
  -3.41881431  -3.36705169  -3.42430404  -2.65742947  -3.33109415
  -2.62959986  -2.72544764  -2.937243  ]
      fun: 1345.6462687917444
 hess_inv: <18x18 LbfgsInvHessProduct with dtype=float64>
      jac: array([  7.04858394e-03,   3.08773451e-02,   3.93356459e-03,
         2.02362571e-03,   1.77351467e-03,  -0.00000000e+00,
         2.89098301e-05,  -4.14880227e-03,   2.53136041e-03,
         3.29590378e-03,  -6.32586301e-03,  -5.07586078e-03,
         6.54807919e-03,  -3.86198862e-04,   6.42104901e-03,
        -5.16199153e-03,   1.01213999e-04,   5.46613914e-03])
  message: 'CONVERGENCE: REL_REDUCTION_OF_F_<=_FACTR*EPSMCH'
     nfev: 3
      nit: 1
   status: 0
  success: True
        x: array([ -0.71244882,  -0.53770964,  -0.86217086,   1.37813195,
        -1.9253988 ,   0.33647224, -15.41021112,  -0.62748043,
        -3.04588767,  -0.62497817,  -3.41881431,  -3.36705169,
        -3.42430404,  -2.65742947,  -3.33109415,  -2.62959986,
        -2.72544764,  -2.937243  ])
