/home3/jxiong7/IGCexpansion/IGCexpansion/CodonGeneconv.py:276: FutureWarning: comparison to `None` will result in an elementwise object comparison in the future.
  if not x == None:
number of sites to be analyzed:  134
Successfully loaded parameter value from ./test/save/MG94_YMR143W_YDL083C_nonclock_save.txt
log likelihood =  -1209.74997036
Edge derivatives =  [-4.09141338501862e-05, -0.0021797586485192283, -0.0018763283831840782, 0.0019468889441658366, 0.0014080818289723407, -0.0010767620864784305, -0.0022467256337753184, -0.002968254225560324, -0.0012732900669498491, -0.0015691176663173573, 0.0005224013502036842, 0.0003801904129284023]
other derivatives: [-0.00536602  0.          0.         -0.00234195 -0.00286491  0.00418368]
Current x array =  [ -0.71739449  -0.48653955  -0.95368999   2.43565996  -3.71558338
   1.15081914 -10.45689314  -2.64918997  -1.73327565  -2.02834406
  -3.54994198  -2.99638577  -4.77372405  -2.57265672  -5.55045885
  -2.91936739  -3.53205437  -3.40025225]
log likelihood =  -1209.75779928
Edge derivatives =  [-3.686739052831276e-05, 0.012807820135792486, 0.07072807660053215, -0.0012230263842759048, 0.0003823200109347308, 0.0070783286769565135, -0.0005255719624228418, 0.05188594292680054, -0.0011308049347256346, 0.007675596712251889, -0.015543433213652431, -0.006093943789406864]
other derivatives: [ 2.76236278 -0.01587068 -0.0608452  -0.03099103  0.03210516 -0.12648798]
Current x array =  [ -0.72276051  -0.48653955  -0.95368999   2.43331801  -3.71844828
   1.15500281 -10.45693406  -2.65136973  -1.73515198  -2.02639717
  -3.5485339   -2.99746253  -4.77597078  -2.57562497  -5.55173214
  -2.92093651  -3.53153196  -3.39987206]
log likelihood =  -1209.74997008
Edge derivatives =  [-4.089147172232075e-05, -0.0020924777389350335, -0.0014516429444084156, 0.001926429553585185, 0.0014016819893713159, -0.0010295550730745756, -0.002236838944911723, -0.0026462298519597804, -0.0012725749359599105, -0.0015154203141314465, 0.0004276505027502944, 0.0003414780567965875]
other derivatives: [  1.10276233e-02  -6.82121026e-05  -3.63797881e-04  -2.54658516e-03
  -2.68300937e-03   3.41060513e-03]
Current x array =  [ -0.71742603  -0.48653955  -0.95368999   2.4356462   -3.71560022
   1.15084373 -10.45689338  -2.64920278  -1.73328668  -2.02833262
  -3.54993371  -2.9963921   -4.77373726  -2.57267416  -5.55046633
  -2.91937662  -3.53205129  -3.40025002]
      fun: 1209.7499700807552
 hess_inv: <18x18 LbfgsInvHessProduct with dtype=float64>
      jac: array([ -1.10276233e-02,   6.82121026e-05,   3.63797881e-04,
         2.54658516e-03,   2.68300937e-03,  -3.41060513e-03,
         4.08914717e-05,   2.09247774e-03,   1.45164294e-03,
        -1.92642955e-03,  -1.40168199e-03,   1.02955507e-03,
         2.23683894e-03,   2.64622985e-03,   1.27257494e-03,
         1.51542031e-03,  -4.27650503e-04,  -3.41478057e-04])
  message: 'CONVERGENCE: REL_REDUCTION_OF_F_<=_FACTR*EPSMCH'
     nfev: 3
      nit: 1
   status: 0
  success: True
        x: array([ -0.71742603,  -0.48653955,  -0.95368999,   2.4356462 ,
        -3.71560022,   1.15084373, -10.45689338,  -2.64920278,
        -1.73328668,  -2.02833262,  -3.54993371,  -2.9963921 ,
        -4.77373726,  -2.57267416,  -5.55046633,  -2.91937662,
        -3.53205129,  -3.40025002])
number of sites to be analyzed:  134
Successfully loaded parameter value from ./test/save/MG94_Force_YMR143W_YDL083C_nonclock_save.txt
log likelihood =  -1246.97932819
Edge derivatives =  [-1.1577266059009454e-05, 0.0007565160708148111, -0.0004361293800599353, -0.0007077950692666035, -0.002497079404909869, 0.007409646611403656, -0.002015281840948787, 0.002562481801852312, -0.002926143032058298, 0.0004896823783676063, -0.006481515188093534, -0.004885131550370292]
other derivatives: [-0.00381988 -0.00841283  0.00309228 -0.00122782 -0.00341061  0.        ]
Current x array =  [ -0.73951835  -0.47038041  -0.9797803    2.29662774  -3.8553611
   0.33647224 -15.89065307  -2.39728261  -2.06271312  -2.05058907
  -3.17472824  -2.9508165   -4.54267164  -2.17679623  -4.92947894
  -2.46969075  -2.97105368  -3.17228088]
log likelihood =  -1247.0002616
Edge derivatives =  [-1.1456016733172021e-05, 0.06413758480381171, 0.08038009296812276, 0.10031950519201399, 0.03219599389896266, -0.028706577471168823, 0.0044363344919734725, 0.0006730220408761034, 0.006371092689860747, 0.06687302950867066, 0.10828722382496839, 0.07241213900195166]
other derivatives: [ 2.02278443  3.64170774 -0.67416295 -0.0565251   0.03160494  0.        ]
Current x array =  [ -0.74333823  -0.47879324  -0.97668802   2.29539992  -3.8587717
   0.33647224 -15.89066465  -2.39652609  -2.06314925  -2.05129686
  -3.17722532  -2.94340685  -4.54468692  -2.17423375  -4.93240508
  -2.46920107  -2.9775352   -3.17716602]
log likelihood =  -1246.97932742
Edge derivatives =  [-1.1576524711795019e-05, 0.0011400326441198677, 5.848031711003232e-05, -9.231604632525814e-05, -0.0022845795182546147, 0.007198161499282735, -0.001975629184925526, 0.0025597022269643888, -0.00286975641563824, 0.0008945654622271315, -0.005788402288351785, -0.004419277508713126]
other derivatives: [ 0.00832188  0.01377884 -0.00097771 -0.00161435 -0.00325144  0.        ]
Current x array =  [ -0.73954115  -0.47043063  -0.97976184   2.29662041  -3.85538146
   0.33647224 -15.89065314  -2.39727809  -2.06271573  -2.05059329
  -3.17474314  -2.95077227  -4.54268367  -2.17678093  -4.92949641
  -2.46968783  -2.97109237  -3.17231005]
      fun: 1246.979327418971
 hess_inv: <18x18 LbfgsInvHessProduct with dtype=float64>
      jac: array([ -8.32187652e-03,  -1.37788447e-02,   9.77706804e-04,
         1.61435310e-03,   3.25144356e-03,  -0.00000000e+00,
         1.15765247e-05,  -1.14003264e-03,  -5.84803171e-05,
         9.23160463e-05,   2.28457952e-03,  -7.19816150e-03,
         1.97562918e-03,  -2.55970223e-03,   2.86975642e-03,
        -8.94565462e-04,   5.78840229e-03,   4.41927751e-03])
  message: 'CONVERGENCE: REL_REDUCTION_OF_F_<=_FACTR*EPSMCH'
     nfev: 3
      nit: 1
   status: 0
  success: True
        x: array([ -0.73954115,  -0.47043063,  -0.97976184,   2.29662041,
        -3.85538146,   0.33647224, -15.89065314,  -2.39727809,
        -2.06271573,  -2.05059329,  -3.17474314,  -2.95077227,
        -4.54268367,  -2.17678093,  -4.92949641,  -2.46968783,
        -2.97109237,  -3.17231005])
