/home3/jxiong7/IGCexpansion/IGCexpansion/CodonGeneconv.py:277: FutureWarning: comparison to `None` will result in an elementwise object comparison in the future.
  if not x == None:
number of sites to be analyzed:  134
Successfully loaded parameter value from ./test/save/MG94_YMR143W_YDL083C_nonclock_save.txt
log likelihood =  -1209.7499689
Edge derivatives =  [-4.0853353389496455e-05, -0.0018834903233490574, -0.0007488135280226682, 0.0012228699599698412, 0.001247031559548091, -0.001047198041596073, -0.002184459169562787, -0.0018177031952562872, -0.0012737634002968701, -0.0013101070164126122, 7.25915963509724e-05, 5.292997152099577e-05]
other derivatives: [ 0.00866294 -0.00034106 -0.00029559 -0.00200089 -0.00218279  0.00175078]
Current x array =  [ -0.71742096  -0.48653801  -0.95369155   2.43558944  -3.71566747
   1.15091459 -10.45689447  -2.64925709  -1.73331989  -2.02829265
  -3.54989898  -2.99642128  -4.77379651  -2.57273793  -5.55050047
  -2.91941627  -3.53204499  -3.40024569]
log likelihood =  -1209.76958238
Edge derivatives =  [-4.131974739629037e-05, -0.004245256345956752, -0.03041302580851679, -0.0660587643555286, -0.014324666594242072, -0.01853373584925168, -0.0010739717899276024, -0.011540350949176686, -0.002766972044121566, -0.004702571618987558, -0.017471191820865026, -0.023975818197371032]
other derivatives: [-4.52405402  0.19870185  0.13026238  0.09588348 -0.00975433 -0.00813998]
Current x array =  [ -0.70875802  -0.48687907  -0.95398713   2.43358855  -3.71785026
   1.15266537 -10.45693533  -2.65114058  -1.7340687   -2.02706978
  -3.54865195  -2.99746848  -4.77598097  -2.57455564  -5.55177423
  -2.92072638  -3.5319724   -3.40019276]
log likelihood =  -1209.74996875
Edge derivatives =  [-4.0855981158302555e-05, -0.0018910690240762779, -0.0008328128974799953, 0.001037367397868777, 0.0012041606920441192, -0.001095949402026869, -0.002181829196968705, -0.0018457502076957288, -0.0012780375675144548, -0.0013206653284700692, 2.424224963229471e-05, -1.3398229780997584e-05]
other derivatives: [ -3.50155460e-03   1.81898940e-04   4.54747351e-05  -1.70530257e-03
  -2.20552465e-03   1.75077730e-03]
Current x array =  [ -0.71739741  -0.48653894  -0.95369235   2.435584    -3.7156734
   1.15091935 -10.45689458  -2.64926221  -1.73332192  -2.02828932
  -3.54989559  -2.99642413  -4.77380245  -2.57274287  -5.55050393
  -2.91941983  -3.53204479  -3.40024554]
      fun: 1209.7499687523923
 hess_inv: <18x18 LbfgsInvHessProduct with dtype=float64>
      jac: array([  3.50155460e-03,  -1.81898940e-04,  -4.54747351e-05,
         1.70530257e-03,   2.20552465e-03,  -1.75077730e-03,
         4.08559812e-05,   1.89106902e-03,   8.32812897e-04,
        -1.03736740e-03,  -1.20416069e-03,   1.09594940e-03,
         2.18182920e-03,   1.84575021e-03,   1.27803757e-03,
         1.32066533e-03,  -2.42422496e-05,   1.33982298e-05])
  message: 'CONVERGENCE: REL_REDUCTION_OF_F_<=_FACTR*EPSMCH'
     nfev: 3
      nit: 1
   status: 0
  success: True
        x: array([ -0.71739741,  -0.48653894,  -0.95369235,   2.435584  ,
        -3.7156734 ,   1.15091935, -10.45689458,  -2.64926221,
        -1.73332192,  -2.02828932,  -3.54989559,  -2.99642413,
        -4.77380245,  -2.57274287,  -5.55050393,  -2.91941983,
        -3.53204479,  -3.40024554])
number of sites to be analyzed:  134
Successfully loaded parameter value from ./test/save/MG94_Force_YMR143W_YDL083C_nonclock_save.txt
log likelihood =  -1246.97932518
Edge derivatives =  [-1.1576770977083842e-05, 0.0008487537855458305, -5.807081784547918e-06, 5.047082196896202e-05, -0.0021826250263594638, 0.006164151820632485, -0.0020081960654025864, 0.0018111572129561604, -0.002773442646637118, 0.0006646862684852317, -0.004679754407768855, -0.0036534588061536005]
other derivatives: [ 0.01327862  0.00368345 -0.00063665 -0.00138698 -0.00284217  0.        ]
Current x array =  [ -0.73955041  -0.47040817  -0.97976532   2.29659962  -3.85543552
   0.33647224 -15.89065334  -2.39726354  -2.06271974  -2.05059891
  -3.1747832   -2.95065755  -4.54271803  -2.17674575  -4.92954502
  -2.46967797  -2.97118634  -3.1723819 ]
log likelihood =  -1247.0305508
Edge derivatives =  [-1.1683481561978988e-05, -0.06780452917514491, -0.12480330805273226, -0.12996546715835394, -0.037547368404059145, -0.0954513752852479, -0.009331324939252348, -0.13929738897604987, -0.0017078899747705722, -0.10381990324050713, -0.003578232147644786, 0.0009625744401581399]
other derivatives: [-7.24712663 -1.58634066  0.31518539  0.20270363 -0.01441549  0.        ]
Current x array =  [ -0.72627178  -0.46672472  -0.98040196   2.29521264  -3.85827769
   0.33647224 -15.89066491  -2.39641479  -2.06272555  -2.05054844
  -3.17696582  -2.9444934   -4.54472622  -2.17493459  -4.93231846
  -2.46901328  -2.97586609  -3.17603536]
log likelihood =  -1246.97932476
Edge derivatives =  [-1.1577083936513043e-05, 0.0006502038898881096, -0.00036750260703438675, -0.00032644519879809764, -0.0022856776994997913, 0.00587194313507175, -0.0020299261235239355, 0.0014029700899103048, -0.002770791009885018, 0.00036233113338909884, -0.004678054605667253, -0.0036419621333533825]
other derivatives: [-0.00723048 -0.00079581  0.00027285 -0.00081855 -0.00286491  0.        ]
Current x array =  [ -0.73951222  -0.47039758  -0.97976715   2.29659563  -3.85544369
   0.33647224 -15.89065337  -2.3972611   -2.06271976  -2.05059877
  -3.17478948  -2.95063983  -4.5427238   -2.17674054  -4.92955299
  -2.46967606  -2.97119979  -3.1723924 ]
      fun: 1246.9793247562197
 hess_inv: <18x18 LbfgsInvHessProduct with dtype=float64>
      jac: array([  7.23048288e-03,   7.95807864e-04,  -2.72848411e-04,
         8.18545232e-04,   2.86490831e-03,  -0.00000000e+00,
         1.15770839e-05,  -6.50203890e-04,   3.67502607e-04,
         3.26445199e-04,   2.28567770e-03,  -5.87194314e-03,
         2.02992612e-03,  -1.40297009e-03,   2.77079101e-03,
        -3.62331133e-04,   4.67805461e-03,   3.64196213e-03])
  message: 'CONVERGENCE: REL_REDUCTION_OF_F_<=_FACTR*EPSMCH'
     nfev: 3
      nit: 1
   status: 0
  success: True
        x: array([ -0.73951222,  -0.47039758,  -0.97976715,   2.29659563,
        -3.85544369,   0.33647224, -15.89065337,  -2.3972611 ,
        -2.06271976,  -2.05059877,  -3.17478948,  -2.95063983,
        -4.5427238 ,  -2.17674054,  -4.92955299,  -2.46967606,
        -2.97119979,  -3.1723924 ])
