/home3/jxiong7/IGCexpansion/IGCexpansion/CodonGeneconv.py:277: FutureWarning: comparison to `None` will result in an elementwise object comparison in the future.
  if not x == None:
number of sites to be analyzed:  303
Successfully loaded parameter value from ./test/save/MG94_PR_GR_nonclock_save.txt
log likelihood =  -9941.87918177
Edge derivatives =  [0.012019257064663669, -0.025401624977539727, 0.006636773965114293, -0.01868839556537992, 0.005283073111940428, -0.005672026368091609, -0.014489368356356613, 0.014372760436085943, -0.009008016860851398, -0.014538609990140977, -0.012685454930219331, -0.021700923005438043, -0.023535060363400376, 0.0007519755723283048, 0.00962855814750363, 0.001373667187816563, 0.00126691453042721, 0.008565517520858407, 0.00533242957119566, 0.01086373541975183]
other derivatives: [-0.07621566 -0.00436557  0.01145963  0.06366463 -0.05929905  0.0003638 ]
Current x array =  [-0.66379099 -0.75713812 -0.60177343  0.54434472 -2.76243189 -1.72785173
  0.62721474  2.30047584  0.22549624 -0.37749777 -0.17106337 -0.14751759
 -0.33309908 -1.08216945 -0.9700923  -0.67169702 -2.33544992 -3.55045944
 -4.30647797 -2.76848389 -2.02950832 -1.16094802 -2.93195678 -3.30933234
 -2.60612103 -2.44743618]
log likelihood =  -9955.01883389
Edge derivatives =  [8.010004342462398, 16.730727285748035, 6.965265648134803, 4.506883158012117, 6.496103938238373, 6.707053666813861, 5.66895435295019, 2.3781325465228926, 4.271644848037577, 4.50496049263947, 1.1421983135659606, 0.2961650049598428, 0.06033573156419639, 0.26146319020564196, 0.47493216038567715, 1.6721168548798433, 0.20025022253717684, 0.06172347578554619, 0.22475356108807146, 0.06814712789439448]
other derivatives: [ 253.27699404    9.733958    -35.37152224  -28.40406523   56.84123607
    1.17361196]
Current x array =  [-0.74000665 -0.7615037  -0.59031379  0.60800935 -2.82173094 -1.72748793
  0.63923399  2.27507421  0.23213301 -0.39618616 -0.1657803  -0.15318961
 -0.34758845 -1.06779669 -0.97910032 -0.68623563 -2.34813538 -3.57216036
 -4.33001303 -2.76773192 -2.01987976 -1.15957435 -2.93068987 -3.30076682
 -2.6007886  -2.43657244]
log likelihood =  -9941.87917713
Edge derivatives =  [0.01696493412246064, -0.015140550422354182, 0.011060849766969416, -0.01578634585098053, 0.009305441149877636, -0.0014293158784639548, -0.010938319094393856, 0.015835211577116648, -0.0064126647334413756, -0.011735212688560481, -0.011971897554395552, -0.0215137010158101, -0.02348692518351394, 0.0009149019641299383, 0.009913479921777713, 0.002390204081461289, 0.0013912909307194077, 0.008600406551870068, 0.005466844254629372, 0.010899355834662505]
other derivatives: [ 0.11150405  0.00727596  0.00891305  0.04583853 -0.0165528   0.0007276 ]
Current x array =  [-0.66383726 -0.75714077 -0.60176647  0.54438337 -2.76246789 -1.72785151
  0.62722203  2.30046042  0.22550027 -0.37750912 -0.17106017 -0.14752103
 -0.33310788 -1.08216073 -0.97009777 -0.67170585 -2.33545762 -3.55047261
 -4.30649226 -2.76848344 -2.02950248 -1.16094718 -2.93195601 -3.30932714
 -2.60611779 -2.44742958]
      fun: 9941.879177131754
 hess_inv: <26x26 LbfgsInvHessProduct with dtype=float64>
      jac: array([-0.11150405, -0.00727596, -0.00891305, -0.04583853,  0.0165528 ,
       -0.0007276 , -0.01696493,  0.01514055, -0.01106085,  0.01578635,
       -0.00930544,  0.00142932,  0.01093832, -0.01583521,  0.00641266,
        0.01173521,  0.0119719 ,  0.0215137 ,  0.02348693, -0.0009149 ,
       -0.00991348, -0.0023902 , -0.00139129, -0.00860041, -0.00546684,
       -0.01089936])
  message: 'CONVERGENCE: REL_REDUCTION_OF_F_<=_FACTR*EPSMCH'
     nfev: 3
      nit: 1
   status: 0
  success: True
        x: array([-0.66383726, -0.75714077, -0.60176647,  0.54438337, -2.76246789,
       -1.72785151,  0.62722203,  2.30046042,  0.22550027, -0.37750912,
       -0.17106017, -0.14752103, -0.33310788, -1.08216073, -0.97009777,
       -0.67170585, -2.33545762, -3.55047261, -4.30649226, -2.76848344,
       -2.02950248, -1.16094718, -2.93195601, -3.30932714, -2.60611779,
       -2.44742958])
number of sites to be analyzed:  303
Successfully loaded parameter value from ./test/save/MG94_Force_PR_GR_nonclock_save.txt
log likelihood =  -9964.42163304
Edge derivatives =  [0.05675914632642309, -0.03167383590525119, -0.08401317245492743, 0.003188279128273644, -0.021061751268102058, 0.003346149072401383, -0.01775884862413593, 0.011356645332190315, -0.0013940318389576989, -0.027720330494493683, 0.031697165312634654, -0.059997653776250076, 0.015695338236473427, 0.01885459006446573, -0.006924434978085814, 0.012814870225633934, 0.03409324128807928, 0.01712842545640425, -0.0031855179751185264, 0.0027161785561942153]
other derivatives: [-0.01564331  0.03201421  0.0163709  -0.086402   -0.06129994  0.        ]
Current x array =  [-0.66419736 -0.7590861  -0.60006696  0.53230324 -2.79994248  0.33647224
  0.51365071  2.34823824  0.27469427 -0.30811362 -0.08995981 -0.05912695
 -0.25651431 -1.03212563 -0.90942379 -0.5918961  -2.27565345 -3.46027499
 -4.25709996 -2.70996927 -1.97526066 -1.10946613 -2.86531333 -3.26579532
 -2.53936335 -2.39937629]
log likelihood =  -9969.13340922
Edge derivatives =  [-0.23650374499125604, 11.215297316949169, 9.067611360892977, 3.2420543805172457, 4.158086386206532, 2.9375645475246452, 3.095193055020494, 1.0290061299069286, 2.1864269701788746, 3.9432470871150205, -0.22755852886369876, 0.06753300835023628, 0.06293743472611249, -0.34250104154232297, 0.875246909644701, -0.34969401291626645, -0.7486431559798754, -0.1762847623347465, 0.2849023933677397, 0.27019518529454667]
other derivatives: [ 69.04592738 -67.65621947 -48.56392479  19.8790076   37.00806701   0.        ]
Current x array =  [-0.67984067 -0.72707188 -0.58369606  0.44590124 -2.86124242  0.33647224
  0.57040986  2.31656441  0.1906811  -0.30492534 -0.11102156 -0.0557808
 -0.27427316 -1.02076898 -0.91081782 -0.61961643 -2.24395628 -3.52027264
 -4.24140462 -2.69111468 -1.9821851  -1.09665126 -2.83122009 -3.24866689
 -2.54254887 -2.39666011]
log likelihood =  -9964.42156985
Edge derivatives =  [0.05573392426591689, 0.006808459525540211, -0.05026813028982472, 0.014259556307006982, -0.006382971942526572, 0.013559767168912051, -0.006913381641758781, 0.014870546980393709, 0.006110230945819861, -0.013877508951690931, 0.03097480389694547, -0.059529447718524156, 0.01585588082960991, 0.017677067886251223, -0.0037951472496209337, 0.011668483659711515, 0.03147852657297599, 0.016500439765850902, -0.0021577137606901137, 0.0036767999319545774]
other derivatives: [ 0.21864253 -0.20063453 -0.17844286 -0.06366463  0.06766641  0.        ]
Current x array =  [-0.66425091 -0.7589765  -0.60001092  0.53200746 -2.80015233  0.33647224
  0.51384502  2.34812981  0.27440667 -0.3081027  -0.09003191 -0.05911549
 -0.25657511 -1.03208675 -0.90942856 -0.59199099 -2.27554494 -3.46048038
 -4.25704623 -2.70990472 -1.97528437 -1.10942226 -2.86519661 -3.26573668
 -2.53937425 -2.39936699]
log likelihood =  -9964.42152315
Edge derivatives =  [0.04330102567759142, 0.034067119277670144, -0.020207200436337683, 0.02114310641870036, 0.0021156048957532425, 0.016564629203241532, 0.0005437642550553679, 0.015732365449724214, 0.01078003069776401, -0.002419017345921093, 0.02853202368479281, -0.05917968031680862, 0.015723249574207718, 0.0161276507125398, -0.002580620239858722, 0.0065223751013738784, 0.027930001023014864, 0.015020173145370692, -0.001701423508274305, 0.003543027301826207]
other derivatives: [-0.10768417 -0.1717126   0.04056346  0.07530616  0.15352271  0.        ]
Current x array =  [-0.66416057 -0.75899693 -0.6000719   0.53165942 -2.80032407  0.33647224
  0.51408292  2.34802231  0.27407601 -0.30808192 -0.09011066 -0.05909462
 -0.25664253 -1.03203667 -0.90942942 -0.59209829 -2.27541219 -3.46073226
 -4.25698015 -2.70982625 -1.97531139 -1.10936916 -2.86505505 -3.2656651
 -2.53938696 -2.39935493]
log likelihood =  -9964.42149315
Edge derivatives =  [0.03290227596552642, 0.021701270865955857, -0.02198880382352967, 0.01803289107200036, 0.0015111522872006677, 0.014788040298635563, -0.0012620390297109763, 0.014215002729006013, 0.011928896725822424, -0.0034751327194905424, 0.02820800679993117, -0.05923732823995669, 0.01572367779034032, 0.015780465229628116, -0.0023115178692758587, 0.005372010773526448, 0.027423234743434555, 0.014647082438854257, -0.0010389258711086813, 0.0037764305240204354]
other derivatives: [ 0.00964064  0.04492904 -0.00600267  0.05838956  0.10750227  0.        ]
Current x array =  [-0.66420495 -0.75910694 -0.6000619   0.53167075 -2.80024681  0.33647224
  0.51413038  2.34803327  0.27403435 -0.30806733 -0.09011633 -0.0590827
 -0.25664818 -1.03202272 -0.909423   -0.59210931 -2.27538319 -3.46079022
 -4.25696482 -2.70980957 -1.97531531 -1.10936042 -2.86502564 -3.26564969
 -2.5393891  -2.39935171]
log likelihood =  -9964.4214724
Edge derivatives =  [0.01703170041742008, 0.006358043913907152, -0.02347945704946494, 0.0135591260352943, -0.0024773081264721775, 0.008913913986814404, -0.004484438302789884, 0.011530631146159542, 0.010838963868242235, -0.004190886495511803, 0.02695412976467125, -0.05921251346176696, 0.015610684314809616, 0.014867617320136611, -0.0022032133720892855, 0.0025785707534960456, 0.025862365510875562, 0.013934009154650213, -0.0009291709361914785, 0.0035297948857716532]
other derivatives: [ 0.05857146  0.09058567 -0.02110028  0.04038156  0.03965397  0.        ]
Current x array =  [-0.66421705 -0.759136   -0.60006406  0.53166876 -2.80015287  0.33647224
  0.5142155   2.34803882  0.27394632 -0.30804328 -0.09013017 -0.05906248
 -0.25666227 -1.03199739 -0.90941105 -0.59213388 -2.27532719 -3.46090223
 -4.25693523 -2.70977735 -1.97532319 -1.10934388 -2.86496866 -3.26562002
 -2.53939293 -2.39934544]
      fun: 9964.421472398702
 hess_inv: <26x26 LbfgsInvHessProduct with dtype=float64>
      jac: array([-0.05857146, -0.09058567,  0.02110028, -0.04038156, -0.03965397,
       -0.        , -0.0170317 , -0.00635804,  0.02347946, -0.01355913,
        0.00247731, -0.00891391,  0.00448444, -0.01153063, -0.01083896,
        0.00419089, -0.02695413,  0.05921251, -0.01561068, -0.01486762,
        0.00220321, -0.00257857, -0.02586237, -0.01393401,  0.00092917,
       -0.00352979])
  message: 'CONVERGENCE: REL_REDUCTION_OF_F_<=_FACTR*EPSMCH'
     nfev: 6
      nit: 4
   status: 0
  success: True
        x: array([-0.66421705, -0.759136  , -0.60006406,  0.53166876, -2.80015287,
        0.33647224,  0.5142155 ,  2.34803882,  0.27394632, -0.30804328,
       -0.09013017, -0.05906248, -0.25666227, -1.03199739, -0.90941105,
       -0.59213388, -2.27532719, -3.46090223, -4.25693523, -2.70977735,
       -1.97532319, -1.10934388, -2.86496866, -3.26562002, -2.53939293,
       -2.39934544])
