/home3/jxiong7/IGCexpansion/IGCexpansion/CodonGeneconv.py:277: FutureWarning: comparison to `None` will result in an elementwise object comparison in the future.
  if not x == None:
number of sites to be analyzed:  159
Successfully loaded parameter value from ./test/save/MG94_YBR191W_YPL079W_nonclock_save.txt
log likelihood =  -1467.2943318
Edge derivatives =  [-0.00037676256152145704, 0.00041287613687258917, -0.0010807622779545056, 8.471330418358125e-05, 0.0004570460040684392, -0.0001417704930624722, -0.0007559987462193545, 2.553934141358294e-05, 0.0016125747367787616, -0.0001494630324620494, -0.0012108917751030984, 0.0015786653520085264]
other derivatives: [  4.27462510e-03  -3.18323146e-04   0.00000000e+00  -6.82121026e-05
   1.09139364e-03  -4.54747351e-05]
Current x array =  [-0.70825509 -0.49454915 -0.86377519  2.10000484 -2.37739134  1.34332041
 -3.33687154 -2.12630965 -1.98103218 -2.2817153  -3.57855226 -4.08416444
 -3.87625955 -2.62660626 -3.99917389 -2.89910711 -4.07761746 -3.95395199]
log likelihood =  -1467.30006614
Edge derivatives =  [-0.0005861416606797107, -0.02020656444282748, -0.01158536929750334, -0.026311229029811145, -0.009952931811922971, -0.0042949507969078475, -0.004277384251619101, -0.018408343423196416, -0.007413793318701914, -0.00941418950546391, -0.00021239224402504892, -0.010456439104474899]
other derivatives: [-2.65840754  0.21304913  0.02387424  0.04724825 -0.05461516  0.00723048]
Current x array =  [-0.70398047 -0.49486747 -0.86377519  2.09993663 -2.37629994  1.34327494
 -3.3372483  -2.12589678 -1.98211294 -2.28163059 -3.57809521 -4.08430621
 -3.87701555 -2.62658072 -3.99756131 -2.89925657 -4.07882835 -3.95237332]
log likelihood =  -1467.29433177
Edge derivatives =  [-0.00037762951981887977, 0.00036154520587028394, -0.0011072235405966968, 1.905339315319554e-05, 0.0004311776672184728, -0.00015216907304557714, -0.0007648321603410113, -2.043042931332284e-05, 0.0015901380935018916, -0.00017272564504197674, -0.0012085090346686672, 0.001548766007229467]
other derivatives: [ -2.27373675e-03   2.04636308e-04   4.54747351e-05   4.54747351e-05
   9.77706804e-04   0.00000000e+00]
Current x array =  [-0.70824452 -0.49454993 -0.86377519  2.10000467 -2.37738864  1.3433203
 -3.33687247 -2.12630863 -1.98103485 -2.28171509 -3.57855113 -4.08416479
 -3.87626142 -2.62660619 -3.9991699  -2.89910748 -4.07762045 -3.95394809]
      fun: 1467.2943317669974
 hess_inv: <18x18 LbfgsInvHessProduct with dtype=float64>
      jac: array([  2.27373675e-03,  -2.04636308e-04,  -4.54747351e-05,
        -4.54747351e-05,  -9.77706804e-04,  -0.00000000e+00,
         3.77629520e-04,  -3.61545206e-04,   1.10722354e-03,
        -1.90533932e-05,  -4.31177667e-04,   1.52169073e-04,
         7.64832160e-04,   2.04304293e-05,  -1.59013809e-03,
         1.72725645e-04,   1.20850903e-03,  -1.54876601e-03])
  message: 'CONVERGENCE: REL_REDUCTION_OF_F_<=_FACTR*EPSMCH'
     nfev: 3
      nit: 1
   status: 0
  success: True
        x: array([-0.70824452, -0.49454993, -0.86377519,  2.10000467, -2.37738864,
        1.3433203 , -3.33687247, -2.12630863, -1.98103485, -2.28171509,
       -3.57855113, -4.08416479, -3.87626142, -2.62660619, -3.9991699 ,
       -2.89910748, -4.07762045, -3.95394809])
number of sites to be analyzed:  159
Successfully loaded parameter value from ./test/save/MG94_Force_YBR191W_YPL079W_nonclock_save.txt
log likelihood =  -1533.39662659
Edge derivatives =  [-8.397009039215237e-05, -0.00436504745850394, 0.0052451374875092105, 0.003671532109573661, -9.980611071534751e-05, -0.0002682563973268326, -0.003029349771607112, 9.430559681189443e-05, 0.0012368306714172841, -0.0018551394490547435, -0.0006281111479884555, -0.0014531678657265582]
other derivatives: [-0.00877662  0.0027967   0.00031832 -0.00104592  0.00088676  0.        ]
Current x array =  [-0.72681778 -0.46921397 -0.87869476  2.04131338 -2.59696757  0.33647224
 -7.19111344 -1.94604826 -1.91119934 -1.97967153 -3.38475986 -3.43703254
 -3.48889969 -2.31283631 -3.84001297 -2.58934363 -3.43541955 -3.88980493]
log likelihood =  -1533.42410356
Edge derivatives =  [-0.0018303745591790584, 0.09179361952130619, -0.11119539233424441, -0.07075667373281253, 0.015432650134484388, 0.015508157454376989, 0.030325658628984307, 0.044916254428509106, 0.007504058848030036, 0.06654655318997041, 0.01843608966033146, 0.016374858503196747]
other derivatives: [ 5.55708084 -1.69952727 -0.16352715 -0.10627446  0.04240519  0.        ]
Current x array =  [-0.7355944  -0.46641727 -0.87837643  2.04026746 -2.59608082  0.33647224
 -7.19119741 -1.9504133  -1.9059542  -1.976      -3.38485967 -3.4373008
 -3.49192904 -2.31274201 -3.83877614 -2.59119877 -3.43604766 -3.8912581 ]
log likelihood =  -1533.39662635
Edge derivatives =  [-8.921590797210345e-05, -0.0040841159600412125, 0.00489815920321629, 0.0034477741013671515, -5.5504151210722386e-05, -0.0002230161951220916, -0.0029322730785834236, 0.0002227194631609919, 0.001254480805659007, -0.001656608541485527, -0.0005732970697858164, -0.0014014558566878485]
other derivatives: [ 0.00777618 -0.00227374 -0.0001819  -0.00140972  0.00095497  0.        ]
Current x array =  [-0.72684357 -0.46920575 -0.87869382  2.0413103  -2.59696497  0.33647224
 -7.19111368 -1.94606108 -1.91118393 -1.97966074 -3.38476015 -3.43703333
 -3.48890859 -2.31283603 -3.84000934 -2.58934908 -3.4354214  -3.8898092 ]
      fun: 1533.3966263484112
 hess_inv: <18x18 LbfgsInvHessProduct with dtype=float64>
      jac: array([ -7.77617970e-03,   2.27373675e-03,   1.81898940e-04,
         1.40971679e-03,  -9.54969437e-04,  -0.00000000e+00,
         8.92159080e-05,   4.08411596e-03,  -4.89815920e-03,
        -3.44777410e-03,   5.55041512e-05,   2.23016195e-04,
         2.93227308e-03,  -2.22719463e-04,  -1.25448081e-03,
         1.65660854e-03,   5.73297070e-04,   1.40145586e-03])
  message: 'CONVERGENCE: REL_REDUCTION_OF_F_<=_FACTR*EPSMCH'
     nfev: 3
      nit: 1
   status: 0
  success: True
        x: array([-0.72684357, -0.46920575, -0.87869382,  2.0413103 , -2.59696497,
        0.33647224, -7.19111368, -1.94606108, -1.91118393, -1.97966074,
       -3.38476015, -3.43703333, -3.48890859, -2.31283603, -3.84000934,
       -2.58934908, -3.4354214 , -3.8898092 ])
