/home3/jxiong7/IGCexpansion/IGCexpansion/CodonGeneconv.py:275: FutureWarning: comparison to `None` will result in an elementwise object comparison in the future.
  if not x == None:
number of sites to be analyzed:  197
Successfully loaded parameter value from ./test/save/MG94_YMR142C_YDL082W_nonclock_save.txt
log likelihood =  -2054.05074747
Edge derivatives =  [-0.00103660400907718, -0.002462439151757645, 0.0032540049478632233, -0.005654618915350851, 0.0002530134372939032, -0.0022271062933072183, 0.00014890733606043316, -2.8672513451510895e-05, 0.00501153810836269, 0.0023862473377838367, 0.001088501063060271, 0.0037162819668918046]
other derivatives: [-0.01100489  0.018008    0.01700755 -0.00945874 -0.0079126   0.00677574]
Current x array =  [-0.67259415 -0.47524071 -0.80777546  1.98787532 -1.49557502  1.74134695
 -2.68897369 -1.92257011 -2.43256746 -1.73369704 -6.32553778 -3.10256635
 -3.9577953  -2.55176562 -3.62813268 -2.84381477 -3.34965585 -4.24688214]
log likelihood =  -2054.28160301
Edge derivatives =  [7.46283580279894e-05, 0.06106523640310507, -0.03106895740160512, 0.23875696480974953, -0.0014862746777464433, 0.042635229404103275, -0.04051630805137553, -0.04829058520658175, -0.11179080125847646, -0.1711273229818985, -0.0885177386434873, -0.06275617887163065]
other derivatives: [ 10.0291345  -13.54551387  -5.79548214   0.26520866   0.44124135
  -0.60435923]
Current x array =  [-0.68359903 -0.45723272 -0.79076791  1.97841658 -1.50348763  1.74812269
 -2.69001029 -1.92503255 -2.42931346 -1.73935166 -6.32528477 -3.10479346
 -3.9576464  -2.55179429 -3.62312114 -2.84142853 -3.34856735 -4.24316586]
log likelihood =  -2054.05074631
Edge derivatives =  [-0.0010270428318215064, -0.0023092907893939585, 0.0031879273428701976, -0.005086868287180579, 0.00024943464378676065, -0.0021224508891315164, 6.057282381272122e-05, -0.00012684499492676693, 0.004754904249138672, 0.002004525394127765, 0.0008928400721688601, 0.0035699983285272935]
other derivatives: [ 0.01191438 -0.01132321  0.0041382  -0.00886757 -0.00691216  0.00536602]
Current x array =  [-0.67261883 -0.47520031 -0.80773731  1.9878541  -1.49559277  1.74136215
 -2.68897601 -1.92257564 -2.43256016 -1.73370973 -6.32553721 -3.10257135
 -3.95779497 -2.55176568 -3.62812144 -2.84380942 -3.34965341 -4.2468738 ]
      fun: 2054.05074630521
 hess_inv: <18x18 LbfgsInvHessProduct with dtype=float64>
      jac: array([ -1.19143806e-02,   1.13232090e-02,  -4.13820089e-03,
         8.86757334e-03,   6.91215973e-03,  -5.36601874e-03,
         1.02704283e-03,   2.30929079e-03,  -3.18792734e-03,
         5.08686829e-03,  -2.49434644e-04,   2.12245089e-03,
        -6.05728238e-05,   1.26844995e-04,  -4.75490425e-03,
        -2.00452539e-03,  -8.92840072e-04,  -3.56999833e-03])
  message: 'CONVERGENCE: REL_REDUCTION_OF_F_<=_FACTR*EPSMCH'
     nfev: 3
      nit: 1
   status: 0
  success: True
        x: array([-0.67261883, -0.47520031, -0.80773731,  1.9878541 , -1.49559277,
        1.74136215, -2.68897601, -1.92257564, -2.43256016, -1.73370973,
       -6.32553721, -3.10257135, -3.95779497, -2.55176568, -3.62812144,
       -2.84380942, -3.34965341, -4.2468738 ])
number of sites to be analyzed:  197
Successfully loaded parameter value from ./test/save/MG94_Force_YMR142C_YDL082W_nonclock_save.txt
log likelihood =  -2197.02712789
Edge derivatives =  [-0.00010688638323994761, -0.0038085349344917363, -0.0025407629801366682, -0.01219476865471425, -0.008438843306435413, -0.0018750021976457198, -0.01096488871576208, -0.0012237658725354206, 0.006982391278610417, 0.006679099596514637, 0.0035011845378714046, -0.009082426888768674]
other derivatives: [-0.00427463  0.01464286  0.01200533  0.0001819  -0.00409273  0.        ]
Current x array =  [ -0.70840011  -0.46491931  -0.82445659   1.82319139  -1.88035173
   0.33647224 -14.66435746  -1.44279262  -2.29124511  -1.64081614
  -4.43726526  -2.95017915  -3.57164447  -2.21042387  -3.17141304
  -2.24947399  -2.72808553  -3.77714716]
log likelihood =  -2197.15558041
Edge derivatives =  [-0.00010635346477968905, 0.09929652677633591, 0.15872564370825668, 0.5608398530050223, 0.01187674172928381, 0.1361250233081816, 0.059691574725483615, 0.019474585206528672, -0.10494843931932206, -0.21249784350866005, -0.06227444141495103, 0.016640382849243893]
other derivatives: [  5.01304385e+00  -1.18270691e+01  -4.38340066e+00  -7.54880602e-03
   3.53793439e-01   0.00000000e+00]
Current x array =  [ -0.71267473  -0.45027644  -0.81245126   1.82337329  -1.88444446
   0.33647224 -14.66446434  -1.44660115  -2.29378587  -1.65301091
  -4.44570411  -2.95205415  -3.58260936  -2.21164764  -3.16443065
  -2.24279489  -2.72458434  -3.78622959]
log likelihood =  -2197.02712613
Edge derivatives =  [-0.0001068844510215656, -0.003402668067148562, -0.0019182789749501161, -0.010029401405967087, -0.008360934732280424, -0.0013571309813623922, -0.010695897884392347, -0.0011217591183425024, 0.0065814353024507555, 0.005894343456681994, 0.003273175368650405, -0.008980344289513664]
other derivatives: [ 0.01437002 -0.02773959 -0.00404725  0.00013642 -0.00281943  0.        ]
Current x array =  [ -0.70841588  -0.46486526  -0.82441228   1.82319207  -1.88036684
   0.33647224 -14.66435785  -1.44280667  -2.29125449  -1.64086115
  -4.43729641  -2.95018607  -3.57168495  -2.21042839  -3.17138726
  -2.24944934  -2.7280726   -3.77718068]
      fun: 2197.027126125711
 hess_inv: <18x18 LbfgsInvHessProduct with dtype=float64>
      jac: array([-0.01437002,  0.02773959,  0.00404725, -0.00013642,  0.00281943,
       -0.        ,  0.00010688,  0.00340267,  0.00191828,  0.0100294 ,
        0.00836093,  0.00135713,  0.0106959 ,  0.00112176, -0.00658144,
       -0.00589434, -0.00327318,  0.00898034])
  message: 'CONVERGENCE: REL_REDUCTION_OF_F_<=_FACTR*EPSMCH'
     nfev: 3
      nit: 1
   status: 0
  success: True
        x: array([ -0.70841588,  -0.46486526,  -0.82441228,   1.82319207,
        -1.88036684,   0.33647224, -14.66435785,  -1.44280667,
        -2.29125449,  -1.64086115,  -4.43729641,  -2.95018607,
        -3.57168495,  -2.21042839,  -3.17138726,  -2.24944934,
        -2.7280726 ,  -3.77718068])
74
