/home3/jxiong7/IGCexpansion/IGCexpansion/CodonGeneconv.py:275: FutureWarning: comparison to `None` will result in an elementwise object comparison in the future.
  if not x == None:
number of sites to be analyzed:  136
log likelihood =  -1608.42995865
Edge derivatives =  [-2.4201687250665636, 2.5298728866444797, -1.8871481350946442, 5.567388794523896, -13.438442492570239, -10.130994152777383, -18.775489957287945, -12.659797342277152, -23.01022402852556, -14.686431930908538, -12.685918800847222, -21.3351770495461]
other derivatives: [-70.66182661  15.09222329   1.78420123  64.9138201  -70.77030659
  16.0494892 ]
Current x array =  [-0.64241966 -0.69817773 -0.89231631  0.18232156 -0.10536052  0.33647224
 -2.30258509 -2.30258509 -2.30258509 -2.30258509 -2.30258509 -2.30258509
 -2.30258509 -2.30258509 -2.30258509 -2.30258509 -2.30258509 -2.30258509]
log likelihood =  -1548.60050388
Edge derivatives =  [-3.092744037344934, 4.241749305268013, 0.8602764394507232, 4.937141356667967, -9.924596272521912, -8.82426932710328, -14.035994489684503, -9.188778996311951, -17.761149317081742, -10.453103817655565, -10.066003775311616, -16.060587931274117]
other derivatives: [ 122.92916836   12.47317414    0.49860773   56.31891327  -71.85219602
    9.42122824]
Current x array =  [-1.19310588 -0.69312631 -0.88575192  0.68821205 -0.65689215  0.38840286
 -2.32144611 -2.28286913 -2.31729214 -2.25919697 -2.40731441 -2.3815386
 -2.44890743 -2.40124623 -2.48190983 -2.41704033 -2.4014498  -2.46885575]
log likelihood =  -1473.8019989
Edge derivatives =  [-2.0156014589347886, 5.761588644127493, 4.479773149338443, 5.996953916400127, -5.699870127220507, -5.6477215845387025, -9.05261920592789, -5.1274855740792455, -12.320114385380714, -5.556544421813305, -6.2222092867641985, -10.62447379307004]
other derivatives: [ 125.42350305    4.29668034  -11.71351869   25.09475507  -43.71213436
    6.37335233]
Current x array =  [-1.21622643 -0.65185664 -0.87912125  1.28736011 -1.34578471  0.45883747
 -2.34717474 -2.25252959 -2.32618227 -2.2074455  -2.52542724 -2.47516504
 -2.61450852 -2.51196644 -2.68677164 -2.54477948 -2.51532906 -2.65741263]
log likelihood =  -1406.49301394
Edge derivatives =  [-4.356013502576891, 3.0293859484026093, 1.4647375009129406, 0.2519603993721522, -4.463380163676336, -4.8563625180940635, -6.3156563126073895, -4.580305258528658, -8.405116944031947, -3.100834035019357, -4.287549625422675, -7.242937231129037]
other derivatives: [ 59.69159247  20.12263849  68.06694728   4.29133706 -10.52858352
   3.71489932]
Current x array =  [-0.89649176 -0.6728769  -1.38525187  1.91092201 -2.42216198  0.68484881
 -2.38715599 -2.08066328 -2.19200057 -1.98731761 -2.73101298 -2.64794388
 -2.94458736 -2.69995677 -3.12801855 -2.75199748 -2.72483272 -3.04395377]
log likelihood =  -1382.48837987
Edge derivatives =  [-3.0801052102048274, 2.601532776470323, 2.972365148101644, -0.15309209766263576, -1.6041765785850304, -1.9739527500359633, -2.9565634773468012, -1.1975596915385527, -5.1127998335360045, -0.5747967791123854, -1.069022533536684, -3.2348534076221696]
other derivatives: [-76.62847565 -46.40398856  -6.34809112   1.04093942   1.4114903
   3.0258434 ]
Current x array =  [-0.58948136 -0.48538012 -0.94522196  2.21721675 -2.99752002  0.8431247
 -2.44824937 -1.96608175 -2.11037306 -1.8732746  -2.87802669 -2.77974036
 -3.17325836 -2.83981625 -3.43316127 -2.88598312 -2.87051504 -3.31029266]
log likelihood =  -1376.18918054
Edge derivatives =  [-2.530271514533618, 3.433797649391543, 3.7363850584892964, 0.7283432256007211, -1.343839122143212, -1.7432670108693578, -2.890415278030459, -0.9502923194041829, -5.069506982929407, -0.14684611102686485, -0.9282501648899746, -3.1928971030159494]
other derivatives: [ 15.07498837   4.16205239  -5.96471637  -2.57771262   2.81759185
   3.34302968]
Current x array =  [-0.74460983 -0.61067672 -0.95287784  2.2466805  -2.98380511  0.82534431
 -2.45260527 -1.97635969 -2.12058853 -1.89136554 -2.87317478 -2.77628065
 -3.16315369 -2.83467731 -3.42009742 -2.88086203 -2.86380045 -3.29720239]
log likelihood =  -1375.41288932
Edge derivatives =  [-2.6227820967543853, 3.1378923018363993, 3.3359939742508122, 0.2975216241452234, -1.308962987543758, -1.6970278732955633, -2.778424968806822, -0.986384427277197, -4.910786878647888, -0.09632932813847413, -0.824904750329784, -3.0700659607932996]
other derivatives: [-1.14596332  3.7501195   1.86159923 -2.29179022  3.25403562  3.01106411]
Current x array =  [-0.7114139  -0.60656043 -0.99140123  2.26071728 -3.0299078   0.84720896
 -2.45943449 -1.9577176  -2.10269631 -1.8746932  -2.88694806 -2.78921462
 -3.18761924 -2.84678649 -3.45563966 -2.8920329  -2.87730474 -3.32578996]
log likelihood =  -1374.8323072
Edge derivatives =  [-2.6059466040748536, 2.8371320591342775, 3.0515002494243224, -0.06515017973562434, -1.1281400451297885, -1.4844512139076897, -2.500591996239557, -0.8238789031308743, -4.572696659316768, 0.02582876845279264, -0.600720799557461, -2.732986328867349]
other derivatives: [-9.10295057 -1.23927748  0.86297405 -2.39738256  3.94468316  2.52939572]
Current x array =  [-0.69450142 -0.59061896 -0.98758281  2.27919121 -3.08026089  0.87835314
 -2.4754021  -1.92967716 -2.07620515 -1.85696675 -2.90770877 -2.80987021
 -3.224276   -2.86507122 -3.51031653 -2.90660303 -2.89626927 -3.36803641]
log likelihood =  -1373.67937041
Edge derivatives =  [-2.5429703977351332, 2.1613311836660256, 2.269425135194529, -0.791895800467166, -0.7957651983328462, -1.0809267770079671, -1.9821599182580267, -0.5817270218040672, -3.908020155531817, 0.1655842133109518, -0.23752134656264112, -2.107483451122077]
other derivatives: [-14.19111868  -6.08224582   0.80815425  -2.43521754   4.67791779
   1.21663106]
Current x array =  [-0.6837823  -0.57641954 -0.98942764  2.2884479  -3.13733944  0.94673048
 -2.518729   -1.86331508 -2.01059315 -1.82642391 -2.94928716 -2.85378852
 -3.30152916 -2.90048292 -3.63131287 -2.93031293 -2.93170522 -3.45620098]
log likelihood =  -1371.5328799
Edge derivatives =  [-2.397468147382509, 0.6751136463326838, 0.35156278636208865, -1.9460739586341727, -0.18839759372857906, -0.34599953690666935, -1.0456488245519475, -0.17526097342613436, -2.728485838450537, 0.25808709791767187, 0.2863252287975954, -0.9859111070449206]
other derivatives: [-14.80163974  -4.18040145  -0.68607733  -1.89277216   4.56007001
  -1.51435415]
Current x array =  [-0.68352165 -0.58311865 -0.98334438  2.25386114 -3.1454382   1.07497594
 -2.63118687 -1.72032902 -1.86759548 -1.79136197 -3.02818027 -2.94175105
 -3.45736971 -2.96619844 -3.88944113 -2.96455979 -2.99196299 -3.63131551]
log likelihood =  -1394.23577002
Edge derivatives =  [-2.3716954387695828, -3.6862555182931387, -4.463571826365517, -1.4695965233672186, 0.567789982689626, 0.37292779348471855, 0.5353494551039925, 0.21315383315925313, -0.8217711896838675, 0.45515791065247363, 0.6849611966679776, 0.7149895353763922]
other derivatives: [  50.69323379 -162.47104213   36.79369911    1.03354978   -2.40950158
    1.52917892]
Current x array =  [-0.83239801 -0.33738907 -1.22045261  2.08377896 -2.82330601  1.09922051
 -2.95980421 -1.4995409  -1.6784743  -1.90385958 -3.12998355 -3.07229265
 -3.71718748 -3.05068185 -4.40631539 -2.98014762 -3.03939426 -3.90681143]
log likelihood =  -1371.14441376
Edge derivatives =  [-2.3644232915829577, 0.3235045344829832, -0.054124761822828354, -1.7937870098223203, -0.05371900167468073, -0.22765644038396776, -0.8186548040257106, -0.09467739590295593, -2.43613622466023, 0.3463961880079792, 0.3798898382478231, -0.7484029805163104]
other derivatives: [ -5.04692252 -15.62407306   4.36566552  -1.60277978   3.86557986
  -1.16258434]
Current x array =  [-0.7014196  -0.55357699 -1.01184958  2.23341383 -3.1067114   1.07789063
 -2.67069331 -1.69378583 -1.84485929 -1.80488646 -3.04041908 -2.95744478
 -3.48860506 -2.97635506 -3.95157986 -2.96643377 -2.99766519 -3.66443568]
log likelihood =  -1369.89719712
Edge derivatives =  [-2.2223000781522746, -0.8455033865368052, -1.7233589263705582, -2.198130441234767, 0.32266088410957955, 0.21013630106868197, -0.2370856249435284, 0.17577560580553653, -1.770767749786839, 0.28573898693836913, 0.5869392784818359, -0.06977286741946544]
other derivatives: [-0.4604999  -6.40138751  2.07658104 -0.27855549  2.01061994 -2.54019596]
Current x array =  [-0.7141541  -0.58126845 -0.99783848  2.15226809 -3.00493211  1.1451641
 -2.77503801 -1.59265595 -1.74492556 -1.81114395 -3.08647284 -3.01431746
 -3.5920459  -3.01364951 -4.14050064 -2.97528515 -3.02554833 -3.77772602]
log likelihood =  -1369.32381071
Edge derivatives =  [-1.9854457218299661, -0.9858480540181853, -2.0408709089715686, -1.5550746221524137, 0.4934133142973499, 0.34263761550973515, 0.028994396572223493, 0.3790236060945047, -1.4600921014629322, 0.44441788378486463, 0.6324778119100576, 0.22958831392144]
other derivatives: [ 0.31179752 -1.42345016  1.59550382  0.84173735 -0.07203198 -1.05037543]
Current x array =  [-0.71891864 -0.59780988 -0.99315919  2.09410738 -2.88566387  1.11963643
 -2.84974764 -1.57278542 -1.73758222 -1.85950709 -3.08986832 -3.02567809
 -3.62127244 -3.01616463 -4.22289728 -2.9645085  -3.01753393 -3.80526489]
log likelihood =  -1368.95408357
Edge derivatives =  [-1.5632187061028016, -0.5892783864396479, -1.3129471466743616, -0.41296365765358695, 0.6054139341520777, 0.40782748487820486, 0.2140542880192925, 0.5439691219904259, -1.197471424978184, 0.587298502766423, 0.5758710454658031, 0.44366234090489975]
other derivatives: [ 2.84994712  1.17513537 -0.64187589  0.85879037 -0.86060936  0.34608547]
Current x array =  [-0.72385952 -0.60691454 -0.98172616  2.08544508 -2.82664436  1.08811198
 -2.93258198 -1.58095207 -1.7748316  -1.91750247 -3.08208716 -3.02540441
 -3.63782197 -3.00991033 -4.30029573 -2.94955431 -3.00053955 -3.81661461]
log likelihood =  -1368.66810415
Edge derivatives =  [-1.0685535574759832, -0.1479841820159126, -0.3449138482072109, 0.8089325020094431, 0.6302390025103743, 0.3959756790290997, 0.3501883343942115, 0.5592103963832393, -0.9342387381117552, 0.5503945842708012, 0.36441425326789045, 0.5955935680272411]
other derivatives: [ 1.56971964  2.7126589   0.28135219  0.52468749 -1.09544089  1.0291842 ]
Current x array =  [-0.72050332 -0.61181026 -0.98787173  2.10047626 -2.8006002   1.06991162
 -3.04143821 -1.59136608 -1.82443301 -1.97381942 -3.06939887 -3.02284419
 -3.65899422 -2.99924662 -4.40830964 -2.92930681 -2.97935417 -3.830072  ]
log likelihood =  -1368.40495418
Edge derivatives =  [-0.6092637526964243, 0.14279467495618753, 0.5211957706549949, 1.4837073847214715, 0.46596094231791985, 0.26336113785163834, 0.39933936352630744, 0.35768290384906476, -0.6718082500944524, 0.1458704209313907, -0.03606098911633637, 0.6623386670178665]
other derivatives: [ 1.44671048  0.74121544 -2.12387476  0.06573373 -0.80094651  0.15345449]
Current x array =  [-0.71838815 -0.60564755 -0.97644569  2.11996278 -2.80677994  1.08163022
 -3.18393031 -1.59207296 -1.86268559 -1.99168857 -3.04530479 -3.01563743
 -3.6819412  -2.97937838 -4.56208013 -2.9000274  -2.95630053 -3.83977346]
log likelihood =  -1368.24451259
Edge derivatives =  [-0.24973589514696432, 0.3409971368909926, 1.1925349113793686, 1.6245910388214115, 0.2196152831006436, 0.09509168993116274, 0.4680109769790461, 0.09146692748709934, -0.3910374188435496, -0.1412297706199115, -0.3424180723375976, 0.7163582911821471]
other derivatives: [ 3.61458206  3.92453785  2.73214482 -0.86072305  0.52752966 -0.79905931]
Current x array =  [-0.72097886 -0.61482028 -1.00587516  2.16244158 -2.87399088  1.09391115
 -3.37592352 -1.58348447 -1.89028397 -1.96549655 -3.01308061 -3.00750176
 -3.71396035 -2.95577139 -4.78739428 -2.8725057  -2.93996787 -3.85120672]
log likelihood =  -1368.0942347
Edge derivatives =  [-0.23552489151905376, 0.04274820132052545, 0.9167596472011357, 1.204630501387078, 0.07673655202833826, -0.00376218367565051, 0.4945673296677129, -0.047751982983001595, -0.2955099447644941, -0.3445833516280382, -0.4469994829320109, 0.7378513494939751]
other derivatives: [-4.06193976 -0.44592525  1.71096417 -0.31134277  0.07698873 -1.20817276]
Current x array =  [-0.70698424 -0.60044572 -0.99870511  2.14808658 -2.86380856  1.09835923
 -3.45788431 -1.56696633 -1.87511461 -1.93769667 -2.99874125 -3.00539529
 -3.7245224  -2.94514526 -4.88550182 -2.85977587 -2.93623523 -3.85126497]
log likelihood =  -1368.00429148
Edge derivatives =  [-0.26579760191932716, -0.05869725336568021, 0.7365881498416039, 0.6715252124122101, -0.04656195321940379, -0.08253712912982741, 0.4688174974702459, -0.1391095155104627, -0.254213697665707, -0.3959126684211977, -0.44667159911214604, 0.6981443427415343]
other derivatives: [-2.40768259 -1.96637302  0.21536835 -0.20120297  0.14745183 -1.43870693]
Current x array =  [-0.71001468 -0.59603258 -0.99020346  2.14170706 -2.87234278  1.09732534
 -3.4995923  -1.5602551  -1.86167209 -1.90221621 -2.98555661 -2.99986582
 -3.72105267 -2.93576493 -4.93464095 -2.85341801 -2.93591702 -3.83929977]
log likelihood =  -1367.88934098
Edge derivatives =  [-0.3022825161931058, -0.18162016393713803, 0.375193686121541, -0.34153062299973, -0.2672698998686671, -0.2261853641605956, 0.44044960444289827, -0.26244814444835274, -0.16552736636962193, -0.32412502079543204, -0.36033749029827544, 0.6220780332121664]
other derivatives: [-0.48680704 -2.07537596 -0.63973857  0.07589733  0.14467787 -1.12677299]
Current x array =  [-0.71434731 -0.59592795 -0.98472517  2.12852651 -2.88235278  1.07696021
 -3.59898002 -1.55058083 -1.83756692 -1.83564797 -2.95681791 -2.98797933
 -3.71097211 -2.91584368 -5.04636506 -2.84065274 -2.93503963 -3.80893778]
log likelihood =  -1367.82113028
Edge derivatives =  [-0.2666642493988529, -0.07606912007852412, 0.226950531025581, -0.621871645014192, -0.32609513111624755, -0.2626023986246549, 0.43812083736891805, -0.23777073195814957, -0.10180578130426991, -0.09747665123834597, -0.20094097024793883, 0.5461780875828108]
other derivatives: [ 0.29929197 -0.97732027 -0.60877028  0.14290436  0.08849383 -0.17867023]
Current x array =  [-0.71630851 -0.59921998 -0.98432087  2.12622489 -2.88259196  1.04563658
 -3.68302305 -1.55157522 -1.82586671 -1.81168228 -2.94040943 -2.98288248
 -3.69569727 -2.9048209  -5.13212401 -2.83272678 -2.93575576 -3.77574805]
log likelihood =  -1367.77084488
Edge derivatives =  [-0.1850500451346953, 0.010344597359925572, 0.06564248241648296, -0.5013117424168297, -0.317785080113016, -0.2459222504969521, 0.433975780028566, -0.20182444403899708, -0.044513479149887056, 0.034428521388762026, -0.07447415606700962, 0.4193990391036871]
other derivatives: [ 1.1099246  -0.29285729  0.27766873  0.17701041 -0.13142198  0.52364157]
Current x array =  [-0.71827518 -0.60135757 -0.98851587  2.12559819 -2.87296221  1.02150679
 -3.78925908 -1.54916273 -1.81205519 -1.81012968 -2.93234927 -2.98624338
 -3.67949    -2.8992717  -5.24064677 -2.82279782 -2.93800882 -3.74005623]
log likelihood =  -1367.79411124
Edge derivatives =  [-0.09704832859022237, 0.18022695128876462, -0.07198847948738482, -0.4318556811896348, -0.3192073479492533, -0.2224381602508254, 0.32059710856637497, -0.20197538441951446, -0.014176793065916422, 0.0616462951745894, 0.027618193768808183, 0.09339476031743577]
other derivatives: [-4.10766461  5.45662715 -1.22965957 -0.02144134  0.14717898  0.68996542]
Current x array =  [-0.70860548 -0.618549   -0.97914213  2.13948799 -2.8892113   1.00861129
 -3.91894101 -1.54824164 -1.79390778 -1.80483671 -2.92740555 -2.99355778
 -3.64558582 -2.89567694 -5.37110227 -2.81125645 -2.94401489 -3.68215006]
log likelihood =  -1367.7545141
Edge derivatives =  [-0.1480295468021409, 0.07887742319379923, 0.014022554871751157, -0.4719432750623075, -0.3178809255496715, -0.23623711085893712, 0.39091830513868897, -0.20148243384504294, -0.0312306683726287, 0.046723643474537, -0.03418056661346269, 0.29588141757269454]
other derivatives: [-0.9041969   1.98699581 -0.30870524  0.09911219 -0.02166871  0.58962542]
Current x array =  [-0.71450388 -0.60806243 -0.98485999  2.13101539 -2.87929955  1.01647739
 -3.83983662 -1.54880349 -1.80497748 -1.80806535 -2.93042116 -2.98909609
 -3.66626696 -2.8978697  -5.29152601 -2.81829655 -2.94035126 -3.71747212]
log likelihood =  -1367.73012146
Edge derivatives =  [-0.08161058003324108, 0.13704662123691694, -0.01647348128437525, -0.14628929436205043, -0.27108356672439393, -0.19434761226068675, 0.3717242143665858, -0.18035345866968805, -0.00963291702459677, 0.04063279136031871, 0.0026706614393960104, 0.17572900909580566]
other derivatives: [-0.17646471  1.49927928  0.19131221  0.01978151 -0.11996235  0.71950126]
Current x array =  [-0.71575927 -0.60658671 -0.98746637  2.13481647 -2.87365371  1.01028803
 -3.90810751 -1.54674501 -1.79842073 -1.82047933 -2.93159979 -2.99589433
 -3.65456228 -2.89848937 -5.36035933 -2.81191949 -2.94230771 -3.69513045]
log likelihood =  -1367.70711429
Edge derivatives =  [-0.03236373941733966, 0.13773612373475846, -0.07897064996544625, 0.08269587609214196, -0.21273792904466596, -0.13894878266600352, 0.2907766382190388, -0.18493687194651603, -3.127147088402733e-05, -0.03258853950130425, 0.01774264923220449, -0.03558144553542084]
other derivatives: [-0.12478267  0.42361989  0.52191353 -0.07889867 -0.07751169  0.46475179]
Current x array =  [-0.7155342  -0.60310477 -0.98918613  2.14003698 -2.87699719  1.01432054
 -3.97583233 -1.54237693 -1.78833832 -1.82820602 -2.9378751  -3.00625476
 -3.63304807 -2.9030351  -5.42786329 -2.80711125 -2.94664682 -3.66616243]
log likelihood =  -1367.69588016
Edge derivatives =  [-0.011526186450969731, 0.0903699551354826, -0.09492858965389736, 0.226466734548004, -0.12831721933636756, -0.06655379901818509, 0.21280322906862498, -0.1575106652694902, -0.0031292755326097505, -0.09912019451216277, 0.008239547375313447, -0.1703212798218875]
other derivatives: [ 0.33057859 -0.04120011 -0.00893579 -0.10695658 -0.06584742  0.0715545 ]
Current x array =  [-0.71618383 -0.60175857 -0.98637068  2.13984076 -2.87701618  1.02548114
 -3.99853914 -1.53753206 -1.7828033  -1.83555531 -2.94955227 -3.01645592
 -3.61481681 -2.91226141 -5.44820964 -2.80806117 -2.9504334  -3.65264738]
log likelihood =  -1367.69094375
Edge derivatives =  [-0.021822107958021118, 0.01753664253452797, -0.10297319790710337, 0.14656817584956236, -0.0818262666810044, -0.02843461119186219, 0.15788055755477998, -0.13391470235625103, -0.008111736792584928, -0.10356134844836706, 0.0037165979905093294, -0.21451615288190906]
other derivatives: [-0.22469067 -0.33696779  0.05516085 -0.06041319 -0.01568878 -0.14179022]
Current x array =  [-0.71511586 -0.60074684 -0.9867612   2.13781473 -2.88076637  1.03282303
 -3.99593154 -1.53438424 -1.78167941 -1.83216397 -2.95742132 -3.02135753
 -3.60292813 -2.91948665 -5.44383756 -2.8117958  -2.95251255 -3.65112581]
log likelihood =  -1367.68740307
Edge derivatives =  [-0.034080510573745025, -0.031187183426515747, -0.060455304303822024, 0.061261044846429, -0.024676002226785176, 0.015486748479691115, 0.12116007105051407, -0.07729247331130047, -0.0118605051813216, -0.05585243563002347, 0.013450664995458786, -0.19924388543314994]
other derivatives: [-0.13912995 -0.26816451 -0.14929356 -0.02457909  0.03967671 -0.19824711]
Current x array =  [-0.71526319 -0.60095955 -0.98585885  2.13513156 -2.88334602  1.03706872
 -3.98298392 -1.53261327 -1.78395012 -1.82866197 -2.96523976 -3.02492511
 -3.59271016 -2.9273589  -5.428399   -2.81713489 -2.95373784 -3.65594577]
log likelihood =  -1367.68421146
Edge derivatives =  [-0.041342506815529895, -0.08297357345328274, -0.034386153823597186, -0.04786776522888839, 0.024866816715004403, 0.04886263452737222, 0.08207707278603123, -0.005860681301131182, -0.0083727736239329, 0.010701470619428222, 0.02935910361677871, -0.1376212415048634]
other derivatives: [-0.73318915 -0.30379397  0.04386038  0.08224106 -0.0231239  -0.05873062]
Current x array =  [-0.71432433 -0.60080817 -0.98695417  2.13062939 -2.8809679   1.03586249
 -3.98686388 -1.5308459  -1.78633927 -1.82310001 -2.97110273 -3.02725826
 -3.57848957 -2.93532074 -5.43009262 -2.82056235 -2.95318112 -3.66507154]
log likelihood =  -1367.68307887
Edge derivatives =  [-0.03344202770590368, -0.06709978742634443, 0.029116204497905175, -0.05366111367255286, 0.06706850776049328, 0.07886061534651867, 0.03968802840238059, 0.05298369685861595, -0.005988955598367507, 0.050980428842072226, 0.03605954942830204, -0.08708504036101915]
other derivatives: [ 0.54426437  0.54758402  0.22180302  0.04831691 -0.00238742  0.00222826]
Current x array =  [-0.7167863  -0.60354252 -0.98819915  2.12993678 -2.88042627  1.03575062
 -3.99443634 -1.53078145 -1.78901538 -1.82179899 -2.97602231 -3.02911058
 -3.56500583 -2.94202955 -5.43529786 -2.82240024 -2.95225965 -3.67310276]
log likelihood =  -1367.68183651
Edge derivatives =  [-0.031207074571293153, -0.056489645626576684, 0.008290039685496582, -0.04944940890491831, 0.04613841530816465, 0.061372067096722716, 0.053597359975818604, 0.03853494371112702, -0.003104814754413365, 0.045624431215546726, 0.038592758539652675, -0.08577697688661803]
other derivatives: [ 0.05600214  0.19977051  0.13717454  0.06450591 -0.04054073  0.07451035]
Current x array =  [-0.71586439 -0.60243064 -0.98762088  2.13025639 -2.87911873  1.0328323
 -4.0012335  -1.53139262 -1.78803992 -1.82158246 -2.97279686 -3.02752573
 -3.56761246 -2.93917939 -5.44292516 -2.82048478 -2.95169922 -3.67140148]
log likelihood =  -1367.6812701
Edge derivatives =  [-0.025859190826330893, -0.03827512109353334, 0.007522383413011785, -0.0339359596321514, 0.03527887230273241, 0.05117584084728394, 0.0519893709334326, 0.03448229750471203, -0.0007229035423371236, 0.03909658902548241, 0.037221333496074885, -0.07560908219661311]
other derivatives: [-0.05532002  0.07037215  0.07264589  0.05727543 -0.05820766  0.11677912]
Current x array =  [-0.71563156 -0.60202036 -0.98724909  2.13095687 -2.87831589  1.03104383
 -4.00947443 -1.53209074 -1.7876954  -1.82169911 -2.97114619 -3.02653829
 -3.56644151 -2.93819961 -5.45125914 -2.81898995 -2.95092188 -3.67183669]
log likelihood =  -1367.68038888
Edge derivatives =  [-0.016165458068953253, -0.0023894695794259846, 0.02010590108145198, -0.013709373687946586, 0.018104667842458094, 0.03372470985976678, 0.030980067883475366, 0.028314673640878474, 0.0020042161370126543, 0.019566531194144213, 0.02582993970096925, -0.049211917127119434]
other derivatives: [-0.07007657 -0.05154561 -0.04160938  0.02773959 -0.06173195  0.13383215]
Current x array =  [-0.71553137 -0.60162272 -0.98666686  2.1325349  -2.87811379  1.02959974
 -4.02382417 -1.53350866 -1.78750786 -1.82139339 -2.96934464 -3.02483855
 -3.56082044 -2.93786596 -5.46496951 -2.8168091  -2.94920412 -3.6750768 ]
log likelihood =  -1367.67976681
Edge derivatives =  [-0.008841554487006187, 0.024778022970469715, 0.01923869649880583, 0.0023368853460386807, -0.009278330420788544, 0.0075249390176233555, -0.0025538481026375313, 0.0017215948236080358, 0.0018732319403720072, -0.020269299696476548, -0.0008238872022550275, -0.030076818134918068]
other derivatives: [-0.15656951 -0.07898961  0.04831691 -0.00338787 -0.04326921  0.04763479]
Current x array =  [-0.71531116 -0.60148232 -0.98716853  2.1341985  -2.87936698  1.03084115
 -4.03553306 -1.53466257 -1.7866212  -1.82118351 -2.96784393 -3.022753
 -3.55470939 -2.93743043 -5.47555324 -2.81501067 -2.94740234 -3.6792404 ]
log likelihood =  -1367.67996027
Edge derivatives =  [-0.012247679877494796, 0.019953405102476257, 0.04265642397211336, -0.029840796923561175, -0.009138030265416625, 0.002381086040884439, -0.02131614895766775, 0.008538068051022668, 0.0012828848224450615, -0.00840511687651152, -0.010973049552157887, 0.020275906590053648]
other derivatives: [ 0.3762807  -0.22532731 -0.17503226 -0.01443823  0.00400178  0.00438831]
Current x array =  [-0.71623536 -0.60108982 -0.98615528  2.13367928 -2.88140821  1.03288716
 -4.03115675 -1.53462625 -1.78743522 -1.819447   -2.96921203 -3.02139251
 -3.55032353 -2.93940912 -5.46945091 -2.81687728 -2.94637965 -3.6877297 ]
log likelihood =  -1367.67965041
Edge derivatives =  [-0.010134289723860889, 0.022944130643524713, 0.02813886258898598, -0.009885458929306645, -0.009220870887455074, 0.0055751366169241034, -0.009655932764388968, 0.004320756649248539, 0.0016482669154551603, -0.015763028913766824, -0.004671188812000765, -0.010885675281888538]
other derivatives: [ 0.04599769 -0.13460522 -0.03651621 -0.00759428 -0.02532943  0.03124114]
Current x array =  [-0.71566226 -0.60133321 -0.9867836   2.13400125 -2.88014244  1.03161843
 -4.03387049 -1.53464877 -1.78693045 -1.8205238  -2.96836367 -3.02223615
 -3.5530432  -2.93818214 -5.47323496 -2.8157198  -2.94701382 -3.68246549]
log likelihood =  -1367.67957814
Edge derivatives =  [-0.009610819152115365, 0.022236740063902777, 0.025672397437541683, -0.005814256750610397, -0.010964167908219524, 0.003320876666649486, -0.016805585588630056, 0.0002933389750154891, 0.0009631212038710684, -0.020848338238709366, -0.009885872405652488, -0.008649858090536748]
other derivatives: [-0.01548415  0.01639364 -0.03187779 -0.01098215 -0.01480203 -0.0027967 ]
Current x array =  [-0.71555148 -0.60178524 -0.98680069  2.13409645 -2.88068156  1.03259441
 -4.03424518 -1.53451664 -1.78661889 -1.82078364 -2.9687174  -3.02209722
 -3.55199694 -2.93846945 -5.47320094 -2.81591846 -2.9468966  -3.68347359]
log likelihood =  -1367.67955307
Edge derivatives =  [-0.010183670108796842, 0.016933302729286087, 0.01964289442500272, -0.005635468962245677, -0.010836311319967457, 0.003267251139540628, -0.017385462260270927, -0.0019101553486946393, 0.0007716147901683382, -0.020809149206310273, -0.01017297372537547, -0.010870987270347111]
other derivatives: [ 0.00986802  0.01145963  0.00582077 -0.00895852 -0.01177796 -0.01587068]
Current x array =  [-0.71560487 -0.60177157 -0.98700049  2.13395889 -2.8809157   1.0330156
 -4.03399276 -1.53422173 -1.78625327 -1.82087161 -2.96892395 -3.02215298
 -3.55211596 -2.93849555 -5.47286126 -2.81613134 -2.9470335  -3.68339924]
log likelihood =  -1367.67951252
Edge derivatives =  [-0.010972105449030586, 0.008079753474083295, 0.007821807516854351, -0.005449277158653482, -0.0106789817562577, 0.0026010275903333158, -0.015310572171571935, -0.0035668160302217145, 0.0011376869491078571, -0.014728532908259956, -0.007640990302559422, -0.010127920126298047]
other derivatives: [ 0.02319211  0.02264642  0.02396519 -0.00386535 -0.00718501 -0.01723492]
Current x array =  [-0.71564171 -0.60181055 -0.98708572  2.13367594 -2.88128165  1.03322846
 -4.03432527 -1.53366157 -1.78550666 -1.82096438 -2.96909505 -3.02204239
 -3.55260019 -2.93838054 -5.47300677 -2.81652563 -2.947249   -3.68354215]
log likelihood =  -1367.67945889
Edge derivatives =  [-0.010577222434026867, -0.0022801567785008803, -0.008542912696953057, 0.0003682329223249625, -0.010405318107360784, 0.0005431214322578759, -0.011203973691376105, -0.00446961681071241, 0.0025916401464388004, -0.002536678074965354, -0.0021867925345654404, -0.004307240003978155]
other derivatives: [ 0.01009539  0.01373337  0.02301022  0.00104592  0.00122782 -0.00325144]
Current x array =  [-0.71562183 -0.60178471 -0.98706692  2.13343372 -2.88191208  1.03312345
 -4.03740383 -1.53285744 -1.78429959 -1.82116752 -2.9692846  -3.02160596
 -3.55314134 -2.93812277 -5.47545893 -2.81698295 -2.94747718 -3.68412401]
log likelihood =  -1367.67942668
Edge derivatives =  [-0.008919115361956192, -0.007126708962268663, -0.011521651575868395, 0.006238615242455586, -0.00715917286430956, 0.0013395982100068426, -0.007490137564034473, -0.003055313147786655, 0.0036859436414891653, 0.0011754497503171923, 5.304627989541344e-05, -0.002121330943386547]
other derivatives: [-0.01214175 -0.01073204  0.00204636  0.00213731  0.00404725 -0.00179625]
Current x array =  [-0.71557159 -0.6017099  -0.98695846  2.1333667  -2.88212617  1.03327958
 -4.04105072 -1.53242062 -1.78385788 -1.82126444 -2.96987094 -3.02137788
 -3.55368129 -2.93812654 -5.47808112 -2.81712147 -2.94764741 -3.68432471]
log likelihood =  -1367.67939954
Edge derivatives =  [-0.005429569376286237, -0.00517800284966119, -0.01046643216957173, 0.01348990601044886, -0.005151816495192585, 0.0004250967440092568, -0.0019018167702962753, -0.0016389013518754991, 0.005443702980239602, 0.002862121953862054, 0.0018850541929901349, 0.002607952436625559]
other derivatives: [ 0.01828084 -0.00811724 -0.01180069 -0.00161435  0.0029786   0.009004  ]
Current x array =  [-0.71561938 -0.60172184 -0.98689714  2.1334802  -2.88207567  1.03306286
 -4.04758039 -1.53226346 -1.78356331 -1.82115026 -2.97033676 -3.02076587
 -3.55442375 -2.93788694 -5.48299615 -2.81686861 -2.94765349 -3.68465167]
log likelihood =  -1367.67946053
Edge derivatives =  [-0.004074855812090921, -0.010169358787943839, 0.0043174680869225435, -0.002910517946468738, 0.003122312182375242, 0.003021887394483558, 0.00247115439043474, 0.005144938130768856, 0.0065498228714808435, 0.0053037914061803, 0.00018462565445288848, 0.014736952031532309]
other derivatives: [-0.22114364 -0.10022632 -0.03667537  0.0084583   0.00343334  0.00222826]
Current x array =  [-0.71515125 -0.60140967 -0.98680204  2.1331918  -2.88229236  1.03379749
 -4.05220659 -1.53220646 -1.78429517 -1.81991353 -2.97213948 -3.02008232
 -3.55502161 -2.93856979 -5.48460825 -2.81732654 -2.94764729 -3.68663941]
log likelihood =  -1367.67939263
Edge derivatives =  [-0.005100318856878911, -0.006383828727651086, -0.006893428155671809, 0.009529703842889314, -0.0031485629342104804, 0.0010537160550718183, -0.0008443335955430932, 1.5788884560052896e-06, 0.0057112566400802115, 0.0034525042892542823, 0.001474459630688374, 0.005542384132697663]
other derivatives: [-0.03951754 -0.03033165 -0.01780336  0.00081855  0.00309228  0.00738964]
Current x array =  [-0.7155062  -0.60164637 -0.98687415  2.13341047 -2.88212806  1.03324047
 -4.04869888 -1.53224968 -1.78374026 -1.82085125 -2.97077261 -3.02060061
 -3.55456829 -2.93805203 -5.48338591 -2.81697932 -2.94765199 -3.68513225]
log likelihood =  -1367.67938292
Edge derivatives =  [-0.004430991618706009, -0.004408900413422234, -0.0018035187468600083, 0.007750115553893544, -0.0014169031977640523, 0.002214052195030791, 0.0008183758310489793, 0.0014252166696893942, 0.005833589487060876, 0.0018395944943701004, 0.0010203986460510517, 0.005127526168297342]
other derivatives: [-0.022942   -0.01766693 -0.01650733 -0.00020464  0.00068212  0.00623004]
Current x array =  [-0.71553669 -0.60168692 -0.98689105  2.13341876 -2.88195407  1.03329046
 -4.04961089 -1.53236898 -1.78402351 -1.82065781 -2.97104619 -3.02055059
 -3.5548902  -2.93810462 -5.48378886 -2.81689506 -2.94765933 -3.68506318]
log likelihood =  -1367.67937513
Edge derivatives =  [-0.004001431471030541, -0.002238473159160842, 0.0042441797206458284, 0.0027109652109268134, 0.0007069663997011644, 0.003679814181701768, 0.0022614228050880474, 0.002618521533767418, 0.0057576537324930555, -0.0007010382984528746, -0.00011241133655712221, 0.003715147000291269]
other derivatives: [ -1.06865627e-03  -8.64019967e-04  -2.09183781e-03  -5.22959454e-04
  -1.95541361e-03   4.54747351e-05]
Current x array =  [-0.71557953 -0.60173917 -0.98698126  2.13337872 -2.88177526  1.03348994
 -4.05029467 -1.53255301 -1.78439933 -1.82029928 -2.97146841 -3.02048842
 -3.55527578 -2.93820644 -5.48370352 -2.81685682 -2.94768572 -3.6849552 ]
log likelihood =  -1367.67937333
Edge derivatives =  [-0.0040539881357373325, -0.0019178560728386196, 0.0043225423340483154, 0.0007387399826537244, 0.000959921767034716, 0.0037231801407459075, 0.002410690064216202, 0.002413450508526205, 0.005699361120885324, -0.0008603086494722162, -0.00027163307746996823, 0.003101861831812859]
other derivatives: [  1.97815098e-03   3.04680725e-03   1.95541361e-03  -4.54747351e-05
  -1.93267624e-03  -2.27373675e-03]
Current x array =  [-0.71558665 -0.60175043 -0.9870038   2.13334351 -2.88178326  1.03356159
 -4.05042152 -1.53259368 -1.78440955 -1.82017956 -2.97157978 -3.02043196
 -3.55536455 -2.93820604 -5.4835299  -2.81688946 -2.94770807 -3.68490534]
      fun: 1367.6793733348923
 hess_inv: <18x18 LbfgsInvHessProduct with dtype=float64>
      jac: array([ -1.97815098e-03,  -3.04680725e-03,  -1.95541361e-03,
         4.54747351e-05,   1.93267624e-03,   2.27373675e-03,
         4.05398814e-03,   1.91785607e-03,  -4.32254233e-03,
        -7.38739983e-04,  -9.59921767e-04,  -3.72318014e-03,
        -2.41069006e-03,  -2.41345051e-03,  -5.69936112e-03,
         8.60308649e-04,   2.71633077e-04,  -3.10186183e-03])
  message: 'CONVERGENCE: REL_REDUCTION_OF_F_<=_FACTR*EPSMCH'
     nfev: 49
      nit: 44
   status: 0
  success: True
        x: array([-0.71558665, -0.60175043, -0.9870038 ,  2.13334351, -2.88178326,
        1.03356159, -4.05042152, -1.53259368, -1.78440955, -1.82017956,
       -2.97157978, -3.02043196, -3.55536455, -2.93820604, -5.4835299 ,
       -2.81688946, -2.94770807, -3.68490534])
number of sites to be analyzed:  136
log likelihood =  -1725.89895614
Edge derivatives =  [-17.508666108244302, 9.160561656732154, 1.670727377672565, 7.086170859161094, -12.119806859206745, -9.974842662177995, -16.721684579784412, -8.268221033624338, -21.689551026486615, -5.045054147713085, -10.22471089579054, -15.059447777325738]
other derivatives: [ -95.87606655   17.60899977    0.1906983    95.88311514 -128.07854546
    0.        ]
Current x array =  [-0.64241966 -0.69817773 -0.89231631  0.18232156 -0.10536052  0.33647224
 -2.30258509 -2.30258509 -2.30258509 -2.30258509 -2.30258509 -2.30258509
 -2.30258509 -2.30258509 -2.30258509 -2.30258509 -2.30258509 -2.30258509]
log likelihood =  -1614.69503521
Edge derivatives =  [-13.690652621136177, 9.603965912974237, 3.848121216930916, 7.248947578819723, -9.0121202933311, -7.324642263516308, -12.958031058683321, -5.827623719250408, -17.079305458953886, -3.088046300239084, -7.642137802121637, -11.751623332146359]
other derivatives: [ 116.86779544   15.34931471   -4.2049578    69.91720056  -99.64342098
    0.        ]
Current x array =  [-1.14319287 -0.69479222 -0.89132027  0.68313159 -0.77433148  0.33647224
 -2.39403514 -2.25473828 -2.29385867 -2.2655731  -2.36588843 -2.354685
 -2.38992463 -2.34577109 -2.41587245 -2.32893607 -2.35599009 -2.38124256]
log likelihood =  -1500.65192182
Edge derivatives =  [-9.005253738972723, 9.956463115327422, 6.655565118830073, 8.561534333228757, -4.896316811152984, -3.8613135520646003, -8.161372167459264, -2.3574133713602414, -11.502489651983115, -0.08858850512897604, -4.085911083136522, -7.315280827594588]
other derivatives: [ 122.92448446    7.56829195  -14.01915597   19.94790182  -37.34414804
    0.        ]
Current x array =  [-1.13669884 -0.64730307 -0.90756639  1.43994811 -1.81080842  0.33647224
 -2.53600674 -2.17048367 -2.26992487 -2.20113422 -2.46226435 -2.43362626
 -2.52503574 -2.41020972 -2.59223357 -2.36634316 -2.43745646 -2.50325665]
log likelihood =  -1444.78057429
Edge derivatives =  [-8.630261958305823, 6.301745907235974, 0.9442873169557591, 3.550234746158688, -5.044999428520212, -5.12295494669507, -7.481850742168599, -3.64815181878397, -9.916567283986963, -1.538540520240786, -4.408712178432278, -6.546351045969102]
other derivatives: [  6.39845439 -10.73756266  42.76337222   9.5100404  -13.62386683   0.        ]
Current x array =  [-0.76567911 -0.56681272 -1.19508142  1.83383728 -2.51165638  0.33647224
 -2.72903641 -1.97438712 -2.14403887 -2.02504679 -2.56924288 -2.51883148
 -2.70010469 -2.46329069 -2.83828341 -2.37182114 -2.5259839  -2.65880578]
log likelihood =  -1431.88246268
Edge derivatives =  [-7.180023850527547, 5.9086187040764795, 1.6217577236924354, 2.4896171011389168, -3.1015953590539564, -3.6423167504696052, -5.439959519677807, -1.7430333230742325, -7.875549054066587, -0.20154745109290167, -2.746727573205141, -4.266797854960071]
other derivatives: [-27.9562073    8.70286385  12.20792001   2.79603682  -2.95458449   0.        ]
Current x array =  [-0.68537753 -0.60840178 -1.04283636  2.07296695 -2.8850476   0.33647224
 -2.84364945 -1.87818306 -2.102474   -1.95109776 -2.63612948 -2.57835202
 -2.80286296 -2.50450825 -2.97798985 -2.38575579 -2.58276821 -2.74973401]
log likelihood =  -1428.09706024
Edge derivatives =  [-6.191636893041461, 5.006700678161013, 1.858610760694662, 1.7386024255108408, -1.8890196779204784, -2.5419551898660973, -3.99671871302022, -0.448019090096825, -6.304056743795672, 0.5145848432631891, -1.6141173564459304, -2.669654392810661]
other derivatives: [  2.44672265 -15.54424216 -10.21016942  -2.71916178   3.12106749   0.        ]
Current x array =  [-0.72268189 -0.54492788 -0.95212022  2.24584662 -3.14374887  0.33647224
 -2.95264574 -1.78597015 -2.0659788  -1.89362225 -2.69181068 -2.63301667
 -2.89379316 -2.5365323  -3.10556312 -2.39344609 -2.6306819  -2.82634974]
log likelihood =  -1426.50640063
Edge derivatives =  [-5.777462178916367, 4.471569898278287, 1.2668524836198454, 1.0278341813288785, -1.4213805812145281, -2.1514447673082167, -3.5044191363800956, -0.1976247093708624, -5.760531873873244, 0.7885393645990985, -1.1935117486658435, -2.10684095480893]
other derivatives: [-0.55283635 -0.14294983 -5.32390914 -3.98035809  4.8619313   0.        ]
Current x array =  [-0.71600184 -0.58234582 -0.97597041  2.29965333 -3.23638039  0.33647224
 -3.01906564 -1.72814069 -2.04052551 -1.85946365 -2.72120572 -2.66345654
 -2.94549371 -2.55045509 -3.18087787 -2.39371525 -2.65573207 -2.86770549]
log likelihood =  -1424.6912094
Edge derivatives =  [-5.1212856643347795, 2.9904167111631716, -0.03348108448372167, -0.2562387224423713, -0.7368316370358254, -1.5870014471069862, -2.697154418399644, 0.13360834965461693, -4.838454108595235, 0.9761196925187279, -0.5910448237979589, -1.199661269676566]
other derivatives: [-6.95763447  4.09334007  2.41193447 -4.63851393  6.25791472  0.        ]
Current x array =  [-0.70348112 -0.59290932 -1.01609642  2.34159012 -3.32754552  0.33647224
 -3.14736767 -1.61829809 -1.99624511 -1.80358975 -2.77102093 -2.71903413
 -3.03966468 -2.5713668  -3.32211554 -2.38866366 -2.6980645  -2.93898501]
log likelihood =  -1422.07423523
Edge derivatives =  [-4.161620891221589, 0.5758258284523723, -1.4506062397143444, -1.697386871187196, 0.1593029392389634, -0.7476523409316963, -1.6365581460940917, 0.5456800945156088, -3.6313965344945704, 0.983273553134583, 0.10723993284139499, -0.03472885272057884]
other derivatives: [ -3.34343895  10.56675956   5.36265361  -4.00493718   6.02590262   0.        ]
Current x array =  [-0.71235171 -0.61532735 -1.03421544  2.30563472 -3.31527737  0.33647224
 -3.35681888 -1.46030834 -1.95040831 -1.74978099 -2.83255731 -2.79990284
 -3.1765186  -2.58983707 -3.53999755 -2.36840189 -2.74996821 -3.02949953]
log likelihood =  -1419.01732239
Edge derivatives =  [-2.8132717771791147, -3.392181809899161, -2.562121406991702, -2.301069289857321, 1.182353745418911, 0.22684634666477066, -0.3214180259000168, 0.811801410553551, -2.154809840059694, 0.3581495679102514, 0.7212829762451294, 1.3341177740218715]
other derivatives: [-16.62203886   0.67645942   7.20012849   0.19938398   2.21455139   0.        ]
Current x array =  [-0.69607806 -0.59195208 -1.0442481   2.15442752 -3.12790003  0.33647224
 -3.72004017 -1.26890263 -1.93507384 -1.73306693 -2.90044395 -2.91610308
 -3.38264502 -2.59580772 -3.89748202 -2.32208894 -2.8095877  -3.13598914]
log likelihood =  -1417.84541077
Edge derivatives =  [-2.1474811863691965, -3.730316075682184, -1.6015355852391289, -1.179665623396476, 1.487969503406859, 0.6953734376841837, 0.12415767771840241, 0.8631458357569589, -1.5765163430117088, 0.06876940400202389, 0.8343684715882942, 1.7170172076211168]
other derivatives: [ 5.44437171  4.76452442  1.31674369  1.44059413 -0.48594302  0.        ]
Current x array =  [-0.73854491 -0.61065276 -1.01628208  2.0668595  -2.97618448  0.33647224
 -3.91246097 -1.24405969 -1.96806583 -1.76751463 -2.90562485 -2.95819799
 -3.46818917 -2.58104726 -4.0741987  -2.29497713 -2.81942788 -3.15333926]
log likelihood =  -1417.49960964
Edge derivatives =  [-1.9818841840826278, -3.169125139590927, -0.9771856143115701, -0.4775965395045059, 1.4139570601032259, 0.6970328640167448, 0.1617613275914685, 0.7846829411298657, -1.4565849437225762, -0.041119676415591805, 0.7325680503781268, 1.6671768613223412]
other derivatives: [  4.26243787e+00  -3.31965566e-03  -1.67187864e+00   1.67024155e+00
  -1.09198481e+00   0.00000000e+00]
Current x array =  [-0.73545522 -0.5967436  -1.00185817  2.05921314 -2.9456705   0.33647224
 -3.95755251 -1.27127226 -1.99076055 -1.78898546 -2.89463107 -2.95924201
 -3.47931392 -2.57136568 -4.11156652 -2.28929906 -2.81364683 -3.14201724]
log likelihood =  -1417.01351668
Edge derivatives =  [-1.6549560605619074, -1.78718710357602, 0.08503465344620977, 0.7572584779216248, 1.1927884423726054, 0.6670289332112023, 0.20583252945298008, 0.5521949645347328, -1.2292167196196935, -0.19857000220612175, 0.5129436336623378, 1.464270290942559]
other derivatives: [ 2.84921953 -5.7441639  -4.1495241   1.31610705 -1.41606051  0.        ]
Current x array =  [-0.7304654  -0.57989668 -0.9910883   2.07310076 -2.92452188  0.33647224
 -4.055547   -1.33509685 -2.03331295 -1.82367181 -2.86851421 -2.95857225
 -3.50235578 -2.55093761 -4.19384939 -2.28046235 -2.80117746 -3.11464707]
log likelihood =  -1416.52867241
Edge derivatives =  [-1.2420711191802096, -0.4356188351893176, 0.942259165826932, 1.695439858537411, 0.9660132404557327, 0.6783159690184012, 0.33050687800332085, 0.2767385380237485, -0.9150309673979635, -0.33677883688480725, 0.31837180437921275, 1.2515468922167106]
other derivatives: [ 0.87825356 -6.50020411 -4.29595275  0.57757461 -1.29064119  0.        ]
Current x array =  [-0.72477617 -0.57680799 -0.9920204   2.10172395 -2.92398094  0.33647224
 -4.21503463 -1.39490143 -2.07252664 -1.84481108 -2.8393827  -2.96506525
 -3.5496193  -2.52742227 -4.33409784 -2.26947941 -2.79183228 -3.08677548]
log likelihood =  -1415.86103555
Edge derivatives =  [-0.7277494642970798, 0.7776102541894404, 1.0228563337773218, 1.2405568028692733, 0.4398675749419787, 0.5436666061530712, 0.5253158869242979, -0.14181897893817444, -0.45684058708598596, -0.33830171844409684, 0.05448833094490914, 0.7221140752403066]
other derivatives: [ 0.03201421 -4.24070095 -1.39916665 -0.22519089 -0.70233455  0.        ]
Current x array =  [-0.72205035 -0.58211674 -1.00794817  2.1332543  -2.94966541  0.33647224
 -4.51713879 -1.44641051 -2.08879845 -1.81009128 -2.78264926 -2.96758889
 -3.63075827 -2.4941305  -4.60148211 -2.26073328 -2.78021732 -3.02890632]
log likelihood =  -1415.92036481
Edge derivatives =  [-0.3749709954885143, 0.6161472047446257, 0.6494698920936666, -0.3836615929466605, 0.14083860490540173, 0.4391278986986187, 0.7861038813220875, -0.03367705168776727, -0.1072951027162237, -0.08717539225630774, 0.027402072454665125, 0.4379264713938709]
other derivatives: [-12.2862275    7.35785761  -8.44013357  -0.44253738   0.20431798   0.        ]
Current x array =  [-0.70108849 -0.61570975 -0.97121693  2.14866819 -2.99546463  0.33647224
 -4.85153675 -1.4237538  -2.07044672 -1.74898033 -2.7408448  -2.97399615
 -3.71526427 -2.4798878  -4.89877799 -2.25831802 -2.78362964 -2.98423158]
log likelihood =  -1415.7234174
Edge derivatives =  [-0.5484723412179915, 0.7144032714518502, 0.8589919907804363, 0.5265608779262747, 0.3120109836289713, 0.4950081030600879, 0.6505722821978525, -0.08921448583521685, -0.28203766505910677, -0.21696093351771983, 0.04341080242173506, 0.6004461803630856]
other derivatives: [-5.45223884  1.15928742 -4.52021141 -0.32619027 -0.28485374  0.        ]
Current x array =  [-0.7125619  -0.59732272 -0.99132166  2.14023144 -2.97039657  0.33647224
 -4.66850505 -1.43615488 -2.08049148 -1.78242922 -2.76372634 -2.97048916
 -3.66901017 -2.4876835  -4.736054   -2.25964001 -2.78176192 -3.00868416]
log likelihood =  -1415.53863942
Edge derivatives =  [-0.3735815329441423, 0.7150862597986882, 0.4041367183767902, -0.35941973803430366, 0.033677278917576284, 0.4305175170430471, 0.7738243329675526, -0.26108399059334897, -0.08650521879644091, -0.17671675378344864, -0.003064316247817611, 0.3054400703704638]
other derivatives: [-0.31386662  0.71904651 -0.6648861  -0.63892003  0.11862085  0.        ]
Current x array =  [-0.72137695 -0.5963586  -1.01156761  2.14821768 -2.99165302  0.33647224
 -4.86257401 -1.43275817 -2.07072061 -1.74350681 -2.73603951 -2.97423494
 -3.72090013 -2.47480783 -4.90943272 -2.2568979  -2.78144133 -2.98022307]
log likelihood =  -1415.51036475
Edge derivatives =  [-0.3289045319910144, 0.46222899530327255, 0.19715160319655922, -0.5893394051901224, -0.04002599883348491, 0.3911807792873579, 0.8054902887510708, -0.2905224946172592, -0.03566295587893527, -0.18391217857931375, -0.008105729863861141, 0.2195850194127526]
other derivatives: [-0.37357495  0.97745669  0.44874469 -0.3180503  -0.10427357  0.        ]
Current x array =  [-0.72209363 -0.59750883 -1.01668734  2.13587316 -2.98388802  0.33647224
 -4.92672075 -1.42045939 -2.06488018 -1.73589629 -2.72973886 -2.97477384
 -3.73365834 -2.47336685 -4.96524213 -2.25605318 -2.78259574 -2.9724209 ]
log likelihood =  -1415.47536999
Edge derivatives =  [-0.2603930912219308, 0.02062351912658339, -0.10235341175443652, -0.8334387657501585, -0.18065030250371492, 0.24286731945483653, 0.8174267584389235, -0.1929222027505229, 0.04393581560400915, -0.013391108076352104, 0.011263933072931498, 0.0211164240286094]
other derivatives: [ 1.34250513 -0.9889618  -0.12241799 -0.21614142  0.20813786  0.        ]
Current x array =  [-0.7249925  -0.59227826 -1.01332711  2.1292744  -3.0011723   0.33647224
 -5.02895047 -1.39751462 -2.04873967 -1.72736581 -2.71790231 -2.96458671
 -3.73448426 -2.47722739 -5.04911302 -2.26123505 -2.78367342 -2.95221542]
log likelihood =  -1415.44398465
Edge derivatives =  [-0.24186585542956776, -0.22822746855739418, -0.1405289648845517, -0.5076148401651499, -0.21984154805477618, 0.14308797845899324, 0.7680801057946259, -0.14031657547617352, 0.05157570450340247, 0.026956754391487786, 0.010558787258328081, -0.0721151194148848]
other derivatives: [ 0.64867436 -0.55199507  0.01352873  0.16079866 -0.011255    0.        ]
Current x array =  [-0.72452174 -0.59390944 -1.01318236  2.11419734 -2.99202737  0.33647224
 -5.05188444 -1.38583857 -2.04446228 -1.74096368 -2.71759979 -2.95611481
 -3.71739595 -2.48259673 -5.06233073 -2.26377949 -2.78354102 -2.94541254]
log likelihood =  -1415.40287979
Edge derivatives =  [-0.2142770052766512, -0.34004877384817456, -0.0903473210628807, 0.17164418302231726, -0.27740413968734856, -0.07016299997836928, 0.5962580609555598, -0.022374278349464066, 0.046794069612043285, 0.12534227672015424, 0.0051291880178879895, -0.2615164673255663]
other derivatives: [ 0.68509962  0.34078766 -0.18540049  0.33774086  0.01068656  0.        ]
Current x array =  [-0.72495669 -0.5966927  -1.01135126  2.10474396 -2.99229987  0.33647224
 -5.07222787 -1.37959697 -2.03885526 -1.76719448 -2.71983752 -2.93456504
 -3.66293496 -2.49445329 -5.0618464  -2.26960167 -2.78087767 -2.93273313]
log likelihood =  -1415.54017652
Edge derivatives =  [-0.22018396421162073, -0.6991043275612283, -0.5170826231378365, 0.4286075514445855, -0.31365292886458324, -0.4509974300251951, 0.24982494654693058, 0.05963251085890983, 0.011441477580854079, 0.15513548919542178, -0.0026598327932243343, -0.4801838381839224]
other derivatives: [-11.57820861  -3.71242095   2.94944584   0.63039352   0.34508503   0.        ]
Current x array =  [-0.7035286  -0.58297925 -1.02548497  2.11269342 -3.0202955   0.33647224
 -5.07641982 -1.37009254 -2.01994275 -1.78066031 -2.73380683 -2.90429231
 -3.56350005 -2.51551156 -5.03478917 -2.27861769 -2.77870633 -2.92594096]
log likelihood =  -1415.39572057
Edge derivatives =  [-0.21542059045534417, -0.4057845973752616, -0.1679908613317505, 0.21803517974943104, -0.2846012560669312, -0.13916482331671332, 0.5377006906663732, -0.007755650007890191, 0.040437711385768356, 0.13054982257702605, 0.0031022481305078425, -0.30131817399295324]
other derivatives: [-1.4949137  -0.37782684  0.38976395  0.38883172  0.07273684  0.        ]
Current x array =  [-0.72105097 -0.59419314 -1.01392743  2.10619291 -2.99740266  0.33647224
 -5.07299194 -1.37786459 -2.03540806 -1.76964891 -2.72238372 -2.9290472
 -3.64481086 -2.4982916  -5.05691465 -2.27124503 -2.7804819  -2.93149512]
log likelihood =  -1415.38251252
Edge derivatives =  [-0.20358442485109585, -0.282234960212553, -0.07937162756700923, 0.5427923051899669, -0.2923749113781635, -0.23326802132554547, 0.4181059033482994, 0.041083188469819676, 0.031290088009693434, 0.15999523842507066, -0.000998678243995077, -0.3783993683487078]
other derivatives: [-0.86772616  0.06627943  0.20502284  0.25102054  0.207433    0.        ]
Current x array =  [-0.72192006 -0.5953663  -1.01297142  2.1096164  -3.00207137  0.33647224
 -5.07523715 -1.38284371 -2.03503958 -1.78126104 -2.7254353  -2.91827412
 -3.61090105 -2.5038427  -5.04791008 -2.27335132 -2.77828291 -2.92717882]
log likelihood =  -1415.36100007
Edge derivatives =  [-0.1826942417313979, -0.14994115677263672, -0.0395709957383891, 0.5764799760610902, -0.24882221519251496, -0.28071020348193254, 0.2849453351848664, 0.06472017613850847, 0.03429668776985502, 0.10679989513792468, 0.004990916145402327, -0.3870157414043296]
other derivatives: [-0.44028639  0.12319106 -0.02000888  0.13669705  0.18092123  0.        ]
Current x array =  [-0.72249746 -0.59540745 -1.01192249  2.11329582 -2.99979932  0.33647224
 -5.10051996 -1.38896376 -2.03474642 -1.78171793 -2.73272857 -2.9125111
 -3.57337771 -2.50818448 -5.05513764 -2.27185497 -2.77660579 -2.92851789]
log likelihood =  -1415.32396585
Edge derivatives =  [-0.13295536596468416, -0.026786825028528416, -0.15609410753850783, 0.06097781198216351, -0.027634847680191976, -0.28740728806209204, -0.07136743028164928, 0.09417535823925352, 0.05316071737586728, -0.044244577785243516, 0.060593207282189004, -0.25259397159233504]
other derivatives: [ 0.50140443  1.08716449  0.39772203 -0.12878445  0.10686563  0.        ]
Current x array =  [-0.72405775 -0.59786814 -1.0145112   2.1229638  -2.99575137  0.33647224
 -5.19251248 -1.39442727 -2.02965012 -1.7609501  -2.75939556 -2.91091353
 -3.47856481 -2.51835697 -5.0922826  -2.26761703 -2.77453778 -2.94666037]
log likelihood =  -1415.32215139
Edge derivatives =  [-0.09980872738373095, 0.15733803326119705, 0.10624342601831101, 0.016534408166910652, 0.07421424812094057, -0.16038855264581975, -0.10696161384152578, 0.03648799177037901, 0.08205590431985955, -0.15058267405356915, 0.04339892696277199, -0.09686953339906133]
other derivatives: [ 0.07516974 -1.33798039 -1.32272362  0.00759428 -0.30120191  0.        ]
Current x array =  [-0.72298514 -0.59094736 -1.00633202  2.11850423 -2.97621235  0.33647224
 -5.24999929 -1.40442927 -2.04055289 -1.7569334  -2.76571891 -2.92365323
 -3.46549356 -2.51404962 -5.1265694  -2.26329934 -2.77186929 -2.95854069]
log likelihood =  -1415.31261153
Edge derivatives =  [-0.1068090029477556, 0.05327957642789774, -0.0417932211952466, -0.1470346938567293, 0.03357496025024233, -0.16767706610791355, -0.04106082663144472, 0.029029855717358083, 0.08367193994329968, -0.10154849013520209, 0.046575869302216286, -0.13128168256246533]
other derivatives: [-0.03128662 -0.00568434 -0.36725396 -0.03972218 -0.12350938  0.        ]
Current x array =  [-0.72299513 -0.59472243 -1.01104222  2.12042594 -2.98531827  0.33647224
 -5.24684929 -1.39867102 -2.03627723 -1.7515474  -2.76137256 -2.92432366
 -3.48224499 -2.51305922 -5.13072154 -2.26479289 -2.77320933 -2.95557033]
log likelihood =  -1415.31108973
Edge derivatives =  [-0.10448107393635847, 0.022436032323839616, -0.05734511253908635, -0.16890241850748294, 0.03649631521311486, -0.147359396176599, -0.025589790891591305, 0.011613763323813558, 0.08757242771335315, -0.08990487858833729, 0.0437501654509114, -0.1157676285545604]
other derivatives: [ 0.10463737 -0.0896307   0.01425633 -0.02094112 -0.11716565  0.        ]
Current x array =  [-0.72328211 -0.59449861 -1.01307091  2.11963596 -2.98596241  0.33647224
 -5.2542009  -1.39722111 -2.0364772  -1.75049637 -2.76093893 -2.92720234
 -3.48549788 -2.51224064 -5.13598316 -2.26539025 -2.77309415 -2.9572118 ]
log likelihood =  -1415.30877665
Edge derivatives =  [-0.09229207535409109, -0.007055027222688859, -0.041333234582700065, -0.19642826854820156, 0.045475906722934355, -0.09796128908950597, 0.0004062240180962573, -0.019189803686836315, 0.1006680311224167, -0.04910163472232196, 0.03202250897358801, -0.07563566374470994]
other derivatives: [-0.1262606   0.06039045  0.2318302   0.00750333 -0.077398    0.        ]
Current x array =  [-0.7228843  -0.59491623 -1.014352    2.11843992 -2.98825916  0.33647224
 -5.28165062 -1.39532019 -2.03787451 -1.74875898 -2.75946369 -2.93425569
 -3.49000306 -2.51025398 -5.15410622 -2.26711562 -2.77208616 -2.96082069]
log likelihood =  -1415.30681067
Edge derivatives =  [-0.07382721210718943, -0.045913791224969, 0.006083239010754013, -0.08471557158311677, 0.053683934310239975, -0.05704398746578221, -0.003574604503681182, -0.03459560824892824, 0.11519096370630741, 0.01939867777522697, 0.016780972287719034, -0.03708527326555899]
other derivatives: [ 0.28639988 -0.34556251  0.33069227  0.02748948  0.00381988  0.        ]
Current x array =  [-0.72349398 -0.5937963  -1.01512547  2.11648321 -2.99213325  0.33647224
 -5.31838311 -1.39276408 -2.03880259 -1.7517672  -2.7577215  -2.94103201
 -3.48603216 -2.50991448 -5.17315478 -2.27031364 -2.76996054 -2.96482897]
log likelihood =  -1415.30568661
Edge derivatives =  [-0.061671856080876934, -0.0073473190236142405, 0.0769360278545311, 0.006787732612416608, 0.063852606109476, -0.023189249961031888, -0.010048947610888148, -0.04363260135112401, 0.12080746159386735, 0.03904566375474364, 0.001541021991249364, -0.0015942880107601975]
other derivatives: [-0.19094841  0.11295924  0.07635208  0.04231424  0.00743512  0.        ]
Current x array =  [-0.72263081 -0.59508278 -1.0138898   2.11571151 -2.99199989  0.33647224
 -5.33998258 -1.39393213 -2.04076442 -1.7545984  -2.75672729 -2.94607306
 -3.48288858 -2.50944735 -5.18237985 -2.27126247 -2.76827384 -2.9682188 ]
log likelihood =  -1415.30530768
Edge derivatives =  [-0.061989669470686674, -0.0024765567961241297, 0.07621855984476081, 0.03990923853969408, 0.060792358224670315, -0.031666772241575325, -0.019862022642309945, -0.03181216730148112, 0.11828783054568719, 0.037105771675265437, 0.0022471303353170935, -0.006026676302243211]
other derivatives: [-0.05504717  0.03033165 -0.01093667  0.02899014  0.01621174  0.        ]
Current x array =  [-0.72283275 -0.59485147 -1.01342463  2.11604139 -2.99224016  0.33647224
 -5.33747564 -1.39413525 -2.0400669  -1.75593504 -2.75657566 -2.94517856
 -3.48038186 -2.51033355 -5.17850084 -2.2712255  -2.76813478 -2.96793367]
log likelihood =  -1415.30467616
Edge derivatives =  [-0.06249952090983143, 0.0013602534187716342, 0.06056109703295065, 0.08348784855875069, 0.052251826252054545, -0.041351551083967264, -0.030930074396082894, -0.00829874068902145, 0.11297333105710027, 0.029478028789806265, 0.0023914442475411885, -0.007663499303582164]
other derivatives: [ 0.11582415 -0.04638423 -0.15440946  0.00441105  0.03171863  0.        ]
Current x array =  [-0.7230778  -0.59463741 -1.01263635  2.11678314 -2.99273533  0.33647224
 -5.33414995 -1.3942285  -2.03817197 -1.7578964  -2.75556923 -2.94463591
 -3.47713217 -2.51206089 -5.17068045 -2.27094712 -2.76784401 -2.96796847]
log likelihood =  -1415.30380982
Edge derivatives =  [-0.06214265448110106, -0.0019462122134040472, 0.02145301612463915, 0.12053351722547223, 0.0372889192547686, -0.04747342784634667, -0.04219192422856287, 0.020219563837447052, 0.10563599496528121, 0.013945287542511758, -0.00047856535128368294, -0.0025039853030442427]
other derivatives: [ 0.086402   -0.15172645 -0.22803306 -0.01684839  0.04495178  0.        ]
Current x array =  [-0.7229735  -0.59430501 -1.01215349  2.11776167 -2.99337037  0.33647224
 -5.33398484 -1.39405372 -2.03508047 -1.75984055 -2.75347009 -2.94547363
 -3.47333634 -2.51445482 -5.16062453 -2.27044877 -2.76728877 -2.96887048]
log likelihood =  -1415.30756546
Edge derivatives =  [-0.056234481265419745, 0.0476105700844342, -0.053749026698290125, 0.1529671814795761, -0.024377022902886295, 0.011934631935534568, 0.009907797804676509, 0.08953263889532811, 0.08633672991190214, -0.025759634799340764, -0.015394938241192119, 0.05339910355768854]
other derivatives: [ 2.26064003  0.63600964 -0.77275217 -0.14301804  0.06098162  0.        ]
Current x array =  [-0.72677944 -0.59691297 -1.00941724  2.11947605 -2.99205832  0.33647224
 -5.34262797 -1.39459408 -2.02779855 -1.7621447  -2.74135037 -2.95663993
 -3.48131854 -2.51814659 -5.13289574 -2.26786061 -2.76547349 -2.97333005]
log likelihood =  -1415.30327397
Edge derivatives =  [-0.0605990179237626, 0.01096176663345394, 0.0018537890116910177, 0.12901294494040505, 0.021319491957422474, -0.031791458459747735, -0.028550327250074777, 0.038323967740628795, 0.10067484576858733, 0.0035757144318616374, -0.004397864599485352, 0.012112209815623831]
other derivatives: [ 0.65610948  0.05454694 -0.36993697 -0.04988578  0.04915819  0.        ]
Current x array =  [-0.72396641 -0.59498538 -1.01143965  2.11820893 -2.99302808  0.33647224
 -5.33623969 -1.39419469 -2.03318074 -1.76044166 -2.75030825 -2.94838673
 -3.47541876 -2.51541794 -5.15339054 -2.26977356 -2.7668152  -2.9700339 ]
log likelihood =  -1415.30185379
Edge derivatives =  [-0.058678803425978254, 0.0016354640994242775, -0.06494898645891949, 0.1442959737553529, -0.005077829992906242, -0.021790381040318607, -0.027884706866736712, 0.06588458093861041, 0.09059121184988012, -0.025472000726498717, -0.013855173104755591, 0.032982922852913585]
other derivatives: [ 0.36911842 -0.05929905 -0.309592   -0.05516085  0.03992682  0.        ]
Current x array =  [-0.72344176 -0.59459517 -1.01159095  2.11906326 -2.99295837  0.33647224
 -5.34196003 -1.39383176 -2.02899369 -1.7618128  -2.74598018 -2.95261386
 -3.47371633 -2.51808651 -5.14049595 -2.26881215 -2.76588306 -2.97256652]
log likelihood =  -1415.30041423
Edge derivatives =  [-0.054695632362078805, -0.001418186631230861, -0.12348819953200968, 0.11734700587883551, -0.03461510154415505, 0.009074238881537466, -0.014139177502519237, 0.07609158982717518, 0.08087852669513952, -0.05534360613965267, -0.026891152815394115, 0.06411834208623632]
other derivatives: [ 0.04786216 -0.08003553 -0.12239525 -0.04095     0.00115961  0.        ]
Current x array =  [-0.72291493 -0.59447717 -1.01243855  2.11922989 -2.99162487  0.33647224
 -5.35462563 -1.3937586  -2.02599013 -1.76137218 -2.7405786  -2.9598071
 -3.47517414 -2.51961992 -5.12872916 -2.26783954 -2.76490423 -2.97600297]
log likelihood =  -1415.29950708
Edge derivatives =  [-0.05131463759811344, 0.0030002342468094245, -0.13463775168711234, 0.0678606660028071, -0.05224668707588719, 0.03863269930761459, 0.0010976563617019208, 0.06594920888952899, 0.07564337162417228, -0.06290837879432418, -0.03412690991217701, 0.08114934086932261]
other derivatives: [-0.10895747 -0.04315552  0.02075922 -0.02041816 -0.03292371  0.        ]
Current x array =  [-0.72268836 -0.59455356 -1.01317274  2.11877265 -2.99031492  0.33647224
 -5.36581821 -1.39396872 -2.02599246 -1.75951172 -2.73716699 -2.96524083
 -3.47823515 -2.51926619 -5.12245541 -2.26768905 -2.76456923 -2.97773597]
log likelihood =  -1415.29835862
Edge derivatives =  [-0.04788621203573879, 0.009178863729013553, -0.11607558333287554, 0.014585219616475131, -0.06949989720609595, 0.06434861449514928, 0.008181671339775647, 0.04704558920672014, 0.06760422209949016, -0.0513073800484157, -0.03619783074035382, 0.08119580201435951]
other derivatives: [-0.17876118  0.03344667  0.15511432  0.002251   -0.05461516  0.        ]
Current x array =  [-0.72261866 -0.59473971 -1.01390691  2.11801368 -2.98948073  0.33647224
 -5.37681772 -1.39417342 -2.02770672 -1.75717486 -2.73429232 -2.96969519
 -3.48034625 -2.51826716 -5.11242396 -2.26845773 -2.76472642 -2.97790902]
log likelihood =  -1415.29644507
Edge derivatives =  [-0.04269401230412678, 0.014289642013446041, -0.05099100572104524, -0.0705151388499149, -0.09207870512986284, 0.09758279931463887, 0.009504449583653131, 0.015820272339728603, 0.0488431790415947, -0.012141010034426802, -0.030202265282806326, 0.06189540751924]
other derivatives: [-0.23007942  0.00529781  0.12207693  0.03221885 -0.06223217  0.        ]
Current x array =  [-0.72254872 -0.59458976 -1.01385297  2.11686176 -2.98926151  0.33647224
 -5.39298002 -1.39416644 -2.03195213 -1.75315085 -2.73073519 -2.97496273
 -3.4821495  -2.51622716 -5.08828832 -2.27061985 -2.76575669 -2.9760577 ]
log likelihood =  -1415.31401627
Edge derivatives =  [-0.03466531086624771, 0.011744932110389877, 0.006320573247762432, 0.07701526486611321, -0.11705066546478901, 0.023868688433563157, -0.15774406107070182, -0.03326268856039233, -0.03335498369490771, 0.04186604549420428, 0.004884800315406446, -0.12322342271932427]
other derivatives: [ 0.11450538  2.06011919  2.13556177 -0.02576144  0.06093615  0.        ]
Current x array =  [-0.72359568 -0.60026761 -1.02403784  2.11813288 -2.9947598   0.33647224
 -5.40483338 -1.39329432 -2.03736409 -1.75711378 -2.7341078  -2.96649731
 -3.45411794 -2.5180491  -5.00041671 -2.27588759 -2.76939493 -2.96463404]
log likelihood =  -1415.29594868
Edge derivatives =  [-0.04154099482365939, 0.014130522221840303, -0.042655486048290586, -0.04927399296394541, -0.09558235333391478, 0.08721911441227748, -0.013869445484883884, 0.008948419394928936, 0.037732253235361175, -0.00417644953499105, -0.025094522905129868, 0.035751498290370054]
other derivatives: [-0.1807166   0.29976945  0.41027306  0.02396519 -0.04463345  0.        ]
Current x array =  [-0.72269762 -0.59539722 -1.0153014   2.11704253 -2.99004344  0.33647224
 -5.39466573 -1.39404241 -2.03272178 -1.75371443 -2.73121482 -2.97375883
 -3.47816303 -2.51648626 -5.07579179 -2.27136899 -2.7662741  -2.9744331 ]
log likelihood =  -1415.29469883
Edge derivatives =  [-0.039153356658363545, 0.010171708125577633, 0.020179188832172026, -0.07625964241469513, -0.09731729601617056, 0.09077064833384374, -0.027928571127665263, -0.007830701557095976, 0.021885636775957416, 0.03200076523224302, -0.012227890076567369, 0.0035896443012855966]
other derivatives: [-0.05884431  0.11521024  0.2368779   0.02769411 -0.01857643  0.        ]
Current x array =  [-0.72286235 -0.5948202  -1.01450963  2.11663986 -2.99116026  0.33647224
 -5.40071346 -1.39367002 -2.03613566 -1.75195625 -2.73128515 -2.97358249
 -3.47657092 -2.51517488 -5.05561411 -2.27326228 -2.76759682 -2.97126485]
log likelihood =  -1415.29404917
Edge derivatives =  [-0.03788288364081738, 0.005636603837603449, 0.05946805052070463, -0.05442291850365044, -0.08181259596235568, 0.07628657702965125, -0.0443596519074535, -0.007658131269207419, 0.009619619108766585, 0.04644383666985996, -0.0005635758638851823, -0.02222004948133348]
other derivatives: [-0.20604602  0.21782398 -0.063892    0.01864464  0.01327862  0.        ]
Current x array =  [-0.72256287 -0.59507616 -1.01294834  2.11689999 -2.99243363  0.33647224
 -5.40115795 -1.39323433 -2.03760624 -1.75248734 -2.73375486 -2.97026311
 -3.47406025 -2.5147545  -5.0408521  -2.27398952 -2.76870161 -2.96856516]
log likelihood =  -1415.29387882
Edge derivatives =  [-0.0363341966178857, -0.013529541798024958, 0.06445886193454867, 0.0010838196592873883, -0.05958391618788127, 0.05514256268007467, -0.06653899589079679, -0.005741881259452686, -0.0016738699832694569, 0.03971414387835687, 0.010593182950823343, -0.042866253180073505]
other derivatives: [ 0.32673597 -0.40085979 -0.02864908 -0.00848104  0.04024514  0.        ]
Current x array =  [-0.72339991 -0.59330147 -1.01318639  2.11749693 -2.99356751  0.33647224
 -5.40244287 -1.39255856 -2.0374536  -1.75416197 -2.73740066 -2.96599455
 -3.46979572 -2.51512638 -5.02644964 -2.27397692 -2.76958048 -2.96678543]
log likelihood =  -1415.29344704
Edge derivatives =  [-0.036872440002750084, -0.007226691955086462, 0.05170316588877971, -0.002150160703014714, -0.05836968098419412, 0.05695818897284399, -0.057454040918189626, -0.0019670521040701383, 0.00359961937097243, 0.030653939608252384, 0.005933917366508293, -0.03111765380020294]
other derivatives: [ 0.06725713 -0.1022272  -0.06457412 -0.00284217  0.02830802  0.        ]
Current x array =  [-0.72298526 -0.59416287 -1.01294422  2.11749299 -2.99302269  0.33647224
 -5.40108158 -1.39279642 -2.03674825 -1.75432856 -2.73728851 -2.96631492
 -3.47147577 -2.5151917  -5.03324674 -2.27339723 -2.76920976 -2.9677488 ]
log likelihood =  -1415.29317807
Edge derivatives =  [-0.03629122714202296, -0.006162325788414108, 0.040357220156711254, 0.0030317291163801663, -0.049245632666774286, 0.05596175718200358, -0.05181172452691433, -0.0012728134135150948, 0.004849690780173716, 0.0175161304348026, 0.0039264535124861055, -0.02299874456044959]
other derivatives: [-0.06405116  0.01273293 -0.0666887  -0.00061391  0.01718945  0.        ]
Current x array =  [-0.72277741 -0.59449539 -1.01289649  2.11754056 -2.99252501  0.33647224
 -5.40220398 -1.3928819  -2.03615234 -1.75464927 -2.73829917 -2.96575985
 -3.47267481 -2.51511384 -5.03508679 -2.27273922 -2.76912741 -2.96838266]
log likelihood =  -1415.2925608
Edge derivatives =  [-0.03265902117215618, -0.005777867778313295, 0.011430990178799047, 0.014646979656606773, -0.018618900807127317, 0.05659189704217449, -0.03575934764215305, -0.0027538823600133933, 0.0022522574544371465, -0.02134773956785918, 0.0007796624889140069, -0.0009151538374053136]
other derivatives: [-0.19740583  0.18885657 -0.06757546  0.00025011 -0.01475655  0.        ]
Current x array =  [-0.72259188 -0.5950176  -1.01282905  2.11763847 -2.99102099  0.33647224
 -5.41041673 -1.39299594 -2.03465059 -1.75523943 -2.74160559 -2.96425984
 -3.4763126  -2.51465646 -5.03271962 -2.27089411 -2.76918293 -2.97003565]
log likelihood =  -1415.29207623
Edge derivatives =  [-0.027955233912972065, -0.009131043689167895, -0.011053024189132232, 0.017334889519367402, 0.011092061017741028, 0.055707369215013625, -0.021395683668225616, -0.00835897280941686, -0.005721579872898182, -0.04956218853937705, 0.00038651587958203615, 0.014120713645010538]
other derivatives: [-0.25438567  0.16373178 -0.0336513   0.0035925  -0.04029062  0.        ]
Current x array =  [-0.72252006 -0.59493852 -1.01297742  2.11761864 -2.9899048   0.33647224
 -5.42220461 -1.39302872 -2.03371387 -1.75526679 -2.74504844 -2.96238425
 -3.47996426 -2.5139814  -5.02359857 -2.26968285 -2.76955594 -2.97108667]
log likelihood =  -1415.29818566
Edge derivatives =  [-0.016491009453917908, 0.041051476604306025, -0.02912171167111706, -0.022510157268619324, 0.0624549102397764, 0.07269425860754053, 0.04834694489549691, 0.010115213246862736, -0.005609809843404029, -0.042946455775309145, 0.0024902133573742324, 0.07485939142214033]
other derivatives: [ 2.12842224  0.99573754 -0.50310973 -0.08776624 -0.03199148  0.        ]
Current x array =  [-0.72678183 -0.59774401 -1.01093107  2.11721646 -2.98813373  0.33647224
 -5.44714989 -1.39413268 -2.03195265 -1.75321434 -2.74953544 -2.95891514
 -3.49531838 -2.51238273 -5.02045286 -2.26869445 -2.76952426 -2.97473144]
log likelihood =  -1415.2919984
Edge derivatives =  [-0.02678117554395844, -0.004074041419947938, -0.012888373873036513, 0.013308785544821622, 0.01627065568113805, 0.057406845686566954, -0.014298472353071225, -0.006512077500674396, -0.0057107453454395135, -0.04890658038790918, 0.000587278185777862, 0.020240190649954096]
other derivatives: [-0.01318767  0.24792826 -0.08087682 -0.00561613 -0.0394266   0.        ]
Current x array =  [-0.72294906 -0.59522093 -1.01277143  2.11757815 -2.98972652  0.33647224
 -5.42471566 -1.39313985 -2.03353658 -1.75506019 -2.74550011 -2.96203504
 -3.48150984 -2.51382048 -5.02328192 -2.26958335 -2.76955275 -2.97145356]
log likelihood =  -1415.29172858
Edge derivatives =  [-0.023005812848823533, -0.008014618847610316, -0.02043558628397242, 0.005617398028456788, 0.0328768368261109, 0.05589256479866489, -0.005557467743277901, -0.01327375201292813, -0.014607177807244758, -0.0556393566521656, 0.002329581030761488, 0.024296139698211774]
other derivatives: [ 0.0186219   0.0856744  -0.03458354 -0.00140972 -0.04924914  0.        ]
Current x array =  [-0.72300708 -0.59473322 -1.01302912  2.11744358 -2.98937143  0.33647224
 -5.43506292 -1.39313415 -2.03349368 -1.75452949 -2.74760992 -2.96061046
 -3.48405508 -2.51319565 -5.01270065 -2.26942232 -2.77001711 -2.97164327]
log likelihood =  -1415.29154483
Edge derivatives =  [-0.02132311021582933, -0.005999746619332835, -0.018233239033180693, -0.00636605492847564, 0.03177298407803307, 0.05117348626228235, 0.0013892705206229941, -0.014003080486353098, -0.01737841706616322, -0.039573514536957094, 0.0030803489894205838, 0.02287325232557988]
other derivatives: [ 0.04861249 -0.00013642 -0.01311946  0.00088676 -0.04054073  0.        ]
Current x array =  [-0.72305076 -0.59446895 -1.01318259  2.11729623 -2.98983334  0.33647224
 -5.44008446 -1.39329412 -2.03390068 -1.75387117 -2.74780648 -2.95956446
 -3.48594871 -2.51296831 -5.00884936 -2.27019099 -2.77017396 -2.97145797]
log likelihood =  -1415.29128125
Edge derivatives =  [-0.018915897169387564, 0.0021430472093604824, -0.012957319842020823, -0.021577388967284172, 0.02068232385579014, 0.0356695013363143, 0.01623575435942442, -0.008177483643286826, -0.01744128258418224, 0.00035982902553755025, 0.002654260891955168, 0.020121040059689566]
other derivatives: [ 0.06616574 -0.0920636   0.00254659  0.00236469 -0.01289209  0.        ]
Current x array =  [-0.7230577  -0.59417637 -1.01334751  2.11709836 -2.99119155  0.33647224
 -5.44707293 -1.39374528 -2.03460356 -1.75296212 -2.74735794 -2.95704131
 -3.48971773 -2.51292434 -5.00721588 -2.27196981 -2.7701749  -2.97113698]
log likelihood =  -1415.29113958
Edge derivatives =  [-0.01721168226197048, 0.005464936720182417, -0.008012034743402952, -0.008401482324167209, 0.009819386493158978, 0.01586959468617688, 0.020372559378050735, -0.0016307294315159593, -0.0163372002033456, 0.01839767403265441, 0.001651616742633949, 0.012636947052789033]
other derivatives: [ 0.04611138 -0.01616627  0.06023129 -0.00168257  0.00984528  0.        ]
Current x array =  [-0.72302477 -0.59438045 -1.01366506  2.11714214 -2.9922547   0.33647224
 -5.450672   -1.39387305 -2.03501919 -1.75324208 -2.74709071 -2.95427438
 -3.49120003 -2.5131836  -5.00794538 -2.27275716 -2.77009107 -2.97056281]
log likelihood =  -1415.29109062
Edge derivatives =  [-0.015046898590315542, 0.011706108498295759, 0.00026101664708001737, -0.0012084635252136988, -0.0018966218113156963, -0.0026651181425333403, 0.0338193832625047, 0.010401393018956984, -0.010506794631547007, 0.0281974187390244, -0.002474797939304621, 0.01636736415506325]
other derivatives: [-0.08667485 -0.01120952 -0.10982149  0.00022737  0.01991793  0.        ]
Current x array =  [-0.72276781 -0.59439798 -1.01280766  2.11705299 -2.99270703  0.33647224
 -5.45548103 -1.39413211 -2.03524677 -1.75339882 -2.74641848 -2.95161192
 -3.49433652 -2.51336114 -5.01357942 -2.27296713 -2.76971384 -2.9705725 ]
log likelihood =  -1415.29102223
Edge derivatives =  [-0.015642644198700706, 0.008168132320200944, -0.003039058836680944, 0.007156759243919508, -0.002182012624421456, -0.002596510276694053, 0.027498945819818467, 0.007326480099466404, -0.010480547184961338, 0.01709306996035831, -0.0025966545365997268, 0.012541287066932652]
other derivatives: [-0.04504273  0.03899459 -0.01434728 -0.0017053   0.01487024  0.        ]
Current x array =  [-0.72286229 -0.5945501  -1.01327309  2.11712589 -2.99247325  0.33647224
 -5.45363847 -1.39395924 -2.03513041 -1.75375469 -2.74645524 -2.95185654
 -3.4930396  -2.51342276 -5.01421121 -2.27251423 -2.76971197 -2.97041112]
log likelihood =  -1415.29098932
Edge derivatives =  [-0.01574552918196484, 0.005202350506821718, -0.00434701469873601, 0.014325167507757197, -0.0032428168024083853, -0.004765221570393274, 0.024460375769079674, 0.006191046126382077, -0.009195805456389237, 0.005749303675261108, -0.003409825448753373, 0.010831995845985251]
other derivatives: [-0.01625722  0.0343789   0.01548415 -0.00238742  0.00854925  0.        ]
Current x array =  [-0.72292144 -0.59454839 -1.0134084   2.11715398 -2.99217796  0.33647224
 -5.45306893 -1.39382705 -2.03503837 -1.75404384 -2.74645331 -2.95169773
 -3.4924391  -2.51344621 -5.0159708  -2.27199205 -2.76964933 -2.97030188]
log likelihood =  -1415.29094307
Edge derivatives =  [-0.015015700030549632, 0.00017663544626178584, -0.005143127946259332, 0.019015558453407133, -0.003933598603279617, -0.010300264749688037, 0.021449529682052104, 0.003621903352182515, -0.007892774969909321, -0.011593652532274845, -0.004459035561292915, 0.007765607703167712]
other derivatives: [-0.00334239  0.0259206   0.03219611 -0.00115961 -0.00313776  0.        ]
Current x array =  [-0.72295944 -0.59453865 -1.01346603  2.11712575 -2.99165537  0.33647224
 -5.45480134 -1.39360777 -2.03501393 -1.75420015 -2.74667511 -2.95097795
 -3.49205579 -2.51331881 -5.0178345  -2.27118322 -2.76962273 -2.97000884]
log likelihood =  -1415.2909057
Edge derivatives =  [-0.014226160913010658, -0.004327846484250469, 0.003176022912358939, 0.01942923662640894, -0.013173568306247743, -0.02220367126582612, 0.014650922610043436, 0.0033224716867090165, -0.002825455497391452, -0.01373030173250031, -0.0038999513703692618, -0.0031034501122088887]
other derivatives: [ 0.11250449 -0.10600161  0.0122327  -0.00391083 -0.00177351  0.        ]
Current x array =  [-0.7231459  -0.59417761 -1.0133736   2.11711006 -2.99172239  0.33647224
 -5.4568097  -1.39339377 -2.03542156 -1.75405983 -2.74625151 -2.94966774
 -3.49079891 -2.51329981 -5.02342069 -2.27100936 -2.76958273 -2.96900556]
log likelihood =  -1415.29084394
Edge derivatives =  [-0.012607629839229195, -0.007852931597954194, 0.0005567863337909984, 0.009876535041690615, -0.006894864446726646, -0.023857160959917856, 0.014054129827517324, -0.0019454945748426378, -0.00448095118062912, -0.026063031201365272, -0.0034505520761015235, -0.004268693660893275]
other derivatives: [ 0.04242793 -0.05045422  0.00870841  0.00079581 -0.01498393  0.        ]
Current x array =  [-0.72304747 -0.59433526 -1.0133254   2.11701104 -2.99115868  0.33647224
 -5.46162704 -1.39324219 -2.03542309 -1.75366446 -2.74711543 -2.9491146
 -3.49104499 -2.51290353 -5.02195298 -2.27046153 -2.76976653 -2.96880933]
log likelihood =  -1415.29079299
Edge derivatives =  [-0.0111257399768292, -0.008720039021513942, 0.0013833641372056615, -0.006547502628908297, -0.002079029015690098, -0.023990952161642376, 0.012460536185593077, -0.006541918458784546, -0.005451953923440272, -0.024555957676981932, -0.0014367621781220113, -0.007460010085723223]
other derivatives: [-0.00816271 -0.01648459 -0.00909495  0.00404725 -0.01914486  0.        ]
Current x array =  [-0.72296855 -0.59442321 -1.01322909  2.11691639 -2.99100721  0.33647224
 -5.46643522 -1.39319369 -2.03561038 -1.7529659  -2.74775693 -2.94884022
 -3.49093697 -2.51254313 -5.02098881 -2.27053964 -2.77000638 -2.96844521]
log likelihood =  -1415.29074218
Edge derivatives =  [-0.009743734708571948, -0.007688717869683698, 0.005172473386046733, -0.02457418793464833, 0.0013792261399717745, -0.022560481856967685, 0.007992848990942415, -0.01096674162841324, -0.0049884233863056945, -0.014756385914862696, 0.00178829099679724, -0.013124095690925444]
other derivatives: [-0.03722107  0.00991349 -0.02401066  0.00541149 -0.0172804   0.        ]
Current x array =  [-0.72291727 -0.59448601 -1.01316172  2.11684856 -2.99112556  0.33647224
 -5.4711046  -1.39320457 -2.03591667 -1.75217633 -2.74818435 -2.9489409
 -3.4900466  -2.51225304 -5.0215986  -2.2709907  -2.77026822 -2.96790759]
log likelihood =  -1415.2906822
Edge derivatives =  [-0.008068259326403066, -0.0029192460060155634, 0.009067455458108928, -0.03036274934953298, 0.0061057655448482386, -0.01787315533718803, 0.004765520432208813, -0.012644971226575014, -0.0033902005532254875, -0.0029792194302742936, 0.004621706769943404, -0.015114744581260012]
other derivatives: [-0.02128218  0.04224603 -0.03142304  0.00304681 -0.01127773  0.        ]
Current x array =  [-0.7229353  -0.59457114 -1.0131492   2.1168304  -2.99137909  0.33647224
 -5.47601233 -1.39335324 -2.03605595 -1.75183757 -2.74853007 -2.94951994
 -3.48914795 -2.51216283 -5.02342906 -2.27151102 -2.77043126 -2.96772664]
log likelihood =  -1415.2908491
Edge derivatives =  [-0.00481740944067869, 0.00022948226320904097, 0.011177218540668457, -0.02965560422593394, 0.013775738042599229, -0.005810639390375849, -0.009920270036313655, -0.01928024443802931, 0.0028013164410901938, 0.020483391727648292, 0.009328812852424637, -0.022668972765182233]
other derivatives: [-0.44747139 -0.14329089  0.09290488  0.0170985  -0.00270575  0.        ]
Current x array =  [-0.72214216 -0.59394125 -1.01379416  2.11682571 -2.99220671  0.33647224
 -5.48706174 -1.39365748 -2.03616925 -1.7516634  -2.7489557  -2.95198024
 -3.48512639 -2.51232095 -5.03101228 -2.27277633 -2.77070064 -2.96737309]
log likelihood =  -1415.29065325
Edge derivatives =  [-0.007157832460584021, -0.0020420996965440363, 0.009652049357794124, -0.030164462027086836, 0.008235700598877967, -0.01451957231635459, 0.0007000548167284196, -0.014488918262865302, -0.0016644190939209616, 0.0035383392804367586, 0.005927404357038535, -0.017211498244216]
other derivatives: [-0.13949375 -0.0091859   0.00313776  0.00695763 -0.00886757  0.        ]
Current x array =  [-0.72271505 -0.59439623 -1.0133283   2.1168291  -2.99160891  0.33647224
 -5.47908061 -1.39343773 -2.03608741 -1.7517892  -2.74864826 -2.95020314
 -3.48803122 -2.51220674 -5.02553483 -2.27186238 -2.77050607 -2.96762847]
log likelihood =  -1415.29058644
Edge derivatives =  [-0.004784538259185477, 0.007036361156568138, 0.013107472061205189, -0.02060010088105929, 0.015495684083594884, -0.005554628900034442, -0.0006518027835171816, -0.012668605458122734, 0.001232424086578865, 0.01602058571021897, 0.008250515284323634, -0.01390889729080369]
other derivatives: [-0.03890364  0.02730758  0.00040927 -0.00052296  0.00129603  0.        ]
Current x array =  [-0.72286982 -0.59450424 -1.01336157  2.11685276 -2.99196901  0.33647224
 -5.48523565 -1.39373185 -2.03596655 -1.7520033  -2.74897917 -2.95135692
 -3.48718866 -2.51235375 -5.02876606 -2.27238118 -2.77054606 -2.96793572]
log likelihood =  -1415.2905567
Edge derivatives =  [-0.0035365128810806055, 0.010114435080639111, 0.011544327956152886, -0.007351364965153262, 0.019617644575499246, -0.0006584904258555291, 0.0006513737735942687, -0.010189524972050196, 0.0024063122815363314, 0.014910171600088729, 0.00788093881354418, -0.008585436400590923]
other derivatives: [ 0.01114131  0.01559783  0.00727596 -0.00350155  0.00295586  0.        ]
Current x array =  [-0.72294662 -0.59447622 -1.01341346  2.11685911 -2.99200236  0.33647224
 -5.48825518 -1.39383686 -2.03566458 -1.75246436 -2.74912291 -2.95201114
 -3.48711124 -2.51254678 -5.03009539 -2.27231319 -2.77045643 -2.96842141]
log likelihood =  -1415.29053672
Edge derivatives =  [-0.002632667084668432, 0.009732262725497515, 0.008175472667937334, 0.006299736632747521, 0.021057145809990963, 0.0016246983319121444, 0.0022170869349336236, -0.0066625710720144005, 0.003242417226709631, 0.007613287608867703, 0.00619654679472037, -0.0030178624479027805]
other derivatives: [ 0.02303295 -0.00268301  0.00293312 -0.00400178  0.00138698  0.        ]
Current x array =  [-0.72296196 -0.5944308  -1.01338881  2.11684299 -2.99191841  0.33647224
 -5.49036489 -1.39379872 -2.03527039 -1.75299659 -2.7490522  -2.95242454
 -3.4871471  -2.51280684 -5.03112536 -2.27196678 -2.77028178 -2.96892597]
log likelihood =  -1415.29051633
Edge derivatives =  [-0.0019183999532531486, 0.004911742535942315, 0.00012233489506215112, 0.005637366606638328, 0.019121718036010354, 0.0027023335582476715, 0.0031814609448248543, -0.003993451444778973, 0.002640525071238957, 0.0007473261935372066, 0.004017450933948785, 0.0010470512580558339]
other derivatives: [ 0.02241904 -0.00495675  0.02064553 -0.00109139 -0.00122782  0.        ]
Current x array =  [-0.72297    -0.59442774 -1.01346517  2.11674215 -2.99185035  0.33647224
 -5.49290544 -1.39356262 -2.03481695 -1.75302937 -2.74868286 -2.95283254
 -3.48715908 -2.51306485 -5.03059757 -2.27167996 -2.77009232 -2.96935872]
log likelihood =  -1415.29057474
Edge derivatives =  [-0.0004932903491290897, -0.004557048094058241, -0.00698892727841989, 0.011695176290610787, -0.0018768941358647331, 7.645584245952186e-05, 0.00377082167228094, 0.015533086318339079, 0.005765322379870945, -0.0021078503415795646, -0.0033349620681693837, 0.010795196333514737]
other derivatives: [-0.08435563  0.00636646 -0.13158115  0.0035925   0.00984528  0.        ]
Current x array =  [-0.7227642  -0.59446764 -1.01264971  2.11657731 -2.99244163  0.33647224
 -5.49742427 -1.39292856 -2.03380691 -1.753466   -2.7458653  -2.95395175
 -3.48621022 -2.5143829  -5.03421488 -2.27148063 -2.76919162 -2.97033197]
log likelihood =  -1415.29050387
Edge derivatives =  [-0.0014959982747175665, 0.002115955864431446, -0.001977364445629959, 0.007430051282170946, 0.01292890273836255, 0.0019289908987881743, 0.003355399923083237, 0.0017794510342964143, 0.0035651304541007463, -9.497479894512995e-05, 0.0018464180477636982, 0.00392937029274977]
other derivatives: [-0.00914042 -0.00163709 -0.02432898  0.00027285  0.00204636  0.        ]
Current x array =  [-0.7229092  -0.59443953 -1.01322427  2.11669346 -2.99202502  0.33647224
 -5.49424036 -1.39337531 -2.03451857 -1.75315835 -2.74785052 -2.95316317
 -3.48687878 -2.51345422 -5.03166618 -2.27162108 -2.76982624 -2.96964623]
log likelihood =  -1415.29049221
Edge derivatives =  [-0.0008363610032674409, -0.00471072894584923, -0.008008372220967105, -0.004893788917695208, 0.008308699620094565, 0.00017423697084251177, 0.002225544629874246, 0.0016509516259607393, 0.0024157796156757793, -0.005120390090857768, 0.00039580998544232193, 0.0034065164788137647]
other derivatives: [-0.00259206 -0.01346052 -0.00700311  0.00393356 -0.00186446  0.        ]
Current x array =  [-0.72293442 -0.59440681 -1.0132965   2.11657567 -2.99192346  0.33647224
 -5.49717073 -1.39305401 -2.03432047 -1.75271575 -2.74739123 -2.95321091
 -3.48667669 -2.51352798 -5.03050121 -2.2714322  -2.76972331 -2.96966614]
log likelihood =  -1415.29049966
Edge derivatives =  [-0.0007190004602059385, -0.004948244849823535, -0.008403698819600555, -0.0038237138418963923, 0.0017031401047524555, -0.0016136505511550325, 0.0010892493216340601, 0.0019255296098869834, 0.0018840361466286454, -0.005433040511391873, -0.0013211170546521822, 0.0022117375567263647]
other derivatives: [-0.05029506  0.07760264  0.03219611  0.00386535 -0.00111413  0.        ]
Current x array =  [-0.72286672 -0.5946634  -1.01348105  2.11661871 -2.99197836  0.33647224
 -5.49748669 -1.39299671 -2.03435001 -1.75277441 -2.746713   -2.95332492
 -3.48651548 -2.5136484  -5.03017792 -2.27145029 -2.76958087 -2.96969495]
log likelihood =  -1415.29049036
Edge derivatives =  [-0.0008002077593846427, -0.004783627143366942, -0.00812997202575283, -0.0045640046598404704, 0.006275333552923319, -0.0003763181842851848, 0.0018756803472260303, 0.0017356670149391573, 0.002252029851390466, -0.005216515982573583, -0.0001328110028210594, 0.003038659364826307]
other derivatives: [-0.01725766  0.01459739  0.00509317  0.00393356 -0.00161435  0.        ]
Current x array =  [-0.72291357 -0.59448583 -1.01335334  2.11658893 -2.99194037  0.33647224
 -5.49726804 -1.39303636 -2.03432956 -1.75273382 -2.74718237 -2.95324602
 -3.48662704 -2.51356506 -5.03040165 -2.27143777 -2.76967945 -2.96967501]
      fun: 1415.2904903619872
 hess_inv: <18x18 LbfgsInvHessProduct with dtype=float64>
      jac: array([ 0.01725766, -0.01459739, -0.00509317, -0.00393356,  0.00161435,
       -0.        ,  0.00080021,  0.00478363,  0.00812997,  0.004564  ,
       -0.00627533,  0.00037632, -0.00187568, -0.00173567, -0.00225203,
        0.00521652,  0.00013281, -0.00303866])
  message: 'CONVERGENCE: REL_REDUCTION_OF_F_<=_FACTR*EPSMCH'
     nfev: 78
      nit: 69
   status: 0
  success: True
        x: array([-0.72291357, -0.59448583, -1.01335334,  2.11658893, -2.99194037,
        0.33647224, -5.49726804, -1.39303636, -2.03432956, -1.75273382,
       -2.74718237, -2.95324602, -3.48662704, -2.51356506, -5.03040165,
       -2.27143777, -2.76967945, -2.96967501])
number of sites to be analyzed:  408
Successfully loaded parameter value from ./test/save/HKY_YBL087C_YER117W_nonclock_save.txt
log likelihood =  -1469.78419183
Edge derivatives =  [0.0028844409488730655, -0.0035592211949564, -0.0012125187620779859, 0.0008206504970603296, 0.00031019724600779564, 0.0021994742273137025, -0.0031506531981335614, -0.001346520292665956, -0.004549674117356088, 0.0007062122886337778, 0.0032412598699717264, -0.003834991710049366]
other derivatives: [ 0.01714398 -0.00950422  0.00284217 -0.00177351  0.00331966]
Current x array =  [-0.77358883 -0.66181812 -0.8936197   2.38846167  2.6344224  -2.66529755
 -9.         -3.84301748 -3.15636101 -5.22349602 -3.77500679 -5.1005418
 -4.26000517 -5.71875788 -4.35408965 -4.2337204  -5.07659564]
log likelihood =  -1469.86519501
Edge derivatives =  [-0.16343374134802152, -0.0038613043014818793, -0.07635773867135637, -0.09664832360510991, -0.02472597266246681, -0.06761809973223742, -0.010164379459804211, -0.03128696784539581, -0.011841179891080786, -0.04620873769908955, -0.09314997488099838, 0.0019281015180519431]
other derivatives: [-7.9815436   2.48805918 -0.38151029 -0.01091394 -0.3052719 ]
Current x array =  [-0.75644485 -0.67132234 -0.89077753  2.38668816  2.63774206 -2.66241311
 -9.         -3.84423    -3.15554036 -5.22318582 -3.77280732 -5.10369245
 -4.26135169 -5.72330755 -4.35338344 -4.23047914 -5.08043063]
log likelihood =  -1469.78419112
Edge derivatives =  [0.0023834644392392995, -0.0035601305643575636, -0.0014362211866918969, 0.0005261378350032986, 0.00023547415509456854, 0.0019876341175192325, -0.0031726307900824457, -0.0014382232402029797, -0.0045723707600342275, 0.0005648952252338239, 0.0029533723807063476, -0.0038195106906728244]
other derivatives: [-0.00595719 -0.00195541  0.00179625 -0.00168257  0.00247837]
Current x array =  [-0.77353804 -0.66184628 -0.89361128  2.38845642  2.63443223 -2.66528901
 -9.         -3.84302108 -3.15635858 -5.2234951  -3.77500028 -5.10055113
 -4.26000916 -5.71877135 -4.35408756 -4.2337108  -5.076607  ]
      fun: 1469.784191117757
 hess_inv: <17x17 LbfgsInvHessProduct with dtype=float64>
      jac: array([ 0.00595719,  0.00195541, -0.00179625,  0.00168257, -0.00247837,
       -0.00238346,  0.00356013,  0.00143622, -0.00052614, -0.00023547,
       -0.00198763,  0.00317263,  0.00143822,  0.00457237, -0.0005649 ,
       -0.00295337,  0.00381951])
  message: 'CONVERGENCE: REL_REDUCTION_OF_F_<=_FACTR*EPSMCH'
     nfev: 3
      nit: 1
   status: 0
  success: True
        x: array([-0.77353804, -0.66184628, -0.89361128,  2.38845642,  2.63443223,
       -2.66528901, -9.        , -3.84302108, -3.15635858, -5.2234951 ,
       -3.77500028, -5.10055113, -4.26000916, -5.71877135, -4.35408756,
       -4.2337108 , -5.076607  ])
number of sites to be analyzed:  408
Successfully loaded parameter value from ./test/save/HKY_Force_YBL087C_YER117W_nonclock_save.txt
log likelihood =  -1584.66971943
Edge derivatives =  [-0.0002793549749811365, 0.0009547278913297833, 1.3308608429806607e-05, -0.0006491928922160162, 0.001291790494993339, 0.0010971243918269646, -0.001235584185525232, 0.0008244632411816485, -0.00017733838319104224, -0.0004057484098188499, 0.0005608066232779749, -0.001996928480817433]
other derivatives: [-0.00229647  0.00061391 -0.00143245 -0.00138698  0.        ]
Current x array =  [-0.82083411 -0.66836035 -0.91374097  2.58409081  0.33647224 -5.9548762
 -2.63229481 -3.27434936 -2.98274178 -3.94899214 -4.0236167  -4.6431392
 -3.66624149 -5.95471579 -3.44730048 -3.93294486 -4.07627249]
log likelihood =  -1584.67130272
Edge derivatives =  [-0.00016710923529661328, -0.01408374164256991, 0.0005377125640573313, 0.03389001517222995, -0.011262455567718979, -0.008135281005652972, 0.007488446889719318, -0.010595846556571205, 0.001950215966816154, 0.013138589362641166, -0.0005492854195930236, 0.023309599543235818]
other derivatives: [ 1.08755103 -0.17537332  0.27341684  0.0421096   0.        ]
Current x array =  [-0.82313058 -0.66774644 -0.91517343  2.58270384  0.33647224 -5.95515555
 -2.63134008 -3.27433606 -2.98339097 -3.94770035 -4.02251958 -4.64437478
 -3.66541702 -5.95489313 -3.44770623 -3.93238405 -4.07826942]
log likelihood =  -1584.66971937
Edge derivatives =  [-0.0002786684627256652, 0.0008581425326849024, 1.6516642723632402e-05, -0.0004277402896859933, 0.0012112030757699729, 0.001037777321421296, -0.0011795926292604182, 0.0007510909399836008, -0.00016370228567920073, -0.0003189796021802471, 0.0005535556776799719, -0.0018343915472365004]
other derivatives: [ 0.00472937 -0.00047748  0.00031832 -0.00111413  0.        ]
Current x array =  [-0.82084884 -0.66835641 -0.91375017  2.58408192  0.33647224 -5.95487799
 -2.63228868 -3.27434928 -2.98274595 -3.94898386 -4.02360966 -4.64314713
 -3.6662362  -5.95471693 -3.44730308 -3.93294126 -4.0762853 ]
      fun: 1584.6697193673328
 hess_inv: <17x17 LbfgsInvHessProduct with dtype=float64>
      jac: array([ -4.72937245e-03,   4.77484718e-04,  -3.18323146e-04,
         1.11413101e-03,  -0.00000000e+00,   2.78668463e-04,
        -8.58142533e-04,  -1.65166427e-05,   4.27740290e-04,
        -1.21120308e-03,  -1.03777732e-03,   1.17959263e-03,
        -7.51090940e-04,   1.63702286e-04,   3.18979602e-04,
        -5.53555678e-04,   1.83439155e-03])
  message: 'CONVERGENCE: REL_REDUCTION_OF_F_<=_FACTR*EPSMCH'
     nfev: 3
      nit: 1
   status: 0
  success: True
        x: array([-0.82084884, -0.66835641, -0.91375017,  2.58408192,  0.33647224,
       -5.95487799, -2.63228868, -3.27434928, -2.98274595, -3.94898386,
       -4.02360966, -4.64314713, -3.6662362 , -5.95471693, -3.44730308,
       -3.93294126, -4.0762853 ])
1
