/home3/jxiong7/IGCexpansion/IGCexpansion/CodonGeneconv.py:277: FutureWarning: comparison to `None` will result in an elementwise object comparison in the future.
  if not x == None:
number of sites to be analyzed:  344
Successfully loaded parameter value from ./test/save/MG94_AR_MR_nonclock_save.txt
log likelihood =  -10444.4473353
Edge derivatives =  [-0.0040670370056568594, -0.0009354410834520252, -0.0185907723146279, -0.006776633155263001, -0.03254178911730532, 0.02464281942430384, 0.014813339581605467, -0.01102890109992788, -0.027723999855470693, -0.011462094044886562, 0.008623100908143097, -0.011829934561280675, 0.027959321209910067, -0.0057590532325462185, -0.011086941104889211, -0.003198119616188544, 0.009749593261980702, -0.03732254451015259, -0.023895644460123044, -0.010538765397801676]
other derivatives: [-0.10877557  0.01164153  0.01855369  0.03565219  0.01400622 -0.01255103]
Current x array =  [-0.66245353 -0.78382038 -0.55769743  0.59494564 -2.99721796 -1.95568628
  0.91663797  2.5026908  -0.09389092 -0.07091255 -0.31681139 -0.41622159
 -0.57733061 -1.10925802 -0.92114272 -1.09221762 -1.8787189  -3.39690473
 -3.73960719 -2.70039981 -2.12227767 -1.51381748 -3.02745801 -3.57938093
 -2.65676415 -2.9031384 ]
log likelihood =  -10465.9195481
Edge derivatives =  [2.0655815059615534, 2.5460885720162034, 2.3352182395863736, 1.30409871400035, 3.8626112239252075, 1.4266732487060636, 0.7123471662712111, 1.2406936593508733, 4.392760706400585, 3.5511008692327524, 0.8986954206746232, 0.5232722629581726, 0.14162644492280915, 0.5743874498118358, 1.3894798872780996, 2.0547377283860335, 0.2806931187478185, 0.6969271721530095, 1.2753281029670052, 0.9759795184638831]
other derivatives: [ 356.8637112   -10.72967279  -62.49301805  -11.46818249   11.80778781
    0.76197466]
Current x array =  [-0.77122909 -0.77217885 -0.53914374  0.63059783 -2.98321175 -1.96823731
  0.91257093  2.50175536 -0.11248169 -0.07768918 -0.34935318 -0.39157877
 -0.56251727 -1.12028692 -0.94886672 -1.10367971 -1.8700958  -3.40873467
 -3.71164787 -2.70615886 -2.13336461 -1.5170156  -3.01770842 -3.61670348
 -2.68065979 -2.91367716]
log likelihood =  -10444.447331
Edge derivatives =  [-0.0030523411639852838, 0.00041398074656393696, -0.017368029547399688, -0.0060194171520076, -0.03079358816526273, 0.02525642114160155, 0.015094055937749928, -0.010453748421727138, -0.02581320852923219, -0.00994330828987183, 0.00901777005988319, -0.011604677631940868, 0.028005570552148258, -0.005510904802094929, -0.01047645061948517, -0.0022938199784580116, 0.009873985170889027, -0.036997251876444426, -0.023320753970005437, -0.0101011976898027]
other derivatives: [ 0.07603376 -0.00800355 -0.00854925  0.02946763  0.01982698 -0.01236913]
Current x array =  [-0.66250077 -0.78381532 -0.55768937  0.59496112 -2.99721188 -1.95569173
  0.9166362   2.50269039 -0.093899   -0.07091549 -0.31682553 -0.41621089
 -0.57732418 -1.10926281 -0.92115476 -1.09222259 -1.87871516 -3.39690987
 -3.73959504 -2.70040231 -2.12228248 -1.51381887 -3.02745378 -3.57939714
 -2.65677452 -2.90314297]
      fun: 10444.447330996907
 hess_inv: <26x26 LbfgsInvHessProduct with dtype=float64>
      jac: array([-0.07603376,  0.00800355,  0.00854925, -0.02946763, -0.01982698,
        0.01236913,  0.00305234, -0.00041398,  0.01736803,  0.00601942,
        0.03079359, -0.02525642, -0.01509406,  0.01045375,  0.02581321,
        0.00994331, -0.00901777,  0.01160468, -0.02800557,  0.0055109 ,
        0.01047645,  0.00229382, -0.00987399,  0.03699725,  0.02332075,
        0.0101012 ])
  message: 'CONVERGENCE: REL_REDUCTION_OF_F_<=_FACTR*EPSMCH'
     nfev: 3
      nit: 1
   status: 0
  success: True
        x: array([-0.66250077, -0.78381532, -0.55768937,  0.59496112, -2.99721188,
       -1.95569173,  0.9166362 ,  2.50269039, -0.093899  , -0.07091549,
       -0.31682553, -0.41621089, -0.57732418, -1.10926281, -0.92115476,
       -1.09222259, -1.87871516, -3.39690987, -3.73959504, -2.70040231,
       -2.12228248, -1.51381887, -3.02745378, -3.57939714, -2.65677452,
       -2.90314297])
number of sites to be analyzed:  344
Successfully loaded parameter value from ./test/save/MG94_Force_AR_MR_nonclock_save.txt
log likelihood =  -10468.9896905
Edge derivatives =  [-0.007455512806925024, 0.00810718588952869, -1.461415836090385e-05, -0.002034202732101642, -0.019569340998468646, 0.04752202966406108, 0.024243437532500023, -0.027972608393329768, -0.009008932893708077, -0.0064255635667641526, -0.002292287669410503, -0.00625765951425819, 0.028084820477485308, -0.02500926655696767, -0.020162343883592095, -0.009936810178668987, -0.01439052582035763, -0.018709962611932286, -0.026253212929359893, -0.00819823298916151]
other derivatives: [ 0.05966285  0.03965397  0.0169166   0.00563887 -0.00945874  0.        ]
Current x array =  [ -6.65840884e-01  -7.87781558e-01  -5.55332979e-01   5.81344446e-01
  -3.03211193e+00   3.36472237e-01   8.40730691e-01   2.55400275e+00
   1.00064943e-02  -1.81637620e-03  -2.68161395e-01  -3.30351360e-01
  -5.14658529e-01  -1.03395554e+00  -8.55972553e-01  -1.02512125e+00
  -1.83527233e+00  -3.32195545e+00  -3.70262771e+00  -2.65125569e+00
  -2.07377793e+00  -1.45772909e+00  -2.97766235e+00  -3.52584556e+00
  -2.61063696e+00  -2.85116210e+00]
log likelihood =  -10479.0848268
Edge derivatives =  [0.7638343757048578, -2.208051426894634, -1.046392246490369, -0.49748811879471444, -1.4313750072909746, -4.092231950344003, -2.170092792845441, -0.10726221688697662, -0.35317559142818167, -0.5549004716006422, -0.826220462829272, -0.10565012010289843, -0.2048978912756827, 0.5483914667960146, 0.41901392418620165, -0.2636527879816931, 0.19540495954943782, 0.05046790725944352, 0.5407419145495429, -0.14357661191365478]
other derivatives: [-267.1718903   -93.22193364  -57.24996299    2.25136318   -3.42060957
    0.        ]
Current x array =  [-0.60617803 -0.74812759 -0.53841638  0.58698331 -3.04157068  0.33647224
  0.83327518  2.56210994  0.00999188 -0.00385058 -0.28773074 -0.28282933
 -0.49041509 -1.06192815 -0.86498149 -1.03154681 -1.83756462 -3.32821311
 -3.67454289 -2.67626496 -2.09394028 -1.4676659  -2.99205287 -3.54455553
 -2.63689017 -2.85936033]
log likelihood =  -10468.9896861
Edge derivatives =  [-0.006862486743269447, 0.006760678491948952, -0.0006329369740288859, -0.0022763480156515747, -0.02050379089699278, 0.0448540716499253, 0.022820118653122057, -0.027982331514618153, -0.009225189168383108, -0.006778474299167299, -0.00282391465796214, -0.006323465328320357, 0.02793410048986935, -0.024621789155644613, -0.01985677113855308, -0.010081539169854548, -0.014245042089474191, -0.01866217442329992, -0.025864857464908964, -0.008279470705959066]
other derivatives: [-0.10513759 -0.02255547 -0.02419256  0.00272848 -0.01382432  0.        ]
Current x array =  [ -6.65801015e-01  -7.87755059e-01  -5.55321674e-01   5.81348214e-01
  -3.03211825e+00   3.36472237e-01   8.40725709e-01   2.55400817e+00
   1.00064845e-02  -1.81773552e-03  -2.68174472e-01  -3.30319604e-01
  -5.14642329e-01  -1.03397423e+00  -8.55978573e-01  -1.02512554e+00
  -1.83527386e+00  -3.32195963e+00  -3.70260894e+00  -2.65127240e+00
  -2.07379141e+00  -1.45773573e+00  -2.97767196e+00  -3.52585807e+00
  -2.61065450e+00  -2.85116758e+00]
      fun: 10468.98968614846
 hess_inv: <26x26 LbfgsInvHessProduct with dtype=float64>
      jac: array([ 0.10513759,  0.02255547,  0.02419256, -0.00272848,  0.01382432,
       -0.        ,  0.00686249, -0.00676068,  0.00063294,  0.00227635,
        0.02050379, -0.04485407, -0.02282012,  0.02798233,  0.00922519,
        0.00677847,  0.00282391,  0.00632347, -0.0279341 ,  0.02462179,
        0.01985677,  0.01008154,  0.01424504,  0.01866217,  0.02586486,
        0.00827947])
  message: 'CONVERGENCE: REL_REDUCTION_OF_F_<=_FACTR*EPSMCH'
     nfev: 3
      nit: 1
   status: 0
  success: True
        x: array([ -6.65801015e-01,  -7.87755059e-01,  -5.55321674e-01,
         5.81348214e-01,  -3.03211825e+00,   3.36472237e-01,
         8.40725709e-01,   2.55400817e+00,   1.00064845e-02,
        -1.81773552e-03,  -2.68174472e-01,  -3.30319604e-01,
        -5.14642329e-01,  -1.03397423e+00,  -8.55978573e-01,
        -1.02512554e+00,  -1.83527386e+00,  -3.32195963e+00,
        -3.70260894e+00,  -2.65127240e+00,  -2.07379141e+00,
        -1.45773573e+00,  -2.97767196e+00,  -3.52585807e+00,
        -2.61065450e+00,  -2.85116758e+00])
