/home3/jxiong7/IGCexpansion/IGCexpansion/CodonGeneconv.py:275: FutureWarning: comparison to `None` will result in an elementwise object comparison in the future.
  if not x == None:
number of sites to be analyzed:  112
Successfully loaded parameter value from ./test/save/MG94_YLR406C_YDL075W_nonclock_save.txt
log likelihood =  -1178.09909342
Edge derivatives =  [0.00028789163282201546, 0.0004367725714296, 0.0028483971775767197, -0.0030401750922328663, 0.005132933957419997, 0.0011061191526855751, 0.0012415349635184342, 0.0016002910555547173, 0.0007250926556336091, 0.0034181196376827927, 0.0006696204644526527, 0.00025321039915643384]
other derivatives: [ 0.00011369 -0.0086402   0.00047748 -0.00025011  0.00320597  0.00247837]
Current x array =  [-0.64418754 -0.48189259 -0.93057452  1.83999212 -2.45802426  0.50234487
 -3.20346576 -1.43915767 -2.2168384  -2.14527169 -3.61457013 -2.59450774
 -3.90526907 -2.80407366 -5.62040896 -2.41134837 -3.17811748 -3.28150273]
log likelihood =  -1178.11466137
Edge derivatives =  [0.014440865958601896, 0.041838199648041946, -0.005121143305301376, 0.044747794562456145, -0.00879549572052115, -0.018336927019058175, -0.007122553611292354, -0.013466319965012116, 0.0015018836377528114, -0.074065755691819, 0.00340483361878223, -0.0014641051465243068]
other derivatives: [-0.23806024  3.50123628 -0.03446985 -0.01473381 -0.05152287 -0.06766641]
Current x array =  [-0.64407386 -0.49053279 -0.93009704  1.83974201 -2.45481829  0.50482324
 -3.20317787 -1.43872089 -2.21399    -2.14831187 -3.60943719 -2.59340162
 -3.90402754 -2.80247337 -5.61968387 -2.40793025 -3.17744786 -3.28124952]
log likelihood =  -1178.09909305
Edge derivatives =  [0.0003582365595442144, 0.0006432933133897756, 0.0028152655165466223, -0.0028041397662030842, 0.0050675517375524115, 0.0010159048448346447, 0.0012023278700720869, 0.0015310636312434872, 0.000729129485857332, 0.0030490849096253547, 0.0006852105342181614, 0.00024692759827091293]
other derivatives: [-0.00100044  0.00859472  0.00031832 -0.00029559  0.00295586  0.00216005]
Current x array =  [-0.644187   -0.48193424 -0.93057222  1.83999091 -2.4580088   0.50235682
 -3.20346438 -1.43915556 -2.21682467 -2.14528635 -3.61454538 -2.59450241
 -3.90526309 -2.80406595 -5.62040547 -2.41133189 -3.17811425 -3.28150151]
      fun: 1178.0990930470934
 hess_inv: <18x18 LbfgsInvHessProduct with dtype=float64>
      jac: array([ 0.00100044, -0.00859472, -0.00031832,  0.00029559, -0.00295586,
       -0.00216005, -0.00035824, -0.00064329, -0.00281527,  0.00280414,
       -0.00506755, -0.0010159 , -0.00120233, -0.00153106, -0.00072913,
       -0.00304908, -0.00068521, -0.00024693])
  message: 'CONVERGENCE: REL_REDUCTION_OF_F_<=_FACTR*EPSMCH'
     nfev: 3
      nit: 1
   status: 0
  success: True
        x: array([-0.644187  , -0.48193424, -0.93057222,  1.83999091, -2.4580088 ,
        0.50235682, -3.20346438, -1.43915556, -2.21682467, -2.14528635,
       -3.61454538, -2.59450241, -3.90526309, -2.80406595, -5.62040547,
       -2.41133189, -3.17811425, -3.28150151])
number of sites to be analyzed:  112
Successfully loaded parameter value from ./test/save/MG94_Force_YLR406C_YDL075W_nonclock_save.txt
log likelihood =  -1195.08199797
Edge derivatives =  [-0.0007358672180688662, 0.001024823679199649, 0.0007059320325741025, 0.0006692360075417625, -5.4170392991104155e-05, -0.00023735374796621245, 0.001167871254765064, -0.0022842717631976622, -0.0036282707500006617, 0.00011317610009761725, -0.005507461889363935, 0.00016362825848810492]
other derivatives: [ 0.0174623  -0.01018634  0.00095497  0.00131877  0.00190994  0.        ]
Current x array =  [-0.65172702 -0.48013828 -0.94182184  1.78749199 -2.59537611  0.33647224
 -3.94490919 -1.31053739 -2.39852393 -2.00190533 -3.48965067 -2.51295023
 -3.86224635 -2.46281386 -5.15877056 -2.16517631 -2.8396052  -3.1379067 ]
log likelihood =  -1195.19502638
Edge derivatives =  [-0.021945645202329313, -0.005410730736574082, -0.06851636092575868, -0.032102580662176416, 0.003771845927125504, -0.035049980813228465, -0.005509685116928873, 0.002880759039898026, 0.00199354288292866, -0.05733798202162432, 0.045528249310059096, -0.016785382499095343]
other derivatives: [-10.29197847   4.68726284  -0.07287326   0.16029844  -0.12453256   0.        ]
Current x array =  [-0.63426472 -0.49032462 -0.94086687  1.78881075 -2.59346617  0.33647224
 -3.94564506 -1.30951257 -2.397818   -2.0012361  -3.48970484 -2.51318758
 -3.86107848 -2.46509813 -5.16239883 -2.16506313 -2.84511267 -3.13774308]
log likelihood =  -1195.08199748
Edge derivatives =  [-0.000782059970187602, 0.0009997937612472585, 0.0005537582089657211, 0.0005897458698156388, -4.968282203460933e-05, -0.00031734979362471605, 0.0011516372752731104, -0.0022808115911109456, -0.003617371230164637, -1.723267489153746e-05, -0.00540666544427916, 0.0001237468769455241]
other derivatives: [-0.00331966 -0.00025011  0.00084128  0.00165983  0.00165983  0.        ]
Current x array =  [-0.65169082 -0.4801594  -0.94181986  1.78749472 -2.59537215  0.33647224
 -3.94491072 -1.31053527 -2.39852247 -2.00190395 -3.48965078 -2.51295072
 -3.86224393 -2.4628186  -5.15877808 -2.16517607 -2.83961662 -3.13790637]
      fun: 1195.0819974796616
 hess_inv: <18x18 LbfgsInvHessProduct with dtype=float64>
      jac: array([  3.31965566e-03,   2.50111043e-04,  -8.41282599e-04,
        -1.65982783e-03,  -1.65982783e-03,  -0.00000000e+00,
         7.82059970e-04,  -9.99793761e-04,  -5.53758209e-04,
        -5.89745870e-04,   4.96828220e-05,   3.17349794e-04,
        -1.15163728e-03,   2.28081159e-03,   3.61737123e-03,
         1.72326749e-05,   5.40666544e-03,  -1.23746877e-04])
  message: 'CONVERGENCE: REL_REDUCTION_OF_F_<=_FACTR*EPSMCH'
     nfev: 3
      nit: 1
   status: 0
  success: True
        x: array([-0.65169082, -0.4801594 , -0.94181986,  1.78749472, -2.59537215,
        0.33647224, -3.94491072, -1.31053527, -2.39852247, -2.00190395,
       -3.48965078, -2.51295072, -3.86224393, -2.4628186 , -5.15877808,
       -2.16517607, -2.83961662, -3.13790637])
13
