/home3/jxiong7/IGCexpansion/IGCexpansion/CodonGeneconv.py:277: FutureWarning: comparison to `None` will result in an elementwise object comparison in the future.
  if not x == None:
number of sites to be analyzed:  133
Successfully loaded parameter value from ./test/save/MG94_YER074W_YIL069C_nonclock_save.txt
log likelihood =  -1251.96345159
Edge derivatives =  [-7.18523743431803e-05, -2.0578020036354783e-05, -0.0007501027756717238, 0.00013699398448474565, -3.389114920101045e-05, 0.0011774916771689625, -1.726031106502962e-05, 0.0009055016821555295, -0.0007039317097560782, 0.0005406627126474106, 0.0009547347191150024, 5.6500814976434555e-05]
other derivatives: [  2.25099939e-03  -6.82121026e-05   0.00000000e+00   7.27595761e-04
  -1.11413101e-03  -2.50111043e-04]
Current x array =  [ -0.6820051   -0.50590205  -0.84525555   2.2049463   -2.00392584
   2.01090047 -13.34580878  -1.55194898  -2.33767982  -1.60870386
 -15.10860066  -3.03790508 -15.98371369  -2.60239774  -4.86171261
  -2.82824097  -2.92525177  -4.41933135]
log likelihood =  -1251.96488641
Edge derivatives =  [-7.187559724403286e-05, -0.005573065579275893, 0.002451943986766847, -0.011715504788544273, -3.3958986935918084e-05, -0.016742319451548582, -1.7293969091545054e-05, -0.022408800754480263, -0.0015214561415951566, -0.010774336025133557, -0.015467243439299394, -0.0015381876442335796]
other derivatives: [-1.25151018  0.03146852  0.00850378  0.00227374  0.00482032 -0.00763976]
Current x array =  [ -0.6797541   -0.50597026  -0.84525555   2.2056739   -2.00503998
   2.01065036 -13.34588064  -1.55196956  -2.33842992  -1.60856687
 -15.10863456  -3.03672759 -15.98373095  -2.60149224  -4.86241655
  -2.8277003   -2.92429703  -4.41927485]
log likelihood =  -1251.96345157
Edge derivatives =  [-7.185247240551754e-05, -4.2831731814824137e-05, -0.0007377057645924778, 8.988747494528826e-05, -3.389141806176992e-05, 0.0011066896258091763, -1.7260444487702715e-05, 0.0008133801993819301, -0.0007071900198680481, 0.000495886502395182, 0.0008898177827213472, 5.0166381379918024e-05]
other derivatives: [ -2.66027200e-03   6.82121026e-05   2.27373675e-05   7.27595761e-04
  -1.11413101e-03  -2.50111043e-04]
Current x array =  [ -0.68199621  -0.50590232  -0.84525555   2.20494917  -2.00393024
   2.01089948 -13.34580907  -1.55194906  -2.33768278  -1.60870332
 -15.1086008   -3.03790043 -15.98371376  -2.60239416  -4.86171539
  -2.82823883  -2.925248    -4.41933113]
      fun: 1251.9634515658697
 hess_inv: <18x18 LbfgsInvHessProduct with dtype=float64>
      jac: array([  2.66027200e-03,  -6.82121026e-05,  -2.27373675e-05,
        -7.27595761e-04,   1.11413101e-03,   2.50111043e-04,
         7.18524724e-05,   4.28317318e-05,   7.37705765e-04,
        -8.98874749e-05,   3.38914181e-05,  -1.10668963e-03,
         1.72604445e-05,  -8.13380199e-04,   7.07190020e-04,
        -4.95886502e-04,  -8.89817783e-04,  -5.01663814e-05])
  message: 'CONVERGENCE: REL_REDUCTION_OF_F_<=_FACTR*EPSMCH'
     nfev: 3
      nit: 1
   status: 0
  success: True
        x: array([ -0.68199621,  -0.50590232,  -0.84525555,   2.20494917,
        -2.00393024,   2.01089948, -13.34580907,  -1.55194906,
        -2.33768278,  -1.60870332, -15.1086008 ,  -3.03790043,
       -15.98371376,  -2.60239416,  -4.86171539,  -2.82823883,
        -2.925248  ,  -4.41933113])
number of sites to be analyzed:  133
Successfully loaded parameter value from ./test/save/MG94_Force_YER074W_YIL069C_nonclock_save.txt
log likelihood =  -1361.55302531
Edge derivatives =  [-1.932544402316442e-05, 0.0002815120322968434, -0.0038586054674186743, 0.0003733008937013005, -1.5753862515143362e-08, 0.0013204572544236043, -2.2243542340428785e-06, 0.003116117084206893, 0.0007529970408723455, 0.0011687638374255072, -0.002986336213194385, 0.0041137008889389134]
other derivatives: [  1.17779564e-02   2.72848411e-04  -9.09494702e-05  -2.13731255e-03
   2.86490831e-03   0.00000000e+00]
Current x array =  [ -0.68877689  -0.48365661  -0.86364799   2.09699992  -2.19459682
   0.33647224 -15.36121626  -1.35422155  -3.1253027   -1.26905251
 -15.08001192  -2.91095155 -18.29765536  -2.00875427  -4.72465138
  -2.58550704  -2.80956488  -3.74025964]
log likelihood =  -1361.59703347
Edge derivatives =  [-1.910818100226782e-05, -0.061439839078938574, -0.025046899564997505, -0.15855293344182364, 2.1080603078871686e-07, -0.05303209817474945, -2.230536882832869e-06, -0.16184293075904377, -0.009779717047364661, -0.0748168451201919, -0.005080326126547574, -0.01910528244384161]
other derivatives: [-7.3750698  -0.16818831  0.1172566   0.21889264 -0.21411779  0.        ]
Current x array =  [ -0.67699893  -0.48338377  -0.86373894   2.0948626   -2.19173191
   0.33647224 -15.36123558  -1.35394003  -3.12916131  -1.26867921
 -15.08001193  -2.9096311  -18.29765759  -2.00563816  -4.72389838
  -2.58433827  -2.81255121  -3.73614594]
log likelihood =  -1361.55302506
Edge derivatives =  [-1.9324964089872832e-05, 0.00013145528334856937, -0.0039115443234871705, -9.522997306277148e-06, -1.5273929411799747e-08, 0.0011906649051856566, -2.224369273054426e-06, 0.0027244835304902626, 0.0007278109594377608, 0.0009872812852625146, -0.0029943905273734917, 0.004058504362249402]
other derivatives: [ -5.22959454e-03  -9.09494702e-05   1.81898940e-04  -1.59161573e-03
   2.38742359e-03   0.00000000e+00]
Current x array =  [ -0.68874931  -0.48365598  -0.8636482    2.09699491  -2.19459011
   0.33647224 -15.3612163   -1.35422089  -3.12531174  -1.26905163
 -15.08001192  -2.91094846 -18.29765537  -2.00874698  -4.72464961
  -2.5855043   -2.80957187  -3.74025001]
      fun: 1361.553025064563
 hess_inv: <18x18 LbfgsInvHessProduct with dtype=float64>
      jac: array([  5.22959454e-03,   9.09494702e-05,  -1.81898940e-04,
         1.59161573e-03,  -2.38742359e-03,  -0.00000000e+00,
         1.93249641e-05,  -1.31455283e-04,   3.91154432e-03,
         9.52299731e-06,   1.52739294e-08,  -1.19066491e-03,
         2.22436927e-06,  -2.72448353e-03,  -7.27810959e-04,
        -9.87281285e-04,   2.99439053e-03,  -4.05850436e-03])
  message: 'CONVERGENCE: REL_REDUCTION_OF_F_<=_FACTR*EPSMCH'
     nfev: 3
      nit: 1
   status: 0
  success: True
        x: array([ -0.68874931,  -0.48365598,  -0.8636482 ,   2.09699491,
        -2.19459011,   0.33647224, -15.3612163 ,  -1.35422089,
        -3.12531174,  -1.26905163, -15.08001192,  -2.91094846,
       -18.29765537,  -2.00874698,  -4.72464961,  -2.5855043 ,
        -2.80957187,  -3.74025001])
