/home3/jxiong7/IGCexpansion/IGCexpansion/CodonGeneconv.py:277: FutureWarning: comparison to `None` will result in an elementwise object comparison in the future.
  if not x == None:
number of sites to be analyzed:  342
Successfully loaded parameter value from ./test/save/MG94_MR_GR_nonclock_save.txt
log likelihood =  -10667.2662972
Edge derivatives =  [0.011440509138980981, 0.023557041091776698, 0.0038924836631031995, 0.0036901036950975907, 0.008395853744279536, 0.04926047475769829, 0.03009790214844879, -0.027611860483408874, 0.021979477206846856, 0.012326096878509052, -0.008710333501816353, 0.018053629297932534, -0.0034743648050325343, -0.021422896640036715, -0.021038553240698477, -0.020985352336292215, -0.01720608107796405, -0.02475787588117348, 0.02006646933066869, 0.006649613396442655]
other derivatives: [ 0.15897967  0.01018634  0.02764864  0.06602932  0.01145963  0.01546141]
Current x array =  [-0.64552063 -0.76045912 -0.5687336   0.55209513 -2.82820068 -1.81395038
  0.42784286  2.33657271 -0.36379748 -0.37118122 -0.33796491 -0.40442432
 -0.6371008  -1.28382624 -0.81035689 -1.00409266 -1.86083182 -3.41244003
 -4.42989693 -2.3482726  -1.98461344 -1.5603403  -2.89320375 -3.47292514
 -2.40044075 -2.52373543]
log likelihood =  -10729.9479841
Edge derivatives =  [-4.481086725471095, -9.76433531567814, -3.2320734318591837, -4.18600255658653, -4.599190320225652, -6.689376539191324, -3.574842703085354, -0.3875305618009059, -5.33001816325475, -3.2128169950914534, -0.9090963336973967, -0.2477306805184527, 0.0385104908204313, 0.11626274951261095, 0.153696297806712, 0.307073190280074, 0.059089501140437664, -0.032067839744704424, -1.689815577948541, -1.3936275703375074]
other derivatives: [-840.41657828  -32.55809133  -75.34017641   -1.64509402  -27.26847015
    1.09212124]
Current x array =  [-0.48654096 -0.75027278 -0.54108496  0.61812444 -2.81674104 -1.79848897
  0.43928337  2.36012975 -0.35990499 -0.36749112 -0.32956906 -0.35516384
 -0.6070029  -1.3114381  -0.78837741 -0.99176657 -1.86954215 -3.3943864
 -4.4333713  -2.3696955  -2.00565199 -1.58132565 -2.91040983 -3.49768301
 -2.38037428 -2.51708582]
log likelihood =  -10667.2662926
Edge derivatives =  [0.009855623228836596, 0.020091079089489483, 0.0029061906981906055, 0.0024741568049155838, 0.00656504378056133, 0.046761087643086396, 0.02849007771767284, -0.02788041096841895, 0.019676242958410403, 0.01085638331197944, -0.009245471421394508, 0.017900536334818314, -0.003494104557876458, -0.021505523530133686, -0.021185142028572246, -0.021104162979740312, -0.017253210699639587, -0.024806789871994625, 0.019350793844094993, 0.006049968841288167]
other derivatives: [-0.07439667  0.00691216  0.01346052  0.03128662 -0.00945874  0.01491571]
Current x array =  [-0.64546465 -0.76045553 -0.56872386  0.55211838 -2.82819664 -1.81394494
  0.42784689  2.33658101 -0.36379611 -0.37117992 -0.33796196 -0.40440697
 -0.63709021 -1.28383596 -0.81034915 -1.00408832 -1.86083488 -3.41243367
 -4.42989816 -2.34828015 -1.98462084 -1.56034769 -2.89320981 -3.47293386
 -2.40043368 -2.52373309]
      fun: 10667.266292600587
 hess_inv: <26x26 LbfgsInvHessProduct with dtype=float64>
      jac: array([ 0.07439667, -0.00691216, -0.01346052, -0.03128662,  0.00945874,
       -0.01491571, -0.00985562, -0.02009108, -0.00290619, -0.00247416,
       -0.00656504, -0.04676109, -0.02849008,  0.02788041, -0.01967624,
       -0.01085638,  0.00924547, -0.01790054,  0.0034941 ,  0.02150552,
        0.02118514,  0.02110416,  0.01725321,  0.02480679, -0.01935079,
       -0.00604997])
  message: 'CONVERGENCE: REL_REDUCTION_OF_F_<=_FACTR*EPSMCH'
     nfev: 3
      nit: 1
   status: 0
  success: True
        x: array([-0.64546465, -0.76045553, -0.56872386,  0.55211838, -2.82819664,
       -1.81394494,  0.42784689,  2.33658101, -0.36379611, -0.37117992,
       -0.33796196, -0.40440697, -0.63709021, -1.28383596, -0.81034915,
       -1.00408832, -1.86083488, -3.41243367, -4.42989816, -2.34828015,
       -1.98462084, -1.56034769, -2.89320981, -3.47293386, -2.40043368,
       -2.52373309])
number of sites to be analyzed:  342
Successfully loaded parameter value from ./test/save/MG94_Force_MR_GR_nonclock_save.txt
log likelihood =  -10693.9162459
Edge derivatives =  [0.045317823852881745, 0.01741738310273755, 0.01748227463592876, -0.03462985449303002, 0.018948759375150614, -0.0031830368236164808, 0.04741922408820601, -0.02876523057647328, -0.011867006832888244, -0.028886522891400618, -4.392849563075729e-05, -0.0011533462543911396, -0.0019051724989495727, -0.019858212070903436, -0.0017493028094227592, 0.013465581056871845, -0.006475236319546759, -0.001619905283326832, -0.012471810534863459, -0.009126219670131386]
other derivatives: [ 0.06712071  0.08403731  0.06039045 -0.07294148  0.08476491  0.        ]
Current x array =  [-0.64837677 -0.76321462 -0.56883613  0.53837037 -2.86494221  0.33647224
  0.32768795  2.3779999  -0.28005201 -0.33526904 -0.23651496 -0.33343265
 -0.54917867 -1.25195166 -0.75992796 -0.9365049  -1.78073644 -3.36889543
 -4.41182607 -2.29364932 -1.93995787 -1.49733722 -2.83124191 -3.43183874
 -2.33879196 -2.46630187]
log likelihood =  -10725.3288147
Edge derivatives =  [-15.901432879607047, -25.09308370529105, -8.52391736668443, -6.481870875177976, -10.63418187362015, -8.408668828210246, -10.288626484155364, -2.6077782846064976, -3.672764272405402, -1.4032450523343305, -1.5862497556565067, -0.039677534435570566, -0.02163738062833391, 0.23232806492052493, -0.807656371519717, -3.003735632658501, -0.30012472142175367, -0.022751100627432984, 0.03429479378288347, -0.5969983087274099]
other derivatives: [-336.30331018 -216.21963242 -216.0179065    44.22090569  -80.09865269
    0.        ]
Current x array =  [-0.58125606 -0.67917731 -0.50844569  0.46542889 -2.78017731  0.33647224
  0.37300578  2.39541729 -0.26256974 -0.3698989  -0.2175662  -0.33661568
 -0.50175944 -1.28071689 -0.77179497 -0.96539142 -1.78078037 -3.37004877
 -4.41373124 -2.31350754 -1.94170717 -1.48387164 -2.83771714 -3.43345864
 -2.35126377 -2.47542809]
log likelihood =  -10693.9162352
Edge derivatives =  [0.036390037184276136, 0.002560326994731521, 0.012741892734831617, -0.038189672769379346, 0.013035730620752917, -0.00783246417852862, 0.04188486310651243, -0.030120684014225643, -0.013767489644186934, -0.0293332189369212, -0.0008569270595139289, -0.0011247517570356844, -0.0019074292710988053, -0.019600089203400062, -0.002105518742291368, 0.011902188651860851, -0.0065842727549501046, -0.0016022834470255098, -0.012337300353905678, -0.00936708494827998]
other derivatives: [-0.13114914 -0.03201421 -0.07767085 -0.03074092  0.04311005  0.        ]
Current x array =  [-0.64833568 -0.76316318 -0.56879917  0.53832572 -2.86489032  0.33647224
  0.32771569  2.37801057 -0.28004131 -0.33529024 -0.23650336 -0.3334346
 -0.54914964 -1.25196927 -0.75993523 -0.93652258 -1.78073647 -3.36889613
 -4.41182724 -2.29366148 -1.93995894 -1.49732897 -2.83124587 -3.43183973
 -2.33879959 -2.46630746]
      fun: 10693.91623516484
 hess_inv: <26x26 LbfgsInvHessProduct with dtype=float64>
      jac: array([ 0.13114914,  0.03201421,  0.07767085,  0.03074092, -0.04311005,
       -0.        , -0.03639004, -0.00256033, -0.01274189,  0.03818967,
       -0.01303573,  0.00783246, -0.04188486,  0.03012068,  0.01376749,
        0.02933322,  0.00085693,  0.00112475,  0.00190743,  0.01960009,
        0.00210552, -0.01190219,  0.00658427,  0.00160228,  0.0123373 ,
        0.00936708])
  message: 'CONVERGENCE: REL_REDUCTION_OF_F_<=_FACTR*EPSMCH'
     nfev: 3
      nit: 1
   status: 0
  success: True
        x: array([-0.64833568, -0.76316318, -0.56879917,  0.53832572, -2.86489032,
        0.33647224,  0.32771569,  2.37801057, -0.28004131, -0.33529024,
       -0.23650336, -0.3334346 , -0.54914964, -1.25196927, -0.75993523,
       -0.93652258, -1.78073647, -3.36889613, -4.41182724, -2.29366148,
       -1.93995894, -1.49732897, -2.83124587, -3.43183973, -2.33879959,
       -2.46630746])
