/home3/jxiong7/IGCexpansion/IGCexpansion/CodonGeneconv.py:275: FutureWarning: comparison to `None` will result in an elementwise object comparison in the future.
  if not x == None:
number of sites to be analyzed:  159
log likelihood =  -1706.96494073
Edge derivatives =  [-6.559119517592902, -2.545338764748262, -0.9519465190781344, -2.071488097234219, -19.09726163635366, -20.564441390202326, -20.291498146867145, -9.934395328585579, -22.712925754328584, -12.793605329238844, -25.889372567268303, -24.88186744457894]
other derivatives: [-63.34316822   3.4498953   -1.65878191  63.83872915 -59.65480341
  22.2556082 ]
Current x array =  [-0.65006359 -0.53490057 -0.80890797  0.18232156 -0.10536052  0.33647224
 -2.30258509 -2.30258509 -2.30258509 -2.30258509 -2.30258509 -2.30258509
 -2.30258509 -2.30258509 -2.30258509 -2.30258509 -2.30258509 -2.30258509]
log likelihood =  -1651.71804221
Edge derivatives =  [-6.0110544291598975, -0.3244614201015315, 1.79810808499102, -0.3594013722866881, -13.784353331296575, -15.61586315924935, -14.59251471448725, -6.143691787237527, -17.221548614091898, -9.239729203440291, -18.90531830857533, -18.826847124459523]
other derivatives: [ 139.70563941    5.87328941    3.65000687   56.83068593  -65.00340533
   15.54517439]
Current x array =  [-1.16699169 -0.53094342 -0.82244488  0.70329381 -0.59218877  0.39085166
 -2.35611246 -2.32335698 -2.3103537  -2.31949    -2.45843317 -2.47040647
 -2.46817904 -2.38365726 -2.48793972 -2.40699058 -2.51386193 -2.50563993]
log likelihood =  -1577.66357726
Edge derivatives =  [-4.202497497504073, 1.5541119504369425, 5.006035320518005, 1.9632800696544963, -9.059459206291113, -10.946022906502362, -9.557769473510444, -2.0096912060275103, -11.75065811195895, -5.333300853816032, -12.66220224912489, -13.074058530212897]
other derivatives: [ 134.60266928   -0.57243597   -2.45586307   26.25597517  -40.47681159
   12.17867975]
Current x array =  [-1.1703391  -0.51103832 -0.82255773  1.29248113 -1.17802752  0.47716418
 -2.41715838 -2.34109382 -2.31129754 -2.33420749 -2.62515344 -2.65222516
 -2.64516549 -2.46734112 -2.6886776  -2.51869536 -2.74052523 -2.72543066]
log likelihood =  -1506.0781166
Edge derivatives =  [-4.451793725194693, 0.32354664421912666, 1.4932767048293203, -1.7298777870697881, -5.952098550093728, -7.644411393684169, -6.37111106782169, -0.892313535210068, -6.8933036219447, -3.3180421572599514, -6.895624165414232, -7.2744056467600435]
other derivatives: [ 43.01582521  72.92205737  60.76174941   3.86046395  -9.0845333
   6.2734216 ]
Current x array =  [-0.83090189 -0.70776247 -1.11282425  1.86983421 -2.08306006  0.84679696
 -2.54557264 -2.30448917 -2.14586091 -2.26597536 -2.97518689 -3.06066773
 -3.01563029 -2.55143231 -3.12375841 -2.71615256 -3.22616722 -3.21356523]
log likelihood =  -1492.27405304
Edge derivatives =  [-4.106692358133634, -0.6329096327705719, -1.092337331887199, -3.123652943644174, -4.299634079945348, -5.066285004801249, -4.317431942947791, -1.4014720356062216, -4.276383334040008, -1.6804086248486234, -3.7539910298406896, -4.290094608056005]
other derivatives: [ -90.8568154  -159.67787022    0.94414645   -0.38794497    4.47839739
    3.19482751]
Current x array =  [-0.58678709 -0.31579504 -0.85854141  2.2487126  -2.66295323  1.09463897
 -2.65020532 -2.28562853 -2.04813734 -2.24321969 -3.22220341 -3.35166665
 -3.27767384 -2.6120548  -3.4256933  -2.85670193 -3.55880011 -3.54876705]
log likelihood =  -1481.17427631
Edge derivatives =  [-3.6294795605252785, 0.37134093301299054, 1.1477483617572033, -1.6371833437042531, -4.683235165571544, -6.001905678821543, -4.958422111657532, -0.4636828276648791, -5.192372548278051, -1.9585443359191317, -4.960906335503345, -5.370885267858772]
other derivatives: [ -6.80768153   6.28244834  32.76072675   1.17793206  -1.36742528
   4.50866082]
Current x array =  [-0.71056554 -0.51454219 -0.98747557  2.05660225 -2.36891829  0.96897063
 -2.5971513  -2.29519182 -2.0976881  -2.25475796 -3.09695364 -3.2041156
 -3.14480461 -2.58131616 -3.27259716 -2.78543634 -3.39013854 -3.37880291]
log likelihood =  -1475.54213471
Edge derivatives =  [-2.740283446163276, 0.7480983634110576, 1.4637230731390078, -0.994563755415651, -3.492250588136736, -4.589975621932978, -3.762293925472079, 0.14499540121337412, -3.833739746722844, -0.7542009016741178, -3.50539195824796, -3.8145832759412683]
other derivatives: [ -4.88664682 -11.36120318  -2.21778009  -2.50201992   4.64292498
   3.42440671]
Current x array =  [-0.70304319 -0.47821342 -0.84828516  2.23518538 -2.60625625  1.06177444
 -2.64689133 -2.28924836 -2.06277165 -2.25358299 -3.20485834 -3.33128447
 -3.2591338  -2.60926714 -3.4024334  -2.84512837 -3.53107777 -3.52138541]
log likelihood =  -1474.20970756
Edge derivatives =  [-2.338675302647737, 0.7982515272211428, 1.157846054139427, -0.9053690627869837, -2.9101064486997954, -3.943039812161145, -3.2393304299229437, 0.30203889754077795, -3.180080392658785, -0.29756088741394476, -2.8365291104055474, -3.0153717740759762]
other derivatives: [-11.17593911   5.68020369  -4.70308805  -3.46353772   6.32730917
   2.23940333]
Current x array =  [-0.689176   -0.50968237 -0.83989751  2.28921688 -2.68595539  1.12701363
 -2.68264267 -2.28054942 -2.03426956 -2.25414947 -3.27218006 -3.41350628
 -3.33087113 -2.61920956 -3.48227439 -2.87551433 -3.61471834 -3.60745558]
log likelihood =  -1472.5955759
Edge derivatives =  [-1.934831623362174, 0.7675732873774733, 0.539902840164764, -0.7872570280662385, -2.1218756774455976, -3.0416756904586633, -2.512003258980214, 0.39019689487944326, -2.3365870196225504, 0.2232441632651302, -1.957009530909198, -1.9849302336218475]
other derivatives: [-2.84148882  6.75190677 -2.25657004 -4.50172593  7.87867975  0.35718131]
Current x array =  [-0.69951052 -0.51045473 -0.85115485  2.34173285 -2.75795762  1.22012377
 -2.74076212 -2.26497268 -1.99150987 -2.25948754 -3.37330525 -3.53923358
 -3.43938684 -2.63010001 -3.60092983 -2.91576164 -3.73629234 -3.73314512]
log likelihood =  -1470.05492114
Edge derivatives =  [-1.4734635092532475, 0.5627963475941433, -0.7993453131379549, -0.6561068441792858, -1.0814692342540626, -1.8423839201855505, -1.5739106416960602, 0.09301625283668236, -1.299192687813214, 0.6001379177077374, -0.948650656037304, -0.6985633498092535]
other derivatives: [ -1.85923454  10.94942945  -1.05324034  -3.92878974   6.41553015
  -1.85320914]
Current x array =  [-0.70086251 -0.51859512 -0.85724483  2.30731697 -2.67951407  1.3318173
 -2.84052855 -2.23435192 -1.93762114 -2.28128397 -3.52006338 -3.72959348
 -3.60122525 -2.63415936 -3.77006783 -2.95365514 -3.9006147  -3.90274435]
log likelihood =  -1467.93520962
Edge derivatives =  [-0.8519118749504901, 0.11268889395144747, -1.0683373848989652, -0.018084084090350616, 0.5036127989400823, -0.208706520217083, -0.097522132157798, 0.6916330336307935, 0.05865732604940581, 1.047582399218866, 0.35134812122600523, 0.7850020245120432]
other derivatives: [-4.9607479  -8.29459168  7.19671789 -1.46044385  1.82510576  1.49157131]
Current x array =  [-0.69709938 -0.47684825 -0.89539222  2.18291845 -2.45237819  1.33661984
 -3.01098414 -2.18715409 -1.96083075 -2.33681025 -3.70327868 -3.98932178
 -3.82372754 -2.65311749 -3.98825159 -2.96855368 -4.09803839 -4.08926318]
log likelihood =  -1467.59553536
Edge derivatives =  [-0.5658072347756439, 0.19437200883732914, -0.7837576517098037, 0.23529128628887808, 0.6191916493278167, -0.06679464973645233, -0.01572694199440106, 0.4625818757599056, 0.1208799334732265, 0.8337842733475828, 0.31276767489563273, 0.863272202202761]
other derivatives: [ 5.87217528  5.4815473  -0.78637186 -0.26855105 -0.60410912  1.32065452]
Current x array =  [-0.71754319 -0.50643152 -0.86015002  2.10816595 -2.33799037  1.33894733
 -3.03812259 -2.17872556 -1.97599025 -2.34837941 -3.70929798 -4.01082876
 -3.83958409 -2.64206531 -3.99868463 -2.94975987 -4.099374   -4.08608464]
log likelihood =  -1467.50791027
Edge derivatives =  [-0.6456215879084726, 0.15733880752753293, -0.7766421090818254, 0.09940427869786261, 0.4672784536084723, -0.19361909031954358, -0.13718632631924663, 0.36651104772726656, 0.006376791287364639, 0.72497123641081, 0.20737198472120683, 0.7178653532739532]
other derivatives: [-0.22155291  1.73506578 -0.30127012 -0.31582204 -0.24037945  1.14346221]
Current x array =  [-0.7071613  -0.49810787 -0.86201673  2.11569286 -2.35793242  1.33690491
 -3.02681968 -2.18177028 -1.97910238 -2.34352702 -3.69319556 -3.99075505
 -3.82247559 -2.64056743 -3.98136619 -2.94607859 -4.08311941 -4.06868705]
log likelihood =  -1467.48793507
Edge derivatives =  [-0.6584252871691063, 0.14459332746033637, -0.6839359689252635, 0.05597023807346185, 0.38221345577170884, -0.25757097634470666, -0.20251353761646343, 0.2873103772294136, -0.06256851997722992, 0.617385123396146, 0.13278072891542664, 0.6257695500151711]
other derivatives: [-0.77841378 -0.1159151  -0.25388545 -0.23951543 -0.25283953  1.00208126]
Current x array =  [-0.70630931 -0.49430921 -0.86213825  2.1122411  -2.3582261   1.33586785
 -3.0240186  -2.1825553  -1.98475909 -2.34199018 -3.68305822 -3.98092484
 -3.81384309 -2.63824525 -3.97166535 -2.94054154 -4.07268066 -4.05610569]
log likelihood =  -1467.46228992
Edge derivatives =  [-0.636488474153609, 0.12097597713072383, -0.5176065801642584, 0.006352200406321146, 0.2762927688454765, -0.32301526929901786, -0.2769542438639316, 0.10978581992805225, -0.14302836834206045, 0.4107305232558931, 0.029623189327228044, 0.5092928188931335]
other derivatives: [-0.91695256 -1.39443728 -0.16980266 -0.06557457 -0.37098289  0.55524652]
Current x array =  [-0.70628124 -0.4917893  -0.86238894  2.1029044  -2.35394644  1.34119287
 -3.02683092 -2.1818476  -1.99477384 -2.34066484 -3.67168022 -3.97453962
 -3.8078957  -2.63368015 -3.96363667 -2.9306469  -4.06231159 -4.04056587]
log likelihood =  -1467.43015461
Edge derivatives =  [-0.5476990189748625, 0.09052793834523921, -0.24033534630410475, -0.007845005420590384, 0.20255862800995192, -0.3343782117878847, -0.30451100966376554, -0.11920709240706107, -0.18302619087495484, 0.13374463763083788, -0.055570669894504, 0.41130520245647967]
other derivatives: [-0.69339876 -1.49041171 -0.03724381  0.12410055 -0.44246917 -0.15902515]
Current x array =  [-0.70675771 -0.49161012 -0.86299565  2.09145763 -2.35087601  1.35509223
 -3.04243162 -2.17810421 -2.00939725 -2.34045929 -3.66451121 -3.98174897
 -3.81360286 -2.62864628 -3.9660038  -2.91779504 -4.06006243 -4.0275264 ]
log likelihood =  -1467.39400849
Edge derivatives =  [-0.39108033374351747, 0.08163839456796403, 0.30552657566538066, 0.08610573738078336, 0.18105813170058146, -0.2622295619854903, -0.22959640930458242, -0.1155589686084727, -0.15232408450100138, -0.10593679499960841, -0.09388556978237309, 0.2815341156557066]
other derivatives: [ 1.53936526 -1.68838596  1.14112026  0.10659278 -0.02219167 -0.38578492]
Current x array =  [-0.71004203 -0.49108481 -0.86844875  2.08742939 -2.36639839  1.36046358
 -3.0763564  -2.17080836 -2.03029417 -2.33915568 -3.65307949 -4.00288434
 -3.83204142 -2.62878702 -3.97760496 -2.90230197 -4.06359584 -4.00456919]
log likelihood =  -1467.37122649
Edge derivatives =  [-0.20079105571022945, 0.05059666960158063, 0.7065953174594852, 0.19447348760657, 0.234076914832701, -0.10948842601964537, -0.08822701155676609, -0.14531415821111238, -0.04525307857268381, -0.31446087110277643, -0.07067801423283454, 0.22658298795490936]
other derivatives: [-0.68316695  0.13174031 -0.53410076  0.26361704  0.07505605 -0.57275429]
Current x array =  [-0.70625545 -0.49459115 -0.86172792  2.07834705 -2.36977166  1.36934493
 -3.12088097 -2.160574   -2.04619925 -2.33951873 -3.65066325 -4.03946542
 -3.86346496 -2.62941726 -4.00194369 -2.88932665 -4.07874547 -3.9911479 ]
log likelihood =  -1467.36027675
Edge derivatives =  [-0.20565446975262267, 0.06286898386527229, 0.6590039134559209, 0.22521342019446813, 0.2731195359268538, -0.07457026256233266, -0.040194720721283286, -0.0023575040667914715, -0.0038945235313235203, -0.20472573062999216, -0.027072731060863053, 0.24026160289313342]
other derivatives: [ 0.22539552  0.27482656 -0.12910277  0.1439048   0.20352218 -0.21134383]
Current x array =  [-0.70761299 -0.49487871 -0.86352829  2.08400575 -2.37470836  1.36261485
 -3.12502008 -2.15977033 -2.04101062 -2.3382497  -3.65028554 -4.043903
 -3.86754536 -2.63242128 -4.0054366  -2.89274876 -4.08218354 -3.9904001 ]
log likelihood =  -1467.34813611
Edge derivatives =  [-0.2122537202074279, 0.06700933891335153, 0.5318864293982378, 0.23477003881863437, 0.29576463616675164, -0.03255354610384864, 0.019847688210159052, 0.15861371596261747, 0.045491209354428325, -0.07840517035910514, 0.014634615440372867, 0.21378849602314215]
other derivatives: [ 0.46013611  0.53062195  0.16464128  0.0279897   0.30011051  0.21650521]
Current x array =  [-0.70797043 -0.4954258  -0.86479306  2.09053801 -2.379249    1.35337552
 -3.13563434 -2.15743663 -2.0312135  -2.33432445 -3.64451531 -4.05119285
 -3.87386856 -2.63562363 -4.0097215  -2.89625533 -4.08551167 -3.98274887]
log likelihood =  -1467.33206268
Edge derivatives =  [-0.20112810924118354, 0.05465593201415843, 0.2532066031655909, 0.2004080394071379, 0.2652848512561079, 0.03009085326962491, 0.10058096804922959, 0.2424859680113216, 0.10722386380737617, 0.021691081237922696, 0.04063678465204353, 0.0896151680797147]
other derivatives: [ 2.30495516 -0.13005774 -0.67682322 -0.07644303  0.28258     0.4040885 ]
Current x array =  [-0.7111359  -0.49431514 -0.86125609  2.09638558 -2.37961816  1.34721474
 -3.16628085 -2.15040336 -2.01188632 -2.32410552 -3.62655433 -4.06899471
 -3.88809466 -2.63642071 -4.01823042 -2.89803486 -4.09060925 -3.96017469]
log likelihood =  -1467.31754464
Edge derivatives =  [-0.2109761938668817, 0.019278742143609195, -0.019922048205277737, 0.08607021286666755, 0.1409653149482666, 0.02090712799169597, 0.11192847603323607, 0.24282509761571935, 0.10433480708199484, 0.03270252703221109, -0.0008324469773877893, -0.12304905593379373]
other derivatives: [ 0.59530976  0.68168902  0.15043042 -0.10488748  0.23287612  0.42502961]
Current x array =  [-0.70875161 -0.49613786 -0.86440065  2.1010136  -2.38152058  1.34087188
 -3.19343517 -2.14439056 -1.99549914 -2.31177722 -3.59951014 -4.07709294
 -3.89358383 -2.63486271 -4.01748112 -2.89632468 -4.08670184 -3.92794848]
log likelihood =  -1467.31219407
Edge derivatives =  [-0.19118728887127281, -0.00805902152473116, -0.05911267978947918, 0.04554353291505267, 0.09587645485933569, 0.023570451551988943, 0.10783514207060138, 0.12511734310390488, 0.09884162707323194, -0.0410694350037009, -0.021201114122575165, -0.1765831454911796]
other derivatives: [ 0.18872015  0.19381332  0.0131422  -0.00536602  0.06511982  0.14415491]
Current x array =  [-0.7082722  -0.49518097 -0.86375518  2.09691391 -2.37551538  1.34596267
 -3.20596618 -2.14162095 -1.99423686 -2.30920762 -3.59349099 -4.08335431
 -3.89782297 -2.63185663 -4.01970852 -2.89355622 -4.08773234 -3.92147929]
log likelihood =  -1467.31031947
Edge derivatives =  [-0.17795836388346148, -0.016874658599162054, -0.06385678573723833, 0.025167888434853708, 0.07018422198005847, 0.01953492796582039, 0.09566360286128732, 0.037244617548935044, 0.08993498497058863, -0.0705752562845376, -0.0256827590269696, -0.1796500903872013]
other derivatives: [-0.07003109 -0.05136371 -0.01132321  0.04595222 -0.03403784 -0.0330374 ]
Current x array =  [-0.70793086 -0.49467675 -0.86363164  2.09490136 -2.37179191  1.34946647
 -3.21228868 -2.14078533 -1.99455668 -2.30818221 -3.59120236 -4.08561466
 -3.89839408 -2.62949853 -4.01978476 -2.89319039 -4.08873329 -3.92217163]
log likelihood =  -1467.30853832
Edge derivatives =  [-0.1620644278949755, -0.015548052321250616, -0.05784352854994143, 0.01189322855863384, 0.04339907818098453, 0.01546410977940954, 0.08295124553332206, -0.0332332424369447, 0.08116539175358026, -0.06970314197942291, -0.019917663879322874, -0.1697630113607943]
other derivatives: [-0.17366801 -0.12996679 -0.03226432  0.06184564 -0.09135874 -0.14113084]
Current x array =  [-0.70780596 -0.49450585 -0.86354807  2.09456257 -2.36966647  1.35140231
 -3.22023073 -2.14017969 -1.99452568 -2.30658033 -3.58787566 -4.08749284
 -3.8978881  -2.62727956 -4.01883676 -2.89412295 -4.08999526 -3.92437306]
log likelihood =  -1467.30554864
Edge derivatives =  [-0.11630015098278448, -0.004703913117768813, 0.004775419222812632, -0.0036247224570247205, -0.018669786318581086, 0.015229006453504442, 0.06014177152337554, -0.13162985541310923, 0.06413903243504951, -0.016721603435817703, 0.022108675413876074, -0.11838776806428958]
other derivatives: [-0.77061486 -1.33240974  0.06364189  0.03565219 -0.09165433 -0.17428192]
Current x array =  [-0.70674741 -0.49190946 -0.86408176  2.09753637 -2.37035618  1.35148245
 -3.24595225 -2.13858288 -1.99500231 -2.30146745 -3.57769172 -4.09294136
 -3.89554107 -2.62364897 -4.01510168 -2.89823667 -4.09417994 -3.93304116]
log likelihood =  -1467.30198766
Edge derivatives =  [-0.08124621467160081, 0.020746780824398417, 0.02891263590684609, -0.013599842418846597, -0.07286481851350238, 0.006270578776961064, 0.03324935297287944, -0.21709682154862242, 0.04462552319073064, 0.03373458043447848, 0.04695542620229566, -0.07819186605052883]
other derivatives: [-0.39267434 -0.2896968  -0.10693384  0.00507043 -0.13690169 -0.2603656 ]
Current x array =  [-0.70745592 -0.49405948 -0.863368    2.09924854 -2.36861399  1.35217652
 -3.26463048 -2.13757933 -1.9934045  -2.29697022 -3.56894001 -4.09544657
 -3.89205336 -2.62021201 -4.01071446 -2.90176317 -4.09625323 -3.93940658]
log likelihood =  -1467.30029523
Edge derivatives =  [-0.07150933533467321, 0.037583912773616376, 0.04848322569461924, -0.0025398570520072106, -0.07901950181994465, 0.006778129401292431, 0.029439501657483533, -0.17890992293203334, 0.04058398659999758, 0.08117755004538249, 0.06729522663152943, -0.04825784127515036]
other derivatives: [-0.14226771  0.00443379 -0.07707968 -0.04786216 -0.0713726  -0.13833414]
Current x array =  [-0.70781654 -0.4946418  -0.86353278  2.10180261 -2.37122131  1.34932419
 -3.2709819  -2.13752374 -1.99247589 -2.29528516 -3.5662289  -4.09531187
 -3.88959653 -2.62081073 -4.00811401 -2.90382241 -4.09670581 -3.94330432]
log likelihood =  -1467.29922327
Edge derivatives =  [-0.06355858685371243, 0.04821692580585431, 0.06509115808556246, 0.008820223440513475, -0.08030803881197027, 0.008434006902729479, 0.026865804833960612, -0.11290075474757932, 0.03400267228030507, 0.10885393973823199, 0.08232283580951866, -0.022188720976686456]
other derivatives: [ 0.09893029  0.0755108   0.03326477 -0.08706138  0.00168257 -0.00156888]
Current x array =  [-0.70816281 -0.49476323 -0.86403031  2.10361547 -2.37428095  1.34612486
 -3.27735704 -2.13711988 -1.99147929 -2.29367296 -3.56410127 -4.09497138
 -3.88700419 -2.62258175 -4.00525596 -2.9046834  -4.09628853 -3.94673103]
log likelihood =  -1467.29841196
Edge derivatives =  [-0.054797633757678904, 0.04844422856360561, 0.06603854299570891, 0.017091781647061738, -0.07469563858782682, 0.013763269668412598, 0.026068914973037205, -0.04948643524988827, 0.02746072830199801, 0.10423162388132015, 0.08922037019559387, 0.0004797881263343545]
other derivatives: [-0.05932179  0.14902071 -0.08046754 -0.08544703  0.03392415  0.08390089]
Current x array =  [-0.70789913 -0.49489218 -0.86355495  2.10359069 -2.37591377  1.34425734
 -3.28393855 -2.136116   -1.99031251 -2.29242824 -3.56351894 -4.09542643
 -3.88531232 -2.6248706  -4.00321793 -2.90407937 -4.09555563 -3.94994043]
log likelihood =  -1467.29762942
Edge derivatives =  [-0.028680480692438323, 0.028863484543923457, 0.05540179919337612, 0.015422977787889841, -0.08701262355195453, 0.018469470198091614, 0.009983175897504307, 0.09870717736476414, -0.01152583061408581, 0.0186055473622726, 0.07911406328436009, 0.025851860400184577]
other derivatives: [ 0.64871983 -0.02960405  0.44419721 -0.03265086  0.06257324  0.14526904]
Current x array =  [-0.70917978 -0.49454309 -0.86571661  2.10041038 -2.37832767  1.34153524
 -3.30855462 -2.131531   -1.9862995  -2.28722374 -3.55881592 -4.09738593
 -3.88022795 -2.63078421 -3.9961382  -2.89899023 -4.09077156 -3.95460636]
log likelihood =  -1467.29648494
Edge derivatives =  [-0.02997258312140591, 0.023271840409518935, 0.04952200484870378, 0.016522634860577257, -0.07314969335099752, 0.019938814566733232, 0.010151501956210769, 0.07724320301949983, -0.008990851010401035, -0.0016213251326604866, 0.07187503986411314, 0.029781346663184105]
other derivatives: [ 0.00427463  0.09031282  0.08726602  0.00068212  0.02669367  0.09126779]
Current x array =  [-0.70813901 -0.49477399 -0.86419129  2.09904868 -2.37692807  1.34322368
 -3.30493085 -2.13173661 -1.98708489 -2.28855769 -3.56218451 -4.09700294
 -3.88079014 -2.63056856 -3.99724794 -2.89838272 -4.09058531 -3.95550199]
log likelihood =  -1467.29624112
Edge derivatives =  [-0.029389036465864785, 0.016663099228141492, 0.041467779723403764, 0.013689972370403591, -0.0699887689995244, 0.02018151751292467, 0.008285277773462246, 0.0612847058583883, -0.011175640840134303, -0.025446922345487274, 0.06253306566700864, 0.02558395339948176]
other derivatives: [-0.02396519  0.03224159 -0.03483365  0.0264663  -0.00409273  0.02955858]
Current x array =  [-0.70812386 -0.49466849 -0.86366182  2.0977325  -2.37574321  1.34457439
 -3.30497857 -2.13134397 -1.98707252 -2.28878266 -3.56342536 -4.09713464
 -3.88105136 -2.63037662 -3.99758028 -2.89743006 -4.08989879 -3.95527155]
log likelihood =  -1467.29603222
Edge derivatives =  [-0.028619730476474294, 0.006468470583169905, 0.01989910294646724, 0.005884675462676986, -0.06804035228311694, 0.018707566519084794, 0.003131967781816276, 0.050259607950820295, -0.017307275033543186, -0.04839630651160649, 0.048474619713532535, 0.019216034930501696]
other derivatives: [-0.22412223  0.09069936  0.04463345  0.04813501 -0.02512479 -0.020691  ]
Current x array =  [-0.70785084 -0.49479311 -0.86395813  2.09686003 -2.37532999  1.34531314
 -3.3078803  -2.13040623 -1.98603332 -2.288144   -3.56436935 -4.09698722
 -3.88043118 -2.63019449 -3.99700307 -2.89652561 -4.08796775 -3.95496956]
log likelihood =  -1467.29566195
Edge derivatives =  [-0.02779157504703611, -0.0025525893029063745, -0.006887036585777578, 0.0011739794136297332, -0.06102058094172729, 0.01847910013535351, -0.0023241935052089636, 0.033384648299617514, -0.023112982155838895, -0.061931819991017656, 0.031266731561719545, 0.013131314706342878]
other derivatives: [-0.08749339 -0.00713953 -0.00950422  0.05516085 -0.03353762 -0.06716618]
Current x array =  [-0.70811095 -0.49461211 -0.86371303  2.09654024 -2.3753397   1.34581171
 -3.31211348 -2.129188   -1.9842781  -2.28712455 -3.56603559 -4.09651471
 -3.87933804 -2.62955256 -3.99618074 -2.89609075 -4.08510903 -3.95483065]
log likelihood =  -1467.29514446
Edge derivatives =  [-0.02702811926189623, -0.012173339750180756, -0.04562707944999511, -0.003945016103687415, -0.04578390125015512, 0.01821927543259955, -0.009705145152919264, 0.006088443147258982, -0.0285185620699167, -0.053671967899450015, 0.007793549891194129, 0.006918558076005839]
other derivatives: [ 0.00027285 -0.06830305 -0.00957243  0.03801688 -0.0178261  -0.08635652]
Current x array =  [-0.70828252 -0.49449543 -0.8636992   2.09764851 -2.37655943  1.34537799
 -3.31925923 -2.12747633 -1.98131289 -2.28522896 -3.56897212 -4.0951883
 -3.87712896 -2.62799209 -3.99473947 -2.89681664 -4.08031875 -3.9549697 ]
log likelihood =  -1467.29480281
Edge derivatives =  [-0.02788950830998182, -0.017136016241063146, -0.050703405438894567, 0.004193013773950399, -0.004357184084207891, 0.023371087424634066, -0.002864175455016894, 0.0025992722914457422, -0.018028224466600212, -0.03274838223929477, -0.017220472358229252, -0.00499260030080876]
other derivatives: [ 0.10686563  0.06780283 -0.01596163  0.0167347   0.00654836 -0.03606146]
Current x array =  [-0.70844544 -0.49476998 -0.86368238  2.0986532  -2.37755973  1.34410297
 -3.32031566 -2.12667169 -1.98053837 -2.2850498  -3.57568187 -4.09274314
 -3.87653819 -2.62695439 -3.99574296 -2.89768322 -4.07555863 -3.95349902]
log likelihood =  -1467.29521185
Edge derivatives =  [-0.026361635709826366, -0.018882802308954102, -0.04191222229628183, -0.00013576309052182323, 0.00991769830564725, 0.02375901880373482, -0.0026954566700886067, -0.003903657086372192, -0.013477253702185298, 0.0032120603706634054, -0.0216238202622639, -0.003445185073655349]
other derivatives: [-0.30122465 -0.64073902  0.05265974 -0.00559339  0.03039986  0.04456524]
Current x array =  [-0.70770953 -0.49324786 -0.86401286  2.10055908 -2.37877856  1.34220349
 -3.32425492 -2.12647138 -1.98055977 -2.2840407  -3.57819096 -4.09091661
 -3.87523742 -2.62610769 -3.99555703 -2.89962544 -4.07335215 -3.95418611]
log likelihood =  -1467.2947401
Edge derivatives =  [-0.027473761405372048, -0.017594132385960637, -0.048342626530862465, 0.0030505581543721627, -0.0005320616026647414, 0.02347789823919139, -0.0028167697818193924, 0.0008705783338143203, -0.016809202971362076, -0.023126352202905542, -0.01839312757702468, -0.004574938111608334]
other derivatives: [-0.00204636 -0.12103101  0.00241016  0.01082299  0.0129603  -0.01446097]
Current x array =  [-0.70824881 -0.49436328 -0.86377068  2.09916243 -2.37788539  1.34359545
 -3.3213682  -2.12661817 -1.98054408 -2.28478018 -3.57635227 -4.09225511
 -3.87619064 -2.62672816 -3.99569328 -2.89820216 -4.07496908 -3.9536826 ]
log likelihood =  -1467.29469598
Edge derivatives =  [-0.026065071003533627, -0.014510002504789704, -0.038096667839708, 0.005234007003237201, 0.0008795657782193593, 0.02386486814410456, -0.0014423566826269746, 0.007999460009223358, -0.015019034567942943, -0.015784116312734756, -0.015302551604169275, -0.001942475524078037]
other derivatives: [-0.01464286 -0.0687578   0.00525233  0.00507043  0.01978151  0.00839009]
Current x array =  [-0.70821591 -0.49446232 -0.86379084  2.09943488 -2.37807531  1.34318474
 -3.32138112 -2.12680226 -1.98092879 -2.28479459 -3.57635542 -4.09208593
 -3.87618124 -2.62688837 -3.99578036 -2.89847938 -4.07521427 -3.95390546]
log likelihood =  -1467.29462276
Edge derivatives =  [-0.021750724484093945, -0.009205102047898525, -0.019991602201353265, 0.005512882438990702, -0.00014585417231927772, 0.02266097960213605, -0.0020451645043286296, 0.00855917523040739, -0.013892770307788946, -0.004151109889434082, -0.011817679007281263, 0.0022119816575057946]
other derivatives: [-0.03665264 -0.00250111  0.00236469 -0.00281943  0.02291927  0.0259206 ]
Current x array =  [-0.70816718 -0.49458368 -0.86379016  2.0998787  -2.37810013  1.34283117
 -3.32290187 -2.12699908 -1.98152261 -2.28444232 -3.57615214 -4.09163646
 -3.87587268 -2.62680206 -3.99572582 -2.89906803 -4.07541361 -3.9544504 ]
log likelihood =  -1467.2945422
Edge derivatives =  [-0.01414053119267903, -0.0032979463328502295, 0.002375857593734265, 0.002967039882976613, -0.002590919125169601, 0.019611392216418215, -0.005259696070562732, 0.0010523863060057925, -0.01414435917545661, 0.007330467537206509, -0.010750697568471128, 0.006497756390196063]
other derivatives: [-0.04299636  0.04652065 -0.0084583  -0.00884484  0.01755325  0.02796696]
Current x array =  [-0.70815174 -0.49466639 -0.86375558  2.10029072 -2.37781633  1.34269972
 -3.32664771 -2.1270257  -1.98211968 -2.2835896  -3.5760439  -4.09078315
 -3.87518338 -2.62646037 -3.99551569 -2.89978024 -4.07519397 -3.9552284 ]
log likelihood =  -1467.29448094
Edge derivatives =  [-0.00790108815467512, 0.00038293858574960093, 0.01510753382978372, 0.00038758187841614333, -0.002921972165853697, 0.01595450417757201, -0.0075616190049808026, -0.006288845389753495, -0.01346022152944426, 0.011013839771895184, -0.012106607076764433, 0.007645203046009623]
other derivatives: [-0.01432454  0.0405862   0.00015916 -0.00754881  0.0043201   0.01491571]
Current x array =  [-0.70820301 -0.49464192 -0.86379578  2.10030285 -2.37724812  1.34293183
 -3.32997634 -2.12699426 -1.98243416 -2.28292788 -3.57651377 -4.08967808
 -3.87480037 -2.62624181 -3.99574085 -2.90010824 -4.07492928 -3.95558574]
log likelihood =  -1467.29443849
Edge derivatives =  [-0.001612930030185658, 0.003291627821385784, 0.01496306364051267, -0.001779995146409391, -0.0022355910615958, 0.010433633632418463, -0.008864844831127436, -0.009895191649905377, -0.010949065019982253, 0.008376204654837016, -0.013934194334573186, 0.006576860643426614]
other derivatives: [-0.0937689   0.04233698 -0.06507435  0.00022737 -0.01268745 -0.00591172]
Current x array =  [-0.70808804 -0.49463419 -0.86351379  2.10006695 -2.37665886  1.34335564
 -3.33405436 -2.12684812 -1.98213761 -2.28220048 -3.57737568 -4.08789408
 -3.8746646  -2.62629536 -3.99648648 -2.90006853 -4.07484001 -3.95556282]
log likelihood =  -1467.2943993
Edge derivatives =  [0.0028706355796172603, 0.00698969118963845, 0.017558860917286617, -0.0011727518498160228, -0.0005793399523697333, 0.005041039069039507, -0.007367863295981708, -0.003236689277019922, -0.006334355805704933, 0.006224893001808604, -0.01214345428451729, 0.005482439107075875]
other derivatives: [ 0.05800302 -0.02596607  0.02833076  0.00461569 -0.02307843 -0.01407443]
Current x array =  [-0.7083404  -0.49448605 -0.86390717  2.09979849 -2.37619443  1.34362738
 -3.33668994 -2.12693035 -1.98207977 -2.28184709 -3.57819764 -4.08608978
 -3.87495474 -2.62666503 -3.99763186 -2.89990793 -4.07538861 -3.95532145]
log likelihood =  -1467.29437611
Edge derivatives =  [0.0006872822386525951, 0.0055435493672353064, 0.008994596729416132, 0.00029869511893829137, 0.0005513456217895937, 0.005627663355089234, -0.005776606852076991, 0.0013726380784516712, -0.005381699121271941, 0.0031847386898464503, -0.011571425554908005, 0.0042422504150502124]
other derivatives: [ 0.01869012 -0.01939497  0.00716227  0.00570708 -0.01848548 -0.01011813]
Current x array =  [-0.70827674 -0.49450382 -0.86381357  2.09973066 -2.37642693  1.34358183
 -3.33569459 -2.12691429 -1.98177599 -2.28208462 -3.57827231 -4.08615497
 -3.87522513 -2.62684673 -3.99782427 -2.89966807 -4.07558666 -3.95502452]
log likelihood =  -1467.29435535
Edge derivatives =  [-0.0009261248447765755, 0.004982748384581223, -0.001873391750916692, 0.0030343717230360556, 0.0023289690300315052, 0.004575745296722521, -0.0027093967963079946, 0.011085538080819468, -0.002110107867838072, -0.0004377620266800969, -0.008686759288158902, 0.0028537239842514883]
other derivatives: [-0.01075477 -0.01232365 -0.00723048  0.00645741 -0.01082299 -0.0017053 ]
Current x array =  [-0.70822803 -0.49452074 -0.86374763  2.09966397 -2.37680075  1.34348875
 -3.33519532 -2.12690709 -1.98129432 -2.28227469 -3.57852416 -4.08560097
 -3.87572221 -2.62722764 -3.99848413 -2.89930499 -4.07622674 -3.95456034]
log likelihood =  -1467.29434435
Edge derivatives =  [-0.0006569963937009468, 0.004885835271429426, -0.003931295626093317, 0.003389389857223396, 0.0018151749908661072, 0.002731682635079797, -0.0017147633549685782, 0.011584339820617573, -0.00021685752727495372, -0.000701651738797715, -0.005736476176308548, 0.0029165393591824296]
other derivatives: [-0.01186891 -0.00536602 -0.00686668  0.00416094 -0.00454747  0.00031832]
Current x array =  [-0.70822473 -0.49453462 -0.86374852  2.09977306 -2.37710135  1.3434448
 -3.33574726 -2.12681813 -1.98109179 -2.28214877 -3.57853531 -4.08502841
 -3.87592456 -2.6272167  -3.99886031 -2.89920365 -4.07676189 -3.95441648]
log likelihood =  -1467.29433367
Edge derivatives =  [-0.0007523812605308017, 0.0008311199986302392, -0.004363167070741164, 0.0002709254726581678, 0.0005416491032113856, -9.050563693310809e-05, -0.0010702629468794904, 0.00032914937362948926, 0.0016939202275820173, -0.001205082238098315, -0.002078802269154724, 0.0018745681568096834]
other derivatives: [-0.01969056  0.00984528  0.0107093   0.00088676  0.0015234  -0.00286491]
Current x array =  [-0.70821747 -0.49456917 -0.86381852  2.09996642 -2.37744287  1.34338874
 -3.33673757 -2.12637305 -1.98091045 -2.28176516 -3.57857905 -4.08423286
 -3.87620177 -2.62664865 -3.99923988 -2.89907639 -4.07747563 -3.95405605]
log likelihood =  -1467.29437789
Edge derivatives =  [0.00037366618400447305, 0.0005109766400831356, 0.005001719435076213, 0.0012263215860442156, 0.0010183518626330698, -0.0007624359373574544, 0.0005931151809110188, -0.003399048348668332, 0.003926669645571847, 0.004739290581195918, 0.002730993375649672, 0.003022482303335433]
other derivatives: [ 0.14001671 -0.06725713 -0.0960199  -0.00841283  0.0131422   0.01200533]
Current x array =  [-0.70846327 -0.49441785 -0.86338556  2.10032145 -2.37781081  1.34300647
 -3.33760701 -2.12609673 -1.98102982 -2.28144693 -3.57857432 -4.08362625
 -3.87634649 -2.62629261 -3.99941875 -2.89920164 -4.07807992 -3.95393477]
log likelihood =  -1467.29433273
Edge derivatives =  [-0.0006105658003970268, 0.0007910240221054715, -0.003185208231766795, 0.00039130750083901655, 0.000601649790998051, -0.0001749438060820105, -0.000861014235262492, -0.0001394876817431001, 0.001974759742636785, -0.00045739346260444125, -0.0014737186499501204, 0.002018966458374398]
other derivatives: [ 0.00040927  0.00015916 -0.00268301 -0.00027285  0.00300133 -0.00097771]
Current x array =  [-0.70824838 -0.49455014 -0.86376407  2.10001106 -2.37748914  1.34334067
 -3.33684691 -2.1263383  -1.98092546 -2.28172514 -3.57857846 -4.08415658
 -3.87621997 -2.62660388 -3.99926238 -2.89909214 -4.07755162 -3.9540408 ]
      fun: 1467.2943327311382
 hess_inv: <18x18 LbfgsInvHessProduct with dtype=float64>
      jac: array([-0.00040927, -0.00015916,  0.00268301,  0.00027285, -0.00300133,
        0.00097771,  0.00061057, -0.00079102,  0.00318521, -0.00039131,
       -0.00060165,  0.00017494,  0.00086101,  0.00013949, -0.00197476,
        0.00045739,  0.00147372, -0.00201897])
  message: 'CONVERGENCE: REL_REDUCTION_OF_F_<=_FACTR*EPSMCH'
     nfev: 51
      nit: 47
   status: 0
  success: True
        x: array([-0.70824838, -0.49455014, -0.86376407,  2.10001106, -2.37748914,
        1.34334067, -3.33684691, -2.1263383 , -1.98092546, -2.28172514,
       -3.57857846, -4.08415658, -3.87621997, -2.62660388, -3.99926238,
       -2.89909214, -4.07755162, -3.9540408 ])
number of sites to be analyzed:  159
log likelihood =  -1831.61657237
Edge derivatives =  [-21.07795597933004, 1.5333078741201804, 4.0719621164720365, 2.853336261055099, -18.280540950200148, -20.337782189337656, -19.113553624861094, -6.5030691202727855, -23.23481954223628, -10.963531037969723, -21.7625456559419, -24.499502726045947]
other derivatives: [ -91.75951163   15.88891791   -5.32195372   91.47606761 -115.56339814
    0.        ]
Current x array =  [-0.65006359 -0.53490057 -0.80890797  0.18232156 -0.10536052  0.33647224
 -2.30258509 -2.30258509 -2.30258509 -2.30258509 -2.30258509 -2.30258509
 -2.30258509 -2.30258509 -2.30258509 -2.30258509 -2.30258509 -2.30258509]
log likelihood =  -1731.64477487
Edge derivatives =  [-15.836273110717912, 2.707564180860018, 6.030530951752978, 4.166761279966866, -13.537227008029461, -15.270566007680056, -14.2757529790884, -2.9630229902479255, -17.473066563537394, -7.490604721906138, -16.649161044093507, -18.84505129322377]
other derivatives: [ 135.37653558   16.60457656    3.13766577   68.59859241  -93.32725313
    0.        ]
Current x array =  [-1.15116157 -0.53225253 -0.83797112  0.68187165 -0.73645134  0.33647224
 -2.41769165 -2.29421171 -2.28034814 -2.28700305 -2.40241499 -2.41364956
 -2.40696406 -2.3380983  -2.42947026 -2.36245685 -2.42143019 -2.43637669]
log likelihood =  -1625.76041971
Edge derivatives =  [-10.762247566235509, 4.020598143859163, 7.973133505351353, 5.8410459068062215, -8.702481737811633, -10.060096769563037, -9.201055344228328, 0.9666097281620233, -11.60450311038457, -3.483262671566641, -11.174710132170075, -12.980444689593813]
other derivatives: [ 133.41661997   -3.4934601    -0.40349732   21.17290023  -37.10165402
    0.        ]
Current x array =  [-1.1383064  -0.48375105 -0.8535463   1.37380469 -1.63365977  0.33647224
 -2.57723018 -2.27722053 -2.23924081 -2.25840226 -2.54009689 -2.5675525
 -2.55134109 -2.38066262 -2.60539048 -2.44285502 -2.58718397 -2.62332962]
log likelihood =  -1572.51795789
Edge derivatives =  [-9.099307024240984, 2.3750202930552167, 2.5987911096825806, 0.9897691143154865, -6.866265917747777, -8.338728968250495, -7.604767965197639, 0.1271958434905749, -8.704745298466019, -3.0716672126623883, -8.143189107971612, -9.496910869937297]
other derivatives: [ 13.23653578  87.65553048  29.72178663   4.91611445  -9.36793185   0.        ]
Current x array =  [-0.78642837 -0.72069296 -0.96606364  1.78901252 -2.31696541  0.33647224
 -2.82070839 -2.20175737 -2.08920766 -2.14596395 -2.73837298 -2.79445764
 -2.75935882 -2.37721618 -2.86700634 -2.52764997 -2.83558088 -2.91149142]
log likelihood =  -1552.57816619
Edge derivatives =  [-8.157662448237987, 1.5928898270010388, 0.04666060167964459, -0.6321341994694641, -5.910933349829127, -6.6596231103353745, -6.089673408118681, -0.16967189336028043, -7.102738095757843, -1.9495094992979, -6.089684382168625, -7.645445986567456]
other derivatives: [-52.71540431 -29.4273832    5.32791091   1.35942173   1.31531124   0.        ]
Current x array =  [-0.65934343 -0.43893787 -0.8846028   2.02563912 -2.68362104  0.33647224
 -2.95817735 -2.16491394 -2.02390526 -2.10117947 -2.84896903 -2.9225601
 -2.87701111 -2.38064085 -3.01077015 -2.57802033 -2.97137062 -3.06862018]
log likelihood =  -1548.57680809
Edge derivatives =  [-7.2781981861290665, 2.0833022843191444, 1.0308545138539, 0.25787522851287814, -4.945146838795298, -5.76208797221715, -5.242920352976603, 0.7153036885136126, -6.202784608908809, -1.0932235541660047, -5.231170813078611, -6.677581998331806]
other derivatives: [-1.31651632  3.00049123 -0.63066636 -2.44790499  4.52637323  0.        ]
Current x array =  [-0.73198615 -0.48680486 -0.86827297  2.10188219 -2.78262611  0.33647224
 -3.00083363 -2.15636546 -2.01387418 -2.09563525 -2.8825328  -2.96060954
 -2.91210697 -2.38410404 -3.05296992 -2.59281587 -3.00988375 -3.11417429]
log likelihood =  -1547.02404154
Edge derivatives =  [-6.66138188508174, 1.9798042694398865, 0.5329588865886299, -0.02792312564278701, -4.229648095568147, -4.985098075257045, -4.5363298373330645, 0.9262896304782084, -5.398892397617739, -0.520337441092892, -4.34579696489025, -5.76036691967353]
other derivatives: [ 0.32041498  4.96572738 -3.03195975 -4.3099817   7.30926786  0.        ]
Current x array =  [-0.72931898 -0.48887147 -0.86227702  2.17863215 -2.90032581  0.33647224
 -3.06864699 -2.13757321 -1.98668939 -2.07755481 -2.93498297 -3.02097036
 -2.96739577 -2.38321888 -3.12053751 -2.61329076 -3.07203901 -3.18791841]
log likelihood =  -1543.32331853
Edge derivatives =  [-4.723866189478052, 0.4835978211330614, -1.1099511674661626, -1.1725749162659946, -2.2309642487388386, -2.564914636743443, -2.565915635213159, 0.7695754063992539, -3.035166440019406, 0.38243968654531213, -1.8718764480753878, -3.046960591048349]
other derivatives: [ 13.91874775  -6.22148946  35.59284778  -5.36956577   7.92758783   0.        ]
Current x array =  [-0.74679643 -0.4645134  -1.02986388  2.22896907 -2.92042413  0.33647224
 -3.37787463 -2.05229651 -1.94572377 -2.06064009 -3.14045951 -3.26082017
 -3.18707017 -2.35575526 -3.38665304 -2.65362414 -3.29306174 -3.47212062]
log likelihood =  -1537.93611491
Edge derivatives =  [-3.4781027783409217, 0.1245671153151795, -1.0972856330362806, -0.612808481628804, -0.7237024581555501, -1.074227289775651, -1.1279203647464753, 0.4690260509753308, -1.6342586712581593, 1.1886984543956605, -0.3400804934423901, -1.4871036699665352]
other derivatives: [ -4.78980837   5.45046532  14.27206371  -4.43214958   6.74845069   0.        ]
Current x array =  [-0.71377288 -0.48243857 -0.93825632  2.20833992 -2.86714455  0.33647224
 -3.57772091 -2.00015063 -1.92588004 -2.05527362 -3.26824152 -3.4099607
 -3.32464131 -2.33435327 -3.55311307 -2.67356875 -3.42800984 -3.6491656 ]
log likelihood =  -1535.20812101
Edge derivatives =  [-2.4994561739033037, -0.44735615147536667, -0.669399057894988, 0.16435995135504222, 0.4160865392362168, 0.19032301407807792, 0.0063518453087160545, -0.24814164284273077, -0.5547166735866116, 1.4435186844028336, 0.8007434058379329, -0.30643789701447977]
other derivatives: [ 0.23205757 -5.1717052  -6.03502031 -1.62783635  1.8373612   0.        ]
Current x array =  [-0.7232975  -0.46172051 -0.8595578   2.09475996 -2.65227424  0.33647224
 -3.79139911 -1.94960797 -1.93469633 -2.07020479 -3.38683707 -3.55096324
 -3.45538807 -2.30635566 -3.71247055 -2.67223146 -3.54375214 -3.81525889]
log likelihood =  -1534.85699916
Edge derivatives =  [-2.1364382792487246, -0.7272594879725047, -0.4302306601055928, 0.30016245657178786, 0.748938189576492, 0.5397831805954759, 0.31171651951022644, -0.4337991040636616, -0.22162164321561328, 1.277970917652521, 1.0757616282280635, 0.059593016825299855]
other derivatives: [-3.21765583  2.67050382 -0.56611498 -0.03933565 -0.7740482   0.        ]
Current x array =  [-0.72034379 -0.47523049 -0.88019791  2.03925426 -2.55724557  0.33647224
 -3.8829986  -1.93582659 -1.94414241 -2.07560025 -3.42420087 -3.59763717
 -3.49996519 -2.2988044  -3.77059819 -2.6611134  -3.57684004 -3.87369869]
log likelihood =  -1534.77486269
Edge derivatives =  [-2.045746592449121, -0.6833678233083662, -0.29788926432747226, 0.30196858201559995, 0.7545359423401778, 0.5798417472609951, 0.3379745243719373, -0.3743563068482121, -0.17570563366104902, 1.1303853347484887, 1.0720046407504737, 0.10364589259704293]
other derivatives: [ 0.25781901  0.22575932  0.44149147 -0.01500666 -0.80076461  0.        ]
Current x array =  [-0.72564167 -0.47065797 -0.88446234  2.03565261 -2.55500371  0.33647224
 -3.90940977 -1.93848645 -1.9478286  -2.0742673  -3.42523165 -3.60123528
 -3.50469797 -2.30071181 -3.78064067 -2.65204966 -3.5753752  -3.88209156]
log likelihood =  -1534.60775347
Edge derivatives =  [-1.7973881709461348, -0.4674770665690358, 0.08207250423475954, 0.26243200471809963, 0.7213803522018963, 0.6319482459175481, 0.3682606732161128, -0.17126263729709712, -0.08438554580561933, 0.6014374350390326, 0.9893611072411908, 0.18823173532468562]
other derivatives: [ 4.93128027 -2.98723535  2.04463504  0.03321929 -0.60058483  0.        ]
Current x array =  [-0.73274913 -0.46462539 -0.89129864  2.02894524 -2.56105571  0.33647224
 -3.98574151 -1.95077743 -1.95836599 -2.06781884 -3.42059509 -3.60382322
 -3.51198602 -2.30860847 -3.80437428 -2.6214629  -3.56256302 -3.89972896]
log likelihood =  -1534.40517692
Edge derivatives =  [-1.4540449353588496, -0.0673312608230712, 0.6426362803312928, 0.16962281989340844, 0.6242448830328241, 0.6537733756168627, 0.37770804734952457, 0.1395292470513898, 0.019459811956199224, -0.32050928597148115, 0.7905830013875973, 0.2789832445662918]
other derivatives: [ 7.13155259 -4.41464181  2.70679266  0.17648745 -0.20768312  0.        ]
Current x array =  [-0.73603608 -0.46175028 -0.89413923  2.01909037 -2.57591859  0.33647224
 -4.10525487 -1.9732424  -1.97385096 -2.0560118  -3.40634329 -3.60049563
 -3.51742344 -2.32213583 -3.83643414 -2.57128971 -3.53459172 -3.92091985]
log likelihood =  -1534.16962142
Edge derivatives =  [-1.086196318872564, 0.40886197741398494, 0.9721116331440853, 0.013303974611279357, 0.4267775547391936, 0.5873137692826351, 0.3420788804059925, 0.41160531214757845, 0.1261734472836038, -1.2914299482657765, 0.4454335095457488, 0.33510068518701897]
other derivatives: [ 4.81122697 -2.43608156  1.94115728  0.25429472  0.31284344  0.        ]
Current x array =  [-0.73229681 -0.46498    -0.89053898  2.01536195 -2.59791793  0.33647224
 -4.26620012 -1.99918229 -1.98058524 -2.04015025 -3.37879831 -3.58503958
 -3.51649332 -2.33544362 -3.87202998 -2.52169021 -3.48892506 -3.93948246]
log likelihood =  -1533.98692875
Edge derivatives =  [-0.8085461866605504, 0.6808097452682245, 0.7639712722200769, -0.13947061533931693, 0.18703193766517856, 0.4546405077273096, 0.28358828207719244, 0.4457633533998255, 0.23141475443659387, -1.658510774782503, 0.08144848570687435, 0.3448973363812861]
other derivatives: [ 0.55470082 -0.43698947  0.19635991  0.3355126   0.44119588  0.        ]
Current x array =  [-0.72593062 -0.46854591 -0.88265978  2.01567097 -2.60594656  0.33647224
 -4.43254099 -2.01258966 -1.9701236  -2.02703131 -3.34850107 -3.56258993
 -3.51104297 -2.3394382  -3.90308303 -2.5039741  -3.44259001 -3.95174946]
log likelihood =  -1533.86844901
Edge derivatives =  [-0.6196991404411046, 0.7852342064806925, 0.26875221493362483, -0.21829167696732393, -0.03229202692916537, 0.30181820594216935, 0.22692894381536, 0.3511753593447615, 0.3360445277988997, -1.4780479793041759, -0.23614060549896668, 0.3373985308831815]
other derivatives: [-2.033903    2.73216756 -1.52645043  0.26834641  0.4026333   0.        ]
Current x array =  [-0.72235555 -0.47457161 -0.87505837  2.02122246 -2.60640913  0.33647224
 -4.58657534 -2.01437519 -1.94957812 -2.01763676 -3.32101936 -3.5385396
 -3.50374178 -2.33644071 -3.92800713 -2.51221044 -3.40284946 -3.95907029]
log likelihood =  -1533.79681359
Edge derivatives =  [-0.49863702716252767, 0.638288167814976, -0.44168244551026287, -0.36202131225514755, -0.22655678429239545, 0.1709571677633158, 0.17924728343294122, 0.09717305259948184, 0.4367454708621427, -1.0386130180388438, -0.4566671487198604, 0.3240141818800985]
other derivatives: [-6.97452833  0.37289283 -1.32372406  0.34049208  0.063892    0.        ]
Current x array =  [-0.71519189 -0.47024916 -0.87505705  2.02669296 -2.59696234  0.33647224
 -4.7255282  -2.00579157 -1.92759237 -2.01242232 -3.30330288 -3.52115576
 -3.50059565 -2.32876843 -3.95133703 -2.53593672 -3.37706096 -3.9680889 ]
log likelihood =  -1533.72823673
Edge derivatives =  [-0.4112747273036099, 0.5359223041937669, -0.9287323618047119, -0.29329065000242494, -0.3392906389801637, 0.07218578085107316, 0.1590870302457658, -0.049117872631122994, 0.5392604772122905, -0.39550685123188106, -0.6060175184838548, 0.3298267976497547]
other derivatives: [-3.19696483  2.9123612  -1.61187472  0.05049969 -0.05418315  0.        ]
Current x array =  [-0.72126407 -0.4753062  -0.87365998  2.03596119 -2.59097269  0.33647224
 -4.8449301  -1.99390922 -1.90695712 -2.00947574 -3.28850179 -3.50407671
 -3.49603002 -2.32039064 -3.96798447 -2.56635249 -3.35693869 -3.9728415 ]
log likelihood =  -1533.68996603
Edge derivatives =  [-0.38292531795109136, 0.3737617609588294, -1.0132314007511058, -0.23908389362995847, -0.351321355875882, 0.0656706530185405, 0.15991313584141797, -0.13750802774297666, 0.5770076637592261, -0.06060921140207623, -0.5848713558540545, 0.33567649827644697]
other derivatives: [-0.83994109  0.99141744 -0.48551101 -0.02580691 -0.19394975  0.        ]
Current x array =  [-0.72491854 -0.47177585 -0.87811553  2.03853951 -2.5847332   0.33647224
 -4.88813382 -1.98356773 -1.90367737 -2.01114491 -3.28925498 -3.50133469
 -3.49654086 -2.31601222 -3.97295276 -2.58362124 -3.35823881 -3.97562986]
log likelihood =  -1533.67183231
Edge derivatives =  [-0.3659851127369122, 0.25078631863277545, -0.8648924670684568, -0.16464522258447517, -0.3377422416794169, 0.07821160953143005, 0.15993690250227868, -0.15851678841253958, 0.5848591200660324, 0.11116174320578778, -0.5308641187849551, 0.33710576230892497]
other derivatives: [ 1.11854206 -0.7674771   0.45370143 -0.08062671 -0.21755113  0.        ]
Current x array =  [-0.72782983 -0.46848685 -0.88199694  2.03970939 -2.58277131  0.33647224
 -4.90861911 -1.97603736 -1.90796168 -2.0135517  -3.29294483 -3.50102113
 -3.4968563  -2.31453149 -3.97254318 -2.59266063 -3.36383047 -3.97594859]
log likelihood =  -1533.6605612
Edge derivatives =  [-0.3491203922698887, 0.1782355773482872, -0.6733533658095167, -0.10168404027280625, -0.3302603551284007, 0.08294115509258371, 0.15484804857039114, -0.15127464167314375, 0.5831301182434359, 0.18263900586991802, -0.4975707253607651, 0.33553957707546417]
other derivatives: [ 1.83458724 -1.40471457  0.86859018 -0.10427357 -0.1969056   0.        ]
Current x array =  [-0.72882191 -0.46723037 -0.88375045  2.04015456 -2.58301037  0.33647224
 -4.92704426 -1.97138585 -1.91354529 -2.01508688 -3.29530996 -3.49992695
 -3.49633997 -2.31453932 -3.97129814 -2.59648789 -3.36745176 -3.97541172]
log likelihood =  -1533.62948776
Edge derivatives =  [-0.2927094004426075, -0.021755761756114766, -0.07366996743465104, 0.08940300374485666, -0.3168493248809683, 0.0810150092310235, 0.13049242641081826, -0.1185748470798631, 0.5712419263053309, 0.36159088447386534, -0.4153184868382673, 0.3255308621402199]
other derivatives: [ 2.46461695 -1.95816483  1.38638825 -0.14754278 -0.11739303  0.        ]
Current x array =  [-0.7294505  -0.4658941  -0.88602138  2.04134412 -2.58504306  0.33647224
 -4.99428035 -1.9579618  -1.93090842 -2.01888215 -3.30115583 -3.49419432
 -3.49330826 -2.31534045 -3.96674254 -2.60617593 -3.376554   -3.97262491]
log likelihood =  -1533.59093236
Edge derivatives =  [-0.22670240869056035, -0.23212077674657122, 0.509183460005449, 0.2671586231783263, -0.29714610679737, 0.05488238245930176, 0.0862136372352947, -0.06589809319885709, 0.5302039694048359, 0.5115485676267086, -0.3101276221324642, 0.2985652209948123]
other derivatives: [ 2.16682565 -2.145498    0.23917437 -0.15825208 -0.01909939  0.        ]
Current x array =  [-0.72865371 -0.46526151 -0.88147868  2.04183648 -2.588241    0.33647224
 -5.09788113 -1.94257277 -1.94716259 -2.0202928  -3.30919834 -3.48309608
 -3.48682099 -2.31719649 -3.955951   -2.61421873 -3.38836484 -3.96522318]
log likelihood =  -1533.59153483
Edge derivatives =  [-0.11950678324834449, -0.6285562594757086, 1.2868904105352086, 0.34529839583864, -0.25616442452210414, -0.04672859319285723, -0.04644321466957711, 0.09448860956666805, 0.40971645413005786, 0.5545330269403578, -0.13360074796003502, 0.2313739044206522]
other derivatives: [-2.12298801  3.75739546  3.80809979 -0.03647074  0.06073151  0.        ]
Current x array =  [-0.72237004 -0.47561307 -0.89524369  2.03994801 -2.59461606  0.33647224
 -5.32716004 -1.91790695 -1.96895359 -2.01669494 -3.32721567 -3.45793862
 -3.47202772 -2.32239044 -3.928672   -2.61866982 -3.41214333 -3.94667023]
log likelihood =  -1533.56574473
Edge derivatives =  [-0.16829269768605337, -0.4255440197472716, 0.897594465400005, 0.3098610988753858, -0.27677125221855037, 0.0059558764885493665, 0.02106886788520871, 0.013921143114080214, 0.47129596520721356, 0.5332332941099296, -0.22197633073118148, 0.26568012669427965]
other derivatives: [ 0.06311893  0.80988229  2.01798684 -0.09822543  0.02073648  0.        ]
Current x array =  [-0.72554809 -0.47037763 -0.88828185  2.04090313 -2.59139179  0.33647224
 -5.21119922 -1.93038201 -1.9579325  -2.01851461 -3.31810317 -3.47066234
 -3.47950961 -2.31976353 -3.94246871 -2.61641862 -3.40011704 -3.95605363]
log likelihood =  -1533.53396124
Edge derivatives =  [-0.1307476734310536, -0.4301327479682933, 1.0862070363969016, 0.267174603996104, -0.29633792224095873, -0.06215918450473144, -0.03810504188851413, 0.1152249535837141, 0.4143249404152466, 0.35491781277444423, -0.215807299411771, 0.23144210309926186]
other derivatives: [-0.75342541  0.66722805  0.26604994 -0.04406502  0.16214017  0.        ]
Current x array =  [-0.72430426 -0.47011905 -0.88094815  2.03879413 -2.59752271  0.33647224
 -5.32421741 -1.92786475 -1.96211738 -2.01249719 -3.32036132 -3.45624566
 -3.47153288 -2.32424935 -3.93282021 -2.60678658 -3.40140268 -3.94804554]
log likelihood =  -1533.50445462
Edge derivatives =  [-0.1014647524638988, -0.39829597545699214, 0.9085273952837727, 0.0990865148506952, -0.3180868811337848, -0.1604380193084921, -0.10921392405776831, 0.18887359274073412, 0.34877420675866655, 0.14132224319337497, -0.22423081258210503, 0.1885357570972131]
other derivatives: [-1.41312739  0.89717105 -0.90954018  0.0208729   0.22864697  0.        ]
Current x array =  [-0.72364027 -0.4707678  -0.8757854   2.03656538 -2.60162631  0.33647224
 -5.46845673 -1.92792977 -1.95440724 -2.00271    -3.32324076 -3.43863996
 -3.46262521 -2.32731397 -3.9214191  -2.59555813 -3.40140643 -3.93827582]
log likelihood =  -1533.47004
Edge derivatives =  [-0.07557609916334723, -0.3469172691191482, 0.530947187556714, -0.14415835145036504, -0.2982866783506782, -0.2729178332430678, -0.19905953600729398, 0.26170798035427667, 0.23200712037222224, -0.16564628974035916, -0.17360673871342294, 0.12215566048900227]
other derivatives: [-1.241051    0.49617483 -1.04264473  0.10347776  0.26232101  0.        ]
Current x array =  [-0.7244824  -0.47038423 -0.87470479  2.03332285 -2.60495646  0.33647224
 -5.66265392 -1.92996978 -1.94036521 -1.99072497 -3.33464345 -3.41834972
 -3.4523231  -2.3296615  -3.89909029 -2.58003972 -3.40949519 -3.92198421]
log likelihood =  -1533.48303125
Edge derivatives =  [-0.04727259727951427, -0.49107875544198953, -1.077237114529813, -0.16055022669351438, -0.18643818148446653, -0.4036967589074877, -0.22066092171808277, -0.2739084562340266, 0.19052549398471308, 0.6184889375562608, -0.032786380013958547, 0.040836962980145504]
other derivatives: [-3.35626282  0.83118721 -1.98526777  0.06268692 -0.49362825  0.        ]
Current x array =  [-0.72222166 -0.47151033 -0.87036536  2.04267729 -2.57922095  0.33647224
 -6.06578057 -1.91939091 -1.887825   -1.98789467 -3.36263262 -3.39562089
 -3.45084949 -2.30595768 -3.87821362 -2.62310211 -3.42628937 -3.9052351 ]
log likelihood =  -1533.45312395
Edge derivatives =  [-0.060141537074282804, -0.4065922524740163, -0.14033531762608203, -0.14092166852372673, -0.2501279963101722, -0.3268639034925557, -0.20938827604456384, 0.03451079558573078, 0.2142817485167659, 0.17506976453410783, -0.11282041155063421, 0.08742808831483823]
other derivatives: [-2.14267857  0.64987944 -1.44386831  0.08624284 -0.05966285  0.        ]
Current x array =  [-0.72351316 -0.47086702 -0.87284436  2.03733336 -2.59392293  0.33647224
 -5.83548555 -1.92543432 -1.91783975 -1.98951154 -3.34664319 -3.40860524
 -3.45169132 -2.31949901 -3.89013988 -2.59850176 -3.41669532 -3.9148034 ]
log likelihood =  -1533.49581497
Edge derivatives =  [-0.033358991022935915, -0.06528974583968074, -0.19634821253171436, 0.0956415072516627, -0.014268592569203209, -0.32073120597413846, -0.22761076410767453, 0.11910048453825905, 0.008826250002747144, -0.001721268590769126, 0.1192714260253508, 0.0018974131913443368]
other derivatives: [ 7.75066837  4.7042704  -1.16119736 -0.21150299  0.10268195  0.        ]
Current x array =  [-0.73953256 -0.4788427  -0.87440171  2.03841566 -2.5961355   0.33647224
 -6.13549411 -1.93827916 -1.90655018 -1.98655732 -3.38403905 -3.39491888
 -3.4468972  -2.31513678 -3.84027696 -2.58598775 -3.44605125 -3.88288133]
log likelihood =  -1533.44115616
Edge derivatives =  [-0.04973067875934636, -0.29709408162457507, -0.15506383399047496, -0.06178120774036677, -0.17391447884346356, -0.3240192283230222, -0.21553189984535878, 0.06127434009025934, 0.15037128681701079, 0.11886210750778894, -0.03796274195640484, 0.060532151216465296]
other derivatives: [ 1.04130322  1.95559551 -1.35360096 -0.00857199 -0.0080945   0.        ]
Current x array =  [-0.7285852  -0.47339227 -0.87333744  2.03767604 -2.59462347  0.33647224
 -5.93047374 -1.92950123 -1.91426527 -1.98857618 -3.3584834  -3.40427189
 -3.45017341 -2.31811785 -3.87435237 -2.5945396  -3.42598995 -3.90469629]
log likelihood =  -1533.4285558
Edge derivatives =  [-0.043195125136797054, -0.28614967857261353, -0.228709779168702, -0.11769039870767889, -0.13925015443226602, -0.34536803002281824, -0.24553680114798498, 0.06324356702091027, 0.07902434851701486, 0.0031853090406429307, 0.020117374337248473, 0.022244610687114662]
other derivatives: [ 0.7695462   0.63093921 -0.21811957  0.03074092 -0.0029786   0.        ]
Current x array =  [-0.72827911 -0.47094086 -0.8777003   2.03695291 -2.59573929  0.33647224
 -6.01130749 -1.93144086 -1.9123217  -1.98666035 -3.3687333  -3.39975043
 -3.4480652  -2.31797507 -3.86046967 -2.58950194 -3.43496915 -3.89599199]
log likelihood =  -1533.42283698
Edge derivatives =  [-0.038829846620057416, -0.22807182688114003, -0.23724819156818405, -0.06618006022308398, -0.09527077667226012, -0.31976524180296917, -0.23800317824048375, 0.02534072645660912, 0.03931344437091434, -0.022339220401907972, 0.06288453985762944, 0.0021530361179558574]
other derivatives: [ 0.61797891 -0.11784778  0.40665782  0.02967226 -0.01889475  0.        ]
Current x array =  [-0.72798926 -0.46946778 -0.88028342  2.03765283 -2.59525757  0.33647224
 -6.0481457  -1.93565036 -1.91212215 -1.98834097 -3.37710346 -3.40213645
 -3.45017099 -2.31610245 -3.85177524 -2.58877082 -3.44136695 -3.89115316]
log likelihood =  -1533.41745934
Edge derivatives =  [-0.03460978709256259, -0.09147193174514506, -0.214670318706094, 0.039707024273491875, -0.03381657289075134, -0.2580596960212207, -0.2043101871572468, -0.029816609260422955, 0.003663602441202264, -0.05405459364478457, 0.09750277758889474, -0.012966281962285858]
other derivatives: [ 0.24679139 -0.33815013  0.65044787  0.01409717 -0.03108198  0.        ]
Current x array =  [-0.72725955 -0.46888756 -0.88149443  2.03896385 -2.59462677  0.33647224
 -6.06797042 -1.9442801  -1.91260787 -1.99153222 -3.38613127 -3.40952231
 -3.45550099 -2.31344337 -3.84347544 -2.58750682 -3.44676097 -3.88702139]
log likelihood =  -1533.4127137
Edge derivatives =  [-0.029719167049406164, 0.028936867419652706, -0.07959530758282102, 0.13234014059394117, 0.02973920686867064, -0.17343084180426305, -0.14720658681484794, -0.07805432920722322, -0.017802532884054853, -0.0032769012815456466, 0.11358181866246035, -0.02460670730320045]
other derivatives: [ 0.1373337  -0.53630629  0.3254172  -0.02485194 -0.0345608   0.        ]
Current x array =  [-0.7268269  -0.46831002 -0.88050737  2.04091195 -2.5938211   0.33647224
 -6.09274846 -1.95139628 -1.91620991 -1.99372685 -3.39404053 -3.41944853
 -3.46338614 -2.31100174 -3.83718444 -2.59018353 -3.44937538 -3.88403335]
log likelihood =  -1533.41035257
Edge derivatives =  [-0.028336910543745736, 0.15577459504742228, -0.07620046600535507, 0.05153921905521869, 0.08049351271231672, -0.09386001489503798, -0.0847874358070545, -0.058892821381742566, -0.03864171835682394, -0.05559081141926808, 0.0883474065755078, -0.032648306130160294]
other derivatives: [-0.55524652  0.45135948 -0.10577423 -0.01532499 -0.02194156  0.        ]
Current x array =  [-0.72571502 -0.47004335 -0.87884852  2.04093472 -2.59449995  0.33647224
 -6.11473446 -1.9589857  -1.91575663 -1.99024237 -3.39832703 -3.42971119
 -3.47193565 -2.31144016 -3.83230162 -2.58720239 -3.4470714  -3.88176302]
log likelihood =  -1533.4090844
Edge derivatives =  [-0.028430151106195036, 0.13998822574566058, -0.04045845985060309, 0.03441769150551666, 0.08059545452186077, -0.07312009302833042, -0.06394334065431073, -0.06018856843619702, -0.025250798566309005, 0.00991280989984511, 0.07127912882493323, -0.029423743701820618]
other derivatives: [-0.07144081 -0.06277787 -0.41757175 -0.03369678 -0.02603429  0.        ]
Current x array =  [-0.72638966 -0.46910118 -0.87767191  2.04138869 -2.5939181   0.33647224
 -6.11753718 -1.95782409 -1.91674495 -1.98957135 -3.39724305 -3.43234865
 -3.47450092 -2.31135765 -3.83428415 -2.59041002 -3.44457227 -3.88303115]
log likelihood =  -1533.40808945
Edge derivatives =  [-0.028385908473417754, 0.10426340191871983, -0.022876126314624712, -0.011538212958756344, 0.07457178552059902, -0.06686200078627749, -0.05407891135804224, -0.045143953716947016, -0.016685967846687334, 0.04805895632656726, 0.05338422101173393, -0.028044955163894263]
other derivatives: [ 0.0901764  -0.10918484 -0.39062797 -0.03483365 -0.02783054  0.        ]
Current x array =  [-0.72665161 -0.46903659 -0.8777387   2.04132926 -2.59382918  0.33647224
 -6.12639527 -1.95562677 -1.9172294  -1.9880369  -3.39576226 -3.43313361
 -3.47581097 -2.31193878 -3.8357505  -2.59231264 -3.44221118 -3.88382895]
log likelihood =  -1533.40596212
Edge derivatives =  [-0.02610964767238648, 0.014279609185726266, 0.011628625925387104, -0.13399134305825677, 0.07117936821875177, -0.0407529227457933, -0.021201393256624117, 0.0016132961939387958, -0.012507376699005805, 0.11795568290686312, 0.007877077015729955, -0.03352122106195701]
other derivatives: [ 0.22928361 -0.03740297 -0.12173587 -0.02428351 -0.02896741  0.        ]
Current x array =  [-0.7269367  -0.46920713 -0.87866223  2.04089735 -2.59406159  0.33647224
 -6.18187689 -1.95016687 -1.91791256 -1.983676   -3.39400164 -3.43608463
 -3.48080283 -2.31358335 -3.83592813 -2.59588957 -3.43677552 -3.88383599]
log likelihood =  -1533.40466819
Edge derivatives =  [-0.02322391785105408, -0.043447184898198335, 0.004057091434796822, -0.1687561152453803, 0.07037077340812732, -0.023852473070245017, -0.0004978770310042901, 0.0369997857702149, -0.024089679320371905, 0.10743257443471, -0.018062689558862935, -0.04141450168272952]
other derivatives: [ 0.21127562 -0.03519744 -0.10036274 -0.0037744  -0.01343778  0.        ]
Current x array =  [-0.72697724 -0.46925054 -0.87864091  2.04007258 -2.59501717  0.33647224
 -6.24209257 -1.94641369 -1.91714295 -1.98199151 -3.39320717 -3.43787465
 -3.48444622 -2.3148164  -3.83356123 -2.59532038 -3.43395731 -3.88265009]
log likelihood =  -1533.41293491
Edge derivatives =  [-0.00812615653656399, -0.11451329459385412, 0.30828618180976375, 0.29175265770153136, 0.04127420107388316, 0.11100566864372964, 0.1049640032874741, -0.03210719354103442, 0.013740789425425295, 0.19401112910693966, -0.10319080562997318, -0.013292046617782376]
other derivatives: [ 0.1033186   1.30391982  1.40767042 -0.04506546 -0.01318767  0.        ]
Current x array =  [-0.72660351 -0.47135406 -0.88491765  2.04193512 -2.59467474  0.33647224
 -6.36149972 -1.9412214  -1.92394463 -1.99570763 -3.38188698 -3.45779714
 -3.50342447 -2.31104546 -3.8388805  -2.60002851 -3.42369266 -3.89006121]
log likelihood =  -1533.40391196
Edge derivatives =  [-0.0195594105365009, -0.05922948184879044, 0.07246788575025531, -0.06491290830240481, 0.06395658942734492, 0.006605264179186679, 0.023377371338823144, 0.021644572903766868, -0.015587183936315988, 0.12690628985084715, -0.036971954666325565, -0.03509000004528048]
other derivatives: [ 0.18803803  0.26630005  0.23960638 -0.01298304 -0.01327862  0.        ]
Current x array =  [-0.72689365 -0.46972101 -0.88004477  2.04048915 -2.59494059  0.33647224
 -6.26879919 -1.94525238 -1.91866421 -1.98505926 -3.3906753  -3.44233051
 -3.4886909  -2.31397299 -3.83475094 -2.5963734  -3.43166152 -3.88430766]
log likelihood =  -1533.40251969
Edge derivatives =  [-0.015962176894484738, -0.117199975118699, 0.032401948027856564, -0.04219156457546008, 0.053202962437122275, 0.020095161244955445, 0.04036131949093192, 0.04848826532410133, -0.036079488413984874, 0.05352420332932159, -0.0607080897075683, -0.04310853943864324]
other derivatives: [-0.16902959  0.06364189  0.10652457  0.0259206   0.01309672  0.        ]
Current x array =  [-0.7264194  -0.46939318 -0.87939263  2.03920921 -2.59658054  0.33647224
 -6.35029642 -1.94140939 -1.91680371 -1.98516797 -3.38856809 -3.44408169
 -3.49256894 -2.31504982 -3.83129193 -2.59265113 -3.42930747 -3.88305025]
log likelihood =  -1533.40258642
Edge derivatives =  [-0.01280737881435095, -0.0915401667401596, -0.019038477756910477, 0.017865001619502885, 0.06735175772240808, 0.04145773753040914, 0.0567928417397885, 0.07412274624501947, -0.0722869169988602, -0.06620660173663312, -0.053630933916314544, -0.05168654355954299]
other derivatives: [ 0.70083388  0.27255282  0.02426077  0.02476099  0.05800302  0.        ]
Current x array =  [-0.72786084 -0.46984979 -0.87907088  2.03815195 -2.5982777   0.33647224
 -6.43323514 -1.94200749 -1.91383694 -1.98575416 -3.38983346 -3.44604055
 -3.4959234  -2.31531931 -3.82415284 -2.5860791  -3.43067035 -3.87983615]
log likelihood =  -1533.4021623
Edge derivatives =  [-0.014376889038977384, -0.10488192693330188, 0.008039239796841235, -0.0132168351385627, 0.05994604201252583, 0.03035963848654473, 0.04820897162713866, 0.06075942383235078, -0.053360780575287516, -0.0036267140086391203, -0.057320598756714136, -0.04720700472491281]
other derivatives: [ 0.24729161  0.16375452  0.06727987  0.02542038  0.0345608   0.        ]
Current x array =  [-0.72710836 -0.46961142 -0.87923884  2.03870387 -2.59739172  0.33647224
 -6.38993811 -1.94169526 -1.9153857  -1.98544815 -3.38917289 -3.44501795
 -3.49417225 -2.31517863 -3.8278797  -2.58950994 -3.42995888 -3.88151403]
log likelihood =  -1533.40178588
Edge derivatives =  [-0.013105246968424605, -0.10897506563303164, -0.006369231779631668, 0.04391811966763881, 0.04785081679644472, 0.02587033645168149, 0.04335497302073776, 0.04513180098597047, -0.0573792938519971, -0.03977604511320193, -0.052798310409360144, -0.04556611335880853]
other derivatives: [ 0.00325144 -0.01366516  0.03203695  0.03506102  0.03703917  0.        ]
Current x array =  [-0.72673177 -0.46927863 -0.87909183  2.03858384 -2.59766143  0.33647224
 -6.40896792 -1.94138969 -1.91484082 -1.9872322  -3.38765146 -3.44475857
 -3.4941622  -2.31469576 -3.82753351 -2.58777086 -3.43057872 -3.88185699]
log likelihood =  -1533.40152475
Edge derivatives =  [-0.012420328116490102, -0.10301677928959943, -0.010341919232913555, 0.08241644884264987, 0.036344007866884284, 0.019436181262145802, 0.03689566971857308, 0.026641958656028364, -0.05537367592848966, -0.052855521266439054, -0.04534312042703999, -0.041121456642429305]
other derivatives: [-0.05820766 -0.06079972 -0.00995897  0.03306013  0.03337846  0.        ]
Current x array =  [-0.72663182 -0.46918706 -0.87893364  2.03876242 -2.59752262  0.33647224
 -6.4167464  -1.94165134 -1.91462351 -1.98839569 -3.38611881 -3.44416866
 -3.49355386 -2.31404321 -3.82814816 -2.58712752 -3.43135906 -3.88264178]
log likelihood =  -1533.40076514
Edge derivatives =  [-0.010804895047430029, -0.07023500909000392, -0.02092035010402249, 0.11053989441877893, 0.009113368034657343, 0.013167623030321735, 0.029824211301342822, -0.017036010309847915, -0.05026937748168316, -0.06987703544238569, -0.030468935200494165, -0.029913480971988753]
other derivatives: [-0.11698376 -0.21498181 -0.03465175  0.02155502  0.01778062  0.        ]
Current x array =  [-0.72653743 -0.46890056 -0.87884272  2.03949632 -2.59692549  0.33647224
 -6.45266526 -1.94356551 -1.9140405  -1.98897169 -3.38224235 -3.44396714
 -3.49335374 -2.3124695  -3.82950767 -2.58629168 -3.43290326 -3.88465506]
log likelihood =  -1533.4002284
Edge derivatives =  [-0.00758397151471249, -0.01692165420841299, -0.013532731205097515, 0.11096827567787193, -0.03939389560381103, 0.016371817689988896, 0.036069761741655756, -0.07439516063213503, -0.03424020722536924, -0.05735171168192191, -0.017031010441302133, -0.005463124667220855]
other derivatives: [-0.35706762  0.33508059 -0.4702315  -0.00311502 -0.01118678  0.        ]
Current x array =  [-0.72617566 -0.46990704 -0.87708032  2.04092297 -2.59581183  0.33647224
 -6.55329198 -1.94606769 -1.91323381 -1.98763383 -3.37376379 -3.44526188
 -3.49528732 -2.31034255 -3.83270605 -2.58668456 -3.43376433 -3.88897039]
log likelihood =  -1533.39941796
Edge derivatives =  [-0.007095263642406797, 0.0059673240959088325, -0.01891224147214271, 0.05579770973617426, -0.053225425797947576, 0.02123547766875314, 0.039418557358383614, -0.08884827839916232, -0.03150638207748558, -0.04302018321711401, -0.013030878149601355, -0.0012685261261922431]
other derivatives: [-0.00786713 -0.25356712 -0.19092568 -0.01823537 -0.02239631  0.        ]
Current x array =  [-0.72671189 -0.46883984 -0.87819163  2.04155537 -2.59529025  0.33647224
 -6.58984576 -1.94785477 -1.91307465 -1.98578442 -3.37199003 -3.44617443
 -3.49632228 -2.30980622 -3.83327635 -2.58749451 -3.43421472 -3.88997753]
log likelihood =  -1533.39913296
Edge derivatives =  [-0.0072475778124284455, 0.00353668416581851, -0.02968691495902992, 0.0017841699569154934, -0.04818805322088167, 0.024178361555336217, 0.04355558161852132, -0.07009645353523153, -0.03558841136444602, -0.039018483877634735, -0.016462092863594166, -0.004457463285875055]
other derivatives: [ 0.00477485 -0.17787443 -0.0732598  -0.01402896 -0.02064553  0.        ]
Current x array =  [-0.72676322 -0.46899471 -0.87861805  2.04138082 -2.59547619  0.33647224
 -6.60489369 -1.94784076 -1.91274115 -1.98397787 -3.37271835 -3.44636321
 -3.49688159 -2.3104859  -3.8323997  -2.58769439 -3.43395085 -3.88931826]
log likelihood =  -1533.39883462
Edge derivatives =  [-0.006853332189403913, -0.002617613991399481, -0.03754055697690534, -0.05805474991482146, -0.054020581218537936, 0.021557854049044867, 0.04454551707599393, -0.042419712761837536, -0.03509190399025951, -0.02670351182705019, -0.017431038569688057, -0.003220427949447331]
other derivatives: [ 0.01955414 -0.03501555  0.00582077 -0.01004992 -0.0172804   0.        ]
Current x array =  [-0.72682605 -0.46927754 -0.87886564  2.04120758 -2.59575177  0.33647224
 -6.64576547 -1.94747435 -1.91231658 -1.98172335 -3.37182573 -3.44584101
 -3.49705066 -2.31158068 -3.83254399 -2.5882739  -3.43380002 -3.88950874]
log likelihood =  -1533.39858068
Edge derivatives =  [-0.006265148809377069, -0.0036688565693194786, -0.0419508346372765, -0.0790499562231271, -0.060232568839154024, 0.01193915913152721, 0.03717198850072977, -0.013904787541152985, -0.033695278452207336, -0.023858722618037426, -0.010650341357637913, -0.0008495823612811801]
other derivatives: [-0.00322871  0.07826202  0.06946266 -0.00393356 -0.00927685  0.        ]
Current x array =  [-0.72681411 -0.4694896  -0.87907275  2.04093843 -2.5961778   0.33647224
 -6.68212894 -1.94736856 -1.91200881 -1.98072519 -3.37123803 -3.44435721
 -3.49594166 -2.31276562 -3.83304573 -2.58839381 -3.43454309 -3.88981393]
log likelihood =  -1533.39824074
Edge derivatives =  [-0.005342249746049476, -0.0019955141425541945, -0.0326084249358386, -0.09227870841820351, -0.0662556293115895, -0.005048371244227801, 0.022028654696051475, 0.036485504020638215, -0.027853400283981568, -0.00912479074833314, 0.0035513809627829573, 0.003489170646431651]
other derivatives: [ 0.08044481  0.10741132  0.04069989  0.00302407  0.00848104  0.        ]
Current x array =  [-0.72694552 -0.46953614 -0.87892118  2.04048798 -2.59689344  0.33647224
 -6.73676536 -1.94729654 -1.91201637 -1.97971845 -3.37102613 -3.44154143
 -3.49334955 -2.31487956 -3.83452233 -2.58906635 -3.43600746 -3.89042073]
log likelihood =  -1533.39846762
Edge derivatives =  [-0.002638079016201109, 0.02259835703788926, -0.01654629187387663, 0.029978968058564204, -0.07281737185452485, -0.027289487777834576, -0.009285886131280709, 0.05314207125857362, -0.024459555039609844, -0.04871553166799114, 0.03540772656186694, 0.010467324328830525]
other derivatives: [-0.31943728  0.38289727  0.43221462  0.02128218  0.02360139  0.        ]
Current x array =  [-0.72632555 -0.46995077 -0.8804685   2.04005123 -2.59778246  0.33647224
 -6.82889119 -1.94868034 -1.91199968 -1.9829368  -3.37168296 -3.43815053
 -3.48925047 -2.31565149 -3.83599303 -2.58722075 -3.43989597 -3.89123542]
log likelihood =  -1533.3980809
Edge derivatives =  [-0.004221383244232159, 0.007643161630972395, -0.026169162945055058, -0.04433153341922963, -0.06883368453120947, -0.01367657607864979, 0.009813069198484958, 0.04300377576934644, -0.02652745677949439, -0.024561909574435797, 0.015999073940088024, 0.006212740585003575]
other derivatives: [-0.07544259  0.21511823  0.19369963  0.01018634  0.01434728  0.        ]
Current x array =  [-0.7267036  -0.46969793 -0.87952496  2.04031756 -2.59724034  0.33647224
 -6.77271349 -1.94783651 -1.91200986 -1.98097427 -3.37128243 -3.44021828
 -3.49175006 -2.31518077 -3.8350962  -2.58834618 -3.43752478 -3.89073863]
log likelihood =  -1533.39782137
Edge derivatives =  [-0.003535570938567625, 0.014501307489117071, -0.008851549854238694, -0.026309496114911513, -0.06478073931620298, -0.018825262820768143, 0.0015815368956174913, 0.06273536338865704, -0.022229792434578767, -0.015730934833022348, 0.024860067528945026, 0.007658965878160728]
other derivatives: [-0.00356977  0.10813892  0.09438281  0.01286935  0.02451088  0.        ]
Current x array =  [-0.72678809 -0.46947838 -0.87914345  2.04011492 -2.59757062  0.33647224
 -6.80796099 -1.94808493 -1.91234613 -1.98115497 -3.3723642  -3.43899254
 -3.49020804 -2.31600632 -3.83603904 -2.58875173 -3.43845585 -3.89090848]
log likelihood =  -1533.39754416
Edge derivatives =  [-0.002639157409336968, 0.023619765749790578, 0.014194313102982914, -0.00022511723058044053, -0.05124805840189167, -0.016890181053010545, -0.004175580498825535, 0.06956112417471849, -0.017870241716526514, -0.005796653503724797, 0.03103099845448512, 0.006476776329141086]
other derivatives: [-0.07048584 -0.09285941 -0.02924025  0.01884928  0.02949037  0.        ]
Current x array =  [-0.7266433  -0.46906584 -0.87867688  2.03999105 -2.59774816  0.33647224
 -6.85601575 -1.94851802 -1.91287705 -1.98157006 -3.37501926 -3.43846957
 -3.48899388 -2.31631161 -3.83689552 -2.58927756 -3.43917011 -3.89070703]
log likelihood =  -1533.39735968
Edge derivatives =  [-0.0017147016556116348, 0.037955762514417096, 0.04053020500625221, 0.049617441286606445, -0.03287793442633331, -0.007848159288581458, -0.0055021524104193545, 0.057520993216087946, -0.013877284541083966, -0.003214281234648425, 0.03525123524141152, 0.005706102411020375]
other derivatives: [ 0.16900685 -0.0858563  -0.104842    0.01164153  0.03160494  0.        ]
Current x array =  [-0.72698614 -0.46904377 -0.87842874  2.04007781 -2.59765424  0.33647224
 -6.90244827 -1.94903825 -1.91324672 -1.98260623 -3.3780043  -3.43875496
 -3.48844494 -2.31559692 -3.83737208 -2.58929993 -3.43961987 -3.89033146]
log likelihood =  -1533.39713715
Edge derivatives =  [-0.0011405601846207598, 0.04255714620355011, 0.04231142571065499, 0.04144474984511748, -0.01614876931752976, 0.003517436733518023, -0.002418543383093441, 0.03944299269619689, -0.012747970067045776, 0.0009204292401050751, 0.032496945554718396, 0.0018824908285070135]
other derivatives: [ 0.01232365 -0.19683739 -0.11029897  0.01577973  0.02203251  0.        ]
Current x array =  [-0.72674206 -0.46881656 -0.87840097  2.0402282  -2.59741827  0.33647224
 -6.96320007 -1.94934048 -1.91315243 -1.9820309  -3.38094426 -3.4395788
 -3.48881873 -2.31480222 -3.83740191 -2.58957128 -3.43944224 -3.88971595]
log likelihood =  -1533.39689411
Edge derivatives =  [-0.0006804249060199852, 0.04100062523821088, 0.03281411564135944, 0.016019125474495133, 0.0024937151651461403, 0.016538570082508683, 0.0029367257617482836, 0.01773351605690232, -0.011655830642711834, 0.0042126744218526635, 0.026506922557778492, -0.002154198128774626]
other derivatives: [-0.03271907 -0.10611529 -0.05134098  0.01525677  0.00945874  0.        ]
Current x array =  [-0.72670566 -0.46897964 -0.8786048   2.04045784 -2.59708731  0.33647224
 -7.04197657 -1.94917949 -1.91256176 -1.98078532 -3.38403024 -3.44047407
 -3.48952467 -2.31371614 -3.83727669 -2.589726   -3.43887434 -3.88894526]
log likelihood =  -1533.39676629
Edge derivatives =  [-0.0004970553335840681, 0.027751697513788726, 0.011890305919867228, -0.014079720301685916, 0.0088147926004708, 0.01839551384173793, 0.0028433547399959805, 0.007121024520751806, -0.008110610070858948, 0.008930980263694044, 0.02164693259660834, -0.003150189012337684]
other derivatives: [ 0.02112301 -0.04711183  0.04529284  0.01002718  0.0007276   0.        ]
Current x array =  [-0.72683229 -0.46910677 -0.87894054  2.04075385 -2.59687277  0.33647224
 -7.10885033 -1.94832644 -1.91169862 -1.9795291  -3.38533529 -3.44018229
 -3.48950508 -2.31314832 -3.83784336 -2.5899392  -3.4383026  -3.88881945]
log likelihood =  -1533.39677173
Edge derivatives =  [-0.00035824335115303987, 0.015132435346259104, -0.001754534163274979, -0.024098101644914827, 0.012918899289400931, 0.015351815646098013, 0.0004933150390876023, 0.001859239438509075, -0.0032844119408942662, 0.014608031321422438, 0.018292493227457435, -0.0025671685725201718]
other derivatives: [-0.10559233  0.24422206 -0.04674803  0.00625278 -0.00500222  0.        ]
Current x array =  [-0.72666527 -0.46965012 -0.87852938  2.0410409  -2.59675798  0.33647224
 -7.15622749 -1.94732646 -1.91105363 -1.97888787 -3.38610752 -3.43933428
 -3.48897885 -2.31286888 -3.83871529 -2.59015984 -3.43780136 -3.88892358]
log likelihood =  -1533.39673531
Edge derivatives =  [-0.0004268129843260867, 0.021710202457899452, 0.0053873467016478105, -0.018831879345847347, 0.01078088452797081, 0.01694464151004306, 0.001712979889780926, 0.004602278567628182, -0.005794865399914119, 0.011654938777660051, 0.02003860134980273, -0.0028701916228904695]
other derivatives: [-0.03960849  0.09276846  0.00122782  0.0082764  -0.00197815  0.        ]
Current x array =  [-0.72675218 -0.46936739 -0.87874332  2.04089154 -2.59681771  0.33647224
 -7.13157498 -1.94784679 -1.91138925 -1.97922153 -3.38570569 -3.43977554
 -3.48925267 -2.31301428 -3.83826159 -2.59004503 -3.43806218 -3.88886939]
log likelihood =  -1533.39670538
Edge derivatives =  [-0.00039077197892992827, 0.014094918503019221, -0.00409681387194577, -0.02257414454399559, 0.009152162424743343, 0.013577278871170523, -0.0007568429568408433, 0.003394313504196833, -0.0038432106821656847, 0.011475680874268313, 0.019117178492781953, -0.0022732477743066942]
other derivatives: [-0.00229647  0.08071765  0.02942215  0.00509317 -0.00304681  0.        ]
Current x array =  [-0.7268231  -0.46935517 -0.87883768  2.04102173 -2.59680229  0.33647224
 -7.15064579 -1.94735616 -1.91104174 -1.97903565 -3.38565052 -3.43922404
 -3.48892405 -2.31294997 -3.83869429 -2.59002717 -3.43791122 -3.88903274]
log likelihood =  -1533.39666648
Edge derivatives =  [-0.0003245601082989813, 0.0012646737615744363, -0.01751647156859326, -0.015943055581397192, 0.005087056148944599, 0.007571558629085276, -0.004641746630567732, -0.0030946910269078476, -0.001196202573119691, 0.006530346876199605, 0.016335440118807415, -0.0014170527427159393]
other derivatives: [ 0.01309672  0.03174137  0.03306013 -0.00029559 -0.00463842  0.        ]
Current x array =  [-0.72686004 -0.46927799 -0.87883056  2.04128276 -2.59676976  0.33647224
 -7.17234484 -1.94651321 -1.91056987 -1.97919109 -3.38533189 -3.43834103
 -3.48847605 -2.31269459 -3.83933988 -2.58977526 -3.43751491 -3.88933308]
log likelihood =  -1533.39664869
Edge derivatives =  [-0.00026496380499650284, -0.005211279704029903, -0.01615644516816389, -0.006642711931806822, 0.0025265920838306866, 0.004072199996916631, -0.006150754131536165, -0.0052521601638834126, 0.00014716680080591182, 0.003088774534596911, 0.012930295987352833, -0.0011333762966499392]
other derivatives: [ 0.01182343  0.00127329  0.01186891 -0.00313776 -0.00372893  0.        ]
Current x array =  [-0.72685696 -0.46922369 -0.87874115  2.04141158 -2.59679807  0.33647224
 -7.17863599 -1.94606622 -1.91058836 -1.97945873 -3.38507588 -3.43782204
 -3.4883197  -2.31262142 -3.83968953 -2.58959909 -3.43706789 -3.88951295]
log likelihood =  -1533.39663852
Edge derivatives =  [-0.00018858423316874375, -0.007954596917455536, -0.008031336558789015, 0.0013953567693690827, 0.0011260475905118528, 0.0018495703660940666, -0.006468479055358745, -0.004533728874257847, 0.000918181142294236, 0.00063149470554269, 0.009113247858637818, -0.0011739836838384754]
other derivatives: [-0.00161435 -0.01182343 -0.00304681 -0.00393356 -0.00172804  0.        ]
Current x array =  [-0.72683078 -0.46919495 -0.87868158  2.04144993 -2.59686431  0.33647224
 -7.18228099 -1.94586203 -1.91082294 -1.9796805  -3.38494166 -3.43745666
 -3.48831414 -2.31266174 -3.8399063  -2.5894755  -3.43659226 -3.88962602]
log likelihood =  -1533.39663209
Edge derivatives =  [-0.0001495512396438468, -0.007839696252273237, -0.00043881076684065823, 0.0003439496635451178, 0.001104104532572231, 0.001616771547898424, -0.004703888819945129, -0.0032580345931659815, 0.001025022181625923, -0.00026650056095955943, 0.004437573359053787, -0.00161281283755451]
other derivatives: [ 0.00463842 -0.02073648 -0.0212367  -0.00372893 -0.00045475  0.        ]
Current x array =  [-0.72683816 -0.46917661 -0.87860904  2.04142863 -2.59690569  0.33647224
 -7.18759414 -1.9458425  -1.91103735 -1.97959679 -3.38493561 -3.43733051
 -3.48859123 -2.31270547 -3.83993711 -2.58942032 -3.43602916 -3.88964774]
log likelihood =  -1533.3966298
Edge derivatives =  [-4.489931627505448e-05, -0.005784987043469053, 0.01055764127512343, 0.00730885994223901, -0.00017501416588296126, -0.0001759746233176429, -0.003500963162883619, 0.00033700095284516784, 0.0013031592630908112, -0.0026917022059431417, -0.0007861117882723839, -0.0015983329551099573]
other derivatives: [-0.00636646  0.01591616  0.01209628 -0.00213731  0.00181899  0.        ]
Current x array =  [-0.72681911 -0.46923512 -0.87874251  2.04134722 -2.59699526  0.33647224
 -7.19111221 -1.94595282 -1.91134997 -1.97977683 -3.38475718 -3.43702884
 -3.48883865 -2.31284055 -3.84003683 -2.58930118 -3.43540662 -3.88977626]
      fun: 1533.396629798477
 hess_inv: <18x18 LbfgsInvHessProduct with dtype=float64>
      jac: array([  6.36646291e-03,  -1.59161573e-02,  -1.20962795e-02,
         2.13731255e-03,  -1.81898940e-03,  -0.00000000e+00,
         4.48993163e-05,   5.78498704e-03,  -1.05576413e-02,
        -7.30885994e-03,   1.75014166e-04,   1.75974623e-04,
         3.50096316e-03,  -3.37000953e-04,  -1.30315926e-03,
         2.69170221e-03,   7.86111788e-04,   1.59833296e-03])
  message: 'CONVERGENCE: REL_REDUCTION_OF_F_<=_FACTR*EPSMCH'
     nfev: 72
      nit: 64
   status: 0
  success: True
        x: array([-0.72681911, -0.46923512, -0.87874251,  2.04134722, -2.59699526,
        0.33647224, -7.19111221, -1.94595282, -1.91134997, -1.97977683,
       -3.38475718, -3.43702884, -3.48883865, -2.31284055, -3.84003683,
       -2.58930118, -3.43540662, -3.88977626])
number of sites to be analyzed:  477
Successfully loaded parameter value from ./test/save/HKY_YBR191W_YPL079W_nonclock_save.txt
log likelihood =  -1551.02125119
Edge derivatives =  [-0.0020731493914782906, -0.001848942336101273, -0.00042172403103910017, -8.123357709460821e-05, 0.0038537584447970808, -0.0013523809938728003, -0.005622322376302431, 0.0017266289535182722, -0.0027118555294344563, -0.0027331372556325083, -0.0007591034501288887, 0.004563801747104008]
other derivatives: [-0.004502    0.00804903 -0.00363798 -0.00034106  0.00186446]
Current x array =  [-0.74511442 -0.51127342 -0.80246013  2.44881546  2.73799066 -2.87896709
 -9.         -3.5870126  -3.63111012 -5.27217812 -5.00608248 -5.25007598
 -3.93223924 -5.30384094 -4.03408435 -5.62911563 -5.06868691]
log likelihood =  -1551.04342914
Edge derivatives =  [0.028868538712035388, -0.0017809706387642101, -0.012189531902082065, -0.01732303017319692, -0.015066543670632534, -0.004492352994291626, 0.01279128432332655, -0.06000371402884008, 0.0042967318155489355, 0.039785050444261165, -0.0036033778466067904, -0.046297931424189705]
other derivatives: [ 2.50461198 -3.643936    0.88207344  0.03080913 -0.13155841]
Current x array =  [-0.74961642 -0.50322439 -0.80609811  2.4484744   2.73985512 -2.88104024
 -9.         -3.58743433 -3.63119135 -5.26832436 -5.00743486 -5.2556983
 -3.93051261 -5.3065528  -4.03681749 -5.62987474 -5.06412311]
log likelihood =  -1551.02125077
Edge derivatives =  [-0.0019353635609150877, -0.001848641138463132, -0.00047121934699875107, -0.00015454509595871913, 0.003772285017569715, -0.0013655517614506556, -0.005541535259323436, 0.0014601073416590227, -0.0026808069701664966, -0.0025469181939854514, -0.0007711874195980078, 0.004344012989942693]
other derivatives: [ 0.00654836 -0.00754881  0.00025011 -0.00020464  0.00129603]
Current x array =  [-0.74513398 -0.51123844 -0.80247594  2.44881398  2.73799876 -2.8789761  -9.
 -3.58701444 -3.63111047 -5.27216138 -5.00608835 -5.25010041 -3.93223174
 -5.30385273 -4.03409623 -5.62911893 -5.06866708]
      fun: 1551.0212507711972
 hess_inv: <17x17 LbfgsInvHessProduct with dtype=float64>
      jac: array([-0.00654836,  0.00754881, -0.00025011,  0.00020464, -0.00129603,
        0.00193536,  0.00184864,  0.00047122,  0.00015455, -0.00377229,
        0.00136555,  0.00554154, -0.00146011,  0.00268081,  0.00254692,
        0.00077119, -0.00434401])
  message: 'CONVERGENCE: REL_REDUCTION_OF_F_<=_FACTR*EPSMCH'
     nfev: 3
      nit: 1
   status: 0
  success: True
        x: array([-0.74513398, -0.51123844, -0.80247594,  2.44881398,  2.73799876,
       -2.8789761 , -9.        , -3.58701444, -3.63111047, -5.27216138,
       -5.00608835, -5.25010041, -3.93223174, -5.30385273, -4.03409623,
       -5.62911893, -5.06866708])
number of sites to be analyzed:  477
Successfully loaded parameter value from ./test/save/HKY_Force_YBR191W_YPL079W_nonclock_save.txt
log likelihood =  -1671.42810549
Edge derivatives =  [-0.00020267739238981342, -0.0012075794391556705, -0.0017201925368688226, -0.005180043981330276, 0.007533160641998587, 0.0010802136506070266, 0.0020630697196397686, -0.0028942688491029323, 0.006521152512797914, -0.0006067030329335241, 0.0037295249729980585, 0.0018203015493112075]
other derivatives: [-0.00056843  0.00095497  0.00550244  0.00522959  0.        ]
Current x array =  [-0.78798315 -0.47761394 -0.81523726  2.57456203  0.33647224 -5.60405951
 -3.14727976 -3.15686142 -3.20046068 -4.44944687 -4.62674409 -4.58469709
 -3.50888146 -5.01169576 -3.73701449 -4.57335114 -4.99913108]
log likelihood =  -1671.43390159
Edge derivatives =  [0.005500437075871797, 0.04037803803052176, 0.0766761382416123, 0.17685619084539556, -0.049739145870449364, -0.01161766656986666, -0.011887528044673922, 0.06830257847933296, -0.02884997096085125, 0.013424442029563166, -0.02726953731992318, -0.009318216682613834]
other derivatives: [ 0.40899977 -0.46393325 -1.5386604  -0.127352    0.        ]
Current x array =  [-0.78855158 -0.47665897 -0.80973482  2.57979163  0.33647224 -5.60426218
 -3.14848734 -3.15858161 -3.20564073 -4.44191371 -4.62566387 -4.58263402
 -3.51177572 -5.00517461 -3.73762119 -4.56962161 -4.99731077]
log likelihood =  -1671.42810346
Edge derivatives =  [-9.699919914733617e-05, -0.00043953590707825757, -0.00026978574341829376, -0.0018182988111467568, 0.006488679705423904, 0.0008471359653277749, 0.0018087298417536306, -0.0015780120359695227, 0.005873743311851667, -0.0003436485882340745, 0.0031632396105776527, 0.0016166060885356263]
other derivatives: [ 0.00695763 -0.00754881 -0.02269189  0.0027967   0.        ]
Current x array =  [-0.78799359 -0.4775964  -0.81513615  2.57465813  0.33647224 -5.60406323
 -3.14730195 -3.15689303 -3.20055587 -4.44930845 -4.62672424 -4.58465918
 -3.50893464 -5.01157593 -3.73702564 -4.57328261 -4.99909763]
      fun: 1671.4281034573596
 hess_inv: <17x17 LbfgsInvHessProduct with dtype=float64>
      jac: array([ -6.95763447e-03,   7.54880602e-03,   2.26918928e-02,
        -2.79669621e-03,  -0.00000000e+00,   9.69991991e-05,
         4.39535907e-04,   2.69785743e-04,   1.81829881e-03,
        -6.48867971e-03,  -8.47135965e-04,  -1.80872984e-03,
         1.57801204e-03,  -5.87374331e-03,   3.43648588e-04,
        -3.16323961e-03,  -1.61660609e-03])
  message: 'CONVERGENCE: REL_REDUCTION_OF_F_<=_FACTR*EPSMCH'
     nfev: 3
      nit: 1
   status: 0
  success: True
        x: array([-0.78799359, -0.4775964 , -0.81513615,  2.57465813,  0.33647224,
       -5.60406323, -3.14730195, -3.15689303, -3.20055587, -4.44930845,
       -4.62672424, -4.58465918, -3.50893464, -5.01157593, -3.73702564,
       -4.57328261, -4.99909763])
