/home3/jxiong7/IGCexpansion/IGCexpansion/CodonGeneconv.py:277: FutureWarning: comparison to `None` will result in an elementwise object comparison in the future.
  if not x == None:
number of sites to be analyzed:  136
Successfully loaded parameter value from ./test/save/MG94_YBL087C_YER117W_nonclock_save.txt
log likelihood =  -1367.67936903
Edge derivatives =  [-0.004091834786298629, -0.0006602919461500267, 0.002008641952781047, 0.0006335733295915191, 0.00016137710702002206, 0.002695950187975138, 0.0017254472874948662, 0.0013979131264377775, 0.005616792904197018, -1.3564492641920944e-05, 0.00010501523822144254, 0.002382985147884341]
other derivatives: [ 0.0077307  -0.00070486 -0.00020464 -0.00013642 -0.00088676 -0.00095497]
Current x array =  [-0.71559755 -0.6017377  -0.98698791  2.13334574 -2.88185625  1.03348787
 -4.0506105  -1.53265939 -1.78425609 -1.8201483  -2.97155033 -3.02027866
 -3.55526498 -2.93811286 -5.48326718 -2.81691098 -2.94771234 -3.68477378]
log likelihood =  -1367.6959574
Edge derivatives =  [-0.009076079847515382, -0.01596443427352892, -0.06403740045363909, -0.029114114630182264, -0.021105587580099894, -0.02531096319392584, -0.018102055370609743, -0.027496314884060707, 0.001018571589123527, -0.008291528684979718, -0.008685709876916733, -0.02080638489557051]
other derivatives: [-4.24831796  0.39219685  0.15415935  0.11882548 -0.04736194  0.02114575]
Current x array =  [-0.70786684 -0.60244256 -0.98719255  2.13320932 -2.88274301  1.0325329
 -4.05470234 -1.53331968 -1.78224744 -1.81951473 -2.97138895 -3.01758271
 -3.55353953 -2.93671495 -5.47765039 -2.81692454 -2.94760733 -3.6823908 ]
log likelihood =  -1367.67936876
Edge derivatives =  [-0.004112512750623597, -0.0007244515415260333, 0.001741998019587826, 0.000511041317143579, 7.50539381983717e-05, 0.0025827515057948447, 0.0016453767061996132, 0.0012810694951583823, 0.005598249092064813, -4.820537709977757e-05, 6.800325698065601e-05, 0.002289715308111069]
other derivatives: [-0.00904947  0.00088676  0.00045475  0.0003638  -0.00106866 -0.00086402]
Current x array =  [-0.71556667 -0.60174051 -0.98698873  2.1333452  -2.88185979  1.03348405
 -4.05062685 -1.53266203 -1.78424806 -1.82014577 -2.97154968 -3.02026789
 -3.55525809 -2.93810728 -5.48324475 -2.81691103 -2.94771192 -3.68476427]
      fun: 1367.6793687593454
 hess_inv: <18x18 LbfgsInvHessProduct with dtype=float64>
      jac: array([  9.04947228e-03,  -8.86757334e-04,  -4.54747351e-04,
        -3.63797881e-04,   1.06865627e-03,   8.64019967e-04,
         4.11251275e-03,   7.24451542e-04,  -1.74199802e-03,
        -5.11041317e-04,  -7.50539382e-05,  -2.58275151e-03,
        -1.64537671e-03,  -1.28106950e-03,  -5.59824909e-03,
         4.82053771e-05,  -6.80032570e-05,  -2.28971531e-03])
  message: 'CONVERGENCE: REL_REDUCTION_OF_F_<=_FACTR*EPSMCH'
     nfev: 3
      nit: 1
   status: 0
  success: True
        x: array([-0.71556667, -0.60174051, -0.98698873,  2.1333452 , -2.88185979,
        1.03348405, -4.05062685, -1.53266203, -1.78424806, -1.82014577,
       -2.97154968, -3.02026789, -3.55525809, -2.93810728, -5.48324475,
       -2.81691103, -2.94771192, -3.68476427])
number of sites to be analyzed:  136
Successfully loaded parameter value from ./test/save/MG94_Force_YBL087C_YER117W_nonclock_save.txt
log likelihood =  -1415.29048768
Edge derivatives =  [-0.0007368076806282316, -0.003517367224958323, -0.0058140927935376036, -0.0025823156729984365, 0.00548605790727277, -0.000452803015495995, 0.0017078519285731106, 0.0014420197804818902, 0.0022824344005795503, -0.003871660756904427, -4.922874555056411e-05, 0.00262181479000434]
other derivatives: [-0.01275566  0.00154614  0.0003638   0.00275122 -0.00102318  0.        ]
Current x array =  [-0.7229162  -0.59444689 -1.01333428  2.11662911 -2.99195654  0.33647224
 -5.49727847 -1.39309396 -2.03442545 -1.75278305 -2.74710045 -2.95325043
 -3.48660191 -2.51354198 -5.03037047 -2.27150056 -2.76967998 -2.96963504]
log likelihood =  -1415.34012067
Edge derivatives =  [0.008030533460655909, 0.12985341734420475, 0.18089414137051715, 0.1596039360612012, -0.03052030528241978, 0.031157701896801004, -0.0041958848487440165, 0.005971761765670158, 0.009936204845579878, 0.11569326975246663, 0.03118832194981301, -0.01494840839622684]
other derivatives: [ 7.36931725 -0.82518454 -0.32296157 -0.32619027  0.13783392  0.        ]
Current x array =  [-0.73567186 -0.59290075 -1.01297048  2.11938033 -2.99297972  0.33647224
 -5.49801527 -1.39661133 -2.04023954 -1.75536536 -2.74161439 -2.95370323
 -3.48489406 -2.51209996 -5.02808804 -2.27537222 -2.76972921 -2.96701322]
log likelihood =  -1415.29048726
Edge derivatives =  [-0.0007119543216121066, -0.003140706149825534, -0.005283560666671905, -0.0021262305493999767, 0.00537878530155295, -0.00036531017983165714, 0.001688723820309726, 0.0014498098875260768, 0.002303859629541072, -0.0035339556648778525, 3.649166913924362e-05, 0.0025677212920066778]
other derivatives: [ 0.0088221  -0.00086402 -0.0005457   0.00181899 -0.00061391  0.        ]
Current x array =  [-0.72295279 -0.59444246 -1.01333324  2.116637   -2.99195947  0.33647224
 -5.49728058 -1.39310405 -2.03444213 -1.75279046 -2.74708471 -2.95325173
 -3.48659701 -2.51353784 -5.03036393 -2.27151167 -2.76968012 -2.96962752]
      fun: 1415.2904872612903
 hess_inv: <18x18 LbfgsInvHessProduct with dtype=float64>
      jac: array([ -8.82209861e-03,   8.64019967e-04,   5.45696821e-04,
        -1.81898940e-03,   6.13908924e-04,  -0.00000000e+00,
         7.11954322e-04,   3.14070615e-03,   5.28356067e-03,
         2.12623055e-03,  -5.37878530e-03,   3.65310180e-04,
        -1.68872382e-03,  -1.44980989e-03,  -2.30385963e-03,
         3.53395566e-03,  -3.64916691e-05,  -2.56772129e-03])
  message: 'CONVERGENCE: REL_REDUCTION_OF_F_<=_FACTR*EPSMCH'
     nfev: 3
      nit: 1
   status: 0
  success: True
        x: array([-0.72295279, -0.59444246, -1.01333324,  2.116637  , -2.99195947,
        0.33647224, -5.49728058, -1.39310405, -2.03444213, -1.75279046,
       -2.74708471, -2.95325173, -3.48659701, -2.51353784, -5.03036393,
       -2.27151167, -2.76968012, -2.96962752])
