/home3/jxiong7/IGCexpansion/IGCexpansion/CodonGeneconv.py:277: FutureWarning: comparison to `None` will result in an elementwise object comparison in the future.
  if not x == None:
number of sites to be analyzed:  197
Successfully loaded parameter value from ./test/save/MG94_YNL069C_YIL133C_nonclock_save.txt
log likelihood =  -2322.82896391
Edge derivatives =  [0.0011571899675396347, -0.002490404912382782, -0.0035641993270768557, 0.0008042392700306489, -0.005484447034921729, 0.0036965051448109854, 0.0015893244725738165, -0.0013134835065896078, -0.0015536962548862651, -0.0012671819989079763, -0.004646031263448799, -0.0013467081319836899]
other derivatives: [ 0.0136879  -0.0001819  -0.00059117 -0.00186446  0.0039563   0.00131877]
Current x array =  [-0.72549778 -0.53824629 -0.93562033  1.69246655 -1.75715569  0.38123158
 -2.15300413 -2.03034715 -1.72007229 -1.62481528 -3.68384513 -2.55261206
 -5.17773431 -2.50661555 -3.84595071 -2.72113857 -3.21315686 -4.57596523]
log likelihood =  -2322.90968158
Edge derivatives =  [-0.12093696142381757, -0.04044389826941902, -0.07080910712947913, -0.19750143475059745, -0.009699927426990683, -0.16718275262067048, 0.0008926069576982026, -0.052087709920891456, -0.018854050842093142, -0.042466525837378574, 0.03104940023837667, 0.0021007140761068605]
other derivatives: [-11.66026777   0.29654075   0.63905645   0.40568011  -0.38667167
   0.04297362]
Current x array =  [-0.71180988 -0.53842819 -0.9362115   1.69060209 -1.75319939  0.38255034
 -2.15184694 -2.03283755 -1.72363649 -1.62401104 -3.68932958 -2.54891556
 -5.17614498 -2.50792903 -3.84750441 -2.72240575 -3.21780289 -4.57731194]
log likelihood =  -2322.82896362
Edge derivatives =  [0.0009196539929652026, -0.002565363221943423, -0.003698142120291792, 0.00042224976272692283, -0.005493919804871766, 0.0033709675025849484, 0.001587438573648292, -0.0014142052299566388, -0.0015876667209653167, -0.001348480290199211, -0.004580462216602202, -0.001340922408968815]
other derivatives: [-0.00795808  0.00040927  0.0007276  -0.00109139  0.00327418  0.00145519]
Current x array =  [-0.72547185 -0.53824663 -0.93562145  1.69246302 -1.7571482   0.38123407
 -2.15300193 -2.03035186 -1.72007904 -1.62481375 -3.68385552 -2.55260506
 -5.1777313  -2.50661803 -3.84595365 -2.72114097 -3.21316566 -4.57596778]
      fun: 2322.8289636223735
 hess_inv: <18x18 LbfgsInvHessProduct with dtype=float64>
      jac: array([ 0.00795808, -0.00040927, -0.0007276 ,  0.00109139, -0.00327418,
       -0.00145519, -0.00091965,  0.00256536,  0.00369814, -0.00042225,
        0.00549392, -0.00337097, -0.00158744,  0.00141421,  0.00158767,
        0.00134848,  0.00458046,  0.00134092])
  message: 'CONVERGENCE: REL_REDUCTION_OF_F_<=_FACTR*EPSMCH'
     nfev: 3
      nit: 1
   status: 0
  success: True
        x: array([-0.72547185, -0.53824663, -0.93562145,  1.69246302, -1.7571482 ,
        0.38123407, -2.15300193, -2.03035186, -1.72007904, -1.62481375,
       -3.68385552, -2.55260506, -5.1777313 , -2.50661803, -3.84595365,
       -2.72114097, -3.21316566, -4.57596778])
Traceback (most recent call last):
  File "Run_rebuild.py", line 52, in <module>
    main(parser.parse_args())
  File "Run_rebuild.py", line 14, in main
    MG94_tau.site_reconstruction()
  File "/home3/jxiong7/IGCexpansion/IGCexpansion/CodonGeneconv.py", line 1828, in site_reconstruction
    np.savetxt(open('./test/Ancestral_reconstruction/parameters/' + 'tau_' + self.paralog[0] + '_' + self.paralog[1] + '_' +model +'.txt','w+'), b)
  File "/usr/local/lib/python2.7/dist-packages/numpy/lib/npyio.py", line 1175, in savetxt
    ncol = X.shape[1]
IndexError: tuple index out of range
