/home3/jxiong7/IGCexpansion/IGCexpansion/CodonGeneconv.py:276: FutureWarning: comparison to `None` will result in an elementwise object comparison in the future.
  if not x == None:
number of sites to be analyzed:  140
Successfully loaded parameter value from ./test/save/MG94_YML026C_YDR450W_nonclock_save.txt
log likelihood =  -1377.24546076
Edge derivatives =  [-0.0014684830882147337, 0.00019015123345056395, 0.0004578068822687631, -1.76439669675732e-05, 2.209715267127859e-05, 0.001528865220016773, -2.7247675624278724e-05, 0.0007561418392870722, 0.004382222260699257, -0.0001777665271106843, 0.0029195965023797593, -0.00035288173332065353]
other derivatives: [-0.00454747  0.00011369 -0.00040927 -0.00140972 -0.0007276  -0.00150067]
Current x array =  [ -0.69051023  -0.52076088  -0.86672589   1.70682704  -2.60732017
   1.29329225  -3.44393821  -1.56761109  -2.15740139  -1.86209679
 -10.0261283   -2.86247025 -15.65149482  -2.52823316  -4.83965288
  -2.59077336  -3.28881796  -3.93023373]
log likelihood =  -1377.25137793
Edge derivatives =  [0.001024015442877002, 0.020121314017126135, 0.020195997463426874, 0.03318097803102754, 2.5075424057476687e-05, -0.006400788800778462, -2.7232392099257396e-05, 0.006423262013163594, -0.0023584521388089474, 0.02998783456387022, -0.01874648264403174, 0.002615943698480342]
other derivatives: [ 2.58430646 -0.10993517  0.07212293 -0.03683454  0.03769856  0.02055458]
Current x array =  [ -0.6950577   -0.5206472   -0.86713516   1.70541733  -2.60804776
   1.29179159  -3.44540669  -1.56742094  -2.15694358  -1.86211444
 -10.0261062   -2.86094138 -15.65152206  -2.52747702  -4.83527066
  -2.59095113  -3.28589836  -3.93058661]
log likelihood =  -1377.24546062
Edge derivatives =  [-0.0014568835949403947, 0.00028664219485907694, 0.0005537513838627384, 0.00014403149444197627, 2.2111145989958545e-05, 0.0014893437045881697, -2.7247603929651075e-05, 0.0007829844722012647, 0.004349079149475556, -3.0585819130735103e-05, 0.0028131212215693063, -0.00033865158530484163]
other derivatives: [  8.18545232e-03  -4.54747351e-04  -4.54747351e-05  -1.63709046e-03
  -5.91171556e-04  -1.43245416e-03]
Current x array =  [ -0.69053251  -0.52076033  -0.86672789   1.70682014  -2.60732373
   1.2932849   -3.4439454   -1.56761016  -2.15739914  -1.86209688
 -10.02612819  -2.86246276 -15.65149495  -2.52822946  -4.83963141
  -2.59077424  -3.28880366  -3.93023546]
      fun: 1377.2454606156552
 hess_inv: <18x18 LbfgsInvHessProduct with dtype=float64>
      jac: array([ -8.18545232e-03,   4.54747351e-04,   4.54747351e-05,
         1.63709046e-03,   5.91171556e-04,   1.43245416e-03,
         1.45688359e-03,  -2.86642195e-04,  -5.53751384e-04,
        -1.44031494e-04,  -2.21111460e-05,  -1.48934370e-03,
         2.72476039e-05,  -7.82984472e-04,  -4.34907915e-03,
         3.05858191e-05,  -2.81312122e-03,   3.38651585e-04])
  message: 'CONVERGENCE: REL_REDUCTION_OF_F_<=_FACTR*EPSMCH'
     nfev: 3
      nit: 1
   status: 0
  success: True
        x: array([ -0.69053251,  -0.52076033,  -0.86672789,   1.70682014,
        -2.60732373,   1.2932849 ,  -3.4439454 ,  -1.56761016,
        -2.15739914,  -1.86209688, -10.02612819,  -2.86246276,
       -15.65149495,  -2.52822946,  -4.83963141,  -2.59077424,
        -3.28880366,  -3.93023546])
number of sites to be analyzed:  140
Successfully loaded parameter value from ./test/save/MG94_Force_YML026C_YDR450W_nonclock_save.txt
log likelihood =  -1444.31278811
Edge derivatives =  [-0.00010679037601388397, -0.00017359998091937, 0.0013084929700378778, 0.0036664823177303685, 0.005511405882101694, -0.0013243444772128021, -4.629713339704973e-05, -0.00031933999222766296, 0.004058670003331814, 0.002679459354069491, 0.0006934906064518798, -0.0019570303572894326]
other derivatives: [  4.82032192e-03   1.22554411e-02  -9.09494702e-05   1.54614099e-03
  -1.59161573e-03   0.00000000e+00]
Current x array =  [ -0.71911927  -0.5167162   -0.89458196   1.57903437  -2.82997346
   0.33647224 -11.6539769   -1.39341229  -2.31078975  -1.65769439
  -3.76143313  -2.71138834 -15.12661755  -2.21349332  -4.47039766
  -2.10795092  -2.86186264  -3.49994249]
log likelihood =  -1444.35394431
Edge derivatives =  [-0.00012096370877668379, -0.10465531455711097, -0.09714917679008153, -0.2630620176700687, -0.04518812395843042, -0.033434072027470035, -4.64208188905071e-05, -0.05807869160040413, -0.019369333519364127, -0.12320906906552329, -0.059443023526157435, 0.007599238453152801]
other derivatives: [-2.78419066 -5.5679493   0.05654783  0.10109034  0.01762146  0.        ]
Current x array =  [ -0.71429895  -0.50446076  -0.89467291   1.58058051  -2.83156508
   0.33647224 -11.65408369  -1.39358589  -2.30948126  -1.65402791
  -3.75592172  -2.71271268 -15.12666384  -2.21381266  -4.46633899
  -2.10527147  -2.86116915  -3.50189952]
log likelihood =  -1444.31278772
Edge derivatives =  [-0.00010683293992687923, -0.0004869423943398843, 0.0010122355337089939, 0.0028588138567721133, 0.005358039536394521, -0.0014183686808904306, -4.629750133726115e-05, -0.0004905100462448964, 0.003987244919776423, 0.0022996263997491218, 0.0005133328682621341, -0.0019264189142844945]
other derivatives: [ -3.72892828e-03  -4.50199877e-03   6.82121026e-05   1.86446414e-03
  -1.54614099e-03   0.00000000e+00]
Current x array =  [ -0.71910438  -0.51667834  -0.89458224   1.57903915  -2.82997838
   0.33647224 -11.65397723  -1.39341283  -2.31078571  -1.65768306
  -3.7614161   -2.71139243 -15.12661769  -2.21349431  -4.47038512
  -2.10794265  -2.8618605   -3.49994854]
      fun: 1444.3127877175748
 hess_inv: <18x18 LbfgsInvHessProduct with dtype=float64>
      jac: array([  3.72892828e-03,   4.50199877e-03,  -6.82121026e-05,
        -1.86446414e-03,   1.54614099e-03,  -0.00000000e+00,
         1.06832940e-04,   4.86942394e-04,  -1.01223553e-03,
        -2.85881386e-03,  -5.35803954e-03,   1.41836868e-03,
         4.62975013e-05,   4.90510046e-04,  -3.98724492e-03,
        -2.29962640e-03,  -5.13332868e-04,   1.92641891e-03])
  message: 'CONVERGENCE: REL_REDUCTION_OF_F_<=_FACTR*EPSMCH'
     nfev: 3
      nit: 1
   status: 0
  success: True
        x: array([ -0.71910438,  -0.51667834,  -0.89458224,   1.57903915,
        -2.82997838,   0.33647224, -11.65397723,  -1.39341283,
        -2.31078571,  -1.65768306,  -3.7614161 ,  -2.71139243,
       -15.12661769,  -2.21349431,  -4.47038512,  -2.10794265,
        -2.8618605 ,  -3.49994854])
