/home3/jxiong7/IGCexpansion/IGCexpansion/CodonGeneconv.py:277: FutureWarning: comparison to `None` will result in an elementwise object comparison in the future.
  if not x == None:
number of sites to be analyzed:  163
Successfully loaded parameter value from ./test/save/MG94_YDR418W_YEL054C_nonclock_save.txt
log likelihood =  -1739.17627437
Edge derivatives =  [-0.0001154351417917282, -0.002384555340155581, -0.00027350393781427895, -0.0008738201324058337, -0.0035778728086470965, -0.0013714830224825433, -0.0049240957267285695, -0.0017854869040660887, 0.003462879341056782, 0.002738818753180744, 0.00024558577782311797, 0.0013386824401993604]
other derivatives: [-0.00993623  0.00138698  0.0003638   0.00154614 -0.00022737 -0.00227374]
Current x array =  [-0.72253824 -0.4868466  -0.89815937  2.12861961 -2.57461181  0.34350803
 -3.92768186 -1.53380587 -1.56395364 -1.76193581 -3.65960098 -3.62676187
 -3.43772877 -2.46096456 -3.69251941 -2.87087428 -2.84518421 -3.82132709]
log likelihood =  -1739.21083864
Edge derivatives =  [0.005578177812112117, 0.12294155585492805, 0.1316771865695182, 0.13816008653267076, 0.04876076844135692, 0.040721639566490914, 0.05419898919371566, 0.11143990357508285, -0.007341868288245644, 0.012740203703068345, 0.03202348934013205, 0.017267035171084133]
other derivatives: [ 6.66477717 -0.79337497 -0.31045602 -0.205182    0.11768861  0.05861693]
Current x array =  [-0.73247447 -0.48545963 -0.89779557  2.13016575 -2.57483918  0.3412343
 -3.9277973  -1.53619042 -1.56422714 -1.76280963 -3.66317886 -3.62813335
 -3.44265286 -2.46275005 -3.68905653 -2.86813546 -2.84493862 -3.81998841]
log likelihood =  -1739.17627414
Edge derivatives =  [-0.00010215210285506246, -0.0020683530836721475, 5.7588418337195524e-05, -0.0005244343846394495, -0.0034448698293493077, -0.0012652955955291117, -0.004774007138539121, -0.001499757959200529, 0.003434156645707058, 0.0027623359631485517, 0.0003244005234722541, 0.0013783681905409767]
other derivatives: [  7.27595761e-03  -6.36646291e-04  -4.32009983e-04   1.04591891e-03
   6.82121026e-05  -2.13731255e-03]
Current x array =  [-0.72256354 -0.48684307 -0.89815844  2.12862354 -2.57461239  0.34350224
 -3.92768215 -1.53381194 -1.56395434 -1.76193803 -3.65961009 -3.62676536
 -3.43774131 -2.46096911 -3.69251059 -2.8708673  -2.84518359 -3.82132368]
      fun: 1739.1762741387374
 hess_inv: <18x18 LbfgsInvHessProduct with dtype=float64>
      jac: array([ -7.27595761e-03,   6.36646291e-04,   4.32009983e-04,
        -1.04591891e-03,  -6.82121026e-05,   2.13731255e-03,
         1.02152103e-04,   2.06835308e-03,  -5.75884183e-05,
         5.24434385e-04,   3.44486983e-03,   1.26529560e-03,
         4.77400714e-03,   1.49975796e-03,  -3.43415665e-03,
        -2.76233596e-03,  -3.24400523e-04,  -1.37836819e-03])
  message: 'CONVERGENCE: REL_REDUCTION_OF_F_<=_FACTR*EPSMCH'
     nfev: 3
      nit: 1
   status: 0
  success: True
        x: array([-0.72256354, -0.48684307, -0.89815844,  2.12862354, -2.57461239,
        0.34350224, -3.92768215, -1.53381194, -1.56395434, -1.76193803,
       -3.65961009, -3.62676536, -3.43774131, -2.46096911, -3.69251059,
       -2.8708673 , -2.84518359, -3.82132368])
Traceback (most recent call last):
  File "Run_rebuild.py", line 52, in <module>
    main(parser.parse_args())
  File "Run_rebuild.py", line 14, in main
    MG94_tau.site_reconstruction()
  File "/home3/jxiong7/IGCexpansion/IGCexpansion/CodonGeneconv.py", line 1828, in site_reconstruction
    np.savetxt(open('./test/Ancestral_reconstruction/parameters/' + 'tau_' + self.paralog[0] + '_' + self.paralog[1] + '_' +model +'.txt','w+'), b)
  File "/usr/local/lib/python2.7/dist-packages/numpy/lib/npyio.py", line 1175, in savetxt
    ncol = X.shape[1]
IndexError: tuple index out of range
