/home3/jxiong7/IGCexpansion/IGCexpansion/CodonGeneconv.py:277: FutureWarning: comparison to `None` will result in an elementwise object comparison in the future.
  if not x == None:
number of sites to be analyzed:  304
Successfully loaded parameter value from ./test/save/MG94_AR_PR_nonclock_save.txt
log likelihood =  -9580.25180884
Edge derivatives =  [-0.006614388594823162, -0.03728853758189195, 0.01551522379700284, 0.010235791382488979, -0.003917141848279293, 0.007379346767481421, -0.019448050643823933, 0.0035767878476822, 0.009375069696384575, 0.0073473608287545344, -0.013469968971446339, -0.00907115917058967, -0.014837841865547374, 0.007653626367940425, -0.0008955218099640644, 0.011936739517698303, -0.0016523063963666956, -0.006476705928736434, -0.0163368015669641, -0.011921765659467828]
other derivatives: [-0.03674359  0.00945874  0.06039045  0.00982254  0.02728484 -0.0003638 ]
Current x array =  [-0.6822897  -0.78630152 -0.58588456  0.63871861 -2.99341125 -1.93858521
  0.53245277  2.6291165   0.57551999  0.00390182 -0.14953304  0.01154584
 -0.31536461 -0.75184362 -0.99259717 -0.7504183  -2.30562143 -3.47637651
 -3.64711612 -3.09363732 -2.20228824 -1.13595556 -3.10772256 -3.63764809
 -2.71138235 -2.83840863]
log likelihood =  -9588.63635314
Edge derivatives =  [-1.4161596384629458, 1.5857946369025964, -3.3059138908311407, -1.8918866651770219, -0.5801765399077894, -1.152543184854463, 0.4276705510406159, -0.11668686989499114, -0.5468575351010041, -0.9644731189314202, 0.5817802983026332, 0.26177389272413126, 0.18740350248702378, 0.006109488125139451, 0.34099890074395955, -0.8459273038367133, 0.12534141826224554, 0.1539668095392222, 0.5995816514281964, 0.6268965369883184]
other derivatives: [  1.21108678e+02  -1.57697286e+01  -2.00362410e+02  -1.25710358e+00
  -1.01288606e+01  -1.45519152e-01]
Current x array =  [-0.71903328 -0.77684278 -0.52549411  0.64854115 -2.96612641 -1.93894901
  0.52583838  2.59182796  0.59103522  0.01413761 -0.15345019  0.01892519
 -0.33481266 -0.74826683 -0.9832221  -0.74307094 -2.3190914  -3.48544767
 -3.66195396 -3.0859837  -2.20318376 -1.12401882 -3.10937486 -3.6441248
 -2.72771916 -2.8503304 ]
log likelihood =  -9580.2518063
Edge derivatives =  [-0.007249586815729181, -0.03599265304779273, 0.013887403202516808, 0.009302314655633581, -0.004031649816919947, 0.006962582075008106, -0.018953807650320842, 0.0036687701815568963, 0.009222009375822404, 0.007002208906449758, -0.013055596077751974, -0.008891949581530657, -0.014702656451004888, 0.007682851081689646, -0.0006302347057390439, 0.011627968299253777, -0.0015473653834171541, -0.006365402681127341, -0.015930536187518773, -0.011517805004199841]
other derivatives: [ 0.04147296 -0.00345608 -0.04947651  0.01127773  0.01964509 -0.0003638 ]
Current x array =  [-0.68231089 -0.78629607 -0.58584972  0.63872428 -2.99339551 -1.93858542
  0.53244896  2.62909499  0.57552895  0.00390772 -0.1495353   0.0115501
 -0.31537583 -0.75184155 -0.99259176 -0.75041406 -2.3056292  -3.47638174
 -3.64712468 -3.09363291 -2.20228876 -1.13594868 -3.10772351 -3.63765183
 -2.71139178 -2.83841551]
      fun: 9580.25180629515
 hess_inv: <26x26 LbfgsInvHessProduct with dtype=float64>
      jac: array([-0.04147296,  0.00345608,  0.04947651, -0.01127773, -0.01964509,
        0.0003638 ,  0.00724959,  0.03599265, -0.0138874 , -0.00930231,
        0.00403165, -0.00696258,  0.01895381, -0.00366877, -0.00922201,
       -0.00700221,  0.0130556 ,  0.00889195,  0.01470266, -0.00768285,
        0.00063023, -0.01162797,  0.00154737,  0.0063654 ,  0.01593054,
        0.01151781])
  message: 'CONVERGENCE: REL_REDUCTION_OF_F_<=_FACTR*EPSMCH'
     nfev: 3
      nit: 1
   status: 0
  success: True
        x: array([-0.68231089, -0.78629607, -0.58584972,  0.63872428, -2.99339551,
       -1.93858542,  0.53244896,  2.62909499,  0.57552895,  0.00390772,
       -0.1495353 ,  0.0115501 , -0.31537583, -0.75184155, -0.99259176,
       -0.75041406, -2.3056292 , -3.47638174, -3.64712468, -3.09363291,
       -2.20228876, -1.13594868, -3.10772351, -3.63765183, -2.71139178,
       -2.83841551])
number of sites to be analyzed:  304
Successfully loaded parameter value from ./test/save/MG94_Force_AR_PR_nonclock_save.txt
log likelihood =  -9595.80247418
Edge derivatives =  [0.0019242972406991465, -0.005892298205119315, 0.0037685771545519844, -0.037345217559591415, -0.002379259249505772, 0.006392630891562057, -0.014925621752932994, 0.01644122974815654, 0.028953302003620784, 0.027554752769117508, -0.005851131317138325, -0.017795723833809854, -0.016964059144168032, 0.016532092212933502, 0.0028233676753108977, 0.04438964647804622, -0.003450574266811987, 0.0035927855664317776, -0.0036250504669893824, 6.291609765091133e-05]
other derivatives: [-0.10422809  0.00727596  0.03001333  0.02000888  0.01091394  0.        ]
Current x array =  [-0.68492019 -0.79007399 -0.58447572  0.62734208 -3.03494916  0.33647224
  0.4490024   2.676811    0.61791757  0.07069941 -0.06485017  0.09507598
 -0.26601001 -0.67378424 -0.93913627 -0.67698753 -2.24124453 -3.44572397
 -3.59983555 -3.03368902 -2.15187006 -1.08165961 -3.04992144 -3.58780236
 -2.6610198  -2.79232512]
log likelihood =  -9615.00623715
Edge derivatives =  [0.7170459610746954, 2.019334386469804, 1.5850156873117762, 2.0040158400537793, 1.9215255654811187, 1.3970501045250243, 2.6670407376344505, 1.2177055304565296, -0.5845810467938806, -1.0774747734324432, 0.8746073362249255, 0.38850642285330084, 0.29850137326451326, 0.12750224597356297, 0.6685221456155676, -2.8555306476109488, 0.42362006421278836, 0.16772179017235714, 0.6006039180201723, 0.47014146438795457]
other derivatives: [ 317.53952499   -9.48912202 -108.76592569   -6.21585059    8.6867658     0.        ]
Current x array =  [-0.78914828 -0.78279804 -0.55446239  0.64735097 -3.02403522  0.33647224
  0.4509267   2.6709187   0.62168615  0.03335419 -0.06722943  0.10146861
 -0.28093564 -0.65734301 -0.91018297 -0.64943278 -2.24709567 -3.4635197
 -3.61679961 -3.01715693 -2.14904669 -1.03726996 -3.05337202 -3.58420958
 -2.66464485 -2.7922622 ]
log likelihood =  -9595.80247021
Edge derivatives =  [0.0023887495991437024, -0.00472374952790125, 0.004745810458231053, -0.03625452834570819, -0.0013766506192193217, 0.007174043427162546, -0.013598772931073144, 0.01706455379105387, 0.028674002287310874, 0.027068564911538806, -0.005432573422713985, -0.017610450212271544, -0.016818145727921716, 0.016590782045111885, 0.0031426885105890062, 0.04313428374179562, -0.00324816206304826, 0.003674372874951419, -0.003336367128959933, 0.00028217900166184473]
other derivatives: [ 0.04820322 -0.0005457  -0.02837623  0.00145519 -0.01127773  0.        ]
Current x array =  [-0.68496718 -0.79007071 -0.58446219  0.6273511  -3.03494424  0.33647224
  0.44900327  2.67680834  0.61791927  0.07068257 -0.06485124  0.09507886
 -0.26601674 -0.67377683 -0.93912322 -0.67697511 -2.24124717 -3.445732
 -3.5998432  -3.03368156 -2.15186878 -1.08163959 -3.049923   -3.58780074
 -2.66102143 -2.79232509]
      fun: 9595.802470206825
 hess_inv: <26x26 LbfgsInvHessProduct with dtype=float64>
      jac: array([-0.04820322,  0.0005457 ,  0.02837623, -0.00145519,  0.01127773,
       -0.        , -0.00238875,  0.00472375, -0.00474581,  0.03625453,
        0.00137665, -0.00717404,  0.01359877, -0.01706455, -0.028674  ,
       -0.02706856,  0.00543257,  0.01761045,  0.01681815, -0.01659078,
       -0.00314269, -0.04313428,  0.00324816, -0.00367437,  0.00333637,
       -0.00028218])
  message: 'CONVERGENCE: REL_REDUCTION_OF_F_<=_FACTR*EPSMCH'
     nfev: 3
      nit: 1
   status: 0
  success: True
        x: array([-0.68496718, -0.79007071, -0.58446219,  0.6273511 , -3.03494424,
        0.33647224,  0.44900327,  2.67680834,  0.61791927,  0.07068257,
       -0.06485124,  0.09507886, -0.26601674, -0.67377683, -0.93912322,
       -0.67697511, -2.24124717, -3.445732  , -3.5998432 , -3.03368156,
       -2.15186878, -1.08163959, -3.049923  , -3.58780074, -2.66102143,
       -2.79232509])
