/home3/jxiong7/IGCexpansion/IGCexpansion/CodonGeneconv.py:277: FutureWarning: comparison to `None` will result in an elementwise object comparison in the future.
  if not x == None:
number of sites to be analyzed:  344
Successfully loaded parameter value from ./test/save/MG94_AR_MR_nonclock_save.txt
log likelihood =  -10444.447331
Edge derivatives =  [-0.0030523411639852838, 0.00041398074656393696, -0.017368029547399688, -0.0060194171520076, -0.03079358816526273, 0.02525642114160155, 0.015094055937749928, -0.010453748421727138, -0.02581320852923219, -0.00994330828987183, 0.00901777005988319, -0.011604677631940868, 0.028005570552148258, -0.005510904802094929, -0.01047645061948517, -0.0022938199784580116, 0.009873985170889027, -0.036997251876444426, -0.023320753970005437, -0.0101011976898027]
other derivatives: [ 0.07603376 -0.00800355 -0.00854925  0.02946763  0.01982698 -0.01236913]
Current x array =  [-0.66250077 -0.78381532 -0.55768937  0.59496112 -2.99721188 -1.95569173
  0.9166362   2.50269039 -0.093899   -0.07091549 -0.31682553 -0.41621089
 -0.57732418 -1.10926281 -0.92115476 -1.09222259 -1.87871516 -3.39690987
 -3.73959504 -2.70040231 -2.12228248 -1.51381887 -3.02745378 -3.57939714
 -2.65677452 -2.90314297]
log likelihood =  -10456.9702573
Edge derivatives =  [-2.993192310853688, -5.142541281779837, -1.8010023382503426, -1.698882991267361, -0.5981509004652421, -2.5253610781279012, -2.1833704629473734, -1.0386511263595373, 1.0252432617789826, -0.008218907616254528, -1.574452183911812, -0.27515672206383174, -0.25637909905012, -0.14184289030613217, -0.21327766077302268, -1.076474594223229, -0.5299231590339599, 0.2814755841221567, 0.4435778058411506, -0.03439949247154921]
other derivatives: [-332.37902244    8.9952664    27.27065294   -2.64826667  -15.93598427
    1.29675755]
Current x array =  [-0.58646701 -0.79181888 -0.56623862  0.62442875 -2.9773849  -1.96806086
  0.91358386  2.50310437 -0.11126702 -0.07693491 -0.34761912 -0.39095446
 -0.56223012 -1.11971656 -0.94696797 -1.1021659  -1.86969739 -3.40851455
 -3.71158947 -2.70591322 -2.13275893 -1.51611269 -3.01757979 -3.61639439
 -2.68009528 -2.91324417]
log likelihood =  -10444.447327
Edge derivatives =  [-0.004717800736017963, -0.0024221278021067452, -0.018241166590956495, -0.006834899338124201, -0.031133558426767724, 0.023820880432030192, 0.013804958107498155, -0.011030730096445285, -0.02529085171761991, -0.010027390314554484, 0.008094427978453514, -0.01177170452399972, 0.027839128720670438, -0.00561525812124164, -0.010624977878483016, -0.0029502200867974615, 0.009560129642390738, -0.036821180588254794, -0.023075120829660456, -0.010129738835703159]
other derivatives: [-0.09185896 -0.00345608  0.00818545  0.02619345  0.01091394 -0.01164153]
Current x array =  [-0.66245764 -0.78381986 -0.55769422  0.59497784 -2.99720063 -1.95569875
  0.91663447  2.50269063 -0.09390885 -0.07091891 -0.316843   -0.41619656
 -0.57731562 -1.10926874 -0.92116941 -1.09222823 -1.87871004 -3.39691646
 -3.73957916 -2.70040544 -2.12228843 -1.51382017 -3.02744818 -3.57941813
 -2.65678775 -2.9031487 ]
      fun: 10444.447327004995
 hess_inv: <26x26 LbfgsInvHessProduct with dtype=float64>
      jac: array([ 0.09185896,  0.00345608, -0.00818545, -0.02619345, -0.01091394,
        0.01164153,  0.0047178 ,  0.00242213,  0.01824117,  0.0068349 ,
        0.03113356, -0.02382088, -0.01380496,  0.01103073,  0.02529085,
        0.01002739, -0.00809443,  0.0117717 , -0.02783913,  0.00561526,
        0.01062498,  0.00295022, -0.00956013,  0.03682118,  0.02307512,
        0.01012974])
  message: 'CONVERGENCE: REL_REDUCTION_OF_F_<=_FACTR*EPSMCH'
     nfev: 3
      nit: 1
   status: 0
  success: True
        x: array([-0.66245764, -0.78381986, -0.55769422,  0.59497784, -2.99720063,
       -1.95569875,  0.91663447,  2.50269063, -0.09390885, -0.07091891,
       -0.316843  , -0.41619656, -0.57731562, -1.10926874, -0.92116941,
       -1.09222823, -1.87871004, -3.39691646, -3.73957916, -2.70040544,
       -2.12228843, -1.51382017, -3.02744818, -3.57941813, -2.65678775,
       -2.9031487 ])
number of sites to be analyzed:  344
Successfully loaded parameter value from ./test/save/MG94_Force_AR_MR_nonclock_save.txt
log likelihood =  -10468.9896861
Edge derivatives =  [-0.006862486743269447, 0.006760678491948952, -0.0006329369740288859, -0.0022763480156515747, -0.02050379089699278, 0.0448540716499253, 0.022820118653122057, -0.027982331514618153, -0.009225189168383108, -0.006778474299167299, -0.00282391465796214, -0.006323465328320357, 0.02793410048986935, -0.024621789155644613, -0.01985677113855308, -0.010081539169854548, -0.014245042089474191, -0.01866217442329992, -0.025864857464908964, -0.008279470705959066]
other derivatives: [-0.10513759 -0.02255547 -0.02419256  0.00272848 -0.01382432  0.        ]
Current x array =  [ -6.65801015e-01  -7.87755059e-01  -5.55321674e-01   5.81348214e-01
  -3.03211825e+00   3.36472237e-01   8.40725709e-01   2.55400817e+00
   1.00064845e-02  -1.81773552e-03  -2.68174472e-01  -3.30319604e-01
  -5.14642329e-01  -1.03397423e+00  -8.55978573e-01  -1.02512554e+00
  -1.83527386e+00  -3.32195963e+00  -3.70260894e+00  -2.65127240e+00
  -2.07379141e+00  -1.45773573e+00  -2.97767196e+00  -3.52585807e+00
  -2.61065450e+00  -2.85116758e+00]
log likelihood =  -10491.0306205
Edge derivatives =  [4.4737877546666205, 5.35734031754958, 3.1276520689029583, 2.338005259291047, 3.3138018035023986, 0.5603381672510208, 1.422644893448894, 2.067801112003834, 3.0093602586683152, 2.9747589445375118, 1.6909739267480752, 0.5560259178091952, 0.2888257045562613, 1.0350234594782042, 1.947325363444086, 2.898150352113941, 0.7743684042333103, 0.6378677886724673, 1.3933158923453832, 1.073389263531208]
other derivatives: [ 364.92419895   52.70758265   76.7498932    -4.50327207   23.35473255
    0.        ]
Current x array =  [-0.7709386  -0.81031053 -0.57951423  0.5840767  -3.04594257  0.33647224
  0.83386322  2.56076885  0.00937355 -0.00409408 -0.28867826 -0.28546553
 -0.49182221 -1.06195656 -0.86520376 -1.03190402 -1.83809778 -3.3282831
 -3.67467484 -2.67589419 -2.09364818 -1.46781727 -2.991917   -3.54452024
 -2.63651936 -2.85944705]
log likelihood =  -10468.9896823
Edge derivatives =  [-0.00493139491349065, 0.009068260511508015, 0.0007662390290904542, -0.0012040251198590646, -0.019143958122014373, 0.045035973072983904, 0.023338346017630407, -0.027098656598384174, -0.008042031528046278, -0.005612494723217863, -0.0021377437597319138, -0.006103407849849932, 0.028033162119709083, -0.024192598694817935, -0.019058221905106726, -0.00890014049982335, -0.013923217417499786, -0.018395711646489378, -0.025283954919292473, -0.007838165956421343]
other derivatives: [ 0.068394    0.00527507  0.01182343  0.00109139 -0.00291038  0.        ]
Current x array =  [ -6.65843560e-01  -7.87764187e-01  -5.55331464e-01   5.81349318e-01
  -3.03212385e+00   3.36472237e-01   8.40722932e-01   2.55401091e+00
   1.00062284e-02  -1.81865665e-03  -2.68182769e-01  -3.30301454e-01
  -5.14633095e-01  -1.03398556e+00  -8.55982306e-01  -1.02512828e+00
  -1.83527501e+00  -3.32196219e+00  -3.70259764e+00  -2.65128236e+00
  -2.07379944e+00  -1.45773981e+00  -2.97767773e+00  -3.52586562e+00
  -2.61066497e+00  -2.85117093e+00]
      fun: 10468.989682308356
 hess_inv: <26x26 LbfgsInvHessProduct with dtype=float64>
      jac: array([-0.068394  , -0.00527507, -0.01182343, -0.00109139,  0.00291038,
       -0.        ,  0.00493139, -0.00906826, -0.00076624,  0.00120403,
        0.01914396, -0.04503597, -0.02333835,  0.02709866,  0.00804203,
        0.00561249,  0.00213774,  0.00610341, -0.02803316,  0.0241926 ,
        0.01905822,  0.00890014,  0.01392322,  0.01839571,  0.02528395,
        0.00783817])
  message: 'CONVERGENCE: REL_REDUCTION_OF_F_<=_FACTR*EPSMCH'
     nfev: 3
      nit: 1
   status: 0
  success: True
        x: array([ -6.65843560e-01,  -7.87764187e-01,  -5.55331464e-01,
         5.81349318e-01,  -3.03212385e+00,   3.36472237e-01,
         8.40722932e-01,   2.55401091e+00,   1.00062284e-02,
        -1.81865665e-03,  -2.68182769e-01,  -3.30301454e-01,
        -5.14633095e-01,  -1.03398556e+00,  -8.55982306e-01,
        -1.02512828e+00,  -1.83527501e+00,  -3.32196219e+00,
        -3.70259764e+00,  -2.65128236e+00,  -2.07379944e+00,
        -1.45773981e+00,  -2.97767773e+00,  -3.52586562e+00,
        -2.61066497e+00,  -2.85117093e+00])
