/home3/jxiong7/IGCexpansion/IGCexpansion/CodonGeneconv.py:277: FutureWarning: comparison to `None` will result in an elementwise object comparison in the future.
  if not x == None:
number of sites to be analyzed:  342
Successfully loaded parameter value from ./test/save/MG94_MR_GR_nonclock_save.txt
log likelihood =  -10667.2662869
Edge derivatives =  [0.011301602518642206, 0.020947311561953064, 0.0038795841581232005, 0.0038323626690506263, 0.006927465987856929, 0.04600588508665315, 0.027961860726047616, -0.02720453943402904, 0.01960227410837112, 0.010787441252300495, -0.00843938015198592, 0.01800283583338333, -0.003387310967920977, -0.02058586070726065, -0.019796817599199823, -0.019134943034892396, -0.01670941198801211, -0.024382854837319667, 0.019057935856469643, 0.006122034829170397]
other derivatives: [ 0.09622454 -0.02237357 -0.0347427   0.04838512  0.01509761  0.01455192]
Current x array =  [-0.64551263 -0.76045107 -0.56871518  0.55213856 -2.82820274 -1.81393532
  0.42785325  2.33659396 -0.36379423 -0.37117833 -0.33795772 -0.40437681
 -0.63707183 -1.28385394 -0.81033646 -1.00408132 -1.86084085 -3.41242212
 -4.42990041 -2.34829402 -1.98463451 -1.5603613  -2.89322093 -3.47294986
 -2.4004212  -2.52372919]
log likelihood =  -10690.9380627
Edge derivatives =  [-3.899215543369953, -7.914015749321691, -2.4456813405857463, -3.0629087870384626, -4.673343194463937, -6.469351265681808, -2.6010182633365875, -0.39641441807897704, -4.990000885124632, -3.1821525200038785, -0.8949723487756162, -0.2462992105556422, -0.0021772601526278204, 0.2334125596533848, 0.2071917388237865, 0.0565381045425106, 0.09142127700456094, 0.03212638319935213, -1.6768884927219638, -1.1362529514985493]
other derivatives: [ -4.52678432e+02   3.90948117e+01   1.02373633e+02  -7.28214218e+00
  -2.36390406e+01  -7.45785655e-02]
Current x array =  [-0.54928809 -0.78282464 -0.60345788  0.60052367 -2.81310513 -1.7993834
  0.43915485  2.35754127 -0.35991465 -0.36734596 -0.33103025 -0.35837093
 -0.60910997 -1.31105848 -0.79073419 -0.99329388 -1.86928023 -3.39441929
 -4.43328772 -2.36887988 -2.00443133 -1.57949624 -2.90993035 -3.49733271
 -2.38136327 -2.51760715]
log likelihood =  -10667.2662826
Edge derivatives =  [0.009600411529465447, 0.017367655687965833, 0.0029142447384432335, 0.002614211716055026, 0.004753498527102329, 0.04301628188612311, 0.026682660490484705, -0.027372684076053002, 0.017187936747914273, 0.009212438395970302, -0.008885485958298911, 0.017857542853034723, -0.0033947483021258967, -0.020481408862182637, -0.019727124750124947, -0.01911965037760291, -0.016665123501926393, -0.02435970004830767, 0.01824405878429014, 0.005568331620934397]
other derivatives: [-0.08294592  0.01527951  0.02946763  0.04147296 -0.01964509  0.01400622]
Current x array =  [-0.64546704 -0.76046167 -0.56873164  0.55216148 -2.82819559 -1.81392842
  0.42785861  2.33660389 -0.3637924  -0.37117651 -0.33795444 -0.40435501
 -0.63705858 -1.28386683 -0.81032717 -1.00407621 -1.86084485 -3.41241359
 -4.42990202 -2.34830377 -1.98464389 -1.56037036 -2.89322885 -3.47296141
 -2.40041217 -2.52372629]
      fun: 10667.266282614346
 hess_inv: <26x26 LbfgsInvHessProduct with dtype=float64>
      jac: array([ 0.08294592, -0.01527951, -0.02946763, -0.04147296,  0.01964509,
       -0.01400622, -0.00960041, -0.01736766, -0.00291424, -0.00261421,
       -0.0047535 , -0.04301628, -0.02668266,  0.02737268, -0.01718794,
       -0.00921244,  0.00888549, -0.01785754,  0.00339475,  0.02048141,
        0.01972712,  0.01911965,  0.01666512,  0.0243597 , -0.01824406,
       -0.00556833])
  message: 'CONVERGENCE: REL_REDUCTION_OF_F_<=_FACTR*EPSMCH'
     nfev: 3
      nit: 1
   status: 0
  success: True
        x: array([-0.64546704, -0.76046167, -0.56873164,  0.55216148, -2.82819559,
       -1.81392842,  0.42785861,  2.33660389, -0.3637924 , -0.37117651,
       -0.33795444, -0.40435501, -0.63705858, -1.28386683, -0.81032717,
       -1.00407621, -1.86084485, -3.41241359, -4.42990202, -2.34830377,
       -1.98464389, -1.56037036, -2.89322885, -3.47296141, -2.40041217,
       -2.52372629])
number of sites to be analyzed:  342
Successfully loaded parameter value from ./test/save/MG94_Force_MR_GR_nonclock_save.txt
log likelihood =  -10693.9162299
Edge derivatives =  [0.03471108424463065, 0.0012078904039846128, 0.012543493551601198, -0.03771588679048721, 0.012553536333018034, -0.007747777600540351, 0.04136304201904287, -0.030011971962384823, -0.012282410437284327, -0.02802406395805776, -0.0004037556015083765, -0.0009602333497478743, -0.0018560490325045531, -0.0188756779639756, -0.0015542501345583437, 0.01202017525838145, -0.0063183299023398115, -0.0014052407250500984, -0.011871077408704744, -0.008826983603045124]
other derivatives: [ 0.11914381  0.01346052  0.08076313  0.0167347   0.05020411  0.        ]
Current x array =  [-0.64838544 -0.76317532 -0.56882864  0.53831405 -2.86487396  0.33647224
  0.3277295   2.37801154 -0.28003647 -0.33530473 -0.23649841 -0.33343757
 -0.54913375 -1.2519807  -0.75994045 -0.93653372 -1.78073679 -3.36889656
 -4.41182796 -2.29366892 -1.93995974 -1.49732446 -2.83124837 -3.43184034
 -2.33880427 -2.46631101]
log likelihood =  -10740.7115699
Edge derivatives =  [-10.872627913462232, -14.298229457679398, -5.475768765240089, -3.9327214822883767, -4.873802120141224, -3.6917093292976046, -7.537247659893091, -1.4907379710919515, -0.46834135837797625, -0.19649665676550138, -0.704661923867604, -0.258701140765904, -0.015870211746535717, -0.29948472778166135, -1.037871736229326, -2.501770803553979, -0.21147320708504863, -0.32060857590922237, 0.035986623447354704, -0.4474698706841347]
other derivatives: [-610.52232923  -38.27190085 -289.18657335   11.55713107  -48.75237209
    0.        ]
Current x array =  [-0.52924164 -0.7497148  -0.48806551  0.55504875 -2.81466986  0.33647224
  0.36244059  2.37921943 -0.26749298 -0.37302062 -0.22394488 -0.34118535
 -0.5077707  -1.28199267 -0.77222286 -0.96455778 -1.78114055 -3.36985679
 -4.41368401 -2.3125446  -1.94151399 -1.48530428 -2.8375667  -3.43324558
 -2.35067535 -2.47513799]
log likelihood =  -10693.9162274
Edge derivatives =  [0.0311655994122646, -0.0036768876283918006, 0.010791831308747793, -0.0388746927302841, 0.010820440844369117, -0.009046046350351444, 0.03877674944866066, -0.03052873454498561, -0.012625340375947577, -0.02812923599770009, -0.0007613137842951978, -0.0010542291192425363, -0.0018766999015440988, -0.019017988116387663, -0.001995295674322217, 0.011076773322396843, -0.006416047343447265, -0.0015346364024011114, -0.011896140371212116, -0.009010613634743314]
other derivatives: [-0.13915269 -0.04511094 -0.06511982 -0.02728484  0.00982254  0.        ]
Current x array =  [-0.64834316 -0.76317055 -0.56879998  0.53831999 -2.86485615  0.33647224
  0.32774182  2.37801197 -0.28003202 -0.33531812 -0.23649396 -0.33344032
 -0.54911907 -1.25199135 -0.75994481 -0.93654366 -1.78073693 -3.3688969
 -4.41182862 -2.29367562 -1.93996029 -1.49732019 -2.83125061 -3.43184084
 -2.33880849 -2.46631414]
      fun: 10693.916227384612
 hess_inv: <26x26 LbfgsInvHessProduct with dtype=float64>
      jac: array([ 0.13915269,  0.04511094,  0.06511982,  0.02728484, -0.00982254,
       -0.        , -0.0311656 ,  0.00367689, -0.01079183,  0.03887469,
       -0.01082044,  0.00904605, -0.03877675,  0.03052873,  0.01262534,
        0.02812924,  0.00076131,  0.00105423,  0.0018767 ,  0.01901799,
        0.0019953 , -0.01107677,  0.00641605,  0.00153464,  0.01189614,
        0.00901061])
  message: 'CONVERGENCE: REL_REDUCTION_OF_F_<=_FACTR*EPSMCH'
     nfev: 3
      nit: 1
   status: 0
  success: True
        x: array([-0.64834316, -0.76317055, -0.56879998,  0.53831999, -2.86485615,
        0.33647224,  0.32774182,  2.37801197, -0.28003202, -0.33531812,
       -0.23649396, -0.33344032, -0.54911907, -1.25199135, -0.75994481,
       -0.93654366, -1.78073693, -3.3688969 , -4.41182862, -2.29367562,
       -1.93996029, -1.49732019, -2.83125061, -3.43184084, -2.33880849,
       -2.46631414])
