/home3/jxiong7/IGCexpansion/IGCexpansion/CodonGeneconv.py:276: FutureWarning: comparison to `None` will result in an elementwise object comparison in the future.
  if not x == None:
number of sites to be analyzed:  140
Successfully loaded parameter value from ./test/save/MG94_YML026C_YDR450W_nonclock_save.txt
log likelihood =  -1377.24546048
Edge derivatives =  [-0.00146114068403988, 0.0001859792928087245, 0.00044317592863640787, 2.013007930495858e-05, 2.2047464211638965e-05, 0.0013960458799052167, -2.724778673284375e-05, 0.0006960611754306123, 0.004328000760233519, -6.537636935000091e-05, 0.0027317050743940613, -0.00035898336575809764]
other derivatives: [-0.00427463  0.00027285  0.0001819  -0.00118234 -0.00063665 -0.00122782]
Current x array =  [ -0.69051107  -0.52076152  -0.86672801   1.70681585  -2.60732528
   1.29328115  -3.44394922  -1.56760941  -2.15739769  -1.8620965
 -10.02612813  -2.86245885 -15.65149502  -2.52822741  -4.83962002
  -2.59077432  -3.28879629  -3.93023635]
log likelihood =  -1377.2507052
Edge derivatives =  [0.0010386862802511665, 0.020238562784300473, 0.019157093489945265, 0.03021681875354021, 2.329314208142247e-05, -0.005764006236507413, -2.723463324499245e-05, 0.005728180773940522, -0.002609579351769878, 0.023049860998230504, -0.01778687226817001, 0.0018240368361590042]
other derivatives: [ 2.43680915 -0.17357706 -0.05275069 -0.03694822  0.03583409  0.01023182]
Current x array =  [ -0.69478569  -0.52048867  -0.86654611   1.70563351  -2.60796193
   1.29205333  -3.44541036  -1.56742343  -2.15695452  -1.86207637
 -10.02610609  -2.86106281 -15.65152227  -2.52753134  -4.83529202
  -2.59083969  -3.28606458  -3.93059533]
log likelihood =  -1377.24546035
Edge derivatives =  [-0.001449294048145311, 0.00028444906650060275, 0.0005353638200045474, 0.00016912707529281867, 2.20530978134219e-05, 0.0013598672039684956, -2.724772428617224e-05, 0.0007201802626104203, 0.004293465569889542, 4.8782123260815435e-05, 0.002629539384023716, -0.00034843245372080667]
other derivatives: [ 0.00788987 -0.00061391 -0.00011369 -0.00143245 -0.00052296 -0.00125056]
Current x array =  [ -0.69053229  -0.52076016  -0.86672711   1.70680998  -2.60732844
   1.29327505  -3.44395647  -1.56760849  -2.15739549  -1.8620964
 -10.02612802  -2.86245192 -15.65149516  -2.52822395  -4.83959853
  -2.59077464  -3.28878273  -3.93023813]
      fun: 1377.245460345344
 hess_inv: <18x18 LbfgsInvHessProduct with dtype=float64>
      jac: array([ -7.88986654e-03,   6.13908924e-04,   1.13686838e-04,
         1.43245416e-03,   5.22959454e-04,   1.25055521e-03,
         1.44929405e-03,  -2.84449067e-04,  -5.35363820e-04,
        -1.69127075e-04,  -2.20530978e-05,  -1.35986720e-03,
         2.72477243e-05,  -7.20180263e-04,  -4.29346557e-03,
        -4.87821233e-05,  -2.62953938e-03,   3.48432454e-04])
  message: 'CONVERGENCE: REL_REDUCTION_OF_F_<=_FACTR*EPSMCH'
     nfev: 3
      nit: 1
   status: 0
  success: True
        x: array([ -0.69053229,  -0.52076016,  -0.86672711,   1.70680998,
        -2.60732844,   1.29327505,  -3.44395647,  -1.56760849,
        -2.15739549,  -1.8620964 , -10.02612802,  -2.86245192,
       -15.65149516,  -2.52822395,  -4.83959853,  -2.59077464,
        -3.28878273,  -3.93023813])
number of sites to be analyzed:  140
Successfully loaded parameter value from ./test/save/MG94_Force_YML026C_YDR450W_nonclock_save.txt
log likelihood =  -1444.3127874
Edge derivatives =  [-0.00010686333266621669, -0.00010841540926520565, 0.001018702961792295, 0.0026209070664325873, 0.00534385183632248, -0.0012619336025048444, -4.6297448892702205e-05, -0.00026536374238339544, 0.0039636622051639064, 0.002052736975593661, 0.0006407994088709068, -0.001870734136405025]
other derivatives: [ 0.00948148  0.00702585 -0.00020464  0.00090949 -0.00115961  0.        ]
Current x array =  [ -0.71912678  -0.51670538  -0.89458183   1.57905035  -2.82998767
   0.33647224 -11.65397787  -1.39341575  -2.31077963  -1.65766588
  -3.76138391  -2.71140095 -15.12661797  -2.21349725  -4.47036117
  -2.10792883  -2.86185742  -3.49996011]
log likelihood =  -1444.35093284
Edge derivatives =  [-0.00011816093580569695, -0.10034082616980511, -0.09799853569234784, -0.23158136190736678, -0.03926812719489836, -0.03889814048408957, -4.6485845069385976e-05, -0.06718797597904241, -0.016320972069300183, -0.12373679331203294, -0.05546631933362017, -0.0001846474437160739]
other derivatives: [-5.72106273 -3.07916252  0.13517365  0.19986146 -0.0314003   0.        ]
Current x array =  [ -0.7096453   -0.50967953  -0.89478646   1.57995984  -2.83114728
   0.33647224 -11.65408473  -1.39352417  -2.30976092  -1.65504498
  -3.75604006  -2.71266289 -15.12666427  -2.21376262  -4.46639751
  -2.10587609  -2.86121662  -3.50183085]
log likelihood =  -1444.31278713
Edge derivatives =  [-0.00010689346626062554, -0.00037372898041265756, 0.0007563380505524187, 0.0020005675651079136, 0.005225816930528773, -0.0013613432388001057, -4.62979476450504e-05, -0.00044265991956310424, 0.003909810790240803, 0.0017192046417827123, 0.0004924151560567469, -0.0018662909985448783]
other derivatives: [-0.00561613 -0.00104592  0.00013642  0.00140972 -0.00125056  0.        ]
Current x array =  [ -0.7191015   -0.51668665  -0.89458237   1.57905277  -2.82999076
   0.33647224 -11.65397816  -1.39341604  -2.31077691  -1.6576589
  -3.76136966  -2.71140432 -15.12661809  -2.21349796  -4.4703506
  -2.10792336  -2.86185571  -3.4999651 ]
      fun: 1444.3127871273525
 hess_inv: <18x18 LbfgsInvHessProduct with dtype=float64>
      jac: array([  5.61612978e-03,   1.04591891e-03,  -1.36424205e-04,
        -1.40971679e-03,   1.25055521e-03,  -0.00000000e+00,
         1.06893466e-04,   3.73728980e-04,  -7.56338051e-04,
        -2.00056757e-03,  -5.22581693e-03,   1.36134324e-03,
         4.62979476e-05,   4.42659920e-04,  -3.90981079e-03,
        -1.71920464e-03,  -4.92415156e-04,   1.86629100e-03])
  message: 'CONVERGENCE: REL_REDUCTION_OF_F_<=_FACTR*EPSMCH'
     nfev: 3
      nit: 1
   status: 0
  success: True
        x: array([ -0.7191015 ,  -0.51668665,  -0.89458237,   1.57905277,
        -2.82999076,   0.33647224, -11.65397816,  -1.39341604,
        -2.31077691,  -1.6576589 ,  -3.76136966,  -2.71140432,
       -15.12661809,  -2.21349796,  -4.4703506 ,  -2.10792336,
        -2.86185571,  -3.4999651 ])
