/home3/jxiong7/IGCexpansion/IGCexpansion/CodonGeneconv.py:277: FutureWarning: comparison to `None` will result in an elementwise object comparison in the future.
  if not x == None:
number of sites to be analyzed:  198
Successfully loaded parameter value from ./test/save/MG94_YER102W_YBL072C_nonclock_save.txt
log likelihood =  -2058.9562651
Edge derivatives =  [-4.985353712703977e-05, 0.004773565211027259, -0.004019193788875705, -0.0014405894004410058, -0.0023029423594707332, 0.00011749822636532292, -0.005374682999082298, 0.0015332545325375535, 0.0014940471874559241, -0.00612242099600626, 0.006574715732027624, -0.0009876253822808587]
other derivatives: [ 0.00927685 -0.00109139 -0.00027285  0.00095497 -0.0001819   0.00263753]
Current x array =  [-0.69725101 -0.52987209 -0.85419846  1.96382395 -1.66421426  1.58246776
 -2.96046684 -1.69921733 -2.40457783 -1.61097145 -3.64461529 -2.64044525
 -4.05035107 -2.48071127 -3.49077012 -3.50704945 -4.54146995 -3.59061722]
log likelihood =  -2058.99296872
Edge derivatives =  [-0.019031713946549192, -0.1575289220706261, -0.01309471981409209, -0.05526594917746433, -0.017180041855687656, -0.04857963594279022, -0.007029898989753598, -0.13160755368708307, -0.021482770914833825, 0.02279399197326637, -0.020915080226154934, -0.016909935994198814]
other derivatives: [-7.7113782   0.89466994  0.24151632  0.06375558 -0.08685674 -0.16912054]
Current x array =  [-0.68797416 -0.53096349 -0.85447131  1.96477892 -1.66439616  1.5851053
 -2.96051669 -1.69444377 -2.40859702 -1.61241204 -3.64691823 -2.64032775
 -4.05572575 -2.47917801 -3.48927608 -3.51317187 -4.53489524 -3.59160484]
log likelihood =  -2058.95626465
Edge derivatives =  [-0.00011950077865698072, 0.004204420405577364, -0.004053714700079231, -0.0016339328205070835, -0.002356036306281936, -5.5352941539479894e-05, -0.005381255540082296, 0.0010669590282806896, 0.0014122686915142915, -0.006022691200479026, 0.0064784544618506565, -0.0010447005046400476]
other derivatives: [-0.01723492  0.00209184  0.00059117  0.00118234 -0.00045475  0.00204636]
Current x array =  [-0.69721865 -0.5298759  -0.85419941  1.96382728 -1.66421489  1.58247696
 -2.96046701 -1.69920068 -2.40459185 -1.61097648 -3.64462332 -2.64044484
 -4.05036982 -2.48070592 -3.49076491 -3.5070708  -4.54144702 -3.59062066]
      fun: 2058.9562646481013
 hess_inv: <18x18 LbfgsInvHessProduct with dtype=float64>
      jac: array([  1.72349246e-02,  -2.09183781e-03,  -5.91171556e-04,
        -1.18234311e-03,   4.54747351e-04,  -2.04636308e-03,
         1.19500779e-04,  -4.20442041e-03,   4.05371470e-03,
         1.63393282e-03,   2.35603631e-03,   5.53529415e-05,
         5.38125554e-03,  -1.06695903e-03,  -1.41226869e-03,
         6.02269120e-03,  -6.47845446e-03,   1.04470050e-03])
  message: 'CONVERGENCE: REL_REDUCTION_OF_F_<=_FACTR*EPSMCH'
     nfev: 3
      nit: 1
   status: 0
  success: True
        x: array([-0.69721865, -0.5298759 , -0.85419941,  1.96382728, -1.66421489,
        1.58247696, -2.96046701, -1.69920068, -2.40459185, -1.61097648,
       -3.64462332, -2.64044484, -4.05036982, -2.48070592, -3.49076491,
       -3.5070708 , -4.54144702, -3.59062066])
number of sites to be analyzed:  198
Successfully loaded parameter value from ./test/save/MG94_Force_YER102W_YBL072C_nonclock_save.txt
log likelihood =  -2196.65841237
Edge derivatives =  [-8.085575869030525e-05, 0.001296408118404313, -0.003085859990725942, 0.001417950732047757, 0.003627416332347977, -0.004377837010503177, 0.0044478237219964314, 0.0004005456841378874, -0.004233662646297556, 0.006637583911153613, 0.00668038531360738, 0.002638124573025355]
other derivatives: [ 0.02814886 -0.00409273  0.00463842  0.00222826 -0.00113687  0.        ]
Current x array =  [ -0.72347531  -0.51994206  -0.87320347   1.75535234  -2.00644901
   0.33647224 -12.75888479  -1.39764857  -2.54222496  -1.4220087
  -3.21694976  -2.23279554  -3.9265316   -1.94188436  -3.42801071
  -2.88986801  -4.4855568   -3.31939708]
log likelihood =  -2197.01915515
Edge derivatives =  [-8.449616305332563e-05, -0.2234912553664907, -0.15208029253263886, -0.49535030294217397, -0.07589348855277063, -0.08081933993053261, -0.05657877676769328, -0.2868547859096528, -0.029617179165947013, -0.20981671094474152, -0.03318520257103563, -0.10462760163459967]
other derivatives: [-25.32524377   3.5364792   -0.74187483   0.55392775  -0.27193892   0.        ]
Current x array =  [ -0.69532645  -0.52403479  -0.86856504   1.7575806   -2.00758587
   0.33647224 -12.75896565  -1.39635216  -2.54531082  -1.42059075
  -3.21332234  -2.23717337  -3.92208378  -1.94148382  -3.43224437
  -2.88323043  -4.47887641  -3.31675895]
log likelihood =  -2196.65841164
Edge derivatives =  [-8.086273115771887e-05, 0.0009538707147260517, -0.003311463027657835, 0.0006693946574815035, 0.003507495679819575, -0.004507479756050092, 0.004357178508738374, -3.296722017348541e-05, -0.004277100878757496, 0.006321442702537927, 0.006621751970008725, 0.0024788813257537873]
other derivatives: [-0.00645741  0.00095497  0.00350155  0.00300133 -0.00154614  0.        ]
Current x array =  [ -0.72343526  -0.51994788  -0.87319687   1.75535551  -2.00645062
   0.33647224 -12.7588849   -1.39764672  -2.54222935  -1.42200668
  -3.2169446   -2.23280177  -3.92652527  -1.94188379  -3.42801673
  -2.88985857  -4.48554729  -3.31939332]
      fun: 2196.6584116355016
 hess_inv: <18x18 LbfgsInvHessProduct with dtype=float64>
      jac: array([  6.45741238e-03,  -9.54969437e-04,  -3.50155460e-03,
        -3.00133252e-03,   1.54614099e-03,  -0.00000000e+00,
         8.08627312e-05,  -9.53870715e-04,   3.31146303e-03,
        -6.69394657e-04,  -3.50749568e-03,   4.50747976e-03,
        -4.35717851e-03,   3.29672202e-05,   4.27710088e-03,
        -6.32144270e-03,  -6.62175197e-03,  -2.47888133e-03])
  message: 'CONVERGENCE: REL_REDUCTION_OF_F_<=_FACTR*EPSMCH'
     nfev: 3
      nit: 1
   status: 0
  success: True
        x: array([ -0.72343526,  -0.51994788,  -0.87319687,   1.75535551,
        -2.00645062,   0.33647224, -12.7588849 ,  -1.39764672,
        -2.54222935,  -1.42200668,  -3.2169446 ,  -2.23280177,
        -3.92652527,  -1.94188379,  -3.42801673,  -2.88985857,
        -4.48554729,  -3.31939332])
