/home3/jxiong7/IGCexpansion/IGCexpansion/CodonGeneconv.py:275: FutureWarning: comparison to `None` will result in an elementwise object comparison in the future.
  if not x == None:
number of sites to be analyzed:  159
Successfully loaded parameter value from ./test/save/MG94_YBR191W_YPL079W_nonclock_save.txt
log likelihood =  -1467.29433273
Edge derivatives =  [-0.0006105658003970268, 0.0007910240221054715, -0.003185208231766795, 0.00039130750083901655, 0.000601649790998051, -0.0001749438060820105, -0.000861014235262492, -0.0001394876817431001, 0.001974759742636785, -0.00045739346260444125, -0.0014737186499501204, 0.002018966458374398]
other derivatives: [ 0.00040927  0.00015916 -0.00268301 -0.00027285  0.00300133 -0.00097771]
Current x array =  [-0.70824838 -0.49455014 -0.86376407  2.10001106 -2.37748914  1.34334067
 -3.33684691 -2.1263383  -1.98092546 -2.28172514 -3.57857846 -4.08415658
 -3.87621997 -2.62660388 -3.99926238 -2.89909214 -4.07755162 -3.9540408 ]
log likelihood =  -1467.29546646
Edge derivatives =  [0.002895028164239928, -0.016984303440900017, 0.04903844611589428, -0.019139943887561073, -0.0036290319312349203, -0.0012885606883404621, 0.0009875484146873604, 0.00762738209163083, -0.0065651626749461955, 0.0070900395671502775, 0.004937253326813773, -0.009048230880766173]
other derivatives: [-0.27196165 -0.05807124  0.64035248  0.01671197 -0.06530172  0.04331469]
Current x array =  [-0.7078391  -0.49439098 -0.86644708  2.09973821 -2.37448781  1.34236296
 -3.33745747 -2.12554728 -1.98411067 -2.28133384 -3.57797681 -4.08433152
 -3.87708099 -2.62674337 -3.99728762 -2.89954954 -4.07902534 -3.95202183]
log likelihood =  -1467.29433239
Edge derivatives =  [-0.0005503117520032838, 0.00048772957822681984, -0.002290011505935885, 5.804824979888101e-05, 0.0005296888562217987, -0.00019398611776298702, -0.0008291102836962948, -5.601432111146387e-06, 0.001829063865176464, -0.0003275468244751528, -0.001363626015276724, 0.0018301063936130013]
other derivatives: [-0.00427463 -0.00086402  0.00832188  0.          0.00181899 -0.00025011]
Current x array =  [-0.70824137 -0.49454741 -0.86380999  2.10000639 -2.37743778  1.34332393
 -3.33685735 -2.12632476 -1.98097997 -2.28171845 -3.57856816 -4.08415957
 -3.87623471 -2.62660627 -3.99922858 -2.89909997 -4.07757684 -3.95400625]
      fun: 1467.294332386602
 hess_inv: <18x18 LbfgsInvHessProduct with dtype=float64>
      jac: array([  4.27462510e-03,   8.64019967e-04,  -8.32187652e-03,
        -0.00000000e+00,  -1.81898940e-03,   2.50111043e-04,
         5.50311752e-04,  -4.87729578e-04,   2.29001151e-03,
        -5.80482498e-05,  -5.29688856e-04,   1.93986118e-04,
         8.29110284e-04,   5.60143211e-06,  -1.82906387e-03,
         3.27546824e-04,   1.36362602e-03,  -1.83010639e-03])
  message: 'CONVERGENCE: REL_REDUCTION_OF_F_<=_FACTR*EPSMCH'
     nfev: 3
      nit: 1
   status: 0
  success: True
        x: array([-0.70824137, -0.49454741, -0.86380999,  2.10000639, -2.37743778,
        1.34332393, -3.33685735, -2.12632476, -1.98097997, -2.28171845,
       -3.57856816, -4.08415957, -3.87623471, -2.62660627, -3.99922858,
       -2.89909997, -4.07757684, -3.95400625])
number of sites to be analyzed:  159
Successfully loaded parameter value from ./test/save/MG94_Force_YBR191W_YPL079W_nonclock_save.txt
log likelihood =  -1533.3966298
Edge derivatives =  [-4.489931627505448e-05, -0.005784987043469053, 0.01055764127512343, 0.00730885994223901, -0.00017501416588296126, -0.0001759746233176429, -0.003500963162883619, 0.00033700095284516784, 0.0013031592630908112, -0.0026917022059431417, -0.0007861117882723839, -0.0015983329551099573]
other derivatives: [-0.00636646  0.01591616  0.01209628 -0.00213731  0.00181899  0.        ]
Current x array =  [-0.72681911 -0.46923512 -0.87874251  2.04134722 -2.59699526  0.33647224
 -7.19111221 -1.94595282 -1.91134997 -1.97977683 -3.38475718 -3.43702884
 -3.48883865 -2.31284055 -3.84003683 -2.58930118 -3.43540662 -3.88977626]
log likelihood =  -1533.50511014
Edge derivatives =  [-0.00465776287919846, 0.07789872280098659, -0.40139370004705527, -0.2644099504215897, -0.01539889511674103, -0.00032077646520713154, 0.027778428463150165, -0.04079394515225465, -0.006613203418714443, 0.05592423571049873, 0.01745269255402679, -0.004820356379647089]
other derivatives: [  4.20907327e+00  -9.25688255e+00  -3.18459570e+00  -3.63797881e-03
   4.36557457e-03   0.00000000e+00]
Current x array =  [-0.73318557 -0.45331896 -0.86664624  2.03920991 -2.59517627  0.33647224
 -7.19115711 -1.95173781 -1.90079233 -1.97246797 -3.38493219 -3.43720482
 -3.49233962 -2.31250355 -3.83873367 -2.59199289 -3.43619273 -3.8913746 ]
log likelihood =  -1533.39662875
Edge derivatives =  [-5.924071547096189e-05, -0.005517360457953702, 0.009305866489156045, 0.006487518288742666, -0.00021688291604883558, -0.00017291254368208275, -0.003399292844353856, 0.00022163942091946165, 0.0012814849811375387, -0.002500200889823112, -0.0007256306544148883, -0.0016049035288666358]
other derivatives: [ 0.00691216 -0.01182343  0.00229647 -0.00213731  0.00181899  0.        ]
Current x array =  [-0.72683885 -0.46918577 -0.87870501  2.04134059 -2.59698962  0.33647224
 -7.19111235 -1.94597076 -1.91131723 -1.97975416 -3.38475772 -3.43702939
 -3.48884951 -2.31283951 -3.84003279 -2.58930953 -3.43540905 -3.88978122]
      fun: 1533.396628749756
 hess_inv: <18x18 LbfgsInvHessProduct with dtype=float64>
      jac: array([ -6.91215973e-03,   1.18234311e-02,  -2.29647412e-03,
         2.13731255e-03,  -1.81898940e-03,  -0.00000000e+00,
         5.92407155e-05,   5.51736046e-03,  -9.30586649e-03,
        -6.48751829e-03,   2.16882916e-04,   1.72912544e-04,
         3.39929284e-03,  -2.21639421e-04,  -1.28148498e-03,
         2.50020089e-03,   7.25630654e-04,   1.60490353e-03])
  message: 'CONVERGENCE: REL_REDUCTION_OF_F_<=_FACTR*EPSMCH'
     nfev: 3
      nit: 1
   status: 0
  success: True
        x: array([-0.72683885, -0.46918577, -0.87870501,  2.04134059, -2.59698962,
        0.33647224, -7.19111235, -1.94597076, -1.91131723, -1.97975416,
       -3.38475772, -3.43702939, -3.48884951, -2.31283951, -3.84003279,
       -2.58930953, -3.43540905, -3.88978122])
29
