/home3/jxiong7/IGCexpansion/IGCexpansion/CodonGeneconv.py:277: FutureWarning: comparison to `None` will result in an elementwise object comparison in the future.
  if not x == None:
number of sites to be analyzed:  310
Successfully loaded parameter value from ./test/save/MG94_ERa_ERb_nonclock_save.txt
log likelihood =  -13588.2964612
Edge derivatives =  [-0.0068111935263149015, -0.0063070092993830484, 0.009967682796080624, -0.009407671122389383, -0.008422068396122029, 0.0094902158819547, 0.009073535964531532, 0.008433932647566977, -0.016638558425126182, -0.005924958111287858, -0.0102571412836987, -0.0013055395748624576, 0.019667345582267792, -0.0009663991617090417, -0.00806060388546502, -0.012989475270002326, -0.0011277408371326292, -0.00984858879626821, -0.016663006488808654, 0.005695262705477835, 0.018829253504071664, 0.020353272192583066, -0.010481208411159404, -0.006097554927854354, 0.002317166382060698, 0.0018046420714535605, -0.005446256501533631, 0.00461533706994538, 0.0050130837633125674, 0.0025195404864167686]
other derivatives: [ 0.07439667  0.02510205  0.07185008 -0.0169166  -0.02928573  0.01055014]
Current x array =  [-0.6919347  -0.83561655 -0.52409915  0.64524561 -2.57473112 -1.28058081
 -0.21332887  1.687169   -0.23479823 -0.44930931 -1.35368654 -1.82420032
 -0.41033127 -1.57801207 -0.7688673  -1.66611699 -0.70064437 -1.59512646
 -1.17761281 -0.8231403  -1.94003431 -5.87810531 -1.05816257 -0.84621251
 -4.00197463 -2.97443233 -2.62859791 -3.49581592 -1.15899367 -0.74296422
 -2.06406312 -2.45854683 -1.1433062  -1.92156316 -4.07838152 -2.7715416 ]
log likelihood =  -13612.8430545
Edge derivatives =  [-0.09554246737410105, 1.3292730731010747, -0.47069908661845883, 0.1310283191725259, 0.21250112059510495, -0.12319425798309402, -2.5984687524779866, -0.8492247304916807, 2.905784554817633, 1.0487851514858073, 2.5762670742053455, -0.2856918050814949, -1.9122051732011867, -0.8739398215185559, 0.7796222482669792, -0.0113291651101948, -0.512544158995691, 0.02042156531475864, -0.0016793677495677076, -0.24024029865173896, -0.5164424022127263, -0.16379112159759024, 0.54116464347747, 2.06810020496428, -0.35421565090693785, -0.17883055862656072, -0.009823754028916998, -0.3646510133453746, -0.10148320560646933, 0.06033478901987299]
other derivatives: [-334.97035474  -67.01829989 -332.69716369   20.85762389    3.32674972
   -0.72650437]
Current x array =  [-0.61753803 -0.8105145  -0.45224906  0.62832901 -2.60401685 -1.27003067
 -0.22014006  1.68086199 -0.22483054 -0.45871698 -1.3621086  -1.81471011
 -0.40125774 -1.56957814 -0.78550585 -1.67204195 -0.71090152 -1.596432
 -1.15794547 -0.8241067  -1.94809491 -5.89109478 -1.05929031 -0.85606109
 -4.01863764 -2.96873707 -2.60976866 -3.47546265 -1.16947488 -0.74906177
 -2.06174595 -2.45674219 -1.14875246 -1.91694782 -4.07336844 -2.76902206]
log likelihood =  -13588.2964596
Edge derivatives =  [-0.006809804451302359, -0.005791868816469314, 0.009933529566154231, -0.009264771258493232, -0.0082907071680286, 0.009496503907223897, 0.008288590497441906, 0.008171942038614433, -0.015587709723728027, -0.0055309712380420435, -0.009392544514961187, -0.0013437098880517695, 0.019047727101154655, -0.001196756153820644, -0.007824417746339588, -0.012988181958984685, -0.001276928235159236, -0.00976594935668379, -0.016664031965696498, 0.005622314361798733, 0.01865300696193639, 0.020296709540540525, -0.010250050157918356, -0.0053350494242394575, 0.0022156841276628203, 0.0017451963195365128, -0.005415465838002342, 0.00449725746711882, 0.004976932547638077, 0.0025527823346066097]
other derivatives: [-0.08221832 -0.00818545 -0.01346052 -0.03819878 -0.03346941  0.01018634]
Current x array =  [-0.69190995 -0.8356082  -0.52407524  0.64523998 -2.57474086 -1.2805773
 -0.21333113  1.6871669  -0.23479491 -0.44931244 -1.35368934 -1.82419717
 -0.41032825 -1.57800927 -0.76887283 -1.66611896 -0.70064779 -1.5951269
 -1.17760627 -0.82314062 -1.94003699 -5.87810963 -1.05816294 -0.84621578
 -4.00198017 -2.97443044 -2.62859165 -3.49580915 -1.15899716 -0.74296624
 -2.06406235 -2.45854623 -1.14330801 -1.92156163 -4.07837985 -2.77154076]
      fun: 13588.29645960094
 hess_inv: <36x36 LbfgsInvHessProduct with dtype=float64>
      jac: array([ 0.08221832,  0.00818545,  0.01346052,  0.03819878,  0.03346941,
       -0.01018634,  0.0068098 ,  0.00579187, -0.00993353,  0.00926477,
        0.00829071, -0.0094965 , -0.00828859, -0.00817194,  0.01558771,
        0.00553097,  0.00939254,  0.00134371, -0.01904773,  0.00119676,
        0.00782442,  0.01298818,  0.00127693,  0.00976595,  0.01666403,
       -0.00562231, -0.01865301, -0.02029671,  0.01025005,  0.00533505,
       -0.00221568, -0.0017452 ,  0.00541547, -0.00449726, -0.00497693,
       -0.00255278])
  message: 'CONVERGENCE: REL_REDUCTION_OF_F_<=_FACTR*EPSMCH'
     nfev: 3
      nit: 1
   status: 0
  success: True
        x: array([-0.69190995, -0.8356082 , -0.52407524,  0.64523998, -2.57474086,
       -1.2805773 , -0.21333113,  1.6871669 , -0.23479491, -0.44931244,
       -1.35368934, -1.82419717, -0.41032825, -1.57800927, -0.76887283,
       -1.66611896, -0.70064779, -1.5951269 , -1.17760627, -0.82314062,
       -1.94003699, -5.87810963, -1.05816294, -0.84621578, -4.00198017,
       -2.97443044, -2.62859165, -3.49580915, -1.15899716, -0.74296624,
       -2.06406235, -2.45854623, -1.14330801, -1.92156163, -4.07837985,
       -2.77154076])
Traceback (most recent call last):
  File "Run_rebuild_Thornton_ERa_ERb.py", line 21, in <module>
    MG94_tau.site_reconstruction()
  File "/home3/jxiong7/IGCexpansion/IGCexpansion/CodonGeneconv.py", line 1828, in site_reconstruction
    np.savetxt(open('./test/Ancestral_reconstruction/parameters/' + 'tau_' + self.paralog[0] + '_' + self.paralog[1] + '_' +model +'.txt','w+'), b)
  File "/usr/local/lib/python2.7/dist-packages/numpy/lib/npyio.py", line 1175, in savetxt
    ncol = X.shape[1]
IndexError: tuple index out of range
