/home3/jxiong7/IGCexpansion/IGCexpansion/CodonGeneconv.py:277: FutureWarning: comparison to `None` will result in an elementwise object comparison in the future.
  if not x == None:
number of sites to be analyzed:  118
Successfully loaded parameter value from ./test/save/MG94_YER131W_YGL189C_nonclock_save.txt
log likelihood =  -1205.18473262
Edge derivatives =  [-0.0011185744261716299, -0.002178393185492025, 0.0019775871486475416, 0.0026548256466581988, -0.004482437649820328, 0.0010101724091524933, -0.001745343633446722, -0.0004027603373537303, 0.0021450220659808977, -0.0008681227147912807, -0.001547306974933979, 0.0006444786996335217]
other derivatives: [  1.05956133e-02  -1.79625204e-03   6.82121026e-05  -1.13686838e-04
   1.86446414e-03  -1.59161573e-03]
Current x array =  [-0.67034893 -0.44090507 -0.70874065  1.88823097 -2.9052883   0.3059693
 -3.11573828 -2.17117564 -2.01495609 -1.70707228 -3.35037368 -2.8368098
 -3.36285544 -3.082194   -4.5539658  -2.74949749 -2.94793217 -3.22911857]
log likelihood =  -1205.21611777
Edge derivatives =  [-0.014807555424064249, -0.02116251067636868, -0.07271410672589343, -0.1067113504545888, -0.0013475439977623377, -0.012115921222354512, -0.0006560027846992667, -0.006614704885594139, -0.0002242511037161797, -0.005366393784545509, 0.0062144228407065155, -0.01965890520311142]
other derivatives: [-5.74032128  0.97591055  0.00889031  0.11314114 -0.08874395  0.07544259]
Current x array =  [-0.65975332 -0.44270132 -0.70867244  1.88811728 -2.90342383  0.30437768
 -3.11685686 -2.17335403 -2.0129785  -1.70441746 -3.35485612 -2.83579962
 -3.36460079 -3.08259676 -4.55182078 -2.75036562 -2.94947948 -3.22847409]
log likelihood =  -1205.18473238
Edge derivatives =  [-0.0011585931953645573, -0.0022319140158384293, 0.001770346017034602, 0.002352143963437636, -0.004475513819929444, 0.0009723351663376012, -0.001743811527538608, -0.00042166666317647317, 0.0021380868634550063, -0.0008827934750935407, -0.0015287120184774572, 0.0005879628774504014]
other derivatives: [-0.00482032  0.00090949  0.00011369  0.00025011  0.00165983 -0.0013415 ]
Current x array =  [-0.67032009 -0.44090996 -0.70874047  1.88823066 -2.90528322  0.30596496
 -3.11574133 -2.17118157 -2.0149507  -1.70706506 -3.35038589 -2.83680705
 -3.36286019 -3.0821951  -4.55395996 -2.74949986 -2.94793638 -3.22911682]
      fun: 1205.184732383058
 hess_inv: <18x18 LbfgsInvHessProduct with dtype=float64>
      jac: array([ 0.00482032, -0.00090949, -0.00011369, -0.00025011, -0.00165983,
        0.0013415 ,  0.00115859,  0.00223191, -0.00177035, -0.00235214,
        0.00447551, -0.00097234,  0.00174381,  0.00042167, -0.00213809,
        0.00088279,  0.00152871, -0.00058796])
  message: 'CONVERGENCE: REL_REDUCTION_OF_F_<=_FACTR*EPSMCH'
     nfev: 3
      nit: 1
   status: 0
  success: True
        x: array([-0.67032009, -0.44090996, -0.70874047,  1.88823066, -2.90528322,
        0.30596496, -3.11574133, -2.17118157, -2.0149507 , -1.70706506,
       -3.35038589, -2.83680705, -3.36286019, -3.0821951 , -4.55395996,
       -2.74949986, -2.94793638, -3.22911682])
Traceback (most recent call last):
  File "Run_rebuild.py", line 52, in <module>
    main(parser.parse_args())
  File "Run_rebuild.py", line 17, in main
    MG94_tau.Expected_tau_for_sitewise_and_branchwise()
  File "/home3/jxiong7/IGCexpansion/IGCexpansion/CodonGeneconv.py", line 1528, in Expected_tau_for_sitewise_and_branchwise
    np.savetxt(open('./test/Ancestral_reconstruction/matrix/sitewise_IGC_statmatrix/SitewiseExpectedpointMutation/' + self.paralog[0] + '_' + self.paralog[1] + '_' +model +'.txt', 'w+'), SitewiseExpectedpointMutation)
IOError: [Errno 2] No such file or directory: './test/Ancestral_reconstruction/matrix/sitewise_IGC_statmatrix/SitewiseExpectedpointMutation/YER131W_YGL189C_MG94_IGC.txt'
