/home3/jxiong7/IGCexpansion/IGCexpansion/CodonGeneconv.py:276: FutureWarning: comparison to `None` will result in an elementwise object comparison in the future.
  if not x == None:
number of sites to be analyzed:  112
Successfully loaded parameter value from ./test/save/MG94_YLR406C_YDL075W_nonclock_save.txt
log likelihood =  -1178.09909245
Edge derivatives =  [0.00036218364458418667, 0.00046067397223173434, 0.002530605666728372, -0.002601540587466644, 0.004867199938817873, 0.0007773301815439393, 0.0011098290207063218, 0.0012512459110197438, 0.0007038686757557004, 0.002395973971243054, 0.000552211997609485, 0.00017033690705226673]
other derivatives: [-0.00345608  0.00709406  0.00027285 -0.00015916  0.00236469  0.00159162]
Current x array =  [-0.644183   -0.48193104 -0.93056975  1.83998897 -2.45798346  0.5023749
 -3.20346126 -1.43915124 -2.21680004 -2.14531183 -3.61449981 -2.59449383
 -3.90525238 -2.80405301 -5.62039894 -2.41130571 -3.17810865 -3.28149955]
log likelihood =  -1178.11356755
Edge derivatives =  [-0.00030014803461812095, -0.050129478632004426, -0.03304976297123399, 0.012255763846597212, -0.021556648470947105, -0.021063238173152407, -0.008429887663871087, -0.035074294109863985, -0.003094848142465364, -0.050875090211525906, -0.020839414439216615, -0.006366446548779041]
other derivatives: [  1.93535925e+00  -3.07622940e+00  -2.28737917e-02   7.27595761e-04
  -4.43378667e-02  -5.97992766e-02]
Current x array =  [-0.64763908 -0.47483698 -0.9302969   1.83982981 -2.45561878  0.50396652
 -3.20309908 -1.43869056 -2.21426943 -2.14791337 -3.60963261 -2.5937165
 -3.90414256 -2.80280176 -5.61969507 -2.40890974 -3.17755644 -3.28132921]
log likelihood =  -1178.09909221
Edge derivatives =  [0.00035995306952579104, 0.0002579456941748104, 0.002388326532671972, -0.002540237696593728, 0.004761008787753353, 0.0006899484468542577, 0.0010715344000773175, 0.0011052158954578672, 0.0006885682427265026, 0.002181840561451931, 0.00046627782483384117, 0.0001443987247291903]
other derivatives: [ 0.00443379 -0.00518412  0.00015916 -0.00013642  0.00216005  0.00136424]
Current x array =  [-0.64419698 -0.48190234 -0.93056864  1.83998833 -2.4579739   0.50238134
 -3.2034598  -1.43914937 -2.2167898  -2.14532236 -3.61448012 -2.59449068
 -3.90524789 -2.80404795 -5.62039609 -2.41129602 -3.17810642 -3.28149886]
      fun: 1178.0990922073825
 hess_inv: <18x18 LbfgsInvHessProduct with dtype=float64>
      jac: array([-0.00443379,  0.00518412, -0.00015916,  0.00013642, -0.00216005,
       -0.00136424, -0.00035995, -0.00025795, -0.00238833,  0.00254024,
       -0.00476101, -0.00068995, -0.00107153, -0.00110522, -0.00068857,
       -0.00218184, -0.00046628, -0.0001444 ])
  message: 'CONVERGENCE: REL_REDUCTION_OF_F_<=_FACTR*EPSMCH'
     nfev: 3
      nit: 1
   status: 0
  success: True
        x: array([-0.64419698, -0.48190234, -0.93056864,  1.83998833, -2.4579739 ,
        0.50238134, -3.2034598 , -1.43914937, -2.2167898 , -2.14532236,
       -3.61448012, -2.59449068, -3.90524789, -2.80404795, -5.62039609,
       -2.41129602, -3.17810642, -3.28149886])
number of sites to be analyzed:  112
Successfully loaded parameter value from ./test/save/MG94_Force_YLR406C_YDL075W_nonclock_save.txt
log likelihood =  -1195.08199748
Edge derivatives =  [-0.000782059970187602, 0.0009997937612472585, 0.0005537582089657211, 0.0005897458698156388, -4.968282203460933e-05, -0.00031734979362471605, 0.0011516372752731104, -0.0022808115911109456, -0.003617371230164637, -1.723267489153746e-05, -0.00540666544427916, 0.0001237468769455241]
other derivatives: [-0.00331966 -0.00025011  0.00084128  0.00165983  0.00165983  0.        ]
Current x array =  [-0.65169082 -0.4801594  -0.94181986  1.78749472 -2.59537215  0.33647224
 -3.94491072 -1.31053527 -2.39852247 -2.00190395 -3.48965078 -2.51295072
 -3.86224393 -2.4628186  -5.15877808 -2.16517607 -2.83961662 -3.13790637]
log likelihood =  -1195.08547456
Edge derivatives =  [0.0071222722677443985, -0.0006507103191394636, 0.012525473755954378, 0.0008389400318549178, 0.00459009728637072, 0.019182201011487876, 0.0035575749301907933, 0.04797019609828873, 2.3471383151214484e-05, 0.01843815388836642, 0.06677751106715815, 0.009078993618463871]
other derivatives: [ 1.8843366   0.05588845 -0.16134436 -0.07221388 -0.00973159  0.        ]
Current x array =  [-0.65501047 -0.48040951 -0.94097858  1.78915455 -2.59371233  0.33647224
 -3.94569278 -1.30953547 -2.39796871 -2.0013142  -3.48970046 -2.51326807
 -3.86109229 -2.46509941 -5.16239545 -2.1651933  -2.84502329 -3.13778262]
log likelihood =  -1195.08199715
Edge derivatives =  [-0.0007060692903017723, 0.0009823277340865744, 0.0006680726842772239, 0.0005906088907545737, -5.387977492887774e-06, -0.00013033826163681705, 0.0011744454493573843, -0.0017969330546966228, -0.0035823193024035506, 0.00015929706026679424, -0.004709738339336772, 0.00020950409581206586]
other derivatives: [ 0.01493845  0.00027285 -0.00077307  0.00090949  0.0015234   0.        ]
Current x array =  [-0.6517228  -0.48016181 -0.94181176  1.78751071 -2.59535616  0.33647224
 -3.94491825 -1.31052564 -2.39851714 -2.00189826 -3.48965126 -2.51295378
 -3.86223283 -2.46284057 -5.15881293 -2.16517624 -2.83966871 -3.13790517]
      fun: 1195.0819971503633
 hess_inv: <18x18 LbfgsInvHessProduct with dtype=float64>
      jac: array([ -1.49384505e-02,  -2.72848411e-04,   7.73070497e-04,
        -9.09494702e-04,  -1.52340363e-03,  -0.00000000e+00,
         7.06069290e-04,  -9.82327734e-04,  -6.68072684e-04,
        -5.90608891e-04,   5.38797749e-06,   1.30338262e-04,
        -1.17444545e-03,   1.79693305e-03,   3.58231930e-03,
        -1.59297060e-04,   4.70973834e-03,  -2.09504096e-04])
  message: 'CONVERGENCE: REL_REDUCTION_OF_F_<=_FACTR*EPSMCH'
     nfev: 3
      nit: 1
   status: 0
  success: True
        x: array([-0.6517228 , -0.48016181, -0.94181176,  1.78751071, -2.59535616,
        0.33647224, -3.94491825, -1.31052564, -2.39851714, -2.00189826,
       -3.48965126, -2.51295378, -3.86223283, -2.46284057, -5.15881293,
       -2.16517624, -2.83966871, -3.13790517])
