/home3/jxiong7/IGCexpansion/IGCexpansion/CodonGeneconv.py:276: FutureWarning: comparison to `None` will result in an elementwise object comparison in the future.
  if not x == None:
number of sites to be analyzed:  197
Successfully loaded parameter value from ./test/save/MG94_YMR142C_YDL082W_nonclock_save.txt
log likelihood =  -2054.05074631
Edge derivatives =  [-0.0010270428318215064, -0.0023092907893939585, 0.0031879273428701976, -0.005086868287180579, 0.00024943464378676065, -0.0021224508891315164, 6.057282381272122e-05, -0.00012684499492676693, 0.004754904249138672, 0.002004525394127765, 0.0008928400721688601, 0.0035699983285272935]
other derivatives: [ 0.01191438 -0.01132321  0.0041382  -0.00886757 -0.00691216  0.00536602]
Current x array =  [-0.67261883 -0.47520031 -0.80773731  1.9878541  -1.49559277  1.74136215
 -2.68897601 -1.92257564 -2.43256016 -1.73370973 -6.32553721 -3.10257135
 -3.95779497 -2.55176568 -3.62812144 -2.84380942 -3.34965341 -4.2468738 ]
log likelihood =  -2054.16535172
Edge derivatives =  [0.01148847639595188, 0.024086079435808205, -0.0579464055823484, 0.07326421687109252, -0.002323615235010467, -0.014527923153859895, -0.04672853131857409, -0.10634730719650096, -0.0960336899043582, -0.13071550384749922, -0.11134565533789437, -0.028904574864661116]
other derivatives: [-10.61243893   8.02242539  -1.15578587   0.21855158   0.23933353
  -0.49303708]
Current x array =  [-0.66070445 -0.48652352 -0.80359911  1.97898653 -1.50250493  1.74672817
 -2.69000306 -1.92488493 -2.42937224 -1.73879659 -6.32528778 -3.1046938
 -3.9577344  -2.55189253 -3.62336653 -2.8418049  -3.34876057 -4.2433038 ]
log likelihood =  -2054.0507457
Edge derivatives =  [-0.0010011186116029025, -0.002250908957640796, 0.0030473857444017344, -0.004909185489690049, 0.00024350181853431425, -0.0021528054632543314, -4.7135925352215224e-05, -0.00037275067716133203, 0.004523184140560466, 0.0016983877814931159, 0.0006341085310823946, 0.0034948846747137052]
other derivatives: [-0.0120508   0.00763976  0.00154614 -0.00832188 -0.00632099  0.00422915]
Current x array =  [-0.67259142 -0.47522637 -0.80772779  1.9878337  -1.49560868  1.7413745
 -2.68897838 -1.92258095 -2.43255283 -1.73372143 -6.32553664 -3.10257623
 -3.95779483 -2.55176597 -3.6281105  -2.84380481 -3.34965135 -4.24686559]
      fun: 2054.0507456967093
 hess_inv: <18x18 LbfgsInvHessProduct with dtype=float64>
      jac: array([  1.20508048e-02,  -7.63975549e-03,  -1.54614099e-03,
         8.32187652e-03,   6.32098818e-03,  -4.22915036e-03,
         1.00111861e-03,   2.25090896e-03,  -3.04738574e-03,
         4.90918549e-03,  -2.43501819e-04,   2.15280546e-03,
         4.71359254e-05,   3.72750677e-04,  -4.52318414e-03,
        -1.69838778e-03,  -6.34108531e-04,  -3.49488467e-03])
  message: 'CONVERGENCE: REL_REDUCTION_OF_F_<=_FACTR*EPSMCH'
     nfev: 3
      nit: 1
   status: 0
  success: True
        x: array([-0.67259142, -0.47522637, -0.80772779,  1.9878337 , -1.49560868,
        1.7413745 , -2.68897838, -1.92258095, -2.43255283, -1.73372143,
       -6.32553664, -3.10257623, -3.95779483, -2.55176597, -3.6281105 ,
       -2.84380481, -3.34965135, -4.24686559])
Traceback (most recent call last):
  File "Run_rebuild.py", line 52, in <module>
    main(parser.parse_args())
  File "Run_rebuild.py", line 14, in main
    MG94_tau.site_reconstruction()
  File "/home3/jxiong7/IGCexpansion/IGCexpansion/CodonGeneconv.py", line 1699, in site_reconstruction
    (argmatrix[site,node,i],likelihood_matrix[site,node,i])=likelihood_dict[site][node][i]
IndexError: index 156 is out of bounds for axis 0 with size 156
