/home3/jxiong7/IGCexpansion/IGCexpansion/CodonGeneconv.py:277: FutureWarning: comparison to `None` will result in an elementwise object comparison in the future.
  if not x == None:
number of sites to be analyzed:  183
Successfully loaded parameter value from ./test/save/MG94_YJL177W_YKL180W_nonclock_save.txt
log likelihood =  -1837.05812688
Edge derivatives =  [-4.4168646114115364e-05, -0.00042752170937054856, -0.001155290875913595, -0.00019133149534811267, 0.007941024035398536, -0.00640781877272989, -0.0025012999568053, 0.0014310206699332528, 0.0025568561536992267, -0.0008039503552595278, 0.0024016612834950463, -0.004310382009086289]
other derivatives: [ 0.00886757 -0.00100044 -0.00027285  0.00050022  0.          0.00081855]
Current x array =  [ -0.71893647  -0.45381061  -0.81390898   1.85017557  -2.35169453
   0.56820491 -12.40357788  -1.49680796  -1.71259336  -1.71383767
  -3.47980984  -3.60530212  -3.91845079  -2.90663414  -4.71743541
  -3.15784788  -3.62685893  -3.26629982]
log likelihood =  -1837.08808015
Edge derivatives =  [-4.686656032459543e-05, -0.06113732476499656, -0.05928581099336239, -0.08751939164489103, -0.05434283529060191, -0.009632170923154604, -0.006176255770796439, -0.07192548582529387, -0.009245298451933955, -0.016983204340940597, -0.03912223855782784, 0.026288509377935254]
other derivatives: [-6.64522304  0.91968104  0.20449988  0.14999841 -0.06905339  0.01246008]
Current x array =  [ -0.71006889  -0.45481106  -0.81418183   1.8506758   -2.35169453
   0.56902345 -12.40362205  -1.49723548  -1.71374865  -1.714029
  -3.47186882  -3.61170994  -3.92095209  -2.90520312  -4.71487856
  -3.15865183  -3.62445727  -3.2706102 ]
log likelihood =  -1837.05812645
Edge derivatives =  [-4.417923186938037e-05, -0.0006606929538802708, -0.0013808749358055206, -0.0005261875808131866, 0.007707536875547927, -0.006421013452967417, -0.002516161216131192, 0.001153370558494099, 0.0025121711781069846, -0.000866777431764526, 0.0022444040526343745, -0.004196612827101265]
other derivatives: [-0.01587068  0.00250111  0.00052296  0.00109139 -0.00027285  0.00086402]
Current x array =  [ -0.71890311  -0.45381437  -0.81391001   1.85017746  -2.35169453
   0.56820799 -12.40357804  -1.49680957  -1.7125977   -1.71383839
  -3.47977997  -3.60532623  -3.9184602   -2.90662875  -4.71742579
  -3.15785091  -3.62684989  -3.26631604]
      fun: 1837.0581264544508
 hess_inv: <18x18 LbfgsInvHessProduct with dtype=float64>
      jac: array([  1.58706825e-02,  -2.50111043e-03,  -5.22959454e-04,
        -1.09139364e-03,   2.72848411e-04,  -8.64019967e-04,
         4.41792319e-05,   6.60692954e-04,   1.38087494e-03,
         5.26187581e-04,  -7.70753688e-03,   6.42101345e-03,
         2.51616122e-03,  -1.15337056e-03,  -2.51217118e-03,
         8.66777432e-04,  -2.24440405e-03,   4.19661283e-03])
  message: 'CONVERGENCE: REL_REDUCTION_OF_F_<=_FACTR*EPSMCH'
     nfev: 3
      nit: 1
   status: 0
  success: True
        x: array([ -0.71890311,  -0.45381437,  -0.81391001,   1.85017746,
        -2.35169453,   0.56820799, -12.40357804,  -1.49680957,
        -1.7125977 ,  -1.71383839,  -3.47977997,  -3.60532623,
        -3.9184602 ,  -2.90662875,  -4.71742579,  -3.15785091,
        -3.62684989,  -3.26631604])
number of sites to be analyzed:  183
Successfully loaded parameter value from ./test/save/MG94_Force_YJL177W_YKL180W_nonclock_save.txt
log likelihood =  -1873.67774439
Edge derivatives =  [-1.58008339558821e-05, 0.0023265263381496704, 0.002855202654535205, 0.004612033688251693, -0.001503286942380555, 0.00036473716448548466, -0.006043721032681512, 0.0038576976359596393, -0.003027802848022034, -0.0027943861705945205, 0.0033225959578287445, 0.006315641687959395]
other derivatives: [ 0.01093667 -0.00147793 -0.00040927 -0.00293312 -0.00200089  0.        ]
Current x array =  [ -0.73238468  -0.44169385  -0.82038731   1.84853395  -2.48503172
   0.33647224 -15.91769462  -1.41200716  -1.80934615  -1.71420377
  -3.24166265  -3.31441912  -3.68855729  -2.57939973  -4.35471434
  -2.80896811  -3.36993231  -2.99083253]
log likelihood =  -1873.72911618
Edge derivatives =  [-1.5965801072218315e-05, -0.17734188519684224, -0.29225904827287275, -0.36559024164909615, -0.019546806608219613, -0.03287314496683935, 0.005951378978931186, -0.14154859929563027, -0.0006115298296305825, -0.004834568899437772, -0.06479481864598632, -0.1407070726045292]
other derivatives: [-8.76907507  1.28216016  0.33019205  0.37125574 -0.063892    0.        ]
Current x array =  [ -0.72144801  -0.44317178  -0.82079658   1.84560083  -2.48703261
   0.33647224 -15.91771042  -1.40968064  -1.80649095  -1.70959174
  -3.24316593  -3.31405438  -3.69460101  -2.57554204  -4.35774214
  -2.8117625   -3.36660972  -2.98451689]
log likelihood =  -1873.67774398
Edge derivatives =  [-1.5801310234064024e-05, 0.0018136882197101745, 0.0020153745348873153, 0.0035597983742829964, -0.0015564301284460846, 0.0002692188411341778, -0.006010954339574277, 0.0034442785983667124, -0.0030216522981490364, -0.0028029814499985206, 0.003128821043600391, 0.0058990352298332605]
other derivatives: [-0.01355147  0.00220552  0.00056843 -0.0018872  -0.00216005  0.        ]
Current x array =  [ -0.73235374  -0.44169803  -0.82038847   1.84852565  -2.48503738
   0.33647224 -15.91769467  -1.41200058  -1.80933807  -1.71419072
  -3.2416669   -3.31441809  -3.68857439  -2.57938882  -4.35472291
  -2.80897602  -3.36992291  -2.99081466]
      fun: 1873.6777439800596
 hess_inv: <18x18 LbfgsInvHessProduct with dtype=float64>
      jac: array([  1.35514711e-02,  -2.20552465e-03,  -5.68434189e-04,
         1.88720151e-03,   2.16004992e-03,  -0.00000000e+00,
         1.58013102e-05,  -1.81368822e-03,  -2.01537453e-03,
        -3.55979837e-03,   1.55643013e-03,  -2.69218841e-04,
         6.01095434e-03,  -3.44427860e-03,   3.02165230e-03,
         2.80298145e-03,  -3.12882104e-03,  -5.89903523e-03])
  message: 'CONVERGENCE: REL_REDUCTION_OF_F_<=_FACTR*EPSMCH'
     nfev: 3
      nit: 1
   status: 0
  success: True
        x: array([ -0.73235374,  -0.44169803,  -0.82038847,   1.84852565,
        -2.48503738,   0.33647224, -15.91769467,  -1.41200058,
        -1.80933807,  -1.71419072,  -3.2416669 ,  -3.31441809,
        -3.68857439,  -2.57938882,  -4.35472291,  -2.80897602,
        -3.36992291,  -2.99081466])
