/home3/jxiong7/IGCexpansion/IGCexpansion/CodonGeneconv.py:277: FutureWarning: comparison to `None` will result in an elementwise object comparison in the future.
  if not x == None:
number of sites to be analyzed:  344
Successfully loaded parameter value from ./test/save/MG94_AR_MR_nonclock_save.txt
log likelihood =  -10444.4473541
Edge derivatives =  [0.00025472842028556597, 0.006875343294142536, -0.0174713860163217, -0.005019232998066503, -0.03348157342303974, 0.02775048538676754, 0.017869092185793356, -0.010032572619430191, -0.03133549358549914, -0.012921301782725193, 0.010810362794707304, -0.011640617925697476, 0.028317526193143285, -0.005711257210164078, -0.011275213301479035, -0.002434991609009174, 0.010500433349608429, -0.03811648680356352, -0.025100959868480044, -0.010945778268493269]
other derivatives: [ 0.05347829 -0.03637979 -0.07457857  0.05893526  0.03819878 -0.01418812]
Current x array =  [-0.66249529 -0.7838035  -0.557669    0.59485483 -2.9972711  -1.95566138
  0.91664035  2.50268344 -0.09385853 -0.07090233 -0.31675128 -0.4162704
 -0.57736145 -1.10923921 -0.92108815 -1.09219514 -1.87873736 -3.39688346
 -3.73965853 -2.70038938 -2.12225733 -1.51381273 -3.02747666 -3.5793121
 -2.65671924 -2.90311881]
log likelihood =  -10460.575192
Edge derivatives =  [-4.162753739148981, -6.818602760719234, -2.099646258206126, -2.404303079819363, -1.1968601552760285, -3.354503494993027, -2.608969980025533, -1.497826256834819, 0.5033286494446962, -0.6969915681472287, -2.3671241607870015, -0.3823974058435549, -0.3036324244838524, -0.33908704769736797, -0.5811619697632112, -1.6511268630584959, -0.839147789577158, 0.3132164928207658, 0.3193710971464178, -0.10190676535247739]
other derivatives: [-221.8364898    65.67261153  211.92790882  -14.86951078  -21.06717147
    1.54795998]
Current x array =  [-0.609017   -0.82018329 -0.63224756  0.65379008 -2.95907232 -1.9698495
  0.91689508  2.50955878 -0.11132991 -0.07592156 -0.35023285 -0.38851992
 -0.55949236 -1.11927178 -0.95242364 -1.10511644 -1.86792699 -3.40852408
 -3.711341   -2.70610064 -2.13353255 -1.51624772 -3.01697623 -3.61742858
 -2.6818202  -2.91406459]
log likelihood =  -10444.4473467
Edge derivatives =  [-0.002153829817352293, 0.002770790759427391, -0.018447504890233654, -0.006199504050764526, -0.03389369094791543, 0.025895108622000396, 0.016482176250258496, -0.010795448199870772, -0.030738481160401676, -0.01319625016514022, 0.009338631167847083, -0.011868027390183292, 0.02812035106713231, -0.005903549215234616, -0.011576063982234215, -0.00338558402501421, 0.00998051781839765, -0.0378578275059403, -0.024816008192701133, -0.010961033030705815]
other derivatives: [-0.08294592  0.01200533  0.09167707  0.05020411  0.02510205 -0.01327862]
Current x array =  [-0.6624593  -0.78382798 -0.55771919  0.59489449 -2.99724539 -1.95567093
  0.91664052  2.50268806 -0.09387029 -0.07090571 -0.31677381 -0.41625173
 -0.57734943 -1.10924596 -0.92110923 -1.09220384 -1.87873008 -3.39689129
 -3.73963947 -2.70039322 -2.12226492 -1.51381437 -3.02746959 -3.57933775
 -2.65673613 -2.90312618]
      fun: 10444.447346742865
 hess_inv: <26x26 LbfgsInvHessProduct with dtype=float64>
      jac: array([ 0.08294592, -0.01200533, -0.09167707, -0.05020411, -0.02510205,
        0.01327862,  0.00215383, -0.00277079,  0.0184475 ,  0.0061995 ,
        0.03389369, -0.02589511, -0.01648218,  0.01079545,  0.03073848,
        0.01319625, -0.00933863,  0.01186803, -0.02812035,  0.00590355,
        0.01157606,  0.00338558, -0.00998052,  0.03785783,  0.02481601,
        0.01096103])
  message: 'CONVERGENCE: REL_REDUCTION_OF_F_<=_FACTR*EPSMCH'
     nfev: 3
      nit: 1
   status: 0
  success: True
        x: array([-0.6624593 , -0.78382798, -0.55771919,  0.59489449, -2.99724539,
       -1.95567093,  0.91664052,  2.50268806, -0.09387029, -0.07090571,
       -0.31677381, -0.41625173, -0.57734943, -1.10924596, -0.92110923,
       -1.09220384, -1.87873008, -3.39689129, -3.73963947, -2.70039322,
       -2.12226492, -1.51381437, -3.02746959, -3.57933775, -2.65673613,
       -2.90312618])
Traceback (most recent call last):
  File "Run_rebuild_Thornton_AR_MR.py", line 30, in <module>
    MG94_tau.site_reconstruction()
  File "/home3/jxiong7/IGCexpansion/IGCexpansion/CodonGeneconv.py", line 1828, in site_reconstruction
    np.savetxt(open('./test/Ancestral_reconstruction/parameters/' + 'tau_' + self.paralog[0] + '_' + self.paralog[1] + '_' +model +'.txt','w+'), b)
  File "/usr/local/lib/python2.7/dist-packages/numpy/lib/npyio.py", line 1175, in savetxt
    ncol = X.shape[1]
IndexError: tuple index out of range
