/home3/jxiong7/IGCexpansion/IGCexpansion/CodonGeneconv.py:276: FutureWarning: comparison to `None` will result in an elementwise object comparison in the future.
  if not x == None:
number of sites to be analyzed:  156
Successfully loaded parameter value from ./test/save/MG94_EDN_ECP_nonclock_save.txt
log likelihood =  -2441.44827953
Edge derivatives =  [0.0020936087100786455, -0.004296296251966203, -0.007823451490411859, -0.0049004411611405785, 0.0023296378331705454, -0.006374398541393503, -0.003175860134528169, 0.0017879596560378963, -0.003566459729443125, 0.0018051616496287497, 0.004252737800833961, 0.002157643237678253, -0.0009225972336054655, -7.24990826037493e-05, -0.0019227000859915744, -0.004485242716615368, -9.936045296235031e-05, -0.0025334065881480253, -0.0007874895895618253, 0.001110355894379491, 0.0013274136833859515, 7.545906141444292e-06, 0.003870608566509944, -0.002276581832186153]
other derivatives: [ 0.02437446  0.02164597 -0.00118234 -0.00291038  0.00172804 -0.00263753]
Current x array =  [ -0.66946114  -0.54781151  -0.71908741   0.75383116  -0.08710337
  -0.89610612  -1.07408598  -1.7623685   -1.89330499  -3.08523573
  -4.56706711  -4.06125808  -3.2540082   -2.40764397  -3.30218507
  -4.84292663  -3.33638821  -1.9351785   -4.07378843 -15.14887763
  -3.85002819  -4.6905336  -15.0121139   -5.01177443  -4.2564861
  -4.77153869  -4.81699823  -4.50715821  -4.95135829  -3.27877368]
log likelihood =  -2441.819728
Edge derivatives =  [-0.14293553929328334, 0.032384222853800215, 0.16796324362646597, 0.06460919118808243, -0.007524846231088934, 0.009740818663089262, 0.005503826481956159, -0.10546611454545479, 0.022399443806107686, -0.007524223169154683, -0.05223172643904861, -0.20744565989339186, -0.006937967335810133, -7.329367341336033e-05, -0.003324822609899074, 0.005896816004059304, -0.0001001763498537772, -0.004058471944709496, -0.006747793080066296, -0.007990714146343572, -0.008299251106436714, -0.006893998279559117, -0.007559242080116695, -0.0006200741115847119]
other derivatives: [-20.3367108  -11.68750714   0.29849616   0.66702341  -0.43219188
  -0.06502887]
Current x array =  [ -0.64508668  -0.52616553  -0.72026975   0.75092078  -0.08537533
  -0.89874365  -1.07199237  -1.7666648   -1.90112844  -3.09013617
  -4.56473748  -4.06763248  -3.25718406  -2.40585601  -3.30575153
  -4.84112147  -3.33213547  -1.93302086  -4.07471103 -15.14895013
  -3.85195089  -4.69501885 -15.01221326  -5.01430784  -4.25727359
  -4.77042834  -4.81567082  -4.50715067  -4.94748768  -3.28105026]
log likelihood =  -2441.44827829
Edge derivatives =  [0.0018484595089214573, -0.00421165678701374, -0.007481986485291747, -0.004767478023466776, 0.0023125222690401175, -0.006342426290844645, -0.0031552112707348146, 0.0016039272476288668, -0.0035138386118261644, 0.0017892683357790644, 0.004155217560744454, 0.0017918109412233263, -0.0009313475005817626, -7.250051657989651e-05, -0.0019222008177840963, -0.004465259522140549, -9.936192762161255e-05, -0.0025359172345785636, -0.0007965129871152152, 0.0010948608676001961, 0.0013109433502658079, -3.6245673964915848e-06, 0.003851346441005276, -0.0022692464051181638]
other derivatives: [-0.01145963  0.00100044 -0.0007276  -0.00181899  0.00077307 -0.00286491]
Current x array =  [ -0.66941659  -0.54777194  -0.71908957   0.75382584  -0.08710021
  -0.89611094  -1.07408215  -1.76237636  -1.89331929  -3.08524468
  -4.56706286  -4.06126973  -3.25401401  -2.4076407   -3.30219159
  -4.84292333  -3.33638043  -1.93517456  -4.07379012 -15.14887777
  -3.8500317   -4.6905418  -15.01211408  -5.01177906  -4.25648754
  -4.77153666  -4.81699581  -4.5071582   -4.95135122  -3.27877784]
      fun: 2441.4482782897376
 hess_inv: <30x30 LbfgsInvHessProduct with dtype=float64>
      jac: array([  1.14596332e-02,  -1.00044417e-03,   7.27595761e-04,
         1.81898940e-03,  -7.73070497e-04,   2.86490831e-03,
        -1.84845951e-03,   4.21165679e-03,   7.48198649e-03,
         4.76747802e-03,  -2.31252227e-03,   6.34242629e-03,
         3.15521127e-03,  -1.60392725e-03,   3.51383861e-03,
        -1.78926834e-03,  -4.15521756e-03,  -1.79181094e-03,
         9.31347501e-04,   7.25005166e-05,   1.92220082e-03,
         4.46525952e-03,   9.93619276e-05,   2.53591723e-03,
         7.96512987e-04,  -1.09486087e-03,  -1.31094335e-03,
         3.62456740e-06,  -3.85134644e-03,   2.26924641e-03])
  message: 'CONVERGENCE: REL_REDUCTION_OF_F_<=_FACTR*EPSMCH'
     nfev: 3
      nit: 1
   status: 0
  success: True
        x: array([ -0.66941659,  -0.54777194,  -0.71908957,   0.75382584,
        -0.08710021,  -0.89611094,  -1.07408215,  -1.76237636,
        -1.89331929,  -3.08524468,  -4.56706286,  -4.06126973,
        -3.25401401,  -2.4076407 ,  -3.30219159,  -4.84292333,
        -3.33638043,  -1.93517456,  -4.07379012, -15.14887777,
        -3.8500317 ,  -4.6905418 , -15.01211408,  -5.01177906,
        -4.25648754,  -4.77153666,  -4.81699581,  -4.5071582 ,
        -4.95135122,  -3.27877784])
number of sites to be analyzed:  156
Successfully loaded parameter value from ./test/save/MG94_Force_EDN_ECP_nonclock_save.txt
log likelihood =  -2466.29145787
Edge derivatives =  [-0.021215056143477046, -0.0031700348538300505, 0.012194268892215643, 0.0027390981889226507, -0.011817148278338574, -0.003200925352692459, 0.00014725542196167285, 0.002591204787590312, 0.0017427091906002251, 0.004691980932949237, -0.0018720358663503883, -0.013023799255631463, -0.0001181903576278967, -4.142351416276985e-05, -0.00024096805085633416, -0.0013951665097627387, -3.6685046356346786e-05, -0.010586450423928638, 5.282623125569402e-05, 0.00016873511894294896, 9.986712139187573e-05, 0.00030089042989624865, -0.016323486284928437, -0.0019364748796790732]
other derivatives: [-0.02000888  0.00209184  0.00582077  0.00600267 -0.0001819   0.        ]
Current x array =  [ -0.66063956  -0.54415163  -0.71947401   0.76932705  -0.04190583
   0.33647224  -1.00955339  -2.03353464  -1.8635144   -2.8430483
  -4.00929509  -3.96099529  -3.04243495  -2.33785554  -3.17086865
  -4.65051919  -3.21246065  -1.7900394   -3.95127216 -15.49913578
  -3.65870169  -4.64523992 -15.88394926  -5.02582575  -4.13294885
  -4.64542149  -4.64979531  -4.35277227  -4.65977857  -3.16984109]
log likelihood =  -2466.49009628
Edge derivatives =  [0.970761232193593, 0.14890775799136885, -0.3822292665523388, -0.07287081472753643, 0.03788183804509081, 0.013465432796371038, 0.026424021616307677, -0.07368728971271174, -0.012169345178846158, -0.006633468589763953, 0.03709656229975865, 0.6509698145093583, 0.004658792213746515, -4.135448930147479e-05, 0.005081135818728447, 0.005474522819977637, -3.65633102465516e-05, 0.012294377916543841, 0.003126728045763895, 0.0016450331060670065, 0.0018335923676593424, 0.001258459954532224, 0.033429812414573865, 0.031267265830432045]
other derivatives: [ 16.92355909  -1.69652594  -2.23890311  -0.70708666   0.42723514   0.        ]
Current x array =  [ -0.68064844  -0.54205979  -0.71365324   0.77532972  -0.04208773
   0.33647224  -1.03076845  -2.03670467  -1.85132013  -2.8403092
  -4.02111223  -3.96419622  -3.04228769  -2.33526433  -3.16912594
  -4.64582721  -3.21433269  -1.8030632   -3.95139035 -15.4991772
  -3.65894266  -4.64663508 -15.88398594  -5.0364122   -4.13289603
  -4.64525275  -4.64969544  -4.35247138  -4.67610206  -3.17177756]
log likelihood =  -2466.29145377
Edge derivatives =  [-0.016724934713968354, -0.0024901003640045993, 0.010434541372140282, 0.0023975123402641962, -0.011593973691346501, -0.0031267697047805687, 0.0002607547133558763, 0.0022494100503313297, 0.0016791088951212951, 0.00464101599814961, -0.0016981391557073927, -0.01003165357786262, -9.7307524669063e-05, -4.1423209907017e-05, -0.0002177284435722071, -0.0013647728422856963, -3.6684506992319224e-05, -0.010483631015021923, 6.615870949050473e-05, 0.00017508104725510662, 0.00010737246586700958, 0.0003048095969268687, -0.016098625654101837, -0.0017888330652764406]
other derivatives: [ 0.05838956 -0.00554792 -0.00418368  0.00277396  0.00172804  0.        ]
Current x array =  [ -0.66072928  -0.54414224  -0.71944791   0.76935397  -0.04190664
   0.33647224  -1.00964852  -2.03354885  -1.86345972  -2.84303601
  -4.00934808  -3.96100965  -3.04243429  -2.33784392  -3.17086084
  -4.65049815  -3.21246905  -1.7900978   -3.95127269 -15.49913596
  -3.65870277  -4.64524617 -15.88394942  -5.02587322  -4.13294862
  -4.64542073  -4.64979486  -4.35277092  -4.65985177  -3.16984977]
      fun: 2466.2914537746638
 hess_inv: <30x30 LbfgsInvHessProduct with dtype=float64>
      jac: array([ -5.83895599e-02,   5.54791768e-03,   4.18367563e-03,
        -2.77395884e-03,  -1.72803993e-03,  -0.00000000e+00,
         1.67249347e-02,   2.49010036e-03,  -1.04345414e-02,
        -2.39751234e-03,   1.15939737e-02,   3.12676970e-03,
        -2.60754713e-04,  -2.24941005e-03,  -1.67910890e-03,
        -4.64101600e-03,   1.69813916e-03,   1.00316536e-02,
         9.73075247e-05,   4.14232099e-05,   2.17728444e-04,
         1.36477284e-03,   3.66845070e-05,   1.04836310e-02,
        -6.61587095e-05,  -1.75081047e-04,  -1.07372466e-04,
        -3.04809597e-04,   1.60986257e-02,   1.78883307e-03])
  message: 'CONVERGENCE: REL_REDUCTION_OF_F_<=_FACTR*EPSMCH'
     nfev: 3
      nit: 1
   status: 0
  success: True
        x: array([ -0.66072928,  -0.54414224,  -0.71944791,   0.76935397,
        -0.04190664,   0.33647224,  -1.00964852,  -2.03354885,
        -1.86345972,  -2.84303601,  -4.00934808,  -3.96100965,
        -3.04243429,  -2.33784392,  -3.17086084,  -4.65049815,
        -3.21246905,  -1.7900978 ,  -3.95127269, -15.49913596,
        -3.65870277,  -4.64524617, -15.88394942,  -5.02587322,
        -4.13294862,  -4.64542073,  -4.64979486,  -4.35277092,
        -4.65985177,  -3.16984977])
