/home3/jxiong7/IGCexpansion/IGCexpansion/CodonGeneconv.py:276: FutureWarning: comparison to `None` will result in an elementwise object comparison in the future.
  if not x == None:
number of sites to be analyzed:  159
Successfully loaded parameter value from ./test/save/MG94_YBR191W_YPL079W_nonclock_save.txt
log likelihood =  -1467.29433219
Edge derivatives =  [-0.0004800465207117355, 0.0005935556647664736, -0.0019117186412832554, 0.00021452685580056197, 0.0005647668750452667, -0.00014460643653977506, -0.0007907591723461411, 5.1636464702853324e-05, 0.0018254024886993347, -0.00022950366998916727, -0.0013289554253729102, 0.0018316953957193752]
other derivatives: [ 0.00568434  0.00038654  0.00081855 -0.0001819   0.0018872  -0.00015916]
Current x array =  [-0.70825734 -0.49455064 -0.86377891  2.10000639 -2.37743098  1.343323
 -3.33685941 -2.12632294 -1.98098852 -2.28171823 -3.57856618 -4.0841603
 -3.8762378  -2.62660629 -3.99922175 -2.89910119 -4.07758193 -3.95399941]
log likelihood =  -1467.30450487
Edge derivatives =  [-0.0008505740159372721, -0.02861209116900637, -0.0077998674271780866, -0.03774974786470381, -0.013368246578761869, -0.0046202902975776075, -0.005843290585664261, -0.027171999324093088, -0.008710536645016143, -0.012169851224374015, -0.0007101489726290613, -0.01314335519994013]
other derivatives: [-3.52845291 -0.10859367 -0.1670287   0.06659775 -0.08035386  0.01514309]
Current x array =  [-0.70257299 -0.49416411 -0.86296036  2.09982449 -2.37554378  1.34316384
 -3.33733946 -2.12572939 -1.98290024 -2.2815037  -3.57800141 -4.0843049
 -3.87702856 -2.62655465 -3.99739635 -2.8993307  -4.07891089 -3.95216772]
log likelihood =  -1467.29433212
Edge derivatives =  [-0.0004815204219587102, 0.0005207185128012076, -0.0019270326061328613, 0.00011993299872867236, 0.0005300733252253109, -0.0001558987793183579, -0.0008034639733193183, -1.6390131959198584e-05, 0.0017991122568955104, -0.000259631918751016, -0.0013275550627937574, 0.0017943737545022265]
other derivatives: [ -2.95585778e-03   1.36424205e-04   4.54747351e-04  -2.27373675e-05
   1.68256520e-03  -9.09494702e-05]
Current x array =  [-0.70824326 -0.49454968 -0.86377688  2.10000594 -2.37742631  1.34332261
 -3.3368606  -2.12632147 -1.98099326 -2.2817177  -3.57856478 -4.08416065
 -3.87623976 -2.62660616 -3.99921723 -2.89910176 -4.07758522 -3.95399487]
      fun: 1467.2943321231091
 hess_inv: <18x18 LbfgsInvHessProduct with dtype=float64>
      jac: array([  2.95585778e-03,  -1.36424205e-04,  -4.54747351e-04,
         2.27373675e-05,  -1.68256520e-03,   9.09494702e-05,
         4.81520422e-04,  -5.20718513e-04,   1.92703261e-03,
        -1.19932999e-04,  -5.30073325e-04,   1.55898779e-04,
         8.03463973e-04,   1.63901320e-05,  -1.79911226e-03,
         2.59631919e-04,   1.32755506e-03,  -1.79437375e-03])
  message: 'CONVERGENCE: REL_REDUCTION_OF_F_<=_FACTR*EPSMCH'
     nfev: 3
      nit: 1
   status: 0
  success: True
        x: array([-0.70824326, -0.49454968, -0.86377688,  2.10000594, -2.37742631,
        1.34332261, -3.3368606 , -2.12632147, -1.98099326, -2.2817177 ,
       -3.57856478, -4.08416065, -3.87623976, -2.62660616, -3.99921723,
       -2.89910176, -4.07758522, -3.95399487])
number of sites to be analyzed:  159
Successfully loaded parameter value from ./test/save/MG94_Force_YBR191W_YPL079W_nonclock_save.txt
log likelihood =  -1533.39662875
Edge derivatives =  [-5.924071547096189e-05, -0.005517360457953702, 0.009305866489156045, 0.006487518288742666, -0.00021688291604883558, -0.00017291254368208275, -0.003399292844353856, 0.00022163942091946165, 0.0012814849811375387, -0.002500200889823112, -0.0007256306544148883, -0.0016049035288666358]
other derivatives: [ 0.00691216 -0.01182343  0.00229647 -0.00213731  0.00181899  0.        ]
Current x array =  [-0.72683885 -0.46918577 -0.87870501  2.04134059 -2.59698962  0.33647224
 -7.19111235 -1.94597076 -1.91131723 -1.97975416 -3.38475772 -3.43702939
 -3.48884951 -2.31283951 -3.84003279 -2.58930953 -3.43540905 -3.88978122]
log likelihood =  -1533.4535468
Edge derivatives =  [-0.0010265740854561271, 0.09460812546272215, -0.28464462383145833, -0.18343204197971713, 0.027396642106369704, -0.010511124419137444, 0.026919038271377482, -0.007907367040560609, 0.0016211701732651018, 0.04644553324228559, 0.004319932576508048, 0.016879644862553306]
other derivatives: [-4.7864205   6.29775059 -0.45856723  0.13474164 -0.11928023  0.        ]
Current x array =  [-0.71992669 -0.4810092  -0.87640853  2.03920328 -2.59517063  0.33647224
 -7.19117159 -1.95148812 -1.90201137 -1.97326665 -3.3849746  -3.4372023
 -3.4922488  -2.31261787 -3.8387513  -2.59180973 -3.43613468 -3.89138612]
log likelihood =  -1533.39662812
Edge derivatives =  [-6.243555809240476e-05, -0.005183663983617498, 0.008341590516175612, 0.005864169094656535, -0.0001243402654885345, -0.00020656573572903902, -0.003298205244944785, 0.00019703323428799102, 0.0012832045331407707, -0.0023364575262676823, -0.0007083601069073076, -0.0015428411939386114]
other derivatives: [-0.0088221   0.00959517  0.00081855 -0.00168257  0.00145519  0.        ]
Current x array =  [-0.72681598 -0.46922489 -0.87869741  2.04133352 -2.5969836   0.33647224
 -7.19111255 -1.94598901 -1.91128644 -1.9797327  -3.38475844 -3.43702996
 -3.48886075 -2.31283877 -3.84002855 -2.5893178  -3.43541145 -3.88978653]
      fun: 1533.3966281178696
 hess_inv: <18x18 LbfgsInvHessProduct with dtype=float64>
      jac: array([  8.82209861e-03,  -9.59516910e-03,  -8.18545232e-04,
         1.68256520e-03,  -1.45519152e-03,  -0.00000000e+00,
         6.24355581e-05,   5.18366398e-03,  -8.34159052e-03,
        -5.86416909e-03,   1.24340265e-04,   2.06565736e-04,
         3.29820524e-03,  -1.97033234e-04,  -1.28320453e-03,
         2.33645753e-03,   7.08360107e-04,   1.54284119e-03])
  message: 'CONVERGENCE: REL_REDUCTION_OF_F_<=_FACTR*EPSMCH'
     nfev: 3
      nit: 1
   status: 0
  success: True
        x: array([-0.72681598, -0.46922489, -0.87869741,  2.04133352, -2.5969836 ,
        0.33647224, -7.19111255, -1.94598901, -1.91128644, -1.9797327 ,
       -3.38475844, -3.43702996, -3.48886075, -2.31283877, -3.84002855,
       -2.5893178 , -3.43541145, -3.88978653])
