IGCexpansion/CodonGeneconv.py:276: FutureWarning: comparison to `None` will result in an elementwise object comparison in the future.
  if not x == None:
number of sites to be analyzed:  197
Successfully loaded parameter value from ./test/save/MG94_YNL069C_YIL133C_nonclock_save.txt
log likelihood =  -2322.82896562
Edge derivatives =  [0.0011990800453498818, -0.002516283576609407, -0.004519797105500434, 0.0015711412430998162, -0.005494213080316342, 0.004747505585284445, 0.0016035793473322176, -0.0015743005554769707, -0.0015844464647624054, -0.0014640296227973193, -0.005479590852259422, -0.0014394288344755958]
other derivatives: [ 0.0133241   0.0136879   0.00090949 -0.00327418  0.00754881  0.00163709]
Current x array =  [-0.7254973  -0.53826951 -0.93562722  1.69248898 -1.7572143   0.38121558
 -2.15301377 -2.03032051 -1.72002761 -1.6248254  -3.68378938 -2.55265465
 -5.17775036 -2.50659937 -3.84593427 -2.72112355 -3.21310406 -4.57595089]
log likelihood =  -2322.96283003
Edge derivatives =  [-0.21383685444041267, -0.12560330811552278, -0.14497068677857627, -0.31485806823016527, -0.031159831699529475, -0.21112370023757643, -0.008048736807391585, -0.08848872344757211, -0.05055010759809203, -0.06531719558111343, 0.02038238651267013, -0.006819057589919873]
other derivatives: [ -1.12155249e+01  -8.34620550e+00   1.58433977e-01   5.35465006e-01
  -6.33326636e-01   2.77395884e-03]
Current x array =  [-0.71217321 -0.52458162 -0.93471772  1.6892148  -1.74966549  0.38285267
 -2.15181469 -2.03283679 -1.72454741 -1.62325426 -3.68928359 -2.54790714
 -5.17614678 -2.50817367 -3.84751872 -2.72258758 -3.21858365 -4.57739032]
log likelihood =  -2322.82896503
Edge derivatives =  [0.0007546612347205939, -0.002769974436845485, -0.004805349596520125, 0.0009178568258291775, -0.005547040445994196, 0.004300265957239702, 0.0015835659885506496, -0.0017526117517228657, -0.0016857761865572973, -0.0015942701836291484, -0.0054224329616793104, -0.001450037729846393]
other derivatives: [-0.00982254 -0.00336513  0.00131877 -0.00209184  0.00623004  0.00168257]
Current x array =  [-0.72546926 -0.5382407  -0.9356253   1.69248209 -1.75719841  0.38121903
 -2.15301124 -2.0303258  -1.72003712 -1.62482209 -3.68380094 -2.55264465
 -5.17774699 -2.50660269 -3.84593761 -2.72112663 -3.21311559 -4.57595392]
      fun: 2322.8289650300158
 hess_inv: <18x18 LbfgsInvHessProduct with dtype=float64>
      jac: array([ 0.00982254,  0.00336513, -0.00131877,  0.00209184, -0.00623004,
       -0.00168257, -0.00075466,  0.00276997,  0.00480535, -0.00091786,
        0.00554704, -0.00430027, -0.00158357,  0.00175261,  0.00168578,
        0.00159427,  0.00542243,  0.00145004])
  message: 'CONVERGENCE: REL_REDUCTION_OF_F_<=_FACTR*EPSMCH'
     nfev: 3
      nit: 1
   status: 0
  success: True
        x: array([-0.72546926, -0.5382407 , -0.9356253 ,  1.69248209, -1.75719841,
        0.38121903, -2.15301124, -2.0303258 , -1.72003712, -1.62482209,
       -3.68380094, -2.55264465, -5.17774699, -2.50660269, -3.84593761,
       -2.72112663, -3.21311559, -4.57595392])
Traceback (most recent call last):
  File "Run_rebuild.py", line 52, in <module>
    main(parser.parse_args())
  File "Run_rebuild.py", line 14, in main
    MG94_tau.site_reconstruction()
  File "IGCexpansion/CodonGeneconv.py", line 1699, in site_reconstruction
    (argmatrix[site,node,i],likelihood_matrix[site,node,i])=likelihood_dict[site][node][i]
IndexError: index 156 is out of bounds for axis 0 with size 156
