/home3/jxiong7/IGCexpansion/IGCexpansion/CodonGeneconv.py:276: FutureWarning: comparison to `None` will result in an elementwise object comparison in the future.
  if not x == None:
number of sites to be analyzed:  183
Successfully loaded parameter value from ./test/save/MG94_YJL177W_YKL180W_nonclock_save.txt
log likelihood =  -1837.05813007
Edge derivatives =  [-4.419228409765225e-05, -0.0008567275406460295, -0.0026069582285122017, -0.0006599395443242506, 0.008813496265257736, -0.006686867410332864, -0.00261297442209793, 0.002296454424752181, 0.002696203825175481, -0.0010071563873310513, 0.002954608150472174, -0.005530614339708695]
other derivatives: [  8.00355338e-03   5.59339242e-03   4.54747351e-05   1.22781785e-03
  -4.54747351e-04   1.54614099e-03]
Current x array =  [ -0.71893767  -0.45382145  -0.81390964   1.85015369  -2.35168836
   0.56818141 -12.40357706  -1.49679335  -1.71255456  -1.71382661
  -3.47996512  -3.60518021  -3.91840298  -2.90666824  -4.71748392
  -3.15782997  -3.62690854  -3.26620657]
log likelihood =  -1837.0910689
Edge derivatives =  [-4.5961677950069716e-05, -0.07957322051618176, -0.036871836153452686, -0.09806593736740365, -0.0665203187841178, -0.017496842800823753, -0.013492173394584785, -0.10142159410748984, -0.012699849392267152, -0.026517274255582507, -0.05456748699678894, 0.03321408571753792]
other derivatives: [-5.76305865 -3.52417828  0.0359023   0.15222668 -0.06307346 -0.0298769 ]
Current x array =  [ -0.71093411  -0.44822805  -0.81386416   1.85138151  -2.35214311
   0.56972755 -12.40362125  -1.49765008  -1.71516152  -1.71448655
  -3.47115163  -3.61186708  -3.92101595  -2.90437178  -4.71478772
  -3.15883713  -3.62395393  -3.27173718]
log likelihood =  -1837.05812943
Edge derivatives =  [-4.4200019718099756e-05, -0.0011980023981722487, -0.0027540509440230343, -0.001082507349938755, 0.00848784825240656, -0.00673354690049166, -0.0026601149559833323, 0.001844937379039846, 0.0026293328449650093, -0.0011179426221995387, 0.0027041878464185293, -0.005359680681648493]
other derivatives: [-0.0169166  -0.00957243  0.00022737  0.0018872  -0.00070486  0.00145519]
Current x array =  [ -0.71890265  -0.45379697  -0.81390944   1.85015906  -2.35169035
   0.56818817 -12.40357725  -1.4967971   -1.71256596  -1.71382949
  -3.47992656  -3.60520947  -3.91841441  -2.90665819  -4.71747212
  -3.15783438  -3.62689561  -3.26623076]
      fun: 1837.0581294336816
 hess_inv: <18x18 LbfgsInvHessProduct with dtype=float64>
      jac: array([  1.69166015e-02,   9.57243174e-03,  -2.27373675e-04,
        -1.88720151e-03,   7.04858394e-04,  -1.45519152e-03,
         4.42000197e-05,   1.19800240e-03,   2.75405094e-03,
         1.08250735e-03,  -8.48784825e-03,   6.73354690e-03,
         2.66011496e-03,  -1.84493738e-03,  -2.62933284e-03,
         1.11794262e-03,  -2.70418785e-03,   5.35968068e-03])
  message: 'CONVERGENCE: REL_REDUCTION_OF_F_<=_FACTR*EPSMCH'
     nfev: 3
      nit: 1
   status: 0
  success: True
        x: array([ -0.71890265,  -0.45379697,  -0.81390944,   1.85015906,
        -2.35169035,   0.56818817, -12.40357725,  -1.4967971 ,
        -1.71256596,  -1.71382949,  -3.47992656,  -3.60520947,
        -3.91841441,  -2.90665819,  -4.71747212,  -3.15783438,
        -3.62689561,  -3.26623076])
number of sites to be analyzed:  183
Successfully loaded parameter value from ./test/save/MG94_Force_YJL177W_YKL180W_nonclock_save.txt
log likelihood =  -1873.67774596
Edge derivatives =  [-1.5800301212955797e-05, 0.0025151841153064902, 0.003421645190403999, 0.005881335357094564, -0.0017130048397854258, 0.0001795562083164448, -0.006389762628382867, 0.004170963492386881, -0.003188385094728144, -0.0034365579876299707, 0.003460808379746008, 0.006919260683990958]
other derivatives: [-0.01741682 -0.00291038  0.00056843 -0.00272848 -0.00272848  0.        ]
Current x array =  [ -0.73234521  -0.44168894  -0.82038857   1.8485554   -2.48501347
   0.33647224 -15.91769451  -1.41202567  -1.80937045  -1.71424445
  -3.24165058  -3.31442103  -3.68851089  -2.57943005  -4.35469117
  -2.80894446  -3.36995773  -2.99088241]
log likelihood =  -1873.79107893
Edge derivatives =  [-1.57651431455611e-05, 0.11960118381873341, 0.12325577037635638, 0.024208285282522946, 0.06690126278990238, 0.0740072270929717, 0.06813981228394869, 0.05011250633192538, 0.03566034687016434, 0.15778668139550012, 0.030059900297681616, -0.017134191063270743]
other derivatives: [ 12.69793302   1.42306362  -0.4298272   -0.35165613   0.22737368   0.        ]
Current x array =  [ -0.74976203  -0.44459933  -0.81982013   1.84582692  -2.48774196
   0.33647224 -15.91771031  -1.40951049  -1.80594881  -1.70836312
  -3.24336359  -3.31424148  -3.69490065  -2.57525908  -4.35787956
  -2.81238102  -3.36649692  -2.98396315]
log likelihood =  -1873.67774537
Edge derivatives =  [-1.580023759643657e-05, 0.002773080055418542, 0.003683829228706026, 0.005911960286170248, -0.001560190311707621, 0.00034454057086819034, -0.006221677398840206, 0.0042702864735122414, -0.003101089056859352, -0.003074481399083534, 0.003518857858539934, 0.006861905480247121]
other derivatives: [ 0.0120508   0.0003638  -0.0003638  -0.00347882 -0.00222826  0.        ]
Current x array =  [ -0.73238455  -0.44169552  -0.82038728   1.84854924  -2.48501963
   0.33647224 -15.91769454  -1.41201999  -1.80936273  -1.71423117
  -3.24165445  -3.31442063  -3.68852532  -2.57942063  -4.35469838
  -2.80895222  -3.36994991  -2.99086678]
      fun: 1873.6777453726
 hess_inv: <18x18 LbfgsInvHessProduct with dtype=float64>
      jac: array([ -1.20508048e-02,  -3.63797881e-04,   3.63797881e-04,
         3.47881723e-03,   2.22826202e-03,  -0.00000000e+00,
         1.58002376e-05,  -2.77308006e-03,  -3.68382923e-03,
        -5.91196029e-03,   1.56019031e-03,  -3.44540571e-04,
         6.22167740e-03,  -4.27028647e-03,   3.10108906e-03,
         3.07448140e-03,  -3.51885786e-03,  -6.86190548e-03])
  message: 'CONVERGENCE: REL_REDUCTION_OF_F_<=_FACTR*EPSMCH'
     nfev: 3
      nit: 1
   status: 0
  success: True
        x: array([ -0.73238455,  -0.44169552,  -0.82038728,   1.84854924,
        -2.48501963,   0.33647224, -15.91769454,  -1.41201999,
        -1.80936273,  -1.71423117,  -3.24165445,  -3.31442063,
        -3.68852532,  -2.57942063,  -4.35469838,  -2.80895222,
        -3.36994991,  -2.99086678])
