/home3/jxiong7/IGCexpansion/IGCexpansion/CodonGeneconv.py:276: FutureWarning: comparison to `None` will result in an elementwise object comparison in the future.
  if not x == None:
number of sites to be analyzed:  185
Successfully loaded parameter value from ./test/save/MG94_YNL301C_YOL120C_nonclock_save.txt
log likelihood =  -2139.3075805
Edge derivatives =  [0.0005869371003153021, -0.00019119366039710428, 0.0019063031291398913, -0.0026916499043849185, -0.006165078000193919, -0.002602811104271213, 0.002924509319246739, -0.003016599077080434, -0.0006259669068198687, -0.0019506496890797642, -0.0016639221335634502, -0.002260330483711201]
other derivatives: [-0.0125965  -0.0216005   0.01359695 -0.00354703  0.00122782  0.00236469]
Current x array =  [-0.72155867 -0.54725963 -0.8872354   1.68014098 -2.06558264  0.90813802
 -4.78149228 -1.73320899 -2.4745435  -1.32412642 -4.25796569 -2.49385575
 -3.95283897 -2.245856   -5.39840353 -2.56306388 -2.76365779 -2.69754744]
log likelihood =  -2139.51684912
Edge derivatives =  [0.02094231070069491, 0.23656721726344102, 0.09779457352809579, 0.3938085386335917, 0.03995941039317814, 0.1865195209818149, 0.0657767277222642, 0.2552425896284429, 0.008459814890134176, 0.09907185494371262, 0.11578858224567505, 0.12829160957333133]
other derivatives: [  9.64328137  10.83708412  -4.25516191  -0.24592737   0.25193003
  -0.02983143]
Current x array =  [-0.73415517 -0.56886013 -0.87363846  1.67659396 -2.06435482  0.91050271
 -4.78090534 -1.73340018 -2.4726372  -1.32681807 -4.26413077 -2.49645856
 -3.94991446 -2.2488726  -5.3990295  -2.56501453 -2.76532172 -2.69980777]
log likelihood =  -2139.30757952
Edge derivatives =  [0.0006324149070451989, 0.00033503274841756303, 0.002128535539298898, -0.0018044613888779648, -0.006062744910886927, -0.0021835877295058592, 0.003063178438678791, -0.0024424155451112928, -0.0006054624868221184, -0.001721277791491338, -0.0014003528505652368, -0.001967454632459495]
other derivatives: [ 0.00836735  0.00263753  0.00454747 -0.0041382   0.00172804  0.00227374]
Current x array =  [-0.72158556 -0.54730574 -0.88720637  1.68013341 -2.06558001  0.90814307
 -4.78149103 -1.7332094  -2.47453943 -1.32413217 -4.25797885 -2.49386131
 -3.95283273 -2.24586244 -5.39840487 -2.56306805 -2.76366135 -2.69755227]
      fun: 2139.307579519468
 hess_inv: <18x18 LbfgsInvHessProduct with dtype=float64>
      jac: array([-0.00836735, -0.00263753, -0.00454747,  0.0041382 , -0.00172804,
       -0.00227374, -0.00063241, -0.00033503, -0.00212854,  0.00180446,
        0.00606274,  0.00218359, -0.00306318,  0.00244242,  0.00060546,
        0.00172128,  0.00140035,  0.00196745])
  message: 'CONVERGENCE: REL_REDUCTION_OF_F_<=_FACTR*EPSMCH'
     nfev: 3
      nit: 1
   status: 0
  success: True
        x: array([-0.72158556, -0.54730574, -0.88720637,  1.68013341, -2.06558001,
        0.90814307, -4.78149103, -1.7332094 , -2.47453943, -1.32413217,
       -4.25797885, -2.49386131, -3.95283273, -2.24586244, -5.39840487,
       -2.56306805, -2.76366135, -2.69755227])
Traceback (most recent call last):
  File "Run_rebuild.py", line 52, in <module>
    main(parser.parse_args())
  File "Run_rebuild.py", line 14, in main
    MG94_tau.site_reconstruction()
  File "/home3/jxiong7/IGCexpansion/IGCexpansion/CodonGeneconv.py", line 1699, in site_reconstruction
    (argmatrix[site,node,i],likelihood_matrix[site,node,i])=likelihood_dict[site][node][i]
IndexError: index 156 is out of bounds for axis 0 with size 156
