/home3/jxiong7/IGCexpansion/IGCexpansion/CodonGeneconv.py:277: FutureWarning: comparison to `None` will result in an elementwise object comparison in the future.
  if not x == None:
number of sites to be analyzed:  185
Successfully loaded parameter value from ./test/save/MG94_YNL301C_YOL120C_nonclock_save.txt
log likelihood =  -2139.30757784
Edge derivatives =  [0.0006315299570676895, 7.604893548360248e-05, 0.001640878342248575, -0.0007420050080422236, -0.005844486403782358, -0.0013477165555763337, 0.0030084640935027114, -0.0014544507855475675, -0.0005915633839982289, -0.0013493349188024029, -0.0009054893517165125, -0.0015358149068976645]
other derivatives: [ 0.00682121 -0.00040927 -0.0003638  -0.00177351  0.0007276   0.00168257]
Current x array =  [-0.72158325 -0.54729993 -0.88718945  1.6800779  -2.06555646  0.90818611
 -4.78147802 -1.73320615 -2.4745015  -1.32416151 -4.25810204 -2.49389905
 -3.95277039 -2.24590402 -5.39841726 -2.56310119 -2.76368601 -2.6975898 ]
log likelihood =  -2139.32629135
Edge derivatives =  [-0.0022461302353946784, -0.04788369330793424, -0.058154075024157925, -0.07386063738790938, -0.0014138822709894444, -0.003975831251730344, -0.013411028514793092, -0.007410643786928017, -0.0020753856384335733, -0.02051081930212506, -0.010440819804265561, -0.010540320522757565]
other derivatives: [-5.41681402  0.32982825  0.26348062  0.21359483 -0.1119588  -0.00659384]
Current x array =  [-0.71476204 -0.5477092  -0.88755325  1.67830438 -2.06482887  0.90986867
 -4.78084649 -1.7331301  -2.47286063 -1.32490352 -4.26394652 -2.49524677
 -3.94976193 -2.24735847 -5.39900882 -2.56445052 -2.7645915  -2.69912561]
log likelihood =  -2139.30757768
Edge derivatives =  [0.0006227771807671787, -6.524556142395443e-05, 0.0014652846009736709, -0.0009582912658098741, -0.005831827370505971, -0.0013566636004441468, 0.0029603303485611354, -0.0014736296870561383, -0.0005959990577299049, -0.0014063169254393548, -0.0009346171663102143, -0.0015630164899663734]
other derivatives: [-0.00886757  0.0005457   0.00045475 -0.00109139  0.0003638   0.00168257]
Current x array =  [-0.72156335 -0.54730112 -0.88719051  1.68007272 -2.06555434  0.90819102
 -4.78147617 -1.73320593 -2.47449672 -1.32416368 -4.25811909 -2.49390298
 -3.95276161 -2.24590826 -5.39841899 -2.56310512 -2.76368865 -2.69759428]
      fun: 2139.307577681202
 hess_inv: <18x18 LbfgsInvHessProduct with dtype=float64>
      jac: array([  8.86757334e-03,  -5.45696821e-04,  -4.54747351e-04,
         1.09139364e-03,  -3.63797881e-04,  -1.68256520e-03,
        -6.22777181e-04,   6.52455614e-05,  -1.46528460e-03,
         9.58291266e-04,   5.83182737e-03,   1.35666360e-03,
        -2.96033035e-03,   1.47362969e-03,   5.95999058e-04,
         1.40631693e-03,   9.34617166e-04,   1.56301649e-03])
  message: 'CONVERGENCE: REL_REDUCTION_OF_F_<=_FACTR*EPSMCH'
     nfev: 3
      nit: 1
   status: 0
  success: True
        x: array([-0.72156335, -0.54730112, -0.88719051,  1.68007272, -2.06555434,
        0.90819102, -4.78147617, -1.73320593, -2.47449672, -1.32416368,
       -4.25811909, -2.49390298, -3.95276161, -2.24590826, -5.39841899,
       -2.56310512, -2.76368865, -2.69759428])
number of sites to be analyzed:  185
Successfully loaded parameter value from ./test/save/MG94_Force_YNL301C_YOL120C_nonclock_save.txt
log likelihood =  -2215.07037835
Edge derivatives =  [-0.0001404713300471152, 0.0002887068649122526, -0.0037022987436481913, -0.0015274790920134507, 0.003328169031863365, -0.000797690132177814, 0.006577812789841347, -0.0005312347791838479, 0.013004972488639719, -0.0008501453132799819, 0.003066515950540208, -0.0017956236847301021]
other derivatives: [-0.0170985   0.00168257  0.00104592  0.0043201  -0.00131877  0.        ]
Current x array =  [ -0.73654367  -0.5494209   -0.91225712   1.55118022  -2.21001336
   0.33647224 -12.68968203  -1.51588638  -2.97116884  -1.29782149
  -4.02196936  -2.23245918  -4.54445101  -2.08584491  -4.69915071
  -2.06854572  -2.79487764  -2.19220075]
log likelihood =  -2215.19611345
Edge derivatives =  [-0.0001297429801312171, 0.1481742489434886, 0.11341306524320661, 0.4895869184517462, 0.007189250542783666, 0.15313727795663953, 0.013082736147733875, 0.18195294980732474, 0.007186325712171891, 0.1853913924166699, 0.01295497129068883, 0.19401262783114187]
other derivatives: [ 14.13700375  -1.33986759  -0.87893568  -0.76006472   0.31577656   0.        ]
Current x array =  [ -0.75364217  -0.54773833  -0.9112112    1.55550032  -2.21133213
   0.33647224 -12.6898225   -1.51559767  -2.97487114  -1.29934897
  -4.01864119  -2.23325687  -4.5378732   -2.08637615  -4.68614574
  -2.06939587  -2.79181113  -2.19399637]
log likelihood =  -2215.07037771
Edge derivatives =  [-0.0001404481522349141, 0.0006099944323541273, -0.0034440325548627387, -0.0004500620413966372, 0.0033342477003485763, -0.0004614721318023929, 0.006591102699766933, -0.0001339289668373933, 0.0129913284669325, -0.0004432034101908844, 0.003082964925099782, -0.001365880204219433]
other derivatives: [ 0.01514309 -0.00127329 -0.00095497  0.00259206 -0.00059117  0.        ]
Current x array =  [ -0.73658174  -0.54941715  -0.91225479   1.55118983  -2.21001629
   0.33647224 -12.68968235  -1.51588574  -2.97117708  -1.29782489
  -4.02196195  -2.23246096  -4.54443636  -2.0858461   -4.69912176
  -2.06854761  -2.79487082  -2.19220474]
      fun: 2215.07037771338
 hess_inv: <18x18 LbfgsInvHessProduct with dtype=float64>
      jac: array([-0.01514309,  0.00127329,  0.00095497, -0.00259206,  0.00059117,
       -0.        ,  0.00014045, -0.00060999,  0.00344403,  0.00045006,
       -0.00333425,  0.00046147, -0.0065911 ,  0.00013393, -0.01299133,
        0.0004432 , -0.00308296,  0.00136588])
  message: 'CONVERGENCE: REL_REDUCTION_OF_F_<=_FACTR*EPSMCH'
     nfev: 3
      nit: 1
   status: 0
  success: True
        x: array([ -0.73658174,  -0.54941715,  -0.91225479,   1.55118983,
        -2.21001629,   0.33647224, -12.68968235,  -1.51588574,
        -2.97117708,  -1.29782489,  -4.02196195,  -2.23246096,
        -4.54443636,  -2.0858461 ,  -4.69912176,  -2.06854761,
        -2.79487082,  -2.19220474])
