/home3/jxiong7/IGCexpansion/IGCexpansion/CodonGeneconv.py:276: FutureWarning: comparison to `None` will result in an elementwise object comparison in the future.
  if not x == None:
number of sites to be analyzed:  163
Successfully loaded parameter value from ./test/save/MG94_YDR418W_YEL054C_nonclock_save.txt
log likelihood =  -1739.17627461
Edge derivatives =  [-0.00011897899719169949, -0.0023864766294736384, 4.368173407934273e-05, -0.0007353843835810892, -0.003616935715583039, -0.0014323502223771156, -0.005031795720534596, -0.0019442570155672467, 0.0035368344755068934, 0.0029761986021501763, 0.0003120283171799826, 0.0014033611743269059]
other derivatives: [  7.77617970e-03  -1.22781785e-03  -4.54747351e-04   1.22781785e-03
   4.54747351e-05  -2.63753464e-03]
Current x array =  [-0.72256477 -0.48684242 -0.89815782  2.12861542 -2.57461196  0.34351703
 -3.92768145 -1.53379773 -1.56395379 -1.7619333  -3.65958864 -3.62675698
 -3.4377116  -2.46095793 -3.69253148 -2.87088443 -2.84518528 -3.82133188]
log likelihood =  -1739.19739
Edge derivatives =  [0.0012375937605873001, -0.0008599751209827644, -0.0916373774488689, -0.04002756110372782, 0.007962326146411465, 0.016670456631107174, 0.026737975425333217, 0.04533991690852285, -0.017900655344873347, -0.06624106421300774, -0.018621387131468284, -0.017355908707473753]
other derivatives: [-5.24501047  0.75892785  0.24756446  0.09831638 -0.0687578   0.10388703]
Current x array =  [-0.71478859 -0.48807023 -0.89861256  2.12984324 -2.57456649  0.3408795
 -3.92780043 -1.5361842  -1.56391011 -1.76266868 -3.66320558 -3.62818933
 -3.4427434  -2.46290219 -3.68899464 -2.86790823 -2.84487325 -3.81992852]
log likelihood =  -1739.17627437
Edge derivatives =  [-0.00011543514179112452, -0.002384555340157468, -0.0002735039378166104, -0.0008738201324152983, -0.003577872808646562, -0.0013714830224835703, -0.00492409572673113, -0.0017854869040655474, 0.003462879341056331, 0.0027388187531824787, 0.0002455857778313336, 0.0013386824401973758]
other derivatives: [-0.00995897  0.00136424  0.0003638   0.00154614 -0.00022737 -0.00227374]
Current x array =  [-0.72253824 -0.4868466  -0.89815937  2.12861961 -2.57461181  0.34350803
 -3.92768186 -1.53380587 -1.56395364 -1.76193581 -3.65960098 -3.62676187
 -3.43772877 -2.46096456 -3.69251941 -2.87087428 -2.84518421 -3.82132709]
      fun: 1739.17627436578
 hess_inv: <18x18 LbfgsInvHessProduct with dtype=float64>
      jac: array([ 0.00995897, -0.00136424, -0.0003638 , -0.00154614,  0.00022737,
        0.00227374,  0.00011544,  0.00238456,  0.0002735 ,  0.00087382,
        0.00357787,  0.00137148,  0.0049241 ,  0.00178549, -0.00346288,
       -0.00273882, -0.00024559, -0.00133868])
  message: 'CONVERGENCE: REL_REDUCTION_OF_F_<=_FACTR*EPSMCH'
     nfev: 3
      nit: 1
   status: 0
  success: True
        x: array([-0.72253824, -0.4868466 , -0.89815937,  2.12861961, -2.57461181,
        0.34350803, -3.92768186, -1.53380587, -1.56395364, -1.76193581,
       -3.65960098, -3.62676187, -3.43772877, -2.46096456, -3.69251941,
       -2.87087428, -2.84518421, -3.82132709])
number of sites to be analyzed:  163
Successfully loaded parameter value from ./test/save/MG94_Force_YDR418W_YEL054C_nonclock_save.txt
log likelihood =  -1771.21643425
Edge derivatives =  [-0.003994499919351137, -0.003190768960503465, -0.005449239798978572, -0.004176170151665326, -0.0018333664987158285, 0.010766797167045317, -0.002767680658855305, -0.0006841602361502275, 0.004283832124305269, -0.002295731650887617, -0.0013469740320111723, -0.0036027418571653314]
other derivatives: [-0.01336957 -0.00195541  0.0005457  -0.00554792  0.00175078  0.        ]
Current x array =  [-0.73385916 -0.47807853 -0.91122671  2.03850277 -2.72240237  0.33647224
 -4.87145672 -1.49459692 -1.60176878 -1.68764443 -3.72030858 -3.01466151
 -3.30734761 -2.22780774 -3.41741881 -2.58036064 -2.60617521 -3.47949774]
log likelihood =  -1771.28252301
Edge derivatives =  [0.009916901435209222, 0.19580706705161172, 0.4204525656981887, 0.3743921972956794, 0.011787304127460652, -0.03430281258743892, 0.05204685802825076, 0.14024783863962792, 0.0010112833296246765, 0.12212164309270358, 0.1082457279845892, 0.0533722652275397]
other derivatives: [ 9.31702289  1.20533059 -0.46356945 -0.15654678  0.0800128   0.        ]
Current x array =  [-0.74722873 -0.48003395 -0.91068102  2.03295486 -2.72065159  0.33647224
 -4.87545122 -1.49778768 -1.60721802 -1.6918206  -3.72214195 -3.00389472
 -3.31011529 -2.2284919  -3.41313498 -2.58265637 -2.60752219 -3.48310049]
log likelihood =  -1771.21643348
Edge derivatives =  [-0.0039482362575120385, -0.0025204629285184854, -0.004010823378381462, -0.00290010767053811, -0.0017886004470000147, 0.010611673487786744, -0.0025833047321695835, -0.000212724645755058, 0.004270238519253268, -0.0018775378451487967, -0.0009795669546823482, -0.003411003676953135]
other derivatives: [ 0.0188038   0.00216005 -0.00104592 -0.00609361  0.00202363  0.        ]
Current x array =  [-0.73390447 -0.47808516 -0.91122486  2.03848397 -2.72239643  0.33647224
 -4.87147026 -1.49460773 -1.60178725 -1.68765858 -3.7203148  -3.01462502
 -3.30735699 -2.22781006 -3.4174043  -2.58036842 -2.60617978 -3.47950995]
      fun: 1771.2164334764434
 hess_inv: <18x18 LbfgsInvHessProduct with dtype=float64>
      jac: array([-0.0188038 , -0.00216005,  0.00104592,  0.00609361, -0.00202363,
       -0.        ,  0.00394824,  0.00252046,  0.00401082,  0.00290011,
        0.0017886 , -0.01061167,  0.0025833 ,  0.00021272, -0.00427024,
        0.00187754,  0.00097957,  0.003411  ])
  message: 'CONVERGENCE: REL_REDUCTION_OF_F_<=_FACTR*EPSMCH'
     nfev: 3
      nit: 1
   status: 0
  success: True
        x: array([-0.73390447, -0.47808516, -0.91122486,  2.03848397, -2.72239643,
        0.33647224, -4.87147026, -1.49460773, -1.60178725, -1.68765858,
       -3.7203148 , -3.01462502, -3.30735699, -2.22781006, -3.4174043 ,
       -2.58036842, -2.60617978, -3.47950995])
