/home3/jxiong7/IGCexpansion/IGCexpansion/CodonGeneconv.py:276: FutureWarning: comparison to `None` will result in an elementwise object comparison in the future.
  if not x == None:
number of sites to be analyzed:  159
Successfully loaded parameter value from ./test/save/MG94_YBR191W_YPL079W_nonclock_save.txt
log likelihood =  -1467.29433212
Edge derivatives =  [-0.0004815204219587102, 0.0005207185128012076, -0.0019270326061328613, 0.00011993299872867236, 0.0005300733252253109, -0.0001558987793183579, -0.0008034639733193183, -1.6390131959198584e-05, 0.0017991122568955104, -0.000259631918751016, -0.0013275550627937574, 0.0017943737545022265]
other derivatives: [ -2.95585778e-03   1.36424205e-04   4.54747351e-04  -2.27373675e-05
   1.68256520e-03  -9.09494702e-05]
Current x array =  [-0.70824326 -0.49454968 -0.86377688  2.10000594 -2.37742631  1.34332261
 -3.3368606  -2.12632147 -1.98099326 -2.2817177  -3.57856478 -4.08416065
 -3.87623976 -2.62660616 -3.99921723 -2.89910176 -4.07758522 -3.95399487]
log likelihood =  -1467.2971185
Edge derivatives =  [0.006820477532895851, 0.005426608702179758, 0.05855769184059717, 0.012297194547576301, 0.0016893098369940053, 0.0032384035154540726, 0.004011797601985357, 0.011875739467255841, -0.004650267644491911, 0.011894723565770204, 0.005221128999374547, -0.004816449510875044]
other derivatives: [  1.81557880e+00  -1.08866516e-01  -1.23145583e-01  -2.88082447e-02
  -6.98037184e-03   8.86757334e-04]
Current x array =  [-0.71119911 -0.49441326 -0.86332213  2.0999832  -2.37574374  1.34323166
 -3.33734212 -2.12580075 -1.98292029 -2.28159777 -3.57803471 -4.08431655
 -3.87704323 -2.62662255 -3.99741812 -2.89936139 -4.07891278 -3.9522005 ]
log likelihood =  -1467.29433207
Edge derivatives =  [-0.0004490742376911938, 0.0005423878362381118, -0.0016560503692507333, 0.00017414265946685825, 0.0005351605970679192, -0.00014078133003823587, -0.0007819629645305134, 3.6567954718402795e-05, 0.0017700971656071374, -0.00020544639491706929, -0.0012982256701101758, 0.0017646221470113618]
other derivatives: [ 0.00520686 -0.0003638  -0.00011369 -0.00013642  0.00165983 -0.00011369]
Current x array =  [-0.7082565  -0.49454907 -0.86377484  2.10000584 -2.37741877  1.3433222
 -3.33686276 -2.12631914 -1.98100189 -2.28171716 -3.57856241 -4.08416135
 -3.87624336 -2.62660623 -3.99920917 -2.89910293 -4.07759117 -3.95398683]
      fun: 1467.2943320661586
 hess_inv: <18x18 LbfgsInvHessProduct with dtype=float64>
      jac: array([ -5.20685717e-03,   3.63797881e-04,   1.13686838e-04,
         1.36424205e-04,  -1.65982783e-03,   1.13686838e-04,
         4.49074238e-04,  -5.42387836e-04,   1.65605037e-03,
        -1.74142659e-04,  -5.35160597e-04,   1.40781330e-04,
         7.81962965e-04,  -3.65679547e-05,  -1.77009717e-03,
         2.05446395e-04,   1.29822567e-03,  -1.76462215e-03])
  message: 'CONVERGENCE: REL_REDUCTION_OF_F_<=_FACTR*EPSMCH'
     nfev: 3
      nit: 1
   status: 0
  success: True
        x: array([-0.7082565 , -0.49454907, -0.86377484,  2.10000584, -2.37741877,
        1.3433222 , -3.33686276, -2.12631914, -1.98100189, -2.28171716,
       -3.57856241, -4.08416135, -3.87624336, -2.62660623, -3.99920917,
       -2.89910293, -4.07759117, -3.95398683])
number of sites to be analyzed:  159
Successfully loaded parameter value from ./test/save/MG94_Force_YBR191W_YPL079W_nonclock_save.txt
log likelihood =  -1533.39662812
Edge derivatives =  [-6.243555809240476e-05, -0.005183663983617498, 0.008341590516175612, 0.005864169094656535, -0.0001243402654885345, -0.00020656573572903902, -0.003298205244944785, 0.00019703323428799102, 0.0012832045331407707, -0.0023364575262676823, -0.0007083601069073076, -0.0015428411939386114]
other derivatives: [-0.0088221   0.00959517  0.00081855 -0.00168257  0.00145519  0.        ]
Current x array =  [-0.72681598 -0.46922489 -0.87869741  2.04133352 -2.5969836   0.33647224
 -7.19111255 -1.94598901 -1.91128644 -1.9797327  -3.38475844 -3.43702996
 -3.48886075 -2.31283877 -3.84002855 -2.5893178  -3.43541145 -3.88978653]
log likelihood =  -1533.44992037
Edge derivatives =  [-0.0031924075383853697, 0.07346344828226067, -0.27097166506112474, -0.19354852933469746, -0.0038618883306453244, 0.006152207501684742, 0.02480661652105022, 0.014352380420848632, 0.0008648929973613523, 0.05987509174683975, 0.015590060909537448, 0.005636280610313023]
other derivatives: [ 5.61710749 -5.56342457 -0.29135663 -0.06552909  0.01973604  0.        ]
Current x array =  [-0.73563808 -0.45962972 -0.87787887  2.03965096 -2.59552841  0.33647224
 -7.19117498 -1.95117268 -1.90294485 -1.97386853 -3.38488278 -3.43723652
 -3.49215896 -2.31264174 -3.83874534 -2.59165426 -3.43611981 -3.89132937]
log likelihood =  -1533.39662762
Edge derivatives =  [-7.215010142257888e-05, -0.004944058590134942, 0.007488029879653024, 0.00525323523328125, -0.00013648761241401297, -0.00018758261589202352, -0.0032127888998655027, 0.0002384491598532712, 0.001281584241545397, -0.0021477369848497962, -0.0006593361707997181, -0.001521043524645764]
other derivatives: [ 0.00859472 -0.00707132 -0.00011369 -0.0018872   0.00150067  0.        ]
Current x array =  [-0.72684294 -0.46919557 -0.87869491  2.04132838 -2.59697916  0.33647224
 -7.19111274 -1.94600486 -1.91126095 -1.97971478 -3.38475882 -3.43703059
 -3.48887083 -2.31283817 -3.84002463 -2.58932494 -3.43541362 -3.88979124]
      fun: 1533.3966276172373
 hess_inv: <18x18 LbfgsInvHessProduct with dtype=float64>
      jac: array([ -8.59472493e-03,   7.07132131e-03,   1.13686838e-04,
         1.88720151e-03,  -1.50066626e-03,  -0.00000000e+00,
         7.21501014e-05,   4.94405859e-03,  -7.48802988e-03,
        -5.25323523e-03,   1.36487612e-04,   1.87582616e-04,
         3.21278890e-03,  -2.38449160e-04,  -1.28158424e-03,
         2.14773698e-03,   6.59336171e-04,   1.52104352e-03])
  message: 'CONVERGENCE: REL_REDUCTION_OF_F_<=_FACTR*EPSMCH'
     nfev: 3
      nit: 1
   status: 0
  success: True
        x: array([-0.72684294, -0.46919557, -0.87869491,  2.04132838, -2.59697916,
        0.33647224, -7.19111274, -1.94600486, -1.91126095, -1.97971478,
       -3.38475882, -3.43703059, -3.48887083, -2.31283817, -3.84002463,
       -2.58932494, -3.43541362, -3.88979124])
