/home3/jxiong7/IGCexpansion/IGCexpansion/CodonGeneconv.py:277: FutureWarning: comparison to `None` will result in an elementwise object comparison in the future.
  if not x == None:
number of sites to be analyzed:  342
Successfully loaded parameter value from ./test/save/MG94_MR_GR_nonclock_save.txt
log likelihood =  -10667.2663021
Edge derivatives =  [0.0076635755582559195, 0.017878291537076096, 0.0016581234025248581, 0.0011523443057668281, 0.007134326022871895, 0.04898307275527214, 0.02926506128636497, -0.02875512882424947, 0.02166502516551938, 0.011910661892336832, -0.009451677499560912, 0.017910235581471756, -0.0035669765317687327, -0.022386843245979504, -0.022401555077936397, -0.02286808304498239, -0.017696615329475307, -0.025157420370792126, 0.02028047062842131, 0.006514638842021525]
other derivatives: [-0.09931682  0.00400178 -0.02619345  0.03637979 -0.05275069  0.01600711]
Current x array =  [-0.64546815 -0.76046123 -0.56871976  0.5520759  -2.8281728  -1.81395884
  0.42783882  2.33656326 -0.36379835 -0.37118183 -0.33796868 -0.4044502
 -0.63711627 -1.28381104 -0.81036834 -1.00409896 -1.86082682 -3.41244949
 -4.42989505 -2.34826077 -1.9846016  -1.56032821 -2.8931944  -3.47291184
 -2.40045147 -2.52373887]
log likelihood =  -10687.5625039
Edge derivatives =  [6.963996914338676, 10.584514671178328, 4.004863542231277, 4.4827382647124505, 2.4982402860758253, 0.6723913319379191, 1.7517771911205027, 2.1068030132811084, 0.8540570296034498, 0.9177262307595117, 1.461064377532442, 0.3182762739329829, 0.1927742687632124, 1.8198098064958999, 2.604341387109339, 3.5496546668025797, 0.923978548271099, 0.7379001920730593, -0.3377966304792732, 0.30160559751120536]
other derivatives: [ 342.71834011   -3.63688741   76.42538549  -17.58562576   41.38364602
   -0.47220965]
Current x array =  [-0.74478498 -0.75645946 -0.5949132   0.58845569 -2.88092349 -1.79795174
  0.43550239  2.35444155 -0.36214023 -0.37002949 -0.33083436 -0.35546713
 -0.60785121 -1.31256617 -0.78870331 -0.99218829 -1.8702785  -3.39453926
 -4.43346203 -2.37064762 -2.00700315 -1.5831963  -2.91089101 -3.49806926
 -2.380171   -2.51722423]
log likelihood =  -10667.2662972
Edge derivatives =  [0.011440509138980981, 0.023557041091776698, 0.0038924836631031995, 0.0036901036950975907, 0.008395853744279536, 0.04926047475769829, 0.03009790214844879, -0.027611860483408874, 0.021979477206846856, 0.012326096878509052, -0.008710333501816353, 0.018053629297932534, -0.0034743648050325343, -0.021422896640036715, -0.021038553240698477, -0.020985352336292215, -0.01720608107796405, -0.02475787588117348, 0.02006646933066869, 0.006649613396442655]
other derivatives: [ 0.15897967  0.01018634  0.02764864  0.06602932  0.01145963  0.01546141]
Current x array =  [-0.64552063 -0.76045912 -0.5687336   0.55209513 -2.82820068 -1.81395038
  0.42784286  2.33657271 -0.36379748 -0.37118122 -0.33796491 -0.40442432
 -0.6371008  -1.28382624 -0.81035689 -1.00409266 -1.86083182 -3.41244003
 -4.42989693 -2.3482726  -1.98461344 -1.5603403  -2.89320375 -3.47292514
 -2.40044075 -2.52373543]
      fun: 10667.266297248421
 hess_inv: <26x26 LbfgsInvHessProduct with dtype=float64>
      jac: array([-0.15897967, -0.01018634, -0.02764864, -0.06602932, -0.01145963,
       -0.01546141, -0.01144051, -0.02355704, -0.00389248, -0.0036901 ,
       -0.00839585, -0.04926047, -0.0300979 ,  0.02761186, -0.02197948,
       -0.0123261 ,  0.00871033, -0.01805363,  0.00347436,  0.0214229 ,
        0.02103855,  0.02098535,  0.01720608,  0.02475788, -0.02006647,
       -0.00664961])
  message: 'CONVERGENCE: REL_REDUCTION_OF_F_<=_FACTR*EPSMCH'
     nfev: 3
      nit: 1
   status: 0
  success: True
        x: array([-0.64552063, -0.76045912, -0.5687336 ,  0.55209513, -2.82820068,
       -1.81395038,  0.42784286,  2.33657271, -0.36379748, -0.37118122,
       -0.33796491, -0.40442432, -0.6371008 , -1.28382624, -0.81035689,
       -1.00409266, -1.86083182, -3.41244003, -4.42989693, -2.3482726 ,
       -1.98461344, -1.5603403 , -2.89320375, -3.47292514, -2.40044075,
       -2.52373543])
Traceback (most recent call last):
  File "Run_rebuild_Thornton_MR_GR.py", line 30, in <module>
    MG94_tau.site_reconstruction()
  File "/home3/jxiong7/IGCexpansion/IGCexpansion/CodonGeneconv.py", line 1828, in site_reconstruction
    np.savetxt(open('./test/Ancestral_reconstruction/parameters/' + 'tau_' + self.paralog[0] + '_' + self.paralog[1] + '_' +model +'.txt','w+'), b)
  File "/usr/local/lib/python2.7/dist-packages/numpy/lib/npyio.py", line 1175, in savetxt
    ncol = X.shape[1]
IndexError: tuple index out of range
