/home3/jxiong7/IGCexpansion/IGCexpansion/CodonGeneconv.py:275: FutureWarning: comparison to `None` will result in an elementwise object comparison in the future.
  if not x == None:
number of sites to be analyzed:  156
Successfully loaded parameter value from ./test/save/MG94_EDN_ECP_nonclock_save.txt
log likelihood =  -2446.46365949
Edge derivatives =  [0.020000459876295736, -0.058672950155083836, 0.06725482114265491, -0.06066507303020571, -0.8199301712997301, -1.8274082437399737, 0.06623935227832291, -0.07113496571705738, 0.6161408102159991, -0.079315389120662, 3.827728938195026, 15.26231961173703, -0.002376003270899353, -7.093888559696262e-05, -0.1010708763910315, 0.09831763770565059, -9.885625959878056e-05, -0.4188636762514786, 0.007038456837329489, 0.001928438284929855, 0.0013689316853108674, -0.002888163570217074, 0.4161559928912973, -0.4256687437954225]
other derivatives: [ 13.37407411  -1.86810212  -0.86211003  -5.00212991   7.86067176
   4.09545464]
Current x array =  [ -0.68309662  -0.54280049  -0.71867875   0.81406398  -0.14081234
  -1.04089665  -1.06104875  -1.78803796  -1.89156129  -3.04161231
  -4.29030041  -3.72237073  -3.23960728  -2.38787065  -3.32868045
  -4.7942417   -3.72237073  -2.30258509  -4.05220095 -15.14877002
  -3.79961616  -4.72574843 -15.01196567  -4.85175952  -4.23660939
  -4.75023333  -4.79040056  -4.48039792  -5.07138471  -3.22869037]
log likelihood =  -2458.79446914
Edge derivatives =  [-1.5905759450938577, 1.7799719405200105, -2.0228853822832713, -0.966101951983275, -1.0242362088260621, -1.8840484213271385, -0.9043773013079788, -1.8990308393306177, -0.9034485205235057, -0.49959248693038344, 0.7830176067260739, -27.991141397501153, -0.47642929540448986, -7.441149159836311e-05, -0.9636208154596272, -0.024272012989051104, -0.00010564201229802728, -0.2943345351361091, -0.39120596551538667, -0.23759663156631186, -0.28098734545976206, -0.37918864954592235, -0.13790196064616184, -0.9462720444456676]
other derivatives: [-26.13642209  42.56276043  18.74705049  17.38267201 -34.61673259
 -13.92249942]
Current x array =  [ -0.64976544  -0.64115206  -0.76406699   0.55071259   0.27303515
  -0.82527976  -1.05999577  -1.79112697  -1.88802047  -3.04480619
  -4.33346797  -3.81857985  -3.23611992  -2.39161575  -3.29624196
  -4.79841748  -3.52084903  -1.49905675  -4.05232604 -15.14877375
  -3.80493733  -4.72057222 -15.01197088  -4.87381179  -4.23623883
  -4.7501318   -4.79032849  -4.48054998  -5.04947499  -3.25110092]
log likelihood =  -2443.15475479
Edge derivatives =  [-0.4491382594453414, 0.4408332393368441, -0.49130351264675154, -0.296258762021972, -0.8622888243459125, -1.777970541968095, -0.1936982134300158, -0.5100995956822942, 0.2080140692134632, -0.1806840040652494, 2.9551174664683475, 5.0490266747796735, -0.12234146635478069, -7.166367969041567e-05, -0.3182987280510801, 0.0663094531358745, -0.00010040374846653317, -0.3848416294503166, -0.09389976218760568, -0.05859913371388976, -0.07025273180248584, -0.099159673226168, 0.27404861678751535, -0.5430526184645361]
other derivatives: [  0.60335879  13.69944584   5.58652573   2.41857379  -4.81013558
   0.33655851]
Current x array =  [ -6.72392103e-01  -5.74386720e-01  -7.33255467e-01   7.29487016e-01
  -7.90260212e-03  -9.71649926e-01  -1.06071058e+00  -1.78903002e+00
  -1.89042413e+00  -3.04263804e+00  -4.30416394e+00  -3.75326890e+00
  -3.23848729e+00  -2.38907341e+00  -3.31826263e+00  -4.79558278e+00
  -3.65765076e+00  -2.04452689e+00  -4.05224113e+00  -1.51487712e+01
  -3.80132509e+00  -4.72408606e+00  -1.50119673e+01  -4.85884175e+00
  -4.23649038e+00  -4.75020072e+00  -4.79037742e+00  -4.48044675e+00
  -5.06434827e+00  -3.23588766e+00]
log likelihood =  -2444.23786201
Edge derivatives =  [-0.5737418130850646, 0.3435987392667345, -0.899703708706511, -0.4364106306892592, -0.879643497671388, -1.690629712716179, -0.3643957117059031, -0.6611321307890736, 0.022729655561439313, -0.22420605022144388, 2.3792151904744547, -1.9306540913609935, -0.1833939702664007, -7.606961141823305e-05, -0.4324965899755396, 0.06220238638938867, -0.00010273055508074004, -0.3937776096090754, -0.1479772903887374, -0.09132596004065102, -0.10782567097281277, -0.14540500297905737, 0.22711602755874474, -0.5980377177090368]
other derivatives: [ -1.98870111 -44.92158041  -9.02732609   4.37621566  -7.00047167
  -1.40148586]
Current x array =  [ -6.67245625e-01  -4.78029706e-01  -6.94645003e-01   7.14678231e-01
   7.33146131e-03  -9.41078657e-01  -1.06415055e+00  -1.78591954e+00
  -1.89387802e+00  -3.04541010e+00  -4.31661378e+00  -3.77987097e+00
  -3.23957847e+00  -2.39361945e+00  -3.31241022e+00  -4.79756161e+00
  -3.60805298e+00  -1.90038315e+00  -4.05323143e+00  -1.51487723e+01
  -3.80454781e+00  -4.72288851e+00  -1.50119688e+01  -4.86475859e+00
  -4.23719011e+00  -4.75065418e+00  -4.79092747e+00  -4.48125596e+00
  -5.05933203e+00  -3.24311058e+00]
log likelihood =  -2442.71205309
Edge derivatives =  [-0.4481876162947382, 0.44819425509505995, -0.5956734712649463, -0.3318606898032956, -0.8646406250236618, -1.7391354917999093, -0.24268871395879876, -0.5372877980096142, 0.15453953107759744, -0.19341360022407827, 2.7631288233869897, 2.723785361561521, -0.1387150477128751, -7.319595016258574e-05, -0.35188640201401467, 0.06751224294693235, -0.00010112477450124591, -0.3868013660430093, -0.10869346633044483, -0.06758039026977276, -0.0809851115970151, -0.11209696657023305, 0.26056177034482747, -0.5519933436145474]
other derivatives: [-0.27534952 -4.42214514  0.61399987  3.10478754 -5.57270141 -0.25452209]
Current x array =  [ -6.70568783e-01  -5.40248871e-01  -7.19576357e-01   7.24240485e-01
  -2.50540131e-03  -9.60818983e-01  -1.06192931e+00  -1.78792802e+00
  -1.89164780e+00  -3.04362014e+00  -4.30857473e+00  -3.76269362e+00
  -3.23887388e+00  -2.39068400e+00  -3.31618920e+00  -4.79628385e+00
  -3.64007901e+00  -1.99345892e+00  -4.05259197e+00  -1.51487716e+01
  -3.80246685e+00  -4.72366178e+00  -1.50119679e+01  -4.86093800e+00
  -4.23673829e+00  -4.75036138e+00  -4.79057229e+00  -4.48073345e+00
  -5.06257109e+00  -3.23844663e+00]
log likelihood =  -2442.5357092
Edge derivatives =  [-0.36848150056244877, 0.41948147418093695, -0.4802802549843195, -0.30954419740650624, -0.8428713066017021, -1.6891580353320104, -0.2197801559560985, -0.4662305075507077, 0.1509475545648925, -0.18544238948129832, 2.660039651190707, 1.7929736908375538, -0.130713760844413, -7.304989506147926e-05, -0.3372453492564879, 0.07198542467463241, -0.00010087048723183517, -0.3769137777170152, -0.10247976856911462, -0.06421497592396383, -0.07738209707402535, -0.10675988901188205, 0.2570174508485793, -0.508547787665028]
other derivatives: [ 0.12037162 -3.11033546 -1.10026122  2.62039066 -4.89949343 -0.25088411]
Current x array =  [ -6.70947363e-01  -5.42692354e-01  -7.14977102e-01   7.29190023e-01
  -1.26074497e-02  -9.57904351e-01  -1.06327504e+00  -1.78661897e+00
  -1.89333103e+00  -3.04465204e+00  -4.31185569e+00  -3.76946568e+00
  -3.23952409e+00  -2.39235394e+00  -3.31518952e+00  -4.79692599e+00
  -3.62848945e+00  -1.97136036e+00  -4.05300386e+00  -1.51487719e+01
  -3.80359331e+00  -4.72337883e+00  -1.50119683e+01  -4.86244683e+00
  -4.23705255e+00  -4.75055888e+00  -4.79080975e+00  -4.48106727e+00
  -5.06143716e+00  -3.24045778e+00]
log likelihood =  -2442.18799184
Edge derivatives =  [0.09016297160208141, 0.05673469230177264, 0.24281629576227104, -0.12820380799356057, -0.6872048525104867, -1.3170982712758696, -0.028059440333112792, 0.021359561965115903, 0.16431075571795783, -0.1209452730297832, 2.0032052731604706, -2.6413633402197085, -0.06641844338610078, -7.250782736456944e-05, -0.1795579372061156, 0.07216285150225554, -9.952395416891795e-05, -0.34831760627657526, -0.052068035595998444, -0.0370185831103427, -0.04614045078191088, -0.05995759991075944, 0.2806439816636022, -0.23580339084058188]
other derivatives: [-10.49047569  -2.11866791   5.30103534  -1.14214345   1.29111868
   0.38244252]
Current x array =  [ -0.65644268  -0.54354337  -0.73427845   0.77246595  -0.10218725
  -0.94756572  -1.07206968  -1.77641925  -1.90413961  -3.05240361
  -4.33584438  -3.81832571  -3.24451004  -2.40386145  -3.30904191
  -4.80178499  -3.54784611  -1.86870883  -4.05619918 -15.14877395
  -3.81223568  -4.72120108 -15.01197114  -4.87334972  -4.23951897
  -4.75211712  -4.79269372  -4.48368887  -5.05347075  -3.25449108]
log likelihood =  -2442.34703125
Edge derivatives =  [0.1964408501586808, 0.1127246107725921, 0.3561501690550817, -0.11096626254502515, -0.6487002659937455, -1.211857939616366, -0.016147983058124774, 0.133539836046448, 0.15178640671368482, -0.11181632532729509, 1.7617599619848936, -3.057520138742224, -0.05309910504028621, -7.215000500751752e-05, -0.15345247298939982, 0.07432940931684494, -9.909216815924259e-05, -0.3356295963042629, -0.04204072521103376, -0.031725600485768696, -0.04065844278217046, -0.05333540225603038, 0.2771355072755161, -0.1702878797585914]
other derivatives: [ 22.31736289   0.44456101   1.47369974  -1.46110324   1.89074854
   0.36852725]
Current x array =  [ -0.69754175  -0.55023006  -0.72330567   0.76919717  -0.10402221
  -0.94130137  -1.0728012   -1.77443205  -1.90428191  -3.0543956
  -4.34407659  -3.83474752  -3.24541482  -2.40554849  -3.30673591
  -4.8032909   -3.52121383  -1.85871829  -4.05707984 -15.14877474
  -3.81471484  -4.72035349 -15.01197222  -4.87729555  -4.24019728
  -4.75257056  -4.793252    -4.48444576  -5.0503729   -3.25828415]
log likelihood =  -2442.0802754
Edge derivatives =  [0.1301349825740907, 0.07726735524413836, 0.28597549869559447, -0.12184364996165417, -0.6725218153465687, -1.2763093362644071, -0.02375353696527245, 0.06423422265806633, 0.15938135846564128, -0.11746636074133439, 1.911150748399765, -2.8013893189557497, -0.06136597309568265, -7.237217673196122e-05, -0.16946496720583865, 0.07282254462113522, -9.935845628076447e-05, -0.3436102613185011, -0.04826835959643956, -0.035017964810387006, -0.04405859850074702, -0.0574560351321458, 0.2794168263945115, -0.21090978933770477]
other derivatives: [ 2.61252353 -1.12704583  3.84416126 -1.26851774  1.52331268  0.37662176]
Current x array =  [ -0.67221408  -0.54610933  -0.73006774   0.77121158  -0.1028914
  -0.94516183  -1.0723504   -1.77565668  -1.90419422  -3.05316802
  -4.33900342  -3.82462743  -3.24485724  -2.40450884  -3.308157
  -4.80236287  -3.53762621  -1.86487504  -4.05653713 -15.14877425
  -3.81318703  -4.72087583 -15.01197155  -4.8748639   -4.23977926
  -4.75229113  -4.79290796  -4.48397932  -5.05228198  -3.25594664]
log likelihood =  -2442.01701623
Edge derivatives =  [0.06208655089254559, 0.11532981925242597, 0.17745440778459654, -0.14501129812566826, -0.6945679188000227, -1.3310587690544773, -0.04571563691542334, -0.005945332326367708, 0.16728416646094096, -0.12427067029166947, 2.0385396104237694, -1.3543655459407244, -0.06774271307997194, -7.233498760752816e-05, -0.19119222389340307, 0.07768160156747002, -9.951813507576812e-05, -0.34342569542559387, -0.05310287495419902, -0.03743173914970967, -0.04683773741551731, -0.061987226271941975, 0.27449642634333365, -0.24408218974580298]
other derivatives: [ 2.20265974 -0.17521415  1.04073479 -0.78257472  0.79535312  0.43746695]
Current x array =  [ -0.67197903  -0.54783489  -0.72204609   0.76545128  -0.0908791
  -0.94901261  -1.07071394  -1.7772176   -1.90204811  -3.05200396
  -4.33539628  -3.81705244  -3.24410267  -2.40245778  -3.30935897
  -4.80166229  -3.55091491  -1.89568875  -4.056087   -15.14877396
  -3.8119151   -4.72120109 -15.01197114  -4.87324564  -4.23943879
  -4.75208052  -4.79265508  -4.48361899  -5.0534968   -3.25362239]
log likelihood =  -2441.93361768
Edge derivatives =  [0.0686907918202119, 0.0775172009293868, 0.18244213719357028, -0.14000829405250517, -0.6671918245656276, -1.24602589002194, -0.03756238035893504, 0.023068176970294757, 0.13812079447342773, -0.11986862810132014, 1.8143466441388199, -1.3291443746964096, -0.06404034124284767, -7.229236279708964e-05, -0.18416090674958963, 0.08307039466439257, -9.954915630926275e-05, -0.3261420922973776, -0.051053575521234705, -0.03683754481957592, -0.04632726958182863, -0.06056910177062938, 0.2591927259420287, -0.1944266758899047]
other derivatives: [ 1.07170308  0.95083124 -1.82012627 -0.64351298  0.84291969  0.40931809]
Current x array =  [ -0.67067148  -0.54995363  -0.71418107   0.7627292   -0.09250085
  -0.94408757  -1.07105272  -1.77528102  -1.90157662  -3.05400456
  -4.34373687  -3.83333726  -3.24497274  -2.4036551   -3.30729834
  -4.80320661  -3.52534689  -1.89697967  -4.05698316 -15.14877478
  -3.81440987  -4.72031601 -15.01197228  -4.87727281  -4.2401371
  -4.7525549   -4.79324203  -4.48440776  -5.05034949  -3.25711046]
log likelihood =  -2441.72280192
Edge derivatives =  [0.026577702965537305, -0.04572335326473281, 0.11232478232033438, -0.13292353244374785, -0.5717233073516698, -0.9398314967346476, -0.023373819301457932, 0.08423519342345709, 0.02124308715882972, -0.10864163293896412, 0.925781846000981, -0.9253144107137474, -0.05633281504945471, -7.23920693129574e-05, -0.15520165061499175, 0.08791723888713762, -9.998312515985355e-05, -0.27753468572318957, -0.04839086919614469, -0.03768392625137951, -0.04743318049742723, -0.05924637857587772, 0.2120996176093086, -0.04423217200795637]
other derivatives: [-0.93177732  2.29729267 -5.56492523  0.15706973  0.53851181  0.22455424]
Current x array =  [ -0.66846044  -0.55256255  -0.70403975   0.75051855  -0.09272643
  -0.92560871  -1.0717729   -1.76859129  -1.89897406  -3.0614101
  -4.37506751  -3.89406638  -3.24804064  -2.40738868  -3.29979501
  -4.80899031  -3.43115044  -1.90937769  -4.06030553 -15.14877794
  -3.82369084  -4.71690124 -15.01197663  -4.89242059  -4.24273575
  -4.75433536  -4.7954496   -4.48736149  -5.03849267  -3.26960579]
log likelihood =  -2441.5678438
Edge derivatives =  [-0.034017171245707536, -0.12320721839432586, -0.010937372919499255, -0.1211951666508155, -0.463233390801402, -0.6114966856619877, -0.01575512652398582, 0.10629878472314963, -0.10268433208839355, -0.09736537443737388, -0.13376673249024199, -0.09405582022961984, -0.049676285993107035, -7.265434237351828e-05, -0.11478389825431957, 0.07996844928946324, -0.00010065305034217458, -0.2343197586924204, -0.046852727763594726, -0.039595753516894185, -0.04946795927768453, -0.05858954320878879, 0.16778685382733838, 0.08807160428449134]
other derivatives: [-1.13545866  1.51439963 -3.97144504  0.79053279  0.         -0.01832632]
Current x array =  [ -0.66830416  -0.55107464  -0.70815656   0.74191467  -0.08952186
  -0.90609143  -1.07252652  -1.76258401  -1.89571582  -3.06997105
  -4.41118627  -3.96229949  -3.25131428  -2.41032222  -3.29240822
  -4.81571332  -3.33111582  -1.93160941  -4.0641229  -15.14878172
  -3.83420841  -4.71279701 -15.01198184  -4.90997924  -4.24576782
  -4.75645783  -4.79808398  -4.49084132  -5.02481318  -3.28227935]
log likelihood =  -2441.51145208
Edge derivatives =  [0.015141379271945782, 0.012645800550736497, -0.024868891718054176, -0.0722408291347642, -0.37337891069389983, -0.3974760730791982, -0.015250572789633293, 0.02534555218127546, -0.11637266899706204, -0.08348370837016755, -0.4708115431728515, 0.14450198966785927, -0.04099557180725615, -7.269306553409997e-05, -0.07788247735563139, 0.06602320756405158, -0.00010082786216912139, -0.20454742350335609, -0.041290560517440345, -0.03797006152716555, -0.04736617823540069, -0.05321894485916689, 0.1413744356275887, 0.09572661618413036]
other derivatives: [-0.37443897  0.35947778 -1.05706022 -0.15420483 -0.28967406 -0.18967512]
Current x array =  [ -0.66902323  -0.54860084  -0.71608488   0.75638174  -0.08443489
  -0.89911807  -1.07388314  -1.76386099  -1.89514244  -3.0764702
  -4.43783269  -4.00486403  -3.25290042  -2.40841836  -3.2927227
  -4.82099552  -3.30083227  -1.93844892  -4.06694487 -15.14878525
  -3.84109182  -4.70917225 -15.01198673  -4.92347666  -4.24823     -4.75839231
  -4.8004883   -4.49380676  -5.0146865   -3.28447929]
log likelihood =  -2441.49966446
Edge derivatives =  [0.036826174043394944, 0.059130296107766434, -0.0009027046810285988, -0.043898077924842044, -0.3343549079998283, -0.3170583826428943, -0.011299122004691325, -0.007735648414222834, -0.09533346912306433, -0.07432690631676496, -0.45415342363280786, 0.10003218572811035, -0.034305974929097545, -7.264820383534755e-05, -0.058354215227361776, 0.05988405004005268, -0.00010075779684425685, -0.19219461321338477, -0.03601339419055346, -0.03530285256235406, -0.043976378145950464, -0.04788298408073541, 0.13378763587829226, 0.08043089387589375]
other derivatives: [ 0.09463292 -0.1675744   0.37957761 -0.50072231 -0.22459972 -0.17766979]
Current x array =  [ -0.6694831   -0.54751529  -0.72007455   0.76151103  -0.08439576
  -0.89938604  -1.07426557  -1.7648477   -1.89542077  -3.07890605
  -4.44837362  -4.01918767  -3.25336191  -2.40717207  -3.2944248
  -4.82319662  -3.30132656  -1.9374169   -4.06806978 -15.14878692
  -3.84353834  -4.70755857 -15.01198904  -4.92902207  -4.24928218
  -4.75928694  -4.80160149  -4.49511734  -5.01066039  -3.28348672]
log likelihood =  -2441.49100791
Edge derivatives =  [0.04543894752174047, 0.0830188484072148, 0.024853902749881307, -0.01664562731584643, -0.2945502058199222, -0.2390359947327582, -0.006296553882502706, -0.03489588797425275, -0.06626318350921177, -0.06383537785996454, -0.3873569312142617, 0.04991544325916075, -0.026471906097879076, -7.257546488472656e-05, -0.03902516791160723, 0.05517915721627052, -0.00010063462037384001, -0.17760280930880565, -0.029646525379022674, -0.031856763614343094, -0.039583176874228215, -0.04139654418423244, 0.12526300828832249, 0.06134841478181907]
other derivatives: [ 0.39608494 -0.49030859  1.22208803 -0.62882464 -0.13133103 -0.12469172]
Current x array =  [ -0.66978562  -0.54686449  -0.7224278    0.76339031  -0.08487689
  -0.9007906   -1.07435336  -1.76558234  -1.89563748  -3.08117588
  -4.45906603  -4.03263238  -3.2537606   -2.40597486  -3.29658992
  -4.82546232  -3.30593657  -1.93604602  -4.06919668 -15.14878876
  -3.8458665   -4.70584402 -15.01199159  -4.9347627   -4.25036785
  -4.76024525  -4.80279465  -4.49649348  -5.00653344  -3.28191059]
log likelihood =  -2441.47685547
Edge derivatives =  [0.041433486914290454, 0.09488165484047167, 0.06244523202297936, 0.028839838879828522, -0.21881437253253203, -0.09367724629174404, 0.003909338783140481, -0.07279677981192537, -0.010731050254832036, -0.04323147764734672, -0.25091764899070834, -0.007812942460022232, -0.011074611902724005, -7.241596954080287e-05, -0.004404259401663772, 0.04833046484496725, -0.0001003664949078682, -0.14633398058343583, -0.01702687584362303, -0.02484903159634824, -0.030651445093103268, -0.02849345320042357, 0.10599542547481444, 0.0275641927301713]
other derivatives: [ 0.61681931 -0.64637788  1.87583282 -0.56384124  0.02464731  0.00213731]
Current x array =  [ -0.67001661  -0.54654238  -0.72423675   0.76240479  -0.08597898
  -0.90370152  -1.07415308  -1.76627906  -1.89566838  -3.08526363
  -4.47997954  -4.05815402  -3.25449984  -2.40413568  -3.30068736
  -4.82988587  -3.31553972  -1.9342128   -4.07135525 -15.1487925
  -3.85025361  -4.70242688 -15.01199677  -4.94610762  -4.25247388
  -4.76214481  -4.80515953  -4.49919203  -4.9983794   -3.27885032]
log likelihood =  -2441.46332184
Edge derivatives =  [0.012601942915961686, 0.06257083954315207, 0.05530523809951737, 0.06045533872730571, -0.1302194810355561, 0.06848961227957244, 0.0130497961123434, -0.08153553944113023, 0.040579693680496645, -0.019807735348186046, -0.10869597854016069, -0.09671526303856398, 0.005175291346035747, -7.233858207945779e-05, 0.0282318768183432, 0.04105995033896502, -0.00010006181069521638, -0.10409801292467818, -0.003342201603484557, -0.016808379621933336, -0.020460680992415048, -0.013972882214161129, 0.07663793483933859, -0.0074571450103124715]
other derivatives: [ 0.50572453 -1.29771252  1.21176527 -0.22569111  0.14765646  0.1241915 ]
Current x array =  [ -0.66987436  -0.5454098   -0.7223482    0.75750971  -0.08726106
  -0.90513685  -1.07362751  -1.76565483  -1.89458647  -3.0892512
  -4.5064201   -4.08805752  -3.25527909  -2.40354633  -3.30468619
  -4.83537095  -3.32570365  -1.93192621  -4.07385608 -15.14879776
  -3.85518556  -4.69786401 -15.01200406  -4.96080392  -4.2550066
  -4.76458755  -4.80819503  -4.50255252  -4.9877739   -3.27567068]
log likelihood =  -2441.49805094
Edge derivatives =  [-0.02421686363918575, 0.02311640422362443, 0.056738419006674645, 0.09063707509937531, -0.017398043686776506, 0.2558971132617731, 0.03441458583998479, -0.054177171660543366, 0.0923059481506701, 0.009794513339756485, 0.0714593246383783, -0.11064548757444748, 0.02563904823400938, -7.172059352297522e-05, 0.06707826875279234, 0.029769945749223876, -9.936685073593318e-05, -0.04565439762654562, 0.014773476869964136, -0.005577437874387598, -0.006625516011907192, 0.0049846678175011205, 0.03470009293837106, -0.04159228721948094]
other derivatives: [-0.63828338  5.98965926  1.65418896  0.17580533  0.10340955  0.24756446]
Current x array =  [ -0.66896926  -0.5589904   -0.72326212   0.75042208  -0.08731164
  -0.90472765  -1.07292358  -1.76407877  -1.89251144  -3.0932207
  -4.54073214  -4.1234891   -3.25604014  -2.40405563  -3.30884154
  -4.84236579  -3.33897902  -1.93092509  -4.07681966 -15.14880534
  -3.86080931  -4.6916076  -15.01201455  -4.9803176   -4.25814236
  -4.76782809  -4.81221584  -4.50686598  -4.97368066  -3.27198288]
log likelihood =  -2441.46068006
Edge derivatives =  [0.005463947108330425, 0.05486604611636775, 0.05614959522567187, 0.06694137158345058, -0.10629306444793074, 0.10826796634119437, 0.01765725199563764, -0.07551095502779612, 0.05153036988121408, -0.013573599019617352, -0.0707862792092644, -0.09915025950097583, 0.0095147233502266, -7.220984441304257e-05, 0.03643855685974732, 0.038748921838127046, -9.991967014049162e-05, -0.09179707397248874, 0.0004961625665650601, -0.014429619069193302, -0.01753722221269349, -0.009968250295594519, 0.06795436758710613, -0.014440358721448554]
other derivatives: [ 0.26720954  0.25602276  1.30416993 -0.14206307  0.13842509  0.15002115]
Current x array =  [ -0.66968546  -0.54824425  -0.72253895   0.75603043  -0.08727162
  -0.90505145  -1.07348059  -1.76532588  -1.89415338  -3.09007969
  -4.51358147  -4.09545256  -3.25543793  -2.40365262  -3.30555347
  -4.83683087  -3.32847439  -1.93171726  -4.07447462 -15.14879935
  -3.85635931  -4.69655821 -15.01200625  -4.96487668  -4.25566108
  -4.76526389  -4.80903423  -4.50345279  -4.98483246  -3.27490099]
log likelihood =  -2441.457305
Edge derivatives =  [-0.015286598588094391, 0.03288305366801503, 0.023968353651462992, 0.06130676032342959, -0.08904387918925365, 0.13391194542674545, 0.015913191700579338, -0.06679719087079744, 0.05849348601143517, -0.009444308574652789, -0.012583887967217156, -0.032398927680415024, 0.011419212899003488, -7.22393954594997e-05, 0.03724561353881764, 0.03749479983835026, -9.985898142562704e-05, -0.08036905542521511, 0.0024707517215784847, -0.01290798102026056, -0.01561974526863412, -0.007463339377963257, 0.05862746395607346, -0.02572907737865271]
other derivatives: [ 0.16916601 -0.00163709  0.35029188  0.06702976  0.08076313  0.16984814]
Current x array =  [ -0.66960164  -0.54782837  -0.71986198   0.75311681  -0.08650954
  -0.90492966  -1.07312163  -1.76476341  -1.89330322  -3.0902869
  -4.51958536  -4.10010329  -3.25542676  -2.40406569  -3.30625522
  -4.8380362   -3.33330039  -1.93326401  -4.07490114 -15.14880095
  -3.8570244   -4.69532263 -15.01200847  -4.96848342  -4.25617391
  -4.76587578  -4.80979255  -4.50421755  -4.98223653  -3.27397206]
log likelihood =  -2441.45655333
Edge derivatives =  [-0.020472240171455866, 0.026200313060158742, 0.002971449996457709, 0.050366539004070066, -0.09140418329786246, 0.12299583541175223, 0.01273271726463722, -0.05691714602944348, 0.05115960255901808, -0.010829682468433958, -0.000661879534035209, -0.0010868156834378806, 0.009370788752664727, -7.228225605690702e-05, 0.031209602330666643, 0.03701324174103224, -9.987354496348354e-05, -0.07929368397114826, 0.0011289724155553738, -0.013336649533737664, -0.01619538212089442, -0.008439597702160882, 0.05666683760238578, -0.027100867008508667]
other derivatives: [-0.26466296  0.00754881 -0.06211849  0.09722498  0.01055014  0.14624675]
Current x array =  [ -0.66909399  -0.54784004  -0.71871555   0.7528051   -0.08578416
  -0.90400493  -1.07309058  -1.76444503  -1.89294814  -3.08962538
  -4.51954371  -4.09797224  -3.25525623  -2.40462508  -3.30587268
  -4.83797224  -3.33462797  -1.93414986  -4.07474518 -15.14880137
  -3.85656624  -4.69513318 -15.01200905  -4.96872277  -4.25609501
  -4.76592219  -4.80984741  -4.50419976  -4.98206769  -3.2739963 ]
log likelihood =  -2441.45612554
Edge derivatives =  [-0.019937394089591318, 0.024162102025812593, -0.012410340996607871, 0.039710636005159713, -0.09394339840543275, 0.11117538834131155, 0.009698173061454055, -0.04468429152889014, 0.04227088039512, -0.01233963721610986, 0.0025924530416448766, 0.01814354633933868, 0.0072988086527807985, -7.231775913685852e-05, 0.02552531841600468, 0.03603323354156649, -9.98819426078048e-05, -0.07881184778468447, -0.00021215613125157712, -0.013740907551917429, -0.016776120958624272, -0.009455647425842702, 0.0553156401403493, -0.026713265911597395]
other derivatives: [ 0.05225047  0.0988166  -0.36357051  0.07735252 -0.03897185  0.11755219]
Current x array =  [ -0.66949568  -0.54803376  -0.71787979   0.7530344   -0.08519598
  -0.90278615  -1.07315117  -1.76413477  -1.89269484  -3.08893515
  -4.51942336  -4.09566902  -3.25508606  -2.40523221  -3.30534877
  -4.83787978  -3.33522112  -1.93474612  -4.07456737 -15.14880182
  -3.8560718   -4.69494906 -15.01200968  -4.96893122  -4.255997    -4.7659603
  -4.80989147  -4.50416293  -4.98191929  -3.27417984]
log likelihood =  -2441.45556685
Edge derivatives =  [-0.017044963310953162, 0.023401600515684295, -0.02735557618401918, 0.028655238014392848, -0.09361249947341971, 0.10215798372472679, 0.006419438457874779, -0.03180939654686185, 0.03166845825169558, -0.013455027470387609, 0.005439058527619181, 0.01875037845426686, 0.00508596121021989, -7.236627921849516e-05, 0.019950224398121615, 0.03378415439509981, -9.989111484735039e-05, -0.07712041109981618, -0.0015484187543894634, -0.014028537796328636, -0.017218149395614522, -0.01027822651612512, 0.05284254653238069, -0.02700635755895875]
other derivatives: [-0.10450094  0.14379111 -0.44847184  0.02314664 -0.09267751  0.07885319]
Current x array =  [ -0.66930962  -0.54810171  -0.71764933   0.75385373  -0.08471383
  -0.90109407  -1.07331585  -1.76378359  -1.89249796  -3.0882521
  -4.52036955  -4.09393157  -3.25491074  -2.40594748  -3.30476582
  -4.83798168  -3.33578945  -1.93501325  -4.07443724 -15.14880266
  -3.85564343  -4.69452248 -15.01201083  -4.96981271  -4.25597     -4.76610968
  -4.81007264  -4.50424916  -4.98128742  -3.27440885]
log likelihood =  -2441.45391182
Edge derivatives =  [-0.01116694999180333, 0.004659107044278632, -0.06684872337499481, -0.007849327706698772, -0.08554864161529588, 0.07826884113837253, -0.003224274226314633, 0.02022341916917797, 0.0014647641585200377, -0.01480605611055933, 0.050436477295867435, -0.012738414571225765, -0.0008568634299865041, -7.252631512376323e-05, 0.004056978339375711, 0.023994198072901245, -9.986518400001139e-05, -0.06867909099314493, -0.004474393924554204, -0.013749055708052196, -0.017141191197897525, -0.011160979767339353, 0.043727041133522423, -0.0312514576013434]
other derivatives: [-0.01446097  0.17389539 -0.41054591 -0.05297807 -0.18681021 -0.02091838]
Current x array =  [ -0.6694294   -0.54815928  -0.71776609   0.75487202  -0.08434791
  -0.89564992  -1.07382463  -1.76229764  -1.89201815  -3.08590307
  -4.52568732  -4.08841585  -3.25429296  -2.40853666  -3.30309384
  -4.83874734  -3.34060866  -1.93501115  -4.07410129 -15.14880636
  -3.85426122  -4.69255999 -15.01201595  -4.97420861  -4.25604581
  -4.76687853  -4.811012    -4.50482839  -4.97817758  -3.27487446]
log likelihood =  -2441.45208862
Edge derivatives =  [0.0110448909035758, -0.032091231512006047, -0.029649386030034197, -0.03461960290824842, -0.06629936542340212, 0.048386365308401805, -0.008998522857861152, 0.06965600262048455, -0.026343786159337523, -0.011832986187099756, 0.08570494995542495, 0.05603348120907192, -0.004443955570929886, -7.264915233792499e-05, -0.008032011118502935, 0.009682291919674301, -9.976773437844138e-05, -0.054540719913089175, -0.00459712340094421, -0.010593906771514276, -0.013605773935078877, -0.008278368183386575, 0.03347550805752976, -0.019697807163749914]
other derivatives: [-0.31600393  0.13592398 -0.36866368 -0.06070877  0.01887202 -0.04415597]
Current x array =  [ -0.66901249  -0.54807337  -0.7179611    0.75430223  -0.08822959
  -0.88994796  -1.07465502  -1.76059307  -1.89325071  -3.08355966
  -4.53502928  -4.08027619  -3.25369717  -2.41068762  -3.30120424
  -4.84019562  -3.34417456  -1.9368648   -4.07379381 -15.14881305
  -3.85263498  -4.68950657 -15.01202519  -4.98175823  -4.25631908
  -4.76823844  -4.81268551  -4.50590204  -4.97296977  -3.27638448]
log likelihood =  -2441.4509011
Edge derivatives =  [0.012238111310554092, -0.03251437615189967, -0.0002357679198599083, -0.03846334948972516, -0.04153568172820795, 0.04962638590561584, -0.014025739252623085, 0.06080554329434218, -0.032712970346392964, -0.0069065623969194155, 0.0967564626748591, 0.04147278610608002, -0.004698606565675209, -7.268440840874515e-05, -0.009433522768201003, -0.0022804364718562904, -9.969148864794314e-05, -0.03994730806432477, -0.0030914456518796735, -0.007480215864323125, -0.009849242576305421, -0.004648330433911545, 0.022755642356125864, -0.015215469439245233]
other derivatives: [  1.63572622e-01  -1.55523594e-02  -9.09494702e-05   2.82852852e-02
   2.38742359e-02  -7.55790097e-02]
Current x array =  [ -0.66960104  -0.54782189  -0.71899151   0.75283134  -0.08894553
  -0.88703385  -1.07487893  -1.76018986  -1.89413662  -3.08334751
  -4.54550332  -4.07895854  -3.25360736  -2.41058445  -3.30099548
  -4.84202484  -3.34529156  -1.93687255  -4.07403321 -15.14881909
  -3.85249924  -4.68690312 -15.01203351  -4.98930575  -4.2569061
  -4.76956716  -4.81433481  -4.50714275  -4.96775063  -3.27729363]
log likelihood =  -2441.45037409
Edge derivatives =  [0.016068118515877722, -0.020457489584506328, 0.038011142592174973, -0.027967226009327356, -0.03131357458366792, 0.04894702483761576, -0.013805736320717327, 0.03331878147820372, -0.028972337913725846, -0.004108056047383218, 0.07153486220806846, 0.03243949358022252, -0.0035387070606960405, -7.264916175674225e-05, -0.006223059848512541, -0.006785651083862584, -9.966477480881428e-05, -0.03458510937922731, -0.001658128328489973, -0.005714722956863583, -0.007664812356681015, -0.002463846232998144, 0.01998712716098374, -0.0064021336580677435]
other derivatives: [ 0.11445991 -0.05538823  0.22514541  0.05002221  0.06393748 -0.07130438]
Current x array =  [ -0.66953265  -0.54773425  -0.71963074   0.75244269  -0.08962959
  -0.88688227  -1.07493191  -1.76057392  -1.89504235  -3.08392697
  -4.54968819  -4.07816659  -3.25377328  -2.40949494  -3.3012315
  -4.84275556  -3.34296975  -1.93666842  -4.07419067 -15.148822
  -3.85264328  -4.68602197 -15.01203753  -4.99239815  -4.25715622
  -4.77011932  -4.81502674  -4.50763531  -4.96567533  -3.27809838]
log likelihood =  -2441.44983476
Edge derivatives =  [0.017561983372187326, -0.0018802159590470824, 0.07022127704789671, -0.014210771329405819, -0.020547787462826192, 0.0458538802130652, -0.012382851142483484, -0.0038364775384371885, -0.02181385270357629, -0.0009808360821927063, 0.03182359942196206, 0.01543052294269398, -0.0019556505883798134, -7.25938974051551e-05, -0.0020169435956596538, -0.011229821461235846, -9.963404588585653e-05, -0.028283071131020028, 5.604077078050912e-05, -0.003619421401462042, -0.005060314158672724, 3.342636800879317e-05, 0.0168664828849207, 0.005173312555851961]
other derivatives: [ 0.09686119 -0.05393304  0.28167051  0.04311005  0.08267307 -0.06916707]
Current x array =  [ -0.66950785  -0.54772145  -0.71980345   0.75251379  -0.08984945
  -0.88731072  -1.07486256  -1.76118304  -1.89573146  -3.08481988
  -4.55434002  -4.07689722  -3.25408138  -2.40800308  -3.30169564
  -4.84355127  -3.33936761  -1.93625599  -4.07438602 -15.14882574
  -3.85286109  -4.68516579 -15.01204266  -4.99593916  -4.25742921
  -4.77074666  -4.81581766  -4.50816803  -4.96332948  -3.27908942]
log likelihood =  -2441.44897211
Edge derivatives =  [-0.010757491878674946, -0.011056700026375044, 0.012497998392966503, -0.007016708117539711, -0.0012736482077583614, 0.03154341844064169, -0.0031255584747308524, -0.022414428160232563, -0.0035851168591298777, 0.004900164819321422, -0.0077349665915665555, 0.007740082685048777, 0.000998879535770443, -7.25466808086448e-05, 0.004188818285758955, -0.01901528352368544, -9.953748445240126e-05, -0.013686771038518359, 0.003276705855985336, 0.0009052105567100809, 0.0006660346773603373, 0.005034174496326302, 0.009422968540366016, 0.017402141109501335]
other derivatives: [-0.14947545 -0.12214514  0.22287168  0.0858563   0.02100933 -0.04929461]
Current x array =  [ -0.66923403  -0.54757595  -0.7196501    0.75224494  -0.08862314
  -0.89006272  -1.07415901  -1.76129436  -1.89397236  -3.08600065
  -4.56390514  -4.07205028  -3.25485593  -2.40713229  -3.30288658
  -4.84506657  -3.33566536  -1.93593614  -4.07469966 -15.14883535
  -3.85293901  -4.68374097 -15.01205588  -5.00373136  -4.25789523
  -4.77207102  -4.81749911  -4.50917068  -4.95818369  -3.28017415]
log likelihood =  -2441.44880015
Edge derivatives =  [-0.008288415216264958, -0.012695870766459727, -0.017768446849527164, -0.0016712624683810628, 0.008295225603184894, 0.015567075520510953, 0.006755000473133155, -0.010448041277422992, 0.007019480319070445, 0.008223695134789339, -0.029282251429411377, -0.021545270056267052, 0.0031158466579217156, -7.247897687444174e-05, 0.007945073688816529, -0.022368404165325297, -9.942808519673206e-05, -0.005404330819128559, 0.0053885511595019656, 0.003892176753983158, 0.004363330573997206, 0.008038361873559961, 0.006173532845379172, 0.02432521935404308]
other derivatives: [ 0.01273293  0.40790837  0.02687557 -0.03228706  0.03665264 -0.02810339]
Current x array =  [ -0.66945012  -0.54853203  -0.71912199   0.75389985  -0.08817622
  -0.89231353  -1.07404223  -1.76139873  -1.89282433  -3.08656206
  -4.56883602  -4.06746616  -3.25532391  -2.40731104  -3.30341091
  -4.84571158  -3.33360023  -1.93498595  -4.07476678 -15.1488422
  -3.8526913   -4.68331327 -15.01206531  -5.0081915   -4.25802763
  -4.77277643  -4.81840376  -4.50957812  -4.95525766  -3.28062595]
log likelihood =  -2441.44860382
Edge derivatives =  [-0.014091048305535259, -0.01844249132843251, -0.037927144395075274, -0.003928675616456961, 0.005382305276208168, 0.014597686201916253, 0.006816880975518483, -0.005146886562896025, 0.008138317357351335, 0.007513098382533116, -0.024436994099827136, -0.009302336490074448, 0.002874491910944861, -7.25153818835557e-05, 0.007457626108825666, -0.021031343210622163, -9.945397311690769e-05, -0.006808344403415163, 0.004968702677034309, 0.003482740959622154, 0.003916232955373539, 0.007477961794859579, 0.007158781125858216, 0.02090457992603878]
other derivatives: [ 0.02255547 -0.04683898 -0.07285053 -0.00841283  0.01373337 -0.02346496]
Current x array =  [ -0.66944579  -0.54770432  -0.71885234   0.75373614  -0.08772588
  -0.89295463  -1.07393338  -1.76135243  -1.89238371  -3.08654044
  -4.56783977  -4.06734389  -3.25534064  -2.40752987  -3.30348888
  -4.84551384  -3.33401912  -1.9352627   -4.07473523 -15.148842
  -3.85266301  -4.68364797 -15.01206503  -5.00755071  -4.25795517
  -4.77264836  -4.81824754  -4.50943761  -4.95570099  -3.28036098]
log likelihood =  -2441.44857754
Edge derivatives =  [-0.012626815673901906, -0.01993637259850245, -0.03782973573712378, -0.005097910052713428, 0.003365687745407648, 0.015154533887935605, 0.006559061808240549, 0.0003135771235884821, 0.00696261586000238, 0.006941075603849857, -0.01757775550461911, -0.006080521831395569, 0.002634706461610334, -7.251933601315277e-05, 0.0068983480288399915, -0.020081971437976465, -9.945911776965777e-05, -0.008137083502156552, 0.004661738457158393, 0.0030913677662047154, 0.003435420085082127, 0.00699822912588461, 0.007974002751513113, 0.01858473832226548]
other derivatives: [-0.00582077 -0.01073204 -0.04765752 -0.00445652  0.01236913 -0.02219167]
Current x array =  [ -0.66941332  -0.54777     -0.71891862   0.75367978  -0.08771769
  -0.89295956  -1.07397715  -1.76131373  -1.89240383  -3.08641393
  -4.56688669  -4.06755652  -3.25527368  -2.40774102  -3.30340034
  -4.84533998  -3.33462579  -1.93532744  -4.07469413 -15.1488414
  -3.85261747  -4.68386477 -15.01206419  -5.00684733  -4.25789244
  -4.77251657  -4.81808248  -4.50931704  -4.95616611  -3.28015649]
log likelihood =  -2441.44852508
Edge derivatives =  [-0.00669770748380423, -0.01970026905409783, -0.035164143707078876, -0.004624299277771138, 0.0009834334614078552, 0.012725311780964414, 0.007297368944619728, 0.011280939143942126, 0.006314373756143868, 0.006302668256270995, -0.008595059939021751, -0.0003636666641406716, 0.002454659342884677, -7.251921957838782e-05, 0.006457731255116998, -0.01862783393393904, -9.945595482651788e-05, -0.009473479842870901, 0.004293331689728001, 0.0028078908761143308, 0.0031126829458735274, 0.006441114413453769, 0.009228388233482408, 0.0139962427296072]
other derivatives: [-0.01073204  0.03046807 -0.00659384 -0.01018634  0.01009539 -0.01409717]
Current x array =  [ -0.66940855  -0.54784001  -0.71903115   0.75379573  -0.08754977
  -0.89355507  -1.07409421  -1.7613946   -1.89246403  -3.08631764
  -4.56584619  -4.06697462  -3.25519457  -2.4081174   -3.30329115
  -4.84506545  -3.33538669  -1.9353862   -4.07460819 -15.1488419
  -3.85244132  -4.68434529 -15.01206488  -5.00630577  -4.25776214
  -4.77236502  -4.81789945  -4.50910747  -4.95651694  -3.27976012]
log likelihood =  -2441.44845355
Edge derivatives =  [0.004793020895082337, -0.01402695442826285, -0.01896499750656533, -0.0014579463833456485, 0.0005453796099438822, 0.006089986769820373, 0.007616800014970712, 0.02299982128907843, 0.004810186976845085, 0.005929001829869652, 0.0023540721677106635, 0.0070463230829687085, 0.0021379287106646563, -7.251540493131654e-05, 0.005507856769221171, -0.01744752419044653, -9.943786799908525e-05, -0.009178903419015581, 0.0038089406576683887, 0.0028888284602405223, 0.0032647678713051513, 0.005955303558846534, 0.009641176754039617, 0.006788727472919032]
other derivatives: [ -3.50155460e-02   4.82032192e-02   1.63709046e-02  -7.86712917e-03
  -9.09494702e-05  -3.72892828e-03]
Current x array =  [ -0.66938218  -0.54786194  -0.71909921   0.75382749  -0.08721011
  -0.89453773  -1.07431171  -1.7616942   -1.89287325  -3.08625114
  -4.5657713   -4.06519398  -3.25503811  -2.40850915  -3.30308097
  -4.84481877  -3.33631706  -1.93545904  -4.07447469 -15.14884481
  -3.85204879  -4.68497719 -15.01206887  -5.00679676  -4.25758406
  -4.77231001  -4.8178461   -4.50888024  -4.95613162  -3.27920864]
log likelihood =  -2441.4484257
Edge derivatives =  [0.008870938270934228, -0.0018523436511374003, 0.005321855805768383, 0.006410754978378064, -0.00037539324043855266, -0.0032051819969998105, 0.006894867341715946, 0.01698606380381021, 0.005113942265664237, 0.005510338290283606, 0.0002433354751011224, 0.015124897362654988, 0.002185874790028637, -7.248400344508079e-05, 0.005694406973094722, -0.014940265021144115, -9.941376193959854e-05, -0.009095156868800625, 0.0033235200768974293, 0.0030834203277630215, 0.0035920959833199186, 0.00529247981928254, 0.010924879737981678, 0.0007434308380998012]
other derivatives: [ 0.20395419  0.02896741  0.06652954 -0.01118678  0.01632543  0.01591616]
Current x array =  [ -0.66967048  -0.54782872  -0.71924891   0.75388802  -0.08709107
  -0.89622159  -1.07425461  -1.76233988  -1.89343111  -3.08637461
  -4.56549954  -4.06272137  -3.25481463  -2.40813033  -3.30288171
  -4.84437479  -3.33602061  -1.93543591  -4.07429098 -15.14884993
  -3.85154239  -4.6861732  -15.0120759   -5.00750321  -4.25729372
  -4.77218007  -4.81771151  -4.50847389  -4.95554958  -3.27870221]
log likelihood =  -2441.44838645
Edge derivatives =  [0.009205484630297689, -0.0008296611901723039, 0.006016524425666248, 0.00674065758888541, 0.0018257172995739084, -0.005639705190031999, 0.006722042398885991, 0.016722643359622702, 0.004801575929346075, 0.005894146942692476, 0.0007511153915582963, 0.012328026194931008, 0.0020842929859118606, -7.248654784382495e-05, 0.005236330911135498, -0.015642742885490755, -9.940359959591645e-05, -0.007243866255774872, 0.003328393225860482, 0.0034376648632940786, 0.0040417570377257565, 0.005526656713801606, 0.009642713219585295, 1.004924127046003e-05]
other derivatives: [ 0.01500666  0.00445652  0.03137757 -0.00386535  0.00227374  0.01382432]
Current x array =  [ -0.66944288  -0.54777239  -0.71915454   0.75384751  -0.08692505
  -0.89632675  -1.0742684   -1.7623918   -1.8934624   -3.08639028
  -4.5666171   -4.06201284  -3.25480193  -2.40814238  -3.30286736
  -4.84450201  -3.3360793   -1.93539368  -4.07428802 -15.14885153
  -3.85144138  -4.68609801 -15.0120781   -5.00848622  -4.25730909
  -4.77231233  -4.81788111  -4.50854347  -4.95486367  -3.27869734]
log likelihood =  -2441.44837808
Edge derivatives =  [0.007436909855289331, 0.0008308886392293657, 0.008430811821368733, 0.007083345552811954, 0.002422898602472419, -0.005824382632954345, 0.0058813446028519595, 0.011620056248328264, 0.004406575776603028, 0.005940305274765672, -0.0016118621629722107, 0.009703697200800776, 0.00201676086335853, -7.248442648368332e-05, 0.005054371349273432, -0.015684142879977072, -9.940275561939585e-05, -0.006761488202461731, 0.0032731125869476865, 0.0034726061847051744, 0.00408410481412921, 0.0055012279038826745, 0.009224511484866707, 0.0004808660440360768]
other derivatives: [-0.01209628 -0.0080945   0.00909495 -0.00118234  0.00209184  0.01132321]
Current x array =  [ -0.66940988  -0.54774936  -0.71909418   0.75380684  -0.08696325
  -0.89623065  -1.07422028  -1.76244163  -1.89353317  -3.08639875
  -4.56689709  -4.06196357  -3.25477114  -2.40795929  -3.30284434
  -4.84452128  -3.33588118  -1.93534887  -4.07428597 -15.14885209
  -3.85141952  -4.68611635 -15.01207887  -5.00873823  -4.25730735
  -4.77233331  -4.81790875  -4.50854784  -4.95467117  -3.27875098]
log likelihood =  -2441.44836719
Edge derivatives =  [0.0039947292014047425, 0.003889604646649558, 0.012485789706166095, 0.007318390301168043, 0.002541780599996265, -0.006447913425598709, 0.003953389161091392, 0.0031201848708196367, 0.0031328367984210376, 0.0056951431727580056, -0.003735200957244722, 0.0054213306825171, 0.0017618826761407955, -7.247977930636312e-05, 0.004425344822000715, -0.015066829671741267, -9.94014135411767e-05, -0.006412836947462849, 0.0029627322154548233, 0.0033487778582527473, 0.003936317096567013, 0.005138572308539327, 0.008832813744684392, 0.0001113681380782161]
other derivatives: [-0.02009983 -0.0136879  -0.02009983  0.00363798  0.00204636  0.00768523]
Current x array =  [ -0.66940126  -0.54774182  -0.71901492   0.75372843  -0.08701766
  -0.89614103  -1.07411999  -1.76254987  -1.89365742  -3.08635266
  -4.56697603  -4.06182719  -3.25466191  -2.40764905  -3.30274733
  -4.84443703  -3.33570998  -1.93526378  -4.07424868 -15.1488534
  -3.85131807  -4.68636504 -15.01208067  -5.00896268  -4.25725042
  -4.77229719  -4.81786863  -4.5084632   -4.95445478  -3.27874306]
log likelihood =  -2441.44835322
Edge derivatives =  [-0.0017315763727980826, 0.0059583200157258265, 0.011174052694869818, 0.005988781662689596, 0.002473931472792606, -0.007066875544952139, 0.0012251325690160741, -0.006445080669888692, 0.0011126977458837811, 0.0051846251501982375, -0.004632931412042268, -0.0021507167671172, 0.001281807045689226, -7.247802881807567e-05, 0.003300809546264133, -0.014013361229397746, -9.939920703197812e-05, -0.005980069356992891, 0.0023976444774409314, 0.003073674892997244, 0.003608423369972566, 0.0044661296110565865, 0.008214847649210925, -0.0008791067132565278]
other derivatives: [-0.02364686 -0.01850822 -0.02055458  0.00832188 -0.00318323  0.00095497]
Current x array =  [ -0.66939943  -0.54773663  -0.71901427   0.75366264  -0.0870342
  -0.89598467  -1.07397527  -1.76262418  -1.89366336  -3.0862151
  -4.56702023  -4.06168209  -3.25449781  -2.40731504  -3.30260364
  -4.84428162  -3.33565887  -1.93511864  -4.07418561 -15.14885559
  -3.85114881  -4.68679628 -15.01208367  -5.00927158  -4.25715419
  -4.7722227   -4.8177837   -4.50831456  -4.95413012  -3.2787079 ]
log likelihood =  -2441.44834118
Edge derivatives =  [-0.004477748389513245, 0.007057404901266662, 0.009713210143709183, 0.0017829032520808308, -0.00015589542640904314, -0.009408166806842831, -0.004139553429705747, -0.013712340579991017, -0.004238914129023788, 0.0031618356504087945, 0.003434635439381814, -0.006683638420142579, 9.37104670921396e-06, -7.247341755571961e-05, -4.508801513018745e-05, -0.008743095004087518, -9.938156089191553e-05, -0.006003417995130492, 0.0005925946396869511, 0.0019745721889243215, 0.0022959674441104597, 0.0020166317249983925, 0.007665360921108345, -0.006204791182558678]
other derivatives: [ 0.00572982  0.05038601 -0.10104486 -0.00045475  0.01214175 -0.0007276 ]
Current x array =  [ -0.66943715  -0.54787068  -0.71879926   0.75373837  -0.08726239
  -0.89613857  -1.07385404  -1.7627471   -1.89368203  -3.08566096
  -4.5659149   -4.0610618   -3.254003    -2.40703042  -3.30212448
  -4.8434984   -3.33636086  -1.93495841  -4.07392074 -15.14886301
  -3.85050459  -4.68864706 -15.01209384  -5.0095103   -4.25673936
  -4.77180271  -4.81728934  -4.507639    -4.95356942  -3.2783064 ]
log likelihood =  -2441.4483186
Edge derivatives =  [-0.007718150364909332, 0.005873166607515301, 0.003177808957259165, 8.793745875840253e-06, 0.0003531529477851514, -0.009123484434669371, -0.005260508809614789, -0.017587430380826025, -0.004893833925562946, 0.0029100207397607727, 0.0018567454835235475, -0.010988272835044721, -0.0002817644752469081, -7.247941003777012e-05, -0.0005128065810967586, -0.008344262557645001, -9.938172363293805e-05, -0.00546911747868024, 0.0002609581609679945, 0.0018258187648713883, 0.0021295060312240856, 0.0016371460518199987, 0.0070364823783582164, -0.005888162917429884]
other derivatives: [ -1.44154910e-02  -1.72803993e-03  -1.46428647e-02   4.54747351e-05
   7.36690708e-03  -5.32054401e-03]
Current x array =  [ -0.66941077  -0.54777294  -0.71903999   0.75376256  -0.08726053
  -0.89601018  -1.07379825  -1.76270618  -1.8935498   -3.08556822
  -4.56620934  -4.06106289  -3.2539492   -2.40691259  -3.30209132
  -4.84343008  -3.33623264  -1.93489137  -4.07389476 -15.14886502
  -3.85041553  -4.68891245 -15.01209659  -5.00993049  -4.25669547
  -4.77177643  -4.81726246  -4.5075676   -4.95318564  -3.27838677]
log likelihood =  -2441.44831003
Edge derivatives =  [-0.00602741122547884, 0.002564977638536803, -0.0031804969324900068, -0.0017850526865735294, 0.0007010668154194821, -0.008218863615301518, -0.004745599045969245, -0.01290846042085858, -0.004733253527500023, 0.002835894973124267, 0.003153599183240277, -0.00956577101963163, -0.00035896204798776393, -7.24862235132117e-05, -0.0006625264938377382, -0.008180870257725587, -9.937973490753696e-05, -0.005129224929330829, 0.00018128349054832155, 0.0017559777852922155, 0.0020472932526494937, 0.001519960880298557, 0.006614558770536422, -0.005233147826529283]
other derivatives: [-0.01018634 -0.00068212  0.013506   -0.0037744   0.00600267 -0.00600267]
Current x array =  [ -0.66941568  -0.54777366  -0.71911866   0.75382336  -0.08724373
  -0.89592364  -1.07386341  -1.76257765  -1.89339397  -3.08549542
  -4.56636905  -4.06121707  -3.25397467  -2.40709963  -3.30211639
  -4.84341179  -3.33634414  -1.93493369  -4.07389373 -15.14886602
  -3.85039845  -4.68900205 -15.01209797  -5.0101221   -4.25669137
  -4.77176544  -4.81725057  -4.50755234  -4.95300039  -3.27845604]
log likelihood =  -2441.44829929
Edge derivatives =  [-0.0021339807378750048, -0.0016671124387723224, -0.009392305600719242, -0.0043773078635515605, 0.0008722139269256406, -0.007701862368334193, -0.004566449950968096, -0.005593350308249562, -0.005077819158739061, 0.002318365524769484, 0.0060820820937371595, -0.0049232772566192295, -0.0007027818005036768, -7.24966156834647e-05, -0.0014650681045600064, -0.006701263287376347, -9.937326160206489e-05, -0.0044426711617403525, -0.0003104752286226878, 0.0014449109650217853, 0.0016902740478357062, 0.0008247169523473222, 0.0057845063793781695, -0.00516192260388415]
other derivatives: [ 0.00609361 -0.0178261   0.02755769 -0.00727596  0.00595719 -0.00495675]
Current x array =  [ -0.66943438  -0.54774112  -0.71916194   0.75388573  -0.087214
  -0.89596568  -1.07397769  -1.76244348  -1.89325675  -3.08531204
  -4.56646687  -4.06120008  -3.25393954  -2.40738001  -3.30208384
  -4.8432025   -3.33658589  -1.93503209  -4.07383503 -15.14886985
  -3.8502224   -4.68960166 -15.01210322  -5.01060482  -4.25659164
  -4.77166066  -4.81713103  -4.50737522  -4.95248596  -3.27849634]
log likelihood =  -2441.44829432
Edge derivatives =  [0.0025977617838131573, -0.005940545877836434, -0.012456485904678738, -0.006085760654197275, 0.0023302861700120123, -0.006648111817603532, -0.0034264158583971333, 0.0021553546126931167, -0.004137126840366295, 0.0018282134054032027, 0.004810809557471776, 0.003587574709323138, -0.000987605320988738, -7.249774367828694e-05, -0.0020368426132786194, -0.004699281076360806, -9.935839887876291e-05, -0.002611801146664275, -0.0008309207905008928, 0.0011447077634572887, 0.0013659952180408927, 9.558370279973138e-06, 0.003986560110112454, -0.002654159044680471]
other derivatives: [-0.03160494  0.07935341  0.06257324 -0.00604814  0.00104592 -0.00304681]
Current x array =  [ -0.66939547  -0.54791273  -0.7192621    0.75387999  -0.08712321
  -0.89607357  -1.07411199  -1.7623091   -1.89318345  -3.08517369
  -4.56709143  -4.06118775  -3.25397132  -2.40766495  -3.30214249
  -4.84294584  -3.3364374   -1.9352101   -4.07377789 -15.14887686
  -3.85000603  -4.6904846  -15.01211285  -5.011747    -4.25647718
  -4.77155064  -4.81701251  -4.50715814  -4.95140002  -3.27874621]
      fun: 2441.4482943175676
 hess_inv: <30x30 LbfgsInvHessProduct with dtype=float64>
      jac: array([  3.16049409e-02,  -7.93534127e-02,  -6.25732355e-02,
         6.04813977e-03,  -1.04591891e-03,   3.04680725e-03,
        -2.59776178e-03,   5.94054588e-03,   1.24564859e-02,
         6.08576065e-03,  -2.33028617e-03,   6.64811182e-03,
         3.42641586e-03,  -2.15535461e-03,   4.13712684e-03,
        -1.82821341e-03,  -4.81080956e-03,  -3.58757471e-03,
         9.87605321e-04,   7.24977437e-05,   2.03684261e-03,
         4.69928108e-03,   9.93583989e-05,   2.61180115e-03,
         8.30920791e-04,  -1.14470776e-03,  -1.36599522e-03,
        -9.55837028e-06,  -3.98656011e-03,   2.65415904e-03])
  message: 'CONVERGENCE: REL_REDUCTION_OF_F_<=_FACTR*EPSMCH'
     nfev: 45
      nit: 40
   status: 0
  success: True
        x: array([ -0.66939547,  -0.54791273,  -0.7192621 ,   0.75387999,
        -0.08712321,  -0.89607357,  -1.07411199,  -1.7623091 ,
        -1.89318345,  -3.08517369,  -4.56709143,  -4.06118775,
        -3.25397132,  -2.40766495,  -3.30214249,  -4.84294584,
        -3.3364374 ,  -1.9352101 ,  -4.07377789, -15.14887686,
        -3.85000603,  -4.6904846 , -15.01211285,  -5.011747  ,
        -4.25647718,  -4.77155064,  -4.81701251,  -4.50715814,
        -4.95140002,  -3.27874621])
number of sites to be analyzed:  156
Successfully loaded parameter value from ./test/save/MG94_Force_EDN_ECP_nonclock_save.txt
log likelihood =  -2473.46364397
Edge derivatives =  [0.005810808008541113, -0.04789330327443547, -0.2744750993113554, 0.10601476279391092, -0.5375370832760696, -1.9248010614007711, 0.0741534767454884, -0.06730116503130854, 0.6232956951443828, -0.1439429831219573, 4.0246640038316635, 19.652844317538538, 0.0011219968413517106, -4.126618620732944e-05, -0.009998950713748393, 0.012999875875037325, -3.727908471807946e-05, -0.4709210758180879, -0.005479213948272957, -0.00032852539520851487, 8.560815439411992e-05, -0.0036047563343797676, 0.4689554112036347, -0.476609779521755]
other derivatives: [ 15.67004801  -0.68321242  -0.59708327  -5.81421773   4.41814336   0.        ]
Current x array =  [ -0.67641346  -0.54120557  -0.71939822   0.82699965  -0.09135377
   0.33647224  -1.00753544  -2.02643713  -1.85409082  -2.85570772
  -3.92863922  -3.62703052  -3.04613185  -2.33368425  -3.22030996
  -4.60099905  -3.62703052  -2.30258509  -3.9500846  -15.49909368
  -3.6565534   -4.64758939 -15.88391178  -4.81504697  -4.1303717
  -4.6439242   -4.64885562  -4.35032631  -4.84549329  -3.13122445]
log likelihood =  -2474.73944933
Edge derivatives =  [-0.6001034827941751, -0.5186785715742814, -0.14571258433564083, 0.05141393791595822, -0.35130030396393414, -1.2667016099463693, -0.013460680573254363, -0.1713088256239257, 0.14088411361720513, -0.11900330134652098, 1.7836070359267249, -23.70860323331835, -0.02776018829162441, -4.104821055412023e-05, -0.030911921502186863, -0.007869288971093846, -3.668001304887115e-05, -0.38250264778393617, -0.02965780249124087, -0.013955197369228046, -0.006716730802100661, -0.022803903134759704, 0.3647206884950827, -0.1921708695993145]
other derivatives: [-17.42550921  13.96151674  12.3416612   19.20802788 -12.58927114   0.        ]
Current x array =  [ -0.64727461  -0.57298653  -0.74717272   0.55653995   0.11416481
   0.33647224  -1.00726514  -2.02866498  -1.86685857  -2.85077624
  -3.95364381  -3.71656641  -3.04268245  -2.33681489  -3.19131615
  -4.60769484  -3.4398154   -1.38839461  -3.9500324  -15.4990956
  -3.65701852  -4.64698468 -15.88391351  -4.83695278  -4.13062658
  -4.64393948  -4.64885164  -4.35049399  -4.82367891  -3.15339488]
log likelihood =  -2467.65786155
Edge derivatives =  [-0.30163578296287746, -0.28078142058453404, -0.2100631470842378, 0.08390805181465649, -0.45110600019290464, -1.5837743741449444, 0.03286575226303115, -0.11368491697681965, 0.3957183173829135, -0.13242663089908357, 2.957074104109865, 3.253828084735137, -0.011600091217742442, -4.114917286198809e-05, -0.018751961859506255, 0.003240781534250548, -3.6981551973079274e-05, -0.4307392202713094, -0.016039021938943986, -0.006258576882856515, -0.002578846064535626, -0.012240224321187161, 0.42234213328639875, -0.33901933455485067]
other derivatives: [-0.12896635  6.60138539  5.6427325   6.39388418 -4.14138412  0.        ]
Current x array =  [ -6.62197394e-01  -5.56710649e-01  -7.32948652e-01   6.95049609e-01
   8.91324311e-03   3.36472237e-01  -1.00740357e+00  -2.02752403e+00
  -1.86031987e+00  -2.85330178e+00  -3.94083829e+00  -3.67071268e+00
  -3.04444898e+00  -2.33521160e+00  -3.20616466e+00  -4.60426574e+00
  -3.53569328e+00  -1.85657605e+00  -3.95005913e+00  -1.54990946e+01
  -3.65678032e+00  -4.64729437e+00  -1.58839126e+01  -4.82573423e+00
  -4.13049605e+00  -4.64393166e+00  -4.64885368e+00  -4.35040812e+00
  -4.83485064e+00  -3.14204081e+00]
log likelihood =  -2469.23314595
Edge derivatives =  [-0.12383818790735976, -0.08100705904547875, -0.6085236995341166, -0.025623485145043257, -0.38568121651636117, -1.4487374947490563, -0.23185885544639337, -0.06595933168113097, 0.24437352738167145, -0.1472453118071874, 2.3095792908763397, -3.842779213972998, -0.04403848686929023, -4.235931766205888e-05, -0.07286231199350818, -0.010017098911276313, -3.7321013246556606e-05, -0.44338463834462966, -0.042990278045382906, -0.022516720766082205, -0.022868356758973543, -0.03472250205257037, 0.4055524955051345, -0.34429821996276444]
other derivatives: [  6.8744157  -46.79704944 -22.68407115   2.31530066  -1.00108082   0.        ]
Current x array =  [ -0.66748344  -0.47549327  -0.66359189   0.74763692  -0.02184717
   0.33647224  -1.0112432   -2.03136798  -1.86440346  -2.85168895
  -3.9493451   -3.70076915  -3.04365212  -2.33701044  -3.19793427
  -4.60669287  -3.47739406  -1.71537478  -3.95020225 -15.49909536
  -3.65707145  -4.64718701 -15.88391329  -4.83364264  -4.13072951
  -4.6440136   -4.64888632  -4.35058337  -4.82705988  -3.14880154]
log likelihood =  -2467.33966664
Edge derivatives =  [-0.2066195448929454, -0.18889636067051851, -0.28633528342809744, 0.06762802400646506, -0.42744910227008975, -1.5352191197318692, -0.0327802980926218, -0.07286390845083998, 0.3631202996690257, -0.13408567383990305, 2.7783476120686186, 1.3160963946017092, -0.015853732462616607, -4.151101648818384e-05, -0.027254594886007802, 0.0016400994330656553, -3.704118055861412e-05, -0.43316550273657695, -0.01957546284016936, -0.008426015283599219, -0.005880822630143612, -0.015334255852714578, 0.42053600457969814, -0.3298271140879203]
other derivatives: [ 1.95641405 -7.16904651 -2.03290256  5.19839887 -3.23097993  0.        ]
Current x array =  [ -6.63748013e-01  -5.32886163e-01  -7.12603386e-01   7.10475686e-01
  -1.10085995e-04   3.36472237e-01  -1.00852989e+00  -2.02865162e+00
  -1.86151776e+00  -2.85282867e+00  -3.94333370e+00  -3.67952951e+00
  -3.04421523e+00  -2.33573928e+00  -3.20375034e+00  -4.60497772e+00
  -3.51859166e+00  -1.81515575e+00  -3.95010111e+00  -1.54990948e+01
  -3.65686572e+00  -4.64726287e+00  -1.58839128e+01  -4.82805410e+00
  -4.13056453e+00  -4.64395569e+00  -4.64886326e+00  -4.35045953e+00
  -4.83256528e+00  -3.14402402e+00]
log likelihood =  -2467.12901796
Edge derivatives =  [-0.1158343807760823, -0.12707019283965904, -0.17353879907167902, 0.07016570562160535, -0.4039892155749214, -1.4840368500763326, -0.01146247068791248, -0.05436902543807906, 0.34311751641602795, -0.129800520923515, 2.647371695266639, 0.2939455324544976, -0.012110133754975494, -4.141424717528783e-05, -0.02258033557034629, 0.003996913062786836, -3.693842577699278e-05, -0.4233643721645988, -0.016227498313298713, -0.006633351258023595, -0.004552485728888861, -0.012757873540735501, 0.41346532353867127, -0.29639918685118305]
other derivatives: [-1.08248059 -3.23798304 -3.70464477  3.53775249 -2.34058462  0.        ]
Current x array =  [ -6.60077094e-01  -5.39324431e-01  -7.08415810e-01   7.29404095e-01
  -1.15925840e-02   3.36472237e-01  -1.00951880e+00  -2.02960122e+00
  -1.86273828e+00  -2.85245440e+00  -3.94547450e+00  -3.68715357e+00
  -3.04418624e+00  -2.33614864e+00  -3.20179450e+00  -4.60561689e+00
  -3.50426458e+00  -1.79288716e+00  -3.95015725e+00  -1.54990950e+01
  -3.65696856e+00  -4.64724450e+00  -1.58839130e+01  -4.83012794e+00
  -4.13064150e+00  -4.64398633e+00  -4.64888143e+00  -4.35051880e+00
  -4.83053674e+00  -3.14570394e+00]
log likelihood =  -2466.90817693
Edge derivatives =  [0.11077384589607239, 0.028451289270555735, 0.10372278844693184, 0.086314440938003, -0.34025854396888533, -1.3526126468748143, 0.03298789448803115, 0.0009740378068375799, 0.2905868932429735, -0.12008436376108166, 2.2909512348910925, -1.700838204387623, -0.0028160988976968088, -4.127433795340586e-05, -0.009121456891262113, 0.007372429132410773, -3.675059768031918e-05, -0.4032651462492572, -0.0077568465270539955, -0.0023664683605495868, -0.0011454541153833805, -0.0061091574457201175, 0.3994283023487103, -0.2146496509284226]
other derivatives: [  5.99420673e+00   1.08811946e+00  -2.09183781e-03  -1.06660991e+00
   3.98267730e-01   0.00000000e+00]
Current x array =  [ -0.66748983  -0.54666427  -0.71894367   0.78122169  -0.04458992
   0.33647224  -1.01185954  -2.03200639  -1.8656249   -2.85133927
  -3.95170358  -3.70964572  -3.04408001  -2.33720635  -3.19623469
  -4.60752748  -3.46280221  -1.75047584  -3.95031626 -15.49909563
  -3.65726736  -4.64717994 -15.88391353  -4.83635314  -4.13086429
  -4.64407406  -4.64893442  -4.3506915   -4.82444067  -3.15042822]
log likelihood =  -2466.94067645
Edge derivatives =  [0.12497263227319783, 0.07001294954644088, 0.04660191330474195, 0.07774901760741382, -0.3304699970070509, -1.2907436677145332, 0.006218244533090653, 0.005977806946752651, 0.25674651727782705, -0.1205915728025197, 2.149657055390347, -0.8307131650892688, -0.00681364096894508, -4.1427813008505457e-05, -0.012885544612112762, 0.004478061623654096, -3.685812840884561e-05, -0.40047254854712705, -0.010735285498043652, -0.004436833542656383, -0.0040686462056529725, -0.00792382058224576, 0.39281388776836795, -0.20232903527308954]
other derivatives: [-12.46962711  -1.09062057   1.81712494  -2.49215191   1.22854544   0.        ]
Current x array =  [ -0.64583649  -0.54157794  -0.72439674   0.79999123  -0.0588       0.33647224
  -1.01209309  -2.03257869  -1.86572416  -2.85071585  -3.95461359
  -3.72074666  -3.04398199  -2.33745802  -3.19387525  -4.60851829
  -3.44386035  -1.7692215   -3.95038144 -15.49909596  -3.6573935
  -4.64714017 -15.88391383  -4.83963454  -4.13096473  -4.64411258
  -4.64895683  -4.35077064  -4.82121567  -3.15234682]
log likelihood =  -2466.86350563
Edge derivatives =  [0.11638532211235661, 0.04614717256821632, 0.07885290730236716, 0.08251814541914171, -0.3361509742227882, -1.3258419823061067, 0.02119224380091765, 0.003121659018617773, 0.27591196280958374, -0.12031740603592167, 2.2302675769663867, -1.3223970630720236, -0.004569705933200968, -4.1341174329350376e-05, -0.010777924627042995, 0.006108023854369007, -3.6797205448370915e-05, -0.40207727604011684, -0.009064072749869728, -0.0032743161169533942, -0.002415948689830489, -0.006910221974902174, 0.396571703500685, -0.20938262652408834]
other derivatives: [-1.83958946  0.14879333  0.78848643 -1.68529368  0.75892785  0.        ]
Current x array =  [ -0.65811383  -0.54446186  -0.72130487   0.78934899  -0.05074295
   0.33647224  -1.01196067  -2.0322542   -1.86566788  -2.85106933
  -3.95296362  -3.71445248  -3.04403757  -2.33731533  -3.19521304
  -4.6079565   -3.4546003   -1.7585928   -3.95034448 -15.49909577
  -3.65732198  -4.64716272 -15.88391366  -4.837774    -4.13090778
  -4.64409074  -4.64894412  -4.35072577  -4.82304423  -3.15125898]
log likelihood =  -2466.83986259
Edge derivatives =  [0.09297113250004349, 0.03297815798417442, 0.057932129788603515, 0.07936894407583589, -0.3372923944992498, -1.3165799757763468, 0.018338391232020815, -0.0005753346043425589, 0.2724706685932228, -0.12025472715464565, 2.2160788202101664, -0.9899219468035803, -0.005062712709917233, -4.1352274165780166e-05, -0.011344579183408865, 0.005831907772166536, -3.681950273196548e-05, -0.4019059340579616, -0.009471079638753287, -0.003513886309712666, -0.0025752458715431956, -0.00724446617902617, 0.3960426559322249, -0.20898193479890526]
other derivatives: [-1.91862455 -0.13601493  0.76111064 -1.33809408  0.59030754  0.        ]
Current x array =  [ -0.65807444  -0.54397452  -0.72119767   0.78526269  -0.04883321
   0.33647224  -1.01164742  -2.03207558  -1.86537076  -2.85096172
  -3.95333118  -3.71600801  -3.04400782  -2.33726205  -3.19494519
  -4.60810508  -3.4522083   -1.76557279  -3.95034732 -15.49909583
  -3.65733117  -4.64715395 -15.88391371  -4.8382781   -4.13091648
  -4.64409365  -4.64894657  -4.35073253  -4.82254542  -3.15144179]
log likelihood =  -2466.6086823
Edge derivatives =  [-0.03417074279354568, -0.019293573154215315, -0.0009229831290393786, 0.0363535761449999, -0.2870309062768643, -1.0351447351317309, 0.015350274987031565, -0.006490623081702923, 0.1578790914317756, -0.10778839015606091, 1.5415782319656424, 0.6902465099772059, -0.004038611516219662, -4.134885449034779e-05, -0.009213961438562852, 0.0064282696562755134, -3.691991618100149e-05, -0.37352121716281844, -0.007978256995400737, -0.0031303038718176017, -0.0019665026621871577, -0.00655073413138537, 0.36745222667195543, -0.1163157024918069]
other derivatives: [-2.8917384   1.37151801 -2.89091986  0.29313014  0.02569323  0.        ]
Current x array =  [ -0.6573223   -0.54672898  -0.71139323   0.76471268  -0.04339717
   0.33647224  -1.00941312  -2.03172344  -1.86385212  -2.84817184
  -3.96570244  -3.76386186  -3.04336134  -2.33748636  -3.18506623
  -4.61248375  -3.3716308   -1.80225346  -3.95054145 -15.49909733
  -3.65776103  -4.64694147 -15.88391505  -4.85292873  -4.13127188
  -4.64422541  -4.64903549  -4.35100816  -4.80810897  -3.1590702 ]
log likelihood =  -2466.4420694
Edge derivatives =  [-0.2028324274071851, -0.08555691654794817, -0.1232575102942608, -0.018650867199501264, -0.18706943884685728, -0.5943706795255692, -0.02550291235871592, -0.008822673876113768, -0.051858993141229576, -0.08925635742841115, 0.17620733474076478, 1.1566056608573918, -0.007207486446418686, -4.155682443070347e-05, -0.0086505994368552, 0.001172131692784753, -3.7157704882699264e-05, -0.32734078553573476, -0.009274746340678472, -0.005060382399827666, -0.0034852372743331347, -0.007840340792533027, 0.31371244083423055, 0.026113103203285082]
other derivatives: [-1.20053301 -3.67181201  2.10593498  2.38323992 -0.83773557  0.        ]
Current x array =  [ -0.65945677  -0.53816853  -0.72481734   0.74112527  -0.03473982
   0.33647224  -1.00711546  -2.03189122  -1.86237964  -2.84363726
  -3.9875668   -3.84715339  -3.04215847  -2.33807247  -3.16823144
  -4.6202175   -3.23284869  -1.81580389  -3.95086949 -15.49910004
  -3.65850113  -4.64654769 -15.88391746  -4.87895281  -4.13188602
  -4.64445328  -4.6491839   -4.35148873  -4.78246951  -3.17203054]
log likelihood =  -2466.36631869
Edge derivatives =  [-0.10559015688691026, -0.027035254217663063, -0.01816564137888066, -0.026019215334570134, -0.13893064041348757, -0.4573632123430286, -0.003627909868567397, 0.010988063720848262, -0.1020366953687073, -0.07881964785896584, -0.2759522950964671, 0.7962674339412723, -0.002090136792409575, -4.145575513102539e-05, -0.002264091345881729, 0.004106939857585347, -3.708217649224281e-05, -0.30415425929249545, -0.00448099342547497, -0.002637875820091739, -0.0015457930938246774, -0.004378419531996098, 0.29197076083677126, 0.08400171532814249]
other derivatives: [-0.46538844 -0.10145413 -0.70922397  0.82713996 -0.01809894  0.        ]
Current x array =  [ -0.66016916  -0.54426083  -0.71744717   0.75835233  -0.04389909
   0.33647224  -1.0080531   -2.03285336  -1.86302373  -2.84244651
  -3.99490195  -3.87430886  -3.04191992  -2.33845933  -3.16352111
  -4.62288713  -3.19166301  -1.80759276  -3.95100749 -15.49910102
  -3.65876692  -4.64643091 -15.88391834  -4.88806139  -4.13211636
  -4.64454704  -4.64924301  -4.35167222  -4.77354638  -3.17578225]
log likelihood =  -2466.35163116
Edge derivatives =  [-0.047469593246245, -0.0010116817230825248, 0.019232445579669744, -0.02163692420006308, -0.12282533907386803, -0.4254617622250912, -0.00034002956926375283, 0.01674825299867888, -0.10504866630089964, -0.07584014975068079, -0.34475210793227146, 0.06268741519956372, -0.001104892437502114, -4.143937851716075e-05, -0.0008269119812087666, 0.004283446415406924, -3.704437477990664e-05, -0.29644099592759426, -0.003472057541674199, -0.0021716963322822337, -0.0012673367935353112, -0.0036044494181478523, 0.2841428763267133, 0.08942960440355607]
other derivatives: [-0.05675247  0.26439011 -0.30936462  0.1335593   0.20395419  0.        ]
Current x array =  [ -0.66056357  -0.54486468  -0.71858323   0.76689679  -0.04581032
   0.33647224  -1.00896504  -2.03331191  -1.86349257  -2.84240083
  -3.99685974  -3.88114253  -3.04188179  -2.33853314  -3.16318512
  -4.62371996  -3.18610872  -1.7919121   -3.95103989 -15.49910139
  -3.65882165  -4.6463902  -15.88391867  -4.89108288  -4.13217607
  -4.64457523  -4.64925925  -4.35172388  -4.77061876  -3.17604893]
log likelihood =  -2466.34377758
Edge derivatives =  [-0.00914199992417411, 0.004980096951248736, 0.016856890707539707, -0.017360491510673315, -0.10492636224319787, -0.3754737991650275, -0.001620804570134679, 0.01249150541308336, -0.09337496230962927, -0.07149612589506787, -0.3446918496682361, -0.08968461176533093, -0.0009814038084373367, -4.143481287572885e-05, -0.0006088369397559551, 0.003965003288334004, -3.702777194882146e-05, -0.2841884966036842, -0.0031303305158094444, -0.0020810768507177127, -0.00128282983613447, -0.003360017776659209, 0.27064074944222655, 0.07868790524945601]
other derivatives: [ 0.11455086  0.12987584  0.00372893 -0.09217729  0.10686563  0.        ]
Current x array =  [ -0.66076018  -0.54457606  -0.71942807   0.770189    -0.04358699
   0.33647224  -1.0097447   -2.0334412   -1.86334051  -2.84255904
  -3.99953347  -3.890619    -3.04186577  -2.33834445  -3.16408674
  -4.62513916  -3.18585441  -1.78869607  -3.95107371 -15.4991021
  -3.65886719  -4.64631561 -15.88391931  -4.8964646   -4.13225501
  -4.64461848  -4.64928539  -4.35179863  -4.76543798  -3.17525434]
log likelihood =  -2466.32203504
Edge derivatives =  [0.09710304014269211, 0.01411936500798111, -0.006953913307075954, 0.00013973966777852675, -0.031937172551257054, -0.16790130040236903, -0.005551018275233785, -0.00887042765755594, -0.030137953016081062, -0.05212298193864126, -0.252375860109461, -0.30991311710506564, -0.0005628316223937266, -4.141178746410176e-05, 5.248393855239453e-06, 0.002777735268519703, -3.695394713332463e-05, -0.22988601854577217, -0.001786214166305533, -0.001695576079213168, -0.0012333215694432173, -0.0023710564594269026, 0.2093392331895356, 0.021838648301155672]
other derivatives: [ 0.32359821 -0.17325874  0.55442797 -0.52186806 -0.27821443  0.        ]
Current x array =  [ -0.66104482  -0.54387737  -0.72089819   0.77702568  -0.03597003
   0.33647224  -1.01201863  -2.0336792   -1.86251575  -2.8434112
  -4.01055047  -3.92991463  -3.04188725  -2.33750002  -3.1689938
  -4.63141556  -3.19237325  -1.78397715  -3.95121033 -15.49910542
  -3.65903522  -4.64598353 -15.88392227  -4.9206112   -4.1325868
  -4.64480967  -4.6494032   -4.35212227  -4.74228325  -3.17102071]
log likelihood =  -2466.30692887
Edge derivatives =  [0.08360330741942615, 0.011673180501868219, -0.009693397008113447, 0.01411006078624183, 0.03402615365860365, 0.018300903122034563, -0.0038137634135078508, -0.018162595438513535, 0.028855840366430047, -0.032033851625994994, -0.11478075134364446, -0.3451807575279099, 0.00029820418491091627, -4.1396457335981044e-05, 0.0014180960772432263, 0.001853718034782622, -3.686294400502913e-05, -0.17402369931236208, -0.0001219100391640221, -0.0010542058287213128, -0.0007633527206473388, -0.0009785906188625529, 0.14447043381476263, -0.02823001129911651]
other derivatives: [ 0.29549483 -0.06457412  0.67639121 -0.41191015 -0.13296813  0.        ]
Current x array =  [ -0.66100125  -0.5440409   -0.72126024   0.77526611  -0.03864536
   0.33647224  -1.01177231  -2.03370127  -1.86228236  -2.84408391
  -4.02023606  -3.96581219  -3.04204405  -2.33713519  -3.17347579
  -4.6378111   -3.20279272  -1.78307341  -3.95133752 -15.49910918
  -3.65917779  -4.6456414  -15.88392563  -4.94601505  -4.13290242
  -4.64500836  -4.64952973  -4.35244633  -4.71823869  -3.16725765]
log likelihood =  -2466.42732831
Edge derivatives =  [4.0010159941733514e-05, 0.035237591631123444, -0.06564467688462217, -0.0024540839696998162, 0.07645704417969851, 0.15664502380165318, -0.047789912387400546, 0.03699932220169064, 0.02472409134077369, -0.0088000506493053, 0.07359835739547642, 0.10658337644931021, -0.004180945776560044, -4.168231838882755e-05, -0.007078787346836327, -0.0021602208984301784, -3.68367773306976e-05, -0.09223628474869175, -0.00292651367383491, -0.0026697189292973628, -0.0034258031444599005, -0.0029461614105423563, 0.044105312769045335, -0.04082036449817683]
other derivatives: [  2.49920049 -10.36523827  -4.80972631  -1.10294422   0.49176379   0.        ]
Current x array =  [ -0.66285726  -0.52670567  -0.70721308   0.7838635   -0.04430733
   0.33647224  -1.00959193  -2.03397407  -1.86355896  -2.84326029
  -4.02495091  -3.99484712  -3.04241533  -2.33870892  -3.17350534
  -4.64679373  -3.21878179  -1.7929342   -3.95141693 -15.49911708
  -3.65914596  -4.64513061 -15.88393268  -4.98714323  -4.13319107
  -4.64529473  -4.64970808  -4.3528317   -4.68179013  -3.16763246]
log likelihood =  -2466.30602617
Edge derivatives =  [0.07761119630090263, 0.014047652581895886, -0.013552795897575187, 0.013026389283760265, 0.03745260051429829, 0.029550140245550374, -0.007131293653392351, -0.013377273583310006, 0.028731570739422035, -0.0301429435859527, -0.09951604811673193, -0.3085238063004657, 2.0587825419207673e-05, -4.141930170498367e-05, 0.0008498941919986153, 0.0015717156964224661, -3.68603570916915e-05, -0.16740211239630112, -0.0002799052366794924, -0.0011439057726119993, -0.0009355520031419859, -0.0010829523599918192, 0.13671206339839395, -0.029096763994304276]
other derivatives: [ 0.47084541 -0.8580173   0.24792826 -0.46684363 -0.08340066  0.        ]
Current x array =  [ -0.66114873  -0.54266342  -0.72014403   0.77594927  -0.03909527
   0.33647224  -1.01159906  -2.03372295  -1.8623838   -2.84401846
  -4.02061071  -3.96811936  -3.04207355  -2.33726024  -3.17347813
  -4.63852488  -3.20406324  -1.78385697  -3.95134383 -15.49910981
  -3.65917526  -4.64560081 -15.88392619  -4.94928317  -4.13292535
  -4.64503111  -4.6495439   -4.35247695  -4.71534242  -3.16728744]
log likelihood =  -2466.30029001
Edge derivatives =  [0.025415331831264654, 0.003106144903502195, -0.011900121406275943, 0.01911908393899381, 0.07146134994257283, 0.1297274200683355, -0.0031395789929489076, -0.015434684280379307, 0.06138972153370005, -0.017867822382615715, 0.009121059865585882, -0.10111643297900369, 0.0006502480567232086, -4.140554445031519e-05, 0.001856539483262462, 0.0011283255594685127, -3.680179137810507e-05, -0.13311335027923712, 0.0007760523634250185, -0.000664701181908825, -0.00047430238206324846, -0.0001518433098147004, 0.0957888819259975, -0.0555593879696219]
other derivatives: [ 0.18958417 -0.32900971  0.10340955 -0.12169039  0.05329639  0.        ]
Current x array =  [ -0.66084788  -0.54359776  -0.71975538   0.77098393  -0.04232763
   0.33647224  -1.01057459  -2.03358135  -1.86234207  -2.84431272
  -4.02554207  -3.98745535  -3.04222225  -2.3372176   -3.17592495
  -4.64240646  -3.212541    -1.78807005  -3.95141012 -15.49911234
  -3.65923682  -4.64539014 -15.88392845  -4.96522151  -4.13310019
  -4.6451525   -4.64962255  -4.35266679  -4.70047076  -3.16528081]
log likelihood =  -2466.29888288
Edge derivatives =  [-0.005007721453782865, -0.0016971062074413457, -0.005757405970576501, 0.01416348279785079, 0.06713862359804962, 0.12958451154396428, -0.0022844665095387295, -0.004288550874361058, 0.047458901913999846, -0.015026247334939173, 0.02533027834320073, 0.035585259355750964, 0.0004430379623204042, -4.141686519148824e-05, 0.0015147955839167754, 0.000705349391263179, -3.679233422684078e-05, -0.1215035501076216, 0.0006657098953396362, -0.0006390953326393563, -0.0004828524151929345, -0.00012942666143996376, 0.08326695477049842, -0.043070890901114156]
other derivatives: [-0.6085429  -0.1891749  -0.05647962 -0.04574758  0.0050477   0.        ]
Current x array =  [ -0.65994444  -0.54379352  -0.71931801   0.77013995  -0.04188707
   0.33647224  -1.00994057  -2.03355074  -1.86263865  -2.84390295
  -4.02456137  -3.98719961  -3.04229408  -2.3376454   -3.17481534
  -4.64342996  -3.21386561  -1.79096287  -3.95140177 -15.49911371
  -3.65919646  -4.64532726 -15.88392967  -4.97086555  -4.13310605
  -4.64518589  -4.64964386  -4.35269806  -4.69587288  -3.16630964]
log likelihood =  -2466.29743354
Edge derivatives =  [-0.0499557704259202, -0.009022774024534275, 0.01112764082500517, 0.007015622035489832, 0.05560835226439957, 0.11314948944844636, 0.0013713343059245653, 0.01364693848127399, 0.025949615518507135, -0.011854855585399188, 0.062398621454513414, 0.21529746875190098, 0.00048314719203418344, -4.1425957576403713e-05, 0.0013869007973638103, 0.0003148291358896667, -3.677417708439872e-05, -0.10721075297514836, 0.0007161291295614339, -0.00043492660102207106, -0.0002687059711336086, 5.5039381409820176e-05, 0.06876781530534007, -0.021998908815678453]
other derivatives: [-0.14906618  0.08030838 -0.20354491  0.07989911 -0.03587957  0.        ]
Current x array =  [ -0.66050397  -0.54428362  -0.71889916   0.76845063  -0.04141854
   0.33647224  -1.00896137  -2.03349063  -1.86312883  -2.84328798
  -4.02214018  -3.98347482  -3.04241306  -2.33830361  -3.17305052
  -4.64453632  -3.21711057  -1.79469325  -3.95137679 -15.49911561
  -3.65911553  -4.64525567 -15.88393136  -4.97780557  -4.13308773
  -4.64522301  -4.64966785  -4.35272076  -4.69049199  -3.16795724]
log likelihood =  -2466.29596965
Edge derivatives =  [-0.07719033737247827, -0.010056014000397018, 0.026952549495470546, -0.003116339507587329, 0.039566870351926915, 0.08569484638385169, 0.0032056704713978035, 0.03257154581516192, -0.0074883223726534415, -0.009265249410445982, 0.059757246795657665, 0.23055326017790373, 0.0002777434582427879, -4.144473397702818e-05, 0.0009607342469899471, -0.00025688132759918436, -3.675999255078898e-05, -0.09310375314918862, 0.0005312293664724646, -0.0003415704755472884, -0.00021730019224364128, 8.758057767609476e-05, 0.05483808000805246, 0.008307563896650105]
other derivatives: [-0.3652076   0.15297701 -0.30145202  0.08699317 -0.06257324  0.        ]
Current x array =  [ -0.66026273  -0.5443942   -0.71863112   0.76841851  -0.04104393
   0.33647224  -1.00833653  -2.03355895  -1.86367848  -2.84246543
  -4.0189781   -3.97798129  -3.04250095  -2.33899302  -3.17038474
  -4.64553397  -3.21709022  -1.7950386   -3.95134534 -15.49911772
  -3.65902419  -4.64519162 -15.88393323  -4.9847977   -4.13305511
  -4.6452575   -4.64968975  -4.35273337  -4.68533656  -3.17036277]
log likelihood =  -2466.29323088
Edge derivatives =  [-0.09677347104289302, -0.005715900268744911, 0.050506329350443746, -0.026940904405380217, 0.005719635324880165, 0.03364134060570301, 0.006597638461621341, 0.06402907831688018, -0.08337251850752876, -0.000493232491738313, 0.032857989561218326, 0.1584714019348778, -4.753742677161138e-05, -4.148420294246509e-05, 0.000266654994177995, -0.0018413409671695635, -3.6714820487515435e-05, -0.05111473873508134, 0.00033006862255693936, 1.7390408623557674e-07, 1.4442896242736203e-05, 0.0003917164914472686, 0.011207895875961188, 0.07635233684360365]
other derivatives: [ 0.13369572  0.06270966 -0.03974492  0.05757101 -0.05229595  0.        ]
Current x array =  [ -0.6608307   -0.54424396  -0.71934198   0.76875206  -0.04109319
   0.33647224  -1.0078308   -2.03385588  -1.86455206  -2.84054337
  -4.01203503  -3.96817438  -3.04266335  -2.34012776  -3.16430883
  -4.64879702  -3.21510168  -1.79358677  -3.95128302 -15.49912383
  -3.65881443  -4.64500542 -15.88393867  -5.0058414   -4.1330081
  -4.6453681   -4.64976005  -4.35280031  -4.6694386   -3.17582058]
log likelihood =  -2466.29271969
Edge derivatives =  [-0.04172567472647995, 0.004827244729296631, 0.039632375230430394, -0.03098164782800439, -8.759488221390249e-05, 0.02826256574283819, 0.006831296541524215, 0.051238224575720914, -0.09049737194816503, 0.0032063065106443696, 0.007871991929263356, -0.0198238994509895, 0.0001508499065195762, -4.147073573843573e-05, 0.0003215778166842098, -0.001992543943715796, -3.6688242928999696e-05, -0.035361055862184514, 0.0005496895434407706, 0.00024684189851925664, 0.00017690251924631917, 0.000667547048318104, -0.005126699850435262, 0.0833665610058767]
other derivatives: [-0.00050022  0.28076101 -0.33719516 -0.05043148 -0.01227818  0.        ]
Current x array =  [ -0.66067589  -0.54462942  -0.71855414   0.77002671  -0.04149171
   0.33647224  -1.00896203  -2.03404608  -1.86420783  -2.84034033
  -4.01070052  -3.96745047  -3.04262382  -2.33964586  -3.16368496
  -4.65004302  -3.21308191  -1.78981662  -3.95127649 -15.49912621
  -3.65876816  -4.64496045 -15.88394078  -5.01357945  -4.13301154
  -4.64540963  -4.64978629  -4.35283273  -4.66368234  -3.17635898]
log likelihood =  -2466.29237776
Edge derivatives =  [-0.012662849046487845, 0.00642575758848174, 0.01277065577262504, -0.030548573676490776, -0.003341396759322622, 0.026741482333148464, 0.002706480439339215, 0.03246037230583729, -0.08381255452820842, 0.005154372634613758, 0.006852422034495334, -0.06866803840514568, -0.00029728513607651247, -4.147448366767845e-05, -0.0001540669893893981, -0.002507773456673662, -3.668707893419928e-05, -0.025920557746163822, 0.00021264321150501336, 0.00010110996017745344, 2.421490348624572e-05, 0.0005079770531381464, -0.0151445231603562, 0.07533239928625446]
other derivatives: [-0.28994691 -0.18171704  0.16329977  0.03237801  0.01541594  0.        ]
Current x array =  [ -0.66031996  -0.5438188   -0.71991163   0.76904183  -0.04229933
   0.33647224  -1.00970373  -2.03406826  -1.86371255  -2.84049655
  -4.01010381  -3.967292    -3.04257059  -2.3389898   -3.16423691
  -4.65080661  -3.2130418   -1.78890336  -3.9512737  -15.49912787
  -3.65874149  -4.64494493 -15.88394226  -5.01847681  -4.13301424
  -4.64543404  -4.64980207  -4.35285108  -4.66017031  -3.17585667]
log likelihood =  -2466.29217061
Edge derivatives =  [-0.005847009719402829, 0.006218406980068203, 0.010676166662464848, -0.0269705449760424, 0.000391138874991169, 0.032015161225717445, 0.0030040681956798043, 0.026687449812130976, -0.0723315103863866, 0.004266704168623563, 0.011739348335364705, -0.04989268708140793, -0.00010661052130433307, -4.146322719626338e-05, 7.738253703765824e-05, -0.002206880909870885, -3.668934956264004e-05, -0.0301782241003698, 0.0003570479690523584, 0.00014004569055351204, 7.899588039127908e-05, 0.0005562274869777076, -0.010167936710448987, 0.06572116077644585]
other derivatives: [-0.04029062 -0.06157279  0.05629772  0.02155502  0.01418812  0.        ]
Current x array =  [ -0.66061444  -0.54404164  -0.71961946   0.7691235   -0.04217781
   0.33647224  -1.00984153  -2.03402372  -1.86356076  -2.84078281
  -4.01085462  -3.96824676  -3.04254501  -2.33877174  -3.16512483
  -4.65043673  -3.21341236  -1.78925417  -3.95128065 -15.4991273
  -3.65876363  -4.64497086 -15.88394175  -5.01623461  -4.13301831
  -4.64542155  -4.64979415  -4.35284224  -4.6619429   -3.17506006]
log likelihood =  -2466.29202316
Edge derivatives =  [0.012395047572285295, 0.006780275791172519, 0.0004435299197966813, -0.023189358925857106, 0.001036943060205922, 0.031998344734814735, 0.002243155587001444, 0.013868492353517475, -0.058667511504795974, 0.0038498472523671064, 0.014585956437913508, -0.03869097687847195, -1.4815554528320451e-05, -4.144948717630456e-05, 0.0001522540737227268, -0.0019911538467962155, -3.6690512962346024e-05, -0.031246555149221096, 0.0004079455511347904, 0.00016219563401211404, 0.00010946197768050767, 0.0005636000824083554, -0.008018164415646793, 0.05371432318273306]
other derivatives: [ 0.08994903  0.00154614 -0.00782165  0.02091838  0.01409717  0.        ]
Current x array =  [ -0.66076901  -0.5441626   -0.71944463   0.76909369  -0.04213826
   0.33647224  -1.010249    -2.03397752  -1.86324029  -2.84113977
  -4.01108003  -3.96816791  -3.04249584  -2.33830233  -3.16618572
  -4.65025088  -3.21365568  -1.78946741  -3.9512831  -15.49912742
  -3.65876927  -4.64499978 -15.88394185  -5.01561231  -4.13301526
  -4.64541516  -4.64979016  -4.35283315  -4.66272439  -3.17410162]
log likelihood =  -2466.29181975
Edge derivatives =  [0.04340327252670856, 0.0074863393624031715, -0.019333457601238946, -0.0172540186342382, -0.002157618480907633, 0.024461876680083983, 0.00022932362875077716, -0.009824935135788027, -0.03733054690652729, 0.0037975361042694653, 0.0171386182122399, -0.017108424874746342, 1.5226786554176086e-05, -4.1427820965145943e-05, 8.11264703214215e-05, -0.0017730036219935769, -3.6690755420732535e-05, -0.028810733604799344, 0.00037793686355595824, 0.00018481660752303272, 0.00013328276919532742, 0.0005324467131838373, -0.008314877597780511, 0.03449447081314472]
other derivatives: [ 0.15998012  0.05052243 -0.06175469  0.02228262  0.01009539  0.        ]
Current x array =  [ -0.66085376  -0.54425721  -0.71929683   0.7690513   -0.04205539
   0.33647224  -1.01095386  -2.03388994  -1.86269206  -2.84172603
  -4.01068735  -3.96656791  -3.04240708  -2.33743745  -3.16784309
  -4.65019884  -3.21392699  -1.789907    -3.95128018 -15.49912849
  -3.65875515  -4.64504601 -15.8839428   -5.0167307   -4.13300045
  -4.64541316  -4.64978903  -4.35281856  -4.662649    -3.17259858]
log likelihood =  -2466.29162732
Edge derivatives =  [0.04625822645619557, 0.00491433097238525, -0.02563959710972119, -0.00924646025246334, -0.00823181518999068, 0.010407152532342312, -0.0014744036070218208, -0.026034600848518136, -0.016584263276547412, 0.00408277441726336, 0.014066617781748142, 0.003664064711484949, -4.917591971034807e-06, -4.141004989600307e-05, -4.9923719418372425e-05, -0.0016191152340783409, -3.668996969200093e-05, -0.023071072471926683, 0.0002840693506197742, 0.0002083993371220262, 0.00014913563457824228, 0.00048170165871436535, -0.010986036880069647, 0.015503264233615477]
other derivatives: [ 0.09526957  0.12746568 -0.00491127  0.00122782  0.00368345  0.        ]
Current x array =  [ -0.6607805   -0.54438371  -0.71944668   0.76933199  -0.04193242
   0.33647224  -1.01103405  -2.03373385  -1.86250891  -2.84237056
  -4.00976309  -3.96371382  -3.04233748  -2.33683494  -3.16944956
  -4.65028704  -3.21374264  -1.79034277  -3.95127275 -15.4991305
  -3.65872545  -4.64510414 -15.88394458  -5.0195361   -4.13297619
  -4.64541581  -4.6497909   -4.35280041  -4.66171456  -3.17113291]
log likelihood =  -2466.29192563
Edge derivatives =  [0.02489105510493586, 7.14351440941341e-05, -0.028749345251776637, 0.0019573405761960094, -0.01815953825167574, -0.011764060063817007, -0.006824847783656968, -0.036383267111941564, 0.009807951315668431, 0.005021816782729022, 0.005218118769680605, 0.03307540792039515, -0.00042511992038462426, -4.1411875524586146e-05, -0.0009181516920874419, -0.0016185440610301666, -3.6693191871513194e-05, -0.010789248149689287, -0.00018965164071940016, 7.870866380269709e-05, -4.1235086267001064e-05, 0.0001523370733713912, -0.01874120281387577, -0.01046869320383137]
other derivatives: [ 0.11050361 -0.52464202 -0.30777301 -0.02455636 -0.00095497  0.        ]
Current x array =  [ -0.66076366  -0.54324724  -0.71865071   0.76977662  -0.04166272
   0.33647224  -1.01057744  -2.03348121  -1.86262795  -2.84325773
  -4.00819506  -3.95936154  -3.04227637  -2.33640588  -3.17152793
  -4.6507005   -3.21317873  -1.79102584  -3.95126035 -15.49913446
  -3.65867122  -4.64519032 -15.88394809  -5.02581446  -4.13293989
  -4.64542846  -4.64979909  -4.35277844  -4.65897485  -3.16923199]
log likelihood =  -2466.29157378
Edge derivatives =  [0.040269381143411, 0.0035608989274455993, -0.026506685058497403, -0.0060983316960834255, -0.01101606296603052, 0.004197443719185651, -0.002974304178668022, -0.02893384395930093, -0.009169803931788303, 0.004346728605887768, 0.0115855579598175, 0.011926339550552889, -0.00012201307450850768, -4.141055964730976e-05, -0.00029239919860330615, -0.0016186043073699932, -3.669086783002622e-05, -0.01961642783829194, 0.000151812618828559, 0.0001724131155280556, 9.612952569796121e-05, 0.0003898226252641024, -0.013159208083762607, 0.008220474768254382]
other derivatives: [ 0.09949872 -0.0552518  -0.08985808 -0.00600267  0.00231921  0.        ]
Current x array =  [ -0.66077577  -0.54406476  -0.71922329   0.76945677  -0.04185673
   0.33647224  -1.0109059   -2.03366295  -1.86254232  -2.84261954
  -4.00932302  -3.96249235  -3.04232033  -2.33671453  -3.17003285
  -4.65040308  -3.21358438  -1.79053447  -3.95126927 -15.49913161
  -3.65871023  -4.64512832 -15.88394557  -5.02129812  -4.13296601
  -4.64541936  -4.6497932   -4.35279424  -4.66094566  -3.17059942]
log likelihood =  -2466.29151486
Edge derivatives =  [0.02315995042096361, 0.0008040988526391013, -0.01909564372262862, -0.002520238189033963, -0.013953414412207446, -0.002602119674719225, -0.0030696444328545125, -0.027444581808597573, -0.003554945042378563, 0.004696469812937011, 0.007252411711921342, 0.014113241711337543, -0.0001567313589180344, -4.140885392128544e-05, -0.0003548592803356357, -0.0016108602471257005, -3.668953685087662e-05, -0.015734716070378595, 8.985555099338266e-05, 0.00017856670608161485, 9.629097851052842e-05, 0.00036424337581136834, -0.015569365247800181, 0.0029095114991135596]
other derivatives: [-0.01418812 -0.01509761 -0.00782165 -0.01773515 -0.00086402  0.        ]
Current x array =  [ -0.66064424  -0.54412281  -0.71944219   0.76963143  -0.04182329
   0.33647224  -1.01053382  -2.03358193  -1.86273803  -2.84283567
  -4.00883112  -3.96114753  -3.04231989  -2.33676102  -3.170464
  -4.65053296  -3.2132454   -1.79059054  -3.95126553 -15.49913285
  -3.65869432  -4.64515346 -15.88394666  -5.02324806  -4.13295506
  -4.64542346  -4.64979592  -4.35278789  -4.66008745  -3.17020206]
log likelihood =  -2466.29149556
Edge derivatives =  [0.009743533544419675, -0.0006379675053110323, -0.011540636511090163, -0.0012579640532872083, -0.014155926557165764, -0.0036093630675638824, -0.0026553883404920736, -0.02178285257417789, -0.0029073193678555154, 0.004824806766507726, 0.00466699149683035, 0.008013554640186216, -0.00016693174250216603, -4.1411977180864526e-05, -0.00035584655386265013, -0.0016101779477844698, -3.668879225724485e-05, -0.01429628115617961, 7.119244412421427e-05, 0.00017634520989493613, 9.382388021619836e-05, 0.00035321906374650297, -0.01638592371237019, 0.002231425147460886]
other derivatives: [-0.03183231 -0.01919034  0.02564775 -0.0176442  -0.0005457   0.        ]
Current x array =  [ -0.66062312  -0.54411267  -0.71953172   0.76963826  -0.04184152
   0.33647224  -1.01023788  -2.0335569   -1.86293593  -2.84287961
  -4.00879222  -3.96095991  -3.0423391   -2.33696375  -3.17051203
  -4.65058171  -3.21302718  -1.79046932  -3.95126567 -15.49913338
  -3.65869225  -4.64516459 -15.88394714  -5.0239812   -4.13295319
  -4.64542486  -4.64979689  -4.35278631  -4.65979068  -3.17015704]
log likelihood =  -2466.29147368
Edge derivatives =  [-0.012550116326766503, -0.002882925374254386, 0.0026960857371485236, 0.0010607636291942724, -0.012742650693344307, -0.002861430911285434, -0.0013595073428629978, -0.008860666184442423, -0.0007135587564781332, 0.004600126365381641, 0.0021064651365006043, 0.0039058359133560816, -0.00015317740958170623, -4.141812210759967e-05, -0.00030945177605158636, -0.0015084294343857378, -3.668852874413772e-05, -0.013576420219207975, 5.638222084042299e-05, 0.0001626456111208409, 8.657427772390883e-05, 0.0003203320519195099, -0.015564906639686075, 0.00023056095459361714]
other derivatives: [-0.09590622  0.00354703  0.00636646 -0.00745786 -0.00472937  0.        ]
Current x array =  [ -0.66055134  -0.54414819  -0.71947691   0.76952123  -0.04181256
   0.33647224  -1.00974578  -2.0335248   -1.86329132  -2.84297015
  -4.00908323  -3.96107223  -3.04238669  -2.33743364  -3.17068455
  -4.65049733  -3.21280115  -1.79038876  -3.95126893 -15.4991342
  -3.65869916  -4.64519682 -15.88394786  -5.02433159  -4.1329517
  -4.64542152  -4.64979498  -4.3527793   -4.66006784  -3.17000354]
log likelihood =  -2466.29146978
Edge derivatives =  [-0.02449881794948916, -0.0037120847753240316, 0.01390485295446986, 0.0030835278233463104, -0.011915870704848869, -0.003340319806815234, 0.00014360620048871342, 0.002925502576154676, 0.0018459743879132295, 0.0047321226212741, -0.0019229461851839186, -0.015097786696253224, -0.0001101030164483291, -4.142368179028165e-05, -0.00022430067915560348, -0.0014146802227624766, -3.668531299180239e-05, -0.0106655753329682, 6.243110677987135e-05, 0.0001744972132274522, 0.00010882412931808791, 0.00031132637556303966, -0.016452228605924997, -0.0020167461078739457]
other derivatives: [ 0.08822099 -0.01264198  0.04583853  0.00713953  0.0007276   0.        ]
Current x array =  [ -0.66076398  -0.54413047  -0.71958124   0.76930532  -0.04190618
   0.33647224  -1.00948099  -2.0335237   -1.86355533  -2.84305741
  -4.00925894  -3.96098527  -3.04243534  -2.33786417  -3.17087416
  -4.65053353  -3.21245482  -1.78999474  -3.95127181 -15.49913565
  -3.65870098  -4.64523563 -15.88394915  -5.02579342  -4.13294903
  -4.64542201  -4.64979562  -4.3527732   -4.65972869  -3.16983499]
      fun: 2466.291469775655
 hess_inv: <30x30 LbfgsInvHessProduct with dtype=float64>
      jac: array([ -8.82209861e-02,   1.26419764e-02,  -4.58385330e-02,
        -7.13953341e-03,  -7.27595761e-04,  -0.00000000e+00,
         2.44988179e-02,   3.71208478e-03,  -1.39048530e-02,
        -3.08352782e-03,   1.19158707e-02,   3.34031981e-03,
        -1.43606200e-04,  -2.92550258e-03,  -1.84597439e-03,
        -4.73212262e-03,   1.92294619e-03,   1.50977867e-02,
         1.10103016e-04,   4.14236818e-05,   2.24300679e-04,
         1.41468022e-03,   3.66853130e-05,   1.06655753e-02,
        -6.24311068e-05,  -1.74497213e-04,  -1.08824129e-04,
        -3.11326376e-04,   1.64522286e-02,   2.01674611e-03])
  message: 'CONVERGENCE: REL_REDUCTION_OF_F_<=_FACTR*EPSMCH'
     nfev: 36
      nit: 30
   status: 0
  success: True
        x: array([ -0.66076398,  -0.54413047,  -0.71958124,   0.76930532,
        -0.04190618,   0.33647224,  -1.00948099,  -2.0335237 ,
        -1.86355533,  -2.84305741,  -4.00925894,  -3.96098527,
        -3.04243534,  -2.33786417,  -3.17087416,  -4.65053353,
        -3.21245482,  -1.78999474,  -3.95127181, -15.49913565,
        -3.65870098,  -4.64523563, -15.88394915,  -5.02579342,
        -4.13294903,  -4.64542201,  -4.64979562,  -4.3527732 ,
        -4.65972869,  -3.16983499])
