/home3/jxiong7/IGCexpansion/IGCexpansion/CodonGeneconv.py:277: FutureWarning: comparison to `None` will result in an elementwise object comparison in the future.
  if not x == None:
number of sites to be analyzed:  197
Successfully loaded parameter value from ./test/save/MG94_YNL069C_YIL133C_nonclock_save.txt
log likelihood =  -2322.82896267
Edge derivatives =  [0.0010038246003758189, -0.0023786082583223955, -0.0027833039555916206, 0.00018174380417246283, -0.005385124695579821, 0.0026791031372093432, 0.0015881959926381112, -0.0011432878621458753, -0.001500830551909041, -0.0011231822576471956, -0.0038604055381656344, -0.0012467401295797598]
other derivatives: [-0.00654836  0.0003638   0.00045475 -0.00045475  0.00177351  0.00131877]
Current x array =  [-0.72547349 -0.53824618 -0.93562003  1.69245256 -1.75712097  0.38124761
 -2.15299154 -2.03037655 -1.72011154 -1.62480953 -3.68391016 -2.5525734
 -5.17771537 -2.50663066 -3.84596909 -2.72115323 -3.21320857 -4.57598083]
log likelihood =  -2322.84741003
Edge derivatives =  [0.06909905464262805, 0.0417922481669009, 0.1546287516175654, 0.06212443916729227, 0.013803141793525237, -0.012381461311198716, 0.0020863024881905157, 0.060696610474237994, 0.01897556275628952, 0.05030863683610694, 0.08066145149260968, 0.01058096060658846]
other derivatives: [ 5.43955139 -0.27125679 -0.31959644 -0.11473276 -0.01414264 -0.03342393]
Current x array =  [-0.73202185 -0.53788239 -0.93516529  1.69199781 -1.75534745  0.38256638
 -2.15198771 -2.03275516 -1.72289484 -1.62462778 -3.68929528 -2.5498943
 -5.17612718 -2.50777395 -3.84746992 -2.72227641 -3.21706898 -4.57722757]
log likelihood =  -2322.82896246
Edge derivatives =  [0.0012250836686715227, -0.002234268217659291, -0.0022672855427704475, 0.00038282377148313174, -0.0053222403623405246, 0.0026289530226830116, 0.0015896291045148572, -0.0009415691413089677, -0.0014338560403757972, -0.0009551785629035997, -0.003582775073013772, -0.0012081360681107205]
other derivatives: [ 0.01150511 -0.00059117 -0.00063665 -0.00090949  0.00168257  0.00122782]
Current x array =  [-0.72549501 -0.53824499 -0.93561854  1.69245107 -1.75711514  0.38125195
 -2.15298824 -2.03038437 -1.72012069 -1.62480893 -3.68392786 -2.55256459
 -5.17771015 -2.50663442 -3.84597402 -2.72115692 -3.21322126 -4.57598492]
      fun: 2322.8289624633076
 hess_inv: <18x18 LbfgsInvHessProduct with dtype=float64>
      jac: array([-0.01150511,  0.00059117,  0.00063665,  0.00090949, -0.00168257,
       -0.00122782, -0.00122508,  0.00223427,  0.00226729, -0.00038282,
        0.00532224, -0.00262895, -0.00158963,  0.00094157,  0.00143386,
        0.00095518,  0.00358278,  0.00120814])
  message: 'CONVERGENCE: REL_REDUCTION_OF_F_<=_FACTR*EPSMCH'
     nfev: 3
      nit: 1
   status: 0
  success: True
        x: array([-0.72549501, -0.53824499, -0.93561854,  1.69245107, -1.75711514,
        0.38125195, -2.15298824, -2.03038437, -1.72012069, -1.62480893,
       -3.68392786, -2.55256459, -5.17771015, -2.50663442, -3.84597402,
       -2.72115692, -3.21322126, -4.57598492])
number of sites to be analyzed:  197
Successfully loaded parameter value from ./test/save/MG94_Force_YNL069C_YIL133C_nonclock_save.txt
log likelihood =  -2381.43620267
Edge derivatives =  [0.0043501029403124405, -0.0027136980055635362, 0.0010974869365569795, -0.0018496052861007306, 0.002201087974647964, -0.0005816361305516216, 0.00031518751882221065, 0.0004031342265138904, -0.00037809519397769, 0.0028030390669551153, 0.007407235377384289, -0.010554139316490022]
other derivatives: [ 0.02455636 -0.00100044 -0.00163709 -0.00536602  0.00300133  0.        ]
Current x array =  [-0.7393808  -0.52969672 -0.95689308  1.5356848  -1.87960353  0.33647224
 -3.54361588 -1.46811657 -1.70902454 -1.41680592 -3.47428266 -2.19994718
 -4.91216555 -2.32338919 -3.59249071 -2.44850928 -2.92901034 -4.23477107]
log likelihood =  -2381.71528414
Edge derivatives =  [-0.0844728500890441, -0.15498284111175803, -0.4414381325833028, -0.3717251274083832, -0.06403830479302433, -0.22883459330013128, -0.00012652532977634919, -0.19891126207939935, -0.07189470495163412, -0.253172589620476, -0.228083603514033, 0.0007326015108006546]
other derivatives: [-22.48320925   0.87597982   1.53777364   1.11062946  -0.51218194   0.        ]
Current x array =  [-0.71482444 -0.53069716 -0.95853017  1.53031878 -1.8766022   0.33647224
 -3.53926577 -1.47083027 -1.70792705 -1.41865553 -3.47208157 -2.20052882
 -4.91185037 -2.32298605 -3.5928688  -2.44570624 -2.92160311 -4.2453252 ]
log likelihood =  -2381.436202
Edge derivatives =  [0.004208235845812279, -0.002962141612897179, 0.00039865482991430223, -0.00244742858854724, 0.002095724121307485, -0.0009465244399650408, 0.0003129800505349608, 8.449903292909178e-05, -0.0004911045210906004, 0.0023997081950672683, 0.007039919239906517, -0.010538886729062818]
other derivatives: [-0.009004    0.0003638   0.00068212 -0.00354703  0.00218279  0.        ]
Current x array =  [-0.73934287 -0.52969827 -0.95689561  1.53567651 -1.87959889  0.33647224
 -3.54360916 -1.46812077 -1.70902284 -1.41680878 -3.47427926 -2.19994808
 -4.91216507 -2.32338856 -3.59249129 -2.44850495 -2.9289989  -4.23478737]
      fun: 2381.436202003977
 hess_inv: <18x18 LbfgsInvHessProduct with dtype=float64>
      jac: array([  9.00399755e-03,  -3.63797881e-04,  -6.82121026e-04,
         3.54702934e-03,  -2.18278728e-03,  -0.00000000e+00,
        -4.20823585e-03,   2.96214161e-03,  -3.98654830e-04,
         2.44742859e-03,  -2.09572412e-03,   9.46524440e-04,
        -3.12980051e-04,  -8.44990329e-05,   4.91104521e-04,
        -2.39970820e-03,  -7.03991924e-03,   1.05388867e-02])
  message: 'CONVERGENCE: REL_REDUCTION_OF_F_<=_FACTR*EPSMCH'
     nfev: 3
      nit: 1
   status: 0
  success: True
        x: array([-0.73934287, -0.52969827, -0.95689561,  1.53567651, -1.87959889,
        0.33647224, -3.54360916, -1.46812077, -1.70902284, -1.41680878,
       -3.47427926, -2.19994808, -4.91216507, -2.32338856, -3.59249129,
       -2.44850495, -2.9289989 , -4.23478737])
