/home3/jxiong7/IGCexpansion/IGCexpansion/CodonGeneconv.py:277: FutureWarning: comparison to `None` will result in an elementwise object comparison in the future.
  if not x == None:
number of sites to be analyzed:  304
Successfully loaded parameter value from ./test/save/MG94_AR_PR_nonclock_save.txt
log likelihood =  -9580.25181673
Edge derivatives =  [-0.003901117546630639, -0.03890906291758151, 0.021060358885984225, 0.013314389215732914, -0.0015155534927857595, 0.010865511861166244, -0.018730058872666655, 0.004466424371624839, 0.011044301049103478, 0.009300274798087593, -0.01400752551500295, -0.009223661534866232, -0.01487371224804411, 0.0077382513280682685, -0.0008402728610616139, 0.014091282569351493, -0.0017125792696550401, -0.00651058617467426, -0.016797475454583877, -0.012272804590205633]
other derivatives: [-0.05456968  0.07457857  0.07403287 -0.0007276   0.04802132  0.        ]
Current x array =  [-0.68228203 -0.78633614 -0.58588879  0.63871669 -2.99345275 -1.93858499
  0.53245816  2.62916094  0.57549766  0.00388763 -0.14953073  0.0115344
 -0.31534316 -0.75184857 -0.99260946 -0.7504285  -2.30560574 -3.47636611
 -3.64709926 -3.09364613 -2.20228744 -1.13597131 -3.10772069 -3.63764072
 -2.71136342 -2.83839488]
log likelihood =  -9599.90043019
Edge derivatives =  [-3.6311843474832175, -1.9165465773735397, -6.180492179874341, -3.6219493996497234, -2.6741137840354208, -3.9037349603478706, -1.2720826328181247, -1.0342675537182289, -1.5133438832829194, -2.0094180702416296, 0.5483879089443491, 0.24374724341545978, 0.14869177330059205, -0.10336979114050238, 0.23803607919905606, -1.5754264557789335, 0.1577071952285997, 0.04170637227224313, 0.4105839967652605, 0.5331505669592369]
other derivatives: [  1.67656071e+02  -1.46048478e+02  -2.57287866e+02   4.91090759e+00
  -2.43235263e+01   1.02772901e-01]
Current x array =  [-0.73685171 -0.71175758 -0.51185593  0.6379891  -2.94543143 -1.93858499
  0.52855704  2.59025188  0.59655802  0.01720202 -0.15104628  0.02239991
 -0.33407322 -0.74738214 -0.98156515 -0.74112822 -2.31961326 -3.48558977
 -3.66197297 -3.08590788 -2.20312771 -1.12188003 -3.10943327 -3.64415131
 -2.7281609  -2.85066768]
log likelihood =  -9580.25181157
Edge derivatives =  [-0.0054673789685787955, -0.03913362433935315, 0.018332531807992, 0.011709883609531069, -0.002491067378263545, 0.00932222128528526, -0.018927775138477765, 0.004244313242266734, 0.010570710381558657, 0.008653530383343266, -0.013576855322666087, -0.009046658171194235, -0.014750965105360773, 0.007738808943657194, -0.0005792657163848774, 0.013602078926500671, -0.001569694333802843, -0.006446507632961264, -0.016478597578786044, -0.01191440071557058]
other derivatives: [ 0.0340151  -0.00509317 -0.0514774   0.00982254  0.02619345 -0.0003638 ]
Current x array =  [-0.68231122 -0.78629625 -0.58584919  0.6387163  -2.99342707 -1.93858499
  0.53245607  2.62914013  0.57550893  0.00389475 -0.14953154  0.01154021
 -0.31535318 -0.75184618 -0.99260355 -0.75042352 -2.30561323 -3.47637105
 -3.64710722 -3.09364199 -2.20228789 -1.13596378 -3.10772161 -3.6376442
 -2.71137241 -2.83840144]
      fun: 9580.251811571394
 hess_inv: <26x26 LbfgsInvHessProduct with dtype=float64>
      jac: array([-0.0340151 ,  0.00509317,  0.0514774 , -0.00982254, -0.02619345,
        0.0003638 ,  0.00546738,  0.03913362, -0.01833253, -0.01170988,
        0.00249107, -0.00932222,  0.01892778, -0.00424431, -0.01057071,
       -0.00865353,  0.01357686,  0.00904666,  0.01475097, -0.00773881,
        0.00057927, -0.01360208,  0.00156969,  0.00644651,  0.0164786 ,
        0.0119144 ])
  message: 'CONVERGENCE: REL_REDUCTION_OF_F_<=_FACTR*EPSMCH'
     nfev: 3
      nit: 1
   status: 0
  success: True
        x: array([-0.68231122, -0.78629625, -0.58584919,  0.6387163 , -2.99342707,
       -1.93858499,  0.53245607,  2.62914013,  0.57550893,  0.00389475,
       -0.14953154,  0.01154021, -0.31535318, -0.75184618, -0.99260355,
       -0.75042352, -2.30561323, -3.47637105, -3.64710722, -3.09364199,
       -2.20228789, -1.13596378, -3.10772161, -3.6376442 , -2.71137241,
       -2.83840144])
Traceback (most recent call last):
  File "Run_rebuild_Thornton_AR_PR.py", line 30, in <module>
    MG94_tau.site_reconstruction()
  File "/home3/jxiong7/IGCexpansion/IGCexpansion/CodonGeneconv.py", line 1828, in site_reconstruction
    np.savetxt(open('./test/Ancestral_reconstruction/parameters/' + 'tau_' + self.paralog[0] + '_' + self.paralog[1] + '_' +model +'.txt','w+'), b)
  File "/usr/local/lib/python2.7/dist-packages/numpy/lib/npyio.py", line 1175, in savetxt
    ncol = X.shape[1]
IndexError: tuple index out of range
