/home3/jxiong7/IGCexpansion/IGCexpansion/CodonGeneconv.py:277: FutureWarning: comparison to `None` will result in an elementwise object comparison in the future.
  if not x == None:
number of sites to be analyzed:  304
Successfully loaded parameter value from ./test/save/MG94_AR_PR_nonclock_save.txt
log likelihood =  -9580.25181157
Edge derivatives =  [-0.0054673789685787955, -0.03913362433935315, 0.018332531807992, 0.011709883609531069, -0.002491067378263545, 0.00932222128528526, -0.018927775138477765, 0.004244313242266734, 0.010570710381558657, 0.008653530383343266, -0.013576855322666087, -0.009046658171194235, -0.014750965105360773, 0.007738808943657194, -0.0005792657163848774, 0.013602078926500671, -0.001569694333802843, -0.006446507632961264, -0.016478597578786044, -0.01191440071557058]
other derivatives: [  3.40151018e-02  -5.09317033e-03   6.87214197e-01   9.82254278e-03
   2.61934474e-02  -3.63797881e-04]
Current x array =  [-0.68231122 -0.78629625 -0.58584919  0.6387163  -2.99342707 -1.93858499
  0.53245607  2.62914013  0.57550893  0.00389475 -0.14953154  0.01154021
 -0.31535318 -0.75184618 -0.99260355 -0.75042352 -2.30561323 -3.47637105
 -3.64710722 -3.09364199 -2.20228789 -1.13596378 -3.10772161 -3.6376442
 -2.71137241 -2.83840144]
log likelihood =  -11075.772525
Edge derivatives =  [-31.97954873218484, -77.48566331161415, -52.92641536549091, -32.125067886853344, -47.168062570264354, -55.141620102558214, -61.16432451625123, -42.68001888641972, -33.02064664793042, -47.96283850534972, -10.265064608271581, -2.7631313181246773, -1.9995955446765132, -4.332575452439152, -8.243488814051206, -31.130766450572146, -4.965198043736499, -1.7148810438583624, -7.128123724103849, -2.1738784659522454]
other derivatives: [   517.06374506    -44.26074156 -16628.08717811   -148.39006326
   -172.71449906     37.48682502]
Current x array =  [-0.64829612 -0.79138942 -0.05        0.64853885 -2.96723362 -1.93894879
  0.52698869  2.5900065   0.59384146  0.01560463 -0.15202261  0.02086243
 -0.33428096 -0.74760187 -0.98203284 -0.74176999 -2.31919009 -3.4854177
 -3.66185818 -3.08590319 -2.20286716 -1.1223617  -3.1092913  -3.64409071
 -2.727851   -2.85031584]
log likelihood =  -9610.91251177
Edge derivatives =  [-2.280783849680431, -5.003123583008938, -2.623769277149759, -1.5878962818843365, -1.142409635459006, -1.0809357210544246, -1.8362818638932832, -1.3150138189788232, -0.8646889858230258, -1.5320731500433131, -0.28579784569591493, 0.031649238542905744, 0.06112899729959561, -0.18734626971567592, 0.013696519850350128, -0.8836955100173575, -0.1480778754131863, 0.03943396179519417, -0.095787399819975, 0.3885936686981206]
other derivatives: [ -1.38432370e+01  -2.14640750e-01  -5.01630348e+02   9.46420187e-01
  -1.48811523e+01   4.24915925e-01]
Current x array =  [-0.67384216 -0.78756435 -0.4524337   0.64116192 -2.98690543 -1.93867557
  0.53109481  2.61939665  0.58007335  0.00681027 -0.15015177  0.01386126
 -0.32006581 -0.75078943 -0.98997166 -0.74826897 -2.30899359 -3.47862348
 -3.6507799  -3.09171519 -2.20243212 -1.13257714 -3.10811243 -3.63924925
 -2.71547524 -2.84136788]
log likelihood =  -9580.25189364
Edge derivatives =  [-0.007660942672398918, -0.043629671676764244, 0.01606223791123486, 0.010326685481897635, -0.0023033295981758073, 0.009930548901489589, -0.01931566576051047, 0.0038466854509004167, 0.011019566217563392, 0.008548135850376282, -0.01332109112656793, -0.008734566876578191, -0.01444451004584417, 0.007713094594041459, 0.00013713498532368085, 0.014073099095733177, -0.0014820129024379347, -0.006197707422666648, -0.016103776991099245, -0.010898185257558715]
other derivatives: [ 0.00964064 -0.00691216 -0.70140231  0.00945874  0.01473381 -0.0007276 ]
Current x array =  [-0.68229695 -0.78629839 -0.58562431  0.63872043 -2.99341607 -1.93858515
  0.53245378  2.6291237   0.57551662  0.00389966 -0.14953259  0.01154413
 -0.31536112 -0.7518444  -0.99259911 -0.75041989 -2.30561893 -3.47637484
 -3.64711341 -3.09363875 -2.20228813 -1.13595807 -3.10772227 -3.63764691
 -2.71137932 -2.83840644]
log likelihood =  -9580.2518172
Edge derivatives =  [-0.005960872844822773, -0.040144992638122226, 0.01782189253996814, 0.011398767816159672, -0.002448255690585377, 0.009459820581616762, -0.019014434099756006, 0.004155243066099823, 0.01067227853692354, 0.008630443792607967, -0.01351907440829793, -0.008976319700346038, -0.014681912750633023, 0.007733099627534323, -0.000417768099571586, 0.013708660847424725, -0.0015498620569334987, -0.006390438953628175, -0.01639406356814932, -0.011685486461734534]
other derivatives: [ 0.03310561 -0.00563887 -0.20354491  0.00563887  0.03165042 -0.0003638 ]
Current x array =  [-0.68230801 -0.78629673 -0.58579856  0.63871723 -2.99342459 -1.93858503
  0.53245556  2.62913643  0.57551066  0.00389585 -0.14953178  0.01154109
 -0.31535497 -0.75184578 -0.99260255 -0.75042271 -2.30561451 -3.4763719
 -3.64710861 -3.09364126 -2.20228795 -1.13596249 -3.10772176 -3.63764481
 -2.71137396 -2.83840257]
log likelihood =  -9580.25181241
Edge derivatives =  [-0.005607796698109235, -0.03942138967701574, 0.018187242483392416, 0.011621363343983449, -0.0024788517468158355, 0.00936141741594132, -0.018952397010827626, 0.004218992225984264, 0.01059964515674472, 0.008646998341405476, -0.013560400207056414, -0.00902663673703051, -0.014731310692429105, 0.007737188910798887, -0.0005332941923639894, 0.013632441929794736, -0.001564045006343301, -0.006430548329494287, -0.01645453205427269, -0.011849248599759762]
other derivatives: [ 0.03565219  0.0001819  -0.08949428  0.01418812  0.03328751 -0.0005457 ]
Current x array =  [-0.68231031 -0.78629639 -0.58583478  0.63871657 -2.99342636 -1.938585
  0.53245593  2.62913907  0.57550942  0.00389506 -0.14953161  0.01154046
 -0.31535369 -0.75184606 -0.99260326 -0.75042329 -2.3056136  -3.47637129
 -3.64710761 -3.09364179 -2.20228791 -1.13596341 -3.10772165 -3.63764437
 -2.71137285 -2.83840176]
log likelihood =  -9580.25181176
Edge derivatives =  [-0.005509587586358278, -0.0392201240416181, 0.018288859400645292, 0.011683275350710232, -0.00248739259139652, 0.00933400704936238, -0.018935173304380548, 0.004236703825841404, 0.010579410888177376, 0.008651569988111507, -0.013571907834224989, -0.009040639238902439, -0.014745056586872168, 0.007738322347846216, -0.000565445371418935, 0.013611208884461656, -0.0015679956579420784, -0.006441709902994967, -0.016471362608750553, -0.011894814981942864]
other derivatives: [ 0.03292371 -0.00327418 -0.06184564  0.01600711  0.03819878 -0.0001819 ]
Current x array =  [-0.68231095 -0.78629629 -0.58584486  0.63871638 -2.99342685 -1.938585
  0.53245603  2.62913981  0.57550908  0.00389484 -0.14953156  0.01154029
 -0.31535333 -0.75184614 -0.99260346 -0.75042345 -2.30561334 -3.47637112
 -3.64710733 -3.09364193 -2.2022879  -1.13596367 -3.10772162 -3.63764425
 -2.71137254 -2.83840154]
log likelihood =  -9580.25181162
Edge derivatives =  [-0.005480310935930599, -0.03916012625020678, 0.018319151414890766, 0.011701731344169408, -0.0024899412287100464, 0.00932583256859254, -0.018930041530237585, 0.004241982027274965, 0.010573376327295492, 0.008652930035718431, -0.013575339391567201, -0.009044814020679581, -0.014749154791846977, 0.007738659893657629, -0.0005750312616398662, 0.013604876460843351, -0.0015691738417422246, -0.0064450376510455515, -0.01647638081839871, -0.011908399863935035]
other derivatives: [ 0.04001777  0.00491127 -0.05820766  0.01109584  0.03783498 -0.0001819 ]
Current x array =  [-0.68231114 -0.78629626 -0.58584787  0.63871633 -2.993427   -1.938585
  0.53245606  2.62914003  0.57550897  0.00389478 -0.14953155  0.01154024
 -0.31535323 -0.75184617 -0.99260352 -0.7504235  -2.30561326 -3.47637107
 -3.64710725 -3.09364198 -2.20228789 -1.13596374 -3.10772161 -3.63764422
 -2.71137245 -2.83840147]
log likelihood =  -9580.25181159
Edge derivatives =  [-0.005471375825299385, -0.039141815231218346, 0.018328396362547024, 0.011707364008310517, -0.002490719296937005, 0.009323337448716718, -0.018928475581609705, 0.004243592754801823, 0.01057153436491376, 0.008653344861727308, -0.013576386786724293, -0.009046088198011223, -0.014750405590897134, 0.007738762880304506, -0.0005779569683022623, 0.01360294358085723, -0.0015695334618779505, -0.006446053304628684, -0.016477912440310064, -0.011912546032255666]
other derivatives: [ 0.04511094  0.00472937 -0.05347829  0.01236913  0.03601599  0.        ]
Current x array =  [-0.6823112  -0.78629626 -0.58584878  0.63871631 -2.99342704 -1.93858499
  0.53245607  2.6291401   0.57550894  0.00389476 -0.14953154  0.01154022
 -0.31535319 -0.75184618 -0.99260354 -0.75042352 -2.30561324 -3.47637105
 -3.64710723 -3.09364199 -2.20228789 -1.13596377 -3.10772161 -3.63764421
 -2.71137242 -2.83840145]
log likelihood =  -9580.25181158
Edge derivatives =  [-0.005468613990833093, -0.03913615531311107, 0.01833125396306813, 0.01170910505722711, -0.002490959819432592, 0.009322566180891556, -0.018927991571818792, 0.004244090614434232, 0.010570964993398269, 0.008653473059985817, -0.013576710544869738, -0.009046482049976441, -0.014750792215914514, 0.007738794710464014, -0.0005788613141365639, 0.013602346105679508, -0.0015696446242301765, -0.006446367245897984, -0.016478385871323872, -0.011913827620416928]
other derivatives: [ 0.04129106  0.00563887 -0.0520231   0.01018634  0.03128662 -0.0003638 ]
Current x array =  [-0.68231121 -0.78629625 -0.58584907  0.63871631 -2.99342706 -1.93858499
  0.53245607  2.62914012  0.57550893  0.00389475 -0.14953154  0.01154022
 -0.31535318 -0.75184618 -0.99260355 -0.75042352 -2.30561323 -3.47637105
 -3.64710722 -3.09364199 -2.20228789 -1.13596377 -3.10772161 -3.6376442
 -2.71137241 -2.83840144]
log likelihood =  -9580.25181157
Edge derivatives =  [-0.005467760475847572, -0.03913440618234643, 0.018332137072946793, 0.011709643109176437, -0.0024910341522764723, 0.009322327826197352, -0.01892784199589137, 0.004244244471028669, 0.010570789033151673, 0.008653512676006891, -0.013576810599710734, -0.009046603766049894, -0.014750911698562477, 0.007738804546957412, -0.0005791407935677312, 0.01360216146027704, -0.0015696789781192572, -0.006446464266369273, -0.016478532180784017, -0.011914223682353176]
other derivatives: [ 0.04347385  0.00600267 -0.05056791  0.01200533  0.0351065  -0.0003638 ]
Current x array =  [-0.68231122 -0.78629625 -0.58584915  0.6387163  -2.99342706 -1.93858499
  0.53245607  2.62914012  0.57550893  0.00389475 -0.14953154  0.01154021
 -0.31535318 -0.75184618 -0.99260355 -0.75042352 -2.30561323 -3.47637105
 -3.64710722 -3.09364199 -2.20228789 -1.13596378 -3.10772161 -3.6376442
 -2.71137241 -2.83840144]
log likelihood =  -9580.25181157
Edge derivatives =  [-0.0054674962435970476, -0.03913386468707458, 0.018332410467728606, 0.011709809679685934, -0.002491057164566768, 0.009322254035625921, -0.01892779569026115, 0.004244292101981267, 0.01057073455884594, 0.008653524940074764, -0.013576841574943238, -0.009046641447203681, -0.014750948688240069, 0.007738807592097441, -0.0005792273154240357, 0.013602104297101403, -0.001569689613520553, -0.006446494302176406, -0.016478577475609962, -0.011914346295963649]
other derivatives: [ 0.04856702  0.00945874 -0.04656613  0.01127773  0.034197   -0.0001819 ]
Current x array =  [-0.68231122 -0.78629625 -0.58584918  0.6387163  -2.99342706 -1.93858499
  0.53245607  2.62914013  0.57550893  0.00389475 -0.14953154  0.01154021
 -0.31535318 -0.75184618 -0.99260355 -0.75042352 -2.30561323 -3.47637105
 -3.64710722 -3.09364199 -2.20228789 -1.13596378 -3.10772161 -3.6376442
 -2.71137241 -2.83840144]
log likelihood =  -9580.25181157
Edge derivatives =  [-0.005467414210627852, -0.03913369657211019, 0.018332495344287936, 0.011709861393124799, -0.0024910643088886797, 0.00932223112687769, -0.018927781314276304, 0.00424430688934882, 0.010570717646943395, 0.008653528747592176, -0.013576851191414122, -0.009046653145484682, -0.014750960171906573, 0.007738808537509745, -0.0005792541766279635, 0.013602086550536296, -0.0015696929153173195, -0.006446503626961357, -0.01647859153764253, -0.011914384362115768]
other derivatives: [ 0.04365575  0.00763976 -0.05493348  0.01618901  0.03128662 -0.0003638 ]
Current x array =  [-0.68231122 -0.78629625 -0.58584919  0.6387163  -2.99342706 -1.93858499
  0.53245607  2.62914013  0.57550893  0.00389475 -0.14953154  0.01154021
 -0.31535318 -0.75184618 -0.99260355 -0.75042352 -2.30561323 -3.47637105
 -3.64710722 -3.09364199 -2.20228789 -1.13596378 -3.10772161 -3.6376442
 -2.71137241 -2.83840144]
log likelihood =  -9580.25181157
Edge derivatives =  [-0.005467389323960126, -0.0391336455702393, 0.018332521094308586, 0.011709877081516273, -0.0024910664764304924, 0.00932222417686579, -0.018927776953105102, 0.004244311375478316, 0.010570712516200231, 0.008653529902592771, -0.013576854108866207, -0.009046656694540165, -0.014750963655816716, 0.007738808824295118, -0.000579262325806823, 0.013602081166474544, -0.0015696939170546653, -0.006446506455917933, -0.016478595803791643, -0.01191439591057701]
other derivatives: [ 0.04492904  0.         -0.04201866  0.01218723  0.03274181 -0.0003638 ]
Current x array =  [-0.68231122 -0.78629625 -0.58584919  0.6387163  -2.99342706 -1.93858499
  0.53245607  2.62914013  0.57550893  0.00389475 -0.14953154  0.01154021
 -0.31535318 -0.75184618 -0.99260355 -0.75042352 -2.30561323 -3.47637105
 -3.64710722 -3.09364199 -2.20228789 -1.13596378 -3.10772161 -3.6376442
 -2.71137241 -2.83840144]
log likelihood =  -9580.25181157
Edge derivatives =  [-0.005467381634398527, -0.03913362980599922, 0.018332529050119103, 0.011709881929032662, -0.0024910671461764178, 0.009322222029540805, -0.01892777560560943, 0.004244312761671087, 0.010570710931005811, 0.008653530259547682, -0.013576855010240974, -0.009046657791090998, -0.014750964732237727, 0.007738808912926665, -0.0005792648436275527, 0.013602079503070963, -0.0015696942265230746, -0.0064465073299787914, -0.01647859712190604, -0.011914399478716281]
other derivatives: [ 0.03674359  0.00291038 -0.05456968  0.00618456  0.03165042 -0.0003638 ]
Current x array =  [-0.68231122 -0.78629625 -0.58584919  0.6387163  -2.99342707 -1.93858499
  0.53245607  2.62914013  0.57550893  0.00389475 -0.14953154  0.01154021
 -0.31535318 -0.75184618 -0.99260355 -0.75042352 -2.30561323 -3.47637105
 -3.64710722 -3.09364199 -2.20228789 -1.13596378 -3.10772161 -3.6376442
 -2.71137241 -2.83840144]
log likelihood =  -9580.25181157
Edge derivatives =  [-0.005467379577536902, -0.03913362559233133, 0.01833253117861578, 0.01170988322570865, -0.002491067325222751, 0.009322221455253077, -0.018927775245112022, 0.004244313132501953, 0.010570710507032288, 0.008653530355082928, -0.013576855251295039, -0.009046658084427613, -0.014750965020171074, 0.007738808936642694, -0.0005792655171138889, 0.013602079058150696, -0.0015696943093093663, -0.006446507563782317, -0.016478597474472986, -0.011914400433180511]
other derivatives: [ 0.04947651  0.00254659 -0.04438334  0.01036824  0.03801688  0.        ]
Current x array =  [-0.68231122 -0.78629625 -0.58584919  0.6387163  -2.99342707 -1.93858499
  0.53245607  2.62914013  0.57550893  0.00389475 -0.14953154  0.01154021
 -0.31535318 -0.75184618 -0.99260355 -0.75042352 -2.30561323 -3.47637105
 -3.64710722 -3.09364199 -2.20228789 -1.13596378 -3.10772161 -3.6376442
 -2.71137241 -2.83840144]
log likelihood =  -9580.25181157
Edge derivatives =  [-0.005467379021811047, -0.03913362444702626, 0.01833253175247139, 0.011709883576068614, -0.002491067373682432, 0.009322221300070765, -0.018927775147813852, 0.004244313232567382, 0.010570710392438176, 0.008653530380814511, -0.013576855316483005, -0.009046658163573005, -0.014750965097916045, 0.00773880894302692, -0.0005792656989770523, 0.01360207893794485, -0.0015696943316804018, -0.0064465076269154264, -0.016478597569671044, -0.01191440069086347]
other derivatives: [ 0.03565219 -0.00873115 -0.05857146  0.00381988  0.02619345 -0.0003638 ]
Current x array =  [-0.68231122 -0.78629625 -0.58584919  0.6387163  -2.99342707 -1.93858499
  0.53245607  2.62914013  0.57550893  0.00389475 -0.14953154  0.01154021
 -0.31535318 -0.75184618 -0.99260355 -0.75042352 -2.30561323 -3.47637105
 -3.64710722 -3.09364199 -2.20228789 -1.13596378 -3.10772161 -3.6376442
 -2.71137241 -2.83840144]
      fun: 9580.251811571394
 hess_inv: <26x26 LbfgsInvHessProduct with dtype=float64>
      jac: array([-0.03565219,  0.00873115,  0.05857146, -0.00381988, -0.02619345,
        0.0003638 ,  0.00546738,  0.03913362, -0.01833253, -0.01170988,
        0.00249107, -0.00932222,  0.01892778, -0.00424431, -0.01057071,
       -0.00865353,  0.01357686,  0.00904666,  0.01475097, -0.00773881,
        0.00057927, -0.01360208,  0.00156969,  0.00644651,  0.0164786 ,
        0.0119144 ])
  message: 'CONVERGENCE: REL_REDUCTION_OF_F_<=_FACTR*EPSMCH'
     nfev: 17
      nit: 1
   status: 0
  success: True
        x: array([-0.68231122, -0.78629625, -0.58584919,  0.6387163 , -2.99342707,
       -1.93858499,  0.53245607,  2.62914013,  0.57550893,  0.00389475,
       -0.14953154,  0.01154021, -0.31535318, -0.75184618, -0.99260355,
       -0.75042352, -2.30561323, -3.47637105, -3.64710722, -3.09364199,
       -2.20228789, -1.13596378, -3.10772161, -3.6376442 , -2.71137241,
       -2.83840144])
number of sites to be analyzed:  304
Successfully loaded parameter value from ./test/save/MG94_Force_AR_PR_nonclock_save.txt
log likelihood =  -9595.80249914
Edge derivatives =  [-0.0003798428583530189, -0.012586230016929628, 0.000644279334165769, -0.04078799933095334, -0.0045505938953298575, 0.004671652790980252, -0.017931892278124195, 0.015305245844414922, 0.030730896830574617, 0.02980539306458274, -0.006437094750854258, -0.017984208727982197, -0.017027113731690597, 0.016490581414616345, 0.0027934765782250265, 0.04962416084514071, -0.003694644401012123, 0.0035561961508374443, -0.00401326687867512, 5.9486634527178284e-05]
other derivatives: [-0.31741365 -0.04220055 -0.16207196  0.00582077 -0.034197    0.        ]
Current x array =  [-0.6848624  -0.79004922 -0.58441402  0.62732711 -3.03493909  0.33647224
  0.44900061  2.6768196   0.61791372  0.07074253 -0.06484755  0.09506849
 -0.26599286 -0.67380296 -0.9391711  -0.67702143 -2.24123801 -3.44570422
 -3.59981683 -3.03370757 -2.15187367 -1.08171489 -3.04991764 -3.58780646
 -2.66101584 -2.79232537]
log likelihood =  -9765.16082871
Edge derivatives =  [6.688074908682354, 16.422644297135466, 9.195302795761751, 6.683058473506453, 8.160737089272695, 7.554655606346999, 8.950040183910064, 5.617008744468418, 2.6458676876608225, 2.6008133605537265, 2.0549880050004283, 0.8470379180375558, 0.7322268358411681, 0.7216603836335704, 1.6085197369573438, -0.29626927947106885, 0.98282060358525, 0.45563999144763073, 1.5790830712862407, 0.5027566586166524]
other derivatives: [ 739.04666351   79.96623026  370.67347876   -9.08312359   65.77902241
    0.        ]
Current x array =  [-1.00227605 -0.83224977 -0.74648597  0.63314787 -3.06913609  0.33647224
  0.44862077  2.66423337  0.618558    0.02995453 -0.06939814  0.09974015
 -0.28392476 -0.65849772 -0.9084402  -0.64721603 -2.2476751  -3.46368843
 -3.61684394 -3.01721699 -2.14908019 -1.03209073 -3.05361228 -3.58425026
 -2.66502911 -2.79226588]
log likelihood =  -9595.8024789
Edge derivatives =  [0.0024527758484325646, -0.005682126707225885, 0.004665097240290822, -0.03796474317883802, -0.0014233808022701133, 0.007611068192256765, -0.014371626381070923, 0.017508486586398836, 0.031606478655013204, 0.030805066675086312, -0.005633735226659872, -0.01769090945946999, -0.01677252820888067, 0.016779679649606027, 0.003441301118753043, 0.04980580208457758, -0.003306934740545525, 0.0037411371550803707, -0.0033689439944713934, 0.00029127808061329974]
other derivatives: [ 0.06093615 -0.01382432 -0.01018634  0.0167347   0.00163709  0.        ]
Current x array =  [-0.68496769 -0.79006322 -0.58446778  0.62732904 -3.03495043  0.33647224
  0.44900049  2.67681543  0.61791393  0.070729   -0.06484906  0.09507004
 -0.26599881 -0.67379789 -0.93916091 -0.67701154 -2.24124014 -3.44571018
 -3.59982247 -3.0337021  -2.15187274 -1.08169843 -3.04991887 -3.58780528
 -2.66101717 -2.79232535]
      fun: 9595.8024789035
 hess_inv: <26x26 LbfgsInvHessProduct with dtype=float64>
      jac: array([-0.06093615,  0.01382432,  0.01018634, -0.0167347 , -0.00163709,
       -0.        , -0.00245278,  0.00568213, -0.0046651 ,  0.03796474,
        0.00142338, -0.00761107,  0.01437163, -0.01750849, -0.03160648,
       -0.03080507,  0.00563374,  0.01769091,  0.01677253, -0.01677968,
       -0.0034413 , -0.0498058 ,  0.00330693, -0.00374114,  0.00336894,
       -0.00029128])
  message: 'CONVERGENCE: REL_REDUCTION_OF_F_<=_FACTR*EPSMCH'
     nfev: 3
      nit: 1
   status: 0
  success: True
        x: array([-0.68496769, -0.79006322, -0.58446778,  0.62732904, -3.03495043,
        0.33647224,  0.44900049,  2.67681543,  0.61791393,  0.070729  ,
       -0.06484906,  0.09507004, -0.26599881, -0.67379789, -0.93916091,
       -0.67701154, -2.24124014, -3.44571018, -3.59982247, -3.0337021 ,
       -2.15187274, -1.08169843, -3.04991887, -3.58780528, -2.66101717,
       -2.79232535])
