/home3/jxiong7/IGCexpansion/IGCexpansion/CodonGeneconv.py:277: FutureWarning: comparison to `None` will result in an elementwise object comparison in the future.
  if not x == None:
number of sites to be analyzed:  338
Successfully loaded parameter value from ./test/save/MG94_AR_GR_nonclock_save.txt
log likelihood =  -10427.8834586
Edge derivatives =  [-0.013086318076720782, 0.014140267928887784, -0.011122436415729464, 0.005959369737629228, -0.006701979978054051, 0.004748379796807006, 0.03860878827229963, -0.041149940053475664, 0.02058442850521658, 0.0021403392027109502, -0.004591478626382123, -0.029180569872421784, 0.02672514654189939, -0.0013727486180289405, 0.014889715677612991, 0.012096968184006518, 0.016929671111760816, -0.020099306061735822, 0.008353165570734837, -0.002858798759388881]
other derivatives: [-0.13460522  0.00200089  0.0509317   0.05566108 -0.00145519 -0.01164153]
Current x array =  [-0.67536496 -0.79230995 -0.55425087  0.58492095 -3.05350132 -1.72680777
  0.96438787  2.50440894 -0.1152398   0.01227334 -0.03210908  0.01693981
 -0.38354552 -1.10852611 -0.66542953 -0.80894031 -2.18211777 -3.34815845
 -4.49831442 -2.78081416 -1.96353079 -1.89611622 -2.93436058 -3.62579024
 -2.46455261 -2.8344893 ]
log likelihood =  -10462.9064922
Edge derivatives =  [4.353258334004839, 2.269623498095817, 2.8485287458745465, 1.5459749711267723, 4.0878572044311525, 3.1940236271454907, 0.10815934167809593, 1.5651474277009425, 3.365201793633999, 2.4003069767571605, 1.3563450171846188, 0.6452187399644553, 0.10569989459159447, 0.45335744147743834, 0.1317550010062164, 0.13024933434004438, -0.04502841683396809, 0.5030988150045113, 0.33766969816354436, 0.37639438524049984]
other derivatives: [  4.14310671e+02   5.47097443e+00  -1.93212509e+02  -1.47652827e+01
   1.87672413e+01  -1.27147359e-01]
Current x array =  [-0.80997018 -0.79030906 -0.50331916  0.64058202 -3.05495652 -1.7384493
  0.95130155  2.51854921 -0.12636223  0.01823271 -0.03881106  0.02168819
 -0.34493673 -1.14967605 -0.64484511 -0.80679997 -2.18670925 -3.37733902
 -4.47158927 -2.78218691 -1.94864107 -1.88401925 -2.91743091 -3.64588954
 -2.45619945 -2.8373481 ]
log likelihood =  -10427.8834529
Edge derivatives =  [-0.011014381272484774, 0.015570430702167348, -0.009614157290647768, 0.006978672920431195, -0.004698118531111267, 0.006380635743115204, 0.03886053726308214, -0.040334807974052644, 0.022090607953769936, 0.0032310306476338035, -0.003960552594829966, -0.028897935624455796, 0.026760419661718715, -0.001154299413272386, 0.015023997569372782, 0.012240111976781654, 0.01694897585353243, -0.01987023100190311, 0.008551261690566768, -0.0026630573275450153]
other derivatives: [ 0.07003109  0.00709406 -0.0174623  -0.03528839  0.00545697 -0.01218723]
Current x array =  [-0.67541881 -0.79230915 -0.55423049  0.58494321 -3.05350191 -1.72681243
  0.96438264  2.5044146  -0.11524425  0.01227572 -0.03211176  0.01694171
 -0.38353007 -1.10854257 -0.6654213  -0.80893946 -2.18211961 -3.34817012
 -4.49830373 -2.78081471 -1.96352483 -1.89611138 -2.93435381 -3.62579828
 -2.46454927 -2.83449044]
      fun: 10427.88345288097
 hess_inv: <26x26 LbfgsInvHessProduct with dtype=float64>
      jac: array([-0.07003109, -0.00709406,  0.0174623 ,  0.03528839, -0.00545697,
        0.01218723,  0.01101438, -0.01557043,  0.00961416, -0.00697867,
        0.00469812, -0.00638064, -0.03886054,  0.04033481, -0.02209061,
       -0.00323103,  0.00396055,  0.02889794, -0.02676042,  0.0011543 ,
       -0.015024  , -0.01224011, -0.01694898,  0.01987023, -0.00855126,
        0.00266306])
  message: 'CONVERGENCE: REL_REDUCTION_OF_F_<=_FACTR*EPSMCH'
     nfev: 3
      nit: 1
   status: 0
  success: True
        x: array([-0.67541881, -0.79230915, -0.55423049,  0.58494321, -3.05350191,
       -1.72681243,  0.96438264,  2.5044146 , -0.11524425,  0.01227572,
       -0.03211176,  0.01694171, -0.38353007, -1.10854257, -0.6654213 ,
       -0.80893946, -2.18211961, -3.34817012, -4.49830373, -2.78081471,
       -1.96352483, -1.89611138, -2.93435381, -3.62579828, -2.46454927,
       -2.83449044])
number of sites to be analyzed:  338
Successfully loaded parameter value from ./test/save/MG94_Force_AR_GR_nonclock_save.txt
log likelihood =  -10460.1358573
Edge derivatives =  [0.0023828594801625913, -0.008150515779478562, -0.015218822209752708, -0.034908471818945186, -0.01178635834577374, -0.00897547165331336, 0.013472892691268168, 0.02553759040400108, 0.010072151622612768, 0.011448597959294288, 0.015097534678539198, -0.0163518619192208, -0.016497942645388314, -0.0017057919331867621, -0.0022297864608218365, -0.030634549445712755, -0.004779311913312781, -0.008277755269713187, 0.013788998695229995, 0.0033741395895872106]
other derivatives: [-0.12842065  0.13969839 -0.03165042  0.04656613 -0.04165486  0.        ]
Current x array =  [-0.67916133 -0.79372358 -0.55204804  0.58083884 -3.08209686  0.33647224
  0.86412346  2.55098877 -0.06677769  0.11041686  0.06262107  0.10644418
 -0.29298093 -1.07673404 -0.5776318  -0.7706969  -2.12452727 -3.27613902
 -4.46911381 -2.70725226 -1.90912796 -1.83318159 -2.86813872 -3.57771922
 -2.40313876 -2.76762814]
log likelihood =  -10512.882807
Edge derivatives =  [7.563365164186317, 15.013672044723041, 5.009774159394645, 6.012953134265512, 4.627661056933717, 3.6686180557903687, 1.0296684766218462, 0.4417238325992353, -2.2979289067606903, 1.0298547211738285, -0.6800568537273823, 0.38069588575225, 0.13979830128489304, 0.4043530936778419, 1.4269881597056737, 3.1042757072288323, 0.20361783399579775, 0.45141936469138344, -0.0028024972662513553, 0.2066429290603894]
other derivatives: [ 404.20709411 -323.66351661  106.43561836  -22.53163984   56.26225175
    0.        ]
Current x array =  [-0.80758199 -0.65402519 -0.58369846  0.62740497 -3.12375172  0.33647224
  0.86650632  2.54283826 -0.08199651  0.07550839  0.05083471  0.09746871
 -0.27950804 -1.05119645 -0.56755965 -0.7592483  -2.10942974 -3.29249088
 -4.48561175 -2.70895806 -1.91135775 -1.86381614 -2.87291803 -3.58599698
 -2.38934976 -2.764254  ]
log likelihood =  -10460.1358475
Edge derivatives =  [0.00593618237372695, -0.0011850394428688515, -0.012663361726523908, -0.031802209950802074, -0.00934542940680183, -0.006858251641672558, 0.014177217481703197, 0.02590303468375446, 0.009337725074266556, 0.011995637429247835, 0.01486350346668455, -0.016204693618712993, -0.01643253948918212, -0.0015235736998253646, -0.0015920616848091873, -0.029228661715128612, -0.0046608641596238565, -0.008087608613758374, 0.013806688218503158, 0.0034670731549856226]
other derivatives: [ 0.08058123  0.01873559  0.01109584  0.0336513  -0.02110028  0.        ]
Current x array =  [-0.67921585 -0.79366428 -0.55206148  0.58085861 -3.08211454  0.33647224
  0.86412447  2.55098531 -0.06678415  0.11040204  0.06261606  0.10644037
 -0.29297521 -1.0767232  -0.57762753 -0.77069204 -2.12452086 -3.27614596
 -4.46912081 -2.70725299 -1.90912891 -1.83319459 -2.86814075 -3.57772274
 -2.40313291 -2.76762671]
      fun: 10460.135847516192
 hess_inv: <26x26 LbfgsInvHessProduct with dtype=float64>
      jac: array([-0.08058123, -0.01873559, -0.01109584, -0.0336513 ,  0.02110028,
       -0.        , -0.00593618,  0.00118504,  0.01266336,  0.03180221,
        0.00934543,  0.00685825, -0.01417722, -0.02590303, -0.00933773,
       -0.01199564, -0.0148635 ,  0.01620469,  0.01643254,  0.00152357,
        0.00159206,  0.02922866,  0.00466086,  0.00808761, -0.01380669,
       -0.00346707])
  message: 'CONVERGENCE: REL_REDUCTION_OF_F_<=_FACTR*EPSMCH'
     nfev: 3
      nit: 1
   status: 0
  success: True
        x: array([-0.67921585, -0.79366428, -0.55206148,  0.58085861, -3.08211454,
        0.33647224,  0.86412447,  2.55098531, -0.06678415,  0.11040204,
        0.06261606,  0.10644037, -0.29297521, -1.0767232 , -0.57762753,
       -0.77069204, -2.12452086, -3.27614596, -4.46912081, -2.70725299,
       -1.90912891, -1.83319459, -2.86814075, -3.57772274, -2.40313291,
       -2.76762671])
